[39 38 37 41 42 37 29 52 41 49 59 47 39 33 33 40 31 40 46 30 39 35 42 42
 34 45 42 49 34 38 51 38 46 56 41 39 44 43 39 44 38 33 41 44 38 42 47 44
 30 33 26 52 36 36 39 36 34 46 43 37 43 30 42 35 53 37 45 38 39 47 36 30
 40 43 33 43 49 41 39 45 32 46 33 34 45 42 33 45 37 39 52 44 36 40 35 48
 48 42 31 34 42 37 38 42 31 42 37 30 33 37 39 44 30 51 44 38 48 46 22 40
 47 39 45 41 32 37 40 40 38 39 33 53 42 35 40 52 48 42 45 41 40 34 49 29
 49 35 34 51 49 37 48 37 45 38 48 39 33 37 44 51 33 26 35 40 40 30 36 36
 43 41 34 47 41 36 44 42 45 46 39 40 38 34 36 37 38 32 61 43 32 32 46 35
 34 52 52 44 40 34 44 46 40 34 46 40 33 46 43 41 46 45 40 41 54 37 40 39
 42 33 41 35 39 30 39 43 35 49 43 45 48 37 36 41 42 41 34 37 44 41 33 47
 35 49 37 40 30 37 31 41 45 48 39 34 49 37 53 45 33 45 55 37 37 44 38 48
 37 39 36 31 39 27 43 34 46 36 38 39 53 38 40 62 40 35 49 59 40 42 33 48
 39 40 44 39 39 40 33 28 40 39 36 44 49 48 43 47 32 45 38 35 43 40 32 41
 41 24 32 57 51 39 46 38 44 38 23 39 37 53 41 42 42 42 57 47 56 33 57 40
 48 43 51 41 47 41 41 38 40 38 41 51 29 38 43 44 50 38 36 31 48 46 39 32
 42 31 33 41 51 35 44 37 37 42 37 48 45 31 45 39 35 50 41 44 42 45 34 41
 44 41 53 35 38 38 39 30 37 47 43 47 39 55 50 39 34 39 46 37 52 32 42 28
 39 59 37 33 34 44 37 35 38 45 36 46 50 41 40 35 33 47 41 48 34 43 43 46
 42 35 40 49 48 41 42 49 47 39 26 43 45 42 42 35 46 38 35 34 42 30 49 39
 44 35 40 41 36 34 39 35 28 45 45 35 35 42 49 51 30 42 44 31 31 34 38 44
 45 41 38 36 41 40 39 51 33 49 31 29 40 29 42 24 38 39 50 43 37 34 43 35
 31 40 45 45 42 42 35 39 38 47 47 43 35 37 52 47 49 30 48 29 38 36 34 41
 38 45 42 40 34 41 39 36 53 48 46 41 35 44 35 34 43 33 58 44 38 44 30 41
 40 49 42 37 31 42 37 48 38 38 30 35 48 40 32 45 56 37 28 53 42 30 36 41
 40 33 48 52 38 48 39 32 38 39 45 43 38 41 31 41 42 40 52 32 35 40 37 28
 41 47 43 44 35 47 40 40 31 45 53 35 45 46 43 45 44 45 35 47 45 31 37 45
 45 44 51 31 40 45 45 41 38 39 50 43 33 40 36 41 40 44 38 44 33 46 41 18
 37 39 42 42 37 42 48 48 45 46 45 44 28 36 43 38 38 42 43 45 45 40 44 41
 26 43 62 37 44 42 47 37 53 26 42 45 42 43 32 53 53 36 41 46 40 34 41 38
 46 50 46 45 47 35 46 40 43 34 27 42 43 41 37 42 41 41 47 41 36 36 29 41
 39 44 31 42 51 43 41 39 34 47 50 37 51 38 49 31 44 48 36 40 42 41 39 42
 39 50 40 36 33 44]
90.2783870	6	1
92.1504497	6	2
136.999845	6	3
148.717164	6	4
159.393548	6	5
171.375036	6	7
183.167695	6	8
87.6395702	6	11
133.990764	6	10
127.755165	6	12
297.598361	16	9
174.259901	6	13
181.178331	6	14
158.351182	6	16
225.533008	6	15
141.935586	6	18
169.891595	6	19
171.504259	6	21
142.950773	6	22
101.645469	6	24
175.142049	6	23
108.343601	6	25
105.984926	6	26
154.967784	6	27
1089.67089	16	6
164.721965	6	29
143.094301	6	30
129.767417	6	32
156.669139	6	33
139.692783	6	35
154.592990	6	36
238.412618	6	34
136.389970	6	37
102.829456	6	38
83.5213661	6	40
99.7691154	6	41
68.8705444	6	43
106.894969	6	44
1211.81988	16	17
92.7975177	6	45
1114.74132	16	20
70.2061653	6	46
97.4276065	6	48
147.236347	6	47
128.693103	6	49
70.6145763	6	51
935.539007	16	31
610.454797	16	39
99.7655391	6	52
83.2092761	6	54
1171.04411	16	28
646.281242	16	42
92.7839279	6	57
176.022529	6	55
93.9779281	6	58
442.867994	16	50
228.135108	6	56
105.935811	6	59
120.872020	6	60
430.244445	16	53
102.350234	6	62
101.391077	6	63
84.7103595	6	65
93.7206745	6	67
170.731067	6	66
134.529352	6	69
122.430086	6	70
232.721328	6	68
120.120048	6	71
157.630681	6	73
163.842201	6	74
111.850500	6	76
86.5042209	6	77
770.491123	16	61
79.8244476	6	78
705.130577	16	64
128.386020	6	79
127.089977	6	80
137.995481	6	81
161.253690	6	82
135.417699	6	84
132.749080	6	85
122.153520	6	87
670.548439	16	75
160.229682	6	88
96.2843894	6	91
76.3165950	6	92
918.416976	16	72
227.512121	6	89
66.6084289	6	93
225.026369	6	90
88.1757736	6	96
139.581918	6	95
96.4937210	6	98
98.2880592	6	99
95.2739715	6	100
68.1903362	6	101
86.4338874	6	102
52.7703762	6	104
131.572723	6	103
1034.13391	16	83
108.620405	6	106
80.7092189	6	107
554.906368	16	97
82.5867652	6	109
118.359088	6	111
185.450553	6	110
107.169389	6	112
111.861705	6	113
105.820655	6	114
125.275611	6	115
47.3420619	6	117
1014.43386	16	94
64.7635459	6	118
1432.55925	16	86
131.950616	6	120
760.005950	16	105
110.348463	6	122
161.578178	6	121
109.569072	6	123
90.4004573	6	124
73.7071037	6	125
74.0604400	6	126
94.1705703	6	128
83.5301876	6	129
764.318466	16	116
119.271993	6	132
228.833436	6	131
189.549446	6	133
181.939363	6	134
132.440090	6	136
102.803468	6	137
215.334653	6	135
105.045318	6	139
104.702949	6	140
558.388233	16	130
101.594924	6	143
1546.10633	16	108
92.5521850	6	144
1119.94028	16	119
89.0116691	6	145
226.512193	6	142
112.499952	6	146
113.381147	6	147
186.277866	6	148
135.448455	6	150
1128.82947	16	127
156.331777	6	151
730.727195	16	138
125.316619	6	153
182.550430	6	154
189.692735	6	155
108.907699	6	157
80.9805393	6	158
111.618280	6	159
233.886241	6	156
111.546516	6	162
175.686359	6	161
102.010726	6	165
153.923511	6	166
242.796659	6	164
188.699245	6	167
183.124065	6	168
118.926525	6	170
188.030004	6	169
1343.77384	16	141
144.340753	6	172
144.196987	6	173
79.7719955	6	175
73.1151103	6	176
45.5386638	6	177
1100.01087	16	152
77.0595073	6	178
46.4258193	6	179
1331.52055	16	149
133.301973	6	180
126.783609	6	181
129.348754	6	183
126.941442	6	184
118.618011	6	186
105.270385	6	187
74.9378204	6	188
832.690000	16	171
125.512361	6	189
777.249574	16	174
87.7516269	6	192
378.843545	16	185
219.252109	6	190
1361.45591	16	163
225.475311	6	191
189.135313	6	194
1587.97764	16	160
184.194087	6	195
722.580671	16	182
243.465662	6	197
132.270097	6	200
188.277006	6	199
245.753526	6	198
162.170171	6	201
157.608270	6	202
154.711484	6	203
74.3446350	6	205
541.000604	16	196
140.169382	6	206
774.834394	16	193
263.229131	6	208
119.514465	6	212
178.424596	6	211
270.074129	6	209
279.541015	6	210
117.879867	6	214
207.932472	6	213
577.601432	16	204
118.646621	6	216
79.7522068	6	219
259.905338	6	217
117.442369	6	221
178.631544	6	220
129.810094	6	222
125.849246	6	223
105.062961	6	224
809.405803	16	207
129.225969	6	225
473.698139	16	218
175.576448	6	227
161.278963	6	228
94.5465564	6	230
737.025737	16	215
91.0964012	6	231
88.2036685	6	232
88.0372524	6	233
131.212234	6	234
100.206375	6	235
94.9935913	6	236
111.748218	6	238
145.175933	6	239
678.445816	16	226
603.221416	16	229
91.3693904	6	242
150.328874	6	241
137.704133	6	244
203.202486	6	243
154.254913	6	245
210.108280	6	246
211.594820	6	247
166.789531	6	249
157.416105	6	250
105.659484	6	253
162.511587	6	252
804.338932	16	237
126.050472	6	254
745.717287	16	240
158.737421	6	255
128.578901	6	256
113.107919	6	257
147.251129	6	258
104.192733	6	260
120.845794	6	261
128.296375	6	263
131.632089	6	264
111.244201	6	265
851.249217	16	248
195.301771	6	266
129.978656	6	268
125.696420	6	269
208.928346	6	267
81.5236568	6	271
945.358037	16	251
109.152555	6	272
61.4497661	6	274
156.033277	6	275
127.380132	6	276
88.3238315	6	277
95.7911014	6	278
765.984535	16	262
101.178169	6	279
101.652860	6	280
984.735012	16	259
190.642118	6	282
154.932737	6	283
130.500793	6	285
117.469549	6	286
136.488199	6	287
108.240842	6	288
90.5156135	6	290
89.3898010	6	291
208.456754	6	289
72.5998878	6	294
1056.14328	16	270
141.060113	6	293
78.4838199	6	297
141.775608	6	296
733.845949	16	284
173.632621	6	298
875.413417	16	281
141.987085	6	300
114.768981	6	301
229.766130	6	299
425.655364	16	295
164.047002	6	302
210.847854	6	304
201.259851	6	305
91.0658836	6	309
179.631948	6	307
114.998102	6	310
215.083599	6	308
1684.21387	16	273
149.715423	6	311
938.337802	16	292
91.2899971	6	313
141.924381	6	312
222.982406	6	315
219.927787	6	316
142.523527	6	318
106.726169	6	319
124.295711	6	320
110.854148	6	321
121.357202	6	322
154.187202	6	323
866.264104	16	306
153.270006	6	324
185.147762	6	326
183.447122	6	327
143.379449	6	329
758.121967	16	314
156.661272	6	330
119.561910	6	331
119.146347	6	333
166.684627	6	332
838.796377	16	317
1435.57643	16	303
246.195793	6	334
216.098546	6	335
195.102214	6	338
122.428417	6	340
105.694532	6	341
303.131580	6	337
105.832338	6	342
157.261610	6	343
143.862247	6	344
113.463401	6	345
500.925064	16	336
108.363866	6	346
123.151063	6	348
96.2581634	6	349
108.568906	6	351
153.996706	6	352
713.761806	16	339
180.840969	6	353
1349.24983	16	325
183.966398	6	354
158.418893	6	355
156.440734	6	356
1334.52367	16	328
205.679893	6	357
147.953987	6	360
189.812660	6	359
140.243053	6	362
647.654056	16	350
116.592884	6	364
162.004232	6	363
848.893404	16	347
162.882089	6	365
158.120632	6	367
203.533887	6	366
77.4972438	6	370
159.942388	6	368
80.9268951	6	371
110.504627	6	373
104.574680	6	374
104.862213	6	375
185.012578	6	376
186.660289	6	377
125.202894	6	379
178.111076	6	378
893.702983	16	361
594.274044	16	369
1090.98672	16	358
226.765155	6	381
188.670635	6	382
87.6297950	6	385
152.299404	6	384
176.186561	6	386
146.462202	6	387
763.726472	16	372
85.0825309	6	389
93.7664508	6	390
210.685491	6	388
136.750698	6	392
125.398874	6	393
50.5850315	6	396
123.407125	6	395
55.3884506	6	397
91.5119647	6	398
78.0470371	6	399
98.2403755	6	400
77.8315067	6	401
102.366685	6	403
599.187612	16	391
121.582508	6	404
96.1480140	6	406
675.875663	16	394
144.977092	6	407
152.534246	6	408
136.740684	6	409
102.822780	6	411
1268.73230	16	383
92.8940773	6	412
184.455633	6	410
1488.74521	16	380
125.456809	6	415
170.511007	6	414
734.762430	16	402
148.750066	6	417
123.402357	6	418
156.590461	6	419
125.674009	6	420
766.870021	16	405
111.385822	6	421
111.736059	6	422
93.6892032	6	423
115.038394	6	425
98.3211994	6	426
79.4286727	6	428
82.4229717	6	430
123.132705	6	429
78.0258178	6	431
110.940933	6	432
113.268852	6	433
443.070411	16	427
62.5772476	6	437
118.769884	6	436
212.867736	6	434
947.755575	16	416
91.2597179	6	440
1195.84202	16	413
756.702661	16	424
87.7962112	6	442
214.715242	6	439
86.9493484	6	444
166.849136	6	443
87.9697799	6	445
258.624792	6	441
110.694885	6	447
190.731525	6	450
300.893783	6	448
201.721906	6	451
197.286367	6	452
171.699285	6	453
819.204568	16	438
199.239253	6	454
169.732570	6	455
134.736537	6	456
560.647487	16	446
91.8083190	6	458
107.359409	6	459
83.7249755	6	461
109.037637	6	462
74.0022659	6	463
84.7029685	6	464
87.5201225	6	465
136.457443	6	466
1408.54978	16	435
112.926959	6	467
603.345632	16	457
111.878156	6	469
87.4710083	6	470
88.1128311	6	472
146.703720	6	473
76.5097141	6	475
72.2923278	6	476
741.285800	16	460
78.9332389	6	477
1238.01040	16	449
240.584611	6	474
91.8173789	6	478
76.4508247	6	480
117.832183	6	481
651.927947	16	468
100.979089	6	483
96.3823795	6	484
85.7231616	6	485
76.9257545	6	486
448.390483	16	479
87.3820781	6	488
141.258001	6	487
802.764177	16	471
169.794797	6	489
159.493923	6	491
590.828418	16	482
189.085245	6	492
121.696949	6	494
92.0283794	6	495
92.9000377	6	496
90.7914638	6	497
94.5239067	6	498
53.2205104	6	502
147.123575	6	500
195.869207	6	499
165.060281	6	503
124.400377	6	505
305.103302	16	501
135.079622	6	506
117.161512	6	507
701.246500	16	493
116.739273	6	508
173.076152	6	509
107.273340	6	511
168.508768	6	510
146.502256	6	514
187.049388	6	513
81.6996097	6	516
76.8969058	6	517
1241.87397	16	490
68.7191486	6	519
121.217250	6	518
104.348421	6	520
799.220323	16	504
164.008140	6	521
145.318746	6	522
154.245376	6	524
138.406038	6	525
117.394447	6	527
117.635011	6	528
169.178962	6	529
244.092226	6	530
241.335391	6	531
921.288967	16	515
233.770132	6	532
101.329565	6	536
232.545852	6	533
187.843561	6	535
97.1841812	6	538
608.156204	16	526
1204.16998	16	512
117.938041	6	540
176.789760	6	539
113.936424	6	541
147.839069	6	542
132.362127	6	543
85.7295989	6	546
185.354948	6	544
1061.96212	16	523
103.320121	6	547
683.236598	16	534
601.197719	16	537
135.329723	6	549
133.572101	6	550
111.869335	6	551
86.6148471	6	552
149.108171	6	553
155.963420	6	554
164.786577	6	555
148.812055	6	557
154.157638	6	558
140.128374	6	561
109.016656	6	562
112.717151	6	563
80.4128646	6	564
262.172460	6	560
770.496368	16	548
108.939647	6	566
548.278570	16	556
212.884426	6	565
107.947826	6	569
1161.69714	16	545
74.9959945	6	572
247.351169	6	568
129.991769	6	571
88.5398387	6	573
85.5844020	6	574
120.401620	6	575
102.003574	6	576
404.356956	16	570
120.883703	6	577
82.0927619	6	579
651.018381	16	567
75.3467082	6	582
178.178310	6	580
59.8790645	6	583
71.4917182	6	584
63.3480548	6	586
120.519399	6	585
110.702991	6	587
129.229068	6	588
118.895292	6	590
145.555734	6	591
190.351963	6	593
156.454801	6	594
1619.34709	16	559
202.981710	6	595
920.850992	16	578
212.251186	6	596
218.468666	6	597
195.577144	6	598
195.822715	6	599
142.176866	6	601
143.850326	6	602
1030.29489	16	581
140.324592	6	604
662.889480	16	592
798.835039	16	589
198.033094	6	605
177.325487	6	606
137.960672	6	608
202.703714	6	607
123.007059	6	609
117.857933	6	610
133.247137	6	612
131.740093	6	613
119.184732	6	615
119.269609	6	617
193.250894	6	616
115.844964	6	618
115.936517	6	619
121.828317	6	620
1031.95071	16	600
98.4210968	6	623
195.655584	6	621
83.5528373	6	624
674.936056	16	611
1067.86108	16	603
164.423227	6	626
110.433816	6	628
161.231994	6	627
132.462978	6	629
131.844043	6	631
93.1351184	6	632
192.979097	6	630
111.136674	6	634
618.261814	16	622
106.675624	6	635
164.306640	6	637
103.758811	6	641
1202.61216	16	614
235.293388	6	638
223.196268	6	639
122.195005	6	642
225.735902	6	640
169.246435	6	643
127.839326	6	646
175.529003	6	645
104.305744	6	648
819.522857	16	633
113.917589	6	651
202.835798	6	649
1190.24419	16	625
60.8615875	6	653
194.698095	6	650
134.360790	6	652
70.3985691	6	654
69.6427822	6	656
86.3001346	6	657
149.539232	6	659
1106.36115	16	636
682.219743	16	647
163.743972	6	660
149.603128	6	661
126.975059	6	662
427.685976	16	655
113.883733	6	664
122.484922	6	665
211.682796	6	663
112.906455	6	667
169.296026	6	668
113.209724	6	670
124.667644	6	671
74.7575759	6	673
686.140298	16	658
119.901895	6	672
161.008596	6	674
76.0190486	6	678
1462.93687	16	644
248.959064	6	675
101.151704	6	679
250.936746	6	676
62.6301765	6	681
773.276567	16	666
185.157537	6	682
719.441890	16	669
157.707929	6	683
128.067731	6	684
187.608480	6	686
162.741422	6	687
578.216075	16	677
267.345905	6	685
155.177116	6	689
197.215318	6	690
184.242725	6	692
228.993177	6	693
154.976129	6	695
222.635746	6	694
164.861917	6	696
181.877374	6	697
150.991916	6	698
660.533666	16	688
124.841928	6	703
233.110427	6	701
1135.16688	16	680
129.208564	6	705
183.793306	6	704
128.537178	6	706
379.515409	6	700
110.897541	6	708
125.429153	6	709
224.437952	6	707
224.046707	6	711
117.473602	6	714
232.649087	6	712
128.993272	6	716
172.264575	6	715
123.148679	6	717
106.137990	6	718
452.916145	16	710
82.0522308	6	720
946.768522	16	699
137.004852	6	719
110.995769	6	722
111.384153	6	723
1462.74685	16	691
91.5739536	6	725
678.469657	16	713
232.092142	6	726
208.526134	6	727
100.681543	6	730
158.156394	6	729
132.675647	6	731
260.832071	6	728
1330.26289	16	702
145.827293	6	733
160.979032	6	734
122.570753	6	736
105.640888	6	737
765.247583	16	721
93.6543941	6	738
149.170160	6	739
122.413635	6	740
140.343904	6	741
58.9275360	6	744
160.635948	6	742
60.3718757	6	745
91.7963981	6	747
88.6158943	6	748
100.568056	6	749
685.220718	16	735
85.9739780	6	750
1196.73395	16	724
486.796140	16	743
761.969089	16	746
1552.07228	16	732
avg:  270.469464302063
std:  314.9213652012642
p95:  1059.343647956848
p99:  1449.4333529472349
com:  23.8590404931497
thg:  1192.9520246574848
FCT:  31.434625387191772
que:  179.2239751815796
los:  0.0
614 136
**********************
