[17 25 24 ... 16 21 20]
89.2841815	6	1
147.090196	6	3
59.9739551	6	9
162.251472	6	4
173.612117	6	5
95.9193706	6	11
202.706813	6	6
190.878391	6	7
206.778287	6	8
146.474599	6	12
204.703092	6	14
177.133798	6	16
159.722805	6	18
467.667579	16	2
254.782915	6	15
218.436479	6	17
201.808214	6	19
201.400756	6	20
167.680978	6	22
122.803449	6	25
124.656915	6	26
198.786735	6	23
190.470457	6	27
160.575151	6	30
206.580400	6	28
198.031187	6	29
161.257743	6	31
182.773113	6	33
109.293460	6	38
110.995292	6	39
171.060562	6	36
152.613878	6	37
98.3805656	6	40
121.401548	6	41
264.323472	6	34
117.072343	6	42
97.4843502	6	45
126.386880	6	44
105.998039	6	48
80.0025463	6	50
84.2347145	6	51
162.510871	6	47
874.223232	16	10
612.169742	16	24
144.727230	6	49
81.6507339	6	53
118.174552	6	52
96.0118770	6	58
115.576982	6	59
199.456214	6	55
437.818765	16	43
145.059585	6	60
125.587224	6	62
144.993305	6	61
428.615093	16	46
240.829229	6	56
122.947931	6	63
122.185230	6	64
1104.38609	16	13
105.893611	6	67
193.518400	6	66
847.441196	16	32
149.078130	6	69
132.247447	6	70
127.798795	6	71
1121.36149	16	21
161.265850	6	72
875.987529	16	35
124.387741	6	75
92.1089649	6	77
85.8364105	6	78
185.337781	6	73
571.558237	16	54
195.562601	6	74
144.215822	6	80
593.846321	16	57
152.686834	6	81
188.570976	6	82
157.636642	6	84
177.806377	6	83
157.028913	6	85
554.022312	16	65
77.5787830	6	92
106.057882	6	91
75.8457183	6	93
185.129404	6	88
254.342317	6	86
106.689453	6	96
248.976230	6	89
101.191282	6	97
178.633213	6	94
169.351339	6	95
112.069606	6	99
110.875129	6	100
55.8269023	6	104
100.285768	6	102
146.555423	6	103
128.475904	6	105
91.7999744	6	107
124.985456	6	106
709.629297	16	76
128.711700	6	111
121.331214	6	113
56.7355155	6	117
127.074241	6	114
209.428071	6	110
75.8645534	6	118
263.719081	6	108
144.730806	6	115
830.081939	16	79
130.466938	6	116
441.294908	16	101
113.886594	6	122
94.8543548	6	124
198.031663	6	119
85.4854583	6	125
174.339532	6	121
84.4781398	6	126
824.830293	16	87
87.5623226	6	129
108.701705	6	128
681.949615	16	98
91.1605358	6	130
182.977676	6	127
132.002592	6	132
604.922771	16	109
110.164403	6	137
139.434099	6	136
202.196836	6	133
128.923416	6	138
124.223947	6	139
125.591993	6	140
236.535787	6	135
685.495615	16	112
112.182378	6	143
94.3148136	6	144
1538.58470	16	68
125.713109	6	146
235.012531	6	141
126.468658	6	147
158.288478	6	150
222.096443	6	148
701.413393	16	123
218.327283	6	149
183.928728	6	151
194.756746	6	152
91.4456844	6	158
121.802330	6	157
208.258867	6	154
857.796192	16	120
128.253698	6	159
214.405536	6	155
1489.65549	16	90
131.228685	6	162
120.905160	6	165
205.081701	6	161
548.557043	16	145
275.707483	6	160
172.405958	6	166
235.292673	6	163
135.863065	6	170
146.891593	6	171
210.249662	6	168
51.7559051	6	177
214.334726	6	169
88.4842872	6	176
174.030780	6	172
142.626285	6	174
47.7442741	6	179
178.066015	6	173
151.475906	6	180
124.028205	6	182
143.799066	6	181
71.6934204	6	185
145.335197	6	183
144.018173	6	184
75.6716728	6	188
1103.93404	16	134
120.694875	6	187
815.037012	16	153
96.6737270	6	192
134.051561	6	193
101.792097	6	196
507.761240	16	175
253.247737	6	190
250.403881	6	191
214.365005	6	194
215.819835	6	195
547.853946	16	178
86.8756771	6	205
110.359430	6	204
216.145277	6	199
184.276819	6	201
179.275989	6	202
270.814180	6	198
179.902791	6	203
145.524501	6	207
167.650938	6	206
117.018461	6	212
125.797510	6	214
135.493278	6	215
92.0584201	6	218
140.789985	6	216
224.400043	6	213
303.575515	6	209
1779.31523	16	131
1582.11803	16	142
300.258398	6	210
131.591796	6	221
832.152843	16	186
117.886781	6	224
138.760805	6	223
206.127405	6	220
1233.72387	16	167
125.414609	6	226
156.292676	6	225
315.724372	6	217
108.916997	6	229
883.899927	16	189
101.550102	6	231
99.2653369	6	232
185.724020	6	228
208.580970	6	227
775.020599	16	200
117.491006	6	235
147.669553	6	234
1623.17347	16	156
112.993717	6	236
140.181064	6	237
486.045837	16	219
133.089303	6	238
132.662296	6	240
96.8635082	6	242
269.098281	6	239
263.817548	6	243
1755.82122	16	164
226.600408	6	245
209.587812	6	246
208.930253	6	247
613.413095	16	230
580.172300	16	233
143.005609	6	248
836.298465	16	222
173.821210	6	249
170.697450	6	250
116.154670	6	253
163.230419	6	251
145.601034	6	254
140.595436	6	256
128.577709	6	257
116.084575	6	260
172.163963	6	258
171.817541	6	259
1248.58784	16	211
137.683868	6	261
137.548685	6	262
124.132394	6	265
151.808977	6	264
1608.31117	16	197
139.259815	6	268
92.6129817	6	271
133.115053	6	269
229.668855	6	267
137.758970	6	272
181.597948	6	270
111.420154	6	278
153.403520	6	276
984.492778	16	241
190.795660	6	275
120.100498	6	279
119.488716	6	280
990.768671	16	244
298.932790	6	273
162.092685	6	281
126.356601	6	284
182.060003	6	283
132.887601	6	286
227.670431	6	282
150.782585	6	287
1818.17460	16	208
404.509782	16	274
104.391098	6	290
106.617927	6	291
86.5423679	6	294
77.3396492	6	295
165.974140	6	292
163.851976	6	293
240.457773	6	289
93.4815406	6	297
548.595428	16	277
116.215705	6	301
190.918207	6	298
153.676033	6	300
1071.81930	16	252
895.993709	16	263
1054.22711	16	255
185.423851	6	302
100.103139	6	309
161.431550	6	306
257.911443	6	303
233.605861	6	305
256.775140	6	304
113.888502	6	313
174.958705	6	311
163.613319	6	312
245.029211	6	308
144.894599	6	314
150.684595	6	317
117.541313	6	319
139.100313	6	320
761.013269	16	288
269.527673	6	315
138.589382	6	322
851.710796	16	285
264.519691	6	316
182.124614	6	323
181.902170	6	324
1296.11587	16	266
223.816156	6	326
248.877525	6	325
141.438961	6	331
221.846580	6	327
178.125381	6	330
141.333818	6	333
241.670370	6	328
98.2306003	6	336
129.649162	6	339
113.568544	6	341
252.607583	6	335
120.955228	6	342
1004.74262	16	296
298.177480	6	334
224.044084	6	338
754.770040	16	310
135.980844	6	345
124.262809	6	346
170.501708	6	344
115.347385	6	349
154.572010	6	347
360.820531	6	337
115.581750	6	350
158.174991	6	348
705.016613	16	321
179.393291	6	352
202.105760	6	353
172.122955	6	355
171.684265	6	356
918.049573	16	318
198.176860	6	358
174.182415	6	360
240.025997	6	357
169.325113	6	361
128.459692	6	364
1208.40740	16	307
228.187322	6	359
185.966253	6	363
104.888439	6	369
87.1422290	6	370
1455.54804	16	299
96.5585708	6	371
182.713508	6	367
182.611465	6	368
231.403827	6	366
132.568120	6	372
742.009162	16	340
117.880821	6	374
112.937688	6	375
997.354984	16	329
132.480859	6	379
209.834575	6	377
199.172019	6	378
95.2386856	6	385
1101.81617	16	332
764.711856	16	351
259.870767	6	380
227.514028	6	382
96.6589450	6	389
261.243581	6	381
234.667778	6	383
108.173608	6	390
109.705448	6	391
207.437753	6	386
1039.16573	16	343
57.1520328	6	396
56.1320781	6	397
119.413137	6	394
243.939399	6	388
168.213844	6	392
153.676509	6	393
82.7171802	6	399
77.6817798	6	401
108.056545	6	400
123.739480	6	402
115.072727	6	403
140.895128	6	404
939.774274	16	362
130.778789	6	405
757.906675	16	373
165.306329	6	407
169.894218	6	408
114.271879	6	411
108.071088	6	412
1211.71689	16	354
207.792997	6	410
1074.14627	16	365
148.867845	6	415
215.111970	6	413
169.023752	6	416
207.936048	6	414
141.621828	6	418
123.394012	6	421
174.751281	6	419
127.571821	6	422
117.065906	6	423
131.499528	6	424
81.4659595	6	427
638.953685	16	398
129.693031	6	425
110.581636	6	426
82.6356410	6	430
961.761951	16	384
132.823705	6	429
962.790966	16	387
823.899507	16	395
121.167421	6	432
129.294395	6	433
662.771463	16	406
74.9244689	6	437
127.916336	6	436
1281.04925	16	376
101.918697	6	440
144.057273	6	438
246.133327	6	434
248.162746	6	435
93.4443473	6	444
100.000619	6	445
101.273775	6	446
178.543090	6	443
132.470846	6	447
283.722162	6	441
542.195320	16	428
502.405881	16	431
935.774087	16	409
205.621957	6	449
780.061483	16	420
218.038797	6	451
212.258815	6	452
120.175123	6	457
115.085601	6	458
154.888629	6	456
199.043989	6	455
223.806619	6	454
136.644840	6	459
358.340263	6	448
132.863759	6	460
83.9948654	6	463
137.015342	6	462
995.064496	16	417
99.0962982	6	465
537.630081	16	442
130.198478	6	467
112.290620	6	468
153.594255	6	466
103.396177	6	470
129.515886	6	469
134.989023	6	471
72.7157592	6	476
165.141582	6	473
89.7502899	6	477
106.258153	6	478
87.3279571	6	479
86.4777565	6	480
106.014490	6	482
262.863397	6	474
135.018348	6	481
106.877088	6	484
550.491571	16	461
97.9268550	6	485
520.814657	16	464
93.3129787	6	488
159.744262	6	487
198.020458	6	489
468.456268	16	475
130.158901	6	493
108.301877	6	495
185.699939	6	491
212.579488	6	490
107.892274	6	496
590.768814	16	472
219.882011	6	492
108.351469	6	498
54.3227195	6	501
53.5480976	6	502
1013.55171	16	453
165.555715	6	500
457.341432	16	486
136.019945	6	504
232.095956	6	499
193.367004	6	503
131.565809	6	507
154.291868	6	506
1457.73673	16	439
122.555732	6	511
1291.39328	16	450
677.671432	16	483
202.615976	6	509
191.839694	6	510
89.3449783	6	517
175.249338	6	514
214.154481	6	512
166.604757	6	515
223.213911	6	513
144.350290	6	518
118.016004	6	520
617.938518	16	497
187.985420	6	521
171.321868	6	522
110.279321	6	526
189.369440	6	523
174.709081	6	524
161.075353	6	525
759.283304	16	494
136.335372	6	528
198.879718	6	529
123.340845	6	534
109.760284	6	536
489.431381	16	516
439.967393	16	519
116.621971	6	537
272.985696	6	531
257.814168	6	532
722.827434	16	508
213.048934	6	535
254.819631	6	533
132.278442	6	540
829.807281	16	505
212.654829	6	539
167.275905	6	542
94.6016311	6	546
157.820701	6	543
119.795322	6	547
215.568780	6	544
141.089916	6	548
212.679386	6	545
124.289512	6	551
153.809785	6	550
95.1633453	6	556
169.745206	6	553
182.374954	6	554
187.568902	6	555
179.816007	6	557
176.193714	6	558
765.362739	16	527
123.106718	6	562
89.2157554	6	564
161.234378	6	561
639.194011	16	538
124.919891	6	566
115.602731	6	567
75.6332874	6	570
299.786329	6	559
115.537405	6	569
81.8264484	6	572
686.588764	16	541
99.2662906	6	573
250.999212	6	565
550.549030	16	552
119.597911	6	576
139.571189	6	575
276.771545	6	568
100.435256	6	579
147.355318	6	577
63.9426708	6	583
161.157608	6	578
83.4300518	6	584
67.0723915	6	586
180.108070	6	581
204.520702	6	580
129.138469	6	587
133.669376	6	589
153.380155	6	588
139.625072	6	590
116.504907	6	592
951.118946	16	549
173.955917	6	591
712.049961	16	563
171.516895	6	594
567.945003	16	574
226.687908	6	595
479.408740	16	582
163.978815	6	601
225.075244	6	598
244.089126	6	597
193.017959	6	600
222.852945	6	599
172.072887	6	602
202.409982	6	603
153.937816	6	608
861.026287	16	571
1634.24134	16	530
145.959615	6	609
131.286621	6	610
210.902452	6	606
120.585441	6	611
238.497018	6	605
161.580324	6	612
162.502765	6	613
130.385875	6	617
213.145494	6	614
131.372213	6	619
143.101215	6	620
218.505144	6	616
813.541173	16	585
112.212896	6	622
95.8592891	6	624
117.570877	6	623
232.233285	6	621
117.671728	6	628
209.504365	6	625
179.743289	6	627
104.869604	6	632
155.579566	6	631
133.088827	6	634
152.627706	6	633
216.713190	6	630
131.018400	6	635
193.740129	6	636
110.462427	6	641
129.686355	6	642
242.489099	6	639
268.106698	6	638
915.025472	16	604
193.077564	6	643
123.911619	6	647
155.627727	6	646
717.420101	16	618
214.512586	6	645
66.0846233	6	653
264.234542	6	644
79.2970657	6	654
828.052043	16	615
140.987873	6	652
83.9707851	6	655
1269.96612	16	593
82.9141139	6	656
236.151218	6	649
221.626758	6	650
102.410316	6	657
117.021083	6	658
1989.18724	16	560
1381.37555	16	596
170.917749	6	660
155.547380	6	661
129.208087	6	664
139.144182	6	665
143.707752	6	666
128.703594	6	667
126.735687	6	669
242.078065	6	663
889.881849	16	629
1316.78771	16	607
145.973920	6	671
205.442905	6	668
131.163835	6	672
88.3357524	6	678
110.023498	6	677
671.326160	16	648
181.801319	6	674
111.483335	6	679
1149.98197	16	626
293.642282	6	675
205.464363	6	680
286.276578	6	676
766.630411	16	651
175.302267	6	683
222.713232	6	682
128.247261	6	688
190.090417	6	687
461.658716	16	673
222.346782	6	686
1160.80355	16	637
179.761409	6	689
365.643739	16	681
310.073852	6	685
238.734483	6	690
796.158790	16	662
265.259742	6	691
189.450740	6	696
263.617992	6	693
249.164581	6	694
178.270101	6	698
216.787576	6	697
182.208538	6	699
798.999786	16	670
1028.40900	16	659
171.078205	6	705
126.224279	6	708
88.8726711	6	710
259.082078	6	702
221.775293	6	704
299.839735	6	701
151.424169	6	709
140.505313	6	713
260.235071	6	707
141.022682	6	716
123.451948	6	718
774.792194	16	684
189.949989	6	715
1617.64240	16	640
276.092529	6	711
300.462245	6	712
168.126344	6	719
144.272804	6	721
545.551061	6	700
138.323307	6	722
133.732557	6	723
193.484306	6	720
209.700345	6	724
106.383800	6	730
165.360212	6	729
148.791313	6	731
230.736732	6	727
270.769119	6	726
130.306720	6	735
181.989669	6	733
105.802774	6	738
126.951456	6	737
775.344371	16	703
192.874670	6	734
954.580307	16	695
747.922420	16	706
286.908388	6	732
81.3314914	6	743
63.1332397	6	744
140.738248	6	740
66.2226676	6	745
156.772851	6	741
175.601720	6	742
129.556417	6	746
92.4007892	6	748
738.932132	16	714
103.911161	6	749
1208.26625	16	692
108.353137	6	751
603.340625	16	725
111.019611	6	753
798.333883	16	717
113.797426	6	754
241.595506	6	756
185.770988	6	759
167.326450	6	760
317.258834	6	752
260.737895	6	755
223.569393	6	757
274.909734	6	762
133.442878	6	764
837.217330	16	736
574.806690	16	750
239.012718	6	763
203.691482	6	765
655.371189	16	747
158.772945	6	768
198.428630	6	766
104.051113	6	773
223.408937	6	767
241.979360	6	770
236.797332	6	771
160.948753	6	775
144.910097	6	776
983.816623	16	739
162.628650	6	777
83.9729309	6	782
149.506092	6	779
245.384454	6	774
161.842346	6	781
146.676778	6	784
141.009569	6	785
278.101205	6	778
135.645627	6	788
136.582136	6	789
196.163177	6	786
195.389270	6	787
89.0562534	6	793
151.017904	6	790
117.188453	6	792
864.920616	16	761
100.744724	6	796
561.359167	16	772
89.5543098	6	797
127.971887	6	795
116.571426	6	798
77.6522159	6	801
124.940395	6	799
137.402534	6	803
1674.46398	16	728
134.451150	6	804
72.8838443	6	809
249.061107	6	800
142.700910	6	806
107.242584	6	808
1171.12970	16	758
649.352073	16	780
96.5719223	6	810
168.135643	6	807
74.1217136	6	812
110.607862	6	814
72.1247196	6	817
66.4741992	6	818
240.123271	6	811
191.869497	6	815
117.980718	6	819
122.077465	6	820
676.335811	16	794
166.383743	6	821
114.208221	6	825
226.493120	6	822
164.093017	6	826
230.803966	6	823
121.503829	6	829
998.892068	16	783
146.943092	6	828
854.154825	16	791
119.964122	6	831
104.324817	6	834
192.317485	6	830
522.887945	16	813
160.404682	6	833
179.809331	6	832
162.679910	6	836
170.330047	6	837
439.072608	16	824
1489.36009	16	769
874.363422	16	802
70.5778598	6	845
169.053077	6	840
168.759822	6	841
268.093109	6	839
106.577873	6	848
937.766075	16	805
526.636123	16	827
58.9859485	6	852
170.819997	6	847
115.471363	6	850
85.5693817	6	853
130.591630	6	851
301.628589	6	842
283.751010	6	843
267.075538	6	844
800.472974	16	816
86.0586166	6	854
404.825210	16	838
79.6175003	6	856
85.0894451	6	858
88.9639854	6	859
543.059110	16	835
172.076225	6	855
125.054121	6	861
138.412237	6	862
129.266500	6	863
108.193159	6	865
94.4654941	6	866
133.252859	6	864
118.908643	6	867
69.9355602	6	870
564.875841	16	846
170.208215	6	869
131.854295	6	874
182.406425	6	873
154.377460	6	875
503.109931	16	857
177.694320	6	877
302.077770	6	872
226.962089	6	876
172.165393	6	880
105.987548	6	884
136.418819	6	883
376.978158	16	871
234.344720	6	881
311.727285	6	878
212.098836	6	885
202.365398	6	886
187.664747	6	887
162.913560	6	889
168.068408	6	891
356.627941	16	882
145.178079	6	894
126.505613	6	895
122.472524	6	896
676.727533	16	868
234.075784	6	892
314.731359	6	888
162.259340	6	897
145.029544	6	899
185.153484	6	898
151.571273	6	900
930.164098	16	860
187.547683	6	902
134.890317	6	905
179.765224	6	903
124.497890	6	906
98.9158153	6	909
138.934612	6	908
109.466552	6	913
88.8919830	6	916
277.321338	6	907
809.210300	16	879
232.169389	6	910
214.734077	6	911
1401.94606	16	849
595.522880	16	893
256.834506	6	914
131.964683	6	921
138.002157	6	922
100.661993	6	924
86.8539810	6	925
237.765789	6	919
287.272930	6	917
102.681636	6	928
294.876337	6	918
139.230489	6	927
596.244573	16	904
87.4011516	6	933
349.890708	6	920
165.755987	6	931
177.812814	6	932
230.061769	6	930
263.950824	6	929
137.090682	6	936
91.1891460	6	940
117.416858	6	939
1082.46231	16	890
269.769191	6	935
706.198453	16	912
231.667280	6	938
177.051544	6	942
169.072151	6	944
195.183753	6	943
92.4992561	6	949
167.062044	6	946
268.707275	6	941
90.0888442	6	951
82.0569992	6	952
181.296110	6	947
671.351432	16	923
138.555765	6	953
211.129903	6	950
136.544227	6	954
711.431026	16	926
155.299186	6	957
143.574714	6	958
217.557668	6	955
131.488800	6	960
114.304780	6	962
1014.17231	16	915
164.610862	6	961
143.323183	6	963
191.092014	6	964
159.713029	6	966
135.225296	6	968
1410.06517	16	901
124.393701	6	969
207.730770	6	965
177.428722	6	971
180.791139	6	972
195.920228	6	974
722.409963	16	948
208.656787	6	976
199.233293	6	977
295.480489	6	973
123.764753	6	983
1059.80610	16	934
225.202560	6	979
132.847785	6	984
241.874217	6	980
362.905025	6	975
238.529443	6	982
145.066261	6	987
185.621976	6	985
140.838623	6	988
704.703330	16	959
514.888525	16	970
108.304738	6	994
172.297477	6	991
1045.22848	16	945
165.494680	6	993
224.042654	6	990
300.766229	6	986
419.302701	16	981
143.239974	6	996
103.947162	6	999
197.506427	6	995
94.6257114	6	1001
189.182996	6	998
115.827560	6	1002
217.009305	6	997
806.815147	16	967
110.261201	6	1006
152.966499	6	1004
1074.66578	16	956
161.337375	6	1005
71.1278915	6	1010
313.044071	16	1000
161.585569	6	1009
550.775289	16	989
189.012289	6	1008
141.033887	6	1012
792.557477	16	978
135.583400	6	1013
263.158798	6	1007
109.042644	6	1016
574.439048	16	992
101.252079	6	1017
131.037950	6	1018
187.386512	6	1015
148.791551	6	1020
124.753475	6	1023
504.631996	16	1003
184.282541	6	1021
136.543512	6	1024
127.265930	6	1026
425.648450	16	1011
297.397136	6	1019
153.439998	6	1029
135.154008	6	1032
174.716472	6	1031
73.6083984	6	1037
509.873628	16	1014
273.747444	6	1027
65.5837059	6	1038
263.678073	6	1028
140.288591	6	1035
2015.56563	16	937
260.664463	6	1030
228.089332	6	1034
101.423740	6	1041
145.001888	6	1040
82.4468135	6	1045
183.904170	6	1042
119.453907	6	1046
269.564390	6	1039
218.838453	6	1043
128.911972	6	1048
86.5736007	6	1051
119.716882	6	1050
90.9461975	6	1052
150.685787	6	1049
83.2653045	6	1053
107.026576	6	1056
744.629383	16	1025
151.946544	6	1059
858.609437	16	1022
300.201177	6	1054
245.775699	6	1057
168.501853	6	1062
161.960601	6	1063
231.919765	6	1060
751.324415	16	1033
247.823476	6	1061
115.830659	6	1068
195.901155	6	1065
183.082342	6	1067
143.745660	6	1070
266.553640	6	1064
141.517877	6	1071
126.100301	6	1072
130.858182	6	1074
146.457195	6	1076
913.091659	16	1036
135.230064	6	1078
141.450881	6	1079
262.855529	6	1073
106.723070	6	1084
283.454895	6	1075
171.019077	6	1081
167.438983	6	1082
897.460937	16	1044
169.014453	6	1083
125.158786	6	1086
121.674776	6	1087
86.8477821	6	1089
173.036813	6	1085
116.413831	6	1090
111.688852	6	1094
99.4482040	6	1095
674.974441	16	1066
188.068866	6	1092
838.923931	16	1058
188.214540	6	1093
133.891582	6	1096
1068.13097	16	1047
94.5818424	6	1101
195.272445	6	1097
84.5921039	6	1103
93.9443111	6	1104
86.9247913	6	1107
122.040033	6	1106
157.339811	6	1105
261.566638	6	1100
124.191999	6	1108
90.4295444	6	1111
344.490766	6	1098
144.803762	6	1112
59.6613883	6	1118
262.687444	6	1109
174.231767	6	1114
95.1547622	6	1120
203.952312	6	1115
1084.22613	16	1069
190.463781	6	1116
157.409429	6	1119
212.405920	6	1117
756.587743	16	1091
197.217464	6	1122
200.838327	6	1123
176.561117	6	1125
162.801742	6	1127
719.860315	16	1099
218.133211	6	1126
199.624061	6	1128
546.153306	16	1110
115.370512	6	1133
162.342548	6	1131
204.548358	6	1129
718.411445	16	1102
121.576070	6	1134
204.173326	6	1130
186.000585	6	1136
165.465354	6	1139
207.759380	6	1137
195.908308	6	1138
145.750045	6	1141
165.247440	6	1140
181.119918	6	1142
157.375335	6	1144
109.091281	6	1147
108.999967	6	1148
96.0786342	6	1149
174.683094	6	1145
1485.18633	16	1077
113.415002	6	1150
75.7448673	6	1152
1930.48739	16	1055
112.963438	6	1151
70.5103874	6	1155
117.682218	6	1153
1540.35878	16	1080
924.135684	16	1113
77.1420001	6	1159
151.357889	6	1156
83.0824375	6	1160
142.931461	6	1158
850.822925	16	1121
80.2085399	6	1162
116.268634	6	1161
96.4660644	6	1163
92.0431613	6	1166
96.1132049	6	1167
188.946247	6	1164
144.471406	6	1169
108.763456	6	1171
142.533302	6	1170
120.410203	6	1172
100.594282	6	1174
125.449657	6	1173
1774.17492	16	1088
888.752937	16	1135
190.001010	6	1175
144.298791	6	1178
617.429971	16	1154
130.163669	6	1180
823.164224	16	1146
158.597230	6	1181
258.381605	6	1177
128.679513	6	1184
91.8042659	6	1186
1122.84374	16	1132
127.966403	6	1185
664.005994	16	1157
190.670967	6	1182
202.057361	6	1183
148.792743	6	1188
145.097017	6	1189
1448.26579	16	1124
174.665689	6	1191
176.979541	6	1192
158.345460	6	1193
158.904552	6	1194
139.389038	6	1196
106.982469	6	1200
72.0853805	6	1202
183.300495	6	1197
256.427288	6	1195
635.069608	16	1176
791.080951	16	1168
110.483407	6	1205
99.8291969	6	1206
181.508779	6	1203
259.509801	6	1199
169.963836	6	1204
118.799686	6	1207
509.973049	16	1187
113.201141	6	1208
82.3216438	6	1210
51.4645576	6	1213
90.2948379	6	1211
788.746833	16	1179
122.247934	6	1214
91.3844108	6	1216
124.013423	6	1215
97.5439548	6	1218
442.557811	16	1201
115.825414	6	1221
123.213052	6	1222
52.3970127	6	1226
209.733486	6	1219
266.920566	6	1217
84.0938091	6	1227
145.605325	6	1224
131.669998	6	1225
1697.59058	16	1143
143.048048	6	1229
93.3246612	6	1233
116.315126	6	1232
193.896055	6	1228
934.217929	16	1190
176.170110	6	1230
83.7850570	6	1235
108.975410	6	1237
92.3054218	6	1238
1498.20637	16	1165
93.5947895	6	1239
668.379783	16	1209
185.307979	6	1236
133.031606	6	1241
106.834888	6	1246
181.267738	6	1243
263.615131	6	1240
132.581472	6	1247
126.769304	6	1248
131.245613	6	1249
245.559692	6	1244
115.459203	6	1252
94.1329002	6	1254
475.108861	16	1234
898.288726	16	1212
758.217573	16	1220
127.226591	6	1255
237.127780	6	1250
259.916782	6	1251
806.618928	16	1223
695.361137	16	1231
163.082361	6	1259
234.664440	6	1257
183.817625	6	1260
150.288105	6	1262
229.776859	6	1258
196.910142	6	1261
118.377208	6	1266
206.920862	6	1263
127.591848	6	1268
1498.28624	16	1198
128.821849	6	1271
279.115915	6	1265
123.471021	6	1274
205.721855	6	1270
560.476541	16	1253
285.533428	6	1269
242.101669	6	1272
139.654636	6	1279
788.385152	16	1245
214.190006	6	1276
149.055719	6	1280
283.775806	6	1273
220.349311	6	1277
94.0029621	6	1284
89.2462730	6	1285
175.875663	6	1281
47.5523471	6	1288
145.588874	6	1283
180.666685	6	1282
94.4089889	6	1287
479.502439	16	1267
741.601228	16	1256
119.719743	6	1291
139.626026	6	1290
71.1421966	6	1294
141.335487	6	1292
260.683298	16	1286
142.240285	6	1293
119.486331	6	1296
140.221118	6	1295
135.909557	6	1298
95.7784652	6	1301
1218.80221	16	1242
135.415792	6	1302
99.7245311	6	1305
256.075143	6	1299
212.025403	6	1303
214.205026	6	1304
141.938209	6	1309
90.8687114	6	1314
111.618280	6	1313
173.777103	6	1310
272.396326	6	1306
455.282688	16	1297
269.921302	6	1307
178.170919	6	1312
145.503520	6	1316
170.548677	6	1315
965.732574	16	1275
116.823196	6	1321
1202.30388	16	1264
126.288414	6	1323
190.989255	6	1320
136.124610	6	1324
94.7113037	6	1327
139.928340	6	1325
92.9086208	6	1328
307.240486	6	1317
298.142433	6	1318
133.785009	6	1331
132.068395	6	1332
207.017660	6	1329
127.953767	6	1335
303.810358	6	1326
1209.31744	16	1278
1002.95996	16	1289
157.737731	6	1334
109.750032	6	1338
108.926534	6	1339
101.408004	6	1340
202.442646	6	1336
192.226409	6	1337
102.433204	6	1342
145.999670	6	1343
110.329151	6	1345
138.124704	6	1346
133.338212	6	1347
95.9153175	6	1351
135.097503	6	1349
167.552709	6	1348
165.021181	6	1350
153.368234	6	1353
174.257278	6	1354
1018.09477	16	1311
151.240587	6	1357
186.446189	6	1358
122.382879	6	1362
239.130496	6	1356
678.619384	16	1333
186.935663	6	1359
168.561697	6	1360
187.072753	6	1361
776.715040	16	1330
576.336145	16	1341
1201.17163	16	1308
145.667552	6	1365
184.660673	6	1364
122.556924	6	1369
176.149606	6	1367
174.503087	6	1368
139.963626	6	1370
137.145996	6	1371
660.065174	16	1344
1507.42483	16	1300
157.150506	6	1372
152.925968	6	1373
132.355690	6	1378
94.4108963	6	1380
222.788333	6	1375
77.5759220	6	1383
131.073474	6	1381
232.205867	6	1376
185.859203	6	1379
1299.72863	16	1322
92.9269790	6	1386
105.685234	6	1387
188.211917	6	1384
115.519046	6	1389
299.422264	6	1382
153.292417	6	1390
132.011890	6	1393
179.398059	6	1392
149.311065	6	1394
135.506153	6	1395
701.308727	16	1366
222.680330	6	1391
126.879692	6	1397
103.998184	6	1400
839.234590	16	1363
81.9165706	6	1403
79.4467926	6	1404
158.421754	6	1401
165.769100	6	1402
89.8604393	6	1406
241.258382	6	1398
742.274522	16	1374
170.947313	6	1405
151.713132	6	1409
179.552078	6	1411
254.658699	6	1408
1345.59345	16	1352
869.873762	16	1377
1989.32409	16	1319
163.753986	6	1415
680.508375	16	1388
256.255149	6	1412
140.084505	6	1419
239.207506	6	1414
259.058952	6	1413
210.964441	6	1416
113.463640	6	1422
1409.61813	16	1355
181.200742	6	1420
249.513864	6	1417
870.580911	16	1385
149.863719	6	1423
147.883176	6	1426
113.873004	6	1428
156.784534	6	1427
127.605915	6	1430
132.065534	6	1431
267.749547	6	1424
266.271352	6	1425
813.449621	16	1399
185.394048	6	1433
892.822742	16	1396
698.184251	16	1410
241.654157	6	1434
167.441129	6	1438
228.607177	6	1435
557.551622	16	1418
215.139627	6	1436
177.808523	6	1439
148.519039	6	1442
249.620437	6	1437
99.2486476	6	1445
198.070764	6	1441
131.532669	6	1448
132.725238	6	1449
114.247798	6	1450
242.830276	6	1444
221.672058	6	1447
174.131631	6	1452
164.480924	6	1453
129.490375	6	1455
150.120735	6	1456
117.666244	6	1458
346.083879	6	1446
153.212785	6	1457
121.762752	6	1459
130.420446	6	1460
899.809598	16	1421
1177.27017	16	1407
177.445650	6	1461
166.210412	6	1464
841.671228	16	1429
202.291488	6	1463
200.129985	6	1467
226.962566	6	1466
173.917770	6	1469
169.836759	6	1470
157.109975	6	1471
227.235317	6	1468
763.477563	16	1440
188.750743	6	1472
101.252555	6	1478
89.2460346	6	1479
191.428661	6	1474
100.458383	6	1480
657.670974	16	1451
1036.54146	16	1432
187.109470	6	1477
230.403900	6	1475
133.429050	6	1481
128.679037	6	1482
116.908788	6	1483
750.587463	16	1454
132.415056	6	1488
207.247972	6	1485
203.593969	6	1486
99.7228622	6	1494
176.782131	6	1493
218.770027	6	1491
261.342287	6	1489
261.083364	6	1490
233.628273	6	1492
166.988849	6	1496
110.790967	6	1499
114.979028	6	1500
59.9491596	6	1505
120.827198	6	1503
168.203592	6	1501
150.832653	6	1502
248.288154	6	1497
726.317882	16	1473
139.016389	6	1504
106.038570	6	1507
87.6870155	6	1508
76.8256187	6	1510
120.683193	6	1511
113.558053	6	1512
649.951696	16	1484
1025.92921	16	1465
143.339395	6	1513
108.968496	6	1515
134.456872	6	1514
329.755544	16	1506
164.019107	6	1516
524.229288	16	1498
153.598070	6	1518
101.405143	6	1521
1264.53328	16	1462
206.270456	6	1519
1029.67071	16	1476
1690.01889	16	1443
152.615785	6	1524
211.644411	6	1522
209.375858	6	1523
173.157453	6	1525
142.950057	6	1527
170.791387	6	1526
140.662670	6	1529
127.620220	6	1530
110.501766	6	1532
131.350278	6	1533
78.0277252	6	1536
111.255407	6	1535
134.542226	6	1534
95.1960086	6	1537
82.2730064	6	1540
134.491682	6	1538
693.458557	16	1509
119.751691	6	1541
67.6043033	6	1546
1212.71038	16	1487
130.495071	6	1545
634.656190	16	1520
102.195739	6	1549
147.085189	6	1547
1146.80051	16	1495
240.287065	6	1543
94.2614078	6	1551
246.633052	6	1544
99.1623401	6	1554
98.8707542	6	1555
252.439022	6	1548
180.626869	6	1552
129.073143	6	1556
492.317438	16	1539
705.109596	16	1531
213.086605	6	1558
227.303028	6	1559
184.522151	6	1562
222.761631	6	1560
1040.60816	16	1517
119.529962	6	1566
114.917278	6	1567
158.761978	6	1565
226.432323	6	1563
134.506464	6	1568
112.312793	6	1570
360.022544	6	1557
133.887052	6	1569
88.6535644	6	1573
134.425640	6	1571
101.878166	6	1574
504.865407	16	1553
982.654094	16	1528
756.912708	16	1542
124.164342	6	1576
115.259885	6	1577
104.350566	6	1579
123.718976	6	1578
100.622177	6	1581
137.544393	6	1580
79.8876285	6	1584
73.8799571	6	1585
161.281824	6	1582
99.1630554	6	1587
80.8241367	6	1588
83.1022262	6	1589
450.616121	16	1572
101.350069	6	1591
132.665634	6	1590
111.129999	6	1592
107.555150	6	1593
81.4416408	6	1595
156.963586	6	1596
190.408229	6	1598
134.361982	6	1602
109.686851	6	1604
191.671848	6	1600
140.187978	6	1603
223.879337	6	1599
110.096693	6	1606
490.922689	16	1586
216.299295	6	1601
54.1815757	6	1610
113.521337	6	1607
50.7640838	6	1611
166.630983	6	1609
1056.95438	16	1564
136.343479	6	1613
140.681505	6	1614
186.484575	6	1612
147.888660	6	1615
1190.58203	16	1561
131.186723	6	1617
939.146518	16	1575
596.095323	16	1594
123.262405	6	1620
189.319372	6	1618
592.510461	16	1597
91.5732383	6	1625
90.0747776	6	1626
169.408082	6	1623
209.197282	6	1621
82.2184085	6	1628
166.426181	6	1624
216.824769	6	1622
115.927457	6	1629
601.592302	16	1605
165.563821	6	1631
109.835147	6	1635
177.199840	6	1632
174.384593	6	1633
164.371967	6	1634
132.627725	6	1636
136.774778	6	1637
123.782157	6	1643
111.681461	6	1645
111.939191	6	1646
1931.69045	16	1550
117.341041	6	1647
277.775526	6	1639
269.523620	6	1640
201.889991	6	1644
254.175662	6	1642
119.075059	6	1650
763.660907	16	1616
191.998243	6	1648
1639.67156	16	1583
857.789516	16	1627
1106.77194	16	1619
1353.76501	16	1608
764.959335	16	1649
1118.00932	16	1638
1322.79276	16	1630
1378.28135	16	1641
avg:  289.94220141208535
std:  321.0847577109207
p95:  1022.4037170410153
p99:  1595.4765367507932
com:  50.3383808957313
thg:  2516.919044786565
FCT:  32.77816987037659
que:  203.638772241997
los:  0.0
1350 300
**********************
