[ 7 11 13 ...  8  6 15]
85.7710838	6	1
85.7677459	6	2
85.4661464	6	3
88.5641574	6	4
86.6832733	6	5
84.9900245	6	6
85.2165222	6	7
86.2457752	6	8
84.4483375	6	9
80.6336402	6	10
81.8428993	6	11
81.9859504	6	12
79.3564319	6	13
80.0611972	6	14
80.1680088	6	15
80.5411338	6	16
77.2457122	6	17
80.3077220	6	18
80.4398059	6	19
78.0024528	6	20
80.6882381	6	21
79.5791149	6	22
83.5943222	6	23
78.3152580	6	24
80.1193714	6	25
83.4407806	6	26
78.6919593	6	27
83.3482742	6	28
78.2110691	6	29
79.8306465	6	30
77.0032405	6	31
78.7138938	6	32
80.1544189	6	33
76.6561031	6	34
81.0031890	6	35
78.5722732	6	36
80.2166461	6	37
80.1048278	6	38
80.8494091	6	39
79.3230533	6	40
79.6465873	6	41
80.8379650	6	42
79.0226459	6	43
80.6012153	6	44
79.6861648	6	45
79.2424678	6	46
79.0488719	6	47
80.0273418	6	48
80.5363655	6	49
79.3721675	6	50
81.4309120	6	51
79.7898769	6	52
81.0275077	6	53
79.1888236	6	54
81.1192989	6	55
79.9324512	6	56
80.0223350	6	57
84.2118263	6	58
81.5064907	6	59
78.6030292	6	60
78.3715248	6	61
79.2167186	6	62
79.3685913	6	63
78.5531997	6	64
80.1119804	6	65
85.9329700	6	66
80.8956623	6	67
80.2581310	6	68
80.3048610	6	69
83.4553241	6	70
83.3280086	6	71
80.7154178	6	72
79.2398452	6	73
81.1665058	6	74
77.9135227	6	75
78.4375667	6	76
78.4575939	6	77
77.4590969	6	78
84.2366218	6	79
80.0132751	6	80
81.0635089	6	81
82.1917057	6	82
79.0932178	6	83
79.5841217	6	84
80.7271003	6	85
83.0855369	6	86
80.1362991	6	87
80.4736614	6	88
78.4895420	6	89
76.7879486	6	90
79.4808864	6	91
79.2593955	6	92
79.1790485	6	93
85.9377384	6	94
81.1359882	6	95
78.6240100	6	96
84.0086936	6	97
80.2018642	6	98
80.6410312	6	99
79.1172981	6	100
81.0823440	6	101
83.8577747	6	102
78.2978534	6	103
79.7293186	6	104
77.1036148	6	105
79.2589187	6	106
78.8679122	6	107
80.4729461	6	108
78.4101486	6	109
84.4874382	6	110
80.7709693	6	111
79.5485973	6	112
80.4591178	6	113
80.1315307	6	114
80.1131725	6	115
79.9369812	6	116
80.8451175	6	117
83.4794044	6	118
81.6352367	6	119
80.0201892	6	120
79.8101425	6	121
78.8989067	6	122
79.3223381	6	123
78.9942741	6	124
77.9452323	6	125
86.3418579	6	126
77.0649909	6	127
83.0404758	6	128
78.9148807	6	129
79.2808532	6	130
78.5651206	6	131
79.4682502	6	132
85.4380130	6	133
80.2879333	6	134
81.0055732	6	135
77.6731967	6	136
79.8871517	6	137
79.7100067	6	138
83.3556652	6	139
78.3939361	6	140
82.6511383	6	141
78.2341957	6	142
80.5394649	6	143
82.5197696	6	144
80.8639526	6	145
78.9813995	6	146
76.3785839	6	147
82.4615955	6	148
82.8607082	6	149
80.2397727	6	150
80.9724330	6	151
77.6658058	6	152
78.3836841	6	153
78.8111686	6	154
80.0721645	6	155
77.9461860	6	156
78.2923698	6	157
79.6175003	6	158
78.8364410	6	159
80.1179409	6	160
80.8002948	6	161
81.0422897	6	162
79.1604518	6	163
80.8556079	6	164
80.1517963	6	165
79.5950889	6	166
79.3306827	6	167
79.1628360	6	168
79.1110992	6	169
79.5164108	6	170
78.9570808	6	171
79.7674655	6	172
80.3813934	6	173
79.7867774	6	174
80.9562206	6	175
80.0464153	6	176
80.1117420	6	177
80.1353454	6	178
79.9100399	6	179
79.9486637	6	180
79.2005062	6	181
78.9551734	6	182
79.2775154	6	183
79.4091224	6	184
79.5321464	6	185
79.6570777	6	186
78.8183212	6	187
79.9942016	6	188
79.7247886	6	189
79.5280933	6	190
79.5590877	6	191
80.7888507	6	192
80.1661014	6	193
81.0570716	6	194
80.6298255	6	195
80.3422927	6	196
80.3623199	6	197
81.1061859	6	198
80.4603099	6	199
80.4915428	6	200
79.5264244	6	201
78.7985324	6	202
79.1635513	6	203
80.5025100	6	204
78.2868862	6	205
79.4215202	6	206
78.1247615	6	207
79.2930126	6	208
78.6042213	6	209
80.8086395	6	210
79.5836448	6	211
79.7047615	6	212
86.2879753	6	213
80.5752277	6	214
80.7318687	6	215
80.7032585	6	216
80.1532268	6	217
77.7988433	6	218
79.6301364	6	219
80.6899070	6	220
76.8630504	6	221
80.1506042	6	222
78.9630413	6	223
80.3256034	6	224
81.4015865	6	225
84.6810340	6	226
79.3700218	6	227
77.5756835	6	228
82.1118354	6	229
81.6226005	6	230
81.6330909	6	231
82.8907489	6	232
78.9716243	6	233
85.0226879	6	234
80.2497863	6	235
79.8032283	6	236
78.5279273	6	237
82.6685428	6	238
78.3100128	6	239
78.1404972	6	240
78.7789821	6	241
76.8299102	6	242
79.6256065	6	243
80.4719924	6	244
80.5845260	6	245
79.4794559	6	246
80.4963111	6	247
79.4022083	6	248
78.6614418	6	249
83.2936763	6	250
78.5953998	6	251
79.0452957	6	252
79.5376300	6	253
78.8521766	6	254
78.3786773	6	255
79.1735649	6	256
78.3255100	6	257
76.8969058	6	258
80.0092220	6	259
90.9252166	6	263
101.693391	6	262
122.822999	6	260
112.434387	6	261
80.6887149	6	264
79.4014930	6	265
79.5736312	6	266
130.388736	6	267
80.3711414	6	268
82.9937458	6	269
84.7034454	6	270
83.8088989	6	271
80.5430412	6	272
84.8038196	6	273
85.7653617	6	274
77.0473480	6	275
78.8028240	6	276
78.2101154	6	277
86.0495567	6	278
81.0122489	6	279
78.3061981	6	280
81.4826488	6	281
81.4919471	6	282
81.4042091	6	283
80.3747177	6	284
79.7865390	6	285
83.3103656	6	286
79.9796581	6	287
80.9867382	6	288
79.5190334	6	289
84.5317840	6	290
82.0505619	6	291
80.0106525	6	292
79.1399478	6	293
78.9647102	6	294
83.2538604	6	295
78.4685611	6	296
79.3471336	6	297
77.9547691	6	298
80.1098346	6	299
79.4808864	6	300
80.0163745	6	301
78.3901214	6	302
76.6792297	6	303
80.0864696	6	304
79.5896053	6	305
79.0638923	6	306
79.2682170	6	307
80.4142951	6	308
79.6370506	6	309
78.8178443	6	310
81.8705558	6	311
80.6639194	6	312
80.6782245	6	313
80.6410312	6	314
79.7307491	6	315
79.2145729	6	316
79.9441337	6	317
79.8807144	6	318
81.1204910	6	319
80.3115367	6	320
80.3251266	6	321
79.4157981	6	322
80.2884101	6	323
81.0129642	6	324
81.3002586	6	325
81.3453197	6	326
79.9524784	6	327
80.6660652	6	328
80.0981521	6	329
82.1788311	6	330
81.0286998	6	331
79.2052745	6	332
79.7417163	6	333
79.6992778	6	334
80.4550647	6	335
80.1241397	6	336
87.8658294	6	337
78.5057544	6	338
78.4523487	6	339
79.8358917	6	340
79.8099040	6	341
80.6965827	6	342
81.7260742	6	343
81.0055732	6	344
84.1367244	6	345
80.5783271	6	346
81.5479755	6	347
78.7444114	6	348
84.3625068	6	349
79.7429084	6	350
83.7292671	6	351
79.6513557	6	352
77.1784782	6	353
79.7681808	6	354
84.1100215	6	355
81.1831951	6	356
81.1736583	6	357
79.1726112	6	358
80.9466838	6	359
78.9365768	6	360
80.5263519	6	361
78.9375305	6	362
84.9015712	6	363
80.0838470	6	364
78.5856246	6	365
80.0275802	6	366
78.4730911	6	367
83.6253166	6	368
78.6759853	6	369
79.3795585	6	370
84.7587585	6	371
79.9608230	6	372
80.1048278	6	373
81.4058780	6	374
80.0576210	6	375
77.6798725	6	376
79.0271759	6	377
80.0421237	6	378
84.3214988	6	379
81.1562538	6	380
83.2545757	6	381
84.0387344	6	382
80.6577205	6	383
84.5477581	6	384
83.0092430	6	385
79.1561603	6	386
78.9303779	6	387
78.7606239	6	388
78.6814689	6	389
77.6026248	6	390
78.8161754	6	391
85.1447582	6	392
77.0790576	6	393
80.0225734	6	394
80.4121494	6	395
80.1956653	6	396
81.1960697	6	397
80.4903507	6	398
80.7139873	6	399
76.6990184	6	400
80.2078247	6	401
79.9894332	6	402
80.5695056	6	403
79.0641307	6	404
78.0744552	6	405
78.4611701	6	406
78.9377689	6	407
81.1612606	6	408
78.1650543	6	409
79.0436267	6	410
79.6082019	6	411
80.5757045	6	412
80.8725357	6	413
79.7612667	6	414
80.5706977	6	415
79.4701576	6	416
80.9576511	6	417
79.7524452	6	418
80.9638500	6	419
78.3250331	6	420
79.0092945	6	421
80.7397365	6	422
85.8805179	6	423
80.7380676	6	424
79.9095630	6	425
78.6859989	6	426
78.5841941	6	427
80.5110931	6	428
87.0358943	6	429
79.4794559	6	430
82.7336311	6	431
79.0984630	6	432
78.4459114	6	433
80.9538364	6	434
84.3799114	6	435
80.5568695	6	436
84.5081806	6	437
80.1296234	6	438
82.5438499	6	439
80.0518989	6	440
80.6283950	6	441
83.2772254	6	442
80.7437896	6	443
76.8253803	6	444
80.1422595	6	445
79.9391269	6	446
78.2575607	6	447
79.3249607	6	448
79.6720981	6	449
86.4720344	6	450
78.5615444	6	451
82.7286243	6	452
80.6963443	6	453
78.0048370	6	454
83.2264423	6	455
83.0521583	6	456
81.0146331	6	457
82.1683406	6	458
79.3645381	6	459
77.6188373	6	460
79.0932178	6	461
80.0859928	6	462
77.9943466	6	463
79.2651176	6	464
81.0601711	6	465
79.1959762	6	466
81.0163021	6	467
81.2695026	6	468
82.1723937	6	469
78.6497592	6	470
80.9636116	6	471
79.5001983	6	472
78.6972045	6	473
79.3094635	6	474
77.6307582	6	475
84.9440097	6	476
77.6929855	6	477
80.1911354	6	478
78.5038471	6	479
79.2288780	6	480
79.3750286	6	481
78.4637928	6	482
79.7688961	6	483
86.2498283	6	484
79.9269676	6	485
78.8676738	6	486
79.2150497	6	487
79.8318386	6	488
81.7267894	6	489
79.4734954	6	490
86.0590934	6	491
80.4445743	6	492
78.7060260	6	493
82.7085971	6	494
78.9554119	6	495
80.5006027	6	496
85.3569507	6	497
79.3011188	6	498
82.6597213	6	499
80.1196098	6	500
81.3400745	6	501
80.2645683	6	502
81.0546875	6	503
79.0781974	6	504
82.9811096	6	505
79.2427062	6	506
77.5272846	6	507
78.5627365	6	508
78.0150890	6	509
78.4871578	6	510
78.7038803	6	511
79.2305469	6	512
77.0268440	6	513
77.9016017	6	514
81.2737941	6	515
81.1574459	6	516
79.9181461	6	517
80.0337791	6	518
80.3604125	6	519
79.1947841	6	520
80.5258750	6	521
79.9813270	6	522
79.9040794	6	523
79.2870521	6	524
79.7140598	6	525
80.1794528	6	526
79.0855884	6	527
79.2515277	6	528
81.4046859	6	529
86.4322185	6	530
82.7901363	6	531
82.0417404	6	532
82.0682048	6	533
80.7492733	6	534
80.7535648	6	535
79.9252986	6	536
79.3941020	6	537
83.0495357	6	538
80.1339149	6	539
79.3275833	6	540
78.9425373	6	541
78.9051055	6	542
78.9885520	6	543
79.3869495	6	544
79.0739059	6	545
76.8351554	6	546
80.1105499	6	547
80.1138877	6	548
81.0427665	6	549
86.7331027	6	550
78.8028240	6	551
79.8318386	6	552
80.4679393	6	553
80.2164077	6	554
80.8875560	6	555
80.2793502	6	556
79.6117782	6	557
86.1012935	6	558
80.7619094	6	559
80.2986621	6	560
84.2142105	6	561
79.0553092	6	562
82.2758674	6	563
83.4140777	6	564
80.5997848	6	565
80.3332328	6	566
80.2891254	6	567
82.1921825	6	568
81.1893939	6	569
78.1693458	6	570
83.3542346	6	571
80.9807777	6	572
80.7054042	6	573
79.3261528	6	574
77.7859687	6	575
77.6557922	6	576
78.6435604	6	577
78.2871246	6	578
86.1692428	6	579
77.9716968	6	580
78.2091617	6	581
79.6241760	6	582
79.9779891	6	583
79.6933174	6	584
79.6701908	6	585
81.1917781	6	586
86.6444110	6	587
80.4595947	6	588
80.9888839	6	589
80.8990001	6	590
80.1744461	6	591
79.3285369	6	592
79.7107219	6	593
78.8831710	6	594
84.5754146	6	595
78.7029266	6	596
79.2539119	6	597
80.4786682	6	598
79.3530941	6	599
86.2185955	6	600
79.9071788	6	601
79.7920227	6	602
85.3304862	6	603
80.0099372	6	604
81.3512802	6	605
80.1482200	6	606
80.0623893	6	607
82.5209617	6	608
80.5971622	6	609
80.1544189	6	610
83.0678939	6	611
80.3420543	6	612
78.6263942	6	613
80.5227756	6	614
80.8675289	6	615
78.6561965	6	616
79.3571472	6	617
83.6083889	6	618
77.5060653	6	619
79.6296596	6	620
78.8319110	6	621
80.1961421	6	622
78.3271789	6	623
83.8530063	6	624
80.0027847	6	625
76.8494606	6	626
81.2437534	6	627
80.4002285	6	628
79.7457695	6	629
79.6313285	6	630
80.7292461	6	631
77.7814388	6	632
81.1526775	6	633
81.7744731	6	634
79.6108245	6	635
78.7460803	6	636
81.0837745	6	637
79.3378353	6	638
78.5324573	6	639
79.7183513	6	640
78.5708427	6	641
84.7985744	6	642
80.7509422	6	643
80.6834697	6	644
84.3961238	6	645
80.5747509	6	646
80.4224014	6	647
80.8124542	6	648
83.0850601	6	649
77.2790908	6	650
79.9412727	6	651
79.8034667	6	652
77.8887271	6	653
78.9721012	6	654
79.3366432	6	655
79.1079998	6	656
84.9614143	6	657
80.9643268	6	658
78.3650875	6	659
84.3420028	6	660
80.0240039	6	661
80.8043479	6	662
81.1507701	6	663
78.9160728	6	664
76.5855312	6	665
79.0929794	6	666
80.0855159	6	667
84.9869251	6	668
81.3000202	6	669
81.0024738	6	670
78.2008171	6	671
80.5654525	6	672
84.6989154	6	673
82.3659896	6	674
80.4142951	6	675
76.5805244	6	676
79.4637203	6	677
79.1237354	6	678
80.8458328	6	679
80.2783966	6	680
76.3776302	6	681
76.7328739	6	682
78.8002014	6	683
80.7466506	6	684
80.0449848	6	685
78.5348415	6	686
78.6321163	6	687
79.2100429	6	688
80.6283950	6	689
81.9339752	6	690
81.7332267	6	691
78.1304836	6	692
80.1398754	6	693
80.6710720	6	694
83.8997364	6	695
82.1115970	6	696
78.8199901	6	697
79.1106224	6	698
78.1996250	6	699
80.9421539	6	700
80.2493095	6	701
78.3324241	6	702
77.9826641	6	703
78.2041549	6	704
80.6269645	6	705
80.2218914	6	706
80.6415081	6	707
79.4107913	6	708
80.7034969	6	709
79.9632072	6	710
79.5931816	6	711
81.1901092	6	712
79.8726081	6	713
80.9712409	6	714
79.8432826	6	715
79.9951553	6	716
79.9410343	6	717
79.8444747	6	718
80.8923244	6	719
79.1621208	6	720
80.2843570	6	721
78.9513587	6	722
78.8400173	6	723
79.1769027	6	724
79.3733596	6	725
78.8674354	6	726
77.5377750	6	727
79.2617797	6	728
79.6837806	6	729
79.3418884	6	730
79.6513557	6	731
80.6863307	6	732
79.2837142	6	733
80.4197788	6	734
80.2149772	6	735
79.8156261	6	736
79.8974037	6	737
80.3008079	6	738
79.0700912	6	739
83.1971168	6	740
79.5466899	6	741
79.0414810	6	742
78.6857604	6	743
81.2170505	6	744
79.2074203	6	745
80.9056758	6	746
81.0668468	6	747
79.1492462	6	748
84.7136974	6	749
80.3010463	6	750
80.9128284	6	751
79.7975063	6	752
79.6101093	6	753
77.9559612	6	754
78.5803794	6	755
79.5519351	6	756
76.6999721	6	757
79.1883468	6	758
77.7885913	6	759
78.6519050	6	760
79.5836448	6	761
80.8737277	6	762
80.9435844	6	763
79.9827575	6	764
80.8560848	6	765
79.8323154	6	766
81.2020301	6	767
81.1228752	6	768
79.5569419	6	769
79.2572498	6	770
79.4146060	6	771
79.6649456	6	772
79.1797637	6	773
79.1752338	6	774
77.9416561	6	775
79.3390274	6	776
79.9906253	6	777
80.2845954	6	778
79.8146724	6	779
80.0514221	6	780
78.7298679	6	781
80.0826549	6	782
79.6926021	6	783
79.4105529	6	784
79.2651176	6	785
84.1639041	6	786
82.6721191	6	787
81.3305377	6	788
78.9263248	6	789
78.9089202	6	790
80.3151130	6	791
79.1506767	6	792
80.1103115	6	793
77.6293277	6	794
76.8361091	6	795
78.9444446	6	796
79.4949531	6	797
80.3577899	6	798
79.4587135	6	799
80.1935195	6	800
80.9223651	6	801
79.7340869	6	802
81.4507007	6	803
80.5687904	6	804
80.6393623	6	805
79.1220664	6	806
79.3874263	6	807
78.3739089	6	808
79.1256427	6	809
79.4680118	6	810
78.8414478	6	811
78.8712501	6	812
79.7009468	6	813
81.2392234	6	814
79.9522399	6	815
81.5927982	6	816
80.2581310	6	817
79.8676013	6	818
80.0974369	6	819
79.6253681	6	820
80.3844928	6	821
79.1163444	6	822
81.2141895	6	823
80.6105136	6	824
79.7905921	6	825
82.4747085	6	826
79.2672634	6	827
80.5652141	6	828
79.6935558	6	829
80.7049274	6	830
79.5800685	6	831
79.3399810	6	832
86.3289833	6	833
79.5264244	6	834
81.5410614	6	835
79.9059867	6	836
79.5187950	6	837
79.4467926	6	838
82.0221900	6	839
81.4943313	6	840
76.3318538	6	841
80.4460048	6	842
78.5260200	6	843
80.5673599	6	844
80.5919170	6	845
78.7320137	6	846
77.9719352	6	847
77.3885250	6	848
80.6744098	6	849
79.7235965	6	850
80.9023380	6	851
78.8581371	6	852
78.2468318	6	853
80.5473327	6	854
80.6233882	6	855
79.8776149	6	856
79.9801349	6	857
80.5077552	6	858
77.8219699	6	859
79.8666477	6	860
81.0532569	6	861
78.3975124	6	862
80.0325870	6	863
79.2500972	6	864
78.3600807	6	865
80.7902812	6	866
80.1534652	6	867
79.0801048	6	868
80.1160335	6	869
80.3205966	6	870
79.6470642	6	871
81.5184116	6	872
81.0532569	6	873
79.0734291	6	874
79.7162055	6	875
81.5331935	6	876
79.9281597	6	877
79.0793895	6	878
79.7133445	6	879
79.5929431	6	880
80.3306102	6	881
80.7702541	6	882
80.5599689	6	883
80.1804065	6	884
81.4239978	6	885
81.1328887	6	886
79.6482563	6	887
80.2021026	6	888
80.1553726	6	889
81.8033218	6	890
79.4484615	6	891
80.4479122	6	892
79.0157318	6	893
78.8896083	6	894
81.4399719	6	895
80.6450843	6	896
78.9999961	6	897
79.4601440	6	898
80.2388191	6	899
80.3680419	6	900
80.6186199	6	901
79.8122882	6	902
79.2467594	6	903
78.5489082	6	904
79.9872875	6	905
81.3024044	6	906
80.9938907	6	907
79.2160034	6	908
78.8273811	6	909
80.4827213	6	910
80.0132751	6	911
80.8966159	6	912
81.6605091	6	913
78.9670944	6	914
79.4556140	6	915
82.7896595	6	916
80.2145004	6	917
79.1435241	6	918
80.5096626	6	919
79.6236991	6	920
80.1808834	6	921
80.1789760	6	922
80.5351734	6	923
77.8768062	6	924
80.4631710	6	925
80.2764892	6	926
80.2383422	6	927
80.5788040	6	928
80.2214145	6	929
80.3768634	6	930
80.3396701	6	931
81.2962055	6	932
79.1285037	6	933
79.6837806	6	934
80.5830955	6	935
78.9568424	6	936
80.4278850	6	937
80.5864334	6	938
80.0237655	6	939
80.4901123	6	940
80.3098678	6	941
80.6779861	6	942
79.7221660	6	943
80.6992053	6	944
80.4708003	6	945
78.6473751	6	946
80.2950859	6	947
80.7962417	6	948
80.1131725	6	949
79.9152851	6	950
80.4784297	6	951
79.0956020	6	952
79.4799327	6	953
80.8017253	6	954
80.4667472	6	955
79.6287059	6	956
80.6083679	6	957
85.1700305	6	958
83.7380886	6	959
82.5836658	6	960
84.2609405	6	961
78.3081054	6	962
78.3734321	6	963
79.2672634	6	964
78.6757469	6	965
85.0768089	6	966
81.2203884	6	967
78.8438320	6	968
77.0292282	6	969
80.7876586	6	970
81.2175273	6	971
80.3272724	6	972
79.3364048	6	973
77.1665573	6	974
80.3663730	6	975
79.0824890	6	976
80.2316665	6	977
85.6134891	6	978
80.4846286	6	979
78.4826278	6	980
80.3813934	6	981
81.2649726	6	982
80.1193714	6	983
80.6233882	6	984
78.7785053	6	985
83.2383632	6	986
79.7610282	6	987
79.4899463	6	988
83.3668708	6	989
80.3320407	6	990
82.0868015	6	991
80.4939270	6	992
81.0420513	6	993
82.4513435	6	994
78.9675712	6	995
79.7924995	6	996
85.3662490	6	997
79.2593955	6	998
83.5735797	6	999
80.1725387	6	1000
78.0153274	6	1001
84.3026638	6	1002
79.6670913	6	1003
80.8775424	6	1004
84.0265750	6	1005
79.5617103	6	1006
76.8878459	6	1007
78.8302421	6	1008
82.3342800	6	1009
77.9423713	6	1010
79.5114040	6	1011
81.0081958	6	1012
77.2652626	6	1013
79.7467231	6	1014
80.4977416	6	1015
79.3395042	6	1016
78.8595676	6	1017
82.03125	6	1018
79.3008804	6	1019
78.4947872	6	1020
80.3577899	6	1021
80.4541110	6	1022
78.3131122	6	1023
79.2405605	6	1024
83.6679935	6	1025
77.5279998	6	1026
78.6378383	6	1027
79.8363685	6	1028
79.4091224	6	1029
79.8447132	6	1030
79.7791481	6	1031
80.4023742	6	1032
79.1246891	6	1033
80.5585384	6	1034
79.3929100	6	1035
80.7561874	6	1036
80.2145004	6	1037
81.0596942	6	1038
80.4393291	6	1039
79.4529914	6	1040
78.8366794	6	1041
77.7730941	6	1042
78.5443782	6	1043
78.7568092	6	1044
79.4444084	6	1045
78.0649185	6	1046
79.5090198	6	1047
80.1188945	6	1048
79.4019699	6	1049
81.4144611	6	1050
81.1729431	6	1051
80.5432796	6	1052
79.9725055	6	1053
80.1072120	6	1054
79.9510478	6	1055
80.4896354	6	1056
79.3023109	6	1057
79.3046951	6	1058
77.7339935	6	1059
79.2524814	6	1060
79.4982910	6	1061
80.7316303	6	1062
80.2290439	6	1063
79.0114402	6	1064
79.9999237	6	1065
80.0824165	6	1066
79.9989700	6	1067
80.3275108	6	1068
80.0042152	6	1069
79.7336101	6	1070
78.5138607	6	1071
79.5457363	6	1072
80.6891918	6	1073
78.9318084	6	1074
78.8936614	6	1075
80.3642272	6	1076
79.1234970	6	1077
78.6685943	6	1078
81.0585021	6	1079
87.0893001	6	1080
78.5992145	6	1081
83.7852954	6	1082
81.0041427	6	1083
86.2026214	6	1084
80.5950164	6	1085
80.9147357	6	1086
77.7289867	6	1087
83.4140777	6	1088
80.1951885	6	1089
80.3878307	6	1090
79.8921585	6	1091
81.3066959	6	1092
79.8954963	6	1093
79.5853137	6	1094
83.0714702	6	1095
79.8273086	6	1096
80.0759792	6	1097
78.5651206	6	1098
80.0676345	6	1099
78.7296295	6	1100
80.3980827	6	1101
80.4822444	6	1102
78.6614418	6	1103
79.1113376	6	1104
79.4618129	6	1105
80.5709362	6	1106
79.3509483	6	1107
80.9588432	6	1108
78.8757801	6	1109
78.8877010	6	1110
79.8475742	6	1111
81.1960697	6	1112
77.0936012	6	1113
78.7234306	6	1114
78.5617828	6	1115
78.0260562	6	1116
79.3375968	6	1117
79.1757106	6	1118
78.8114070	6	1119
83.5397243	6	1120
79.4100761	6	1121
80.9383392	6	1122
80.0619125	6	1123
80.8248519	6	1124
79.8842906	6	1125
79.5590877	6	1126
80.2392959	6	1127
84.3374729	6	1128
80.1913738	6	1129
79.9415111	6	1130
79.1411399	6	1131
78.9792537	6	1132
78.8977146	6	1133
78.6786079	6	1134
78.6046981	6	1135
78.1753063	6	1136
84.7864151	6	1137
80.7676315	6	1138
80.5895328	6	1139
79.6816349	6	1140
81.2761783	6	1141
80.4643630	6	1142
80.3239345	6	1143
79.5171260	6	1144
76.5919685	6	1145
79.4610977	6	1146
81.0489654	6	1147
80.3055763	6	1148
79.2639255	6	1149
79.3163776	6	1150
83.6694240	6	1151
79.9398422	6	1152
83.1501483	6	1153
79.6089172	6	1154
77.7294635	6	1155
79.4167518	6	1156
79.7355175	6	1157
80.7566642	6	1158
83.6648941	6	1159
80.6181430	6	1160
76.5521526	6	1161
79.3058872	6	1162
79.6265602	6	1163
79.2090892	6	1164
79.7038078	6	1165
79.1749954	6	1166
77.0258903	6	1167
79.0250301	6	1168
80.8315277	6	1169
79.7312259	6	1170
79.5028209	6	1171
80.2390575	6	1172
79.5586109	6	1173
84.9199295	6	1174
84.0396881	6	1175
80.3914070	6	1176
82.8709602	6	1177
78.3233642	6	1178
79.7710418	6	1179
79.5056819	6	1180
78.5872936	6	1181
77.9867172	6	1182
78.5608291	6	1183
79.3752670	6	1184
78.8025856	6	1185
81.6385746	6	1186
79.5152187	6	1187
79.8666477	6	1188
80.2288055	6	1189
81.0413360	6	1190
80.7738304	6	1191
81.4008712	6	1192
80.0509452	6	1193
78.5143375	6	1194
78.6414146	6	1195
79.1010856	6	1196
86.4920616	6	1197
79.0524482	6	1198
79.7894001	6	1199
79.1506767	6	1200
80.2092552	6	1201
80.3453922	6	1202
79.8134803	6	1203
83.5473537	6	1204
83.7075710	6	1205
80.8255672	6	1206
79.7560214	6	1207
79.6322822	6	1208
79.1740417	6	1209
79.8747539	6	1210
80.5218219	6	1211
83.8098526	6	1212
80.2581310	6	1213
80.3830623	6	1214
81.2976360	6	1215
78.1114101	6	1216
82.4742317	6	1217
80.4345607	6	1218
79.4646739	6	1219
77.3484706	6	1220
83.4448337	6	1221
79.6999931	6	1222
83.8954448	6	1223
81.3307762	6	1224
77.7459144	6	1225
78.6049365	6	1226
79.5750617	6	1227
86.0850811	6	1228
82.4406147	6	1229
82.7245712	6	1230
76.4238834	6	1231
78.9980888	6	1232
81.4836025	6	1233
81.6066265	6	1234
79.9427032	6	1235
85.2386951	6	1236
78.1824588	6	1237
78.7994861	6	1238
81.8092823	6	1239
79.5686244	6	1240
79.4169902	6	1241
81.7799568	6	1242
80.3854465	6	1243
87.4762535	6	1244
81.0754299	6	1245
80.6045532	6	1246
78.0181884	6	1247
78.6602497	6	1248
80.4476737	6	1249
77.1987438	6	1250
81.2013149	6	1251
83.5707187	6	1252
79.2293548	6	1253
79.7622203	6	1254
79.8132419	6	1255
80.5683135	6	1256
81.6814899	6	1257
81.6597938	6	1258
80.4309844	6	1259
77.3229598	6	1260
79.6980857	6	1261
79.3640613	6	1262
79.0448188	6	1263
77.9545307	6	1264
77.8100490	6	1265
78.1815052	6	1266
79.0534019	6	1267
78.5875320	6	1268
79.7154903	6	1269
79.7207355	6	1270
79.0476799	6	1271
81.7706584	6	1272
81.7711353	6	1273
81.0899734	6	1274
80.1165103	6	1275
80.0559520	6	1276
79.0202617	6	1277
79.5919895	6	1278
82.4134349	6	1279
79.0965557	6	1280
79.6625614	6	1281
80.2669525	6	1282
78.9632797	6	1283
80.5230140	6	1284
80.7163715	6	1285
86.4136219	6	1286
81.4058780	6	1287
81.6071033	6	1288
78.7959098	6	1289
80.7690620	6	1290
78.8362026	6	1291
79.6439647	6	1292
77.9943466	6	1293
83.2695960	6	1294
77.8300762	6	1295
79.3199539	6	1296
79.6270370	6	1297
78.2980918	6	1298
79.8387527	6	1299
80.8639526	6	1300
80.0406932	6	1301
77.7592658	6	1302
80.1641941	6	1303
80.0282955	6	1304
81.2819004	6	1305
80.2097320	6	1306
80.5015563	6	1307
80.3174972	6	1308
80.2464485	6	1309
80.0559520	6	1310
79.6704292	6	1311
79.8664093	6	1312
80.1582336	6	1313
83.1623077	6	1314
80.9171199	6	1315
79.6353816	6	1316
79.9596309	6	1317
79.1449546	6	1318
79.0641307	6	1319
79.7169208	6	1320
79.3077945	6	1321
76.8208503	6	1322
78.4494876	6	1323
78.4156322	6	1324
78.6290168	6	1325
78.3381462	6	1326
79.3786048	6	1327
79.2062282	6	1328
79.8244476	6	1329
79.4985294	6	1330
80.0642967	6	1331
82.8704833	6	1332
79.9090862	6	1333
81.4087390	6	1334
79.8974037	6	1335
78.8235664	6	1336
80.4169178	6	1337
80.5602073	6	1338
80.2030563	6	1339
78.2263278	6	1340
80.3563594	6	1341
78.6836147	6	1342
79.6277523	6	1343
80.9297561	6	1344
79.2865753	6	1345
80.2199840	6	1346
79.6623229	6	1347
79.5416831	6	1348
80.0676345	6	1349
81.4568996	6	1350
79.2779922	6	1351
79.8652172	6	1352
80.2240371	6	1353
79.1697502	6	1354
80.5790424	6	1355
80.0540447	6	1356
78.8807868	6	1357
78.4881114	6	1358
80.3940296	6	1359
80.2371501	6	1360
80.6076526	6	1361
80.7843208	6	1362
79.1108608	6	1363
80.7003974	6	1364
80.8727741	6	1365
80.5952548	6	1366
80.6274414	6	1367
79.5681476	6	1368
79.5745849	6	1369
80.5025100	6	1370
81.0060501	6	1371
79.7555446	6	1372
78.4337520	6	1373
78.6380767	6	1374
78.8197517	6	1375
79.9574851	6	1376
80.0883769	6	1377
80.6541442	6	1378
81.2926292	6	1379
81.4769268	6	1380
80.2185535	6	1381
80.2521705	6	1382
80.3620815	6	1383
79.6940326	6	1384
80.8656215	6	1385
79.3805122	6	1386
79.4100761	6	1387
78.8669586	6	1388
80.4600715	6	1389
80.5993080	6	1390
79.1566371	6	1391
80.8544158	6	1392
80.1954269	6	1393
81.1736583	6	1394
80.8584690	6	1395
80.0926685	6	1396
79.3960094	6	1397
80.7778835	6	1398
80.3015232	6	1399
78.9971351	6	1400
79.9643993	6	1401
79.9398422	6	1402
79.6027183	6	1403
81.3066959	6	1404
80.4696083	6	1405
80.4665088	6	1406
79.9164772	6	1407
80.4827213	6	1408
78.6013603	6	1409
79.7667503	6	1410
79.8213481	6	1411
77.9461860	6	1412
80.3782939	6	1413
79.9231529	6	1414
79.9751281	6	1415
80.8491706	6	1416
80.4524421	6	1417
80.1155567	6	1418
82.1003913	6	1419
80.7557106	6	1420
80.5644989	6	1421
79.6713829	6	1422
78.8056850	6	1423
78.8624286	6	1424
78.5503387	6	1425
78.6037445	6	1426
78.3114433	6	1427
78.8781642	6	1428
78.5279273	6	1429
81.5789699	6	1430
80.1506042	6	1431
80.2855491	6	1432
81.2788009	6	1433
80.6088447	6	1434
81.3164710	6	1435
80.8672904	6	1436
83.8320255	6	1437
79.1714191	6	1438
84.1636657	6	1439
78.8087844	6	1440
78.8257122	6	1441
80.2872180	6	1442
79.1032314	6	1443
79.2009830	6	1444
76.7807960	6	1445
79.6113014	6	1446
77.0094394	6	1447
79.4563293	6	1448
80.8718204	6	1449
80.6624889	6	1450
80.8880329	6	1451
79.3149471	6	1452
80.1260471	6	1453
78.9554119	6	1454
80.6841850	6	1455
79.8156261	6	1456
78.6821842	6	1457
79.5736312	6	1458
79.4749259	6	1459
79.9210071	6	1460
80.5554389	6	1461
79.1604518	6	1462
78.8362026	6	1463
80.1527500	6	1464
81.0983180	6	1465
78.9265632	6	1466
80.5630683	6	1467
85.8249664	6	1468
80.3294181	6	1469
80.8205604	6	1470
81.4790725	6	1471
78.5081386	6	1472
79.2417526	6	1473
82.2501182	6	1474
78.1006813	6	1475
76.7052173	6	1476
80.0487995	6	1477
85.6168270	6	1478
79.4863700	6	1479
81.3624858	6	1480
80.2052021	6	1481
79.3809890	6	1482
80.8680057	6	1483
79.9908638	6	1484
79.3793201	6	1485
84.7640037	6	1486
81.1951160	6	1487
82.8962326	6	1488
79.2682170	6	1489
84.5293998	6	1490
79.9069404	6	1491
80.2884101	6	1492
80.4657936	6	1493
78.3350467	6	1494
79.6489715	6	1495
86.8577957	6	1496
80.0740718	6	1497
79.4150829	6	1498
81.3424587	6	1499
79.9145698	6	1500
78.9253711	6	1501
79.3955326	6	1502
79.3397426	6	1503
84.4404697	6	1504
79.7598361	6	1505
78.8276195	6	1506
81.0732841	6	1507
78.8192749	6	1508
79.6484947	6	1509
78.2032012	6	1510
84.2504501	6	1511
81.3345909	6	1512
81.6993713	6	1513
79.7531604	6	1514
82.1018218	6	1515
79.8528194	6	1516
83.9202404	6	1517
79.2376995	6	1518
84.5558643	6	1519
81.5019607	6	1520
78.0906677	6	1521
83.7748050	6	1522
79.2696475	6	1523
79.7348022	6	1524
76.9872665	6	1525
78.7880420	6	1526
77.8751373	6	1527
78.4413814	6	1528
80.4047584	6	1529
76.7505168	6	1530
80.3875923	6	1531
78.1886577	6	1532
78.9530277	6	1533
77.7556896	6	1534
80.4309844	6	1535
81.0556411	6	1536
79.9255371	6	1537
80.5439949	6	1538
80.3062915	6	1539
80.9798240	6	1540
81.4545154	6	1541
79.8046588	6	1542
80.6717872	6	1543
78.5374641	6	1544
79.7848701	6	1545
79.6639919	6	1546
83.7006568	6	1547
80.8243751	6	1548
79.7472000	6	1549
81.5739631	6	1550
77.8224468	6	1551
80.3833007	6	1552
81.8212032	6	1553
81.2220573	6	1554
79.3106555	6	1555
79.5600414	6	1556
80.0824165	6	1557
79.5097351	6	1558
80.0702571	6	1559
78.8505077	6	1560
78.2930850	6	1561
78.7441730	6	1562
78.8521766	6	1563
78.2637596	6	1564
79.0112018	6	1565
80.1191329	6	1566
78.9270401	6	1567
80.5342197	6	1568
79.3550014	6	1569
79.4641971	6	1570
80.5499553	6	1571
80.2252292	6	1572
81.2427997	6	1573
80.6005001	6	1574
80.2786350	6	1575
79.2596340	6	1576
80.7776451	6	1577
80.5952548	6	1578
81.3965797	6	1579
79.7901153	6	1580
78.7060260	6	1581
79.3745517	6	1582
78.6879062	6	1583
79.9210071	6	1584
79.3869495	6	1585
78.8021087	6	1586
77.6627063	6	1587
79.8501968	6	1588
79.7169208	6	1589
78.5403251	6	1590
82.8542709	6	1591
77.4879455	6	1592
79.4754028	6	1593
80.5773735	6	1594
80.7633399	6	1595
80.1718235	6	1596
80.2805423	6	1597
79.8392295	6	1598
79.1337490	6	1599
80.6586742	6	1600
79.3905258	6	1601
81.4368724	6	1602
79.4324874	6	1603
78.9635181	6	1604
80.5666446	6	1605
78.9482593	6	1606
80.5873870	6	1607
79.5247554	6	1608
80.9311866	6	1609
78.5546302	6	1610
79.3354511	6	1611
81.5348625	6	1612
81.4509391	6	1613
79.5650482	6	1614
79.9570083	6	1615
79.8680782	6	1616
79.9267292	6	1617
81.0756683	6	1618
80.5201530	6	1619
78.4032344	6	1620
79.6339511	6	1621
80.0075531	6	1622
80.4555416	6	1623
79.2689323	6	1624
78.7129402	6	1625
78.1733989	6	1626
78.7830352	6	1627
80.8722972	6	1628
79.5691013	6	1629
80.1930427	6	1630
80.5156230	6	1631
79.9334049	6	1632
82.1008682	6	1633
80.1045894	6	1634
79.3223381	6	1635
79.8263549	6	1636
80.6229114	6	1637
79.2469978	6	1638
79.2829990	6	1639
78.0770778	6	1640
79.9453258	6	1641
78.6974430	6	1642
80.2040100	6	1643
78.9973735	6	1644
80.2791118	6	1645
81.1345577	6	1646
79.8971652	6	1647
80.0135135	6	1648
79.2248249	6	1649
80.0983905	6	1650
78.8831710	6	1651
80.6276798	6	1652
81.0468196	6	1653
80.7867050	6	1654
80.6858539	6	1655
79.8766613	6	1656
80.1484584	6	1657
79.9691677	6	1658
80.0859928	6	1659
80.2617073	6	1660
78.9976119	6	1661
79.6425342	6	1662
80.1284313	6	1663
80.2245140	6	1664
79.4250965	6	1665
81.0956954	6	1666
79.6349048	6	1667
78.8416862	6	1668
80.3041458	6	1669
79.7507762	6	1670
79.7846317	6	1671
78.8030624	6	1672
78.9544582	6	1673
79.8587799	6	1674
80.5642604	6	1675
81.9983482	6	1676
81.8083286	6	1677
82.7541351	6	1678
81.2382698	6	1679
81.8400382	6	1680
80.5752277	6	1681
79.6444416	6	1682
80.0161361	6	1683
78.4015655	6	1684
77.9666900	6	1685
77.3141384	6	1686
84.6834182	6	1687
78.5877704	6	1688
80.4753303	6	1689
81.2098979	6	1690
78.7625312	6	1691
78.7599086	6	1692
82.5812816	6	1693
80.4169178	6	1694
77.3775577	6	1695
79.8687934	6	1696
81.3426971	6	1697
78.8142681	6	1698
80.1665782	6	1699
80.8660984	6	1700
77.8234004	6	1701
79.1308879	6	1702
80.8229446	6	1703
81.1159610	6	1704
79.3750286	6	1705
81.6438198	6	1706
79.6594619	6	1707
77.5959491	6	1708
80.6226730	6	1709
80.3961753	6	1710
78.4180164	6	1711
78.2818794	6	1712
78.7580013	6	1713
78.8729190	6	1714
79.3173313	6	1715
80.3472995	6	1716
78.9432525	6	1717
79.6608924	6	1718
80.0275802	6	1719
81.4833641	6	1720
81.4704895	6	1721
79.9281597	6	1722
81.2366008	6	1723
79.8521041	6	1724
80.5227756	6	1725
80.9619426	6	1726
80.0218582	6	1727
82.3593139	6	1728
78.7031650	6	1729
81.5985202	6	1730
78.5660743	6	1731
80.6784629	6	1732
80.1594257	6	1733
79.5538425	6	1734
80.2667140	6	1735
78.6213874	6	1736
80.1172256	6	1737
79.8637866	6	1738
80.9285640	6	1739
79.2508125	6	1740
79.7045230	6	1741
80.5282592	6	1742
78.3450603	6	1743
81.2573432	6	1744
80.1050662	6	1745
79.4515609	6	1746
79.9705982	6	1747
81.7375183	6	1748
79.3714523	6	1749
79.6790122	6	1750
80.2867412	6	1751
79.0836811	6	1752
80.3334712	6	1753
80.3365707	6	1754
79.7967910	6	1755
80.0542831	6	1756
81.0482501	6	1757
79.1673660	6	1758
81.0091495	6	1759
80.0559520	6	1760
80.2521705	6	1761
80.5096626	6	1762
80.4922580	6	1763
78.8986682	6	1764
80.1382064	6	1765
80.3120136	6	1766
78.5830020	6	1767
78.7754058	6	1768
80.0905227	6	1769
78.2294273	6	1770
79.5207023	6	1771
79.9045562	6	1772
78.0088901	6	1773
85.6375694	6	1774
79.6892642	6	1775
80.1203250	6	1776
81.9697380	6	1777
80.6689262	6	1778
79.3671607	6	1779
78.4783363	6	1780
83.0903053	6	1781
83.4841728	6	1782
79.7071456	6	1783
79.0269374	6	1784
78.1307220	6	1785
84.2752456	6	1786
81.2320709	6	1787
83.2989215	6	1788
80.8665752	6	1789
81.3107490	6	1790
81.1014175	6	1791
80.2676677	6	1792
79.8683166	6	1793
84.8162174	6	1794
79.0457725	6	1795
81.4638137	6	1796
79.7367095	6	1797
78.4740447	6	1798
79.1208744	6	1799
79.2021751	6	1800
79.2512893	6	1801
82.3352336	6	1802
80.8122158	6	1803
77.8903961	6	1804
81.4342498	6	1805
80.2173614	6	1806
80.8947086	6	1807
80.4245471	6	1808
81.5095901	6	1809
80.7294845	6	1810
79.1044235	6	1811
81.6357135	6	1812
80.6052684	6	1813
79.4918537	6	1814
79.0891647	6	1815
80.2783966	6	1816
79.1471004	6	1817
78.7043571	6	1818
82.9031467	6	1819
78.5419940	6	1820
79.8370838	6	1821
80.1243782	6	1822
79.3728828	6	1823
80.1560878	6	1824
78.4118175	6	1825
79.8864364	6	1826
79.4882774	6	1827
80.1093578	6	1828
79.9593925	6	1829
79.3750286	6	1830
79.5662403	6	1831
84.5131874	6	1832
80.2738666	6	1833
78.6695480	6	1834
80.5730819	6	1835
78.8741111	6	1836
78.7162780	6	1837
81.3689231	6	1838
83.6446285	6	1839
76.7688751	6	1840
79.7057151	6	1841
81.0184478	6	1842
79.6027183	6	1843
80.3151130	6	1844
84.6483707	6	1845
80.2543163	6	1846
80.0907611	6	1847
81.1362266	6	1848
80.4903507	6	1849
80.5821418	6	1850
80.6798934	6	1851
79.7278881	6	1852
77.8508186	6	1853
80.6319713	6	1854
80.6751251	6	1855
79.0455341	6	1856
82.5903415	6	1857
79.9796581	6	1858
81.4085006	6	1859
80.5082321	6	1860
79.3380737	6	1861
78.7830352	6	1862
78.3011913	6	1863
79.2665481	6	1864
78.3441066	6	1865
78.3367156	6	1866
79.8437595	6	1867
79.7593593	6	1868
78.6166191	6	1869
80.3217887	6	1870
80.8026790	6	1871
79.2715549	6	1872
80.3847312	6	1873
79.5168876	6	1874
79.9083709	6	1875
79.2717933	6	1876
79.9033641	6	1877
79.3957710	6	1878
78.6087512	6	1879
79.6186923	6	1880
77.8322219	6	1881
80.3394317	6	1882
78.3808231	6	1883
79.8637866	6	1884
82.2587013	6	1885
86.3485336	6	1886
80.2853107	6	1887
81.5427303	6	1888
79.4937610	6	1889
81.1991691	6	1890
79.1692733	6	1891
80.2891254	6	1892
79.8225402	6	1893
85.2615833	6	1894
79.4882774	6	1895
77.8946876	6	1896
80.8184146	6	1897
79.7569751	6	1898
80.2130699	6	1899
78.9380073	6	1900
80.4460048	6	1901
85.6359004	6	1902
80.1925659	6	1903
81.0410976	6	1904
83.9672088	6	1905
79.5142650	6	1906
78.7470340	6	1907
84.2075347	6	1908
78.5686969	6	1909
84.9189758	6	1910
80.0578594	6	1911
80.7931423	6	1912
80.9659957	6	1913
79.8392295	6	1914
80.3070068	6	1915
78.2644748	6	1916
79.8242092	6	1917
85.6745243	6	1918
81.0434818	6	1919
79.4320106	6	1920
78.4945487	6	1921
79.9345970	6	1922
78.7985324	6	1923
81.3758373	6	1924
79.0660381	6	1925
86.0645771	6	1926
80.8672904	6	1927
82.1866989	6	1928
82.5972557	6	1929
80.1751613	6	1930
79.8802375	6	1931
79.1466236	6	1932
80.4052352	6	1933
84.5355987	6	1934
81.2275409	6	1935
78.8042545	6	1936
79.2248249	6	1937
79.0312290	6	1938
79.2405605	6	1939
79.7095298	6	1940
78.7897109	6	1941
84.6066474	6	1942
78.7212848	6	1943
79.1897773	6	1944
80.4214477	6	1945
83.1391811	6	1946
77.7699947	6	1947
79.4200897	6	1948
80.6224346	6	1949
85.8960151	6	1950
80.4364681	6	1951
80.3520679	6	1952
79.2822837	6	1953
78.1691074	6	1954
80.4584026	6	1955
78.6728858	6	1956
79.9801349	6	1957
84.9831104	6	1958
81.6049575	6	1959
81.2046527	6	1960
85.0701332	6	1961
79.8821449	6	1962
82.5569629	6	1963
81.8412303	6	1964
79.9517631	6	1965
85.6397151	6	1966
82.7159881	6	1967
79.2822837	6	1968
77.0189762	6	1969
79.8492431	6	1970
79.4415473	6	1971
78.8249969	6	1972
79.9632072	6	1973
85.2293968	6	1974
80.1949501	6	1975
78.7940025	6	1976
80.7323455	6	1977
81.4838409	6	1978
78.9413452	6	1979
80.4910659	6	1980
81.1245441	6	1981
76.8816471	6	1982
80.7199478	6	1983
80.3678035	6	1984
81.5877914	6	1985
79.7080993	6	1986
80.4245471	6	1987
79.9670219	6	1988
80.0743103	6	1989
81.6185474	6	1990
81.1362266	6	1991
79.8246860	6	1992
78.9930820	6	1993
78.9518356	6	1994
84.8994255	6	1995
81.5382003	6	1996
80.2400112	6	1997
78.3860683	6	1998
83.5559368	6	1999
80.0559520	6	2000
79.6940326	6	2001
79.1583061	6	2002
84.2595100	6	2003
77.7962207	6	2004
79.0748596	6	2005
79.3750286	6	2006
77.0177841	6	2007
81.3224315	6	2008
79.4823169	6	2009
80.0945758	6	2010
83.2707881	6	2011
80.8143615	6	2012
80.9164047	6	2013
80.2986621	6	2014
80.2302360	6	2015
79.3275833	6	2016
82.9687118	6	2017
81.6092491	6	2018
78.1171321	6	2019
80.0175666	6	2020
80.8434486	6	2021
81.0880661	6	2022
81.2671184	6	2023
79.8156261	6	2024
80.0909996	6	2025
79.2031288	6	2026
80.7814598	6	2027
79.3890953	6	2028
80.1000595	6	2029
79.0634155	6	2030
82.1249485	6	2031
80.8014869	6	2032
79.6186923	6	2033
81.6273689	6	2034
79.4646739	6	2035
81.5212726	6	2036
80.5017948	6	2037
81.3891887	6	2038
79.2076587	6	2039
79.9174308	6	2040
80.1889896	6	2041
78.4609317	6	2042
80.7812213	6	2043
79.2059898	6	2044
79.0627002	6	2045
78.2849788	6	2046
79.3185234	6	2047
79.7140598	6	2048
79.1723728	6	2049
81.3817977	6	2050
80.7175636	6	2051
80.6145668	6	2052
81.2635421	6	2053
80.1661014	6	2054
81.5885066	6	2055
78.4509181	6	2056
79.8931121	6	2057
78.6261558	6	2058
79.9076557	6	2059
80.5556774	6	2060
81.2048912	6	2061
79.5011520	6	2062
79.0407657	6	2063
80.3577899	6	2064
78.8900852	6	2065
80.3616046	6	2066
80.4307460	6	2067
79.4920921	6	2068
79.5547962	6	2069
81.4614295	6	2070
80.6291103	6	2071
78.1054496	6	2072
80.3079605	6	2073
79.1420936	6	2074
80.7747840	6	2075
81.6390514	6	2076
80.9946060	6	2077
79.3197154	6	2078
79.4782638	6	2079
80.5113315	6	2080
79.6482563	6	2081
80.9121131	6	2082
78.9809226	6	2083
79.2629718	6	2084
81.4247131	6	2085
81.0520648	6	2086
80.6503295	6	2087
80.7483196	6	2088
81.4604759	6	2089
79.4188976	6	2090
86.0140323	6	2091
80.4445743	6	2092
81.1502933	6	2093
84.2301845	6	2094
79.7615051	6	2095
80.7814598	6	2096
80.0709724	6	2097
79.7042846	6	2098
77.1882534	6	2099
79.5528888	6	2100
77.8589248	6	2101
85.5386257	6	2102
79.2677402	6	2103
78.8953304	6	2104
80.3184509	6	2105
80.5630683	6	2106
79.8015594	6	2107
80.9319019	6	2108
80.3551673	6	2109
78.0336856	6	2110
79.5035362	6	2111
79.8852443	6	2112
79.8788070	6	2113
80.4288387	6	2114
80.2502632	6	2115
79.3383121	6	2116
79.0114402	6	2117
79.5998573	6	2118
80.4369449	6	2119
78.9237022	6	2120
79.7801017	6	2121
79.7843933	6	2122
79.7305107	6	2123
81.7916393	6	2124
80.0013542	6	2125
79.9577236	6	2126
80.9044837	6	2127
79.7863006	6	2128
85.0770473	6	2129
81.6373825	6	2130
79.4477462	6	2131
78.1624317	6	2132
79.0739059	6	2133
78.6762237	6	2134
79.2276859	6	2135
79.4627666	6	2136
86.8759155	6	2137
80.1699161	6	2138
80.1234245	6	2139
80.8095932	6	2140
81.0518264	6	2141
80.6789398	6	2142
80.4414749	6	2143
83.3148956	6	2144
78.4959793	6	2145
81.0093879	6	2146
78.7248611	6	2147
79.0071487	6	2148
79.1878700	6	2149
86.8558883	6	2150
80.4884433	6	2151
76.9708156	6	2152
81.3386440	6	2153
80.4862976	6	2154
79.2715549	6	2155
80.4784297	6	2156
81.6354751	6	2157
82.8444957	6	2158
79.7872543	6	2159
79.8480510	6	2160
79.9386501	6	2161
80.3472995	6	2162
79.1802406	6	2163
78.4702301	6	2164
78.9737701	6	2165
78.0513286	6	2166
79.1382789	6	2167
80.1560878	6	2168
80.8734893	6	2169
80.5332660	6	2170
80.0383090	6	2171
81.1438560	6	2172
80.2259445	6	2173
80.4274082	6	2174
85.8790874	6	2175
80.0554752	6	2176
79.5168876	6	2177
80.1343917	6	2178
80.1258087	6	2179
78.1836509	6	2180
78.2322883	6	2181
76.9906044	6	2182
83.7707519	6	2183
81.2911987	6	2184
81.0377597	6	2185
80.1484584	6	2186
78.2911777	6	2187
79.4653892	6	2188
80.5399417	6	2189
80.5463790	6	2190
77.4950981	6	2191
79.6530246	6	2192
79.7460079	6	2193
80.6353092	6	2194
80.4696083	6	2195
79.1532993	6	2196
79.5967578	6	2197
79.4610977	6	2198
80.5809497	6	2199
80.5358886	6	2200
79.8029899	6	2201
84.9568843	6	2202
80.5923938	6	2203
80.9638500	6	2204
83.4867954	6	2205
80.5554389	6	2206
78.6769390	6	2207
79.7092914	6	2208
80.5585384	6	2209
86.5590572	6	2210
79.0944099	6	2211
80.4505348	6	2212
79.1370868	6	2213
81.5148353	6	2214
80.6694030	6	2215
80.1169872	6	2216
80.0795555	6	2217
85.4716300	6	2218
80.8908939	6	2219
82.0934772	6	2220
81.4867019	6	2221
83.9271545	6	2222
78.6130428	6	2223
85.2751731	6	2224
79.1573524	6	2225
77.0711898	6	2226
78.8455009	6	2227
77.9333114	6	2228
78.5934925	6	2229
84.4824314	6	2230
80.2695751	6	2231
82.8814506	6	2232
80.5971622	6	2233
80.1811218	6	2234
79.4079303	6	2235
79.9908638	6	2236
80.0678730	6	2237
76.8816471	6	2238
79.3831348	6	2239
77.3332118	6	2240
78.9849758	6	2241
79.0591239	6	2242
79.9524784	6	2243
78.5613059	6	2244
79.5569419	6	2245
79.3809890	6	2246
79.0591239	6	2247
80.3883075	6	2248
78.9291858	6	2249
78.7732601	6	2250
78.7785053	6	2251
78.8309574	6	2252
78.3021450	6	2253
78.6046981	6	2254
78.7205696	6	2255
78.1655311	6	2256
79.0991783	6	2257
79.9250602	6	2258
80.0058841	6	2259
80.5711746	6	2260
80.9009075	6	2261
80.0406932	6	2262
81.2509059	6	2263
80.5439949	6	2264
81.4075469	6	2265
81.1820030	6	2266
80.1341533	6	2267
80.7671546	6	2268
79.0855884	6	2269
79.9207687	6	2270
78.6228179	6	2271
78.3994197	6	2272
79.9298286	6	2273
80.4998874	6	2274
79.5316696	6	2275
79.5545578	6	2276
81.2616348	6	2277
79.9999237	6	2278
82.2107791	6	2279
80.8291435	6	2280
79.1785717	6	2281
79.1814327	6	2282
80.8486938	6	2283
80.5103778	6	2284
79.4420242	6	2285
80.4648399	6	2286
77.6007175	6	2287
78.8655281	6	2288
80.1477432	6	2289
81.1877250	6	2290
78.4974098	6	2291
80.3840160	6	2292
79.2853832	6	2293
84.9926471	6	2294
80.1534652	6	2295
79.6420574	6	2296
79.3690681	6	2297
78.6726474	6	2298
80.2259445	6	2299
78.4122943	6	2300
80.0628662	6	2301
76.6057968	6	2302
79.5989036	6	2303
80.9557437	6	2304
78.7811279	6	2305
79.4956684	6	2306
79.7262191	6	2307
86.8294239	6	2308
80.6481838	6	2309
80.9628963	6	2310
78.7451267	6	2311
77.7790546	6	2312
79.1158676	6	2313
78.7782669	6	2314
84.5718383	6	2315
80.6128978	6	2316
79.0488719	6	2317
79.7457695	6	2318
79.5726776	6	2319
80.7843208	6	2320
80.0778865	6	2321
81.0165405	6	2322
85.3664875	6	2323
81.1438560	6	2324
81.3753604	6	2325
79.3709754	6	2326
82.7748775	6	2327
80.4517269	6	2328
80.3878307	6	2329
79.0667533	6	2330
84.1879844	6	2331
80.3360939	6	2332
78.9849758	6	2333
86.3509178	6	2334
77.7921676	6	2335
83.6062431	6	2336
81.7782878	6	2337
80.8460712	6	2338
81.4785957	6	2339
81.6998481	6	2340
81.4151763	6	2341
83.5478305	6	2342
81.8572044	6	2343
77.4655342	6	2344
78.9334774	6	2345
77.4996280	6	2346
78.7050724	6	2347
78.8865089	6	2348
79.5207023	6	2349
80.3778171	6	2350
79.6194076	6	2351
80.6584358	6	2352
80.9402465	6	2353
81.0198783	6	2354
80.9473991	6	2355
80.1875591	6	2356
79.5102119	6	2357
79.2384147	6	2358
81.5813541	6	2359
77.8934955	6	2360
79.3752670	6	2361
78.0687332	6	2362
77.7919292	6	2363
78.8650512	6	2364
78.1974792	6	2365
79.2665481	6	2366
77.4238109	6	2367
79.0696144	6	2368
78.9124965	6	2369
79.6027183	6	2370
79.7493457	6	2371
78.8042545	6	2372
80.1992416	6	2373
78.9132118	6	2374
80.8904170	6	2375
78.6671638	6	2376
80.1208019	6	2377
79.0941715	6	2378
79.4150829	6	2379
80.0237655	6	2380
81.5591812	6	2381
81.0117721	6	2382
80.9013843	6	2383
81.4530849	6	2384
80.1184177	6	2385
81.7582607	6	2386
80.5895328	6	2387
80.7130336	6	2388
79.2453289	6	2389
78.9124965	6	2390
79.3612003	6	2391
78.9332389	6	2392
78.2811641	6	2393
80.0158977	6	2394
79.2276859	6	2395
79.1034698	6	2396
80.2993774	6	2397
80.5497169	6	2398
80.0690650	6	2399
81.8755626	6	2400
79.8530578	6	2401
79.9691677	6	2402
86.0650539	6	2403
78.4981250	6	2404
79.3163776	6	2405
79.3702602	6	2406
79.3027877	6	2407
78.5098075	6	2408
78.6795616	6	2409
79.1893005	6	2410
86.1067771	6	2411
80.7311534	6	2412
81.1843872	6	2413
79.3874263	6	2414
83.9738845	6	2415
80.2693367	6	2416
78.5787105	6	2417
79.2388916	6	2418
82.8280448	6	2419
78.0630111	6	2420
79.2915821	6	2421
79.5073509	6	2422
83.6906433	6	2423
79.7448158	6	2424
79.5896053	6	2425
78.7165164	6	2426
76.9305229	6	2427
80.6922912	6	2428
79.8060894	6	2429
79.4415473	6	2430
84.5196247	6	2431
80.3115367	6	2432
79.6258449	6	2433
79.1537761	6	2434
80.2090167	6	2435
78.5212516	6	2436
78.8280963	6	2437
79.8823833	6	2438
76.7061710	6	2439
80.0261497	6	2440
80.9755325	6	2441
79.3001651	6	2442
81.0680389	6	2443
81.4707279	6	2444
79.8804759	6	2445
79.9009799	6	2446
79.5118808	6	2447
79.2164802	6	2448
79.4894695	6	2449
81.1836719	6	2450
80.2550315	6	2451
80.3244113	6	2452
79.7970294	6	2453
80.5125236	6	2454
80.9605121	6	2455
80.2283287	6	2456
80.9931755	6	2457
79.5958042	6	2458
80.0783634	6	2459
79.6062946	6	2460
80.0538063	6	2461
79.1146755	6	2462
79.0827274	6	2463
78.6514282	6	2464
79.3943405	6	2465
80.4533958	6	2466
79.3149471	6	2467
79.2911052	6	2468
81.3193321	6	2469
80.7533264	6	2470
80.2385807	6	2471
81.3579559	6	2472
80.1849365	6	2473
78.6869525	6	2474
80.3167819	6	2475
80.8248519	6	2476
78.8784027	6	2477
78.8185596	6	2478
78.5453319	6	2479
78.5396099	6	2480
78.8652896	6	2481
80.0631046	6	2482
78.3321857	6	2483
78.8321495	6	2484
79.0543556	6	2485
83.7829113	6	2486
80.8205604	6	2487
80.1365375	6	2488
78.3152580	6	2489
78.8812637	6	2490
80.1322460	6	2491
79.5085430	6	2492
78.9811611	6	2493
77.0192146	6	2494
78.3743858	6	2495
80.5015563	6	2496
85.6142044	6	2497
80.1346302	6	2498
81.6128253	6	2499
81.5474987	6	2500
81.4073085	6	2501
79.9708366	6	2502
81.4743041	6	2503
80.8675289	6	2504
84.9738121	6	2505
79.5140266	6	2506
81.8898677	6	2507
80.9388160	6	2508
81.1724662	6	2509
80.7795524	6	2510
78.6895751	6	2511
78.8841247	6	2512
84.6009254	6	2513
80.4207324	6	2514
81.9499492	6	2515
78.4671306	6	2516
78.6180496	6	2517
85.7920646	6	2518
79.7386169	6	2519
79.2481899	6	2520
83.9650630	6	2521
79.1962146	6	2522
78.6311626	6	2523
81.6042423	6	2524
80.0874233	6	2525
85.5886936	6	2526
79.8187255	6	2527
81.0160636	6	2528
76.5721797	6	2529
79.7908306	6	2530
78.4645080	6	2531
79.1499614	6	2532
78.2909393	6	2533
86.1849784	6	2534
77.9581069	6	2535
77.9404640	6	2536
80.8660984	6	2537
80.2257061	6	2538
80.8515548	6	2539
80.1713466	6	2540
80.9290409	6	2541
85.5262279	6	2542
79.9190998	6	2543
80.3153514	6	2544
79.3042182	6	2545
79.2124271	6	2546
78.9189338	6	2547
79.3826580	6	2548
78.8104534	6	2549
82.9100608	6	2550
81.0606479	6	2551
78.7725448	6	2552
80.2686214	6	2553
80.8801651	6	2554
80.2142620	6	2555
82.3669433	6	2556
80.7940959	6	2557
77.8119564	6	2558
81.5403461	6	2559
79.0178775	6	2560
79.4639587	6	2561
79.6439647	6	2562
80.1906585	6	2563
78.4711837	6	2564
81.0921192	6	2565
79.2090892	6	2566
79.1594982	6	2567
81.1018943	6	2568
80.7027816	6	2569
81.0334682	6	2570
80.5888175	6	2571
81.1963081	6	2572
78.6614418	6	2573
81.0320377	6	2574
80.5811882	6	2575
79.1399478	6	2576
79.8516273	6	2577
78.3736705	6	2578
80.1539421	6	2579
78.4218311	6	2580
81.1803340	6	2581
78.6180496	6	2582
78.5071849	6	2583
80.2702903	6	2584
80.1801681	6	2585
86.2894058	6	2586
79.5769691	6	2587
80.7926654	6	2588
79.9932479	6	2589
80.7392597	6	2590
81.4690589	6	2591
78.9849758	6	2592
79.9374580	6	2593
77.3017406	6	2594
80.0831317	6	2595
79.7777175	6	2596
80.7030200	6	2597
79.7250270	6	2598
79.5264244	6	2599
78.7551403	6	2600
78.3920288	6	2601
84.6724510	6	2602
78.7739753	6	2603
79.8857212	6	2604
79.9074172	6	2605
84.7327709	6	2606
79.8902511	6	2607
83.7905406	6	2608
79.1881084	6	2609
83.1441879	6	2610
80.1444053	6	2611
78.9985656	6	2612
80.9729099	6	2613
84.5708847	6	2614
81.6771984	6	2615
78.1648159	6	2616
79.3406963	6	2617
84.2320919	6	2618
78.5260200	6	2619
79.6680450	6	2620
78.1762599	6	2621
86.4329338	6	2622
80.1956653	6	2623
80.0611972	6	2624
79.9610614	6	2625
78.6852836	6	2626
80.3382396	6	2627
79.7774791	6	2628
80.5418491	6	2629
86.7979526	6	2630
80.6741714	6	2631
80.6934833	6	2632
80.8126926	6	2633
79.9937248	6	2634
79.4498920	6	2635
79.1339874	6	2636
80.1990032	6	2637
85.7887268	6	2638
79.0512561	6	2639
77.9259204	6	2640
77.8388977	6	2641
79.4227123	6	2642
85.0274562	6	2643
80.8064937	6	2644
81.2370777	6	2645
82.0057392	6	2646
80.6126594	6	2647
79.5331001	6	2648
81.6247463	6	2649
80.7185173	6	2650
82.9358100	6	2651
78.4089565	6	2652
78.3612728	6	2653
78.0088901	6	2654
79.5948505	6	2655
80.1424980	6	2656
83.6308002	6	2657
79.1792869	6	2658
83.0252170	6	2659
79.1268348	6	2660
80.6345939	6	2661
81.0465812	6	2662
79.9100399	6	2663
79.4708728	6	2664
76.9543647	6	2665
80.7194709	6	2666
77.4283409	6	2667
80.0843238	6	2668
79.3848037	6	2669
79.1273117	6	2670
78.7782669	6	2671
80.0075531	6	2672
80.2638530	6	2673
77.9402256	6	2674
79.2977809	6	2675
78.8197517	6	2676
80.5115699	6	2677
79.8211097	6	2678
80.1770687	6	2679
80.5473327	6	2680
81.3343524	6	2681
81.3026428	6	2682
82.1747779	6	2683
81.3057422	6	2684
78.6108970	6	2685
78.8800716	6	2686
79.5755386	6	2687
78.0422687	6	2688
79.0412425	6	2689
79.5128345	6	2690
79.6015262	6	2691
79.1652202	6	2692
80.0287723	6	2693
79.0646076	6	2694
84.5940113	6	2695
80.8782577	6	2696
80.3523063	6	2697
79.2500972	6	2698
81.1421871	6	2699
80.5816650	6	2700
80.8093547	6	2701
80.4617404	6	2702
76.8427848	6	2703
79.1907310	6	2704
79.0512561	6	2705
80.7693004	6	2706
80.1756381	6	2707
84.6686363	6	2708
78.0158042	6	2709
78.8929462	6	2710
80.2085399	6	2711
79.4458389	6	2712
79.8225402	6	2713
79.7538757	6	2714
84.0711593	6	2715
76.9889354	6	2716
79.3313980	6	2717
81.7821025	6	2718
78.8149833	6	2719
82.5076103	6	2720
79.7576904	6	2721
80.2509784	6	2722
77.9445171	6	2723
79.6058177	6	2724
80.6591510	6	2725
78.6750316	6	2726
80.6069374	6	2727
78.9179801	6	2728
81.2146663	6	2729
81.1600685	6	2730
80.2922248	6	2731
78.9375305	6	2732
80.0569057	6	2733
80.2922248	6	2734
80.3580284	6	2735
81.6926956	6	2736
79.5035362	6	2737
78.3264636	6	2738
79.9047946	6	2739
78.2492160	6	2740
80.1804065	6	2741
79.2605876	6	2742
78.4442424	6	2743
78.3815383	6	2744
79.6592235	6	2745
79.9374580	6	2746
80.1110267	6	2747
78.9980888	6	2748
79.4048309	6	2749
79.8149108	6	2750
80.5902481	6	2751
80.2516937	6	2752
79.7896385	6	2753
79.6501636	6	2754
80.1985263	6	2755
79.3759822	6	2756
81.0239315	6	2757
79.9224376	6	2758
78.4888267	6	2759
79.7562599	6	2760
79.4084072	6	2761
79.8883438	6	2762
79.0174007	6	2763
78.9415836	6	2764
80.2593231	6	2765
79.5643329	6	2766
80.2762508	6	2767
79.7114372	6	2768
81.7997455	6	2769
79.0250301	6	2770
80.2264213	6	2771
79.6220302	6	2772
79.6520709	6	2773
80.1322460	6	2774
79.6792507	6	2775
82.8528404	6	2776
80.2860260	6	2777
79.8263549	6	2778
78.9284706	6	2779
79.7758102	6	2780
80.9283256	6	2781
79.2045593	6	2782
83.1992626	6	2783
77.5556564	6	2784
79.5702934	6	2785
79.1523456	6	2786
78.1424045	6	2787
79.9670219	6	2788
78.1435966	6	2789
79.9763202	6	2790
76.8408775	6	2791
79.9994468	6	2792
79.8115730	6	2793
80.8215141	6	2794
81.4301967	6	2795
80.8196067	6	2796
80.1455974	6	2797
79.1029930	6	2798
80.0628662	6	2799
85.7825279	6	2800
80.2702903	6	2801
80.9662342	6	2802
79.8215866	6	2803
80.7309150	6	2804
81.4225673	6	2805
80.7051658	6	2806
80.8618068	6	2807
85.2742195	6	2808
80.9071063	6	2809
79.5605182	6	2810
80.1537036	6	2811
78.2976150	6	2812
78.2005786	6	2813
79.2453289	6	2814
83.3449363	6	2815
77.4455070	6	2816
80.5408954	6	2817
80.7931423	6	2818
79.5497894	6	2819
83.2219123	6	2820
82.7894210	6	2821
80.5923938	6	2822
84.9719047	6	2823
80.7218551	6	2824
79.1671276	6	2825
83.5790634	6	2826
79.2520046	6	2827
77.2154331	6	2828
76.9045352	6	2829
81.3307762	6	2830
82.9787254	6	2831
78.8536071	6	2832
80.2485942	6	2833
77.9142379	6	2834
80.2054405	6	2835
80.2288055	6	2836
80.3797245	6	2837
79.3280601	6	2838
77.7065753	6	2839
85.2980613	6	2840
80.3740024	6	2841
81.7654132	6	2842
80.7986259	6	2843
79.9167156	6	2844
78.9320468	6	2845
80.5580615	6	2846
85.0169658	6	2847
81.3722610	6	2848
79.5331001	6	2849
84.9943161	6	2850
78.9003372	6	2851
79.4854164	6	2852
79.5025825	6	2853
78.9012908	6	2854
85.1387977	6	2855
78.4802436	6	2856
79.7498226	6	2857
84.0535163	6	2858
81.6471576	6	2859
78.7453651	6	2860
80.9421539	6	2861
80.7912349	6	2862
79.1375637	6	2863
79.2176723	6	2864
81.3574790	6	2865
78.3936977	6	2866
79.1778564	6	2867
81.2935829	6	2868
80.3353786	6	2869
79.4887542	6	2870
82.4575424	6	2871
80.2049636	6	2872
78.2308578	6	2873
80.4007053	6	2874
80.4495811	6	2875
79.3356895	6	2876
80.5649757	6	2877
80.9693336	6	2878
79.7801017	6	2879
80.1775455	6	2880
80.1424980	6	2881
87.3837471	6	2882
80.3034305	6	2883
80.2695751	6	2884
79.4978141	6	2885
79.9775123	6	2886
80.8851718	6	2887
79.9529552	6	2888
78.9055824	6	2889
85.9010219	6	2890
82.6277732	6	2891
78.8288116	6	2892
79.2083740	6	2893
80.4712772	6	2894
78.9792537	6	2895
79.4441699	6	2896
85.6835842	6	2897
80.6560516	6	2898
81.2771320	6	2899
78.9096355	6	2900
77.4550437	6	2901
83.5421085	6	2902
80.6968212	6	2903
83.1167697	6	2904
76.9052505	6	2905
84.1808319	6	2906
80.9118747	6	2907
80.4064273	6	2908
79.6823501	6	2909
86.0533714	6	2910
79.7550678	6	2911
79.8857212	6	2912
80.7328224	6	2913
78.7572860	6	2914
79.9064636	6	2915
80.2075862	6	2916
81.5558433	6	2917
77.0626068	6	2918
79.6859264	6	2919
80.8973312	6	2920
79.6954631	6	2921
81.1200141	6	2922
81.2671184	6	2923
78.9918899	6	2924
78.6495208	6	2925
80.9876918	6	2926
80.0945758	6	2927
79.6244144	6	2928
78.9470672	6	2929
79.8316001	6	2930
79.0936946	6	2931
81.1712741	6	2932
79.7865390	6	2933
81.3069343	6	2934
80.4874897	6	2935
82.5822353	6	2936
80.4402828	6	2937
80.6739330	6	2938
81.7201137	6	2939
80.6310176	6	2940
79.9772739	6	2941
80.1992416	6	2942
78.7940025	6	2943
78.7887573	6	2944
78.6039829	6	2945
80.1815986	6	2946
79.4730186	6	2947
79.6828269	6	2948
79.2996883	6	2949
79.5383453	6	2950
79.4496536	6	2951
81.4294815	6	2952
80.6891918	6	2953
79.8392295	6	2954
80.1877975	6	2955
80.5666446	6	2956
80.5730819	6	2957
79.6487331	6	2958
80.6267261	6	2959
79.0336132	6	2960
86.4667892	6	2961
79.6105861	6	2962
81.0818672	6	2963
80.2586078	6	2964
81.3667774	6	2965
80.5189609	6	2966
79.4272422	6	2967
82.1244716	6	2968
84.4557285	6	2969
79.2992115	6	2970
77.6748657	6	2971
79.1523456	6	2972
80.5337429	6	2973
78.1958103	6	2974
79.3669223	6	2975
79.3852806	6	2976
77.8605937	6	2977
79.7097682	6	2978
81.0580253	6	2979
80.1472663	6	2980
85.3796005	6	2981
80.9142589	6	2982
79.4401168	6	2983
80.2087783	6	2984
85.9031677	6	2985
79.2689323	6	2986
78.5069465	6	2987
80.2295207	6	2988
84.6426486	6	2989
78.5467624	6	2990
80.2900791	6	2991
84.0568542	6	2992
85.6480598	6	2993
80.2748203	6	2994
81.3910961	6	2995
79.3893337	6	2996
84.1162204	6	2997
80.5695056	6	2999
91.1748409	6	2998
83.5459232	6	3000
avg:  80.29171721140544
std:  2.272159738155979
p95:  84.34302806854247
p99:  86.32911205291748
com:  93.63806984564792
thg:  9.36380698456479
FCT:  32.03825116157532
que:  3.9598633448282876
los:  0.0
3000 0
**********************
