[ 8  4 10 ...  4  8  2]
84.9664211	6	1
85.4251384	6	2
84.6824645	6	3
84.0959548	6	4
84.7985744	6	5
85.7608318	6	6
86.0929489	6	7
83.4133625	6	8
86.5752696	6	9
83.9068889	6	10
80.6491374	6	11
85.3965282	6	12
85.5002403	6	13
85.1216316	6	14
79.3359279	6	16
94.8071479	6	15
79.3695449	6	18
95.2873229	6	17
80.8036327	6	20
92.2379493	6	19
81.4385414	6	21
86.8999958	6	22
83.2247734	6	24
91.6018486	6	23
79.7896385	6	26
79.8654556	6	27
100.574970	6	25
79.3919563	6	29
94.1386222	6	28
83.3141803	6	30
79.4644355	6	31
85.1156711	6	32
86.5685939	6	33
79.4730186	6	34
81.2232494	6	35
83.2874774	6	36
77.7380466	6	37
81.5787315	6	38
80.5063247	6	39
78.3097743	6	40
77.1296024	6	41
79.2553424	6	42
81.5172195	6	43
76.9186019	6	44
78.4850120	6	45
80.8980464	6	46
77.1656036	6	47
80.8331966	6	48
79.8568725	6	49
77.2738456	6	50
76.8330097	6	51
78.6914825	6	52
80.8651447	6	53
76.5335559	6	54
77.9423713	6	55
80.7740688	6	56
77.1086215	6	57
80.6941986	6	58
79.7710418	6	59
76.6890048	6	60
76.4298439	6	61
78.7041187	6	62
84.0952396	6	63
77.0940780	6	64
77.8989791	6	65
81.3012123	6	66
76.9417285	6	67
80.8880329	6	68
78.9227485	6	69
76.7712593	6	70
77.0235061	6	71
79.8611640	6	72
76.5619277	6	74
85.1299762	6	73
78.9361000	6	75
82.4129581	6	76
77.7010917	6	77
80.9996128	6	78
79.4212818	6	79
77.2292613	6	80
77.6467323	6	81
80.6412696	6	82
78.0105590	6	84
85.6499671	6	83
77.9321193	6	85
81.6407203	6	86
77.8326988	6	87
80.7535648	6	88
79.8637866	6	89
76.9505500	6	90
78.0603885	6	91
80.5470943	6	92
85.9858989	6	93
85.8738422	6	94
81.0058116	6	95
81.8443298	6	96
77.6638984	6	97
81.2411308	6	98
80.1160335	6	99
78.0136585	6	100
77.8164863	6	101
80.4781913	6	102
85.1559638	6	103
85.1008892	6	104
80.4920196	6	105
81.7108154	6	106
84.5828056	6	107
80.7557106	6	108
79.4641971	6	109
77.2013664	6	110
84.8131179	6	111
77.6283740	6	113
92.2985076	6	112
77.5291919	6	114
80.0585746	6	115
81.2406539	6	116
83.8010311	6	117
79.9660682	6	118
78.6509513	6	119
76.5504837	6	120
83.9445590	6	121
77.3434638	6	123
77.6250362	6	124
92.9334163	6	122
79.8640251	6	125
81.8572044	6	126
84.0780735	6	127
80.6818008	6	128
78.1915187	6	129
76.4544010	6	130
84.0642452	6	131
86.1432552	6	132
76.8556594	6	134
85.2308273	6	133
78.7985324	6	135
80.4922580	6	136
83.4546089	6	137
85.2217674	6	138
78.3972740	6	139
76.8237113	6	140
83.1589698	6	141
85.0031375	6	142
83.8341712	6	143
77.6948928	6	144
79.0970325	6	145
80.0328254	6	146
83.1224918	6	147
76.7493247	6	149
86.3668918	6	148
76.8854618	6	150
82.4041366	6	151
84.6936702	6	152
84.1548442	6	153
77.0828723	6	154
77.9457092	6	155
80.3127288	6	156
82.0631980	6	157
83.8017463	6	158
77.4557590	6	159
76.7211914	6	160
81.4721584	6	161
84.4032764	6	162
82.8075408	6	163
77.2554874	6	164
77.7781009	6	165
79.9040794	6	166
82.2424888	6	167
84.0330123	6	168
77.1358013	6	169
76.6203403	6	170
80.7225704	6	171
84.3467712	6	172
82.7064514	6	173
83.0223560	6	174
77.1393775	6	175
79.7164440	6	176
81.7101001	6	177
83.3454132	6	178
77.1698951	6	179
76.5008926	6	180
80.1682472	6	181
85.8082771	6	182
76.6444206	6	184
88.8872146	6	183
76.4665603	6	185
79.2989730	6	186
77.1658420	6	188
90.1551246	6	187
77.1317481	6	189
76.9174098	6	190
80.6610584	6	191
84.7580432	6	192
76.7271518	6	194
87.8005027	6	193
76.3907432	6	195
79.9012184	6	196
84.6333503	6	197
81.9151401	6	198
76.9007205	6	199
76.3652324	6	200
78.9246559	6	201
84.7594738	6	202
84.0356349	6	203
80.8203220	6	204
76.5640735	6	205
81.3901424	6	206
77.1901607	6	208
90.4939174	6	207
77.5723457	6	209
76.9171714	6	210
79.3375968	6	211
85.4661464	6	212
84.6266746	6	213
80.7743072	6	214
76.6806602	6	215
82.7212333	6	216
84.7358703	6	217
81.3255310	6	218
77.7988433	6	219
77.0039558	6	220
78.2039165	6	221
83.8513374	6	222
83.6629867	6	223
80.0366401	6	224
76.2391090	6	225
80.7111263	6	226
82.9219818	6	227
80.3585052	6	228
76.2791633	6	229
77.2328376	6	230
76.8532752	6	231
83.6052894	6	232
82.5710296	6	233
79.1912078	6	234
76.6825675	6	235
80.9276103	6	236
77.3081779	6	238
88.1395339	6	237
77.0959854	6	239
81.5315246	6	240
77.2907733	6	241
89.2543792	6	242
82.4532508	6	243
79.1542530	6	244
76.4267444	6	245
83.2633972	6	246
80.4219245	6	248
88.9723300	6	247
88.4165763	6	249
81.8879604	6	250
76.5767097	6	251
81.9225311	6	253
90.3396606	6	252
82.6835632	6	254
79.0526866	6	255
84.9733352	6	256
80.9512138	6	258
90.6116962	6	257
81.4952850	6	260
90.1598930	6	259
77.5849819	6	261
91.1052227	6	262
83.9536190	6	263
84.1255187	6	264
79.0872573	6	265
85.1020812	6	266
89.1220569	6	267
84.4237804	6	268
89.1995429	6	269
82.4780464	6	270
78.6516666	6	271
91.1283493	6	272
89.9672508	6	273
78.2065391	6	275
87.3527526	6	274
88.5007381	6	276
90.2578830	6	277
78.4592628	6	279
97.6927280	6	278
82.8905105	6	280
79.1027545	6	281
92.8318500	6	282
82.8058719	6	284
93.5046672	6	283
80.1100730	6	285
91.1264419	6	286
84.7787857	6	288
92.9927825	6	287
88.9470577	6	289
82.0131301	6	290
78.2878398	6	291
84.3338966	6	293
82.5252532	6	294
98.3521938	6	292
79.0991783	6	295
90.5251502	6	296
88.9723300	6	297
84.6991539	6	298
82.2734832	6	300
77.2688388	6	301
94.2933559	6	299
83.8062763	6	303
91.7339324	6	302
82.2277069	6	304
78.9480209	6	305
90.7921791	6	306
80.9838771	6	308
91.1767482	6	307
88.8972282	6	309
84.3880176	6	310
80.4214477	6	311
89.1113281	6	312
85.1647853	6	313
81.6280841	6	314
78.3858299	6	315
82.7033519	6	317
83.1329822	6	318
98.9809036	6	316
88.7098312	6	319
84.1531753	6	320
80.5556774	6	321
89.2996788	6	322
85.0794315	6	323
81.6864967	6	324
77.8942108	6	325
82.7484130	6	327
95.8352088	6	326
83.2862854	6	328
81.4330577	6	330
91.4199352	6	329
80.1720619	6	331
88.4473323	6	332
84.6107006	6	333
82.6146602	6	334
78.6006450	6	335
90.4321670	6	336
81.8896293	6	338
90.9509658	6	337
90.2638435	6	339
84.0883255	6	340
80.0735950	6	341
81.0809135	6	343
92.5314426	6	342
82.0508003	6	344
78.0777931	6	345
89.7517204	6	346
81.6826820	6	348
90.6586647	6	347
90.6908512	6	349
83.6312770	6	350
80.2433490	6	351
85.1304531	6	353
96.9176292	6	352
82.0748805	6	354
78.1164169	6	355
81.5119743	6	357
97.0265865	6	356
83.6124420	6	358
86.6625308	6	359
83.3253860	6	360
79.8161029	6	361
84.6719741	6	363
95.8046913	6	362
81.2430381	6	364
76.5221118	6	365
80.1036357	6	367
95.4144001	6	366
81.8510055	6	368
89.9252891	6	369
82.8642845	6	370
78.2721042	6	371
90.8226966	6	372
88.0310535	6	373
84.3591690	6	374
77.0547389	6	375
87.3799324	6	376
87.7964496	6	377
86.5790843	6	378
90.2955532	6	379
85.1693153	6	380
79.6368122	6	381
86.7035388	6	382
80.3606510	6	384
91.5503501	6	383
79.3282985	6	385
79.6554088	6	387
80.7414054	6	388
102.792978	6	386
82.5545787	6	390
92.3275947	6	389
85.0036144	6	391
78.9978504	6	393
93.2095050	6	392
80.3012847	6	394
79.1268348	6	395
79.8521041	6	397
92.6489830	6	396
87.5468254	6	398
82.3440551	6	400
92.9145812	6	399
79.3390274	6	402
78.7866115	6	403
77.5465965	6	404
100.694179	6	401
78.1762599	6	405
78.7713527	6	407
101.538896	6	406
79.7891616	6	409
97.3863601	6	408
76.9553184	6	411
78.6237716	6	412
98.8578796	6	410
78.0036449	6	413
78.3929824	6	415
91.1631584	6	414
79.1110992	6	417
98.0029106	6	416
78.2368183	6	419
92.0581817	6	418
84.4876766	6	420
86.7426395	6	421
84.3341350	6	422
77.1300792	6	423
90.8544063	6	424
84.3441486	6	425
86.6537094	6	426
85.9763622	6	427
81.6969871	6	428
83.6513042	6	429
83.5354328	6	430
85.8788490	6	431
83.2419395	6	432
76.2991905	6	433
83.2459926	6	435
91.5017127	6	434
78.6008834	6	437
78.2439708	6	438
96.7493057	6	436
83.6977958	6	439
84.2742919	6	440
78.5386562	6	442
91.9001102	6	441
77.4292945	6	443
92.3151969	6	444
91.4678573	6	445
77.7683258	6	447
90.0373458	6	446
77.0754814	6	448
82.7305316	6	449
83.7223529	6	450
85.1902961	6	451
83.4412574	6	452
76.9062042	6	453
83.4605693	6	455
82.6361179	6	456
98.7432003	6	454
81.1142921	6	457
76.6973495	6	458
82.4232101	6	459
83.4896564	6	460
83.9269161	6	461
82.1981430	6	462
76.4760971	6	463
90.0318622	6	464
81.6681385	6	466
90.1784896	6	465
80.9619426	6	467
76.1737823	6	468
81.3279151	6	469
82.6163291	6	470
82.9167366	6	471
81.1645984	6	472
76.9045352	6	473
80.9161663	6	475
79.5853137	6	476
96.1780548	6	474
79.7691345	6	477
76.3254165	6	478
79.2140960	6	479
80.8458328	6	480
81.5050601	6	481
80.1782608	6	482
76.5619277	6	483
84.9115848	6	485
79.2853832	6	486
95.3791141	6	484
78.8884162	6	487
76.4131546	6	488
78.8538455	6	489
80.6167125	6	490
78.0353546	6	492
86.7972373	6	491
76.7502784	6	493
92.6308631	6	494
86.3933563	6	495
80.7974338	6	496
79.5114040	6	497
76.8265724	6	498
79.6837806	6	499
81.5334320	6	500
79.5712471	6	502
88.1595611	6	501
85.9436988	6	503
94.6059226	6	504
80.0597667	6	506
88.2549285	6	505
80.1713466	6	507
77.3389339	6	508
79.5881748	6	509
83.5096836	6	510
86.9565010	6	511
79.8151493	6	512
86.0438346	6	513
92.8373336	6	514
85.8082771	6	515
78.4683227	6	517
87.4402523	6	516
87.0676040	6	518
79.9367427	6	519
83.5328102	6	520
87.3603820	6	521
90.2268886	6	522
77.9798030	6	524
97.4614620	6	523
85.1325988	6	525
80.2645683	6	527
89.2324447	6	526
79.6935558	6	529
89.0419483	6	528
83.5182666	6	530
79.1547298	6	532
97.4900722	6	531
84.7568511	6	533
91.0797119	6	534
84.0919017	6	535
80.5740356	6	537
89.6556377	6	536
79.8447132	6	539
88.5221958	6	538
86.6498947	6	540
87.1641635	6	541
90.2714729	6	542
83.5626125	6	543
90.7239913	6	544
83.3353996	6	545
80.7404518	6	547
89.1597270	6	546
79.2827606	6	549
93.4431552	6	548
77.6209831	6	551
94.0654277	6	550
80.9652805	6	553
93.2784080	6	552
90.0018215	6	554
82.1490287	6	555
79.5168876	6	557
88.0274772	6	556
77.1048069	6	559
92.0348167	6	558
84.5966339	6	560
89.6465778	6	561
88.6237621	6	562
83.7051868	6	564
97.1388816	6	563
77.8241157	6	566
89.8268222	6	565
80.4057121	6	567
86.1728191	6	568
96.5864658	6	569
91.5737152	6	570
83.4755897	6	572
81.4077854	6	573
100.208520	6	571
77.0690441	6	575
93.6074256	6	574
83.7793350	6	576
87.1138572	6	578
97.9743003	6	577
82.2308063	6	581
76.9636631	6	582
100.682735	6	579
99.6506214	6	580
81.6688537	6	583
79.0827274	6	584
89.9679660	6	585
84.4249725	6	586
94.1295623	6	587
89.6015167	6	588
81.0086727	6	591
91.7599201	6	590
99.4253158	6	589
76.6854286	6	592
81.5365314	6	593
78.5167217	6	594
89.5943641	6	595
84.8658084	6	596
94.0055847	6	597
89.9634361	6	598
88.7279510	6	600
83.2688808	6	601
99.0612506	6	599
77.2678852	6	602
84.0606689	6	603
77.3978233	6	604
90.9192562	6	605
93.6336517	6	606
77.3420333	6	609
85.6914520	6	608
100.175619	6	607
79.4498920	6	611
90.1949405	6	610
76.7252445	6	612
83.5683345	6	613
85.0868225	6	614
82.7925205	6	616
100.029230	6	615
86.0428810	6	617
84.2361450	6	618
84.8617553	6	619
78.7048339	6	621
88.9337062	6	620
77.0180225	6	622
82.8068256	6	623
84.0084552	6	624
82.3068618	6	626
98.9801883	6	625
84.4974517	6	627
84.2461585	6	628
83.9452743	6	629
78.2198905	6	631
87.2101783	6	630
77.4166584	6	632
80.6367397	6	633
81.6483497	6	634
93.4984683	6	635
88.5105133	6	636
83.3973884	6	637
82.7407836	6	638
82.7078819	6	639
85.0377082	6	640
78.3603191	6	641
77.6247978	6	642
87.4342918	6	643
82.2229385	6	644
85.0765705	6	646
80.1177024	6	647
96.7464447	6	645
83.2555294	6	648
76.9093036	6	650
93.1978225	6	649
78.4921646	6	651
77.3322582	6	652
86.8685245	6	653
85.9792232	6	654
87.5842571	6	655
86.5387916	6	656
80.3737640	6	657
83.2200050	6	658
82.8158855	6	659
84.2800140	6	660
77.3167610	6	661
76.3678550	6	662
85.8838558	6	663
84.5561027	6	664
78.8002014	6	666
79.0114402	6	667
96.9746112	6	665
83.3358764	6	668
81.4373493	6	669
82.4372768	6	670
76.7269134	6	671
77.6891708	6	672
85.0405693	6	673
83.7135314	6	674
85.7958793	6	675
81.2478065	6	677
90.5990600	6	676
83.6570262	6	678
81.8185806	6	679
83.4686756	6	680
77.1999359	6	681
80.6374549	6	682
89.7464752	6	683
87.5794887	6	684
79.5161724	6	686
90.8541679	6	685
82.6900005	6	687
77.1305561	6	690
97.6781845	6	688
92.2067165	6	689
77.8717994	6	691
81.6802978	6	692
77.3141384	6	695
86.3645076	6	694
94.4297313	6	693
78.4814357	6	696
81.5176963	6	697
91.6976928	6	698
89.0493392	6	699
83.1694602	6	700
77.2426128	6	701
80.7647705	6	702
92.7464962	6	703
78.1664848	6	705
85.7381820	6	704
78.8805484	6	706
80.9078216	6	707
91.2475585	6	708
80.8291435	6	710
89.8406505	6	709
76.2784481	6	711
80.4328918	6	712
91.4113521	6	713
85.3559970	6	714
82.6165676	6	715
77.6917934	6	716
79.6937942	6	717
82.9851627	6	719
91.8519496	6	718
80.4300308	6	720
76.6038894	6	721
79.6759128	6	722
84.3846797	6	724
92.1676158	6	723
82.6840400	6	725
77.5382518	6	726
79.8687934	6	727
91.4974212	6	728
84.2134952	6	729
80.7399749	6	730
77.3203372	6	731
85.6373310	6	732
87.8112316	6	733
85.0732326	6	734
82.3075771	6	735
77.3863792	6	736
79.0145397	6	737
82.8144550	6	739
91.5422439	6	738
80.2321434	6	740
76.9824981	6	741
83.4980010	6	742
78.6802768	6	744
90.6381607	6	743
81.4046859	6	745
77.0833492	6	746
77.9862403	6	747
81.4199447	6	749
90.0650024	6	748
80.5521011	6	750
76.7145156	6	751
83.6918354	6	752
78.7999629	6	754
91.1803245	6	753
82.9994678	6	755
77.7943134	6	756
77.8987407	6	757
82.4565887	6	759
90.4059410	6	758
81.1955928	6	760
76.4665603	6	761
83.2798480	6	762
79.1232585	6	764
90.3491973	6	763
80.6841850	6	765
78.9916515	6	766
77.8450965	6	767
80.9676647	6	769
89.7834300	6	768
79.4389247	6	770
76.5590667	6	771
82.8549861	6	772
78.5536766	6	774
90.4636383	6	773
80.0354480	6	775
77.3003101	6	776
76.6878128	6	777
81.3338756	6	779
89.0963077	6	778
80.7285308	6	780
76.9498348	6	781
77.2039890	6	783
78.6166191	6	784
98.4127521	6	782
80.7774066	6	785
77.7571201	6	786
87.3632431	6	787
82.0960998	6	789
89.7703170	6	788
80.6052684	6	790
88.0229473	6	791
84.9583148	6	792
78.1354904	6	794
90.3940200	6	793
82.3633670	6	795
77.1546363	6	796
86.6024494	6	797
82.1783542	6	799
91.3312435	6	798
93.9371585	6	800
87.3444080	6	801
80.9202194	6	802
78.4316062	6	803
84.1948986	6	804
82.8881263	6	805
83.3532810	6	806
79.4739723	6	808
97.1009731	6	807
82.7486515	6	809
79.1597366	6	812
94.7086811	6	810
88.1497859	6	811
78.5369873	6	813
84.0263366	6	814
83.3985805	6	815
92.1375751	6	816
79.1075229	6	818
90.1763439	6	817
81.7730426	6	819
78.4046649	6	822
86.9879722	6	821
95.9687232	6	820
78.1810283	6	823
83.7063789	6	824
82.4675559	6	825
91.6359424	6	826
86.2793922	6	827
81.8879604	6	828
81.6409587	6	829
85.2825641	6	831
95.2970981	6	830
82.2782516	6	832
79.2462825	6	833
84.2123031	6	834
82.8044414	6	835
90.9962654	6	836
77.9433250	6	838
92.7240848	6	837
80.6515216	6	839
89.4246101	6	840
79.4527530	6	842
89.3855094	6	841
79.8861980	6	843
83.1305980	6	844
85.1314067	6	845
82.5254917	6	847
93.1699275	6	846
84.6416950	6	848
85.4973793	6	849
81.3372135	6	851
89.0147686	6	850
81.4731121	6	852
79.9593925	6	853
90.1484489	6	854
78.1428813	6	856
91.3753509	6	855
77.1267414	6	858
99.9679565	6	857
79.3464183	6	860
93.8236713	6	859
82.3295116	6	861
81.7759037	6	862
80.2235603	6	863
82.9482078	6	865
93.7862396	6	864
77.9101848	6	868
96.9526767	6	866
84.4545364	6	869
101.016759	6	867
83.9731693	6	870
78.2537460	6	871
81.6404819	6	872
80.6190967	6	873
91.6259288	6	874
79.4131755	6	876
95.7596302	6	875
82.5426578	6	878
100.223779	6	877
86.4033699	6	879
85.1542949	6	880
89.7643566	6	881
76.9395828	6	883
87.4674320	6	882
91.1993980	6	884
82.0138454	6	886
91.1641120	6	885
87.2480869	6	887
92.5905704	6	888
85.8883857	6	889
77.8472423	6	891
97.0275402	6	890
77.7506828	6	893
88.3803367	6	892
92.3075675	6	894
92.0789241	6	895
84.3708515	6	896
87.0769023	6	897
84.8515033	6	899
94.6369171	6	898
82.1352005	6	901
93.3389663	6	900
81.9902420	6	902
81.0561180	6	903
91.3500785	6	904
87.8546237	6	905
79.5352458	6	908
103.958129	6	906
77.6705741	6	910
100.506067	6	907
87.5689983	6	909
82.8032493	6	911
87.2335433	6	912
80.5809497	6	913
91.1655426	6	914
94.9919223	6	915
94.4731235	6	916
91.8736457	6	917
80.8639526	6	919
77.4674415	6	920
93.5165882	6	918
82.1635723	6	921
87.1841907	6	922
84.3892097	6	923
91.7088985	6	924
95.3187942	6	925
87.0947837	6	927
76.9786834	6	929
104.158639	6	926
92.7271842	6	928
78.1819820	6	930
82.7612876	6	931
83.2889080	6	933
86.0743522	6	934
117.453098	6	932
93.9552783	6	936
105.604648	6	935
83.9068889	6	938
92.4732685	6	937
80.5470943	6	939
77.2302150	6	940
80.9240341	6	941
83.7626457	6	943
97.5315570	6	942
85.8411788	6	944
92.8885936	6	945
98.9036560	6	946
91.8650627	6	947
77.1267414	6	949
88.0246162	6	948
91.0918712	6	950
87.6727104	6	951
83.1799507	6	953
96.7619419	6	952
85.1290225	6	954
85.4902267	6	955
85.9832763	6	956
90.9073352	6	957
83.8241577	6	958
80.0881385	6	959
89.6224975	6	960
89.8323059	6	962
98.0095863	6	961
89.2953872	6	963
91.9072628	6	964
78.3481597	6	966
91.0840034	6	965
84.0673446	6	968
94.8472023	6	967
91.0286903	6	969
89.6790027	6	970
82.9305648	6	971
82.9451084	6	973
97.1896648	6	972
78.8562297	6	976
97.9106426	6	974
91.7699337	6	975
83.1408500	6	978
92.8802490	6	977
87.4638557	6	979
82.3705196	6	981
103.694915	6	980
94.9554443	6	982
81.3684463	6	984
93.8935279	6	983
85.6742858	6	985
82.3833942	6	986
84.9406719	6	988
95.7071781	6	987
90.9321308	6	990
77.2521495	6	992
103.822708	6	989
94.2952632	6	991
89.6959304	6	993
83.3694934	6	994
77.6026248	6	996
93.2517051	6	995
91.8371677	6	997
93.1301116	6	998
92.3502445	6	999
87.1200561	6	1000
87.2557163	6	1001
80.3542137	6	1002
80.9502601	6	1004
90.6734466	6	1003
84.8522186	6	1005
84.1827392	6	1006
90.3730392	6	1007
84.1193199	6	1009
98.7887382	6	1008
77.5907039	6	1011
78.4091949	6	1012
93.2383537	6	1010
79.3147087	6	1014
88.7298583	6	1013
87.4044895	6	1015
82.6592445	6	1016
89.2906188	6	1017
83.2374095	6	1019
95.2155590	6	1018
83.1131935	6	1020
84.7361087	6	1021
77.2309303	6	1022
78.0174732	6	1024
87.7690315	6	1023
86.4558219	6	1025
92.0019149	6	1026
80.8739662	6	1028
90.4729366	6	1027
86.1601829	6	1029
81.6762447	6	1030
76.7045021	6	1032
84.4383239	6	1031
77.3992538	6	1034
95.5166816	6	1033
78.5996913	6	1036
98.1855392	6	1035
89.0002250	6	1037
83.4069252	6	1038
82.9300880	6	1040
91.9947624	6	1039
81.6376209	6	1042
80.0569057	6	1043
102.050304	6	1041
88.5524749	6	1044
78.2356262	6	1046
100.785732	6	1045
85.3531360	6	1047
80.8670520	6	1048
90.4150009	6	1049
90.6169414	6	1050
80.7297229	6	1052
91.2210941	6	1051
85.3946208	6	1053
88.5677337	6	1054
78.3312320	6	1056
101.112127	6	1055
86.0443115	6	1057
78.1884193	6	1058
83.7376117	6	1061
99.3752479	6	1059
80.5668830	6	1062
101.300001	6	1060
86.4844322	6	1063
80.4469585	6	1065
78.1314373	6	1066
102.967739	6	1064
79.1444778	6	1068
88.1154537	6	1067
98.1140136	6	1069
90.7480716	6	1070
86.7760181	6	1071
78.3078670	6	1073
90.5964374	6	1072
81.0022354	6	1075
92.9911136	6	1074
85.9179496	6	1076
78.0854225	6	1078
97.4526405	6	1077
85.7663154	6	1080
97.2931385	6	1079
83.0709934	6	1082
77.6383876	6	1083
98.3579158	6	1081
79.9772739	6	1085
92.3089981	6	1084
82.4613571	6	1087
94.2845344	6	1086
77.3258209	6	1091
101.002693	6	1088
96.8270301	6	1089
89.1575813	6	1090
84.3565464	6	1092
77.3463249	6	1093
78.9341926	6	1095
95.9312915	6	1094
88.9897346	6	1096
85.6647491	6	1097
91.4902687	6	1099
99.2131233	6	1098
84.9165916	6	1100
80.9137821	6	1101
84.1658115	6	1102
76.8256187	6	1103
86.9426727	6	1105
95.0357913	6	1104
89.6046161	6	1106
94.3279266	6	1107
83.8482379	6	1109
91.9620990	6	1108
83.7349891	6	1110
80.4951190	6	1111
84.6428871	6	1112
77.2781372	6	1113
93.9130783	6	1114
90.6984806	6	1115
87.5875949	6	1116
85.6654644	6	1118
93.7697887	6	1117
83.9061737	6	1119
83.0190181	6	1120
86.4741802	6	1121
82.7004909	6	1122
76.7054557	6	1123
90.6648635	6	1125
101.827144	6	1124
87.8608226	6	1126
88.8073444	6	1127
89.6537303	6	1128
82.2410583	6	1129
81.4204216	6	1130
77.9137611	6	1132
89.9598598	6	1131
89.4770622	6	1133
91.2063121	6	1135
99.4493961	6	1134
87.2492790	6	1136
79.6725749	6	1137
82.6904773	6	1139
90.8300876	6	1138
81.2063217	6	1140
82.9777717	6	1142
92.6134586	6	1141
81.6898345	6	1144
98.9363193	6	1143
91.2084579	6	1145
79.3581008	6	1147
87.4762535	6	1146
89.7672176	6	1148
82.0305347	6	1149
80.1434516	6	1150
91.2022590	6	1151
103.313684	6	1152
88.4666442	6	1154
96.3561534	6	1153
82.4954509	6	1156
92.5025939	6	1155
79.1816711	6	1157
91.1407470	6	1158
84.9254131	6	1159
79.4324874	6	1160
92.5574302	6	1161
89.2050266	6	1162
86.7075920	6	1163
79.7936916	6	1165
94.7229862	6	1164
83.9126110	6	1166
78.2899856	6	1167
87.4004364	6	1168
82.5064182	6	1169
79.3724060	6	1170
91.6481018	6	1171
88.9406204	6	1172
86.3332748	6	1173
87.6374244	6	1174
86.9660377	6	1175
83.0519199	6	1176
77.8834819	6	1177
78.9661407	6	1179
89.0221595	6	1178
78.6705017	6	1180
91.0997390	6	1181
89.4155502	6	1182
78.2217979	6	1184
94.3896770	6	1183
83.0006599	6	1186
90.5604362	6	1185
78.3092975	6	1187
79.2603492	6	1189
89.8172855	6	1188
78.3164501	6	1190
83.6706161	6	1192
96.3919162	6	1191
85.8891010	6	1193
79.5662403	6	1195
93.3835506	6	1194
83.6038589	6	1196
78.3395767	6	1197
79.2055130	6	1199
89.3449783	6	1198
77.9807567	6	1200
83.7402343	6	1202
96.7853069	6	1201
85.4215621	6	1203
86.9989395	6	1204
78.5508155	6	1206
90.8837318	6	1205
78.0518054	6	1207
79.1120529	6	1209
78.8083076	6	1210
100.128650	6	1208
91.5701389	6	1211
85.2887630	6	1213
78.0706405	6	1214
98.1478691	6	1212
79.5485973	6	1216
90.5692577	6	1215
82.8108787	6	1217
85.5245590	6	1218
78.8018703	6	1219
85.6575965	6	1220
83.2366943	6	1222
98.5398292	6	1221
85.3042602	6	1223
81.4685821	6	1224
79.7543525	6	1226
89.9009704	6	1225
82.6368331	6	1227
86.6653919	6	1228
77.7115821	6	1231
93.2939052	6	1229
98.3839035	6	1230
83.7700366	6	1232
83.3041667	6	1233
77.3999691	6	1234
86.6806507	6	1235
81.2039375	6	1236
81.9401741	6	1237
84.5615863	6	1238
83.7030410	6	1240
92.2620296	6	1239
80.8653831	6	1242
88.9608860	6	1241
81.3391208	6	1243
76.2715339	6	1244
88.8805389	6	1245
81.7189216	6	1246
81.4044475	6	1247
77.1985054	6	1249
83.5902690	6	1250
98.8037586	6	1248
81.7105770	6	1252
89.6434783	6	1251
82.0403099	6	1253
77.3878097	6	1254
81.7506313	6	1256
82.1447372	6	1257
98.5982418	6	1255
84.5415592	6	1258
83.6617946	6	1260
76.7335891	6	1261
96.0755348	6	1259
81.9890499	6	1262
82.1261405	6	1263
77.4283409	6	1264
82.3318958	6	1266
97.3613262	6	1265
76.4684677	6	1268
92.9536819	6	1267
84.2995643	6	1270
92.8361415	6	1269
81.2706947	6	1271
81.9938182	6	1272
82.3678970	6	1273
77.9390335	6	1274
82.4601650	6	1276
97.4261760	6	1275
92.7159786	6	1277
78.0327320	6	1279
91.7475223	6	1278
77.0523548	6	1281
89.4789695	6	1280
83.1980705	6	1282
83.3935737	6	1283
78.9175033	6	1284
95.6397056	6	1285
83.3654403	6	1287
78.0639648	6	1289
101.031541	6	1286
92.7023887	6	1288
82.5295448	6	1291
91.2439823	6	1290
83.7366580	6	1293
94.0327644	6	1292
88.2778167	6	1294
87.8696441	6	1296
80.6531906	6	1297
99.6642112	6	1295
86.0147476	6	1298
85.3283405	6	1299
82.6375484	6	1301
91.2554264	6	1300
83.8098526	6	1303
93.7151908	6	1302
88.3691310	6	1304
80.1458358	6	1307
96.4698791	6	1305
90.9953117	6	1306
86.6715908	6	1308
85.7539176	6	1309
92.1392440	6	1310
85.0586891	6	1311
90.5025005	6	1312
78.5956382	6	1314
101.454973	6	1313
87.5458717	6	1316
95.0913429	6	1315
81.1190605	6	1317
86.9169235	6	1318
77.6870250	6	1320
83.9078426	6	1321
81.8469524	6	1323
116.148948	6	1319
78.1009197	6	1324
102.830171	6	1322
84.4244956	6	1325
86.0016345	6	1326
79.9767971	6	1327
78.0444145	6	1329
82.6435089	6	1331
108.178377	6	1328
101.236343	6	1330
89.5607471	6	1332
76.7366886	6	1334
82.4635028	6	1335
87.2173309	6	1336
80.1112651	6	1337
115.620374	6	1333
86.4598751	6	1338
87.9440307	6	1340
86.7414474	6	1341
111.745357	6	1339
93.1098461	6	1342
78.1195163	6	1344
96.9591140	6	1343
95.5049991	6	1345
87.9483222	6	1346
82.5629234	6	1348
92.7009582	6	1347
90.9833908	6	1349
83.4808349	6	1351
99.3995666	6	1350
87.0940685	6	1352
77.5349140	6	1354
91.7415618	6	1353
86.2360000	6	1356
94.6342945	6	1355
81.0084342	6	1358
102.981090	6	1357
82.5619697	6	1360
81.8655490	6	1361
98.0584621	6	1359
81.3686847	6	1362
83.9414596	6	1363
76.8065452	6	1367
104.260683	6	1364
79.3464183	6	1368
100.498437	6	1366
110.639333	6	1365
88.5684490	6	1369
92.7581787	6	1370
77.9542922	6	1372
88.0701541	6	1371
84.0859413	6	1373
90.6255245	6	1375
79.2708396	6	1377
103.545427	6	1374
77.9762268	6	1378
97.0411300	6	1376
79.0374279	6	1380
89.9529457	6	1379
84.1400623	6	1381
77.2936344	6	1382
95.1340198	6	1383
82.4379920	6	1386
92.8668975	6	1385
100.664138	6	1384
78.6764621	6	1387
77.5125026	6	1388
79.9112319	6	1390
90.1081562	6	1389
84.5587253	6	1391
99.2908477	6	1392
94.1796302	6	1393
80.6691646	6	1395
98.5386371	6	1394
78.2880783	6	1397
87.3780250	6	1396
78.5267353	6	1398
87.9039764	6	1399
82.7660560	6	1400
98.3197689	6	1401
85.8116149	6	1403
86.9441032	6	1404
81.3064575	6	1405
111.379146	6	1402
82.9002857	6	1406
77.2757530	6	1407
77.6388645	6	1408
90.4376506	6	1409
92.2863483	6	1410
84.7065448	6	1412
99.6468067	6	1411
78.9966583	6	1414
94.9857234	6	1413
81.4073085	6	1416
90.9936428	6	1415
77.9809951	6	1417
88.8850688	6	1418
90.6386375	6	1419
77.3687362	6	1422
99.2100238	6	1420
92.0519828	6	1421
84.7439765	6	1423
87.5082015	6	1424
90.9931659	6	1425
78.4261226	6	1427
97.8865623	6	1426
82.0839405	6	1429
83.5769176	6	1430
86.1535072	6	1431
108.588218	6	1428
84.4686031	6	1432
85.1938724	6	1433
80.5001258	6	1435
97.9321002	6	1434
78.3224105	6	1437
81.9215774	6	1438
82.9546451	6	1440
90.8164978	6	1439
116.373538	6	1436
85.0815773	6	1441
77.7490139	6	1442
84.9065780	6	1443
88.0150794	6	1444
90.4452800	6	1445
78.0444145	6	1447
97.5935459	6	1446
88.4478092	6	1449
96.6415405	6	1448
91.4320945	6	1450
76.9231319	6	1452
90.0001525	6	1451
83.6229324	6	1453
92.1566486	6	1454
81.6748142	6	1456
91.1815166	6	1455
89.2784595	6	1457
81.5069675	6	1460
100.594282	6	1458
83.9657783	6	1461
77.3115158	6	1462
103.385925	6	1459
85.1964950	6	1463
91.4676189	6	1464
89.0662670	6	1465
83.0492973	6	1466
81.0430049	6	1468
99.6060371	6	1467
88.0949497	6	1469
84.3505859	6	1470
77.0733356	6	1472
88.0248546	6	1471
93.1921005	6	1473
82.1838378	6	1475
80.4343223	6	1476
88.2182121	6	1477
111.673593	6	1474
95.5862998	6	1478
88.9410972	6	1479
81.4094543	6	1480
76.6339302	6	1481
80.8424949	6	1482
78.1812667	6	1485
86.3385200	6	1484
98.4284877	6	1483
81.8920135	6	1488
90.5232429	6	1487
110.465288	6	1486
81.6724300	6	1490
90.1083946	6	1489
77.2643089	6	1491
81.0894966	6	1492
78.3920288	6	1495
94.1815376	6	1493
106.369018	6	1494
89.6189212	6	1497
82.1926593	6	1498
98.2217788	6	1496
80.1661014	6	1500
98.5271930	6	1499
87.6681804	6	1501
80.2979469	6	1502
105.347633	6	1503
90.7030105	6	1505
102.192163	6	1504
91.0401344	6	1506
89.0672206	6	1507
82.4670791	6	1508
86.9543552	6	1509
82.6265811	6	1511
79.9059867	6	1512
106.762409	6	1510
88.1628990	6	1513
80.3577899	6	1516
76.9085884	6	1517
100.397586	6	1514
97.8529453	6	1515
85.5448246	6	1519
95.4172611	6	1518
81.6972255	6	1521
79.3068408	6	1522
83.4259986	6	1523
111.604690	6	1520
85.1683616	6	1524
98.4694957	6	1525
90.8787250	6	1526
88.8893604	6	1527
90.3332233	6	1528
85.4623317	6	1529
82.1413993	6	1531
92.0722484	6	1530
84.9628448	6	1532
81.0611248	6	1534
99.7581481	6	1533
92.0679569	6	1535
82.9834938	6	1537
79.9889564	6	1538
99.9698638	6	1536
81.8099975	6	1539
81.1526775	6	1541
91.4945602	6	1540
94.1457748	6	1542
95.3166484	6	1543
85.9296321	6	1545
95.2787399	6	1544
81.6421508	6	1547
92.3287868	6	1546
83.2998752	6	1548
80.1031589	6	1549
78.8359642	6	1551
98.9811420	6	1550
84.9339962	6	1553
77.7564048	6	1554
104.634761	6	1552
90.8637046	6	1555
83.0798149	6	1557
77.9128074	6	1558
92.8621292	6	1556
76.5450000	6	1559
88.1769657	6	1560
85.0846767	6	1562
100.700139	6	1561
90.3370380	6	1563
82.9892158	6	1565
97.1291065	6	1564
89.4341468	6	1566
77.4538516	6	1568
77.1398544	6	1569
98.7343788	6	1567
82.0841789	6	1571
100.591182	6	1570
97.0785617	6	1572
90.6593799	6	1573
84.1760635	6	1575
98.2654094	6	1574
83.5332870	6	1577
92.5905704	6	1576
77.0776271	6	1579
90.7008647	6	1578
100.356578	6	1580
77.9612064	6	1583
98.0937480	6	1581
83.5063457	6	1584
105.029821	6	1582
88.3028507	6	1585
83.4031105	6	1586
78.0849456	6	1588
87.1055126	6	1589
93.4813022	6	1591
86.3943099	6	1592
105.730533	6	1590
85.0286483	6	1593
133.662223	6	1587
83.8651657	6	1595
95.8490371	6	1594
81.9580554	6	1596
84.3253135	6	1597
92.0395851	6	1599
106.157779	6	1598
93.2500362	6	1600
86.4841938	6	1602
78.9306163	6	1603
95.9918498	6	1601
89.3824100	6	1604
86.9176387	6	1605
82.4422836	6	1606
84.7911834	6	1607
98.1328487	6	1608
99.2333889	6	1609
78.9365768	6	1613
78.4571170	6	1614
115.524530	6	1610
81.8397998	6	1615
116.182804	6	1611
110.476970	6	1612
84.1805934	6	1617
98.0458259	6	1616
84.7029685	6	1620
82.7386379	6	1621
105.337142	6	1619
78.4585475	6	1623
118.954420	6	1618
93.9431190	6	1622
78.6132812	6	1626
94.4769382	6	1624
100.551366	6	1625
88.9194011	6	1627
85.5112075	6	1629
100.601196	6	1628
84.7771167	6	1630
88.6662006	6	1631
82.0221900	6	1632
92.2498703	6	1634
85.9956741	6	1635
79.9396038	6	1636
105.561733	6	1633
85.4005813	6	1637
77.4679183	6	1640
95.9868431	6	1638
80.1134109	6	1642
105.865001	6	1639
78.8257122	6	1643
100.788593	6	1641
83.3399295	6	1645
93.6796665	6	1644
81.8722248	6	1646
84.6762657	6	1647
99.1377830	6	1648
100.823402	6	1649
87.9528522	6	1651
82.8747749	6	1652
78.2902240	6	1653
106.101274	6	1650
78.0293941	6	1654
88.4220600	6	1656
84.1984748	6	1657
99.6713638	6	1655
100.000143	6	1658
88.4008407	6	1660
100.558519	6	1659
85.5014324	6	1661
79.5814990	6	1662
78.1872272	6	1664
102.799892	6	1663
89.2429351	6	1666
98.1957912	6	1665
85.8185291	6	1668
97.6488590	6	1667
87.6326560	6	1669
84.5522880	6	1670
79.8718929	6	1672
110.235214	6	1671
93.7142372	6	1674
80.7991027	6	1677
112.942934	6	1673
97.8615283	6	1675
95.7670211	6	1676
92.4770832	6	1678
85.2012634	6	1679
80.3534984	6	1680
91.9203758	6	1682
100.484371	6	1681
80.2695751	6	1685
97.0816612	6	1683
97.7983474	6	1684
81.4270973	6	1687
81.2642574	6	1688
107.317209	6	1686
86.6065025	6	1689
97.8217124	6	1690
90.5699729	6	1692
84.2325687	6	1693
76.8175125	6	1694
103.527784	6	1691
92.0059680	6	1695
80.2493095	6	1697
97.6290702	6	1696
82.6516151	6	1699
96.1813926	6	1698
95.2537059	6	1700
89.8170471	6	1701
91.1643505	6	1702
83.2467079	6	1704
92.3280715	6	1703
85.3221416	6	1706
95.5972671	6	1705
82.0505619	6	1708
97.6336002	6	1707
82.6299190	6	1709
97.1348285	6	1710
85.6802463	6	1712
97.6939201	6	1711
90.5201435	6	1713
85.0000381	6	1714
92.7820205	6	1715
80.4626941	6	1717
85.7875347	6	1718
81.8541049	6	1719
113.565206	6	1716
79.0269374	6	1722
96.5187549	6	1720
89.8494720	6	1721
80.2302360	6	1723
80.6317329	6	1724
90.6462669	6	1725
92.0441150	6	1726
87.4991416	6	1727
85.1171016	6	1728
87.7177715	6	1729
85.8962535	6	1731
96.2183475	6	1730
84.9459171	6	1732
79.8878669	6	1733
80.6994438	6	1734
82.1764469	6	1736
97.5432395	6	1735
84.3532085	6	1737
79.5149803	6	1740
90.6755924	6	1739
100.807428	6	1738
82.1037292	6	1742
79.4558525	6	1743
100.316047	6	1741
80.0232887	6	1744
82.1344852	6	1746
83.3592414	6	1747
105.581045	6	1745
85.9382152	6	1748
82.6404094	6	1750
76.9197940	6	1751
81.5050601	6	1752
111.920356	6	1749
77.2359371	6	1754
87.2082710	6	1753
89.9014472	6	1755
84.2704772	6	1757
82.0016860	6	1758
78.4313678	6	1759
101.909160	6	1756
82.6323032	6	1760
88.4921550	6	1761
88.9246463	6	1762
83.9464664	6	1763
79.0874958	6	1764
89.3461704	6	1765
91.8416976	6	1766
89.9834632	6	1767
78.3438682	6	1769
86.7817401	6	1768
82.5490951	6	1770
89.1482830	6	1771
84.4945907	6	1773
79.5524120	6	1774
105.091571	6	1772
90.2421474	6	1775
85.7636928	6	1776
82.8921794	6	1777
81.2444686	6	1778
78.2182216	6	1779
81.1114311	6	1782
98.8149642	6	1780
84.4151973	6	1783
78.4487724	6	1784
104.219913	6	1781
81.8369388	6	1785
76.8933296	6	1787
90.5849933	6	1786
80.2288055	6	1788
87.5246524	6	1789
87.0678424	6	1791
99.3180274	6	1790
86.0872268	6	1792
82.4813842	6	1793
76.6270160	6	1794
78.8011550	6	1795
81.9802284	6	1796
81.6290378	6	1797
87.0194435	6	1798
79.5707702	6	1800
98.5755920	6	1799
78.1493186	6	1802
91.3846492	6	1801
81.3755989	6	1803
76.6224861	6	1804
79.2193412	6	1805
82.7305316	6	1806
84.2230319	6	1807
95.4165458	6	1808
80.5699825	6	1810
83.2669734	6	1811
100.435495	6	1809
79.2527198	6	1812
81.5119743	6	1813
76.4863491	6	1814
79.2069435	6	1815
82.6218128	6	1816
88.9539718	6	1817
90.8570289	6	1818
92.3552513	6	1819
83.3227634	6	1821
91.7966365	6	1820
78.4919261	6	1822
81.8898677	6	1823
76.9157409	6	1824
85.8585834	6	1825
91.8376445	6	1826
88.5467529	6	1827
82.1621417	6	1829
97.8407859	6	1828
84.1243267	6	1830
83.1203460	6	1831
78.1645774	6	1832
82.0662975	6	1833
88.2625579	6	1834
78.1402587	6	1836
80.8668136	6	1838
105.428457	6	1835
81.7580223	6	1839
102.365255	6	1837
81.8684101	6	1840
82.3080539	6	1841
88.8500213	6	1842
86.0037803	6	1843
85.5205059	6	1844
77.1782398	6	1846
90.4345512	6	1845
91.3064479	6	1847
87.7411365	6	1848
80.7180404	6	1849
80.9957981	6	1850
85.8287811	6	1851
80.9614658	6	1853
90.7046794	6	1852
77.8555870	6	1855
89.4069671	6	1854
82.2668075	6	1856
90.1687145	6	1857
92.4081802	6	1858
77.5151252	6	1860
92.6170349	6	1859
77.6114463	6	1862
96.5967178	6	1861
83.1923484	6	1863
85.5345726	6	1864
81.5200805	6	1865
90.6829833	6	1866
82.5653076	6	1868
97.9483127	6	1867
84.1314792	6	1869
76.3638019	6	1870
92.3035144	6	1871
89.6174907	6	1872
81.9749832	6	1873
84.1898918	6	1874
80.4896354	6	1875
89.0538692	6	1876
82.6337337	6	1877
89.2586708	6	1878
83.3256244	6	1879
77.5115489	6	1880
92.2985076	6	1881
89.4193649	6	1882
81.9826126	6	1883
82.7682018	6	1884
79.1065692	6	1885
81.2461376	6	1887
88.9825820	6	1886
88.4349346	6	1888
82.1752548	6	1889
77.4147510	6	1890
84.8090648	6	1892
96.3943004	6	1891
82.0524692	6	1893
83.6286544	6	1894
81.1207294	6	1895
81.1343193	6	1897
90.1265144	6	1896
88.1395339	6	1898
86.0705375	6	1899
81.4220905	6	1900
83.9102268	6	1902
92.8568840	6	1901
80.1136493	6	1903
82.1669101	6	1904
78.3252716	6	1905
79.7400474	6	1907
88.3467197	6	1906
79.4675350	6	1909
93.2137966	6	1908
80.5571079	6	1910
91.5451049	6	1911
83.7655067	6	1912
78.9608955	6	1913
80.6016921	6	1914
77.8515338	6	1915
86.7388248	6	1916
79.8389911	6	1917
78.2582759	6	1919
91.9740200	6	1918
78.5663127	6	1920
89.8892879	6	1921
83.1089019	6	1922
79.4041156	6	1924
87.6665115	6	1923
80.8148384	6	1925
78.0687332	6	1927
86.3986015	6	1926
85.0212574	6	1928
82.8342437	6	1929
78.6418914	6	1930
88.9518260	6	1931
82.1156501	6	1932
78.7734985	6	1934
87.1345996	6	1933
80.3921222	6	1935
84.3570232	6	1936
78.6278247	6	1937
78.0408382	6	1939
90.8308029	6	1938
78.7777900	6	1940
90.4181003	6	1941
83.0359458	6	1942
87.0211124	6	1943
80.4874897	6	1944
80.4123878	6	1945
84.1813087	6	1946
78.4704685	6	1947
85.1664543	6	1948
83.2903385	6	1949
79.9231529	6	1950
81.9439888	6	1952
89.6997451	6	1951
86.1341953	6	1953
79.3557167	6	1954
80.3592205	6	1955
85.9358310	6	1956
79.3142318	6	1957
84.8033428	6	1958
83.3098888	6	1959
78.3419609	6	1960
88.9732837	6	1961
81.3407897	6	1962
85.5500698	6	1963
78.6321163	6	1964
80.2078247	6	1965
76.4999389	6	1967
87.3491764	6	1966
84.9318504	6	1968
83.3775997	6	1969
78.9494514	6	1970
81.0196399	6	1972
88.5534286	6	1971
78.2821178	6	1974
86.0345363	6	1973
79.6000957	6	1975
82.4270248	6	1976
78.9935588	6	1977
83.4586620	6	1978
82.3919773	6	1979
77.7680873	6	1980
80.6462764	6	1982
88.4692668	6	1981
78.2253742	6	1984
88.5431766	6	1983
87.0311260	6	1985
82.7744007	6	1986
78.5439014	6	1987
83.4050178	6	1988
82.3192596	6	1989
77.8949260	6	1990
87.7645015	6	1991
80.6603431	6	1992
77.5988101	6	1994
88.3047580	6	1993
79.7007083	6	1996
89.3075466	6	1995
78.7773132	6	1997
83.3475589	6	1998
82.1335315	6	1999
79.0514945	6	2000
88.1965160	6	2001
83.4062099	6	2002
79.4227123	6	2004
78.2120227	6	2005
99.5378494	6	2003
82.3380947	6	2006
80.0137519	6	2007
84.1870307	6	2008
82.7622413	6	2009
84.3229293	6	2010
88.8230800	6	2011
91.8323993	6	2012
83.3501815	6	2014
91.9816493	6	2013
78.1464576	6	2015
82.8676223	6	2016
79.6961784	6	2017
76.9937038	6	2019
90.8524990	6	2018
92.6296710	6	2020
85.1829051	6	2021
91.9091701	6	2022
84.3853950	6	2023
83.1642150	6	2024
77.8889656	6	2025
81.9759368	6	2026
81.4740657	6	2027
77.3463249	6	2029
90.8169746	6	2028
92.7612781	6	2030
77.6641368	6	2032
98.5364913	6	2031
77.1458148	6	2034
90.3356075	6	2033
78.3317089	6	2035
82.9172134	6	2036
80.6543827	6	2037
84.7833156	6	2038
82.9806327	6	2039
91.3033485	6	2040
85.1128101	6	2041
83.1139087	6	2043
91.1824703	6	2042
82.3295116	6	2044
78.3405303	6	2045
81.7513465	6	2046
80.9547901	6	2047
85.1032733	6	2048
86.6711139	6	2049
89.7042751	6	2050
83.7233066	6	2051
82.8404426	6	2053
90.4362201	6	2052
83.0492973	6	2054
77.7246952	6	2055
81.2492370	6	2056
77.8536796	6	2059
93.5988426	6	2057
94.9444770	6	2058
79.8132419	6	2060
84.8824977	6	2061
83.0695629	6	2063
91.0995006	6	2062
82.8599929	6	2064
78.3021450	6	2065
81.4087390	6	2066
93.2395458	6	2067
86.5337848	6	2068
78.4418582	6	2071
77.1470069	6	2072
99.8730659	6	2069
102.137327	6	2070
83.8055610	6	2073
77.3942470	6	2075
86.6281986	6	2074
81.3310146	6	2076
77.8579711	6	2079
94.2244529	6	2077
92.4050807	6	2078
87.8682136	6	2080
84.4941139	6	2081
79.2589187	6	2083
89.8718833	6	2082
84.5901966	6	2084
78.5362720	6	2085
81.0682773	6	2086
84.6898555	6	2088
92.7908420	6	2087
82.8697681	6	2089
85.8759880	6	2090
82.2217464	6	2091
85.3209495	6	2092
79.7340869	6	2093
82.9737186	6	2094
76.6773223	6	2095
78.5915851	6	2096
91.1850929	6	2097
83.8356018	6	2098
82.5748443	6	2099
78.0365467	6	2101
89.9291038	6	2100
77.5282382	6	2103
87.2848033	6	2102
82.5719833	6	2104
76.9627094	6	2105
79.0112018	6	2106
83.3353996	6	2108
91.2902355	6	2107
81.7887783	6	2109
85.1943492	6	2110
81.9857120	6	2111
85.7214927	6	2112
79.4343948	6	2113
82.3345184	6	2114
77.7642726	6	2115
78.3860683	6	2116
91.8815135	6	2117
84.5804214	6	2118
82.7119350	6	2119
85.3469371	6	2120
82.3838710	6	2121
85.7551097	6	2122
79.8196792	6	2123
82.5316905	6	2124
77.3065090	6	2125
78.2928466	6	2126
91.3190841	6	2127
84.7749710	6	2128
82.1237564	6	2129
84.4321250	6	2130
81.8395614	6	2131
85.6149196	6	2132
86.0090255	6	2133
81.9730758	6	2134
76.8043994	6	2135
78.0053138	6	2136
83.5554599	6	2138
91.4592742	6	2137
81.7620754	6	2139
84.9161148	6	2140
82.1912288	6	2141
78.1517028	6	2143
93.8706398	6	2142
82.1423530	6	2144
80.3058147	6	2145
78.1147480	6	2146
83.9445590	6	2148
94.3460464	6	2147
82.0450782	6	2149
77.6126384	6	2151
89.5285606	6	2150
86.1134529	6	2152
85.6814384	6	2153
81.3691616	6	2154
78.0894756	6	2155
77.2688388	6	2156
91.5441513	6	2157
78.2630443	6	2159
88.1237983	6	2158
80.6164741	6	2161
93.1510925	6	2160
77.7783393	6	2163
88.7296199	6	2162
80.8255672	6	2164
77.6450634	6	2165
76.6868591	6	2166
90.7661914	6	2167
87.8603458	6	2168
81.9141864	6	2169
80.0940990	6	2171
77.8381824	6	2172
77.5310993	6	2173
104.990243	6	2170
80.1153182	6	2174
77.3522853	6	2175
76.3425827	6	2176
90.2380943	6	2177
83.1527709	6	2178
81.2819004	6	2179
87.1591567	6	2180
85.3388309	6	2181
78.1795978	6	2183
89.4696712	6	2182
80.6913375	6	2184
78.0944824	6	2185
76.6477584	6	2186
90.5516147	6	2187
83.4877490	6	2188
81.3376903	6	2189
80.1739692	6	2191
93.2316780	6	2190
86.6386890	6	2192
81.2783241	6	2193
80.0855159	6	2194
77.0852565	6	2195
76.4219760	6	2196
82.8707218	6	2198
90.5199050	6	2197
81.4599990	6	2199
79.8683166	6	2201
93.2717323	6	2200
77.7227878	6	2203
88.8347625	6	2202
80.9555053	6	2204
77.3222446	6	2205
77.3627758	6	2206
82.4940204	6	2208
91.1393165	6	2207
84.8853588	6	2209
78.5624980	6	2212
86.3881111	6	2211
98.6282825	6	2210
81.4406871	6	2213
80.3709030	6	2214
84.7480297	6	2215
78.6585807	6	2216
89.5595550	6	2217
82.7255249	6	2218
83.6668014	6	2219
85.5762958	6	2221
78.3841609	6	2222
98.0279445	6	2220
81.1312198	6	2223
80.1887512	6	2224
84.7787857	6	2225
78.2129764	6	2226
81.2964439	6	2228
90.9867286	6	2227
89.5688533	6	2229
84.2263698	6	2231
92.4627780	6	2230
77.3282051	6	2232
80.2929401	6	2233
79.2822837	6	2234
78.2632827	6	2236
86.0118865	6	2235
87.8884792	6	2237
92.8151607	6	2238
89.0297889	6	2239
77.9480934	6	2241
92.9312705	6	2240
78.2408714	6	2242
80.9876918	6	2243
79.9188613	6	2244
85.7079029	6	2245
86.2305164	6	2246
81.0506343	6	2248
78.3264636	6	2250
100.917816	6	2247
89.6511077	6	2249
79.7555446	6	2252
87.3293876	6	2251
82.1888446	6	2253
80.6021690	6	2254
90.1682376	6	2255
86.1163139	6	2256
80.8992385	6	2258
100.177764	6	2257
78.4833431	6	2260
90.1420116	6	2259
86.9643688	6	2261
81.2997817	6	2262
81.7420482	6	2263
80.6608200	6	2264
83.2405090	6	2266
94.4316387	6	2265
92.1549797	6	2267
77.9438018	6	2270
86.9545936	6	2269
96.6269969	6	2268
81.2025070	6	2272
89.3874168	6	2271
86.1732959	6	2273
80.6813240	6	2274
82.5812816	6	2276
90.6755924	6	2275
85.0956439	6	2278
77.3510932	6	2280
101.610183	6	2277
89.4765853	6	2279
88.1178379	6	2281
81.6669464	6	2282
80.7349681	6	2284
94.0990447	6	2283
90.2867317	6	2285
83.3907127	6	2286
84.8102569	6	2288
92.9429531	6	2287
87.7032279	6	2289
82.3051929	6	2290
81.2010765	6	2292
90.5649662	6	2291
81.1514854	6	2294
98.8621711	6	2293
83.2276344	6	2296
91.1009311	6	2295
85.1702690	6	2298
79.6725749	6	2300
106.338739	6	2297
77.6169300	6	2301
98.8407135	6	2299
82.1497440	6	2302
80.1682472	6	2304
99.0533828	6	2303
83.6596488	6	2305
81.7737579	6	2306
88.2470607	6	2307
92.9284095	6	2308
82.0596218	6	2310
93.2633876	6	2309
83.0519199	6	2311
87.5520706	6	2312
79.7851085	6	2314
92.2756195	6	2313
82.4394226	6	2315
90.0292396	6	2316
86.7171287	6	2318
98.9356040	6	2317
85.2413177	6	2319
81.6154479	6	2320
82.7581882	6	2321
86.9307518	6	2322
80.0492763	6	2324
91.4428234	6	2323
90.9395217	6	2325
83.0483436	6	2327
93.9967632	6	2326
79.8437595	6	2329
91.8464660	6	2328
82.1042060	6	2330
79.1816711	6	2333
89.1072750	6	2332
79.9551010	6	2334
106.271743	6	2331
83.1282138	6	2336
82.5796127	6	2337
78.1049728	6	2338
102.375268	6	2335
83.2686424	6	2339
81.0263156	6	2340
79.1378021	6	2343
89.0815258	6	2342
100.184202	6	2341
79.3020725	6	2344
83.4846496	6	2347
98.5579490	6	2345
91.5241241	6	2346
78.7036418	6	2348
85.2897167	6	2349
81.8014144	6	2350
95.2386856	6	2351
90.1587009	6	2352
78.8242816	6	2354
90.3682708	6	2353
95.9138870	6	2355
83.4441184	6	2357
77.1362781	6	2358
96.0378646	6	2356
85.1345062	6	2359
81.8006992	6	2360
97.6459980	6	2361
90.6906127	6	2363
84.1040611	6	2364
98.9613533	6	2362
92.6756858	6	2365
80.8725357	6	2367
92.8413867	6	2366
81.9454193	6	2368
82.2629928	6	2370
97.3567962	6	2369
85.1895809	6	2372
94.5854187	6	2371
85.7112407	6	2373
83.0435752	6	2374
94.0694808	6	2375
87.7652168	6	2376
83.1661224	6	2377
84.0916633	6	2378
90.5952453	6	2379
91.3450717	6	2381
100.895166	6	2380
78.7959098	6	2383
90.5604362	6	2382
77.5494575	6	2384
93.5523509	6	2385
79.7626972	6	2387
90.7239913	6	2386
92.8466320	6	2388
81.9303989	6	2390
105.442523	6	2389
82.6549530	6	2392
78.0186653	6	2393
96.4491367	6	2391
77.1322250	6	2394
89.6167755	6	2395
84.8176479	6	2397
102.353811	6	2396
84.2993259	6	2399
82.2906494	6	2400
103.120803	6	2398
88.3672237	6	2401
78.2060623	6	2403
91.1843776	6	2402
77.3651599	6	2404
97.8891849	6	2405
85.0450992	6	2407
97.6531505	6	2406
79.4739723	6	2409
94.8107242	6	2408
81.0296535	6	2410
80.1122188	6	2412
92.6423072	6	2411
76.9457817	6	2414
99.1907119	6	2413
90.1136398	6	2416
84.1395854	6	2417
100.593805	6	2415
82.2367668	6	2418
79.1544914	6	2419
79.9744129	6	2420
92.4003124	6	2421
96.3010787	6	2422
81.3777446	6	2424
84.0327739	6	2425
104.925870	6	2423
83.7774276	6	2427
77.9910087	6	2428
79.8573493	6	2429
102.935791	6	2426
80.9845924	6	2430
98.7718105	6	2431
87.9411697	6	2433
80.5702209	6	2434
100.670814	6	2432
83.0118656	6	2435
82.8251838	6	2437
76.8489837	6	2438
98.4251499	6	2436
78.9370536	6	2439
78.3967971	6	2440
81.7832946	6	2443
101.119756	6	2441
81.7770957	6	2444
97.4931716	6	2442
86.0385894	6	2445
90.3062820	6	2446
90.8474922	6	2447
79.4088840	6	2449
90.9008979	6	2448
78.8855552	6	2450
85.5989456	6	2452
82.3452472	6	2453
100.276947	6	2451
82.0868015	6	2454
85.8845710	6	2455
82.5712680	6	2457
82.6997756	6	2458
104.857206	6	2456
83.1427574	6	2459
78.9048671	6	2460
92.7972793	6	2461
82.4365615	6	2463
92.0372009	6	2462
77.9542922	6	2464
86.4224433	6	2465
90.3584957	6	2466
89.7419452	6	2467
80.3461074	6	2469
90.7177925	6	2468
77.8720378	6	2470
84.1400623	6	2472
80.8901786	6	2473
98.2353687	6	2471
77.2302150	6	2474
78.3631801	6	2476
96.8163013	6	2475
81.3262462	6	2478
80.3303718	6	2479
97.9731082	6	2477
77.1393775	6	2480
84.1081142	6	2482
81.3310146	6	2483
98.0401039	6	2481
78.0618190	6	2484
84.7594738	6	2485
92.9172039	6	2486
83.6203098	6	2488
92.9694175	6	2487
79.1032314	6	2489
76.7831802	6	2490
83.4941864	6	2492
94.4154262	6	2491
80.1501274	6	2493
85.5219364	6	2494
91.2952423	6	2495
91.8099880	6	2496
84.1186046	6	2497
84.4697952	6	2498
78.7570476	6	2499
76.9832134	6	2500
82.5150012	6	2502
77.9414176	6	2503
95.2494144	6	2501
77.2840976	6	2505
97.0661640	6	2504
90.9512042	6	2506
82.7445983	6	2507
82.7205181	6	2508
76.8790245	6	2509
76.4768123	6	2510
89.7798538	6	2511
83.8050842	6	2512
78.0873298	6	2513
92.0655727	6	2514
80.9993743	6	2516
88.8977050	6	2515
82.1046829	6	2517
83.0521583	6	2518
77.3060321	6	2519
76.8449306	6	2520
82.3898315	6	2522
94.3372249	6	2521
79.6873569	6	2523
85.3056907	6	2525
80.8794498	6	2526
97.1391201	6	2524
82.5419425	6	2527
82.9956531	6	2528
76.9658088	6	2529
76.5964984	6	2530
89.1485214	6	2531
79.9977779	6	2533
90.8102989	6	2532
93.9545631	6	2534
81.1789035	6	2536
92.7934646	6	2535
82.5319290	6	2537
82.9398632	6	2538
76.6391754	6	2539
76.7023563	6	2540
87.7425670	6	2541
81.4223289	6	2542
82.9365253	6	2543
88.7179374	6	2545
85.0543975	6	2546
105.399847	6	2544
82.8859806	6	2547
83.1749439	6	2548
79.2965888	6	2549
79.9562931	6	2550
84.5057964	6	2552
83.3985805	6	2553
85.8287811	6	2555
117.848873	6	2551
81.4747810	6	2556
101.334095	6	2554
83.4627151	6	2557
77.2480964	6	2559
87.2199535	6	2558
80.9457302	6	2560
77.8439044	6	2563
76.6308307	6	2564
95.8499908	6	2562
128.287315	6	2561
90.1019573	6	2566
82.7267169	6	2567
98.7834930	6	2565
76.5762329	6	2569
86.8179798	6	2568
80.1553726	6	2570
77.2738456	6	2574
100.322484	6	2571
88.3407592	6	2573
102.033376	6	2572
81.6981792	6	2576
78.4027576	6	2577
96.9383716	6	2575
77.0137310	6	2578
77.0547389	6	2579
83.6646556	6	2580
98.9377498	6	2581
76.4849185	6	2584
78.3741474	6	2585
99.7469425	6	2583
109.169006	6	2582
77.2435665	6	2587
88.5922908	6	2586
77.3046016	6	2588
76.4884948	6	2589
81.5939903	6	2590
81.3066959	6	2593
96.8837738	6	2591
93.4090614	6	2592
85.6101512	6	2594
76.6932964	6	2596
90.4796123	6	2595
79.0128707	6	2597
77.5568485	6	2598
76.5762329	6	2599
87.4397754	6	2600
88.6182785	6	2602
84.4092369	6	2603
100.656270	6	2601
77.9221057	6	2604
84.2754840	6	2605
82.7720165	6	2606
77.8403282	6	2607
77.5709152	6	2608
78.0911445	6	2609
94.2845344	6	2610
95.8056449	6	2611
92.3378467	6	2612
77.1977901	6	2614
85.1931571	6	2613
76.7035484	6	2616
89.8718833	6	2615
78.0785083	6	2617
77.0280361	6	2619
93.1320190	6	2618
78.2887935	6	2622
94.9277877	6	2621
104.524374	6	2620
76.2860774	6	2624
84.6042633	6	2623
84.9375724	6	2625
82.1447372	6	2626
77.5685310	6	2627
77.9173374	6	2629
93.1098461	6	2628
90.1341438	6	2630
85.1190090	6	2631
88.7727737	6	2632
84.4738483	6	2633
76.8611431	6	2634
83.1422805	6	2635
80.5382728	6	2636
76.8573284	6	2637
76.5287876	6	2639
91.3469791	6	2638
80.9984207	6	2641
91.4452075	6	2640
87.0800018	6	2642
83.4915637	6	2643
84.6645832	6	2644
82.1232795	6	2645
80.3360939	6	2646
76.5759944	6	2647
81.7365646	6	2649
91.4123058	6	2648
82.8108787	6	2651
91.2053585	6	2650
79.0770053	6	2653
89.7302627	6	2652
83.6930274	6	2654
80.7366371	6	2655
79.0212154	6	2656
77.1601200	6	2657
87.3892307	6	2658
82.6547145	6	2659
81.6316604	6	2661
89.8771286	6	2660
85.9584808	6	2662
81.5980434	6	2663
83.2896232	6	2664
80.4610252	6	2665
82.8378200	6	2666
78.2961845	6	2667
87.9905223	6	2668
83.5928916	6	2669
89.5862579	6	2670
82.4131965	6	2671
86.8213176	6	2672
81.4447402	6	2673
83.2054615	6	2674
81.1281204	6	2675
84.1691493	6	2676
78.7549018	6	2677
80.9252262	6	2679
91.2587642	6	2678
89.9622440	6	2680
82.5049877	6	2681
86.6682529	6	2682
81.3770294	6	2683
83.7128162	6	2684
84.4347476	6	2685
84.2013359	6	2686
82.8404426	6	2687
89.8616313	6	2688
85.2260589	6	2689
82.2987556	6	2691
91.2516117	6	2690
86.5948200	6	2692
81.9029808	6	2693
83.4081172	6	2694
83.3168029	6	2695
84.1996669	6	2696
84.5143795	6	2697
80.9733867	6	2699
89.6873474	6	2698
81.6915035	6	2701
90.7478332	6	2700
85.6904983	6	2702
81.6402435	6	2703
83.3127498	6	2704
83.2376480	6	2705
84.7940444	6	2706
85.7179164	6	2707
81.7456245	6	2709
89.8003578	6	2708
82.2227001	6	2711
91.1905765	6	2710
86.1339569	6	2712
82.5355052	6	2713
83.7426185	6	2714
84.3276977	6	2715
84.3019485	6	2716
85.1826667	6	2717
88.5970592	6	2718
81.1207294	6	2719
80.6879997	6	2721
89.6306037	6	2720
77.2948265	6	2723
88.8407230	6	2722
82.6354026	6	2724
82.7102661	6	2725
83.8456153	6	2726
85.0174427	6	2727
79.8470973	6	2729
87.7089500	6	2728
86.7311954	6	2730
81.0825824	6	2731
84.1419696	6	2732
80.9240341	6	2733
81.9427967	6	2734
81.3376903	6	2735
82.3860168	6	2736
83.0316543	6	2737
79.3263912	6	2739
87.7876281	6	2738
79.5450210	6	2741
94.5971012	6	2740
83.3392143	6	2742
80.5428028	6	2743
80.4760456	6	2744
80.7926654	6	2745
82.1330547	6	2746
84.4662189	6	2747
86.6742134	6	2748
79.5738697	6	2749
79.2734622	6	2751
93.8029289	6	2750
83.0619335	6	2752
81.3028812	6	2753
80.4252624	6	2754
80.5034637	6	2755
77.0373344	6	2758
91.9919013	6	2756
90.0893211	6	2757
79.6036720	6	2759
79.6892642	6	2761
94.1393375	6	2760
83.5924148	6	2762
83.9736461	6	2763
80.8761119	6	2764
80.3775787	6	2765
91.9475555	6	2766
77.6498317	6	2768
90.2431011	6	2767
79.7934532	6	2769
79.2057514	6	2771
94.0775871	6	2770
82.7059745	6	2772
84.1052532	6	2773
80.0323486	6	2774
79.9214839	6	2775
83.5244655	6	2777
92.1959877	6	2776
82.4234485	6	2778
78.6721706	6	2779
83.9927196	6	2781
78.5732269	6	2782
100.613594	6	2780
83.6808681	6	2783
80.0263881	6	2784
79.2746543	6	2785
87.9840850	6	2786
82.6520919	6	2787
81.9070339	6	2788
78.5710811	6	2789
84.2003822	6	2791
94.0575599	6	2790
84.8205089	6	2792
84.0320587	6	2793
80.0302028	6	2794
79.2431831	6	2795
91.0322666	6	2796
83.1825733	6	2797
81.8531513	6	2798
78.5315036	6	2799
92.0567512	6	2800
78.4306526	6	2802
92.1449661	6	2801
83.2307338	6	2803
79.3650150	6	2804
78.6676406	6	2805
90.6870365	6	2806
83.4615230	6	2807
82.0109844	6	2808
81.0043811	6	2809
93.7554836	6	2810
88.3986949	6	2811
85.2026939	6	2812
84.1944217	6	2813
79.5209407	6	2814
79.0121555	6	2815
88.6235237	6	2817
96.7779159	6	2816
81.9714069	6	2818
80.4755687	6	2819
84.5468044	6	2821
92.9584503	6	2820
83.7025642	6	2822
82.2722911	6	2823
77.1965980	6	2824
76.4808654	6	2825
88.8056755	6	2826
78.9463520	6	2828
87.1267318	6	2827
77.2414207	6	2829
82.1547508	6	2831
90.8083915	6	2830
86.7094993	6	2832
77.5661468	6	2834
87.3608589	6	2833
76.4276981	6	2835
80.8260440	6	2837
91.6454792	6	2836
78.3598423	6	2838
77.7308940	6	2839
83.0230712	6	2841
90.7888412	6	2840
84.2103958	6	2843
77.7387619	6	2844
76.8003463	6	2845
101.418733	6	2842
80.3861618	6	2847
91.6988849	6	2846
78.5531997	6	2848
77.0707130	6	2849
89.7417068	6	2850
82.2038650	6	2851
85.3166580	6	2852
85.1068496	6	2853
82.8454494	6	2854
77.1536827	6	2855
77.9058933	6	2857
88.9863967	6	2856
76.7052173	6	2858
77.9683589	6	2859
80.4655551	6	2861
88.7501239	6	2860
83.7020874	6	2862
83.5111141	6	2863
81.8111896	6	2864
76.9858360	6	2865
78.0963897	6	2867
89.5497798	6	2866
76.5309333	6	2868
78.0482292	6	2869
79.6525478	6	2871
88.9427661	6	2870
83.0850601	6	2872
82.9513072	6	2873
80.1455974	6	2874
76.9324302	6	2875
84.6185684	6	2876
80.1594257	6	2877
76.3959884	6	2878
76.6422748	6	2879
79.1578292	6	2881
88.3150100	6	2880
82.4074745	6	2882
83.8162899	6	2883
80.5966854	6	2884
77.1980285	6	2885
84.6724510	6	2886
80.5289745	6	2887
76.5438079	6	2888
77.0986080	6	2889
79.5383453	6	2891
88.1633758	6	2890
82.2422504	6	2892
83.4636688	6	2893
81.7008018	6	2894
77.7511596	6	2895
76.8737792	6	2897
78.0026912	6	2898
102.583408	6	2896
79.2648792	6	2900
94.5463180	6	2899
81.4359188	6	2901
83.2476615	6	2902
85.0722789	6	2903
81.6557407	6	2904
79.9248218	6	2905
79.4868469	6	2908
81.3007354	6	2909
105.922698	6	2906
100.694417	6	2907
80.3484916	6	2910
79.7312259	6	2911
83.0681324	6	2912
93.2765007	6	2913
85.7048034	6	2914
93.7273502	6	2915
85.0951671	6	2917
79.5924663	6	2918
96.7204570	6	2916
82.0724964	6	2919
77.9740810	6	2920
79.7839164	6	2921
93.6985015	6	2922
92.9088592	6	2923
85.6883525	6	2924
91.7158126	6	2925
85.9589576	6	2926
81.1328887	6	2928
93.3573246	6	2927
76.9197940	6	2930
85.1860046	6	2929
92.0050144	6	2931
85.9417915	6	2932
76.9083499	6	2934
81.0441970	6	2935
98.1397628	6	2933
77.4424076	6	2937
91.4962291	6	2936
84.6192836	6	2938
76.8723487	6	2940
84.8565101	6	2939
91.5093421	6	2941
85.6957435	6	2942
84.3827724	6	2943
81.5575122	6	2945
90.5551910	6	2944
85.2525234	6	2946
84.7914218	6	2947
84.3229293	6	2948
80.1305770	6	2950
87.9192352	6	2949
89.1897678	6	2951
90.8522605	6	2952
77.0640373	6	2954
82.3383331	6	2955
97.8672504	6	2953
84.8395824	6	2956
85.2172374	6	2957
76.7903327	6	2959
94.1662788	6	2958
80.8653831	6	2960
87.9068374	6	2962
97.8078842	6	2961
77.4750709	6	2964
92.7641391	6	2963
81.6066265	6	2965
77.5897502	6	2967
92.8454399	6	2966
85.0338935	6	2968
86.9016647	6	2969
79.8439979	6	2970
79.3757438	6	2973
97.4645614	6	2971
92.3943519	6	2972
84.0251445	6	2974
81.1514854	6	2975
83.3508968	6	2976
83.7130546	6	2977
82.5278759	6	2978
85.2339267	6	2979
77.8961181	6	2980
85.4125022	6	2982
94.8574542	6	2981
81.7780494	6	2983
81.3684463	6	2984
78.8137912	6	2985
81.8197727	6	2986
81.6655158	6	2987
80.5656909	6	2988
82.8700065	6	2989
76.2140750	6	2990
91.1128520	6	2991
85.1345062	6	2992
79.4019699	6	2993
82.4375152	6	2994
76.5500068	6	2995
79.7910690	6	2996
80.2450180	6	2997
79.2286396	6	2998
81.7136764	6	2999
76.4389038	6	3000
82.1597576	6	3002
79.4322490	6	3003
97.6092815	6	3001
82.5207233	6	3004
82.0302963	6	3005
79.2467594	6	3006
80.2431106	6	3007
79.4484615	6	3008
84.0673446	6	3009
78.0565738	6	3010
82.0906162	6	3012
93.9028263	6	3011
82.6683044	6	3013
82.3311805	6	3014
82.3910236	6	3015
79.6353816	6	3016
79.3819427	6	3017
78.4823894	6	3018
76.4648914	6	3020
90.2442932	6	3019
89.9107456	6	3021
86.1644744	6	3022
81.9218158	6	3023
81.9203853	6	3024
80.5346965	6	3025
77.6255130	6	3026
78.6571502	6	3027
77.9714584	6	3028
76.9424438	6	3030
89.5605087	6	3029
81.5021991	6	3032
92.4210548	6	3031
81.0444355	6	3033
84.8848819	6	3034
81.1710357	6	3035
77.2702693	6	3036
77.8248310	6	3037
77.1434307	6	3038
84.1615200	6	3039
81.9578170	6	3040
79.8401832	6	3042
91.5124416	6	3041
78.8230895	6	3043
83.4746360	6	3044
78.5965919	6	3045
76.6205787	6	3046
77.4033069	6	3047
76.7216682	6	3048
81.5210342	6	3049
80.1949501	6	3050
79.1156291	6	3052
91.4490222	6	3051
79.1003704	6	3053
83.9838981	6	3054
79.7553062	6	3055
77.1980285	6	3056
77.6703357	6	3058
86.9455337	6	3057
82.0879936	6	3059
80.4679393	6	3060
79.3230533	6	3062
90.9347534	6	3061
78.8085460	6	3063
83.5134983	6	3064
79.6015262	6	3065
81.3674926	6	3066
84.3291282	6	3067
77.7144432	6	3068
81.5343856	6	3069
80.6176662	6	3070
81.5320014	6	3072
90.2032852	6	3071
77.6124000	6	3073
82.8635692	6	3074
79.5726776	6	3076
87.7830982	6	3075
82.8557014	6	3077
77.1069526	6	3078
81.6247463	6	3079
79.4758796	6	3080
89.4589424	6	3081
82.6504230	6	3082
88.7808799	6	3083
83.2526683	6	3084
80.4135799	6	3086
88.1431102	6	3085
84.2268466	6	3087
78.2010555	6	3088
81.0475349	6	3089
80.4910659	6	3090
82.5176239	6	3092
92.3101902	6	3091
81.3393592	6	3094
90.4197692	6	3093
88.6862277	6	3095
81.5088748	6	3096
84.1603279	6	3097
77.7409076	6	3098
80.8825492	6	3099
93.9967632	6	3100
81.6931724	6	3102
77.0123004	6	3103
81.5103054	6	3104
105.878353	6	3101
77.8892040	6	3105
79.9465179	6	3106
82.7960968	6	3107
76.9186019	6	3108
80.4791450	6	3109
86.1480236	6	3111
96.4682102	6	3110
83.9557647	6	3112
89.0045166	6	3113
81.3336372	6	3114
76.6551494	6	3115
79.7240734	6	3116
83.1928253	6	3117
76.6618251	6	3118
80.4178714	6	3119
93.5568809	6	3120
80.2938938	6	3122
91.0325050	6	3121
81.4442634	6	3124
89.4966125	6	3123
76.6048431	6	3125
79.1220664	6	3126
82.0374488	6	3127
76.9672393	6	3128
80.3909301	6	3129
78.4866809	6	3132
88.0019664	6	3131
98.4442234	6	3130
88.4420871	6	3133
82.4747085	6	3134
77.6317119	6	3135
80.4421901	6	3136
82.6270580	6	3137
76.6029357	6	3138
79.3414115	6	3139
78.8543224	6	3142
91.3069248	6	3141
99.2023944	6	3140
81.3252925	6	3144
89.4963741	6	3143
77.0003795	6	3145
80.5501937	6	3146
83.2676887	6	3147
76.9746303	6	3148
79.2396068	6	3149
86.4939689	6	3151
97.7993011	6	3150
83.2178592	6	3152
79.7407627	6	3154
87.8474712	6	3153
76.7545700	6	3155
79.6093940	6	3156
82.8504562	6	3157
77.1369934	6	3158
78.7897109	6	3159
85.9272480	6	3161
82.8473567	6	3162
98.8514423	6	3160
80.5933475	6	3164
88.4118080	6	3163
77.1632194	6	3165
80.2972316	6	3166
83.0390453	6	3167
76.6594409	6	3168
78.7544250	6	3169
93.9404964	6	3170
89.3287658	6	3171
82.7815532	6	3172
79.3581008	6	3174
91.5014743	6	3173
76.6673088	6	3175
79.0674686	6	3176
82.0341110	6	3177
76.4484405	6	3178
77.9423713	6	3179
77.4905681	6	3182
96.3943004	6	3180
89.3788337	6	3181
78.6709785	6	3184
90.1126861	6	3183
77.9948234	6	3185
78.8471698	6	3186
81.4425945	6	3187
76.5228271	6	3188
77.1718025	6	3189
84.3434333	6	3191
95.5104827	6	3190
80.3797245	6	3192
85.0298404	6	3193
80.8770656	6	3194
76.4751434	6	3195
77.3622989	6	3196
79.8475742	6	3197
76.7185688	6	3198
76.8587589	6	3199
84.1836929	6	3201
94.0523147	6	3200
80.4140567	6	3202
78.2558917	6	3204
89.4258022	6	3203
86.2429141	6	3205
79.7266960	6	3207
88.5248184	6	3206
84.4042301	6	3208
78.9074897	6	3209
93.2888984	6	3210
87.7258777	6	3211
77.7182579	6	3213
93.8858985	6	3212
82.1037292	6	3214
78.2599449	6	3216
94.8181152	6	3215
80.1007747	6	3217
83.7905406	6	3218
77.5923728	6	3219
84.5489501	6	3221
93.6450958	6	3220
79.3488025	6	3223
77.9407024	6	3224
96.3368415	6	3222
77.9573917	6	3226
79.4246196	6	3227
95.1926708	6	3225
78.0458450	6	3229
93.3995246	6	3228
83.5630893	6	3231
77.6112079	6	3232
96.8360900	6	3230
78.1917572	6	3233
79.9670219	6	3234
76.3931274	6	3236
92.9138660	6	3235
79.0112018	6	3237
84.8803520	6	3238
82.0517539	6	3240
99.1036891	6	3239
85.2444171	6	3241
83.8339328	6	3242
79.9365043	6	3243
80.7237625	6	3244
85.0627422	6	3245
86.3375663	6	3246
81.3190937	6	3247
77.9817104	6	3249
97.7380275	6	3248
92.3690795	6	3250
78.9656639	6	3252
90.0592803	6	3251
80.1820755	6	3253
82.4534893	6	3254
80.4500579	6	3257
89.7150039	6	3256
102.075338	6	3255
77.6295661	6	3259
97.0447063	6	3258
82.9598903	6	3260
85.1941108	6	3261
79.4768333	6	3262
77.7239799	6	3265
106.273889	6	3263
87.2147083	6	3266
102.644681	6	3264
81.8958282	6	3267
78.3376693	6	3268
76.9784450	6	3269
85.2904319	6	3270
84.9008560	6	3271
79.2098045	6	3272
92.0577049	6	3273
89.7307395	6	3275
97.5503921	6	3274
86.3802433	6	3276
80.3594589	6	3277
77.2652626	6	3278
76.6036510	6	3279
84.6092700	6	3280
84.9387645	6	3281
79.7131061	6	3282
89.3163681	6	3283
88.1304740	6	3285
81.2284946	6	3286
99.7960567	6	3284
77.4645805	6	3287
76.8945217	6	3288
76.8802165	6	3289
82.2503566	6	3290
84.9552154	6	3291
87.4562263	6	3292
80.6658267	6	3294
91.8705463	6	3293
78.9198875	6	3296
90.2976989	6	3295
77.0723819	6	3297
76.4052867	6	3298
76.8859386	6	3299
81.6361904	6	3300
86.7757797	6	3301
86.5805149	6	3302
79.6532630	6	3304
89.3452167	6	3303
78.6008834	6	3306
90.8944606	6	3305
77.1212577	6	3307
76.5099525	6	3308
77.3024559	6	3309
82.5479030	6	3310
79.3390274	6	3312
98.2348918	6	3311
85.4370594	6	3313
80.3096294	6	3314
85.9494209	6	3315
83.0910205	6	3316
78.5598754	6	3317
76.2681961	6	3318
76.4343738	6	3319
90.0795459	6	3320
78.8059234	6	3322
92.5621986	6	3321
82.3552608	6	3323
79.4124603	6	3324
77.6140689	6	3326
90.5191898	6	3325
77.3613452	6	3327
77.2025585	6	3328
77.2058963	6	3329
81.8216800	6	3331
99.5640754	6	3330
77.1653652	6	3333
90.4300212	6	3332
80.7466506	6	3334
78.4745216	6	3336
86.1628055	6	3335
77.5530338	6	3337
77.6815414	6	3339
93.2462215	6	3338
81.1440944	6	3341
94.3369865	6	3340
83.7614536	6	3342
81.3775062	6	3343
91.4125442	6	3344
84.5074653	6	3345
77.5070190	6	3346
77.3336887	6	3347
76.7724514	6	3349
77.4762630	6	3350
97.4168777	6	3348
81.7439556	6	3351
76.6983032	6	3353
94.0833091	6	3352
88.1454944	6	3354
84.4991207	6	3355
77.1613121	6	3356
77.4502754	6	3357
76.6100883	6	3359
92.0550823	6	3358
81.9301605	6	3360
80.7249546	6	3361
84.4571590	6	3362
86.7729187	6	3363
80.3980827	6	3365
91.2399291	6	3364
76.4622688	6	3366
76.8008232	6	3367
76.6313076	6	3369
91.8700695	6	3368
81.2988281	6	3370
80.1739692	6	3371
84.1593742	6	3372
78.9535045	6	3374
95.2301025	6	3373
83.8632583	6	3375
76.7772197	6	3376
80.9254646	6	3377
77.0626068	6	3379
93.2610034	6	3378
80.5010795	6	3380
80.6212425	6	3381
81.3384056	6	3383
94.3827629	6	3382
85.2835178	6	3384
83.2703113	6	3385
81.6826820	6	3386
81.1827182	6	3387
76.5969753	6	3389
79.1621208	6	3390
95.5610275	6	3388
83.5576057	6	3391
79.4863700	6	3393
89.7529125	6	3392
82.6120376	6	3395
90.9988880	6	3394
79.9615383	6	3396
78.8497924	6	3397
76.8992900	6	3399
93.8756465	6	3398
78.8054466	6	3400
82.1447372	6	3401
85.6056213	6	3402
79.0767669	6	3403
80.1861286	6	3405
88.4370803	6	3404
77.7626037	6	3406
77.6245594	6	3407
77.0730972	6	3409
77.3062705	6	3410
92.9255485	6	3408
81.8562507	6	3411
87.0976448	6	3412
84.6345424	6	3413
80.6577205	6	3415
88.5684490	6	3414
78.3927440	6	3416
77.4526596	6	3417
77.2337913	6	3419
92.7741527	6	3418
78.0014991	6	3420
82.3192596	6	3421
86.2443447	6	3422
84.3880176	6	3423
87.7251625	6	3424
80.3892612	6	3425
78.9456367	6	3426
77.8903961	6	3427
91.1691188	6	3428
76.5671730	6	3430
92.3900604	6	3429
83.7748050	6	3431
79.2291164	6	3433
91.1273956	6	3432
88.0038738	6	3434
78.0742168	6	3436
86.0366821	6	3435
77.4440765	6	3437
91.1707878	6	3438
77.6665210	6	3440
93.3024883	6	3439
84.3758583	6	3441
80.8036327	6	3443
92.0507907	6	3442
79.4920921	6	3446
90.8198356	6	3445
78.6352157	6	3447
101.527452	6	3444
83.3978652	6	3449
77.3901939	6	3450
98.6692905	6	3448
78.0456066	6	3451
87.2993469	6	3452
84.3329429	6	3453
92.8537845	6	3454
89.4873142	6	3455
85.3803157	6	3456
78.1178474	6	3457
82.8664302	6	3459
92.0119285	6	3458
81.9242000	6	3460
77.2771835	6	3461
79.8738002	6	3463
94.1007137	6	3462
94.0296649	6	3464
81.9005966	6	3466
91.6848182	6	3465
77.1608352	6	3467
90.5466079	6	3468
86.4551067	6	3469
81.8984508	6	3470
86.9469642	6	3471
87.1565341	6	3472
90.5556678	6	3473
84.8579406	6	3475
95.8898067	6	3474
83.0521583	6	3476
76.5063762	6	3477
87.2640609	6	3478
77.5732994	6	3480
103.561878	6	3479
80.5559158	6	3482
92.3352241	6	3481
82.3097229	6	3484
92.2605991	6	3483
76.9569873	6	3486
87.4280929	6	3485
76.6189098	6	3487
79.2322158	6	3489
93.0507183	6	3488
95.0458049	6	3490
76.5523910	6	3493
89.3957614	6	3492
103.480577	6	3491
82.7333927	6	3494
85.5019092	6	3495
79.7140598	6	3496
76.6422748	6	3497
78.9031982	6	3499
92.9214954	6	3498
93.7290191	6	3500
92.4973487	6	3501
84.9356651	6	3502
80.1556110	6	3504
88.4473323	6	3503
77.0871639	6	3506
86.4057540	6	3505
78.2353878	6	3507
91.4146900	6	3508
97.6865291	6	3509
91.1102294	6	3510
87.0108604	6	3511
84.7227573	6	3512
87.7861976	6	3513
80.7762145	6	3514
84.8989486	6	3515
83.8901996	6	3516
78.5160064	6	3517
91.6783809	6	3518
80.7807445	6	3521
98.3138084	6	3519
90.3248786	6	3520
84.3608379	6	3522
79.0510177	6	3524
87.1934890	6	3523
84.5141410	6	3525
89.4443988	6	3526
92.0877456	6	3527
88.7715816	6	3528
88.3734226	6	3529
84.5389366	6	3531
93.0626392	6	3530
77.4066448	6	3533
89.5705223	6	3532
79.2791843	6	3534
92.0946598	6	3535
81.0110569	6	3537
84.2502117	6	3538
100.346088	6	3536
80.6629657	6	3539
104.973077	6	3540
96.9634056	6	3541
81.9263458	6	3543
91.4113521	6	3542
79.1418552	6	3544
91.6173458	6	3545
79.7085762	6	3547
94.8448181	6	3546
84.0325355	6	3548
86.1160755	6	3549
91.3758277	6	3550
83.7907791	6	3552
91.8960571	6	3551
83.3382606	6	3553
78.8044929	6	3554
89.6937847	6	3555
79.8661708	6	3557
78.3987045	6	3558
98.8090038	6	3556
85.5908393	6	3559
90.9204483	6	3560
91.8600559	6	3561
86.4269733	6	3562
82.9918384	6	3563
87.3162746	6	3564
81.9997787	6	3566
80.1036357	6	3567
97.6197719	6	3565
82.7178955	6	3568
82.9308032	6	3571
90.9721851	6	3570
98.5121726	6	3569
79.0193080	6	3573
90.5168056	6	3572
79.5562267	6	3575
96.2769985	6	3574
81.9063186	6	3576
81.9826126	6	3577
83.9636325	6	3578
90.9230709	6	3580
98.9222526	6	3579
83.9917659	6	3581
86.2910747	6	3582
87.4106884	6	3583
84.0320587	6	3585
91.8121337	6	3584
80.9111595	6	3586
82.0755958	6	3587
83.7299823	6	3588
86.4574909	6	3590
98.1125831	6	3589
92.3180580	6	3591
87.5065326	6	3592
81.9523334	6	3594
85.4883193	6	3595
100.402355	6	3593
89.9627208	6	3596
83.8036537	6	3597
84.9232673	6	3598
83.5850238	6	3600
100.058078	6	3599
87.9843235	6	3601
88.8121128	6	3602
89.9474620	6	3603
76.6732692	6	3606
92.9627418	6	3604
93.8875675	6	3605
83.5349559	6	3607
84.4340324	6	3608
90.6059741	6	3609
87.5093936	6	3610
88.3741378	6	3612
80.9016227	6	3614
98.9611148	6	3613
84.7868919	6	3615
77.9790878	6	3616
118.013858	6	3611
78.3576965	6	3617
84.9332809	6	3618
82.9591751	6	3620
82.0841789	6	3621
103.304862	6	3619
104.412555	6	3622
84.1360092	6	3625
99.2980003	6	3623
91.7081832	6	3624
78.0663490	6	3627
85.8221054	6	3626
84.8677158	6	3628
90.3697013	6	3629
90.5323028	6	3630
80.6341171	6	3632
96.3137149	6	3631
92.3566818	6	3633
84.4838619	6	3635
93.2273864	6	3634
86.5061283	6	3636
80.3370475	6	3637
85.4091644	6	3638
98.5796451	6	3639
88.2122516	6	3641
98.9246368	6	3640
85.9868526	6	3643
77.8987407	6	3645
92.9148197	6	3644
78.6116123	6	3646
111.359357	6	3642
80.9664726	6	3647
86.3893032	6	3648
98.6189842	6	3649
76.6477584	6	3652
90.8865928	6	3651
111.848354	6	3650
84.5904350	6	3654
99.2667675	6	3653
76.7345428	6	3656
87.7785682	6	3655
79.9541473	6	3657
97.4829196	6	3658
93.3992862	6	3659
82.4720859	6	3661
82.9339027	6	3662
103.829860	6	3660
81.3667774	6	3664
83.6644172	6	3665
99.0386009	6	3663
84.4695568	6	3666
81.7866325	6	3667
97.5654125	6	3668
90.4366970	6	3669
94.8290824	6	3670
85.4692459	6	3672
95.1552391	6	3671
94.1495895	6	3673
84.7942829	6	3675
93.0275917	6	3674
79.1108608	6	3676
77.6441097	6	3677
77.0959854	6	3681
97.5689888	6	3679
106.513261	6	3678
98.8411903	6	3680
79.7138214	6	3683
79.0588855	6	3685
92.7109718	6	3684
79.6368122	6	3686
111.446380	6	3682
78.7019729	6	3687
94.0351486	6	3688
98.5839366	6	3689
95.0264930	6	3690
91.2020206	6	3691
80.6336402	6	3693
97.8465080	6	3692
87.8345966	6	3694
88.7622833	6	3695
82.0925235	6	3696
101.579904	6	3697
86.8697166	6	3699
98.5846519	6	3698
90.8312797	6	3700
86.9028568	6	3701
85.6714248	6	3702
80.0902843	6	3704
90.2359485	6	3703
85.7152938	6	3705
79.1630744	6	3706
90.3925895	6	3708
98.7575054	6	3707
87.5139236	6	3709
80.1093578	6	3711
92.0810699	6	3710
84.1586589	6	3712
86.1711502	6	3713
88.9511108	6	3714
84.7179889	6	3715
78.2251358	6	3716
82.2143554	6	3719
80.1010131	6	3720
105.166673	6	3717
98.4482765	6	3718
77.3606300	6	3723
96.1678028	6	3721
92.2327041	6	3722
79.8811912	6	3724
82.1566581	6	3725
87.0923995	6	3726
82.8254222	6	3728
98.2081890	6	3727
83.1613540	6	3730
95.7059860	6	3729
93.6894416	6	3731
89.2169475	6	3732
85.0040912	6	3733
79.1218280	6	3734
81.8378925	6	3735
87.1627330	6	3737
102.315187	6	3736
81.8805694	6	3739
90.6977653	6	3738
81.1336040	6	3741
98.7002849	6	3740
77.7270793	6	3743
77.3160457	6	3744
94.7539806	6	3742
90.0657176	6	3748
113.350152	6	3745
99.8442173	6	3747
84.8577022	6	3749
77.8348445	6	3750
111.673831	6	3746
85.3266716	6	3751
77.1408081	6	3753
91.8989181	6	3752
90.8098220	6	3754
100.367784	6	3755
79.5466899	6	3758
96.4787006	6	3756
82.1101665	6	3759
81.5160274	6	3760
110.006809	6	3757
89.6761417	6	3761
77.2705078	6	3763
76.9453048	6	3764
83.3845138	6	3765
115.101099	6	3762
87.7025127	6	3767
80.8200836	6	3768
99.6828079	6	3766
76.9662857	6	3770
83.1854343	6	3772
93.6303138	6	3771
110.859632	6	3769
85.1521492	6	3773
83.7633609	6	3775
99.5271205	6	3774
77.9879093	6	3777
88.6418819	6	3776
84.3555927	6	3778
96.2924957	6	3779
89.6573066	6	3780
90.5740261	6	3781
84.7196578	6	3782
84.2363834	6	3783
82.7918052	6	3785
96.3191986	6	3784
76.9760608	6	3787
90.5897617	6	3786
91.2129878	6	3788
96.5328216	6	3789
81.6996097	6	3791
85.5724811	6	3792
84.6073627	6	3793
109.466314	6	3790
88.4327888	6	3794
90.0301933	6	3795
76.9093036	6	3797
83.7233066	6	3799
108.542203	6	3796
93.5328006	6	3798
91.5198326	6	3800
77.5556564	6	3803
98.3686447	6	3801
90.7535552	6	3802
77.7106285	6	3804
85.1974487	6	3806
111.115455	6	3805
98.0436801	6	3807
91.2401676	6	3808
77.5046348	6	3810
83.5423469	6	3811
101.836919	6	3809
81.9330215	6	3813
90.6364917	6	3812
76.7936706	6	3814
87.1686935	6	3816
87.2554779	6	3817
104.223489	6	3815
84.7997665	6	3818
82.6945304	6	3819
88.9656543	6	3820
76.9596099	6	3822
80.8155536	6	3823
76.7335891	6	3824
106.643915	6	3821
78.2740116	6	3827
101.558685	6	3825
78.9239406	6	3828
95.5133438	6	3826
82.8015804	6	3829
89.2527103	6	3830
91.5498733	6	3831
93.4910774	6	3832
82.4303627	6	3834
77.2106647	6	3835
108.574628	6	3833
79.2899131	6	3837
79.5006752	6	3838
97.3458290	6	3836
84.1090679	6	3839
89.2109870	6	3840
84.5193862	6	3842
99.9391078	6	3841
90.2261734	6	3843
93.2548046	6	3844
89.1931056	6	3845
78.0427455	6	3847
85.7596397	6	3846
78.3071517	6	3848
80.3349018	6	3851
99.0648269	6	3849
84.3789577	6	3852
83.2660198	6	3853
111.465930	6	3850
84.7833156	6	3854
84.3794345	6	3855
84.3348503	6	3856
77.1548748	6	3857
77.1849155	6	3858
94.6402549	6	3859
91.2947654	6	3860
83.1656455	6	3862
98.0484485	6	3861
87.8560543	6	3863
85.4434967	6	3864
84.9490165	6	3865
84.6211910	6	3866
78.0351161	6	3868
86.9090557	6	3867
87.5685214	6	3870
97.3157882	6	3869
84.6068859	6	3871
90.9903049	6	3872
88.2167816	6	3873
86.1113071	6	3874
88.5252952	6	3875
84.5191478	6	3876
85.1368904	6	3877
78.7458419	6	3878
86.1916542	6	3880
80.7752609	6	3881
99.0655422	6	3879
81.7017555	6	3883
78.9499282	6	3884
97.3865985	6	3882
87.1765613	6	3885
83.5738182	6	3886
83.8689804	6	3887
78.1586170	6	3888
93.2431221	6	3889
89.9882316	6	3890
82.8890800	6	3891
92.9155349	6	3892
80.5592536	6	3894
92.9186344	6	3893
86.0180854	6	3895
82.1208953	6	3896
82.8442573	6	3897
76.6537189	6	3898
84.5248699	6	3900
94.5494174	6	3899
94.3105220	6	3901
84.2597484	6	3903
80.0971984	6	3904
97.0768928	6	3902
77.1443843	6	3905
86.4188671	6	3906
82.7369689	6	3907
76.5519142	6	3908
83.8088989	6	3910
93.5671329	6	3909
86.4522457	6	3912
98.7358093	6	3911
84.2752456	6	3913
80.7592868	6	3914
77.7537822	6	3915
86.5662097	6	3916
82.8459262	6	3917
76.2887001	6	3918
83.6210250	6	3920
99.1744995	6	3919
78.7236690	6	3923
98.2782840	6	3921
91.3257598	6	3922
78.0103206	6	3924
78.1216621	6	3925
78.6018371	6	3927
77.2080421	6	3928
106.920480	6	3926
83.4600925	6	3930
83.4670066	6	3931
99.6813774	6	3929
86.3373279	6	3932
77.3532390	6	3934
92.3562049	6	3933
85.9484672	6	3935
89.2982482	6	3936
82.7655792	6	3938
99.5008945	6	3937
91.6790962	6	3939
84.3834877	6	3940
98.5229015	6	3941
91.2296772	6	3942
79.2994499	6	3944
77.1968364	6	3945
98.4818935	6	3943
78.3350467	6	3946
82.6086997	6	3948
99.0285873	6	3947
90.9683704	6	3949
92.7226543	6	3951
100.337743	6	3950
89.8697376	6	3952
82.9637050	6	3953
80.2955627	6	3954
83.4558010	6	3955
94.5158004	6	3956
81.6526412	6	3958
90.0621414	6	3957
87.5761508	6	3959
91.2616252	6	3961
83.9841365	6	3962
80.9848308	6	3963
104.560375	6	3960
79.9527168	6	3964
88.2463455	6	3965
90.9943580	6	3966
78.5865783	6	3968
89.8413658	6	3967
88.2973670	6	3969
83.8940143	6	3972
99.5256900	6	3970
93.1465625	6	3971
81.0763835	6	3973
92.6659107	6	3974
86.2019062	6	3975
86.9462490	6	3976
76.3614177	6	3978
85.8986377	6	3977
105.906009	6	3979
92.3399925	6	3981
100.009918	6	3980
85.6082439	6	3982
81.8662643	6	3983
77.7060985	6	3986
87.1191024	6	3985
94.7904586	6	3984
78.6364078	6	3987
85.3664875	6	3988
99.7011661	6	3989
89.7095203	6	3991
83.7657451	6	3992
99.8234748	6	3990
80.7864665	6	3993
83.6136341	6	3995
93.5349464	6	3994
77.0823955	6	3997
90.2266502	6	3996
92.4055576	6	3998
86.0347747	6	4000
96.0674285	6	3999
82.3976993	6	4001
83.0528736	6	4002
79.7750949	6	4003
82.9377174	6	4005
92.8449630	6	4004
82.5183391	6	4007
100.478410	6	4006
77.9807567	6	4010
97.1324443	6	4008
89.8387432	6	4009
83.7693214	6	4011
83.1086635	6	4012
79.8227787	6	4013
82.9253196	6	4015
81.6802978	6	4017
107.688188	6	4014
97.5883007	6	4016
77.4812698	6	4019
89.1687870	6	4018
81.5982818	6	4020
82.5266838	6	4021
83.6374759	6	4022
79.8401832	6	4023
91.0859107	6	4024
96.9982147	6	4025
77.9452323	6	4028
97.9199409	6	4026
95.0682163	6	4027
82.0505619	6	4029
82.2958946	6	4030
83.2707881	6	4031
83.7600231	6	4032
96.4529514	6	4033
91.0058021	6	4034
98.7899303	6	4035
78.6199569	6	4038
97.1698760	6	4036
90.2891159	6	4037
79.7772407	6	4039
83.5573673	6	4041
98.4108448	6	4040
85.6947898	6	4042
85.2091312	6	4044
81.5529823	6	4045
101.317405	6	4043
91.9892787	6	4046
89.6718502	6	4047
84.8069190	6	4048
80.1808834	6	4049
98.4430313	6	4050
91.7377471	6	4051
91.1910533	6	4052
93.8344001	6	4053
81.3589096	6	4055
78.6364078	6	4056
99.4248390	6	4054
82.7400684	6	4058
80.5711746	6	4059
101.287364	6	4057
83.3065509	6	4062
92.2851562	6	4061
87.1193408	6	4063
81.1476707	6	4065
120.097875	6	4060
92.0078754	6	4064
77.0468711	6	4067
97.3002910	6	4066
80.7194709	6	4069
102.229833	6	4068
95.1845645	6	4070
84.8281383	6	4072
84.5501422	6	4074
107.379913	6	4071
82.1809768	6	4075
77.7506828	6	4076
105.697154	6	4073
105.134963	6	4077
89.7748470	6	4079
98.4568595	6	4078
87.6452922	6	4081
100.265741	6	4080
89.2288684	6	4083
102.718114	6	4082
88.0668163	6	4085
91.8426513	6	4086
111.297845	6	4084
95.6821441	6	4087
97.8643894	6	4088
102.560043	6	4089
97.4349975	6	4090
91.6907787	6	4092
101.327657	6	4091
96.5235233	6	4093
96.6627597	6	4094
96.5137481	6	4095
81.2416076	6	4098
109.245538	6	4096
88.8307094	6	4099
113.540887	6	4097
91.1486148	6	4101
105.302333	6	4100
94.8004722	6	4102
87.1989727	6	4103
95.9103107	6	4105
104.139804	6	4104
94.8970317	6	4106
96.5929031	6	4107
94.4578647	6	4108
98.9806652	6	4109
86.4710807	6	4111
83.0941200	6	4112
83.1878185	6	4114
114.199638	6	4110
102.972507	6	4113
99.2777347	6	4115
105.401515	6	4116
101.435661	6	4117
79.7984600	6	4120
98.4392166	6	4118
102.573633	6	4119
87.5351428	6	4122
111.466884	6	4121
88.8891220	6	4124
88.1314277	6	4125
115.816116	6	4123
82.5526714	6	4128
101.363182	6	4126
85.5290889	6	4129
112.668275	6	4127
94.8398113	6	4130
102.620840	6	4131
93.0552482	6	4133
102.396249	6	4132
92.4668312	6	4134
88.6161327	6	4136
99.7650623	6	4135
93.1344032	6	4137
97.3877906	6	4138
96.4121818	6	4139
92.1778678	6	4140
93.4329032	6	4141
93.0495262	6	4142
90.6224250	6	4144
106.481313	6	4143
91.9225215	6	4146
86.7033004	6	4147
89.6282196	6	4148
113.839387	6	4145
91.2988185	6	4149
85.4644775	6	4150
99.3883609	6	4151
100.058078	6	4152
93.2788848	6	4153
84.0020179	6	4157
78.2692432	6	4158
113.414525	6	4154
81.7441940	6	4159
82.8135013	6	4161
91.6507244	6	4160
130.008459	6	4156
139.991521	6	4155
92.4518108	6	416285.1302146	6	4163

107.905626	6	4165
90.1212692	6	4168
102.998018	6	4167
132.859945	6	4164
88.0322456	6	4170
88.9699459	6	4171
88.0734920	6	4172
134.210824	6	4166
115.926980	6	4169
78.0260562	6	4174
93.5919284	6	4173
102.169513	6	4175
108.895540	6	4176
95.4985618	6	4179
81.3899040	6	4182
95.1144695	6	4181
119.338512	6	4178
127.829551	6	4177
84.7032070	6	4183
84.4695568	6	4184
125.966548	6	4180
100.376844	6	4185
108.441829	6	4186
97.4428653	6	4188
92.9040908	6	4189
109.590768	6	4187
79.5612335	6	4192
98.3188152	6	4190
101.615905	6	4191
104.768991	6	4193
105.988979	6	4194
98.4082221	6	4195
92.3473834	6	4196
84.9506855	6	4197
84.8538875	6	4199
82.9622745	6	4200
99.3139743	6	4198
avg:  85.94939441907974
std:  7.74469392273221
p95:  100.18541812896729
p99:  111.11727952957158
com:  130.3976452786913
thg:  13.03976452786913
FCT:  32.20917057991028
que:  9.775612070446922
los:  0.0
4200 0
**********************
