[5 8 9 ... 4 6 8]
85.9210491	6	1
84.6450328	6	2
85.0660800	6	4
83.9867591	6	5
99.5872020	6	3
87.0468616	6	6
85.2291584	6	7
86.2145423	6	8
86.8546962	6	9
85.0834846	6	10
86.0352516	6	14
106.779575	6	11
94.8653221	6	13
99.0917682	6	15
119.583368	6	12
104.765653	6	16
102.730512	6	18
82.7512741	6	22
116.692304	6	17
112.293243	6	19
111.908912	6	21
137.516021	6	20
102.673530	6	26
136.877536	6	24
110.143899	6	28
150.924921	6	23
143.112182	6	25
140.588760	6	27
144.113063	6	30
137.888908	6	31
135.416030	6	34
142.954111	6	33
129.588603	6	35
162.875890	6	32
134.706735	6	37
129.582643	6	39
125.731229	6	40
210.188150	6	29
148.239135	6	38
168.326139	6	36
132.060766	6	41
122.619152	6	46
140.613794	6	44
136.196374	6	45
135.833978	6	47
170.190334	6	42
144.773721	6	49
130.936861	6	54
160.738945	6	50
154.106855	6	51
122.735738	6	57
148.138046	6	55
259.196758	6	43
144.582748	6	59
95.5133438	6	66
190.099716	6	53
200.591087	6	52
136.473178	6	61
236.237525	6	48
165.155887	6	58
136.534929	6	64
131.786108	6	65
196.273565	6	56
128.874063	6	67
185.306549	6	60
121.708393	6	69
153.243303	6	68
196.133852	6	62
142.875194	6	70
192.854642	6	63
119.277715	6	74
130.847692	6	75
162.376165	6	71
129.812002	6	79
170.106649	6	77
197.950839	6	73
209.424495	6	72
148.502349	6	81
171.035766	6	78
164.075613	6	80
158.421277	6	85
128.833293	6	89
168.733596	6	84
163.406133	6	86
158.373832	6	87
125.577211	6	94
154.398679	6	90
175.178289	6	88
216.241359	6	83
272.333383	6	76
105.785131	6	105
206.565380	6	92
224.448680	6	91
154.694318	6	101
177.809715	6	98
166.133165	6	100
296.677112	6	82
206.384897	6	95
224.354743	6	93
110.262632	6	110
232.255220	6	96
184.301614	6	103
230.819463	6	97
182.606458	6	104
165.616989	6	107
174.282312	6	109
181.656122	6	108
251.395940	6	99
209.192991	6	106
166.452884	6	113
162.341833	6	114
158.073663	6	116
191.691875	6	112
191.217899	6	118
106.414794	6	130
183.656930	6	120
255.038976	6	111
326.483011	6	102
237.420797	6	115
183.673381	6	123
201.132297	6	121
190.530061	6	124
227.998971	6	119
173.710823	6	127
161.430358	6	131
175.839662	6	129
174.317121	6	132
206.092596	6	128
287.706136	6	117
232.268095	6	125
212.452411	6	133
196.661233	6	136
211.313009	6	134
314.549922	6	122
152.786970	6	145
174.193382	6	143
169.304609	6	144
306.969404	6	126
148.852348	6	151
156.391382	6	150
264.643669	6	138
252.481698	6	140
196.331262	6	148
168.141841	6	152
212.570905	6	147
202.289819	6	149
305.404424	6	139
180.186271	6	158
304.556608	6	141
196.959972	6	156
356.519937	6	135
218.760251	6	155
196.647167	6	160
175.096035	6	163
335.033893	6	142
252.950191	6	154
137.482643	6	170
311.913490	6	146
383.805751	6	137
185.634613	6	165
201.688528	6	164
160.887241	6	172
196.887969	6	167
204.044103	6	169
295.387268	6	157
329.369544	6	153
204.884767	6	171
178.841590	6	176
201.412916	6	174
267.288684	6	166
307.206630	6	161
194.186210	6	178
341.752767	6	159
188.150644	6	180
158.229112	6	185
291.749477	6	168
191.864490	6	183
177.770376	6	186
364.323616	6	162
197.536468	6	184
165.385723	6	190
147.213697	6	196
319.385290	6	173
305.119037	6	175
166.116476	6	194
303.701162	6	177
226.768255	6	188
321.594476	6	179
223.371505	6	192
305.390357	6	181
269.383192	6	187
163.653850	6	203
187.139034	6	200
205.963611	6	198
165.565252	6	205
201.297760	6	201
308.127641	6	189
199.270486	6	204
156.909942	6	210
192.515611	6	206
391.754388	6	182
297.255516	6	195
157.613992	6	214
295.070409	6	197
288.396835	6	199
369.472742	6	191
182.054519	6	216
246.000289	6	208
168.575763	6	218
222.705841	6	211
251.339673	6	209
136.117458	6	225
150.592565	6	223
403.655529	6	193
185.623884	6	220
148.551940	6	226
277.591228	6	212
240.309000	6	217
191.131591	6	221
331.588029	6	207
205.534458	6	224
311.013936	6	213
400.290012	6	202
147.413253	6	234
183.506250	6	230
322.947978	6	215
299.626588	6	219
212.712287	6	229
153.970241	6	237
224.489450	6	228
206.527709	6	231
193.050146	6	233
181.497097	6	236
222.072124	6	232
192.704916	6	238
189.115047	6	240
163.973808	6	244
205.287456	6	239
175.033569	6	243
164.721965	6	245
342.673063	6	222
176.329135	6	246
228.991985	6	241
278.694629	6	235
147.379875	6	253
189.267873	6	250
172.128677	6	254
376.724720	6	227
232.393503	6	247
216.730594	6	251
240.473747	6	248
177.314996	6	257
176.965713	6	259
208.336353	6	256
223.564147	6	255
217.808246	6	258
171.304702	6	265
209.594964	6	260
167.328834	6	266
294.228076	6	249
197.748899	6	263
191.135406	6	264
361.745119	6	242
300.534486	6	252
167.011260	6	274
265.329599	6	261
261.178970	6	262
188.256740	6	273
160.146951	6	278
247.296571	6	269
270.924091	6	267
170.898437	6	282
253.653526	6	271
215.684175	6	277
159.970998	6	285
203.912258	6	279
194.497823	6	281
203.352689	6	280
144.456386	6	289
261.869192	6	276
307.245492	6	270
197.336196	6	286
218.486070	6	287
312.288522	6	275
176.953554	6	294
342.124462	6	272
198.620080	6	293
288.162946	6	283
281.545639	6	284
138.193607	6	305
248.618364	6	291
197.715044	6	298
171.519994	6	302
248.488664	6	292
449.846029	6	268
294.953107	6	290
164.752006	6	309
147.969722	6	313
223.948001	6	303
254.285573	6	299
364.612340	6	288
302.409410	6	297
146.179914	6	319
242.988109	6	306
260.653018	6	304
326.870441	6	296
150.079250	6	322
309.103965	6	301
355.336427	6	295
208.616018	6	315
324.201822	6	300
191.876888	6	318
140.549421	6	325
100.800991	6	333
279.875278	6	310
308.541059	6	307
270.586013	6	314
156.839609	6	335
337.393283	6	312
345.023632	6	311
214.590072	6	329
186.503887	6	334
315.953493	6	317
291.005373	6	321
173.467397	6	337
230.689048	6	330
303.586244	6	320
162.582874	6	339
260.239362	6	327
300.103664	6	323
157.319545	6	342
156.804084	6	345
335.617542	6	324
234.992742	6	338
456.992387	6	308
263.018131	6	336
337.773084	6	326
410.724639	6	316
229.243993	6	343
168.109416	6	353
172.877311	6	354
278.861999	6	340
145.507097	6	359
388.972043	6	328
359.524965	6	332
303.345918	6	341
188.199043	6	357
258.093833	6	349
217.678308	6	355
169.965028	6	362
206.483840	6	360
329.638719	6	344
187.516689	6	363
433.362245	6	331
314.427614	6	347
197.692394	6	365
328.564882	6	348
134.752750	6	374
160.423755	6	373
366.830110	6	346
197.780370	6	369
341.547966	6	350
331.362009	6	352
133.381605	6	382
312.371492	6	358
161.969184	6	379
187.904596	6	377
344.549179	6	356
252.047300	6	370
402.914762	6	351
294.935941	6	367
243.068218	6	375
324.907302	6	364
199.700117	6	383
230.454921	6	380
137.628316	6	394
332.097530	6	368
306.903123	6	372
357.608318	6	366
200.932025	6	389
234.330177	6	385
417.421817	6	361
307.716846	6	378
209.787368	6	393
185.964345	6	397
259.976148	6	388
178.950786	6	399
329.497814	6	381
174.113512	6	402
316.563129	6	384
432.938814	6	371
336.132526	6	387
217.793941	6	403
303.514003	6	392
302.702665	6	395
159.078836	6	414
341.893911	6	390
448.429346	6	376
201.371669	6	409
236.328125	6	405
343.982219	6	391
386.368989	6	386
164.972066	6	417
242.394208	6	407
306.671619	6	401
229.558229	6	412
214.259624	6	415
361.665487	6	396
189.262866	6	419
364.385604	6	398
281.480550	6	410
366.414070	6	400
283.966302	6	413
320.014476	6	408
211.100339	6	423
153.715372	6	434
333.588123	6	411
197.805643	6	429
380.495548	6	406
237.406015	6	425
197.762727	6	430
242.766380	6	427
166.459083	6	437
186.431407	6	435
159.436464	6	439
204.247474	6	433
311.608314	6	421
354.681968	6	416
450.870752	6	404
325.341701	6	422
283.153057	6	428
361.825704	6	420
378.560066	6	418
181.961059	6	449
315.270423	6	432
197.230815	6	448
384.004354	6	424
237.183332	6	443
163.252115	6	454
144.239664	6	459
291.759252	6	440
256.666421	6	445
196.625709	6	453
292.711257	6	441
285.453319	6	442
226.271152	6	450
429.885864	6	426
206.088066	6	457
287.337064	6	447
188.514947	6	461
383.580923	6	436
99.5821952	6	474
246.257543	6	455
448.464393	6	431
351.541280	6	444
224.945306	6	462
185.657978	6	468
422.707557	6	438
364.158630	6	446
317.859649	6	452
115.285396	6	479
191.844940	6	469
212.978124	6	467
360.092163	6	451
293.413877	6	460
210.217714	6	473
233.756542	6	470
281.656026	6	465
196.070194	6	477
307.246685	6	463
214.038610	6	480
402.867317	6	456
330.419063	6	466
217.939138	6	481
346.048355	6	464
210.246324	6	485
413.870811	6	458
177.619695	6	490
331.930637	6	472
182.092189	6	493
147.233247	6	499
273.801088	6	482
328.914165	6	475
163.084506	6	502
178.925514	6	501
286.042690	6	487
260.744571	6	491
249.168395	6	494
338.591098	6	483
377.880573	6	478
240.909814	6	497
324.922561	6	486
351.532697	6	484
309.395790	6	492
342.617511	6	488
114.444494	6	519
432.292222	6	476
211.354494	6	507
485.007524	6	471
314.364671	6	495
371.119976	6	489
225.247383	6	510
268.040418	6	505
213.074684	6	513
179.586648	6	522
341.742992	6	500
364.908695	6	498
279.881954	6	512
217.636585	6	521
307.007312	6	511
278.912067	6	515
331.834077	6	508
364.951372	6	504
224.874734	6	524
275.408983	6	517
388.919353	6	503
374.063730	6	506
233.725547	6	526
363.897323	6	509
462.492227	6	496
199.899196	6	532
318.418979	6	516
304.517269	6	520
198.823451	6	537
185.950279	6	539
230.553627	6	535
398.223400	6	514
314.920186	6	527
201.926231	6	542
399.982929	6	518
355.850219	6	525
373.303890	6	523
329.956531	6	529
248.821973	6	540
202.459096	6	546
283.713817	6	536
332.010269	6	530
329.786062	6	531
354.270696	6	528
212.087392	6	552
193.186283	6	556
387.332677	6	533
168.439626	6	562
319.942474	6	544
295.780420	6	549
352.495193	6	543
369.107961	6	541
234.449386	6	559
291.320323	6	553
361.931800	6	545
287.633180	6	555
454.652547	6	534
151.606798	6	576
182.469844	6	573
359.451055	6	550
257.239341	6	564
223.344087	6	569
343.205928	6	554
133.104801	6	582
192.620515	6	575
262.005805	6	566
381.403207	6	551
416.408777	6	548
423.835754	6	547
498.855829	6	538
351.887226	6	557
194.769859	6	579
338.073730	6	560
248.482465	6	572
316.535472	6	565
335.467100	6	563
371.478319	6	561
398.356914	6	558
328.812837	6	568
224.046468	6	584
352.231740	6	571
386.149168	6	567
190.775871	6	593
348.751783	6	574
283.179521	6	583
391.618728	6	570
279.435873	6	585
196.804761	6	596
344.577074	6	577
152.193307	6	602
183.925628	6	599
338.501691	6	580
170.742034	6	603
295.964956	6	588
354.805469	6	581
330.750226	6	587
307.243347	6	591
353.300571	6	586
212.427854	6	605
339.871168	6	589
294.267416	6	595
236.701488	6	604
283.843994	6	600
235.509872	6	608
124.426126	6	624
387.773036	6	590
141.772270	6	623
221.199989	6	613
344.875097	6	597
212.254524	6	619
359.991550	6	601
420.555114	6	594
392.736911	6	598
547.312259	6	578
295.794486	6	611
278.840065	6	614
345.221281	6	606
243.968248	6	620
460.954666	6	592
338.817358	6	609
355.351448	6	607
187.677621	6	629
288.817167	6	616
220.873832	6	625
298.042058	6	615
261.902093	6	622
196.627855	6	631
347.221851	6	612
374.595642	6	610
164.996862	6	639
224.850177	6	636
166.892528	6	644
372.369289	6	617
240.169286	6	635
201.435327	6	642
292.479991	6	633
390.472888	6	621
185.282945	6	649
423.715353	6	618
367.922544	6	626
244.736671	6	643
344.114303	6	630
365.218162	6	628
194.880008	6	651
140.289068	6	659
350.088357	6	632
116.071462	6	664
267.193555	6	645
226.673364	6	653
353.704214	6	637
150.934219	6	665
268.914937	6	650
455.423831	6	627
304.336071	6	647
121.203899	6	671
421.170949	6	634
156.741857	6	670
193.262100	6	667
236.593723	6	662
417.865753	6	640
263.916492	6	660
306.933641	6	655
388.394832	6	646
363.972902	6	652
117.988586	6	685
353.682518	6	654
457.214355	6	641
340.337991	6	657
185.294389	6	679
433.499336	6	648
299.380064	6	666
381.386756	6	656
147.775411	6	690
198.073387	6	684
277.120590	6	674
271.248102	6	675
318.511486	6	669
196.649551	6	687
212.482690	6	686
309.475898	6	673
175.840377	6	691
264.191865	6	680
600.479602	6	638
447.316408	6	658
146.833658	6	699
151.963472	6	700
212.337970	6	694
307.008981	6	682
143.077850	6	705
220.623254	6	695
484.261035	6	661
471.113920	6	663
132.828712	6	710
378.113031	6	678
392.967939	6	676
457.131147	6	668
204.195976	6	704
411.054611	6	677
457.194566	6	672
99.4768142	6	720
317.891597	6	696
378.089666	6	689
134.028673	6	724
182.468414	6	719
218.443870	6	715
465.260267	6	683
398.262739	6	692
367.354393	6	697
398.556947	6	693
360.237598	6	698
237.966060	6	714
160.188913	6	725
308.140277	6	706
305.663585	6	707
259.025096	6	713
356.354951	6	702
206.162214	6	722
157.647371	6	730
387.709856	6	703
106.632709	6	744
371.801376	6	711
331.556081	6	717
226.473569	6	731
258.214473	6	727
402.128934	6	709
351.711988	6	716
416.825294	6	708
569.240808	6	688
170.839786	6	740
634.490251	6	681
147.707700	6	745
212.336301	6	737
182.168960	6	742
122.114896	6	750
380.427122	6	718
228.743314	6	738
436.739683	6	712
239.169597	6	739
562.604904	6	701
325.458765	6	733
146.342992	6	757
318.132877	6	735
397.719383	6	726
380.556106	6	729
342.231750	6	734
450.575113	6	721
270.365953	6	747
200.969457	6	758
372.826337	6	736
110.826253	6	770
267.684221	6	751
305.554151	6	746
201.423645	6	762
358.870983	6	743
516.861200	6	723
475.341796	6	728
324.547767	6	748
172.372817	6	767
205.939292	6	764
200.284004	6	765
282.343387	6	756
472.326993	6	732
271.353483	6	760
231.407642	6	766
305.186271	6	759
165.175914	6	777
362.023591	6	753
133.958339	6	782
349.098205	6	755
358.261585	6	754
405.149698	6	749
483.734607	6	741
184.302330	6	780
196.872472	6	779
282.727718	6	768
214.995622	6	778
177.941322	6	784
156.719207	6	787
154.039621	6	790
378.103971	6	761
322.178125	6	769
394.060611	6	763
225.069761	6	785
335.673809	6	771
215.115547	6	788
131.259441	6	800
516.945600	6	752
169.802188	6	797
378.233909	6	773
375.491857	6	775
384.895086	6	774
156.389474	6	804
179.945945	6	802
145.928859	6	807
139.803886	6	808
337.471246	6	783
222.955226	6	799
367.732286	6	781
310.870885	6	791
337.174892	6	789
177.098512	6	810
103.605031	6	822
248.976230	6	803
460.707187	6	776
330.540418	6	793
398.602724	6	786
243.422985	6	806
528.711080	6	772
186.321973	6	817
332.972288	6	798
280.905723	6	805
141.483783	6	824
199.655771	6	820
389.945507	6	796
140.719413	6	830
374.335527	6	801
190.235137	6	827
464.814424	6	792
257.769346	6	819
318.297147	6	811
188.063859	6	828
246.706485	6	823
356.349945	6	809
325.844526	6	813
254.955530	6	826
136.334657	6	843
170.657396	6	840
155.104398	6	844
332.642555	6	821
539.464950	6	794
304.006576	6	825
188.042163	6	842
226.931333	6	837
379.539489	6	818
223.823308	6	839
425.614356	6	814
274.368762	6	834
429.122209	6	815
582.973718	6	795
171.081781	6	850
203.447580	6	846
196.191072	6	847
195.074081	6	848
350.404977	6	829
490.327835	6	812
304.089784	6	838
360.551834	6	831
485.146284	6	816
136.833906	6	863
161.530733	6	860
353.828191	6	835
368.382930	6	833
202.934980	6	855
300.135850	6	845
399.444341	6	832
206.047773	6	858
357.426166	6	841
170.464277	6	867
259.441614	6	859
181.265830	6	870
227.923393	6	864
216.827630	6	866
95.7689285	6	883
457.052946	6	836
362.146377	6	849
245.173692	6	865
305.899143	6	857
367.645025	6	853
303.929090	6	862
185.219049	6	878
394.852161	6	851
174.709320	6	880
215.422391	6	875
184.986352	6	879
313.802719	6	868
421.214818	6	854
272.536039	6	874
216.169595	6	882
446.551799	6	852
159.162044	6	890
420.046806	6	856
329.717159	6	869
202.156066	6	886
394.646167	6	861
206.569671	6	887
300.193786	6	877
313.027381	6	876
363.806009	6	871
374.960899	6	872
168.689966	6	899
181.627511	6	900
276.747941	6	888
224.069356	6	895
178.810119	6	902
212.826490	6	898
220.756530	6	897
413.216114	6	873
331.843852	6	884
190.361499	6	903
368.305683	6	881
376.080513	6	885
215.439081	6	906
301.556587	6	896
370.267152	6	889
253.779649	6	904
216.670751	6	909
365.027189	6	891
225.829839	6	910
372.024536	6	892
262.568712	6	908
330.858230	6	901
386.099100	6	894
200.319766	6	919
178.550958	6	923
193.735122	6	922
246.094226	6	915
237.564086	6	917
290.689468	6	911
224.478721	6	920
259.112834	6	916
352.681636	6	907
371.216058	6	905
222.842216	6	926
328.421354	6	913
482.436418	6	893
212.406158	6	929
328.161001	6	914
345.825433	6	912
291.688203	6	921
189.093828	6	936
327.065229	6	918
266.874790	6	931
188.811302	6	943
335.370540	6	924
224.941730	6	939
311.280727	6	928
262.969255	6	935
218.960523	6	942
296.826601	6	933
239.959239	6	941
334.468364	6	930
306.362152	6	934
289.898395	6	937
150.913715	6	956
287.488460	6	938
375.776767	6	927
197.868824	6	955
269.282102	6	946
319.107294	6	940
188.667535	6	958
385.016202	6	932
460.724115	6	925
258.594989	6	954
238.454341	6	957
302.832365	6	949
330.043077	6	948
372.522115	6	944
253.799676	6	962
348.881244	6	950
278.704881	6	960
381.136178	6	947
172.470331	6	976
408.201456	6	945
234.062910	6	969
291.826725	6	963
324.745655	6	959
382.368803	6	951
199.917316	6	978
312.437534	6	964
184.715986	6	982
251.668930	6	974
346.584796	6	961
210.537433	6	980
416.275024	6	953
273.282051	6	973
256.490230	6	979
452.363014	6	952
236.717462	6	983
367.935180	6	966
339.172363	6	970
363.567829	6	968
390.335559	6	965
244.955778	6	985
313.060045	6	977
175.579547	6	996
331.455945	6	975
222.728967	6	994
393.700122	6	971
202.548027	6	998
394.077539	6	972
280.246973	6	989
283.859968	6	990
357.210636	6	981
216.752767	6	1000
463.334798	6	967
301.121711	6	992
238.114356	6	1002
365.075111	6	986
316.403150	6	993
311.305284	6	995
202.388286	6	1009
196.571111	6	1010
373.854875	6	987
375.223875	6	988
418.161869	6	984
270.330190	6	1005
354.347229	6	997
196.801900	6	1017
224.475383	6	1014
289.755344	6	1007
322.029829	6	1003
342.157602	6	1004
249.409914	6	1016
225.327253	6	1020
451.091051	6	991
373.397827	6	1001
391.681909	6	999
159.866333	6	1030
220.656394	6	1023
173.967599	6	1029
318.124294	6	1013
370.741128	6	1006
306.582689	6	1015
292.729377	6	1018
176.918268	6	1034
389.566183	6	1008
368.257522	6	1012
263.633728	6	1027
227.316617	6	1035
217.273235	6	1037
369.103431	6	1019
319.616317	6	1026
344.007253	6	1024
372.821807	6	1022
190.704822	6	1047
311.964273	6	1032
366.154670	6	1025
140.589952	6	1055
482.490301	6	1011
195.359468	6	1049
353.516817	6	1028
413.256883	6	1021
247.956514	6	1043
339.799404	6	1033
326.381206	6	1036
310.597419	6	1038
226.684570	6	1050
384.677171	6	1031
317.472457	6	1040
319.350481	6	1041
303.468465	6	1046
352.541446	6	1042
247.533321	6	1057
386.146783	6	1039
245.157957	6	1058
339.811325	6	1048
190.880775	6	1068
372.421979	6	1045
289.775609	6	1056
156.044721	6	1075
315.088748	6	1054
407.022476	6	1044
258.563041	6	1064
250.206232	6	1067
247.972726	6	1070
396.161079	6	1051
385.285615	6	1053
393.119812	6	1052
287.248373	6	1066
335.021018	6	1061
301.640987	6	1069
273.181676	6	1073
359.329938	6	1063
176.233768	6	1088
387.762546	6	1062
298.947334	6	1074
210.916280	6	1086
287.112236	6	1076
276.093721	6	1078
390.868186	6	1065
434.929847	6	1060
348.441123	6	1072
197.277545	6	1095
264.281272	6	1089
327.406406	6	1081
295.192241	6	1087
235.839605	6	1096
522.635698	6	1059
374.807834	6	1079
338.986158	6	1084
265.209197	6	1094
400.583982	6	1077
348.220348	6	1085
390.476465	6	1080
305.906057	6	1092
327.664613	6	1090
144.061565	6	1114
313.426971	6	1093
390.187025	6	1083
278.752088	6	1098
214.233875	6	1107
149.853944	6	1115
208.604574	6	1108
493.109464	6	1071
233.498096	6	1106
189.464092	6	1112
206.534385	6	1113
381.060123	6	1091
322.572231	6	1101
363.959074	6	1097
489.085197	6	1082
318.818807	6	1105
235.814094	6	1116
116.174221	6	1132
382.566690	6	1100
366.604328	6	1103
176.842927	6	1127
252.406835	6	1118
332.653045	6	1109
380.504608	6	1104
225.264787	6	1124
405.277729	6	1102
230.942964	6	1126
463.902235	6	1099
195.600986	6	1134
394.716739	6	1110
254.299879	6	1128
324.348926	6	1121
163.238525	6	1144
248.128652	6	1135
161.708831	6	1147
301.543951	6	1130
354.435205	6	1123
456.389188	6	1111
351.152658	6	1125
204.437494	6	1145
192.662000	6	1150
323.238372	6	1133
171.720981	6	1154
199.369668	6	1152
180.535793	6	1155
114.912033	6	1164
252.315521	6	1146
334.876537	6	1136
338.060855	6	1138
314.089059	6	1141
497.916460	6	1120
155.618667	6	1165
112.914085	6	1170
283.079147	6	1148
347.750425	6	1140
486.985921	6	1122
542.916059	6	1117
439.972400	6	1131
169.467449	6	1167
473.549604	6	1129
335.308313	6	1151
222.167253	6	1166
190.554618	6	1172
306.347131	6	1158
428.475856	6	1142
188.987016	6	1174
184.236049	6	1175
109.079837	6	1186
396.705865	6	1149
346.212148	6	1156
378.261327	6	1153
341.659069	6	1161
665.009021	6	1119
512.840270	6	1139
536.031007	6	1137
301.551342	6	1168
179.356336	6	1184
160.943746	6	1187
498.960256	6	1143
351.220369	6	1163
240.865945	6	1178
310.125589	6	1171
174.479484	6	1190
217.081069	6	1185
245.485067	6	1181
415.031433	6	1162
457.724571	6	1157
245.485067	6	1188
216.800689	6	1192
111.378908	6	1207
472.774982	6	1160
488.938093	6	1159
228.878498	6	1194
364.614009	6	1176
387.507200	6	1173
264.613628	6	1191
366.856098	6	1177
220.856666	6	1198
347.846746	6	1182
173.241615	6	1210
205.508232	6	1206
292.251348	6	1195
218.391656	6	1205
227.663278	6	1204
216.712236	6	1208
517.003297	6	1169
318.236112	6	1196
441.990137	6	1179
212.383270	6	1211
288.005590	6	1202
301.236391	6	1201
463.240146	6	1180
102.012634	6	1230
355.135202	6	1197
229.921579	6	1214
202.726364	6	1218
391.327381	6	1193
252.255916	6	1212
370.186328	6	1199
162.483453	6	1227
496.706962	6	1183
287.942409	6	1215
235.083580	6	1222
240.117073	6	1225
203.929662	6	1231
177.275896	6	1235
322.657823	6	1216
194.602727	6	1234
546.119451	6	1189
123.655557	6	1245
471.944808	6	1203
206.191062	6	1238
304.756402	6	1226
503.210067	6	1200
142.295598	6	1247
291.143417	6	1228
357.768297	6	1220
399.009943	6	1217
386.988162	6	1219
173.102378	6	1248
482.470989	6	1209
173.699617	6	1250
382.130622	6	1224
295.715570	6	1237
192.757844	6	1255
238.069295	6	1251
277.780294	6	1246
295.548439	6	1244
315.778255	6	1242
480.125904	6	1221
347.072124	6	1239
152.815580	6	1265
381.263017	6	1236
227.111577	6	1257
220.557451	6	1258
582.380056	6	1213
270.553350	6	1254
486.145257	6	1229
394.203186	6	1241
170.852661	6	1270
199.500322	6	1267
213.963747	6	1266
479.633808	6	1232
208.281278	6	1268
490.547180	6	1233
181.481599	6	1274
264.682054	6	1264
198.247909	6	1275
324.998855	6	1259
306.109905	6	1262
611.466407	6	1223
388.517856	6	1252
244.996786	6	1271
144.485473	6	1285
150.863409	6	1287
223.562240	6	1278
409.474849	6	1256
540.744781	6	1240
383.678197	6	1261
533.353090	6	1243
184.440612	6	1288
140.645980	6	1294
469.436883	6	1253
185.826778	6	1291
305.732965	6	1277
106.029033	6	1305
460.333585	6	1260
310.036182	6	1280
375.953674	6	1272
379.684448	6	1273
457.189083	6	1263
334.654092	6	1279
187.551498	6	1298
128.953695	6	1307
586.217164	6	1249
357.957839	6	1281
257.168054	6	1295
246.195316	6	1297
379.143953	6	1282
154.997348	6	1311
434.690475	6	1276
143.527984	6	1314
387.262582	6	1284
341.747522	6	1290
261.924266	6	1301
212.212324	6	1308
348.024368	6	1292
287.334442	6	1300
175.629615	6	1315
411.428213	6	1286
553.204536	6	1269
361.300706	6	1299
489.968299	6	1283
217.506885	6	1318
353.921890	6	1302
199.240684	6	1322
210.783720	6	1321
120.462894	6	1334
190.028667	6	1325
178.752660	6	1327
343.623399	6	1306
423.043251	6	1296
151.740550	6	1331
372.740983	6	1304
395.751476	6	1303
345.594882	6	1310
131.742715	6	1342
310.991525	6	1319
325.924634	6	1317
344.344615	6	1316
537.202596	6	1293
381.124019	6	1313
214.100837	6	1335
332.885026	6	1320
394.364595	6	1312
241.754055	6	1332
230.985164	6	1336
318.430900	6	1326
230.402946	6	1338
117.269277	6	1354
300.651073	6	1330
355.241537	6	1324
246.312618	6	1341
169.194936	6	1351
216.091156	6	1345
225.845336	6	1347
287.589550	6	1340
301.829814	6	1339
690.223455	6	1289
538.399219	6	1309
272.359848	6	1346
155.448198	6	1362
176.054000	6	1360
435.366153	6	1328
200.160026	6	1359
378.193616	6	1337
225.816726	6	1357
277.797698	6	1352
500.030279	6	1323
352.224111	6	1344
133.124589	6	1374
155.395030	6	1371
351.888895	6	1348
399.303913	6	1343
223.520994	6	1366
303.379535	6	1356
478.928089	6	1333
518.832921	6	1329
211.249113	6	1372
396.573781	6	1350
247.054100	6	1370
388.014078	6	1353
329.917192	6	1361
310.906410	6	1365
438.331842	6	1349
381.381988	6	1358
231.071949	6	1378
412.101984	6	1355
127.459526	6	1394
219.269037	6	1382
259.763479	6	1377
245.398759	6	1380
367.255926	6	1364
171.691656	6	1391
268.270969	6	1379
365.880012	6	1367
236.971139	6	1386
395.720005	6	1368
248.119115	6	1388
339.308023	6	1376
374.346971	6	1375
196.495294	6	1399
305.667877	6	1385
290.789842	6	1387
253.505468	6	1392
493.671894	6	1363
177.209615	6	1406
121.524095	6	1414
434.248447	6	1373
350.398540	6	1384
285.829782	6	1393
385.536193	6	1381
237.928867	6	1401
196.657180	6	1407
382.043123	6	1383
177.273035	6	1411
353.873014	6	1390
262.937545	6	1402
195.130109	6	1412
260.995864	6	1404
311.105966	6	1400
155.477523	6	1422
355.419158	6	1397
300.393819	6	1405
381.813526	6	1395
217.978954	6	1417
386.785507	6	1396
382.065296	6	1398
205.265760	6	1424
209.357738	6	1426
332.751989	6	1410
263.768196	6	1420
397.181987	6	1403
191.418886	6	1432
373.559713	6	1408
341.265916	6	1413
673.701286	6	1369
238.324403	6	1427
528.333425	6	1389
337.764978	6	1416
205.060958	6	1434
322.016239	6	1419
359.519720	6	1415
156.056165	6	1442
320.417165	6	1421
151.596546	6	1444
267.105102	6	1431
385.766506	6	1418
334.843397	6	1425
92.8609371	6	1462
221.605300	6	1445
286.955118	6	1437
350.628614	6	1430
331.582307	6	1433
223.613739	6	1447
373.761653	6	1428
244.460582	6	1446
292.209386	6	1441
309.531211	6	1439
217.837810	6	1452
148.445129	6	1464
330.355882	6	1440
198.491811	6	1459
382.107257	6	1435
183.820724	6	1461
240.703582	6	1455
370.883703	6	1438
296.252250	6	1448
239.180326	6	1457
348.876476	6	1443
502.417802	6	1423
287.241935	6	1454
634.010314	6	1409
319.167137	6	1451
436.690330	6	1436
310.051918	6	1453
334.003448	6	1450
230.798959	6	1465
168.693065	6	1474
336.665630	6	1458
187.700271	6	1477
221.195220	6	1473
246.524810	6	1472
193.809509	6	1479
299.270153	6	1467
363.229274	6	1460
609.420299	6	1429
199.304103	6	1482
355.882883	6	1463
358.844757	6	1466
144.364595	6	1494
212.260723	6	1487
255.035877	6	1484
319.023132	6	1478
549.927473	6	1449
178.615093	6	1497
141.605615	6	1502
394.054412	6	1469
364.556312	6	1475
302.826166	6	1483
422.657012	6	1470
336.730480	6	1481
420.496940	6	1471
266.569614	6	1491
364.235401	6	1480
266.494512	6	1493
283.330917	6	1492
336.769342	6	1485
186.350345	6	1505
129.499912	6	1514
186.063766	6	1507
259.445905	6	1498
593.203544	6	1456
497.661828	6	1468
231.310606	6	1503
436.537981	6	1476
364.918708	6	1486
341.594457	6	1490
135.717153	6	1517
267.927885	6	1501
382.000207	6	1488
334.770679	6	1495
342.231273	6	1499
243.489265	6	1513
268.044471	6	1511
291.678190	6	1508
193.565607	6	1521
333.038091	6	1504
197.401285	6	1522
373.378753	6	1500
196.072578	6	1525
344.756603	6	1506
177.847862	6	1528
295.519828	6	1515
130.589008	6	1537
284.383535	6	1518
462.510108	6	1496
227.840423	6	1527
363.356590	6	1510
359.048128	6	1512
187.971830	6	1534
280.653476	6	1523
220.860004	6	1535
274.098873	6	1531
328.302383	6	1524
233.045578	6	1538
388.572216	6	1519
228.124380	6	1542
399.840116	6	1520
306.957244	6	1533
332.992315	6	1530
654.361009	6	1489
370.066642	6	1526
218.002080	6	1546
201.363563	6	1548
510.947942	6	1509
232.188940	6	1545
216.904640	6	1550
306.729793	6	1539
201.053142	6	1554
180.414438	6	1557
217.368602	6	1553
231.927633	6	1551
522.962331	6	1516
373.625278	6	1536
293.851613	6	1547
159.020423	6	1565
353.681564	6	1540
259.126186	6	1552
349.733591	6	1541
356.550931	6	1544
450.449466	6	1532
207.546710	6	1564
378.913164	6	1543
200.413227	6	1568
218.639612	6	1566
189.296245	6	1572
266.641378	6	1562
185.033559	6	1574
311.630249	6	1558
262.418508	6	1567
203.296661	6	1577
159.702062	6	1584
388.594150	6	1555
239.218473	6	1575
217.656850	6	1578
189.989805	6	1582
287.001132	6	1570
371.150732	6	1559
365.150690	6	1560
291.257381	6	1571
371.281862	6	1561
183.314800	6	1586
175.648689	6	1588
215.821266	6	1585
306.432723	6	1573
178.503751	6	1591
422.751665	6	1563
690.444946	6	1529
485.379219	6	1556
333.197116	6	1576
314.654111	6	1580
211.308240	6	1594
276.537179	6	1587
357.175111	6	1579
172.442197	6	1606
371.390581	6	1581
280.815601	6	1593
291.270256	6	1592
199.165582	6	1604
197.905063	6	1605
202.184677	6	1607
496.762514	6	1569
647.486448	6	1549
210.720062	6	1608
290.571212	6	1598
315.967559	6	1595
196.076631	6	1611
423.405170	6	1583
284.078598	6	1602
207.646369	6	1613
222.542524	6	1612
331.482410	6	1600
360.738754	6	1597
317.062377	6	1603
363.543510	6	1599
229.523897	6	1618
271.338701	6	1614
212.108612	6	1622
196.310281	6	1626
205.181360	6	1625
151.261329	6	1633
393.913745	6	1601
229.277372	6	1624
159.381866	6	1634
270.521402	6	1620
456.041336	6	1596
309.247970	6	1616
299.228191	6	1619
334.933280	6	1615
525.164365	6	1590
324.012279	6	1617
255.567789	6	1627
173.686981	6	1642
257.211685	6	1632
160.765886	6	1646
443.120956	6	1610
187.642335	6	1644
350.426435	6	1623
264.650106	6	1635
381.685018	6	1621
344.279289	6	1628
336.537837	6	1631
285.822868	6	1638
117.653608	6	1662
257.329463	6	1645
208.456754	6	1652
201.846837	6	1653
688.937902	6	1589
336.356878	6	1637
187.781095	6	1658
400.425434	6	1630
266.093492	6	1651
248.066902	6	1654
335.267305	6	1643
360.958337	6	1640
252.158164	6	1655
373.337268	6	1639
325.433731	6	1647
189.428806	6	1666
327.464818	6	1648
439.052104	6	1636
173.226118	6	1672
435.206413	6	1641
151.997327	6	1678
195.271015	6	1675
337.026357	6	1657
289.098978	6	1664
300.512075	6	1663
717.467308	6	1609
341.868162	6	1660
165.125608	6	1682
420.179843	6	1650
357.721567	6	1661
182.235956	6	1683
347.438812	6	1667
215.473651	6	1684
492.800712	6	1649
202.202320	6	1686
163.931846	6	1692
317.158222	6	1673
349.744558	6	1670
372.931957	6	1668
335.602283	6	1674
685.757160	6	1629
155.660390	6	1698
129.347324	6	1702
389.011621	6	1669
233.395576	6	1690
323.481559	6	1679
483.125209	6	1659
342.761516	6	1677
438.772201	6	1665
280.554533	6	1685
334.241151	6	1680
223.892450	6	1694
532.600879	6	1656
378.188133	6	1676
254.631280	6	1693
450.558423	6	1671
371.095895	6	1681
295.757532	6	1691
206.832408	6	1703
272.548198	6	1695
199.820280	6	1706
346.048355	6	1688
372.240304	6	1687
182.414770	6	1713
190.854549	6	1712
276.267051	6	1704
314.400672	6	1700
139.155864	6	1723
342.473745	6	1697
335.175514	6	1699
173.552513	6	1722
208.920001	6	1718
248.415470	6	1715
287.366390	6	1710
313.277959	6	1707
372.593402	6	1701
206.264734	6	1724
244.787454	6	1720
148.721218	6	1733
345.820665	6	1708
497.850179	6	1689
388.046741	6	1705
200.685739	6	1730
195.956945	6	1732
474.589347	6	1696
381.007194	6	1709
153.999328	6	1740
260.392904	6	1726
275.304079	6	1725
368.816852	6	1714
267.886400	6	1727
406.915664	6	1711
351.810693	6	1719
378.423929	6	1717
183.447837	6	1746
207.587957	6	1743
188.823699	6	1747
214.268445	6	1744
352.087974	6	1728
358.785629	6	1729
178.302288	6	1753
302.754878	6	1737
222.007751	6	1750
150.405883	6	1760
301.930665	6	1742
223.875045	6	1752
153.359651	6	1763
370.508670	6	1735
381.811857	6	1734
226.253271	6	1758
378.831624	6	1738
522.346735	6	1721
319.548845	6	1748
185.915231	6	1766
395.922660	6	1739
220.052003	6	1762
184.475421	6	1767
272.079229	6	1757
230.283737	6	1764
162.992477	6	1773
346.444845	6	1749
620.691299	6	1716
508.878707	6	1731
404.038429	6	1745
111.425638	6	1783
229.319095	6	1770
360.244989	6	1755
222.058534	6	1775
528.973817	6	1736
309.092760	6	1765
143.014907	6	1787
205.590248	6	1780
300.485849	6	1768
298.753023	6	1769
168.427705	6	1786
389.535427	6	1759
548.123359	6	1741
476.119756	6	1751
271.156549	6	1778
324.895858	6	1772
463.157653	6	1754
237.772226	6	1785
159.005880	6	1795
209.184646	6	1789
468.169212	6	1756
199.322223	6	1793
247.061491	6	1788
460.093498	6	1761
386.326074	6	1771
243.371248	6	1790
382.032394	6	1774
372.523784	6	1776
337.407112	6	1782
347.203493	6	1781
217.326164	6	1798
206.792831	6	1800
405.338287	6	1777
359.533786	6	1784
286.169767	6	1794
198.060512	6	1806
197.772026	6	1807
134.966135	6	1815
320.895671	6	1792
162.238359	6	1813
427.775621	6	1779
273.183822	6	1799
305.180072	6	1804
325.082540	6	1803
215.289354	6	1818
200.402498	6	1820
283.720016	6	1810
349.674940	6	1802
333.171367	6	1805
119.301557	6	1833
193.522453	6	1827
138.103485	6	1835
178.169965	6	1830
325.013160	6	1812
410.998106	6	1801
443.815708	6	1797
451.691627	6	1796
238.992214	6	1824
500.853538	6	1791
346.646308	6	1811
373.848199	6	1809
335.845947	6	1814
224.146604	6	1829
226.444005	6	1834
326.039552	6	1822
298.147678	6	1826
331.381320	6	1823
389.440774	6	1816
210.566997	6	1840
283.858776	6	1831
462.722778	6	1808
406.525373	6	1817
188.168287	6	1847
168.997526	6	1850
361.811876	6	1825
411.753177	6	1819
191.148042	6	1849
163.052320	6	1853
219.357252	6	1846
235.035896	6	1844
151.078939	6	1855
285.532474	6	1838
417.258977	6	1821
397.654056	6	1828
314.380645	6	1842
306.715965	6	1843
408.795118	6	1832
140.525817	6	1870
379.022598	6	1839
185.664892	6	1866
420.524358	6	1836
266.818046	6	1856
311.049938	6	1851
213.145494	6	1864
319.893360	6	1852
377.759695	6	1845
309.405088	6	1854
414.875984	6	1841
239.396810	6	1867
178.079128	6	1875
199.553728	6	1873
282.346963	6	1863
241.546869	6	1869
311.600208	6	1862
241.852998	6	1872
353.666782	6	1858
119.771480	6	1890
174.574613	6	1884
354.969263	6	1865
272.988319	6	1876
230.126380	6	1882
207.815647	6	1886
207.238197	6	1887
415.370225	6	1861
254.894971	6	1883
161.607980	6	1895
349.698543	6	1871
522.825002	6	1848
325.464963	6	1874
375.035047	6	1868
461.822271	6	1857
619.071245	6	1837
458.002328	6	1859
199.219465	6	1896
231.784582	6	1892
232.992649	6	1893
285.449743	6	1889
358.688831	6	1880
368.663787	6	1879
377.322912	6	1878
516.314268	6	1860
388.011932	6	1877
194.904804	6	1904
350.469827	6	1885
264.345645	6	1898
399.711847	6	1881
189.863681	6	1909
186.497688	6	1910
344.125747	6	1891
326.917886	6	1894
235.690593	6	1907
178.088426	6	1915
385.075807	6	1888
307.982921	6	1902
191.870927	6	1918
289.628267	6	1905
223.312139	6	1916
262.477159	6	1912
184.023618	6	1924
284.533739	6	1911
380.123138	6	1900
215.974807	6	1922
165.667057	6	1930
398.287773	6	1901
366.210460	6	1906
195.003032	6	1929
219.789266	6	1926
210.310935	6	1931
351.344347	6	1913
245.293617	6	1927
362.004995	6	1914
475.766897	6	1899
408.939838	6	1908
230.431318	6	1935
371.853590	6	1917
524.771928	6	1897
235.152006	6	1936
136.999607	6	1949
195.379495	6	1942
369.135141	6	1920
336.674451	6	1925
391.264200	6	1919
159.126043	6	1950
376.194000	6	1923
528.542280	6	1903
261.237144	6	1938
325.931549	6	1933
246.265172	6	1944
435.017585	6	1921
177.119970	6	1956
346.704244	6	1934
266.535520	6	1947
294.463396	6	1945
430.242300	6	1928
255.634546	6	1951
231.260061	6	1955
353.473663	6	1940
260.443687	6	1953
210.119962	6	1960
229.682207	6	1958
395.348787	6	1937
148.061513	6	1970
210.933685	6	1962
169.515132	6	1969
147.712230	6	1973
475.427865	6	1932
366.116046	6	1946
150.135278	6	1976
328.207254	6	1954
169.523000	6	1975
417.413234	6	1943
255.214452	6	1965
449.812412	6	1939
460.654020	6	1941
278.585910	6	1967
417.104721	6	1952
336.116790	6	1963
114.000797	6	1993
217.334270	6	1980
184.329509	6	1985
407.008171	6	1957
155.138731	6	1990
368.504047	6	1964
242.869377	6	1982
327.705621	6	1971
374.552965	6	1966
210.120201	6	1989
164.382696	6	1996
338.791608	6	1974
243.997097	6	1987
545.035600	6	1948
398.200511	6	1968
477.926731	6	1959
210.421800	6	1995
342.020988	6	1978
392.319202	6	1972
201.159477	6	2000
514.819622	6	1961
351.452827	6	1983
292.480230	6	1991
329.908132	6	1988
200.592041	6	2005
355.281829	6	1986
434.047937	6	1977
391.187906	6	1984
428.174972	6	1979
167.924404	6	2013
203.464746	6	2009
423.619985	6	1981
331.411600	6	1994
212.365388	6	2010
307.199478	6	1998
189.671516	6	2015
292.813777	6	2002
184.398889	6	2016
253.253698	6	2008
229.448556	6	2011
416.827678	6	1992
214.258432	6	2020
164.400339	6	2028
389.216661	6	1999
361.550569	6	2003
281.474590	6	2014
363.472461	6	2004
214.763164	6	2025
268.835544	6	2018
378.308534	6	2006
372.309446	6	2007
225.504398	6	2026
260.777711	6	2022
178.926706	6	2033
176.159858	6	2036
186.683177	6	2035
197.093725	6	2034
376.141548	6	2012
246.873378	6	2031
184.475898	6	2042
263.444900	6	2032
510.694026	6	2001
152.644157	6	2048
552.917957	6	1997
397.358894	6	2017
381.771802	6	2019
347.781896	6	2024
228.255510	6	2040
319.332361	6	2029
145.661592	6	2053
373.553037	6	2027
418.872833	6	2021
163.409471	6	2055
163.111925	6	2056
202.515363	6	2051
258.594751	6	2046
300.766944	6	2044
101.482868	6	2073
322.964668	6	2045
386.514902	6	2038
397.664546	6	2037
224.812746	6	2060
318.702697	6	2050
471.613645	6	2030
183.052301	6	2068
217.851400	6	2065
214.660167	6	2066
155.553340	6	2075
360.758066	6	2049
299.397468	6	2057
155.042409	6	2076
323.672533	6	2054
564.494848	6	2023
411.958217	6	2043
355.435132	6	2052
399.072170	6	2047
224.719047	6	2071
237.129449	6	2070
308.954715	6	2062
486.923456	6	2039
291.113853	6	2067
217.925310	6	2077
138.223171	6	2088
296.109437	6	2069
220.467805	6	2080
393.143415	6	2058
371.981859	6	2061
119.106769	6	2095
534.640073	6	2041
229.450702	6	2082
224.761962	6	2086
236.600875	6	2085
163.101196	6	2096
424.709558	6	2063
208.448886	6	2093
357.193946	6	2074
308.895826	6	2083
259.044647	6	2090
217.237472	6	2097
434.696674	6	2072
535.362958	6	2059
318.259716	6	2087
306.845903	6	2089
165.165662	6	2108
187.857389	6	2105
505.190372	6	2064
378.315448	6	2081
228.464365	6	2102
320.941448	6	2091
163.851737	6	2113
152.278423	6	2115
452.809572	6	2078
457.520008	6	2079
227.295160	6	2109
345.044612	6	2094
364.718914	6	2092
184.952735	6	2116
309.729576	6	2107
381.011009	6	2098
326.064825	6	2106
299.602746	6	2111
306.999206	6	2110
359.399557	6	2104
515.787839	6	2084
315.740585	6	2112
218.279361	6	2125
417.402982	6	2100
266.500473	6	2120
206.921577	6	2128
151.182651	6	2136
261.620521	6	2122
164.673805	6	2135
444.930553	6	2099
322.140216	6	2117
210.859298	6	2133
244.274139	6	2129
150.450468	6	2142
303.888320	6	2124
376.888513	6	2118
98.5648632	6	2155
92.9670333	6	2156
323.355913	6	2126
284.306764	6	2132
505.607128	6	2103
354.784488	6	2123
312.262773	6	2130
172.436475	6	2149
344.940900	6	2127
316.016674	6	2131
544.710636	6	2101
128.142356	6	2162
525.795698	6	2114
235.988616	6	2152
229.356288	6	2153
299.948453	6	2144
379.560947	6	2134
353.486776	6	2138
295.936107	6	2146
146.648645	6	2166
311.989784	6	2145
292.766571	6	2148
285.077333	6	2150
156.273603	6	2169
118.086576	6	2175
557.806491	6	2119
406.922340	6	2139
218.311786	6	2165
144.724369	6	2176
336.606979	6	2151
186.238288	6	2171
381.939172	6	2147
416.487216	6	2143
216.776847	6	2170
447.784662	6	2140
250.756978	6	2168
145.295858	6	2182
329.372882	6	2158
284.603357	6	2164
119.132041	6	2189
106.994628	6	2195
192.695617	6	2186
117.727994	6	2196
207.137823	6	2185
225.067615	6	2184
316.663742	6	2172
412.554264	6	2160
358.635663	6	2167
431.304693	6	2159
323.647975	6	2173
568.709850	6	2141
200.976848	6	2191
647.889375	6	2137
323.182821	6	2180
499.035120	6	2157
526.890039	6	2154
376.204967	6	2174
781.413078	6	2121
256.670236	6	2190
483.315706	6	2163
142.534494	6	2210
205.346107	6	2202
193.602085	6	2204
107.830524	6	2215
284.393310	6	2192
281.815528	6	2193
338.133811	6	2187
172.766208	6	2209
384.208679	6	2183
428.647994	6	2178
274.832963	6	2198
427.271127	6	2179
239.312648	6	2205
369.431972	6	2188
331.809997	6	2194
173.110723	6	2216
205.042600	6	2212
94.9180126	6	2230
338.577985	6	2200
488.181829	6	2181
156.927347	6	2224
209.747314	6	2222
187.256574	6	2225
162.467241	6	2229
349.219560	6	2206
313.281774	6	2218
367.757081	6	2211
391.275882	6	2208
354.073286	6	2213
630.415916	6	2177
346.581459	6	2214
473.555803	6	2197
403.943300	6	2207
436.660766	6	2203
132.709980	6	2242
195.277690	6	2235
220.631361	6	2232
127.591133	6	2245
193.003892	6	2236
242.807626	6	2234
356.922149	6	2220
525.651931	6	2199
370.657444	6	2219
177.722215	6	2244
134.356260	6	2250
344.685792	6	2223
145.990133	6	2249
273.281574	6	2233
837.007761	6	2161
535.551071	6	2201
333.175420	6	2228
259.704351	6	2238
361.049652	6	2226
170.723676	6	2252
111.310243	6	2256
386.516809	6	2227
156.688690	6	2253
372.549772	6	2231
281.516790	6	2243
220.178127	6	2251
322.285890	6	2240
158.252239	6	2258
126.020908	6	2264
291.299343	6	2248
192.458868	6	2255
364.489793	6	2239
136.760950	6	2265
520.764112	6	2221
231.500148	6	2254
572.317123	6	2217
412.274122	6	2237
360.637426	6	2246
135.564088	6	2271
360.507965	6	2247
154.040336	6	2270
213.357448	6	2262
142.691850	6	2272
136.464834	6	2273
246.555089	6	2259
254.076957	6	2260
179.380416	6	2274
169.107913	6	2276
122.819900	6	2285
301.973342	6	2263
223.399162	6	2275
190.119743	6	2279
280.992031	6	2268
204.625844	6	2278
368.435144	6	2257
194.650173	6	2280
286.121129	6	2269
311.837196	6	2267
139.030218	6	2290
187.024116	6	2284
146.250247	6	2291
335.936784	6	2266
177.651405	6	2288
227.044820	6	2282
173.578262	6	2292
203.285694	6	2289
172.529697	6	2294
166.439771	6	2296
627.925634	6	2241
434.007406	6	2261
194.687604	6	2293
173.824071	6	2298
341.278553	6	2277
301.707506	6	2283
147.814989	6	2305
108.763933	6	2311
203.068733	6	2300
166.074514	6	2308
322.211027	6	2287
211.773872	6	2304
347.301006	6	2286
407.592058	6	2281
103.642702	6	2325
295.104026	6	2299
332.550525	6	2295
221.989870	6	2312
209.842205	6	2314
335.293531	6	2297
198.090791	6	2316
221.100330	6	2313
304.778099	6	2302
250.722408	6	2310
283.102989	6	2309
336.237430	6	2303
146.451711	6	2331
253.800153	6	2317
339.982748	6	2307
192.710876	6	2328
185.250282	6	2330
274.569749	6	2319
151.841640	6	2337
299.381732	6	2318
321.485042	6	2315
220.928192	6	2329
268.096208	6	2323
402.446508	6	2306
184.191226	6	2336
315.205097	6	2320
302.436828	6	2322
462.221860	6	2301
236.442327	6	2332
160.033941	6	2343
200.540542	6	2339
249.770402	6	2333
322.124719	6	2324
245.849370	6	2334
167.418956	6	2345
153.781652	6	2350
332.792520	6	2327
156.044006	6	2351
245.494127	6	2340
138.995647	6	2356
378.659725	6	2326
194.949865	6	2354
174.322128	6	2357
274.921178	6	2344
242.514133	6	2349
331.373214	6	2338
155.744552	6	2363
117.284774	6	2370
248.705863	6	2352
384.836196	6	2335
255.581378	6	2353
220.942497	6	2359
187.135934	6	2365
313.524484	6	2348
327.155590	6	2347
370.329856	6	2342
342.069387	6	2346
539.156436	6	2321
154.272556	6	2376
197.434663	6	2371
162.452697	6	2377
289.569854	6	2362
222.073793	6	2372
257.225751	6	2368
457.390308	6	2341
224.027395	6	2374
263.906478	6	2369
145.713329	6	2385
193.676233	6	2379
343.910455	6	2360
205.875396	6	2382
273.372888	6	2373
131.560802	6	2392
214.834690	6	2383
407.819032	6	2358
264.466047	6	2378
190.254211	6	2389
361.168146	6	2366
184.670925	6	2391
192.722558	6	2390
365.569114	6	2367
398.833513	6	2364
206.714391	6	2393
490.426540	6	2355
190.613985	6	2396
320.518493	6	2380
181.057691	6	2399
193.648815	6	2398
233.173370	6	2394
110.622406	6	2412
183.451652	6	2403
234.905004	6	2397
513.705968	6	2361
337.387323	6	2386
422.086477	6	2375
131.482124	6	2414
158.033609	6	2413
348.520517	6	2388
229.931354	6	2405
227.222681	6	2406
211.513519	6	2409
208.593845	6	2411
177.345275	6	2416
304.698944	6	2400
162.278175	6	2419
402.331829	6	2387
439.001083	6	2384
362.557888	6	2395
247.636795	6	2410
176.714420	6	2423
218.995809	6	2418
173.470973	6	2425
138.349056	6	2432
230.115652	6	2420
134.927272	6	2433
361.494302	6	2404
180.486440	6	2431
204.905033	6	2429
169.522285	6	2434
568.001031	6	2381
423.376083	6	2402
169.468402	6	2436
402.157783	6	2407
329.942464	6	2417
466.066122	6	2401
137.651205	6	2445
151.906251	6	2443
425.865411	6	2408
390.717506	6	2415
315.909862	6	2426
141.973257	6	2451
256.203889	6	2437
339.786767	6	2427
190.786361	6	2447
258.254766	6	2439
154.664993	6	2454
352.073907	6	2428
158.572435	6	2456
188.702106	6	2452
358.306646	6	2430
333.524465	6	2435
200.746536	6	2453
122.215270	6	2465
327.434301	6	2438
158.050060	6	2463
475.379467	6	2422
290.946483	6	2448
136.399030	6	2471
169.038534	6	2467
333.118438	6	2446
168.486833	6	2472
395.091056	6	2442
535.591840	6	2424
208.391666	6	2468
286.102056	6	2458
395.510911	6	2444
367.522001	6	2450
591.107368	6	2421
202.698469	6	2474
398.086786	6	2449
148.348331	6	2483
203.232526	6	2476
332.595348	6	2459
144.113540	6	2485
358.722448	6	2457
120.817899	6	2491
349.174261	6	2460
504.467964	6	2440
120.956420	6	2492
503.585815	6	2441
272.010087	6	2473
427.622795	6	2455
343.258857	6	2466
329.555273	6	2469
151.506662	6	2494
211.266756	6	2488
187.067985	6	2493
426.959514	6	2462
283.873558	6	2482
319.732189	6	2478
394.688129	6	2470
361.783027	6	2475
155.457019	6	2503
346.902608	6	2479
296.446561	6	2487
159.845113	6	2505
142.716884	6	2508
440.583467	6	2477
419.898748	6	2480
377.544164	6	2486
391.788005	6	2484
184.869766	6	2511
299.154281	6	2496
268.731355	6	2500
560.043334	6	2461
179.549217	6	2512
294.925928	6	2499
376.523733	6	2489
331.912279	6	2495
196.041107	6	2513
122.148752	6	2523
568.613529	6	2464
381.120920	6	2490
210.271358	6	2514
342.060089	6	2498
138.797998	6	2525
351.049900	6	2497
286.576747	6	2507
504.225254	6	2481
173.417329	6	2527
248.353719	6	2518
356.055259	6	2504
268.676757	6	2516
374.485015	6	2502
251.848697	6	2520
292.987585	6	2515
278.470754	6	2517
367.707729	6	2506
116.692543	6	2532
147.511959	6	2528
139.444351	6	2531
363.773107	6	2509
125.950813	6	2534
373.261928	6	2510
331.345081	6	2519
473.724365	6	2501
326.108217	6	2521
198.683977	6	2533
346.023797	6	2522
139.066219	6	2543
123.857736	6	2547
135.883092	6	2548
106.956481	6	2552
93.8441753	6	2554
210.645914	6	2539
207.395076	6	2540
236.464738	6	2536
381.608009	6	2526
411.591053	6	2524
273.615360	6	2535
210.112810	6	2544
171.721935	6	2551
281.599283	6	2538
348.820447	6	2529
202.980756	6	2549
236.427783	6	2545
347.109079	6	2530
134.300947	6	2563
288.882017	6	2542
170.271396	6	2559
218.990325	6	2555
237.442970	6	2553
189.616203	6	2560
151.889801	6	2568
232.858657	6	2558
387.752771	6	2537
137.123584	6	2572
367.684125	6	2541
333.171844	6	2546
307.808160	6	2550
178.966283	6	2571
166.958808	6	2573
236.634016	6	2564
164.310216	6	2574
265.398502	6	2562
314.340353	6	2556
319.923639	6	2557
128.797292	6	2583
280.141830	6	2566
298.180580	6	2565
199.780941	6	2579
334.987163	6	2561
242.459058	6	2575
115.852832	6	2592
212.546825	6	2580
228.524923	6	2578
322.278499	6	2567
302.492141	6	2570
169.089794	6	2588
261.940240	6	2576
166.914224	6	2593
161.188840	6	2594
284.441709	6	2585
308.199405	6	2582
291.086673	6	2586
216.196537	6	2596
300.077199	6	2587
114.315032	6	2612
106.796979	6	2614
358.157634	6	2581
284.805059	6	2591
389.956474	6	2577
242.743968	6	2597
295.246124	6	2590
206.537961	6	2603
460.418462	6	2569
351.281166	6	2584
315.330505	6	2589
244.677305	6	2599
254.043340	6	2598
213.189363	6	2605
153.215408	6	2613
214.192628	6	2606
250.402927	6	2602
183.745622	6	2611
172.440052	6	2616
220.034122	6	2610
241.084575	6	2608
146.292209	6	2623
326.926231	6	2600
176.102399	6	2620
284.033298	6	2607
330.094575	6	2601
177.656888	6	2622
145.327568	6	2626
336.082935	6	2604
141.228437	6	2631
428.651571	6	2595
155.529260	6	2633
199.710130	6	2628
351.447105	6	2609
239.817380	6	2625
292.340040	6	2619
161.200046	6	2636
183.035373	6	2634
290.776014	6	2621
129.616022	6	2643
275.998353	6	2624
154.474735	6	2640
218.442440	6	2632
173.479318	6	2642
381.147384	6	2617
304.932117	6	2627
171.499252	6	2646
210.925579	6	2641
392.684698	6	2618
230.011224	6	2639
298.292160	6	2630
419.649124	6	2615
167.083024	6	2648
171.991825	6	2651
339.169502	6	2629
161.134719	6	2653
300.399303	6	2635
160.087823	6	2656
234.702348	6	2647
312.589645	6	2638
263.321161	6	2645
351.521253	6	2637
181.227922	6	2661
170.724630	6	2663
281.288146	6	2650
187.181949	6	2666
291.033267	6	2652
176.780223	6	2668
202.225685	6	2665
248.495340	6	2660
176.454782	6	2671
379.632234	6	2644
296.892642	6	2655
220.632791	6	2667
318.870782	6	2654
220.773696	6	2670
202.083587	6	2673
187.323808	6	2675
192.843198	6	2676
321.511983	6	2659
332.554340	6	2658
180.678606	6	2679
309.568643	6	2662
138.625144	6	2686
269.506692	6	2669
165.886640	6	2683
182.521820	6	2681
251.816272	6	2672
363.132715	6	2657
185.145854	6	2688
213.153600	6	2685
276.978015	6	2678
109.851360	6	2703
201.139688	6	2691
514.792680	6	2649
244.957208	6	2687
223.173379	6	2690
185.959577	6	2695
298.975229	6	2682
354.350805	6	2677
237.409591	6	2693
192.099809	6	2699
279.223442	6	2689
264.958620	6	2692
236.401319	6	2696
169.560432	6	2705
226.845026	6	2698
408.211708	6	2674
208.379507	6	2701
175.510883	6	2706
488.878726	6	2664
347.840547	6	2684
386.876344	6	2680
197.654962	6	2711
183.869600	6	2713
271.601915	6	2702
117.928981	6	2723
200.999021	6	2712
152.109384	6	2719
220.508337	6	2710
162.421941	6	2718
245.025873	6	2708
352.966547	6	2694
215.210914	6	2716
237.011909	6	2715
385.658025	6	2697
203.131914	6	2722
217.786073	6	2721
166.140794	6	2728
142.003059	6	2732
382.903099	6	2700
189.476013	6	2726
168.294191	6	2733
366.632223	6	2709
218.554973	6	2731
361.795663	6	2714
146.978139	6	2743
211.990594	6	2735
324.503660	6	2720
189.955949	6	2739
171.504259	6	2742
455.454587	6	2704
205.651044	6	2738
304.387092	6	2725
188.129663	6	2741
452.712535	6	2707
382.250070	6	2717
293.202638	6	2730
278.534173	6	2736
197.885036	6	2748
187.301635	6	2752
213.194370	6	2750
206.669807	6	2751
381.277799	6	2729
205.196142	6	2753
315.397262	6	2740
278.611898	6	2745
441.146135	6	2724
162.589550	6	2761
171.870946	6	2762
225.722789	6	2755
170.391798	6	2763
446.835994	6	2727
341.911315	6	2744
262.960910	6	2756
256.004095	6	2759
155.389785	6	2773
453.581094	6	2734
304.631710	6	2754
281.693696	6	2758
371.179103	6	2746
446.491956	6	2737
231.760025	6	2766
386.098146	6	2747
240.294218	6	2767
207.975387	6	2772
303.594589	6	2760
247.603654	6	2770
160.582780	6	2783
366.810798	6	2757
307.394742	6	2765
191.282033	6	2781
214.567899	6	2778
437.123060	6	2749
206.462383	6	2782
311.939716	6	2768
199.872255	6	2786
362.593650	6	2764
275.439500	6	2776
317.016363	6	2771
101.530551	6	2803
309.857368	6	2775
278.492927	6	2780
184.937000	6	2793
226.629734	6	2792
172.164916	6	2800
334.962368	6	2779
190.191507	6	2801
312.206506	6	2785
217.593908	6	2798
332.403659	6	2784
416.063308	6	2774
220.750093	6	2802
334.871768	6	2788
167.697906	6	2812
424.869775	6	2777
362.288713	6	2787
344.217061	6	2790
352.478742	6	2791
515.739202	6	2769
211.024284	6	2811
333.180904	6	2795
263.549804	6	2805
213.004350	6	2813
268.195390	6	2806
361.061334	6	2794
174.187660	6	2820
338.044404	6	2799
369.343280	6	2796
173.423051	6	2823
316.834449	6	2804
164.943695	6	2825
378.407716	6	2797
237.810611	6	2818
460.091829	6	2789
321.923255	6	2808
193.705320	6	2826
317.632198	6	2810
283.042192	6	2815
154.336452	6	2832
368.130445	6	2807
182.188034	6	2833
222.692012	6	2831
155.952930	6	2840
365.753412	6	2816
322.040081	6	2824
396.538734	6	2814
235.438108	6	2835
368.556022	6	2819
353.421688	6	2822
391.062498	6	2817
325.207948	6	2828
204.374551	6	2843
475.979328	6	2809
196.096897	6	2845
391.326189	6	2821
202.622652	6	2846
263.878583	6	2839
165.681600	6	2853
378.850460	6	2827
289.722442	6	2838
378.584384	6	2830
202.739953	6	2852
220.800638	6	2850
393.536567	6	2829
289.128303	6	2842
300.771951	6	2844
184.799194	6	2860
194.450855	6	2859
204.120874	6	2858
395.601034	6	2834
291.016101	6	2847
166.719436	6	2863
263.581991	6	2851
394.189357	6	2836
297.704458	6	2848
245.126008	6	2855
208.273410	6	2862
183.282136	6	2866
394.129514	6	2841
428.983449	6	2837
281.051158	6	2857
229.308843	6	2865
253.684997	6	2864
197.515010	6	2872
158.479452	6	2878
211.057424	6	2873
141.894578	6	2883
189.492940	6	2880
157.863378	6	2885
276.018142	6	2870
157.531738	6	2886
279.017686	6	2871
402.212142	6	2856
304.477453	6	2869
460.171461	6	2849
349.109411	6	2867
454.658746	6	2854
279.773950	6	2879
199.348449	6	2890
440.968036	6	2861
340.044021	6	2874
341.950893	6	2875
272.863626	6	2884
297.725439	6	2881
221.682310	6	2892
342.319488	6	2877
133.431434	6	2905
198.435068	6	2898
318.543910	6	2882
437.678098	6	2868
249.758243	6	2893
289.604425	6	2888
169.501543	6	2906
197.548866	6	2903
339.509248	6	2887
249.781608	6	2900
233.684778	6	2904
356.061220	6	2889
210.536956	6	2909
471.255779	6	2876
212.109088	6	2910
323.413848	6	2896
364.001989	6	2894
343.939065	6	2899
245.274305	6	2912
377.224206	6	2895
363.745689	6	2897
336.414575	6	2901
219.950199	6	2918
360.853433	6	2902
172.198295	6	2926
327.487468	6	2907
446.530818	6	2891
189.623355	6	2925
162.810564	6	2929
218.162298	6	2922
211.262941	6	2923
295.493125	6	2914
348.553180	6	2908
183.828353	6	2930
323.370695	6	2913
274.594783	6	2920
286.303997	6	2921
370.247840	6	2911
314.029693	6	2919
335.910081	6	2917
138.646841	6	2945
224.151611	6	2934
173.024415	6	2941
378.822326	6	2915
249.218225	6	2932
209.361791	6	2940
347.870826	6	2924
332.865476	6	2927
227.584838	6	2942
177.996158	6	2950
354.932546	6	2928
199.752807	6	2949
323.720216	6	2933
295.872926	6	2937
347.636938	6	2931
128.989219	6	2961
247.687101	6	2946
332.323551	6	2938
507.781744	6	2916
368.989706	6	2935
140.302419	6	2966
355.634689	6	2939
220.629692	6	2957
295.679092	6	2947
323.047399	6	2944
142.544031	6	2970
272.743463	6	2953
364.163398	6	2943
242.465972	6	2960
424.655437	6	2936
210.186481	6	2965
182.719707	6	2969
279.711723	6	2959
339.547872	6	2951
369.522571	6	2948
260.539054	6	2964
108.717918	6	2986
351.536750	6	2954
207.725524	6	2973
330.114841	6	2958
377.086639	6	2952
297.142744	6	2963
319.877386	6	2962
282.455205	6	2967
186.305999	6	2980
210.281372	6	2977
187.470674	6	2981
399.906873	6	2955
276.651620	6	2972
145.593404	6	2990
410.292148	6	2956
332.656860	6	2968
205.470085	6	2985
233.728647	6	2983
336.974620	6	2971
213.508129	6	2989
105.162382	6	3006
212.032556	6	2993
322.849273	6	2978
202.450990	6	2997
278.183460	6	2987
375.227212	6	2974
369.243621	6	2975
333.807468	6	2982
323.286294	6	2984
168.624162	6	3005
225.336551	6	3003
318.809032	6	2991
362.199783	6	2988
202.260017	6	3010
343.128681	6	2992
309.045791	6	2998
299.722433	6	3001
209.315061	6	3013
183.598041	6	3017
361.941337	6	2994
318.241834	6	3000
263.890266	6	3007
479.263782	6	2979
324.235200	6	3002
381.135940	6	2995
557.048320	6	2976
220.015287	6	3021
393.272161	6	2999
226.892232	6	3023
204.704284	6	3026
239.718198	6	3022
342.341184	6	3009
278.869628	6	3018
340.663671	6	3011
273.988962	6	3020
459.207534	6	2996
306.467294	6	3016
235.003948	6	3027
431.182146	6	3004
405.804395	6	3008
254.270553	6	3028
293.709516	6	3025
172.630786	6	3042
389.907360	6	3014
277.538537	6	3031
209.029436	6	3040
431.389331	6	3012
416.900634	6	3015
261.308670	6	3037
367.942333	6	3024
329.303503	6	3030
412.404060	6	3019
350.436687	6	3029
212.131500	6	3047
332.276582	6	3033
271.274328	6	3041
295.074701	6	3038
346.351146	6	3032
327.040433	6	3035
251.747131	6	3045
166.917800	6	3057
314.895629	6	3039
221.413135	6	3051
356.488704	6	3034
298.804044	6	3043
182.691335	6	3058
281.268119	6	3046
264.761686	6	3049
166.698932	6	3062
165.841817	6	3066
230.252981	6	3060
423.050642	6	3036
331.950187	6	3048
370.841979	6	3044
327.081918	6	3053
103.532075	6	3082
352.423429	6	3050
224.400997	6	3067
345.241308	6	3052
325.394630	6	3055
248.038053	6	3065
205.004215	6	3071
366.751670	6	3054
192.970037	6	3077
186.537742	6	3078
157.644271	6	3086
345.659494	6	3063
337.209939	6	3064
298.882961	6	3070
374.402046	6	3061
318.163394	6	3068
413.278341	6	3059
256.858348	6	3079
443.897008	6	3056
128.215789	6	3097
266.588926	6	3080
356.832742	6	3069
340.151548	6	3072
199.492216	6	3091
208.379507	6	3090
246.034622	6	3087
353.464603	6	3075
292.017459	6	3085
181.799173	6	3100
401.144981	6	3073
185.291767	6	3102
338.007688	6	3084
301.407575	6	3089
237.371921	6	3098
318.707704	6	3088
171.643495	6	3107
289.245128	6	3093
385.218143	6	3081
126.549005	6	3117
326.502799	6	3092
468.549966	6	3074
200.123310	6	3110
297.263622	6	3099
140.962123	6	3120
197.485685	6	3113
240.699529	6	3108
291.742324	6	3103
447.358846	6	3083
247.770786	6	3109
506.238460	6	3076
374.411821	6	3095
295.825242	6	3106
392.868518	6	3096
153.886795	6	3127
350.664615	6	3104
214.726209	6	3122
254.196882	6	3118
247.878789	6	3119
311.131954	6	3111
391.341447	6	3101
173.970937	6	3129
456.373453	6	3094
370.426654	6	3105
214.519262	6	3125
337.624549	6	3112
319.886207	6	3115
249.743938	6	3124
212.338924	6	3130
348.155736	6	3114
171.792268	6	3137
263.154745	6	3126
166.913270	6	3142
251.462459	6	3133
338.909149	6	3123
280.635118	6	3131
305.670976	6	3128
228.342294	6	3140
106.132507	6	3157
162.725687	6	3151
398.484468	6	3121
224.440336	6	3144
449.494838	6	3116
270.152568	6	3139
312.655925	6	3135
213.898897	6	3149
302.264213	6	3138
269.984245	6	3143
351.715087	6	3134
158.454418	6	3160
382.070064	6	3132
216.180086	6	3155
299.160718	6	3146
295.733690	6	3147
208.053588	6	3159
317.001342	6	3145
200.781106	6	3162
232.336997	6	3158
310.337781	6	3148
411.569118	6	3136
260.131120	6	3156
306.293487	6	3150
387.350082	6	3141
188.034057	6	3169
213.228225	6	3167
339.777469	6	3153
183.091163	6	3175
275.407552	6	3163
221.272468	6	3171
275.366306	6	3164
176.330327	6	3177
360.048294	6	3154
179.078102	6	3179
175.042390	6	3180
165.578842	6	3182
270.744562	6	3170
312.584400	6	3165
172.597408	6	3183
235.991954	6	3178
319.226741	6	3168
143.855810	6	3191
106.215715	6	3203
208.643198	6	3189
151.852846	6	3197
335.977792	6	3173
393.445968	6	3166
435.626745	6	3161
152.037382	6	3200
278.542280	6	3184
345.699548	6	3176
203.857421	6	3195
543.116331	6	3152
396.896600	6	3172
295.815944	6	3185
180.993318	6	3202
400.690078	6	3174
244.522094	6	3196
280.622243	6	3194
210.454702	6	3204
335.797786	6	3187
262.875080	6	3199
321.514129	6	3192
185.929536	6	3211
354.235649	6	3188
126.841068	6	3220
345.812797	6	3193
368.430376	6	3190
450.740337	6	3181
274.900913	6	3206
177.339076	6	3219
423.337697	6	3186
221.299409	6	3214
211.541652	6	3217
310.809135	6	3205
241.345167	6	3215
365.534543	6	3198
189.194679	6	3222
178.274154	6	3224
371.633768	6	3201
330.857038	6	3209
223.670005	6	3223
345.363378	6	3208
383.415937	6	3207
372.271537	6	3210
357.403278	6	3213
220.215797	6	3231
370.600700	6	3212
189.142227	6	3237
172.918319	6	3240
290.660381	6	3228
312.711000	6	3225
178.543806	6	3242
160.527944	6	3245
177.982807	6	3243
312.964200	6	3227
381.175518	6	3218
218.266010	6	3239
305.721282	6	3230
316.655397	6	3229
415.366888	6	3216
260.283470	6	3236
378.133773	6	3221
182.804346	6	3248
258.467912	6	3244
330.242633	6	3235
165.167093	6	3257
357.756614	6	3233
213.750362	6	3251
413.367033	6	3226
391.094446	6	3232
233.435869	6	3252
248.515605	6	3255
197.423219	6	3262
176.166772	6	3265
420.778512	6	3234
316.936969	6	3247
304.859876	6	3249
229.437351	6	3260
172.578096	6	3268
156.490087	6	3271
411.250114	6	3238
259.416818	6	3258
222.647190	6	3263
404.112577	6	3241
329.045057	6	3254
372.281551	6	3250
408.111095	6	3246
176.151037	6	3277
158.866405	6	3280
98.3741283	6	3288
347.746372	6	3256
219.008207	6	3275
387.800931	6	3253
325.725317	6	3261
187.228202	6	3282
372.544765	6	3259
224.606513	6	3279
198.090791	6	3283
94.8932170	6	3297
194.578170	6	3285
286.339521	6	3274
336.708784	6	3269
360.153913	6	3267
383.018016	6	3264
114.610433	6	3300
336.648941	6	3272
364.641666	6	3270
321.286678	6	3278
125.503301	6	3303
224.447488	6	3291
245.774269	6	3289
208.872795	6	3294
437.913656	6	3266
239.883422	6	3292
392.014741	6	3273
180.781126	6	3302
238.230228	6	3295
300.690174	6	3287
182.603359	6	3305
380.437135	6	3281
269.160270	6	3298
143.721103	6	3314
148.664236	6	3315
134.146213	6	3317
205.817222	6	3308
97.9278087	6	3323
354.703426	6	3290
472.862958	6	3276
411.053180	6	3284
140.122890	6	3322
181.101083	6	3318
170.358657	6	3320
365.184783	6	3296
395.676374	6	3293
459.671735	6	3286
304.283380	6	3307
357.670068	6	3301
122.662067	6	3335
206.054687	6	3325
305.142164	6	3312
190.164566	6	3328
320.540904	6	3311
208.983898	6	3327
162.268877	6	3334
431.369781	6	3299
278.143882	6	3319
122.090578	6	3342
161.823034	6	3337
386.539936	6	3309
155.399322	6	3340
346.938848	6	3316
325.204133	6	3321
214.763879	6	3338
426.810026	6	3310
162.278413	6	3347
215.375185	6	3343
319.306373	6	3330
188.041210	6	3348
319.821834	6	3332
220.701694	6	3345
520.330667	6	3306
554.933071	6	3304
404.237031	6	3324
492.619752	6	3313
186.099767	6	3355
387.140989	6	3329
139.733552	6	3362
241.947889	6	3349
189.026594	6	3358
181.232452	6	3360
365.916252	6	3336
442.283153	6	3326
289.041757	6	3346
233.124732	6	3354
132.688999	6	3368
218.019247	6	3357
426.663160	6	3331
162.035465	6	3367
432.218790	6	3333
258.742332	6	3356
313.054561	6	3350
320.665597	6	3351
223.083496	6	3365
101.292848	6	3382
331.667661	6	3352
292.665958	6	3363
307.862281	6	3361
463.311433	6	3341
166.802644	6	3380
228.700637	6	3375
147.802591	6	3387
273.568153	6	3371
329.885959	6	3364
480.727910	6	3344
153.514623	6	3388
304.473161	6	3369
286.143541	6	3372
204.298734	6	3383
247.271060	6	3378
370.550632	6	3366
320.338487	6	3374
177.614927	6	3394
170.522928	6	3395
357.516288	6	3370
486.197948	6	3353
313.773393	6	3376
606.869459	6	3339
136.551856	6	3402
289.826631	6	3381
265.435457	6	3385
333.362340	6	3377
161.748886	6	3405
199.461698	6	3401
311.851739	6	3386
226.017713	6	3400
244.936704	6	3398
172.169208	6	3408
327.141523	6	3389
364.149093	6	3384
233.704566	6	3403
151.948690	6	3415
346.608161	6	3390
169.220209	6	3414
347.797632	6	3392
513.106346	6	3373
282.432794	6	3406
398.136138	6	3391
644.738674	6	3359
369.362592	6	3396
172.527313	6	3422
205.317020	6	3418
504.135847	6	3379
300.473690	6	3407
286.729574	6	3409
188.026666	6	3425
233.218431	6	3420
427.551746	6	3397
212.565422	6	3427
393.341064	6	3404
105.726003	6	3442
249.507427	6	3423
265.197038	6	3421
183.936357	6	3435
254.437446	6	3426
363.171339	6	3412
241.337060	6	3428
197.128772	6	3434
139.028549	6	3443
163.056850	6	3440
289.370298	6	3424
344.105958	6	3417
397.893190	6	3410
397.604703	6	3411
194.206476	6	3438
363.084793	6	3416
272.287845	6	3429
184.741020	6	3441
161.476612	6	3445
119.197368	6	3454
327.359676	6	3430
617.806911	6	3393
465.332746	6	3413
154.616832	6	3455
616.576194	6	3399
465.400695	6	3419
172.824382	6	3460
167.143821	6	3462
408.009290	6	3431
400.552511	6	3432
161.646366	6	3465
388.204097	6	3436
323.804855	6	3446
116.583108	6	3474
309.295177	6	3449
363.303899	6	3444
334.869384	6	3450
323.500156	6	3452
240.900278	6	3463
256.085157	6	3461
476.739168	6	3433
375.929594	6	3447
380.065441	6	3448
229.724884	6	3468
309.638738	6	3458
453.480482	6	3439
255.932331	6	3466
148.551464	6	3481
150.685548	6	3482
251.564264	6	3469
176.924467	6	3480
381.272077	6	3453
167.827367	6	3485
386.680841	6	3456
539.644956	6	3437
110.958337	6	3494
171.977043	6	3489
260.677099	6	3478
440.413475	6	3459
122.022390	6	3501
156.412839	6	3498
245.887279	6	3488
404.184341	6	3467
433.816671	6	3464
165.134906	6	3500
301.186800	6	3483
145.044326	6	3503
392.825603	6	3471
140.010118	6	3505
124.890565	6	3508
440.338611	6	3470
406.829118	6	3475
197.819471	6	3502
440.241575	6	3473
124.316215	6	3514
607.781410	6	3451
417.000770	6	3477
574.990749	6	3457
186.915397	6	3509
360.815525	6	3487
375.567197	6	3486
118.219852	6	3520
400.224685	6	3484
321.350097	6	3495
163.524627	6	3518
362.365961	6	3493
470.241546	6	3479
144.109249	6	3523
274.600505	6	3507
138.655900	6	3525
404.082775	6	3491
184.275627	6	3521
132.726907	6	3528
433.162927	6	3490
325.447797	6	3504
135.959386	6	3534
289.198637	6	3515
229.068517	6	3524
368.877172	6	3506
251.677036	6	3522
448.439359	6	3497
209.615707	6	3529
125.959157	6	3540
362.034320	6	3510
82.6346874	6	3548
461.716890	6	3499
358.993530	6	3513
116.681575	6	3545
269.994974	6	3527
185.420751	6	3538
189.270973	6	3541
726.329565	6	3472
575.830221	6	3492
108.732461	6	3554
335.677146	6	3526
202.177524	6	3543
267.066955	6	3535
456.804513	6	3512
586.595535	6	3496
742.534160	6	3476
435.787439	6	3516
475.973129	6	3511
126.299381	6	3560
236.931562	6	3546
217.158555	6	3549
467.936515	6	3517
319.871902	6	3536
239.483833	6	3547
192.659378	6	3555
172.384500	6	3558
365.217924	6	3533
287.292718	6	3544
172.677278	6	3561
329.836606	6	3542
443.676233	6	3530
293.325424	6	3550
397.909164	6	3537
195.934534	6	3564
190.349340	6	3565
169.448137	6	3568
294.200181	6	3553
128.298044	6	3574
230.218172	6	3563
574.516534	6	3519
421.110630	6	3539
220.007896	6	3566
225.090980	6	3567
512.796640	6	3532
135.200500	6	3581
173.745155	6	3578
196.850061	6	3575
557.595014	6	3531
183.367252	6	3580
381.782531	6	3557
160.187721	6	3588
179.753541	6	3586
443.424940	6	3552
370.510578	6	3562
314.222335	6	3569
128.386497	6	3594
465.952396	6	3551
219.054222	6	3585
232.295751	6	3584
451.656341	6	3556
135.633468	6	3598
367.164134	6	3570
96.3609218	6	3608
161.342620	6	3600
187.863826	6	3601
370.812416	6	3576
231.687307	6	3595
322.576284	6	3583
178.039789	6	3603
323.629140	6	3589
207.525253	6	3605
555.378675	6	3559
448.386669	6	3573
145.391464	6	3614
118.637800	6	3618
441.779375	6	3577
227.146387	6	3606
132.143020	6	3620
361.706495	6	3590
320.768356	6	3596
142.284154	6	3621
444.229364	6	3582
302.591800	6	3602
256.526470	6	3609
220.765829	6	3615
131.985425	6	3628
498.412132	6	3579
188.102245	6	3623
339.481353	6	3604
89.8947715	6	3638
122.586727	6	3634
175.207138	6	3629
447.591304	6	3593
290.474653	6	3616
518.853664	6	3587
371.509313	6	3607
497.694969	6	3592
646.591663	6	3572
349.605560	6	3612
263.256072	6	3625
468.514204	6	3597
99.4946956	6	3648
279.627799	6	3626
549.568891	6	3591
399.453639	6	3611
150.386095	6	3645
702.516317	6	3571
194.564819	6	3640
320.970773	6	3624
194.242715	6	3641
510.181188	6	3599
166.694879	6	3646
247.036695	6	3636
420.077562	6	3617
227.838277	6	3643
474.468946	6	3610
157.630205	6	3654
199.267625	6	3649
95.6974029	6	3665
263.183355	6	3644
345.916032	6	3635
442.765712	6	3622
293.299674	6	3642
412.600278	6	3627
396.744728	6	3630
554.227828	6	3613
145.090818	6	3669
184.658050	6	3664
217.989206	6	3660
192.290782	6	3666
260.315656	6	3658
187.190055	6	3668
488.212823	6	3632
496.924638	6	3631
434.767723	6	3639
386.642456	6	3647
497.343063	6	3633
277.644395	6	3662
191.540002	6	3674
381.277322	6	3650
286.006927	6	3663
371.602296	6	3652
492.234706	6	3637
341.182947	6	3657
312.243461	6	3661
366.319179	6	3655
213.370323	6	3675
138.906002	6	3685
360.366344	6	3656
139.284610	6	3686
217.738151	6	3678
194.175004	6	3684
230.256557	6	3680
196.986913	6	3688
191.030740	6	3689
243.843078	6	3683
344.292163	6	3670
259.769916	6	3682
172.690391	6	3694
295.638561	6	3681
363.312482	6	3677
440.048933	6	3667
231.576442	6	3695
379.030704	6	3676
183.717250	6	3702
424.908161	6	3672
454.542636	6	3671
170.519828	6	3708
263.957262	6	3696
187.843322	6	3706
139.904975	6	3714
327.572584	6	3690
610.706567	6	3653
874.037027	6	3619
419.303655	6	3679
250.485897	6	3701
227.958679	6	3704
235.295057	6	3703
335.114240	6	3692
298.173666	6	3697
214.031934	6	3709
284.725666	6	3700
315.709114	6	3698
192.989349	6	3715
283.383131	6	3705
166.460752	6	3722
126.428604	6	3728
202.441930	6	3718
229.791641	6	3716
190.189838	6	3726
130.577564	6	3735
228.373050	6	3725
630.136728	6	3673
362.664699	6	3710
184.508562	6	3734
214.288711	6	3730
230.155229	6	3729
140.739202	6	3742
773.187398	6	3659
303.349256	6	3721
371.117591	6	3712
295.183897	6	3723
571.109771	6	3687
421.602249	6	3707
191.286563	6	3738
872.159957	6	3651
316.649675	6	3724
231.297492	6	3736
140.000104	6	3748
367.248773	6	3720
581.062793	6	3693
113.338708	6	3755
410.485267	6	3717
264.609575	6	3737
207.627296	6	3746
265.674352	6	3740
260.447025	6	3741
158.556699	6	3754
666.321992	6	3691
512.063741	6	3711
263.883590	6	3744
300.253629	6	3743
249.648571	6	3750
298.361301	6	3745
199.935436	6	3758
231.730699	6	3756
567.631483	6	3713
430.562734	6	3732
98.6714363	6	3775
159.112691	6	3768
208.036184	6	3762
182.649374	6	3766
460.988283	6	3731
320.397853	6	3749
214.788198	6	3763
568.845748	6	3719
720.392704	6	3699
229.933738	6	3765
242.441415	6	3764
296.514034	6	3760
291.486978	6	3761
565.463304	6	3727
337.801694	6	3757
207.354784	6	3774
205.636024	6	3776
186.227560	6	3780
305.513381	6	3769
441.859483	6	3752
195.142269	6	3784
192.405462	6	3785
306.818008	6	3771
466.926574	6	3751
198.529481	6	3786
241.732358	6	3783
475.576162	6	3753
634.423255	6	3733
209.776163	6	3788
159.877300	6	3796
131.966590	6	3800
221.073865	6	3789
371.352672	6	3770
554.978609	6	3747
310.612201	6	3778
357.865333	6	3777
147.113800	6	3805
227.505445	6	3795
136.477231	6	3808
222.428321	6	3798
466.163873	6	3767
186.808586	6	3804
447.751998	6	3772
183.321475	6	3806
285.256624	6	3794
729.852199	6	3739
397.916078	6	3782
327.188968	6	3792
244.682550	6	3803
369.275808	6	3787
420.554876	6	3781
148.384094	6	3816
273.179769	6	3801
122.118473	6	3820
110.038995	6	3824
363.811969	6	3793
522.166728	6	3773
346.323966	6	3797
392.585515	6	3791
644.119501	6	3759
243.218421	6	3812
151.032209	6	3825
241.128206	6	3814
152.452230	6	3826
220.609903	6	3818
297.216653	6	3809
314.032793	6	3807
165.507316	6	3828
417.998313	6	3802
314.881563	6	3815
514.261960	6	3790
360.382318	6	3810
128.482580	6	3840
218.153953	6	3829
167.351245	6	3836
362.617731	6	3811
277.010440	6	3823
341.043233	6	3817
266.634941	6	3827
646.109819	6	3779
136.876106	6	3845
132.858514	6	3846
165.597915	6	3843
151.530027	6	3848
376.749038	6	3821
453.527688	6	3813
385.356664	6	3822
331.456184	6	3830
186.036825	6	3849
305.152893	6	3834
326.910495	6	3832
370.902776	6	3831
342.622756	6	3835
255.207061	6	3847
108.506202	6	3866
183.521032	6	3856
363.355159	6	3833
328.364372	6	3838
283.183336	6	3844
130.303382	6	3865
652.813911	6	3799
154.769897	6	3863
357.940196	6	3837
129.095315	6	3868
248.331785	6	3854
174.980163	6	3864
229.512453	6	3860
326.171875	6	3850
398.119449	6	3841
151.783704	6	3876
334.882974	6	3852
600.580453	6	3819
220.001697	6	3869
365.333557	6	3851
92.7107334	6	3888
464.923858	6	3842
254.525184	6	3870
384.606122	6	3853
368.105649	6	3855
144.832134	6	3886
285.565853	6	3867
360.248565	6	3857
352.670192	6	3858
337.872505	6	3861
164.053916	6	3885
199.357986	6	3883
120.096921	6	3896
228.006839	6	3884
319.015502	6	3872
173.050880	6	3892
395.047903	6	3862
253.165006	6	3882
334.330320	6	3871
585.581779	6	3839
298.320293	6	3878
288.425922	6	3880
332.622528	6	3874
133.812904	6	3903
133.448123	6	3908
507.660150	6	3859
89.0064239	6	3916
291.671037	6	3889
427.959442	6	3873
190.688133	6	3906
202.625989	6	3905
318.468570	6	3890
297.656536	6	3894
443.687200	6	3875
173.851490	6	3912
436.468839	6	3877
281.665325	6	3900
213.538408	6	3909
389.230489	6	3887
475.464105	6	3879
337.017059	6	3898
217.474222	6	3914
181.760072	6	3923
306.989669	6	3907
152.341604	6	3928
342.009544	6	3904
356.362581	6	3902
220.869779	6	3920
192.113399	6	3924
305.027723	6	3910
409.269809	6	3897
190.839529	6	3926
207.780361	6	3925
155.402898	6	3932
546.963691	6	3881
431.980609	6	3899
494.484663	6	3893
347.077131	6	3913
241.961479	6	3927
170.007228	6	3936
498.718500	6	3895
232.518434	6	3930
466.446161	6	3901
545.619010	6	3891
362.686872	6	3918
331.070661	6	3922
190.130233	6	3940
390.177249	6	3915
170.601606	6	3943
246.806144	6	3934
199.475526	6	3944
413.730144	6	3917
401.467800	6	3919
189.745664	6	3946
333.069801	6	3929
476.012706	6	3911
178.091526	6	3952
185.796976	6	3956
466.986417	6	3921
225.995540	6	3953
386.553049	6	3933
258.992910	6	3950
188.275098	6	3960
299.808740	6	3948
393.509626	6	3938
361.643314	6	3942
183.382034	6	3966
351.975679	6	3945
205.805540	6	3964
197.854042	6	3965
222.110509	6	3963
289.703369	6	3954
163.917541	6	3972
500.308752	6	3931
443.215370	6	3939
224.983930	6	3968
370.018720	6	3949
233.428716	6	3969
451.325178	6	3941
183.027267	6	3976
500.303268	6	3935
344.211339	6	3955
170.077085	6	3980
426.080703	6	3947
509.741067	6	3937
283.692359	6	3967
323.656082	6	3962
242.512226	6	3973
178.390979	6	3983
172.289609	6	3985
370.100975	6	3959
382.702589	6	3958
165.287017	6	3988
197.445392	6	3986
427.828311	6	3957
327.742338	6	3974
185.503005	6	3992
255.355119	6	3984
437.881708	6	3961
290.163278	6	3982
359.894275	6	3975
165.231704	6	4000
127.105712	6	4005
266.892194	6	3989
212.052106	6	3996
129.286289	6	4008
353.877067	6	3979
187.007188	6	4003
204.225778	6	4002
162.929058	6	4009
469.874858	6	3970
316.119194	6	3990
162.615060	6	4012
312.058448	6	3994
335.239171	6	3993
251.922845	6	4004
511.455774	6	3971
664.959430	6	3951
439.371347	6	3981
481.225728	6	3977
356.378793	6	3995
490.850925	6	3978
129.500865	6	4029
356.575965	6	3999
235.471963	6	4016
458.416938	6	3987
180.170536	6	4024
315.614700	6	4006
384.960412	6	3997
214.189052	6	4020
203.926563	6	4022
158.397912	6	4028
439.759969	6	3991
396.104335	6	3998
289.740085	6	4013
225.047588	6	4025
415.930271	6	4001
199.443578	6	4032
351.055622	6	4015
292.688608	6	4023
220.838785	6	4033
331.424951	6	4021
128.362178	6	4048
221.114158	6	4036
300.021409	6	4026
412.552833	6	4011
164.188623	6	4044
364.549875	6	4019
189.672470	6	4042
185.180425	6	4046
218.750715	6	4043
295.469999	6	4034
477.713823	6	4010
187.637090	6	4049
202.144861	6	4053
478.930473	6	4018
194.943189	6	4056
282.594680	6	4045
360.923528	6	4035
580.014944	6	4007
401.678323	6	4031
243.478775	6	4051
512.112140	6	4017
414.522647	6	4030
329.836845	6	4041
363.155364	6	4037
541.592836	6	4014
365.751743	6	4038
353.102684	6	4040
259.655952	6	4052
368.882656	6	4039
165.740489	6	4065
174.269914	6	4068
209.250688	6	4064
212.859869	6	4066
169.683456	6	4072
261.884450	6	4063
552.407741	6	4027
288.653135	6	4061
322.778940	6	4058
331.895828	6	4057
170.783519	6	4078
368.160247	6	4055
436.176300	6	4047
334.980010	6	4060
382.243156	6	4054
324.108123	6	4062
274.613618	6	4069
250.182151	6	4073
184.411764	6	4084
207.408905	6	4081
264.935970	6	4075
205.200433	6	4086
192.965745	6	4088
223.904609	6	4085
424.486875	6	4059
267.299413	6	4080
345.275878	6	4071
316.704273	6	4077
215.528011	6	4092
178.055763	6	4101
240.759134	6	4093
350.791454	6	4079
200.135946	6	4100
381.583929	6	4076
233.264923	6	4096
456.243038	6	4067
601.967096	6	4050
189.702033	6	4104
448.453187	6	4070
249.083042	6	4098
327.034711	6	4089
372.175216	6	4083
182.710886	6	4108
474.299907	6	4074
304.819583	6	4097
215.289115	6	4109
354.132652	6	4091
349.288225	6	4095
171.852827	6	4118
470.727920	6	4082
114.327430	6	4128
322.826147	6	4102
239.063978	6	4113
303.013563	6	4105
184.808731	6	4120
390.513658	6	4094
179.649591	6	4121
240.137577	6	4115
177.080869	6	4124
251.179456	6	4116
243.749618	6	4117
150.082111	6	4129
389.792680	6	4099
373.696565	6	4103
503.374814	6	4087
358.514070	6	4106
322.096109	6	4112
293.721199	6	4123
423.938989	6	4107
170.856952	6	4140
189.329624	6	4143
230.467557	6	4138
373.164653	6	4119
146.405220	6	4149
333.639144	6	4125
296.160459	6	4133
477.740764	6	4111
353.347301	6	4127
318.494319	6	4132
475.296258	6	4114
230.679035	6	4148
392.145395	6	4126
248.357295	6	4146
358.258485	6	4131
273.049831	6	4144
313.477277	6	4139
439.527750	6	4122
692.468404	6	4090
294.646739	6	4142
307.482004	6	4141
344.111442	6	4136
340.713262	6	4137
359.532833	6	4135
246.028423	6	4152
193.292140	6	4160
254.391193	6	4153
323.116064	6	4145
410.074949	6	4134
169.034481	6	4168
204.657554	6	4164
197.812795	6	4166
176.475763	6	4169
179.301738	6	4172
296.524524	6	4159
95.1898097	6	4188
333.848714	6	4157
340.223312	6	4158
224.755048	6	4173
396.523952	6	4151
361.985921	6	4156
247.781515	6	4171
312.047243	6	4163
447.838783	6	4147
293.765306	6	4167
390.184879	6	4155
201.411724	6	4180
323.028326	6	4165
346.509218	6	4162
169.123172	6	4186
604.342222	6	4130
195.039033	6	4184
238.722085	6	4179
155.814170	6	4192
394.536018	6	4161
243.961095	6	4181
213.315248	6	4185
186.160802	6	4189
259.019136	6	4182
299.672842	6	4178
187.279462	6	4198
248.952627	6	4191
240.019321	6	4193
321.707010	6	4183
379.365444	6	4176
218.427896	6	4199
217.857122	6	4200
171.917200	6	4206
186.604499	6	4204
409.607648	6	4177
163.953065	6	4209
340.831756	6	4187
212.919235	6	4205
195.391416	6	4208
176.633119	6	4212
662.544965	6	4150
973.369836	6	4110
283.721446	6	4201
661.799669	6	4154
506.846666	6	4174
517.276763	6	4175
183.632850	6	4218
359.779119	6	4196
330.443859	6	4203
196.051597	6	4220
169.955253	6	4225
200.370311	6	4221
392.193794	6	4197
423.231840	6	4194
374.754428	6	4202
433.027744	6	4195
291.286706	6	4213
215.800762	6	4223
351.318836	6	4207
159.903764	6	4232
208.773851	6	4226
186.493158	6	4229
648.858547	6	4170
233.122110	6	4224
298.346281	6	4216
293.450593	6	4219
186.714410	6	4233
228.853702	6	4228
347.615718	6	4217
194.388389	6	4237
365.107059	6	4215
166.348934	6	4241
413.573026	6	4211
260.058879	6	4231
216.997623	6	4239
225.054264	6	4238
316.230058	6	4227
123.612642	6	4252
187.613248	6	4245
236.191749	6	4240
213.764667	6	4243
382.440328	6	4222
164.557933	6	4253
213.206768	6	4249
317.312240	6	4236
233.693838	6	4248
698.718547	6	4190
540.715694	6	4210
295.686960	6	4242
268.442392	6	4246
190.722465	6	4257
291.513681	6	4244
179.156303	6	4259
536.743164	6	4214
387.217283	6	4234
271.332740	6	4251
171.832799	6	4265
207.541465	6	4261
249.332427	6	4258
436.600923	6	4235
185.489177	6	4269
358.630418	6	4247
209.666013	6	4267
305.370330	6	4256
233.234167	6	4266
255.340814	6	4264
210.083961	6	4271
234.777212	6	4268
295.310258	6	4260
209.346055	6	4272
158.811569	6	4279
350.139141	6	4254
301.143646	6	4263
228.669643	6	4273
205.783128	6	4277
142.970323	6	4286
160.909414	6	4288
184.382677	6	4285
227.185487	6	4281
181.300878	6	4289
256.200075	6	4280
265.151023	6	4283
203.607797	6	4292
112.092256	6	4305
153.070211	6	4303
341.793775	6	4278
706.066370	6	4230
359.479904	6	4276
514.265298	6	4255
554.140090	6	4250
122.787475	6	4308
178.514242	6	4301
145.459175	6	4306
199.998378	6	4300
323.204040	6	4284
312.251091	6	4287
405.090093	6	4275
286.815643	6	4291
257.222175	6	4297
243.496417	6	4299
530.920267	6	4262
305.325508	6	4293
242.183923	6	4304
297.163248	6	4298
129.481077	6	4321
486.945629	6	4274
210.148811	6	4311
167.445421	6	4319
231.771230	6	4312
143.852472	6	4326
289.484500	6	4309
144.798278	6	4328
221.799373	6	4320
250.055313	6	4318
204.657554	6	4324
203.533649	6	4325
348.450183	6	4307
225.575685	6	4323
630.728483	6	4270
483.073472	6	4290
546.549081	6	4282
318.049669	6	4313
191.828250	6	4329
302.627086	6	4316
456.617593	6	4296
88.0234241	6	4346
317.492961	6	4317
509.522438	6	4295
177.150487	6	4339
135.678768	6	4345
248.671054	6	4331
547.193288	6	4294
133.080482	6	4349
200.575828	6	4341
404.860019	6	4315
271.314859	6	4332
195.010185	6	4344
299.973964	6	4333
274.019479	6	4337
192.140817	6	4348
366.734504	6	4327
477.287530	6	4314
191.621541	6	4353
332.682609	6	4335
315.118551	6	4338
344.167709	6	4336
611.410140	6	4302
463.682651	6	4322
322.153568	6	4343
580.916881	6	4310
218.933343	6	4357
172.148704	6	4363
159.227132	6	4365
280.574083	6	4351
384.970188	6	4340
226.218461	6	4361
169.897794	6	4369
249.333858	6	4359
217.966556	6	4364
361.119270	6	4347
176.888704	6	4371
162.908792	6	4373
336.596727	6	4352
513.475418	6	4330
428.153991	6	4342
308.108568	6	4358
495.856761	6	4334
245.642423	6	4366
297.183275	6	4360
167.278528	6	4377
268.154382	6	4368
362.937927	6	4356
373.489141	6	4355
139.403343	6	4385
283.706665	6	4367
205.915212	6	4379
195.828199	6	4381
196.697711	6	4383
368.314981	6	4362
272.699832	6	4375
246.237754	6	4380
468.572378	6	4354
206.120491	6	4389
223.611116	6	4387
308.581829	6	4378
172.299861	6	4397
202.465534	6	4393
248.086214	6	4388
344.338655	6	4376
203.226327	6	4395
311.537742	6	4382
301.732301	6	4384
298.909187	6	4386
263.049602	6	4391
209.572076	6	4399
211.731433	6	4401
190.392017	6	4405
114.986658	6	4417
221.721649	6	4404
450.035810	6	4374
474.061012	6	4372
218.159198	6	4406
242.769002	6	4403
652.098655	6	4350
494.093894	6	4370
205.424070	6	4408
182.296991	6	4413
308.204889	6	4398
242.940425	6	4409
314.256906	6	4400
198.046207	6	4419
372.294664	6	4396
276.895284	6	4411
249.616861	6	4415
320.369958	6	4407
185.398340	6	4425
219.426870	6	4421
365.772008	6	4402
439.655780	6	4392
214.756965	6	4422
248.531341	6	4420
223.113298	6	4424
174.129247	6	4431
281.378984	6	4418
210.035562	6	4428
191.222190	6	4433
164.476394	6	4437
149.270057	6	4440
366.463899	6	4412
144.017934	6	4445
174.772024	6	4442
375.646829	6	4416
543.602705	6	4394
394.388437	6	4414
290.413618	6	4429
151.803016	6	4453
296.619653	6	4435
202.739715	6	4448
84.1445922	6	4465
409.306764	6	4423
197.626829	6	4451
511.006593	6	4410
387.311935	6	4426
360.272169	6	4430
665.058374	6	4390
261.491775	6	4444
234.837055	6	4449
177.581787	6	4457
332.685708	6	4439
386.587858	6	4432
424.523353	6	4427
361.398696	6	4436
225.728750	6	4455
334.417819	6	4441
176.548480	6	4462
177.478790	6	4464
319.619417	6	4447
225.045204	6	4460
405.622243	6	4438
287.282705	6	4454
145.179748	6	4477
404.030084	6	4443
215.996026	6	4469
187.035560	6	4473
301.696538	6	4458
419.263601	6	4446
520.159482	6	4434
366.461992	6	4456
346.516370	6	4459
150.449275	6	4485
161.829233	6	4484
187.329769	6	4482
289.300203	6	4471
322.898626	6	4468
101.181983	6	4497
251.241445	6	4479
348.479747	6	4467
459.791183	6	4452
379.682064	6	4463
178.912639	6	4493
323.523283	6	4475
206.501007	6	4491
332.888603	6	4476
260.503768	6	4488
372.559309	6	4474
280.861377	6	4489
497.296094	6	4461
344.214439	6	4481
354.832172	6	4480
587.569236	6	4450
342.332124	6	4483
180.059909	6	4504
116.282701	6	4513
437.094688	6	4472
286.768913	6	4492
210.217714	6	4502
268.386840	6	4495
192.790985	6	4505
248.460531	6	4499
238.406419	6	4501
430.977582	6	4478
373.409748	6	4487
203.283548	6	4509
304.322004	6	4496
221.005201	6	4508
515.948534	6	4470
182.090759	6	4517
200.145959	6	4515
203.646421	6	4516
161.800146	6	4524
275.630474	6	4511
408.806800	6	4494
626.913547	6	4466
381.111145	6	4498
477.249145	6	4486
356.529951	6	4503
175.514221	6	4528
246.808767	6	4519
243.883609	6	4522
227.705478	6	4525
174.634218	6	4533
144.255638	6	4537
336.158275	6	4512
215.531587	6	4531
531.913757	6	4490
232.141256	6	4529
185.027122	6	4536
194.422721	6	4535
301.874160	6	4523
327.780961	6	4521
287.150144	6	4527
439.141988	6	4507
157.206773	6	4544
376.675605	6	4518
189.865350	6	4543
381.775379	6	4520
535.367965	6	4500
297.666549	6	4532
204.016447	6	4545
448.732137	6	4514
206.156253	6	4548
158.435583	6	4555
116.690635	6	4564
229.574918	6	4552
196.864843	6	4557
337.644100	6	4539
438.695907	6	4526
328.575611	6	4541
328.282117	6	4542
288.288593	6	4549
376.960754	6	4538
173.927307	6	4565
113.293170	6	4575
208.003997	6	4563
388.198137	6	4540
295.547962	6	4553
316.488742	6	4551
180.932044	6	4572
318.361759	6	4556
164.891242	6	4576
276.392698	6	4562
197.193622	6	4573
682.213068	6	4510
400.521039	6	4547
533.218145	6	4530
505.300521	6	4534
350.321054	6	4554
732.223510	6	4506
132.476329	6	4584
321.033000	6	4561
266.791820	6	4569
345.174789	6	4559
361.560583	6	4558
468.435287	6	4546
230.093479	6	4577
196.694135	6	4582
177.208423	6	4585
239.932060	6	4579
318.564414	6	4571
279.916524	6	4578
423.524379	6	4560
197.860717	6	4589
151.160240	6	4595
391.066074	6	4566
396.275520	6	4568
239.789962	6	4588
179.405450	6	4596
282.720804	6	4583
165.949106	6	4599
365.964412	6	4574
325.867652	6	4581
248.082399	6	4591
138.866186	6	4605
439.701318	6	4567
242.526531	6	4593
221.913099	6	4597
190.619230	6	4602
276.428699	6	4592
351.130723	6	4587
162.573814	6	4612
229.893445	6	4604
156.352043	6	4615
185.251474	6	4611
171.478509	6	4616
474.290132	6	4580
296.435117	6	4603
183.942794	6	4619
321.845531	6	4601
281.568765	6	4609
355.935573	6	4600
747.588157	6	4550
596.147060	6	4570
440.378189	6	4590
384.067058	6	4598
240.848064	6	4618
330.190658	6	4607
125.200986	6	4635
126.950979	6	4636
236.854791	6	4622
165.360927	6	4632
320.164918	6	4613
298.504352	6	4617
193.903684	6	4631
250.226736	6	4625
495.633125	6	4594
344.474792	6	4614
403.844118	6	4606
297.953367	6	4620
566.145896	6	4586
257.120132	6	4627
407.526969	6	4608
253.459930	6	4628
248.491525	6	4629
178.531646	6	4639
311.862468	6	4623
325.852632	6	4624
354.700326	6	4621
230.121374	6	4637
107.273101	6	4655
176.830053	6	4647
107.312440	6	4656
226.928234	6	4642
177.662134	6	4651
172.672986	6	4652
501.351356	6	4610
203.947782	6	4649
244.723081	6	4645
338.647365	6	4633
294.038534	6	4640
425.624132	6	4626
333.113193	6	4638
129.646778	6	4665
185.516595	6	4659
312.254190	6	4643
275.106430	6	4648
344.696760	6	4644
208.141088	6	4663
385.326147	6	4641
224.158048	6	4662
195.437669	6	4667
176.046371	6	4671
203.999280	6	4668
294.992923	6	4657
153.076648	6	4675
175.473690	6	4672
198.252677	6	4669
330.574274	6	4653
152.381658	6	4676
414.667606	6	4646
312.219142	6	4660
174.910306	6	4679
232.962369	6	4673
139.722585	6	4685
221.016407	6	4677
328.767538	6	4664
381.352186	6	4658
154.299497	6	4687
586.571693	6	4634
158.021926	6	4688
385.761976	6	4661
171.033859	6	4689
235.787153	6	4682
228.749990	6	4683
115.526914	6	4695
247.740507	6	4684
497.242212	6	4654
186.005592	6	4691
310.029983	6	4678
176.119565	6	4692
413.833379	6	4666
319.391012	6	4680
397.589683	6	4670
557.857275	6	4650
710.619926	6	4630
228.302001	6	4690
162.510871	6	4697
135.337352	6	4699
163.139343	6	4698
183.320045	6	4696
281.407356	6	4686
210.977315	6	4693
155.672550	6	4703
150.573015	6	4705
140.270471	6	4706
132.277965	6	4707
128.829956	6	4708
188.124656	6	4702
209.280729	6	4700
406.268835	6	4681
187.100172	6	4704
140.649318	6	4709
135.531902	6	4711
141.546487	6	4712
80.6908607	6	4719
105.832338	6	4718
122.914314	6	4716
181.213378	6	4710
152.646541	6	4713
117.701530	6	4717
140.396595	6	4715
84.5201015	6	4722
282.996892	6	4701
552.524089	6	4674
141.699790	6	4720
102.114200	6	4725
89.6346569	6	4727
105.058193	6	4726
130.902051	6	4723
125.331401	6	4724
91.7730331	6	4730
86.6472721	6	4731
429.546356	6	4694
113.074302	6	4728
171.896219	6	4721
123.227357	6	4729
96.4696407	6	4737
109.816789	6	4736
147.909164	6	4733
155.515909	6	4732
109.777450	6	4739
101.605892	6	4740
143.272638	6	4735
131.675958	6	4738
112.114667	6	4742
122.725009	6	4741
117.197751	6	4746
137.530565	6	4743
126.809120	6	4745
109.158992	6	4748
142.425298	6	4744
393.926143	6	4714
222.946166	6	4734
125.273466	6	4750
130.307197	6	4751
174.079179	6	4747
160.801410	6	4749
147.712469	6	4753
133.658409	6	4755
113.041877	6	4758
168.272733	6	4752
145.572900	6	4756
134.142875	6	4760
142.965555	6	4759
127.698898	6	4762
136.386632	6	4763
117.219209	6	4768
143.802404	6	4766
124.993085	6	4769
191.756010	6	4761
182.114124	6	4765
195.314645	6	4764
154.162406	6	4770
252.612113	6	4757
274.863243	6	4754
158.189535	6	4771
159.705400	6	4772
138.649225	6	4776
126.013040	6	4779
127.229690	6	4780
177.469968	6	4773
165.856122	6	4775
119.176864	6	4782
163.633108	6	4778
176.067352	6	4777
165.730953	6	4783
151.242256	6	4786
136.808872	6	4788
168.126583	6	4785
204.302072	6	4781
306.259393	6	4767
166.341543	6	4787
154.848098	6	4789
265.051126	6	4774
107.494354	6	4796
198.807716	6	4784
154.834508	6	4791
162.049293	6	4790
95.3898429	6	4800
158.046245	6	4792
136.548519	6	4795
115.776538	6	4798
153.144836	6	4793
119.989395	6	4799
161.029815	6	4794
147.411346	6	4797
avg:  282.1714693804582
std:  113.86341526504228
p95:  486.23422384262096
p99:  620.7535219192519
com:  130.26744165017536
thg:  13.026744165017536
FCT:  36.847273111343384
que:  201.4806086321672
los:  0.0
4800 0
**********************
