[10  3  3 ...  4  4  4]
85.1578712	6	1
85.1881504	6	2
86.2214565	6	3
86.4033699	6	4
85.2332115	6	5
84.1853618	6	6
94.6748256	6	7
84.5687389	6	9
84.0282440	6	10
84.0802192	6	12
129.513263	6	8
96.1823463	6	18
129.675388	6	14
146.734714	6	13
142.528057	6	15
173.660039	6	11
149.210929	6	16
126.569747	6	21
128.028392	6	22
163.909912	6	17
151.223182	6	20
154.678344	6	23
126.716375	6	28
154.224634	6	24
126.832485	6	29
192.978858	6	19
150.624275	6	26
137.022256	6	31
139.686584	6	35
166.279554	6	33
134.768724	6	38
197.875738	6	30
232.579469	6	25
189.433097	6	32
158.132791	6	39
182.961702	6	36
146.245002	6	41
181.323528	6	37
144.136905	6	42
247.797012	6	27
147.752046	6	43
132.400035	6	48
168.032169	6	44
168.360948	6	45
255.156040	6	34
133.799076	6	51
175.101280	6	46
125.915527	6	53
236.272096	6	40
172.246932	6	49
189.062595	6	47
156.868934	6	55
171.426534	6	54
201.216697	6	52
217.398166	6	50
158.727884	6	57
157.129764	6	58
123.380899	6	64
180.112838	6	56
147.364139	6	61
142.435550	6	63
133.420705	6	68
152.849674	6	65
191.087245	6	59
199.224472	6	62
164.612293	6	69
152.422428	6	72
156.618356	6	75
169.327259	6	73
253.786087	6	60
164.410352	6	74
195.860862	6	71
135.938405	6	84
187.384843	6	77
114.606142	6	88
166.206121	6	81
188.155412	6	78
170.356988	6	83
196.399211	6	80
141.562461	6	89
301.537275	6	67
310.941696	6	66
119.899749	6	95
305.483102	6	70
207.639455	6	85
187.110424	6	92
263.455867	6	82
127.307415	6	104
199.938058	6	93
322.637796	6	76
306.422710	6	79
205.770969	6	94
172.230958	6	101
197.320461	6	98
191.227912	6	103
112.493515	6	115
164.106130	6	108
218.703269	6	100
302.698850	6	87
285.312414	6	90
310.103893	6	91
203.224897	6	109
143.121719	6	121
212.218284	6	112
308.330535	6	97
183.221340	6	118
317.822456	6	99
407.895088	6	86
283.747911	6	106
331.724643	6	102
275.512218	6	111
204.010009	6	122
115.784645	6	135
287.487030	6	110
320.841073	6	105
277.808189	6	113
330.650568	6	107
286.110877	6	114
178.671360	6	138
182.603359	6	141
345.804452	6	119
319.342613	6	123
360.304117	6	117
346.918344	6	120
300.108909	6	127
306.352853	6	128
304.694652	6	129
333.966970	6	125
398.158073	6	116
528.480291	6	96
302.603721	6	131
316.902399	6	130
308.033943	6	133
320.666790	6	132
319.134235	6	134
385.189294	6	126
320.533752	6	140
224.192142	6	155
349.852323	6	137
309.320449	6	143
275.464534	6	150
286.884307	6	149
303.175687	6	148
352.235317	6	142
317.971706	6	147
257.882118	6	156
477.044820	6	124
341.450691	6	144
224.545717	6	161
247.431278	6	158
346.627473	6	145
299.390077	6	152
390.793561	6	139
206.191062	6	170
446.658849	6	136
337.175369	6	153
363.368988	6	151
298.112869	6	164
390.713214	6	154
350.971460	6	160
339.904308	6	162
376.305580	6	157
298.339366	6	169
350.771665	6	163
245.709896	6	178
386.248350	6	159
506.389617	6	146
285.907506	6	179
311.723470	6	176
332.798242	6	173
343.047857	6	175
364.807128	6	172
408.166170	6	166
402.555942	6	167
401.353597	6	168
424.674272	6	165
308.806657	6	184
405.253648	6	171
201.884508	6	199
334.913015	6	182
302.257061	6	188
317.155122	6	186
229.211807	6	202
208.751916	6	206
424.996137	6	177
369.997739	6	185
363.247632	6	187
323.047637	6	194
355.012893	6	190
406.502008	6	183
429.262399	6	180
312.675237	6	196
381.546735	6	189
315.685033	6	198
466.674804	6	181
387.089729	6	193
406.495094	6	191
528.073787	6	174
288.756370	6	207
314.447641	6	204
384.320259	6	195
411.752939	6	192
291.705369	6	208
403.245210	6	197
244.267702	6	219
320.673227	6	211
376.860141	6	205
215.486049	6	227
400.956869	6	203
138.863563	6	239
383.746862	6	210
360.588073	6	214
348.617553	6	216
372.655153	6	213
477.462768	6	201
332.457542	6	221
361.642122	6	218
383.491516	6	215
432.102203	6	209
309.311866	6	226
312.324762	6	228
346.682786	6	224
362.197160	6	222
422.360897	6	217
294.053792	6	236
259.795904	6	242
316.010951	6	235
584.548711	6	200
270.488977	6	244
365.979909	6	231
528.750181	6	212
477.149009	6	220
457.516193	6	223
409.067869	6	230
459.567546	6	225
304.746389	6	247
408.038377	6	233
423.949956	6	232
327.774286	6	246
451.321363	6	229
393.817663	6	238
427.566528	6	234
378.819227	6	241
273.738384	6	256
232.486486	6	262
339.673519	6	248
416.270494	6	237
289.063453	6	259
356.091260	6	250
442.892074	6	240
377.454280	6	251
266.947746	6	267
209.422588	6	276
381.170749	6	258
490.633487	6	243
413.494110	6	255
334.633827	6	266
435.942173	6	252
237.058877	6	279
268.594026	6	278
362.298727	6	268
345.324039	6	270
215.292692	6	287
471.042156	6	254
425.695180	6	261
519.734859	6	249
365.025043	6	271
499.054431	6	253
425.384044	6	264
359.985351	6	273
457.149267	6	260
311.979770	6	280
513.764142	6	257
293.020963	6	286
481.605052	6	263
629.033565	6	245
486.646175	6	265
312.032461	6	288
252.589702	6	296
462.779760	6	269
369.819879	6	281
346.585273	6	284
402.220487	6	277
426.728010	6	274
285.240173	6	293
374.809980	6	282
333.588838	6	291
228.352785	6	306
433.754682	6	285
358.934879	6	299
430.774211	6	290
488.109588	6	283
411.566257	6	294
354.176998	6	302
322.561979	6	308
398.794412	6	297
304.663896	6	311
271.346092	6	316
381.893157	6	301
350.861549	6	307
413.151025	6	300
606.352329	6	275
641.509532	6	272
487.705945	6	292
170.351505	6	336
536.767959	6	289
361.901283	6	313
396.349668	6	309
472.766637	6	298
309.419631	6	322
300.071477	6	328
474.100589	6	305
386.204242	6	317
382.845878	6	318
386.677503	6	319
384.972572	6	321
310.505628	6	331
579.150915	6	295
365.403890	6	326
535.181283	6	304
365.351200	6	327
388.790607	6	324
415.695667	6	320
150.435686	6	356
489.233255	6	312
241.451740	6	348
509.693861	6	314
509.528160	6	315
317.198514	6	342
386.050939	6	333
260.314226	6	351
309.932947	6	346
600.959539	6	310
658.092021	6	303
342.775583	6	347
413.489103	6	338
515.597581	6	325
428.002834	6	337
216.788768	6	368
237.488508	6	366
401.012182	6	344
211.577177	6	371
447.413206	6	340
527.574300	6	330
360.636711	6	353
438.727617	6	343
590.912342	6	323
325.123548	6	362
334.559202	6	361
485.841989	6	341
371.016740	6	358
229.691982	6	378
524.513721	6	339
378.736495	6	359
418.515443	6	354
588.236331	6	332
192.198038	6	386
575.272083	6	334
292.828083	6	376
390.810489	6	363
372.772932	6	367
280.298471	6	381
458.439588	6	360
482.608556	6	357
294.451713	6	383
581.007480	6	345
657.192468	6	335
532.847881	6	352
226.357460	6	396
283.573865	6	388
334.883451	6	382
486.932992	6	365
426.705121	6	377
783.617734	6	329
358.401536	6	387
423.752546	6	379
392.846107	6	384
264.072656	6	402
473.793029	6	375
617.423772	6	355
359.457015	6	391
490.477323	6	373
243.236064	6	406
694.990158	6	349
547.930717	6	369
370.237827	6	395
394.838809	6	393
578.920841	6	372
436.902046	6	392
187.984943	6	426
472.632169	6	389
652.906417	6	364
364.309310	6	404
763.654708	6	350
322.317123	6	411
426.039934	6	398
276.099205	6	418
412.563085	6	401
448.419809	6	397
360.279798	6	408
542.680740	6	385
628.708362	6	374
415.377378	6	403
385.137557	6	407
460.685491	6	400
307.952404	6	420
615.675210	6	380
323.223829	6	421
374.112129	6	415
210.700035	6	435
450.787305	6	405
384.828567	6	416
318.906068	6	428
279.729843	6	433
440.648078	6	413
775.571584	6	370
357.911109	6	427
395.340681	6	422
335.654497	6	431
222.796678	6	446
631.574392	6	394
424.104928	6	423
466.066360	6	419
522.583246	6	412
342.357635	6	439
663.181781	6	399
406.479597	6	432
283.042669	6	448
332.890272	6	442
554.067373	6	417
318.020343	6	447
282.186269	6	453
624.897241	6	410
780.408382	6	390
402.948141	6	438
283.693790	6	455
430.646181	6	436
524.321556	6	425
413.086652	6	440
349.166154	6	451
191.949605	6	473
233.673572	6	468
267.872571	6	466
457.080125	6	441
457.545042	6	443
319.902658	6	462
447.300672	6	445
294.440507	6	467
724.132061	6	414
433.850526	6	452
290.368318	6	471
571.928024	6	434
386.016607	6	459
372.623682	6	461
629.744291	6	430
378.749608	6	463
204.489707	6	486
214.411020	6	487
185.412645	6	491
707.456827	6	424
432.484865	6	460
182.633161	6	493
643.288612	6	437
252.994060	6	488
497.611761	6	457
359.113931	6	477
727.763891	6	429
318.715095	6	482
469.845294	6	464
617.508649	6	444
397.531986	6	475
360.013723	6	481
183.076620	6	506
369.074344	6	483
624.862909	6	450
518.782854	6	465
591.022253	6	456
167.229890	6	511
195.005178	6	508
581.479072	6	458
423.624992	6	479
344.046115	6	492
235.172033	6	507
277.464866	6	502
416.744232	6	485
461.080074	6	480
1009.61542	6	409
548.168420	6	469
702.926158	6	449
136.463165	6	528
264.831066	6	513
343.224763	6	503
586.789131	6	472
199.029445	6	522
377.394437	6	499
398.640632	6	497
405.136823	6	496
562.043428	6	476
389.103174	6	501
602.990388	6	474
757.805109	6	454
203.329801	6	526
463.464021	6	494
294.584512	6	517
478.579282	6	495
333.617210	6	515
533.107519	6	489
215.255022	6	531
277.444601	6	523
427.592754	6	505
258.279561	6	527
707.010984	6	470
475.714683	6	500
663.400173	6	478
213.773965	6	537
186.433315	6	542
648.256063	6	484
381.008863	6	519
227.142810	6	539
493.768692	6	510
406.013488	6	521
512.710332	6	512
574.797153	6	504
355.684995	6	532
456.138134	6	520
625.573873	6	498
185.642242	6	557
553.807020	6	509
429.120063	6	525
364.237308	6	535
218.745708	6	555
389.078617	6	533
514.663219	6	518
297.560691	6	546
542.539596	6	516
361.665487	6	540
313.724279	6	548
396.059036	6	538
586.621999	6	514
371.778964	6	543
235.650300	6	562
317.639589	6	551
349.209785	6	547
277.160644	6	559
243.753910	6	566
487.488269	6	536
510.424852	6	534
277.405261	6	568
179.759025	6	582
485.817432	6	541
612.154006	6	524
401.432514	6	553
214.100360	6	579
890.886068	6	490
386.822938	6	558
379.669666	6	560
328.101873	6	567
361.104726	6	563
198.802232	6	586
524.525403	6	545
405.691146	6	561
331.320524	6	571
131.824970	6	599
317.173004	6	577
334.232091	6	575
249.472856	6	588
145.567417	6	602
513.028383	6	554
262.079238	6	591
244.801044	6	597
774.550676	6	529
625.902652	6	549
405.982971	6	580
531.744480	6	565
482.936859	6	572
632.650136	6	552
161.394834	6	617
381.641864	6	587
413.988113	6	583
501.693010	6	573
356.566667	6	593
636.839151	6	556
350.360155	6	595
512.264490	6	574
324.431896	6	600
499.132394	6	578
248.294591	6	613
761.918783	6	544
306.259870	6	606
498.951196	6	581
486.226081	6	585
554.838895	6	576
411.741256	6	598
243.149280	6	622
352.999448	6	608
274.432182	6	619
341.546297	6	611
147.431612	6	637
961.668491	6	530
423.811674	6	603
349.603652	6	615
517.672538	6	592
453.686237	6	601
692.061185	6	569
264.007806	6	626
427.517652	6	607
370.063304	6	618
777.226448	6	564
635.170936	6	584
564.977169	6	594
378.566980	6	620
212.920188	6	642
912.044048	6	550
767.874002	6	570
617.920637	6	590
314.737558	6	631
209.544181	6	646
532.520771	6	605
328.306198	6	633
403.917789	6	623
613.396644	6	596
505.411624	6	612
512.286901	6	614
434.190273	6	625
390.110731	6	632
339.154958	6	639
372.489929	6	635
158.133029	6	666
234.682083	6	657
375.922679	6	638
450.566530	6	628
308.436870	6	648
278.061866	6	653
375.816345	6	640
661.283254	6	604
541.759014	6	621
254.543304	6	662
528.090000	6	627
356.649160	6	651
358.457326	6	652
197.342634	6	673
316.402912	6	658
693.320751	6	610
853.593349	6	589
449.525117	6	643
472.189664	6	641
133.339166	6	686
386.859416	6	654
382.041454	6	655
543.476343	6	634
288.282632	6	668
363.452434	6	659
473.694562	6	645
221.767902	6	682
626.770257	6	629
479.678630	6	649
393.178462	6	663
516.636133	6	647
354.058980	6	672
632.252454	6	636
844.125747	6	609
373.367786	6	671
207.902193	6	693
326.404333	6	679
741.505146	6	624
352.393150	6	677
711.732864	6	630
470.274209	6	665
285.998106	6	688
509.823799	6	660
352.212429	6	680
398.743629	6	678
243.085861	6	698
449.049472	6	675
219.422578	6	706
323.316812	6	692
696.565628	6	644
399.155378	6	683
524.941205	6	667
368.086814	6	687
307.415485	6	699
375.682353	6	691
356.155395	6	695
264.929533	6	708
666.330814	6	661
354.429483	6	701
509.251594	6	681
364.497661	6	700
240.382432	6	718
493.796825	6	685
622.253417	6	669
297.871828	6	713
349.825143	6	707
430.743932	6	697
254.632949	6	721
396.830797	6	702
285.382270	6	717
1083.27937	6	616
356.661796	6	711
420.974016	6	703
653.478384	6	674
322.509527	6	719
228.120088	6	733
328.629255	6	720
370.676279	6	715
450.473546	6	705
206.175804	6	738
400.747776	6	712
308.489322	6	726
896.308898	6	650
593.033552	6	689
748.913288	6	670
804.665088	6	664
571.213960	6	694
255.640745	6	737
876.603126	6	656
333.491325	6	727
398.275852	6	722
339.695215	6	732
353.266477	6	731
615.681886	6	696
479.701995	6	714
291.238069	6	740
254.384756	6	746
400.376319	6	728
324.591159	6	739
213.023424	6	753
185.825347	6	757
457.340240	6	725
399.603366	6	735
363.111972	6	741
209.738492	6	759
796.017885	6	684
648.061752	6	704
227.604150	6	758
763.773202	6	690
371.134996	6	747
555.406808	6	723
338.998079	6	751
420.035839	6	742
414.061546	6	743
339.845657	6	752
541.303873	6	729
389.724016	6	749
299.781322	6	760
309.978961	6	761
229.192495	6	773
367.265462	6	755
201.862812	6	778
321.247100	6	763
463.503122	6	748
414.197683	6	754
1023.53191	6	676
227.966785	6	779
285.096168	6	772
590.337038	6	734
259.268760	6	777
345.251560	6	766
236.740112	6	781
351.504564	6	767
324.457883	6	771
172.511816	6	792
282.463312	6	780
157.287836	6	797
687.746286	6	730
842.545747	6	710
354.085206	6	775
189.931154	6	798
426.461458	6	768
578.581571	6	750
264.510154	6	791
636.118173	6	745
113.787889	6	812
260.599851	6	793
710.529565	6	736
859.873533	6	716
234.460830	6	800
533.121824	6	762
375.614881	6	787
541.985988	6	765
863.820314	6	724
723.616838	6	744
394.016027	6	785
397.324085	6	786
207.521677	6	813
182.207822	6	818
328.894615	6	799
202.665328	6	817
365.514993	6	795
462.437868	6	782
1041.13459	6	709
482.774496	6	783
283.157587	6	811
262.520313	6	815
381.588935	6	801
351.387500	6	805
368.171930	6	803
165.480136	6	832
745.608806	6	756
376.564741	6	807
520.142555	6	788
702.142238	6	764
371.346473	6	808
165.117740	6	838
673.269510	6	769
523.155450	6	789
217.251300	6	831
500.980615	6	794
319.551944	6	819
317.550420	6	820
273.080348	6	837
666.578769	6	784
458.830118	6	814
375.447273	6	827
204.071760	6	852
293.577909	6	840
433.625936	6	821
348.802566	6	833
546.449422	6	806
431.105375	6	825
850.008487	6	770
189.459323	6	860
248.242139	6	853
604.667663	6	804
471.277713	6	823
327.261686	6	843
455.957651	6	826
390.195846	6	835
360.944747	6	841
855.593919	6	774
647.471666	6	802
244.613170	6	858
353.133916	6	848
500.385999	6	828
294.054985	6	857
893.640756	6	776
451.655149	6	839
303.285837	6	859
366.392850	6	851
353.832006	6	855
692.063808	6	809
555.396318	6	829
612.257480	6	822
327.181577	6	861
214.688777	6	877
194.547653	6	880
465.631484	6	847
311.816692	6	868
463.263273	6	849
514.758586	6	842
509.212255	6	845
770.534515	6	810
925.152540	6	790
289.268493	6	875
632.454395	6	830
698.117971	6	824
290.240764	6	878
386.667966	6	867
278.231859	6	883
441.043615	6	863
654.602527	6	834
296.619415	6	881
384.402751	6	871
163.313865	6	898
460.705518	6	862
301.911354	6	882
440.691709	6	865
329.342842	6	879
450.145959	6	866
192.708969	6	897
599.747419	6	846
395.783185	6	873
621.478319	6	844
443.733930	6	872
471.625566	6	869
318.573713	6	888
628.859281	6	850
230.769872	6	900
291.872739	6	895
625.922679	6	854
910.928964	6	816
383.459329	6	887
218.006372	6	908
166.198730	6	915
361.689090	6	891
597.399473	6	864
1123.37565	6	796
835.326433	6	836
451.647043	6	886
205.691337	6	918
216.954708	6	917
420.690774	6	892
410.859107	6	893
727.270603	6	856
356.343746	6	902
351.184606	6	903
406.257629	6	901
150.846958	6	935
265.037775	6	920
561.543226	6	885
682.804346	6	870
446.236848	6	899
578.454256	6	884
289.241075	6	919
371.190786	6	911
409.061670	6	907
561.372756	6	889
400.772809	6	909
313.132286	6	923
229.255676	6	937
221.873283	6	940
749.757528	6	874
431.918621	6	913
488.314390	6	906
336.173772	6	926
301.022291	6	931
517.674922	6	904
344.632387	6	928
530.647754	6	905
286.766052	6	938
664.574384	6	890
493.144035	6	912
344.581127	6	933
217.522621	6	951
245.965719	6	948
816.650390	6	876
267.574548	6	946
347.463130	6	939
238.732814	6	955
698.436737	6	896
222.902059	6	958
614.466428	6	910
529.236316	6	924
558.238744	6	921
372.560977	6	947
293.743371	6	957
419.567346	6	941
521.087408	6	927
227.628707	6	966
420.955181	6	943
498.853921	6	932
573.885202	6	922
430.555343	6	942
351.973772	6	952
564.518690	6	925
422.762632	6	945
532.824516	6	930
250.281333	6	968
370.162487	6	953
233.630657	6	971
555.933713	6	929
328.860044	6	959
200.899839	6	977
720.818519	6	914
183.033704	6	986
304.290533	6	973
291.127204	6	975
368.232250	6	967
759.426355	6	916
292.369842	6	978
413.081645	6	963
405.272483	6	965
188.414812	6	993
971.482992	6	894
364.295005	6	972
170.861244	6	998
208.816766	6	995
685.086965	6	936
585.204124	6	950
432.682037	6	969
598.829984	6	949
372.568368	6	979
726.016044	6	934
532.551288	6	960
379.468917	6	980
148.133993	6	1013
200.746774	6	1006
362.999439	6	988
419.984102	6	981
577.798366	6	961
354.075670	6	991
531.961202	6	970
322.694301	6	997
460.441589	6	983
333.652496	6	999
451.909065	6	985
477.025508	6	982
634.136915	6	962
451.024293	6	987
349.371910	6	1000
247.860670	6	1015
445.838212	6	992
318.756580	6	1008
292.557716	6	1012
257.937908	6	1017
348.674297	6	1005
308.336496	6	1011
848.715543	6	944
211.048603	6	1026
384.410619	6	1003
176.074028	6	1033
450.855731	6	1001
552.621364	6	989
610.986471	6	984
835.531949	6	956
200.456380	6	1037
356.203556	6	1018
445.527076	6	1007
300.575733	6	1028
882.212638	6	954
447.873115	6	1009
282.398939	6	1031
727.510929	6	974
379.833698	6	1019
343.524932	6	1025
379.111528	6	1020
625.403642	6	990
742.232322	6	976
284.981489	6	1035
539.766073	6	1002
853.090524	6	964
188.888788	6	1051
516.987562	6	1010
645.067214	6	994
432.119607	6	1023
446.374416	6	1021
382.274150	6	1030
266.360282	6	1045
434.428691	6	1024
581.265449	6	1004
459.211111	6	1022
212.427854	6	1055
669.331550	6	996
202.905654	6	1057
305.448293	6	1046
288.991451	6	1053
393.727540	6	1040
168.810129	6	1071
356.836557	6	1048
525.253534	6	1027
436.058282	6	1038
157.332897	6	1075
289.479255	6	1058
375.955104	6	1047
441.877126	6	1039
502.405405	6	1032
538.125514	6	1029
257.407903	6	1066
361.152172	6	1052
468.302488	6	1041
448.324918	6	1044
463.479757	6	1043
150.695323	6	1086
310.169696	6	1065
262.913465	6	1073
564.918756	6	1034
463.838100	6	1049
266.779899	6	1077
584.312677	6	1036
329.288959	6	1070
479.856729	6	1050
179.458618	6	1091
555.233001	6	1042
108.524799	6	1106
390.207290	6	1068
468.200206	6	1059
324.698686	6	1078
464.701414	6	1060
206.328630	6	1095
464.845418	6	1062
337.743043	6	1079
461.552381	6	1063
835.415840	6	1014
233.086347	6	1097
353.081464	6	1082
512.682437	6	1061
350.429773	6	1085
485.279560	6	1067
298.621177	6	1093
345.700263	6	1090
151.844263	6	1115
424.262046	6	1080
507.607698	6	1072
431.662559	6	1083
398.682594	6	1088
410.891532	6	1087
236.841440	6	1113
407.020092	6	1092
341.731548	6	1102
177.824020	6	1126
605.896234	6	1069
500.832557	6	1089
394.936084	6	1105
575.839757	6	1081
466.273069	6	1098
781.328678	6	1056
375.811815	6	1110
403.904199	6	1107
577.583312	6	1084
723.887443	6	1064
426.887512	6	1104
440.761566	6	1103
389.593839	6	1111
346.992731	6	1117
248.919725	6	1133
496.372938	6	1101
378.292560	6	1118
529.033184	6	1100
336.990118	6	1125
543.275117	6	1099
388.719320	6	1122
500.775337	6	1108
294.926643	6	1135
356.622219	6	1127
501.526117	6	1109
422.358989	6	1119
221.356868	6	1146
279.461145	6	1139
768.745422	6	1074
1220.74913	6	1016
441.954374	6	1121
520.148277	6	1112
367.939233	6	1132
458.194494	6	1120
391.346216	6	1130
423.790216	6	1128
983.640193	6	1054
221.577405	6	1155
690.276145	6	1094
535.388708	6	1114
472.630739	6	1124
341.482162	6	1142
385.793209	6	1137
342.789173	6	1145
518.814802	6	1123
422.164440	6	1138
313.316345	6	1153
897.326469	6	1076
346.226453	6	1150
435.246467	6	1140
401.824235	6	1147
373.187065	6	1152
447.314023	6	1144
284.507989	6	1166
425.398349	6	1148
235.782861	6	1173
376.551866	6	1157
598.645925	6	1129
449.267387	6	1149
325.188636	6	1165
299.489021	6	1170
359.970092	6	1164
612.616300	6	1131
462.352991	6	1151
549.707651	6	1141
165.504932	6	1190
402.010679	6	1162
368.461132	6	1167
440.103054	6	1159
926.597356	6	1096
620.872497	6	1136
476.615428	6	1158
455.006361	6	1161
243.514299	6	1187
385.957479	6	1171
609.067916	6	1143
394.818305	6	1172
691.071271	6	1134
540.157556	6	1154
335.684776	6	1179
380.541086	6	1175
352.125644	6	1178
293.298721	6	1186
370.800256	6	1177
516.570568	6	1160
315.109014	6	1185
865.627288	6	1116
268.287181	6	1193
524.877071	6	1163
356.216192	6	1183
365.015745	6	1182
356.184005	6	1184
272.771596	6	1197
244.196653	6	1204
281.661748	6	1199
330.707311	6	1195
560.642004	6	1168
398.747205	6	1188
384.987115	6	1191
241.150379	6	1210
218.760251	6	1215
238.027334	6	1213
288.571834	6	1207
360.374927	6	1198
326.547861	6	1205
726.964473	6	1156
375.284194	6	1200
533.736705	6	1180
435.335636	6	1192
601.100206	6	1174
364.742755	6	1206
269.142866	6	1219
352.427005	6	1208
336.352825	6	1211
410.787343	6	1202
686.772346	6	1169
589.646339	6	1181
524.495124	6	1189
431.391000	6	1201
278.540611	6	1225
285.778522	6	1227
373.932123	6	1218
174.079179	6	1245
320.314884	6	1226
447.086572	6	1209
392.881393	6	1217
423.877477	6	1214
306.088685	6	1230
355.128526	6	1224
292.659997	6	1233
328.314781	6	1228
404.527187	6	1220
771.046638	6	1176
558.917522	6	1203
351.577997	6	1231
497.053861	6	1212
634.512186	6	1194
214.797973	6	1250
274.794340	6	1247
348.901033	6	1239
475.119113	6	1223
312.891006	6	1246
385.062456	6	1238
422.944068	6	1234
513.886928	6	1222
465.281248	6	1229
195.181608	6	1265
431.221723	6	1235
277.495145	6	1255
556.507349	6	1221
440.754652	6	1237
356.770992	6	1248
492.250919	6	1232
242.985486	6	1266
438.435077	6	1242
426.239013	6	1244
268.374443	6	1264
230.473995	6	1270
316.623926	6	1259
376.915216	6	1251
370.201587	6	1253
389.307975	6	1252
367.538690	6	1257
491.567134	6	1243
520.580530	6	1241
393.202304	6	1258
462.727069	6	1249
332.324266	6	1268
552.697420	6	1240
398.766517	6	1260
451.333284	6	1254
427.967786	6	1262
246.562957	6	1286
261.163949	6	1285
252.118349	6	1287
407.942771	6	1267
345.491409	6	1275
387.515068	6	1271
387.748479	6	1273
277.135372	6	1288
394.416093	6	1274
415.881633	6	1272
392.739772	6	1277
1014.41264	6	1196
716.084003	6	1236
864.505767	6	1216
286.286592	6	1294
401.806592	6	1279
253.796339	6	1299
197.183609	6	1308
238.496303	6	1306
353.884696	6	1291
366.097211	6	1290
574.343442	6	1263
458.732843	6	1278
334.047794	6	1295
637.380599	6	1256
250.184297	6	1307
623.182058	6	1261
569.923639	6	1269
195.631265	6	1319
337.516546	6	1300
484.751462	6	1280
376.007795	6	1297
496.720075	6	1282
159.623146	6	1328
433.170795	6	1292
186.343908	6	1326
559.029102	6	1276
445.380449	6	1293
513.628721	6	1284
305.240154	6	1313
323.840856	6	1311
375.488281	6	1305
302.920818	6	1315
554.980516	6	1281
349.018335	6	1310
512.742519	6	1289
364.460945	6	1309
430.555582	6	1302
241.999149	6	1330
498.473167	6	1298
399.063825	6	1312
614.241361	6	1283
229.005813	6	1335
388.084173	6	1314
148.264646	6	1346
396.039724	6	1317
388.367414	6	1320
337.805271	6	1327
516.383171	6	1304
260.297775	6	1339
591.526269	6	1296
370.779514	6	1331
429.966449	6	1324
424.598455	6	1325
296.223640	6	1342
384.279489	6	1332
224.925994	6	1352
383.242845	6	1334
237.321138	6	1355
525.144815	6	1318
167.327880	6	1366
294.247627	6	1348
514.368057	6	1322
383.118391	6	1340
189.376592	6	1368
320.172548	6	1350
345.926523	6	1347
363.469839	6	1345
443.345069	6	1337
487.363338	6	1333
716.883897	6	1303
732.477188	6	1301
228.500127	6	1372
370.392799	6	1353
328.359127	6	1359
218.176364	6	1375
491.102218	6	1338
394.397497	6	1351
305.282115	6	1365
149.531126	6	1386
688.348293	6	1316
409.246206	6	1354
268.850803	6	1379
354.987859	6	1370
217.062950	6	1388
413.954496	6	1362
454.062700	6	1357
316.373348	6	1377
527.157306	6	1349
686.609029	6	1329
401.861190	6	1367
107.467174	6	1406
456.929922	6	1360
175.763607	6	1399
205.034494	6	1395
753.913879	6	1323
782.076597	6	1321
395.561218	6	1373
459.331750	6	1364
335.313796	6	1382
607.546091	6	1344
307.676553	6	1385
524.046897	6	1358
448.500633	6	1371
427.733659	6	1374
658.989667	6	1343
308.408737	6	1394
432.481527	6	1380
327.089548	6	1393
422.799348	6	1384
624.114036	6	1356
375.100851	6	1392
631.273746	6	1361
780.728816	6	1341
591.578722	6	1369
433.519601	6	1390
284.604787	6	1410
163.418292	6	1426
433.588266	6	1391
332.082986	6	1405
173.327684	6	1430
608.295679	6	1378
456.885099	6	1398
330.169916	6	1415
356.657505	6	1413
317.719936	6	1419
394.351482	6	1412
423.915624	6	1408
474.591970	6	1402
489.906311	6	1400
334.046125	6	1422
144.297361	6	1446
475.205898	6	1404
356.295108	6	1420
427.561759	6	1411
307.065010	6	1428
220.038652	6	1439
545.202255	6	1397
397.667407	6	1417
241.243839	6	1437
1049.06654	6	1336
462.217330	6	1414
380.452394	6	1425
192.464113	6	1450
693.480253	6	1387
415.853261	6	1424
344.162940	6	1433
546.119451	6	1407
342.291355	6	1435
405.306577	6	1427
244.147539	6	1448
375.730514	6	1432
664.040803	6	1396
628.877878	6	1401
793.048858	6	1381
406.128406	6	1431
381.716012	6	1434
334.597826	6	1440
203.210592	6	1457
237.565517	6	1455
155.126810	6	1470
900.850772	6	1376
587.511777	6	1418
216.389179	6	1466
328.927516	6	1452
393.054485	6	1445
415.988922	6	1442
270.710229	6	1462
160.290718	6	1477
1041.44978	6	1363
851.791381	6	1389
355.921745	6	1454
324.648618	6	1460
515.081644	6	1436
110.259532	6	1490
250.803470	6	1474
372.178316	6	1459
433.569192	6	1453
794.887304	6	1409
524.929761	6	1444
342.374563	6	1468
317.147016	6	1472
259.924173	6	1479
380.934715	6	1464
573.806047	6	1441
737.672090	6	1421
230.122804	6	1486
156.229257	6	1497
361.258029	6	1473
528.556585	6	1451
422.822475	6	1465
354.796648	6	1475
1075.66571	6	1383
924.365282	6	1403
775.351047	6	1423
615.415096	6	1443
332.596302	6	1480
295.115709	6	1488
323.881626	6	1485
623.631715	6	1447
869.630813	6	1416
784.294128	6	1429
629.258394	6	1449
480.843067	6	1469
289.501667	6	1494
390.163183	6	1482
591.534376	6	1456
254.692316	6	1500
184.876680	6	1510
747.565746	6	1438
323.853492	6	1495
283.728837	6	1502
329.319715	6	1499
451.724767	6	1484
393.202543	6	1491
647.642850	6	1458
553.946256	6	1471
228.286027	6	1514
408.032417	6	1492
216.312885	6	1517
316.371917	6	1505
315.360784	6	1506
248.631000	6	1515
419.531822	6	1493
336.937189	6	1504
674.650192	6	1461
640.167474	6	1467
127.172231	6	1535
362.502336	6	1508
183.249473	6	1530
230.256795	6	1525
723.410606	6	1463
246.428489	6	1526
278.695821	6	1522
375.422000	6	1512
558.241844	6	1489
330.299139	6	1520
406.715154	6	1511
648.999214	6	1483
464.480876	6	1507
333.230733	6	1524
533.998727	6	1498
669.856071	6	1481
426.955699	6	1513
632.968425	6	1487
211.045742	6	1542
191.255807	6	1545
483.982801	6	1509
403.978586	6	1519
166.041135	6	1550
313.800096	6	1532
257.864952	6	1540
277.118444	6	1539
238.846063	6	1546
598.386049	6	1501
352.288007	6	1534
415.151834	6	1528
829.916238	6	1476
672.554492	6	1496
521.765232	6	1516
112.409591	6	1570
363.215446	6	1537
210.351705	6	1559
398.612737	6	1536
272.070884	6	1552
864.551544	6	1478
266.158819	6	1555
314.726352	6	1548
459.717273	6	1531
358.184099	6	1544
447.870969	6	1533
319.853067	6	1557
619.396924	6	1521
642.993211	6	1518
371.957063	6	1553
364.671468	6	1554
617.359399	6	1523
773.812532	6	1503
246.511936	6	1572
338.370084	6	1560
414.853096	6	1551
325.180053	6	1565
306.622266	6	1568
149.878263	6	1590
255.021095	6	1577
351.368904	6	1564
460.766553	6	1556
382.543563	6	1567
529.180526	6	1547
398.286342	6	1566
702.298402	6	1527
379.400491	6	1571
357.397556	6	1574
591.069936	6	1543
196.668624	6	1597
388.667345	6	1573
381.725549	6	1576
354.166507	6	1580
299.557924	6	1588
678.423643	6	1538
400.666952	6	1575
284.136533	6	1591
757.492303	6	1529
598.473310	6	1549
664.748907	6	1541
162.621498	6	1610
314.894199	6	1595
441.231012	6	1579
293.279886	6	1599
348.239898	6	1592
406.929016	6	1584
348.204612	6	1594
442.730188	6	1582
598.453760	6	1562
433.240890	6	1586
330.952882	6	1600
236.294984	6	1614
236.796617	6	1615
338.271379	6	1602
631.314516	6	1563
307.286024	6	1608
482.486009	6	1587
701.959371	6	1558
167.319774	6	1630
131.039381	6	1635
515.023708	6	1585
254.143476	6	1620
644.373893	6	1569
347.522974	6	1611
376.427412	6	1607
730.390310	6	1561
152.022600	6	1640
536.816835	6	1589
387.859106	6	1609
332.062482	6	1617
252.813816	6	1629
313.671350	6	1622
442.139387	6	1606
399.300336	6	1612
479.353427	6	1605
645.170927	6	1583
316.822052	6	1628
507.643699	6	1604
363.746166	6	1624
343.430042	6	1627
582.477569	6	1596
284.286975	6	1637
629.082918	6	1593
382.652759	6	1626
354.189395	6	1631
134.377241	6	1660
461.440086	6	1619
322.505712	6	1639
385.531902	6	1632
385.204792	6	1634
237.392187	6	1654
217.350721	6	1657
827.220439	6	1578
325.631618	6	1646
817.280769	6	1581
322.449922	6	1650
510.324478	6	1625
346.156120	6	1648
392.231941	6	1642
241.521835	6	1662
609.955549	6	1613
331.549644	6	1651
589.889287	6	1616
445.449590	6	1636
375.153541	6	1647
567.019462	6	1623
412.609815	6	1644
747.007369	6	1601
358.096361	6	1655
384.334325	6	1652
238.650321	6	1671
529.875993	6	1633
200.306415	6	1680
322.565793	6	1664
826.030015	6	1598
454.267978	6	1649
487.273931	6	1645
411.754608	6	1656
335.239410	6	1668
292.202711	6	1674
851.306915	6	1603
432.050704	6	1659
177.004337	6	1694
323.936939	6	1675
280.427217	6	1682
759.945631	6	1618
394.009590	6	1667
384.057760	6	1669
317.967891	6	1679
398.749828	6	1672
203.545331	6	1699
637.482166	6	1643
380.975008	6	1677
433.931589	6	1670
578.329086	6	1653
816.730976	6	1621
671.218395	6	1641
519.077777	6	1661
209.084987	6	1702
696.490764	6	1638
432.050228	6	1676
390.732526	6	1684
536.135911	6	1665
368.750810	6	1688
379.007577	6	1687
331.505537	6	1695
161.508560	6	1719
201.621055	6	1714
518.550634	6	1673
392.781019	6	1690
371.626138	6	1693
391.122341	6	1691
405.664443	6	1689
349.380493	6	1704
215.867757	6	1722
642.629146	6	1666
392.205476	6	1700
681.765794	6	1663
427.935838	6	1696
357.975959	6	1707
350.888490	6	1708
533.025026	6	1685
305.783748	6	1715
499.225139	6	1692
765.376329	6	1658
615.087509	6	1678
371.730804	6	1711
200.360059	6	1734
350.512266	6	1716
605.103015	6	1683
393.627882	6	1712
217.176437	6	1735
513.091325	6	1697
437.391996	6	1710
218.313455	6	1739
310.860633	6	1727
641.949176	6	1686
381.966590	6	1720
492.259502	6	1706
203.678846	6	1747
530.447959	6	1705
257.468461	6	1742
450.562238	6	1717
365.076065	6	1728
177.607059	6	1754
417.301177	6	1724
421.845912	6	1725
384.023189	6	1732
407.798290	6	1731
558.526515	6	1713
406.166553	6	1733
271.772384	6	1752
452.009916	6	1730
412.697076	6	1736
468.008279	6	1729
624.300241	6	1709
282.588720	6	1755
138.399124	6	1774
433.487176	6	1737
335.881233	6	1751
232.423067	6	1767
384.165525	6	1749
398.255825	6	1748
435.115098	6	1744
281.085968	6	1764
338.030099	6	1759
396.204710	6	1753
775.519132	6	1703
855.073451	6	1698
374.264478	6	1762
1001.20592	6	1681
855.273485	6	1701
707.585811	6	1721
202.020168	6	1787
307.306289	6	1775
454.810380	6	1756
506.836414	6	1750
350.248098	6	1771
351.322650	6	1772
559.596776	6	1745
407.678604	6	1765
188.358306	6	1795
413.440942	6	1768
625.166177	6	1740
478.752136	6	1760
358.396768	6	1776
328.152656	6	1780
797.447443	6	1718
411.124467	6	1770
489.346504	6	1761
528.509378	6	1757
761.353731	6	1726
304.105997	6	1786
242.896318	6	1794
370.181560	6	1779
435.132741	6	1773
283.010482	6	1793
720.006704	6	1738
376.831293	6	1784
675.115823	6	1746
204.904556	6	1807
157.324075	6	1815
414.740800	6	1782
369.800329	6	1788
527.585268	6	1769
370.230197	6	1789
349.202156	6	1792
885.047435	6	1723
312.024831	6	1799
371.663808	6	1791
604.105234	6	1766
554.377555	6	1777
233.666896	6	1819
462.613344	6	1790
841.838121	6	1743
380.930900	6	1804
400.463104	6	1802
228.717803	6	1827
346.629619	6	1813
474.304676	6	1797
372.838497	6	1812
213.274002	6	1832
467.289686	6	1800
196.321725	6	1835
404.231548	6	1810
397.171735	6	1811
374.997377	6	1814
597.469329	6	1785
219.306230	6	1834
944.514036	6	1741
443.275451	6	1808
484.182596	6	1805
375.238895	6	1820
857.011795	6	1758
561.445951	6	1796
493.452072	6	1806
388.723373	6	1822
310.045242	6	1833
735.777616	6	1781
343.664407	6	1831
402.503967	6	1825
198.906183	6	1852
403.601169	6	1826
420.670986	6	1824
381.382465	6	1829
266.353368	6	1844
545.238256	6	1809
312.641620	6	1840
396.467685	6	1830
500.914573	6	1817
518.082618	6	1816
231.590270	6	1854
823.443174	6	1778
796.101093	6	1783
337.979793	6	1842
279.769420	6	1850
371.918201	6	1839
304.157018	6	1848
674.265146	6	1801
468.619346	6	1828
348.053216	6	1845
339.812755	6	1847
283.041477	6	1855
1016.03698	6	1763
748.507976	6	1798
336.982965	6	1853
384.772300	6	1851
232.790946	6	1871
403.720617	6	1849
497.892856	6	1837
508.813858	6	1836
313.294649	6	1862
228.670120	6	1874
652.243852	6	1821
500.494003	6	1841
406.694412	6	1856
284.288167	6	1873
395.929813	6	1860
246.826887	6	1880
312.250852	6	1872
355.805397	6	1867
348.183870	6	1870
439.495325	6	1859
404.608249	6	1864
258.920192	6	1882
177.322149	6	1894
377.841949	6	1869
189.153432	6	1893
567.786455	6	1846
218.486547	6	1891
405.097961	6	1868
421.708583	6	1866
436.243295	6	1865
276.808977	6	1885
805.014371	6	1818
765.369653	6	1823
521.332979	6	1857
253.690481	6	1892
297.580480	6	1887
963.319540	6	1803
323.282957	6	1889
432.610988	6	1876
366.693735	6	1884
253.504514	6	1900
336.136579	6	1890
429.219484	6	1879
365.694522	6	1888
766.177654	6	1838
593.840599	6	1863
219.953775	6	1913
473.920822	6	1881
229.726791	6	1914
205.795526	6	1920
294.225931	6	1910
320.701837	6	1907
312.537670	6	1909
565.917015	6	1877
591.086626	6	1875
506.166696	6	1886
368.824720	6	1904
708.864688	6	1861
318.606615	6	1911
184.724330	6	1930
588.783502	6	1878
380.269765	6	1905
408.830165	6	1902
445.674896	6	1899
349.787950	6	1912
396.607160	6	1908
154.184341	6	1940
494.265794	6	1896
344.212770	6	1916
526.814937	6	1897
344.362258	6	1922
380.758523	6	1919
315.838336	6	1929
336.276292	6	1927
285.434246	6	1934
368.901014	6	1924
601.823091	6	1895
183.800935	6	1950
444.945573	6	1917
347.764253	6	1931
539.006710	6	1906
390.703201	6	1925
915.461540	6	1858
342.122554	6	1932
338.766813	6	1933
389.153957	6	1928
492.065429	6	1915
225.675582	6	1953
1076.40814	6	1843
364.014387	6	1942
299.743175	6	1952
830.036401	6	1883
676.004409	6	1903
246.265411	6	1960
727.198839	6	1898
709.371089	6	1901
338.472127	6	1951
362.559318	6	1948
459.589004	6	1936
379.649639	6	1947
369.670629	6	1949
466.771602	6	1939
424.103736	6	1945
357.033967	6	1954
574.332475	6	1926
234.819650	6	1973
325.986623	6	1962
274.695396	6	1970
260.322332	6	1972
548.374652	6	1935
484.638214	6	1944
401.700735	6	1956
476.371765	6	1946
545.991659	6	1938
384.678840	6	1959
417.967557	6	1957
572.358369	6	1937
263.697624	6	1980
708.236217	6	1921
335.650205	6	1971
319.154262	6	1974
470.992565	6	1955
390.193939	6	1968
415.563106	6	1965
408.936262	6	1967
238.754272	6	1991
794.053316	6	1918
412.486553	6	1969
334.793090	6	1982
370.068311	6	1979
263.080835	6	1994
328.884840	6	1987
285.169363	6	1992
416.964292	6	1976
832.500219	6	1923
252.932548	6	2000
263.195514	6	1999
168.024539	6	2012
350.200414	6	1990
414.002418	6	1984
549.272775	6	1966
353.114366	6	1993
189.527273	6	2014
286.532402	6	2002
482.795715	6	1977
391.155004	6	1989
415.555477	6	1988
520.336389	6	1975
173.248052	6	2020
792.163133	6	1941
311.509132	6	2007
122.300863	6	2032
653.141975	6	1964
405.173063	6	1997
511.864900	6	1985
350.871086	6	2005
513.602256	6	1986
856.325864	6	1943
559.299468	6	1983
707.509040	6	1963
751.958131	6	1958
293.941974	6	2019
342.082262	6	2013
401.015758	6	2006
378.908157	6	2010
373.119354	6	2011
504.007816	6	1995
361.838102	6	2015
449.743270	6	2004
228.015661	6	2034
667.552947	6	1978
654.625654	6	1981
311.789274	6	2025
301.542997	6	2027
207.420587	6	2039
566.393852	6	1996
413.640260	6	2016
132.182359	6	2052
476.251602	6	2008
852.350473	6	1961
546.536445	6	2001
317.710876	6	2033
591.766119	6	1998
425.623416	6	2022
227.344751	6	2047
283.568620	6	2040
249.935865	6	2045
470.788717	6	2017
364.962577	6	2031
217.683315	6	2054
350.503921	6	2037
415.899515	6	2030
197.606801	6	2060
605.865478	6	2009
457.834482	6	2029
488.678455	6	2026
245.744705	6	2059
388.417005	6	2042
694.782257	6	2003
311.949968	6	2053
161.201238	6	2074
358.057737	6	2049
184.682130	6	2072
536.715745	6	2028
492.726325	6	2035
374.794721	6	2051
614.411115	6	2021
329.935550	6	2062
430.529117	6	2050
277.420282	6	2070
652.505397	6	2023
319.059133	6	2065
407.030820	6	2055
525.234460	6	2041
720.298528	6	2018
343.300580	6	2067
149.638891	6	2094
425.960302	6	2057
529.192447	6	2044
336.127996	6	2069
692.466497	6	2024
455.012321	6	2056
614.271640	6	2036
329.611539	6	2073
370.116949	6	2071
223.045825	6	2092
650.603771	6	2038
592.171192	6	2046
437.972545	6	2066
623.365402	6	2043
307.429075	6	2085
590.731382	6	2048
370.764732	6	2082
228.064060	6	2102
340.952873	6	2087
393.180131	6	2080
418.199062	6	2077
252.757787	6	2100
409.499168	6	2079
543.467998	6	2063
348.043918	6	2093
472.609043	6	2076
405.824184	6	2086
539.516448	6	2068
455.049276	6	2081
504.113435	6	2075
187.158107	6	2120
410.734415	6	2090
236.718893	6	2114
424.718141	6	2091
381.794929	6	2097
337.295293	6	2105
454.273462	6	2089
509.145259	6	2083
657.891988	6	2064
711.627006	6	2058
362.295389	6	2106
694.675683	6	2061
360.538244	6	2109
377.586603	6	2107
351.254224	6	2112
357.949018	6	2111
486.496686	6	2096
263.033151	6	2127
475.526571	6	2099
634.233713	6	2078
352.676630	6	2117
524.101972	6	2095
335.126399	6	2122
198.137998	6	2140
617.867946	6	2088
173.207998	6	2147
432.913064	6	2115
473.548889	6	2110
422.681093	6	2119
318.225145	6	2132
376.601457	6	2126
386.870622	6	2125
692.294359	6	2084
547.555208	6	2104
197.445154	6	2149
364.267349	6	2129
328.521251	6	2133
322.403192	6	2134
493.725299	6	2113
324.546575	6	2137
381.665945	6	2131
506.887912	6	2116
166.437387	6	2160
284.928083	6	2146
348.149776	6	2139
325.574874	6	2142
136.843681	6	2167
269.843101	6	2151
446.850299	6	2130
264.710664	6	2154
707.337379	6	2098
685.781717	6	2101
543.796300	6	2121
273.921012	6	2157
195.430517	6	2169
350.199222	6	2150
251.469612	6	2162
474.989891	6	2136
290.196657	6	2159
622.350931	6	2118
409.857034	6	2145
744.224786	6	2103
597.270965	6	2123
371.283531	6	2152
162.618637	6	2180
510.939836	6	2135
196.703195	6	2177
194.745302	6	2179
141.792535	6	2187
753.608703	6	2108
195.254564	6	2182
433.799266	6	2153
309.483766	6	2171
559.378862	6	2141
438.009738	6	2156
325.826883	6	2172
682.904005	6	2128
340.392351	6	2173
340.099096	6	2174
329.984903	6	2176
403.492689	6	2166
581.859111	6	2144
745.870351	6	2124
477.362155	6	2158
645.559310	6	2138
514.210700	6	2155
188.582181	6	2200
596.640348	6	2148
291.535377	6	2191
234.854936	6	2199
253.625154	6	2197
437.252521	6	2175
211.730003	6	2207
697.188854	6	2143
132.695436	6	2219
356.886148	6	2189
329.410791	6	2194
548.445224	6	2165
515.972137	6	2170
189.457893	6	2217
237.519979	6	2211
303.468227	6	2202
288.477897	6	2209
626.547574	6	2163
412.086963	6	2192
255.665779	6	2214
449.640512	6	2190
488.401174	6	2186
180.663108	6	2229
697.638988	6	2161
266.130447	6	2220
263.944625	6	2222
452.088356	6	2196
178.006172	6	2234
153.872966	6	2239
595.155715	6	2181
414.225101	6	2206
738.542079	6	2164
367.851257	6	2216
220.688343	6	2237
551.457643	6	2193
408.922195	6	2213
436.568975	6	2212
567.830085	6	2195
423.815965	6	2215
532.607078	6	2201
187.859535	6	2249
792.277336	6	2168
650.597572	6	2188
313.741683	6	2233
504.274606	6	2208
160.806655	6	2254
265.693664	6	2240
336.791753	6	2231
388.384342	6	2227
148.542165	6	2259
392.978191	6	2228
290.668487	6	2242
180.085420	6	2257
156.700611	6	2260
779.666662	6	2178
434.732437	6	2226
174.144029	6	2262
664.697885	6	2198
791.003227	6	2183
596.705675	6	2210
161.510229	6	2269
447.859287	6	2232
816.147089	6	2184
666.473388	6	2204
357.555627	6	2246
339.012622	6	2251
450.519800	6	2236
333.341836	6	2252
303.441762	6	2256
513.170480	6	2230
391.895294	6	2247
209.621667	6	2274
540.931701	6	2235
627.719163	6	2225
924.846649	6	2185
191.559553	6	2282
647.231578	6	2224
231.361627	6	2279
437.482595	6	2253
249.120235	6	2277
228.464126	6	2280
685.437679	6	2221
825.605154	6	2203
684.244394	6	2223
366.203546	6	2266
554.864645	6	2244
530.161380	6	2248
390.922784	6	2267
228.887557	6	2289
363.062620	6	2271
162.413835	6	2299
331.792116	6	2276
785.889863	6	2218
507.116079	6	2255
388.299942	6	2272
905.904769	6	2205
243.617057	6	2294
301.458120	6	2286
583.007335	6	2250
501.996040	6	2261
659.388542	6	2241
417.292594	6	2273
245.515346	6	2297
701.102256	6	2238
478.515625	6	2268
280.941486	6	2296
322.751998	6	2292
252.630710	6	2302
372.189998	6	2287
416.002035	6	2281
750.965356	6	2243
272.986173	6	2307
745.427370	6	2245
329.932451	6	2300
414.799213	6	2291
217.416048	6	2317
579.048395	6	2270
236.210823	6	2316
685.593366	6	2258
461.601972	6	2288
277.634143	6	2312
235.086679	6	2319
567.778825	6	2275
470.298290	6	2290
168.599843	6	2332
460.403203	6	2295
718.867301	6	2263
439.304590	6	2301
344.700098	6	2314
621.119499	6	2278
404.250383	6	2308
310.414791	6	2322
438.097715	6	2306
759.445667	6	2264
401.745319	6	2313
352.748870	6	2320
775.383949	6	2265
593.389987	6	2293
352.786064	6	2326
497.874498	6	2310
509.855031	6	2309
396.498918	6	2324
696.138381	6	2284
362.016201	6	2329
261.461734	6	2342
396.076679	6	2327
373.406887	6	2331
525.122165	6	2311
314.458370	6	2339
586.046457	6	2304
409.632921	6	2328
227.962017	6	2352
331.354379	6	2340
357.294797	6	2337
381.235837	6	2334
662.965297	6	2298
768.238067	6	2285
215.845823	6	2359
799.276590	6	2283
559.526443	6	2315
445.495367	6	2333
261.705875	6	2357
366.233825	6	2346
343.259334	6	2349
348.624944	6	2354
393.034219	6	2348
309.898853	6	2360
361.717939	6	2353
752.871990	6	2303
177.288055	6	2377
506.274938	6	2336
353.843212	6	2356
627.205610	6	2321
314.439535	6	2362
473.813533	6	2341
308.855295	6	2366
570.185422	6	2335
335.100173	6	2368
394.291162	6	2361
736.440181	6	2318
264.734268	6	2379
846.384763	6	2305
694.450378	6	2325
224.179506	6	2386
338.492393	6	2372
528.419256	6	2347
325.336933	6	2374
486.289501	6	2355
149.604797	6	2399
336.533069	6	2375
304.937362	6	2380
367.808818	6	2373
400.244712	6	2369
542.779207	6	2350
702.624320	6	2330
402.335166	6	2370
366.039991	6	2376
666.455030	6	2338
332.532405	6	2382
246.552705	6	2397
480.069875	6	2367
656.056880	6	2344
321.886539	6	2388
508.277177	6	2364
842.030048	6	2323
623.027801	6	2351
402.712821	6	2381
216.145277	6	2406
325.559616	6	2393
364.413499	6	2389
358.790636	6	2394
315.304279	6	2400
391.708135	6	2392
179.133653	6	2419
557.420730	6	2371
409.170389	6	2391
211.878538	6	2417
300.945520	6	2408
365.534543	6	2401
174.106121	6	2426
501.374006	6	2387
388.915777	6	2402
680.059194	6	2365
109.575033	6	2439
315.914154	6	2413
860.625505	6	2343
276.672840	6	2420
366.007566	6	2409
353.767871	6	2412
97.5039005	6	2446
352.902889	6	2415
510.095119	6	2395
398.249864	6	2410
643.968343	6	2378
557.184219	6	2390
369.180917	6	2414
804.914712	6	2358
767.919301	6	2363
513.564109	6	2396
916.806936	6	2345
232.800006	6	2437
274.663686	6	2432
658.936738	6	2384
654.946088	6	2385
288.402557	6	2433
425.280809	6	2416
340.507030	6	2428
514.545679	6	2407
710.678577	6	2383
315.925836	6	2435
259.981155	6	2442
416.977405	6	2422
371.913433	6	2429
571.096658	6	2404
205.846548	6	2452
110.441684	6	2466
470.951557	6	2421
325.474739	6	2440
387.905836	6	2436
356.262207	6	2441
474.010229	6	2427
458.935260	6	2430
241.069316	6	2459
455.826520	6	2434
295.329093	6	2454
251.963376	6	2460
337.070941	6	2455
392.674446	6	2448
190.449237	6	2475
534.766674	6	2431
694.208383	6	2411
430.745840	6	2447
351.656198	6	2457
767.827749	6	2405
362.468242	6	2456
195.313215	6	2479
147.364139	6	2486
249.654769	6	2472
399.238586	6	2453
245.427846	6	2474
438.474655	6	2450
451.401472	6	2449
299.095153	6	2469
512.466192	6	2444
382.959842	6	2461
234.383583	6	2481
733.059883	6	2418
693.062067	6	2423
854.728221	6	2403
684.185028	6	2425
282.366752	6	2480
421.451330	6	2462
396.352767	6	2468
558.734416	6	2451
193.170785	6	2499
380.525112	6	2476
199.038982	6	2500
266.310214	6	2492
239.254951	6	2495
389.441967	6	2477
320.082664	6	2489
136.562585	6	2512
320.024013	6	2491
461.561918	6	2473
523.065805	6	2467
373.960971	6	2487
559.502840	6	2463
202.929496	6	2509
277.930259	6	2501
128.331661	6	2520
359.553813	6	2494
550.149202	6	2470
548.012971	6	2471
327.665328	6	2502
406.511068	6	2493
303.768396	6	2506
194.381952	6	2519
388.650417	6	2496
104.934215	6	2532
245.121955	6	2515
505.829334	6	2484
465.819835	6	2490
872.354030	6	2438
840.287446	6	2443
418.675661	6	2497
499.071359	6	2488
334.359169	6	2508
196.420431	6	2529
207.490682	6	2528
236.264705	6	2526
344.326734	6	2514
388.435363	6	2511
215.853691	6	2535
186.461210	6	2539
226.350545	6	2534
947.769880	6	2445
349.204540	6	2521
120.463132	6	2552
504.450798	6	2504
1127.47287	6	2424
680.908918	6	2482
442.821025	6	2513
186.416625	6	2546
504.036664	6	2507
549.143552	6	2503
179.792642	6	2549
438.099384	6	2516
1373.19660	6	2398
253.289699	6	2540
871.982812	6	2465
721.829414	6	2485
381.594896	6	2527
348.766088	6	2531
220.659255	6	2548
534.129142	6	2510
468.343257	6	2517
895.316839	6	2464
185.088157	6	2554
812.042713	6	2478
966.176509	6	2458
660.254716	6	2498
214.399576	6	2555
372.167587	6	2536
492.331266	6	2522
338.580131	6	2542
169.611215	6	2566
447.618961	6	2530
370.898246	6	2541
337.547779	6	2547
860.938787	6	2483
533.090829	6	2523
186.270713	6	2568
426.220417	6	2537
259.347677	6	2559
325.338363	6	2551
187.707662	6	2572
565.581083	6	2524
216.275215	6	2569
123.601913	6	2586
334.276914	6	2561
297.613143	6	2567
366.605281	6	2560
350.676536	6	2562
515.820264	6	2543
472.806930	6	2550
606.457710	6	2533
454.965829	6	2553
725.352764	6	2518
572.262525	6	2538
844.412088	6	2505
235.722303	6	2582
207.078695	6	2588
266.237735	6	2581
341.110229	6	2571
196.874856	6	2592
341.287374	6	2574
252.981901	6	2587
501.305580	6	2556
343.054771	6	2576
252.357721	6	2589
367.243051	6	2579
168.502092	6	2609
274.386405	6	2596
289.184808	6	2594
568.210840	6	2558
238.858461	6	2601
231.793880	6	2602
427.176237	6	2580
455.469846	6	2577
320.529460	6	2595
468.920230	6	2575
614.259958	6	2557
359.337568	6	2590
514.472007	6	2570
137.458086	6	2622
149.201393	6	2621
900.454282	6	2525
261.157751	6	2608
335.616827	6	2599
279.382944	6	2606
280.966520	6	2607
634.138345	6	2563
483.572483	6	2583
785.526514	6	2544
251.463413	6	2614
638.117313	6	2564
171.769618	6	2626
403.872013	6	2597
549.372673	6	2578
592.187881	6	2573
180.036067	6	2629
674.562692	6	2565
829.725027	6	2545
211.187601	6	2628
221.782684	6	2627
347.581386	6	2612
525.407552	6	2591
373.651266	6	2611
468.468427	6	2600
314.792156	6	2620
170.196056	6	2641
358.672618	6	2616
137.977838	6	2646
206.056594	6	2640
201.381921	6	2642
571.728944	6	2593
398.746013	6	2619
568.224668	6	2598
412.400484	6	2618
285.904884	6	2636
206.671953	6	2647
695.945739	6	2584
125.273942	6	2661
363.773107	6	2631
343.991518	6	2634
502.205371	6	2615
204.976558	6	2656
529.574632	6	2613
166.782140	6	2662
609.030723	6	2603
555.017948	6	2610
406.980752	6	2632
621.472597	6	2604
208.856105	6	2660
420.281171	6	2633
206.882715	6	2666
411.561012	6	2639
338.065624	6	2649
306.962013	6	2654
218.581914	6	2667
335.573196	6	2651
357.658624	6	2648
495.244979	6	2630
552.652597	6	2623
464.189529	6	2635
405.146837	6	2652
234.513759	6	2676
442.235469	6	2650
219.018697	6	2681
274.745941	6	2674
555.788040	6	2637
405.562400	6	2657
705.123424	6	2617
435.085296	6	2653
398.778438	6	2659
134.703874	6	2696
812.819004	6	2605
325.965404	6	2671
357.651710	6	2668
362.294673	6	2670
596.566915	6	2638
272.142410	6	2682
200.916051	6	2694
486.624717	6	2655
310.680150	6	2679
1021.46434	6	2585
312.096118	6	2680
575.098276	6	2645
722.115993	6	2625
398.285388	6	2672
781.533002	6	2624
462.163686	6	2669
661.213159	6	2643
338.751554	6	2687
244.125366	6	2701
193.861961	6	2707
333.471059	6	2691
460.169315	6	2675
701.906204	6	2644
389.793395	6	2686
292.000293	6	2700
303.846836	6	2699
176.936149	6	2716
405.655622	6	2688
416.441202	6	2689
183.832883	6	2719
169.940710	6	2721
614.656209	6	2663
420.032262	6	2692
213.268518	6	2720
450.986385	6	2690
376.260519	6	2702
602.085351	6	2673
719.154596	6	2658
334.642887	6	2710
117.497920	6	2739
311.673164	6	2714
335.249423	6	2711
481.404781	6	2695
370.480775	6	2709
194.777727	6	2736
506.273984	6	2698
269.608974	6	2732
426.270961	6	2712
258.283376	6	2734
692.130327	6	2677
687.272787	6	2678
317.612409	6	2727
592.931985	6	2693
316.845655	6	2730
378.016233	6	2722
490.584850	6	2708
665.631055	6	2685
522.056579	6	2705
686.747312	6	2683
121.281385	6	2759
457.502126	6	2715
848.861694	6	2664
697.255849	6	2684
277.392148	6	2742
457.989215	6	2718
633.260965	6	2697
365.988016	6	2731
590.312480	6	2703
510.885000	6	2713
580.485105	6	2706
896.400928	6	2665
413.033008	6	2729
178.887367	6	2762
303.780794	6	2747
357.455730	6	2741
276.515722	6	2752
292.936325	6	2750
264.944076	6	2754
652.785539	6	2704
261.541843	6	2756
500.130414	6	2726
348.878145	6	2746
323.838472	6	2749
170.742273	6	2772
328.716278	6	2751
137.820005	6	2779
210.968971	6	2770
447.506666	6	2740
219.045639	6	2771
302.850246	6	2760
186.439037	6	2780
547.652006	6	2733
583.952426	6	2728
246.479749	6	2774
193.747043	6	2782
355.459928	6	2761
653.053760	6	2723
337.069988	6	2767
675.311803	6	2724
570.337057	6	2738
670.561313	6	2725
578.505277	6	2737
522.565364	6	2745
202.634334	6	2792
295.089244	6	2781
520.725965	6	2753
563.478946	6	2748
259.263277	6	2790
814.697980	6	2717
178.591966	6	2801
619.640588	6	2744
379.762172	6	2776
632.348299	6	2743
189.530134	6	2802
474.924325	6	2768
551.971435	6	2758
332.787513	6	2787
406.017541	6	2778
235.343456	6	2800
484.092473	6	2769
171.950101	6	2810
539.105892	6	2766
770.120143	6	2735
556.295633	6	2764
549.461603	6	2765
292.311429	6	2799
379.529237	6	2789
669.826984	6	2755
375.976800	6	2794
193.218708	6	2820
292.292118	6	2807
634.031534	6	2763
201.830863	6	2821
146.684169	6	2830
288.303852	6	2812
497.561931	6	2786716.951131	6	2757

465.561628	6	2791
317.979574	6	2811
600.068330	6	2775
226.900339	6	2827
278.408527	6	2822
346.567153	6	2814
576.141357	6	2784
519.291162	6	2793
684.606552	6	2773
619.226694	6	2783
611.565589	6	2785
278.307437	6	2829
192.800045	6	2840
427.782773	6	2809
193.867206	6	2842
483.042716	6	2804
221.652746	6	2841
172.515392	6	2847
159.237384	6	2850
645.763874	6	2788
491.336822	6	2808
465.216875	6	2813
745.493650	6	2777
439.285516	6	2819
468.205213	6	2815
605.446815	6	2796
613.183259	6	2795
598.529338	6	2798
337.667942	6	2834
560.675859	6	2805
502.883434	6	2816
396.533012	6	2831
244.748115	6	2851
349.721431	6	2839
408.193826	6	2832
689.492940	6	2797
656.193017	6	2803
241.138696	6	2860
181.556463	6	2867
466.316461	6	2833
455.064773	6	2836
519.116163	6	2828
270.336151	6	2861
699.439525	6	2806
376.193046	6	2849
341.236591	6	2854
401.268482	6	2846
411.749601	6	2845
224.269628	6	2869
220.597267	6	2870
621.461391	6	2823
676.276683	6	2818
622.481584	6	2826
418.704748	6	2852
142.328977	6	2887
341.570854	6	2862
541.594028	6	2838
651.079654	6	2824
496.119737	6	2844
419.913768	6	2856
257.323265	6	2876
400.071859	6	2859
239.433288	6	2879
174.880266	6	2890
195.432186	6	2889
483.412027	6	2853
522.116422	6	2848
277.605295	6	2880
358.954668	6	2871
662.891626	6	2835
510.189294	6	2855
604.760885	6	2843
245.603561	6	2891
322.051286	6	2881
833.500862	6	2817
346.109151	6	2882
403.546333	6	2874
426.484823	6	2872
546.988010	6	2858
225.645780	6	2901
242.157697	6	2900
836.834669	6	2825
514.766693	6	2866
753.756284	6	2837
455.701828	6	2873
306.694507	6	2894
519.792795	6	2868
222.952842	6	2907
221.623897	6	2909
191.239118	6	2914
238.473653	6	2910
605.936527	6	2863
414.984226	6	2888
436.301946	6	2885
355.597734	6	2896
333.906888	6	2902
179.577589	6	2921
459.915161	6	2886
367.321729	6	2899
427.625894	6	2892
649.704217	6	2864
539.366960	6	2878
209.878683	6	2920
561.297655	6	2875
498.679876	6	2884
305.180549	6	2911
462.615013	6	2893
304.814338	6	2913
290.143251	6	2916
764.139413	6	2857
587.557315	6	2883
178.862810	6	2936
262.335300	6	2927
259.079933	6	2929
316.126108	6	2922
233.419179	6	2933
343.781232	6	2919
239.486932	6	2934
261.986255	6	2931
195.080041	6	2941
220.014810	6	2940
447.215557	6	2912
187.529563	6	2947
337.110280	6	2930
616.269350	6	2898
272.232770	6	2942
537.815093	6	2908
454.325199	6	2918
189.972877	6	2953
874.567508	6	2865
572.044372	6	2905
411.611318	6	2925
172.857284	6	2960
623.536825	6	2903
261.670827	6	2950
256.088256	6	2951
198.247432	6	2961
645.216941	6	2904
209.788084	6	2962
648.236036	6	2906
489.796638	6	2926
186.901330	6	2967
520.081281	6	2923
402.846336	6	2939
514.373779	6	2928
176.164627	6	2973
368.273258	6	2948
363.406896	6	2949
130.319595	6	2980
237.581253	6	2970
349.271535	6	2956
201.471805	6	2976
255.889415	6	2969
245.073795	6	2971
454.760551	6	2944
608.015775	6	2924
171.115159	6	2982
856.978416	6	2895
697.525739	6	2915
545.171260	6	2935
421.574354	6	2952
569.041013	6	2932
861.477851	6	2897
1007.70902	6	2877
424.538850	6	2954
177.056789	6	2987
236.798763	6	2981
117.893218	6	3000
350.213527	6	2972
340.048551	6	2974
559.166669	6	2945
168.414354	6	2996
124.742984	6	3002
416.365861	6	2965
586.105346	6	2943
438.443183	6	2963
494.591951	6	2959
271.908521	6	2989
484.104394	6	2964
692.873716	6	2938
212.856769	6	3001
192.452192	6	3007
311.105966	6	2991
419.521331	6	2979
198.715925	6	3009
344.005823	6	2990
321.566820	6	2993
609.751939	6	2958
172.307729	6	3016
357.605934	6	2992
353.559970	6	2994
185.665607	6	3019
334.851741	6	2999
599.501132	6	2968
443.592786	6	2988
1007.18879	6	2917
546.235322	6	2978
294.003248	6	3011
107.138156	6	3036
309.444427	6	3010
238.137960	6	3020
657.505512	6	2966
810.827493	6	2946
499.024868	6	2986
234.481811	6	3022
185.871601	6	3029
386.115074	6	3004
555.723190	6	2983
916.450977	6	2937
205.588102	6	3031
358.129501	6	3012
658.345222	6	2975
808.265447	6	2955
257.657289	6	3027
580.221891	6	2984
152.890443	6	3042
190.602302	6	3039
257.647514	6	3030
391.810178	6	3013
333.577632	6	3021
190.024614	6	3040
830.287218	6	2957
147.258758	6	3049
143.574476	6	3050
171.236991	6	3047
435.142755	6	3014
178.619623	6	3051
685.880661	6	2985
162.025690	6	3056
148.527145	6	3059
297.742843	6	3041
434.968233	6	3024
281.981706	6	3044
143.642425	6	3062
395.704746	6	3032
127.542495	6	3069
406.405210	6	3033
143.837928	6	3067
206.207990	6	3060
629.024267	6	3005
480.579376	6	3025
208.755731	6	3061
628.874540	6	3008
122.031211	6	3079
147.591114	6	3076
596.299886	6	3018
915.267705	6	2977
729.781150	6	3003
137.609720	6	3082
549.529552	6	3028
790.094137	6	2998
817.924976	6	2995
449.774503	6	3045
194.764614	6	3081
135.600566	6	3089
426.304340	6	3052
410.429477	6	3054
169.954299	6	3087
342.388391	6	3064
728.818416	6	3015
443.007707	6	3053
874.833583	6	2997
358.690977	6	3065
96.8353748	6	3102
273.673295	6	3080
536.459207	6	3046
844.376802	6	3006
348.804473	6	3071
357.679367	6	3070
347.441434	6	3073
544.075012	6	3048
158.235788	6	3100
202.595472	6	3096
182.018280	6	3099
746.513128	6	3026
135.467767	6	3109
705.162286	6	3035
651.921033	6	3043
808.456420	6	3023
432.584047	6	3072
319.646358	6	3090
189.788579	6	3107
877.461910	6	3017
500.551223	6	3068
334.348440	6	3091
745.450019	6	3038
138.581275	6	3119
291.899681	6	3101
151.900053	6	3120
428.529977	6	3085
599.635124	6	3063
445.458650	6	3084
837.174654	6	3034
591.808795	6	3066
418.152570	6	3094
433.896064	6	3093
212.724208	6	3122
317.918539	6	3110
102.857589	6	3139
376.367807	6	3104
209.220170	6	3127
336.266756	6	3111
264.209032	6	3121
198.666095	6	3129
486.940145	6	3092
388.453245	6	3105
637.252807	6	3074
385.663747	6	3108
231.198310	6	3128
547.061920	6	3088
773.581504	6	3058
942.167043	6	3037
344.477176	6	3116
585.459470	6	3086
432.047367	6	3106
172.859907	6	3140
442.042350	6	3112
747.078895	6	3075
453.064203	6	3114
322.607517	6	3131
243.575096	6	3142
303.050756	6	3134
292.756319	6	3136
488.199710	6	3113
333.679676	6	3133
726.151227	6	3083
232.000589	6	3147
363.001108	6	3130
421.082973	6	3124
230.662107	6	3149
630.545616	6	3098
159.066200	6	3159
790.731906	6	3078
285.651922	6	3148
465.652227	6	3125
319.086790	6	3145
235.141515	6	3156
356.426477	6	3141
564.944028	6	3115
1020.07055	6	3055
1013.38028	6	3057
224.779367	6	3162
467.174291	6	3132
336.450099	6	3151
259.799718	6	3160
766.991615	6	3095
178.237676	6	3171
220.143795	6	3167
355.313539	6	3150
268.341064	6	3161
730.337858	6	3103
576.894283	6	3123
932.898044	6	3077
219.002723	6	3169
434.420108	6	3144
642.135143	6	3118
184.939146	6	3179
616.382598	6	3126
524.417877	6	3143
441.527605	6	3154
481.497287	6	3152
532.631397	6	3146
218.443632	6	3187
393.079519	6	3164
259.477376	6	3182
278.064012	6	3181
938.249111	6	3097
304.318904	6	3180
521.431446	6	3153
390.883445	6	3170
668.698787	6	3135
351.501226	6	3176
453.505754	6	3165
195.532083	6	3200
433.990716	6	3168
450.123071	6	3166
320.3125	6	3184
274.104833	6	3191
301.738262	6	3189
213.922739	6	3202
501.492738	6	3163
239.971637	6	3199
231.938362	6	3201
449.641227	6	3173
327.972173	6	3190
180.459022	6	3211
296.744585	6	3196
261.303901	6	3204
637.737751	6	3155
489.388942	6	3178
806.215286	6	3138
540.690660	6	3172
444.581985	6	3186
463.434696	6	3185
318.833112	6	3205
313.579082	6	3207
188.166856	6	3224
502.115964	6	3183
223.994970	6	3220
441.191673	6	3192
232.299566	6	3221
207.003116	6	3225
456.219673	6	3193
336.527824	6	3210
358.661174	6	3209
220.318794	6	3227
304.817676	6	3216
1075.64210	6	3117
627.970695	6	3175
239.197492	6	3229
670.660972	6	3174
571.426153	6	3188
434.698104	6	3208
455.105543	6	3206
218.391656	6	3236
266.242504	6	3231
338.603973	6	3222
369.485139	6	3219
198.246955	6	3241
178.463935	6	3244
1014.74976	6	3137
582.556009	6	3195
598.298549	6	3194
533.934116	6	3203
201.824665	6	3245
250.763177	6	3240
892.951965	6	3158
350.173711	6	3230
598.628044	6	3198
754.552125	6	3177
502.380132	6	3212
164.225816	6	3256
309.147357	6	3239
383.670330	6	3232
300.834655	6	3242
526.928424	6	3214
289.226293	6	3249
172.686815	6	3264
591.639995	6	3213
476.604700	6	3228
294.304132	6	3250
213.802814	6	3261
230.400085	6	3259
191.719293	6	3265
347.557067	6	3246
448.899030	6	3234
344.105958	6	3247
479.763269	6	3233
261.291503	6	3262
212.182998	6	3269
1085.63017	6	3157
788.303375	6	3197
122.532606	6	3284
378.530740	6	3251
191.417455	6	3276
389.387369	6	3252
292.662382	6	3267
627.965688	6	3226
556.552410	6	3235
424.848318	6	3253
373.863697	6	3260
224.951744	6	3280
422.413825	6	3254
270.536422	6	3274
313.574552	6	3273
777.864694	6	3215
456.958532	6	3255
231.599092	6	3285
215.001344	6	3289
103.380203	6	3304
361.707925	6	3270
173.474550	6	3296
788.503170	6	3218
759.650945	6	3223
145.751476	6	3305
470.067977	6	3266
325.838088	6	3287
365.096330	6	3282
388.271093	6	3279
713.484048	6	3238
682.904958	6	3243
432.272672	6	3275
137.689113	6	3316
277.800798	6	3299
494.270324	6	3271
324.013471	6	3294
561.355113	6	3263
691.167831	6	3248
434.289455	6	3281
284.720897	6	3301
293.220996	6	3300
133.439779	6	3325
388.543128	6	3291
260.533332	6	3309
571.122407	6	3268
476.668357	6	3283
400.828838	6	3293
414.278268	6	3292
567.918539	6	3272
512.598752	6	3286
267.907142	6	3319
135.850191	6	3336
364.559173	6	3306
150.494813	6	3339
276.847362	6	3324
307.851791	6	3320
547.916173	6	3288
449.824333	6	3302
385.388612	6	3313
515.498161	6	3295
135.677576	6	3345
436.138629	6	3307
412.728309	6	3311
296.058654	6	3329
366.250514	6	3321
1007.68804	6	3237
1172.25503	6	3217
466.341018	6	3308
509.416103	6	3303
339.208364	6	3327
444.646358	6	3315
120.198488	6	3356
726.171970	6	3278
364.730358	6	3326
877.389907	6	3258
479.714632	6	3312
212.540864	6	3346
404.985904	6	3323
479.008197	6	3314
935.621261	6	3257
360.498428	6	3334
248.390913	6	3349
466.157436	6	3322
177.802562	6	3359
297.569751	6	3344
396.992683	6	3333
326.259851	6	3343
356.797933	6	3340
305.860996	6	3347
426.952600	6	3332
177.215099	6	3364
443.005323	6	3331
266.871690	6	3354
421.676874	6	3335
200.623035	6	3365
322.077512	6	3351
893.154621	6	3277
199.079751	6	3369
754.848003	6	3298
138.291358	6	3379
251.088857	6	3367
238.465070	6	3371
580.504179	6	3328
202.013015	6	3376
398.732185	6	3352
313.493013	6	3363
366.856813	6	3360
185.074090	6	3384
433.084487	6	3353
489.145278	6	3348
298.419475	6	3373
555.548191	6	3341
180.146932	6	3389
142.621994	6	3396
245.488166	6	3385
479.628086	6	3355
263.597249	6	3383
326.822042	6	3375
591.748237	6	3342
843.268871	6	3310
993.865251	6	3290
153.531074	6	3399
425.522327	6	3366
234.079360	6	3391
325.124502	6	3380
401.420593	6	3372
499.409437	6	3362
1000.65279	6	3297
191.516399	6	3404
529.064178	6	3361
288.403987	6	3392
199.120044	6	3405
435.886859	6	3374
285.912752	6	3394
351.104021	6	3387
310.007095	6	3393
246.242284	6	3403
411.304950	6	3382
136.796951	6	3419
196.186065	6	3411
214.964628	6	3409
941.758632	6	3317
778.976917	6	3338
940.456390	6	3318
692.147493	6	3350
190.822362	6	3416
420.644283	6	3386
210.349321	6	3414
476.105213	6	3381
248.657703	6	3412
166.545629	6	3425
367.097139	6	3400
329.578638	6	3407
943.112134	6	3330
222.879886	6	3423
569.743394	6	3378
223.210811	6	3424
338.622808	6	3413
688.161373	6	3368
141.837120	6	3439
190.629243	6	3434
222.760438	6	3431
243.655920	6	3429
430.957317	6	3406
973.064422	6	3337
520.259141	6	3395
314.577579	6	3422
206.856250	6	3436
156.186819	6	3444
358.530759	6	3420
843.545675	6	3358
509.556055	6	3402
177.440881	6	3445
212.005615	6	3443
641.260147	6	3388
491.238832	6	3408
99.4594097	6	3459
362.736940	6	3427
324.434518	6	3432
209.801435	6	3447
328.570842	6	3433
585.638999	6	3401
478.089332	6	3415
167.857170	6	3456
472.822666	6	3421
461.903810	6	3426
273.311376	6	3451
359.211683	6	3440
692.587137	6	3398
544.064760	6	3418
185.195446	6	3464
278.573989	6	3454
178.587198	6	3467
299.292325	6	3452
940.146923	6	3370
482.456922	6	3430
634.759426	6	3410
220.332622	6	3465
315.673828	6	3453
260.208606	6	3463
148.448944	6	3479
198.363542	6	3473
201.184749	6	3474
225.799083	6	3471
223.369121	6	3472
400.585889	6	3449
198.352813	6	3476
476.469516	6	3442
323.310852	6	3462
1147.30596	6	3357
146.509647	6	3487
557.580471	6	3435
407.879114	6	3455
372.600793	6	3460
192.937850	6	3484
206.458568	6	3483
523.459434	6	3446
163.636684	6	3496
251.292467	6	3485
155.748844	6	3499
1098.61993	6	3377
224.494695	6	3491
400.282144	6	3469
225.791692	6	3492
478.283405	6	3461
323.355436	6	3481
1026.11565	6	3390
567.075967	6	3450
230.899810	6	3494
746.602058	6	3428
590.401887	6	3448
147.624969	6	3507
351.328372	6	3480
341.118812	6	3482
208.104372	6	3500
186.015605	6	3503
262.393712	6	3493
461.024284	6	3470
212.328672	6	3504
229.289531	6	3502
730.488061	6	3438
710.866928	6	3441
157.608985	6	3516
549.745082	6	3466
220.059633	6	3511
624.501943	6	3458
207.838535	6	3513
1100.12722	6	3397
208.431720	6	3514
389.277935	6	3490
306.599855	6	3505
171.544313	6	3527
225.793123	6	3520
208.820343	6	3523
248.878717	6	3519
245.040178	6	3522
448.237895	6	3495
602.812528	6	3475
178.705692	6	3532
326.489686	6	3512
1062.20650	6	3417
518.436193	6	3488
432.528495	6	3501
616.640806	6	3478
377.130270	6	3510
557.888507	6	3486
276.662111	6	3525
199.338674	6	3536
203.126668	6	3539
446.016788	6	3506
167.914152	6	3547
343.600273	6	3524
1005.42712	6	3437
312.933921	6	3530
290.308475	6	3534
785.669565	6	3468
221.626043	6	3545
234.147548	6	3543
310.599565	6	3533
340.507268	6	3531
651.596307	6	3489
502.557516	6	3509
268.493413	6	3542
437.427759	6	3521
199.868917	6	3554
238.879442	6	3552
206.343650	6	3556
325.103521	6	3540
327.488899	6	3541
154.318094	6	3565
212.671041	6	3559
445.532560	6	3528
331.590652	6	3544
201.027631	6	3562
222.352504	6	3564
211.536407	6	3567
277.065277	6	3560
625.801086	6	3515
105.790853	6	3585
1081.40397	6	3457
205.481290	6	3574
195.271968	6	3576
374.484539	6	3553
715.949773	6	3508
459.324121	6	3546
603.994131	6	3526
583.892107	6	3529
435.317754	6	3550
281.113862	6	3570
155.687808	6	3587
265.825748	6	3573
349.717617	6	3563
564.049959	6	3535
471.891880	6	3548
456.326246	6	3551
224.775791	6	3582
483.650684	6	3549
247.150182	6	3580
868.794202	6	3498
720.940113	6	3518
327.884435	6	3572
274.177074	6	3579
257.907390	6	3584
1078.32241	6	3477
197.224378	6	3596
231.893777	6	3592
424.379825	6	3568
442.194700	6	3566
205.954790	6	3599
170.014381	6	3605
337.912321	6	3583
259.394645	6	3594
1011.96360	6	3497
196.551799	6	3607
318.837642	6	3593
360.471725	6	3588
486.988782	6	3571
517.394065	6	3569
177.237749	6	3614
254.397869	6	3604
378.836870	6	3590
315.171957	6	3600
407.618045	6	3589
619.544982	6	3561
470.824241	6	3581
246.004104	6	3612
452.594518	6	3586
238.416910	6	3616
212.452411	6	3620
221.727848	6	3619
444.257736	6	3591
115.859031	6	3634
360.637903	6	3603
887.892961	6	3537
244.521617	6	3625
191.798925	6	3632
339.864969	6	3613
365.305423	6	3610
486.374378	6	3595
428.613901	6	3602
932.112932	6	3538
789.994478	6	3558
263.917207	6	3627
409.173250	6	3609
433.748960	6	3606
1099.24173	6	3517
207.134485	6	3636
314.247131	6	3624
348.380088	6	3622
861.664772	6	3555
711.113214	6	3575
737.833023	6	3578
259.618997	6	3640
342.441797	6	3630
515.141487	6	3608
361.341238	6	3628
169.799089	6	3654
594.310045	6	3601
531.297206	6	3611
212.341785	6	3652
255.141019	6	3647
366.729974	6	3633
438.174247	6	3629
315.746545	6	3645
341.538667	6	3643
294.582605	6	3650
709.327459	6	3598
263.745069	6	3656
202.308416	6	3667
426.904916	6	3639
271.970033	6	3660
158.460378	6	3676
419.105529	6	3642
583.805322	6	3621
276.309728	6	3662
574.317693	6	3623
486.210107	6	3635
356.985569	6	3653
241.460084	6	3670
535.750865	6	3631
583.251714	6	3626
452.049016	6	3644
473.082780	6	3641
304.002523	6	3664
228.641510	6	3674
688.737630	6	3615
984.681606	6	3577
836.520195	6	3597
365.139722	6	3659
269.999980	6	3672
325.820207	6	3665
96.0981845	6	3696
352.028131	6	3663
486.046791	6	3646
1203.03010	6	3557
214.226245	6	3687
742.275238	6	3618
419.536113	6	3661
174.387454	6	3694
370.449781	6	3669
497.890233	6	3651
314.959764	6	3682
293.207406	6	3685
566.419601	6	3648
424.888610	6	3668
447.188377	6	3666
396.631717	6	3673
309.687376	6	3688
391.474008	6	3679
107.719421	6	3716
178.559064	6	3707
616.267204	6	3649
394.375562	6	3681
358.833074	6	3686
387.917280	6	3683
222.672700	6	3705
422.479629	6	3680
346.681594	6	3692
294.465780	6	3699
183.055877	6	3714
274.917602	6	3702
516.893148	6	3671
259.016990	6	3706
398.449182	6	3690
386.559247	6	3693
154.296159	6	3727
297.147035	6	3712
721.528291	6	3655
577.134132	6	3675
327.064752	6	3713
400.455474	6	3704
554.046392	6	3684
439.861297	6	3701
374.918460	6	3710
309.349298	6	3719
193.632364	6	3734
217.392206	6	3732
935.244083	6	3638
788.661003	6	3658
571.727037	6	3689
963.653802	6	3637
1120.05877	6	3617
492.827892	6	3700
320.395946	6	3722
245.146036	6	3736
336.684465	6	3724
169.049024	6	3747
356.857538	6	3723
384.022474	6	3720
578.093528	6	3695
292.946815	6	3733
132.643699	6	3754
485.612869	6	3709
622.571229	6	3691
362.393140	6	3725
259.062290	6	3739
559.384346	6	3703
370.152473	6	3728
527.080297	6	3708
386.349439	6	3726
914.255142	6	3657
202.975034	6	3753
537.571430	6	3711
475.243330	6	3721
316.907644	6	3742
340.240240	6	3744
246.047496	6	3756
452.254772	6	3730
302.217960	6	3750
869.524717	6	3678
335.547685	6	3748
723.343133	6	3698
376.147031	6	3745
415.048122	6	3740
386.945247	6	3746
513.568401	6	3729
365.101337	6	3749
213.645458	6	3767
931.794643	6	3677
270.039081	6	3762
370.751619	6	3752
200.980424	6	3773
237.817525	6	3769
284.420728	6	3765
217.777490	6	3774
264.038085	6	3768
694.308280	6	3715
338.458299	6	3760
584.317207	6	3731
505.901813	6	3743
372.344493	6	3759
340.780019	6	3763
867.046594	6	3697
345.362663	6	3764
314.803838	6	3770
195.313692	6	3788
618.314504	6	3735
525.362730	6	3751
218.511819	6	3790
405.851125	6	3766
249.639034	6	3787
367.250919	6	3772
345.830678	6	3776
632.127523	6	3741
331.184387	6	3779
140.323162	6	3807
141.110658	6	3808
258.508205	6	3792
323.423862	6	3784
337.460279	6	3783
326.406240	6	3786
305.215120	6	3789
387.591361	6	3780
357.464790	6	3785
891.295909	6	3718
735.596418	6	3738
310.245752	6	3793
570.302248	6	3761
415.226221	6	3781
289.412975	6	3799
932.905673	6	3717
783.747196	6	3737
214.473485	6	3812
267.687559	6	3806
368.941307	6	3796
197.468757	6	3819
276.350021	6	3809
256.247282	6	3813
161.224365	6	3827
509.857892	6	3782
360.764265	6	3803
166.679382	6	3828
436.971664	6	3794
324.405431	6	3810
377.242326	6	3805
651.748657	6	3771
181.865692	6	3833
434.453964	6	3800
628.228425	6	3775
245.948553	6	3826
202.336549	6	3832
231.029510	6	3830
362.587928	6	3814
355.143785	6	3816
181.215524	6	3839
457.880020	6	3804
308.355093	6	3824
168.705701	6	3846
301.270484	6	3829
132.944107	6	3852
703.600406	6	3778
357.734918	6	3823
719.520330	6	3777
199.949502	6	3847
181.900024	6	3850
555.548906	6	3801
481.351137	6	3811
204.564571	6	3848
560.838460	6	3802
933.077335	6	3755
471.358776	6	3815
407.109498	6	3825
456.211090	6	3820
337.176322	6	3836
471.002817	6	3822
241.009473	6	3853
391.993522	6	3834
149.069786	6	3867
290.045499	6	3849
727.963685	6	3791
219.125509	6	3859
194.200515	6	3866
368.187904	6	3843
736.103773	6	3795
176.357984	6	3872
1046.27752	6	3758
214.378833	6	3868
392.208337	6	3845
195.307970	6	3873
1102.42390	6	3757
463.332891	6	3840
256.721258	6	3870
370.015382	6	3856
203.938245	6	3879
141.411781	6	3888
412.555456	6	3854
147.893905	6	3890
139.701843	6	3892
710.775375	6	3817
320.362567	6	3869
365.939378	6	3863
584.081411	6	3835
209.788560	6	3886
215.877532	6	3887
548.606634	6	3842
395.000457	6	3865
313.489437	6	3876
921.525239	6	3797
419.703006	6	3864
565.810680	6	3844
471.422433	6	3860
91.1622047	6	3910
631.988286	6	3841
788.512706	6	3821
488.035678	6	3862
542.616367	6	3855
157.482147	6	3906
220.494747	6	3899
987.040281	6	3798
349.312305	6	3883
843.660116	6	3818
191.227912	6	3907
231.094598	6	3903
455.956459	6	3874
784.211397	6	3831
356.557130	6	3889
645.303726	6	3851
309.479951	6	3896
758.847475	6	3838
356.479644	6	3893
217.662096	6	3912
463.981628	6	3880
428.094148	6	3885
252.838611	6	3908
363.850831	6	3894
445.526123	6	3884
289.628267	6	3904
268.342494	6	3909
127.581119	6	3930
592.312335	6	3871
196.503877	6	3923
153.722047	6	3929
571.163177	6	3875
193.038225	6	3926
305.944681	6	3916
389.754772	6	3905
726.378202	6	3861
219.280004	6	3927
573.636293	6	3882
906.965732	6	3837
357.385158	6	3913
319.653272	6	3919
507.620573	6	3895
127.212047	6	3946
481.701135	6	3900
379.816532	6	3914
314.243316	6	3925
532.310962	6	3897
583.972215	6	3891
131.866693	6	3950
191.089868	6	3943
514.503717	6	3902
161.585092	6	3949
310.083866	6	3932
290.044307	6	3936
303.274393	6	3934
422.996997	6	3922
454.444646	6	3920
179.808855	6	3956
603.282451	6	3901
930.487394	6	3858
359.873771	6	3933
783.629179	6	3878
768.275022	6	3881
412.553310	6	3928
100.329875	6	3970
149.843454	6	3966
181.608676	6	3963
373.175144	6	3939
329.093456	6	3945
328.933715	6	3947
316.325426	6	3953
221.597671	6	3967
649.520874	6	3911
493.129968	6	3931
1072.92628	6	3857
923.082113	6	3877
427.243709	6	3942
385.495901	6	3948
244.021415	6	3969
150.601863	6	3983
298.729181	6	3965
539.862155	6	3935
694.055795	6	3915
163.311719	6	3986
837.242603	6	3898
490.118503	6	3944
648.078203	6	3924
449.713230	6	3951
290.596485	6	3973
380.703926	6	3962
177.038431	6	3990
449.041366	6	3954
303.790330	6	3974
472.341299	6	3952
322.825670	6	3972
561.778306	6	3940
361.882448	6	3968
320.208072	6	3976
762.421607	6	3918
214.540004	6	3993
822.092056	6	3917
794.544935	6	3921
508.685350	6	3959
514.991283	6	3960
172.054290	6	4006
323.907852	6	3987
347.739934	6	3985
567.888498	6	3957
225.459814	6	4003
519.691467	6	3964
586.209058	6	3955
410.033226	6	3980
430.557966	6	3979
200.627803	6	4010
346.375703	6	3992
728.290319	6	3941
426.666021	6	3982
353.332996	6	3996
798.318624	6	3937
527.463912	6	3975
566.511631	6	3971
433.944940	6	3989
424.027204	6	3991
161.773204	6	4026
288.118362	6	4009
324.738740	6	4005
456.748008	6	3988
346.202135	6	4007
330.423355	6	4012
325.795888	6	4013
475.496768	6	3994
422.803401	6	4002
615.555047	6	3978
393.427848	6	4008
752.346038	6	3961
642.686843	6	3977
294.731616	6	4025
329.439878	6	4023
339.314937	6	4022
626.498222	6	3984
426.486492	6	4011
394.646406	6	4016
311.246633	6	4032
350.609302	6	4027
217.087030	6	4045
210.059165	6	4046
340.017080	6	4029
192.276239	6	4049
427.019357	6	4019
394.712448	6	4024
462.624311	6	4015
360.380887	6	4030
302.932024	6	4042
373.296737	6	4033
673.966407	6	3995
155.879735	6	4065
622.489213	6	4004
658.958673	6	3999
667.224168	6	4000
523.763895	6	4020
281.839132	6	4053
158.743143	6	4069
448.474884	6	4031
828.965902	6	3981
373.616218	6	4043
719.968557	6	3997
239.819288	6	4062
361.739635	6	4047
403.475046	6	4044
349.044322	6	4052
260.957241	6	4063
747.821092	6	4001
213.454961	6	4073
519.827604	6	4034
670.164585	6	4014
241.441488	6	4072
293.513774	6	4066
420.155048	6	4050
117.866277	6	4089
667.155265	6	4018
1265.92993	6	3938
1116.98150	6	3958
818.282127	6	3998
191.595554	6	4082
451.221227	6	4051
621.520996	6	4028
474.808931	6	4048
189.095735	6	4085
569.100141	6	4036
419.036388	6	4056
759.855031	6	4017
383.561372	6	4067
324.436902	6	4075
592.495679	6	4040
610.715389	6	4039
423.495292	6	4064
270.145654	6	4084
208.261251	6	4093
271.264076	6	4086
427.758932	6	4068
548.305749	6	4054
541.022300	6	4055
293.550968	6	4087
700.564861	6	4035
143.571853	6	4109
206.511259	6	4102
186.249732	6	4105
460.831403	6	4071
365.208864	6	4083
722.304344	6	4037
557.627916	6	4059
313.349485	6	4091
306.628227	6	4092
495.307207	6	4070
448.682546	6	4076
495.135545	6	4074
194.767475	6	4113
342.147111	6	4094
279.889822	6	4106
943.421125	6	4021
794.738292	6	4041
322.619915	6	4104
679.154396	6	4058
128.173589	6	4133
464.424610	6	4090
294.350624	6	4112
562.151908	6	4079
881.842851	6	4038
353.537797	6	4107
744.153261	6	4057
193.207979	6	4129
254.269599	6	4122
728.767633	6	4061
235.016822	6	4126
448.592424	6	4099
427.225112	6	4103
210.189342	6	4132
574.783086	6	4088
319.200992	6	4124
333.260059	6	4123
543.904542	6	4096
308.047056	6	4127
839.367389	6	4060
529.962778	6	4100
686.048507	6	4080
449.944972	6	4111
477.838277	6	4110
599.315881	6	4095
443.758487	6	4115
193.625211	6	4147
334.621667	6	4131
177.097558	6	4152
438.384294	6	4119
390.081882	6	4125
464.836835	6	4116
523.580074	6	4108
179.647445	6	4153
238.698959	6	4146
495.481491	6	4114
777.066469	6	4078
266.403198	6	4144
350.619792	6	4134
642.754316	6	4097
400.934219	6	4130
805.322885	6	4081
364.279031	6	4142
708.819627	6	4098
183.971405	6	4166
372.437000	6	4143
565.060138	6	4121
348.552465	6	4149
216.277837	6	4167
346.652507	6	4151
177.835226	6	4173
936.593055	6	4077
539.440393	6	4128
382.482290	6	4148
198.800563	6	4172
375.996828	6	4150
431.140661	6	4145
776.543140	6	4101
274.672031	6	4165
494.290351	6	4139
666.345596	6	4120
684.338808	6	4118
174.913644	6	4186
582.978725	6	4136
380.002737	6	4162
364.929914	6	4164
747.913122	6	4117
417.330980	6	4159
327.718973	6	4171
387.929201	6	4163
176.275491	6	4191
189.692735	6	4193
370.120525	6	4170
268.755435	6	4187
233.714818	6	4192
410.909414	6	4169
666.534900	6	4138
668.363332	6	4140
507.987737	6	4160
551.918745	6	4155
710.660219	6	4135
584.770679	6	4154
350.412607	6	4184
424.221992	6	4174
190.363883	6	4207
353.504657	6	4185
205.316543	6	4206
554.648160	6	4161
185.682773	6	4211
358.449697	6	4189
416.845321	6	4182
775.240659	6	4137
565.839767	6	4168
645.587682	6	4158
503.551244	6	4176
667.882680	6	4156
788.549184	6	4141
672.574281	6	4157
317.764759	6	4204
334.977626	6	4202
515.245676	6	4180
443.480491	6	4190
502.472877	6	4183
537.147521	6	4179
185.833454	6	4227
443.796396	6	4194
488.564014	6	4188
429.444313	6	4199
430.398464	6	4200
397.511482	6	4205
241.448879	6	4226
211.300611	6	4231
282.767772	6	4222
621.569633	6	4178
377.565145	6	4212
403.595924	6	4209
371.984243	6	4213
287.489652	6	4224
540.222167	6	4197
712.159395	6	4175
507.093429	6	4203
565.653562	6	4195
186.980485	6	4246
438.917636	6	4214
578.757047	6	4196
723.028182	6	4177
576.692342	6	4198
259.587049	6	4242
349.727869	6	4230
512.024641	6	4210
530.824184	6	4208
232.719659	6	4247
446.538448	6	4220
432.436466	6	4223
358.180761	6	4233
420.626163	6	4225
508.308887	6	4217
497.727155	6	4219
257.382392	6	4251
319.431781	6	4244
423.261880	6	4232
136.017084	6	4271
406.475543	6	4237
467.241525	6	4229
402.144193	6	4239
340.948104	6	4250
218.722105	6	4266
239.531040	6	4264
451.741933	6	4240
411.960363	6	4245
354.420900	6	4253
908.710718	6	4181
610.100269	6	4221
409.896612	6	4249
458.546876	6	4243
528.385639	6	4234
314.199447	6	4262
582.644224	6	4228
547.480344	6	4235
161.226272	6	4284
430.361986	6	4252
374.332427	6	4259
327.279329	6	4267
550.398349	6	4241
451.384544	6	4254
743.262767	6	4218
344.833374	6	4270
350.172996	6	4272
472.868204	6	4257
344.297647	6	4273
384.444236	6	4269
919.402837	6	4201
296.485424	6	4282
327.686786	6	4279
841.553211	6	4215
272.049427	6	4287
590.849161	6	4248
231.907606	6	4293
535.593986	6	4256
689.974546	6	4236
847.222089	6	4216
292.281389	6	4286
260.518074	6	4291
372.889280	6	4277
293.228149	6	4290
192.930459	6	4306
565.152883	6	4260
549.123048	6	4263
404.825448	6	4280
200.297832	6	4307
746.421575	6	4238
540.797948	6	4265
321.194648	6	4292
595.511913	6	4258
285.943031	6	4304
241.219520	6	4310
232.028961	6	4312
421.745300	6	4289
363.272905	6	4297
260.071754	6	4313
369.673252	6	4299
576.934814	6	4274
287.136793	6	4311
378.228902	6	4302
207.177639	6	4326
610.402345	6	4275
246.122598	6	4324
227.501153	6	4327
612.856864	6	4276
183.747053	6	4333
209.215164	6	4331
550.685644	6	4285
408.958196	6	4305
617.969512	6	4278
504.070043	6	4294
565.209150	6	4288
414.776563	6	4308
338.585376	6	4319
525.849342	6	4296
365.667581	6	4317
515.221595	6	4298
652.179479	6	4281
556.590080	6	4295
419.747114	6	4314
471.806764	6	4309
328.058958	6	4330
816.494941	6	4268
231.502532	6	4344
281.051397	6	4339
952.115774	6	4255
726.536273	6	4283
609.951257	6	4300
465.088129	6	4320
260.494947	6	4347
350.591897	6	4337
253.812551	6	4350
418.534278	6	4329
454.451799	6	4325
244.829177	6	4353
269.005537	6	4351
537.022590	6	4316
233.387231	6	4357
501.590251	6	4322
154.537439	6	4367
226.478815	6	4359
285.603284	6	4352
441.968679	6	4332
655.418634	6	4303
335.532665	6	4346
675.220012	6	4301
228.222370	6	4364
380.289554	6	4345
454.833745	6	4336
411.498069	6	4342
476.743221	6	4334
229.944705	6	4366
565.882205	6	4323
209.865331	6	4370
538.009881	6	4328
1060.88304	6	4261
201.769113	6	4377
428.596735	6	4349
252.601623	6	4373
198.988437	6	4384
703.029155	6	4318
193.654537	6	4386
569.382667	6	4338
170.119524	6	4390
326.525688	6	4372
421.800136	6	4362
591.136217	6	4340
744.676113	6	4321
502.617120	6	4354
654.971599	6	4335
255.377054	6	4387
437.817096	6	4365
419.612407	6	4369
208.095788	6	4397
159.598112	6	4404
503.344774	6	4360
597.680568	6	4348
323.318004	6	4385
174.981117	6	4407
690.596580	6	4341
452.766895	6	4374
475.873470	6	4371
418.387174	6	4379
602.752685	6	4355
904.898643	6	4315
313.981294	6	4393
187.433481	6	4410
457.873582	6	4376
612.210512	6	4356
603.837013	6	4358
525.685071	6	4368
278.854846	6	4406
771.735191	6	4343
341.458559	6	4399
139.867305	6	4424
419.481039	6	4391
210.732936	6	4417
527.527332	6	4378
527.775526	6	4380
443.540334	6	4392
412.403106	6	4396
409.006595	6	4398
249.388933	6	4419
720.166206	6	4361
292.622566	6	4416
209.430694	6	4427
356.831073	6	4411
494.643211	6	4394
410.634517	6	4405
593.169212	6	4382
655.374288	6	4375
362.905025	6	4412
354.355096	6	4413
407.354116	6	4408
564.436674	6	4388
127.950429	6	4444
584.558010	6	4389
255.383968	6	4430
342.225790	6	4420
509.278535	6	4400
667.307615	6	4381
515.930414	6	4402
434.000730	6	4414
709.632635	6	4383
184.035301	6	4450
391.416549	6	4425
413.691043	6	4422
335.309743	6	4433
351.597070	6	4431
202.825069	6	4451
542.787790	6	4409
376.255989	6	4429
898.567438	6	4363
590.423822	6	4403
393.067836	6	4428
329.390048	6	4437
304.922103	6	4442
393.835783	6	4432
691.624879	6	4395
349.371194	6	4439
177.592039	6	4464
411.774873	6	4434
484.518527	6	4426
361.796617	6	4445
431.597709	6	4436
310.255050	6	4453
409.276485	6	4440
615.620613	6	4415
460.042953	6	4435
369.950532	6	4449
400.264501	6	4446
392.904043	6	4447
273.247957	6	4462
224.016427	6	4470
126.836299	6	4484
612.052440	6	4423
356.813907	6	4457
226.807832	6	4473
440.863370	6	4448
684.940338	6	4418
534.403800	6	4438
295.028448	6	4469
376.942157	6	4459
675.934076	6	4421
282.902717	6	4471
844.357252	6	4401
208.914995	6	4482
355.294227	6	4465
363.867044	6	4466
429.566383	6	4460
460.620641	6	4458
309.755802	6	4479
226.765155	6	4491
451.057672	6	4463
611.974716	6	4443
241.424322	6	4490
420.518398	6	4468
523.371219	6	4456
438.141107	6	4467
376.309633	6	4477
279.699087	6	4493
606.066226	6	4452
440.923452	6	4472
163.718461	6	4510
341.392278	6	4487
356.995820	6	4485
171.504259	6	4511
431.369066	6	4478
448.490142	6	4476
421.384096	6	4480
374.692916	6	4486
187.881708	6	4513
321.878433	6	4499
288.505792	6	4504
345.025300	6	4497
385.704994	6	4492
686.281681	6	4454
524.408817	6	4474
376.693248	6	4494
420.751333	6	4488
369.825124	6	4498
436.884403	6	4489
741.406440	6	4455
692.389726	6	4461
577.819347	6	4475
380.939483	6	4502
356.409788	6	4505
256.133556	6	4519
344.775676	6	4507
535.115242	6	4483
433.340549	6	4500
211.126804	6	4530
369.357109	6	4509
191.411733	6	4533
216.235160	6	4531
329.277038	6	4516
323.828697	6	4517
484.391927	6	4496
496.548652	6	4495
436.192989	6	4503
434.820652	6	4506
358.448505	6	4518
442.356824	6	4508
981.580257	6	4441
658.573389	6	4481
232.979774	6	4539
364.935874	6	4526
360.240936	6	4527
283.539772	6	4537
410.995960	6	4522
478.279113	6	4514
412.361383	6	4524
263.741254	6	4544
600.633859	6	4501
172.951221	6	4559
366.480350	6	4534
445.017576	6	4525
549.797058	6	4512
401.511192	6	4532
499.726057	6	4520
348.957300	6	4540
264.739036	6	4553
250.041484	6	4557
335.658311	6	4546
351.181507	6	4545
413.480043	6	4538
335.057497	6	4551
553.671360	6	4523
512.214660	6	4529
351.667404	6	4550
627.699136	6	4515
423.857212	6	4542
193.890333	6	4573
393.030643	6	4547
351.568698	6	4554
307.848691	6	4564
474.224090	6	4543
430.955410	6	4549
422.963857	6	4552
556.254863	6	4535
618.770122	6	4528
467.263460	6	4548
246.349096	6	4579
572.557687	6	4536
424.557924	6	4556
384.928941	6	4562
322.909832	6	4571
364.438295	6	4567
411.628484	6	4563
459.027528	6	4558
453.068017	6	4560
302.692413	6	4580
411.038398	6	4566
423.537969	6	4565
386.809110	6	4570
170.692443	6	4599
353.961944	6	4577
329.754829	6	4582
376.585721	6	4578
663.752555	6	4541
563.517808	6	4555
318.805932	6	4587
375.215768	6	4583
233.665943	6	4603
514.671087	6	4568
359.585762	6	4588
384.399175	6	4585
872.414112	6	4521
479.267358	6	4574
301.353931	6	4598
413.132190	6	4584
397.707939	6	4586
532.089233	6	4569
389.214277	6	4590
272.032976	6	4605
374.719142	6	4593
359.755516	6	4595
521.901607	6	4575
357.180595	6	4597
386.950016	6	4594
295.516252	6	4606
304.051876	6	4607
249.407291	6	4615
585.744619	6	4572
292.453289	6	4611
213.470458	6	4623
580.702781	6	4576
723.341941	6	4561
290.792942	6	4618
234.651088	6	4626
293.330430	6	4620
439.574241	6	4600
522.611856	6	4591
356.939077	6	4614
403.006315	6	4610
512.945413	6	4596
387.963294	6	4613
646.576642	6	4581
369.690418	6	4619
390.481233	6	4617
613.711595	6	4589
331.271409	6	4627
363.001108	6	4625
320.095062	6	4631
302.094936	6	4634
545.902729	6	4602
400.484800	6	4622
213.800191	6	4647
249.085426	6	4643
318.835973	6	4635
655.663490	6	4592
480.902910	6	4616
325.785398	6	4638
217.911958	6	4653
384.597063	6	4633
410.650014	6	4630
263.110160	6	4650
221.531391	6	4654
584.828615	6	4608
445.059537	6	4628
359.774589	6	4640
570.204496	6	4612
235.209226	6	4655
374.458312	6	4639
429.685115	6	4632
285.842418	6	4651
607.301473	6	4609
418.455839	6	4636
466.918468	6	4629
652.537822	6	4604
507.238864	6	4624
240.712642	6	4658
356.031417	6	4646
208.631038	6	4663
249.922275	6	4660
376.038551	6	4648
466.212511	6	4637
740.853071	6	4601
414.775371	6	4645
127.456426	6	4673
601.679086	6	4621
223.686456	6	4666
445.332527	6	4644
215.613603	6	4668
227.513551	6	4667
150.697946	6	4675
331.065177	6	4659
209.797382	6	4671
171.056270	6	4678
224.696159	6	4674
181.452035	6	4679
428.577899	6	4656
190.657138	6	4680
572.290182	6	4642
391.998529	6	4662
450.708150	6	4657
139.273405	6	4688
317.213773	6	4670
107.212781	6	4693
193.621158	6	4683
559.715747	6	4649
183.613538	6	4686
403.454780	6	4665
198.055267	6	4685
291.042804	6	4676
192.885398	6	4687
164.473056	6	4691
136.423826	6	4695
664.079904	6	4641
413.364887	6	4669
182.911634	6	4694
138.639688	6	4698
146.830797	6	4699
141.423702	6	4700
108.826160	6	4703
352.824687	6	4677
135.502576	6	4705
660.462617	6	4652
454.301357	6	4672
124.962329	6	4708
362.279891	6	4682
596.138715	6	4661
119.192600	6	4711
169.917106	6	4707
115.827322	6	4715
358.996629	6	4689
239.287853	6	4702
609.547376	6	4664
149.477720	6	4713
297.037839	6	4697
412.469625	6	4684
152.173757	6	4714
120.942592	6	4719
234.216213	6	4706
385.808467	6	4690
137.973785	6	4718
209.514856	6	4710
342.656135	6	4696
380.925655	6	4692
143.635272	6	4720
498.840093	6	4681
110.280275	6	4726
200.289487	6	4717
217.890262	6	4716
178.137779	6	4722
146.838903	6	4727
169.148921	6	4725
187.230825	6	4723
150.892257	6	4728
120.471954	6	4733
141.338109	6	4731
155.010223	6	4730
377.143621	6	4704
322.134256	6	4712
153.481721	6	4734
441.959857	6	4701
377.477884	6	4709
150.312185	6	4737
156.430959	6	4738
210.140705	6	4732
183.904409	6	4735
153.973340	6	4739
163.799762	6	4740
308.947324	6	4724
141.774415	6	4745
132.729768	6	4746
277.834177	6	4729
216.260671	6	4736
168.734788	6	4742
160.039424	6	4743
357.488155	6	4721
127.447843	6	4750
146.505117	6	4749
171.676874	6	4747
142.551660	6	4751
170.971870	6	4748
152.576923	6	4753
231.435298	6	4744
148.538827	6	4754
149.755477	6	4755
136.979341	6	4757
283.786773	6	4741
152.178525	6	4758
201.817274	6	4752
151.513099	6	4759
152.205705	6	4760
142.686128	6	4762
135.982036	6	4765
207.134962	6	4756
165.623903	6	4763
147.801637	6	4766
144.831180	6	4767
132.432222	6	4769
157.075881	6	4768
123.835802	6	4774
137.426137	6	4773
163.276910	6	4770
163.259506	6	4771
135.200500	6	4775
240.403890	6	4764
183.947801	6	4772
150.394439	6	4777
150.305986	6	4778
140.516996	6	4780
150.106191	6	4782
125.302314	6	4785
216.232776	6	4776
124.868869	6	4788
164.570808	6	4783
133.920669	6	4787
338.648080	6	4761
160.633087	6	4784
145.341873	6	4791
159.618377	6	4789
139.666080	6	4793
167.578458	6	4790
156.777858	6	4792
144.320964	6	4794
125.979661	6	4797
213.020086	6	4786
132.549524	6	4800
175.774812	6	4795
124.338150	6	4802
313.558816	6	4779
300.524473	6	4781
117.592573	6	4808
202.215671	6	4796
194.137334	6	4798
139.176368	6	4807
166.952610	6	4803
169.071435	6	4804
129.213094	6	4811
153.552770	6	4809
129.541873	6	4813
137.777805	6	4812
152.549266	6	4810
141.581296	6	4814
103.569507	6	4827
192.064523	6	4815
292.649030	6	4801
278.147220	6	4805
210.575580	6	4816
175.544977	6	4822
210.820198	6	4817
174.610853	6	4823
287.316083	6	4806
155.201196	6	4828
123.380899	6	4834
145.776271	6	4833
247.095346	6	4818
180.844545	6	4829
177.625179	6	4830
182.924032	6	4832
274.063348	6	4820
277.187585	6	4821
215.595006	6	4831
322.149753	6	4819
455.615043	6	4799
172.240257	6	4842
297.837018	6	4824
291.583061	6	4825
155.153989	6	4847
301.712512	6	4826
226.906776	6	4838
195.212364	6	4843
167.278766	6	4848
216.938257	6	4844
182.166576	6	4850
167.952060	6	4853
252.277851	6	4841
290.143489	6	4836
310.541152	6	4835
207.152605	6	4854
316.606283	6	4840
142.568588	6	4867
272.753000	6	4849
127.947568	6	4873
209.903240	6	4861
368.503093	6	4839
328.446388	6	4845
205.261230	6	4864
294.424295	6	4851
388.653039	6	4837
328.504323	6	4846
240.909099	6	4862
316.548824	6	4852
243.907690	6	4863
238.538026	6	4865
300.939321	6	4856
293.525457	6	4858
216.367483	6	4870
152.335166	6	4882
263.170719	6	4868
135.195493	6	4887
330.187320	6	4860
291.928529	6	4872
217.114210	6	4884
360.407590	6	4866
435.786485	6	4855
119.260072	6	4902
351.080656	6	4869
321.501493	6	4874
194.352626	6	4893
348.870515	6	4871
445.829153	6	4857
288.010358	6	4881
265.055894	6	4885
236.967086	6	4890
302.837371	6	4883
380.848646	6	4875
268.529653	6	4891
263.937473	6	4894
181.155920	6	4907
320.518493	6	4892
413.948059	6	4879
235.171556	6	4905
352.626085	6	4888
423.666477	6	4878
553.212165	6	4859
117.371082	6	4922
293.064355	6	4898
263.366222	6	4903
370.633125	6	4889
334.108114	6	4896
477.063179	6	4876
475.561618	6	4877
315.410614	6	4901
465.397119	6	4880
300.646066	6	4904
245.530366	6	4912
330.777168	6	4900
385.719776	6	4895
289.875507	6	4913
310.431957	6	4911
394.803762	6	4899
258.618354	6	4920
300.875425	6	4918
391.223430	6	4906
288.113594	6	4921
270.736694	6	4924
407.741546	6	4909
168.796539	6	4942
496.459722	6	4897
394.287586	6	4914
390.948295	6	4915
384.660482	6	4916
210.692405	6	4940
446.804285	6	4908
605.251789	6	4886
325.694084	6	4926
324.417829	6	4927
367.420911	6	4923
289.178133	6	4934
219.598293	6	4944
369.533538	6	4925
329.026699	6	4931
485.260009	6	4910
445.356845	6	4917
331.200599	6	4933
355.905055	6	4930
347.855091	6	4932
191.880941	6	4954
302.282810	6	4938
382.525920	6	4928
313.973426	6	4941
252.568244	6	4952
189.771890	6	4962
214.709043	6	4960
362.132787	6	4943
337.464094	6	4947
368.056535	6	4946
429.763078	6	4937
174.370765	6	4974
581.985235	6	4919
436.343669	6	4939
473.345756	6	4935
334.872722	6	4958
544.640302	6	4929
411.521196	6	4948
407.394170	6	4949
381.551504	6	4953
441.060781	6	4945
305.974483	6	4964
418.779134	6	4951
346.324920	6	4961
330.209970	6	4965
240.105390	6	4982
442.990779	6	4956
584.438323	6	4936
264.110088	6	4984
478.858232	6	4955
329.777717	6	4975
354.201316	6	4972
411.801576	6	4966
306.028366	6	4981
325.134038	6	4980
391.406059	6	4971
283.132314	6	4987
345.957994	6	4978
432.379722	6	4967
405.581951	6	4973
212.523221	6	5002
386.619567	6	4977
541.184663	6	4957
493.934869	6	4963
353.637456	6	4983
531.645298	6	4959
387.280702	6	4979
243.113756	6	5004
494.293689	6	4969
286.004304	6	4999
447.357892	6	4976
341.137170	6	4994
660.901069	6	4950
318.739891	6	4998
297.104835	6	5001
414.900541	6	4985
544.414520	6	4968
440.299987	6	4986
389.167785	6	4995
366.046905	6	5000
191.468000	6	5024
421.721220	6	4992
433.423280	6	4991
420.391321	6	4993
466.014146	6	4988
368.972063	6	5003
429.682493	6	4996
375.499010	6	5006
289.253950	6	5018
267.785072	6	5021
639.546871	6	4970
348.546028	6	5012
408.262729	6	5005
470.359563	6	4997
385.276794	6	5011
176.489830	6	5041
376.441717	6	5014
399.076700	6	5013
214.281558	6	5038
337.394237	6	5022
396.537780	6	5016
354.220867	6	5023
386.726379	6	5019
479.262113	6	5007
387.277841	6	5020
621.959209	6	4989
323.426008	6	5031
494.506120	6	5008
442.991971	6	5015
354.795694	6	5027
326.953172	6	5033
563.067197	6	5009
520.042181	6	5017
464.368104	6	5025
583.307266	6	5010
727.501392	6	4990
368.072032	6	5040
213.685035	6	5061
418.419361	6	5034
413.409709	6	5035
366.212129	6	5043
417.783737	6	5036
485.085487	6	5028
405.377388	6	5039
311.059474	6	5053
278.934478	6	5058
383.418560	6	5044
406.086683	6	5042
445.547103	6	5037
272.241592	6	5063
411.031484	6	5045
535.475254	6	5032
387.856721	6	5052
178.579092	6	5081
304.134607	6	5064
205.980539	6	5078
373.260021	6	5056
427.961587	6	5049
217.356204	6	5083
313.186883	6	5073
235.939025	6	5084
667.253732	6	5026
420.116186	6	5060
406.085729	6	5062
650.200605	6	5029
358.901977	6	5069
678.186416	6	5030
502.945899	6	5054
558.457851	6	5047
549.490690	6	5048
249.126195	6	5089
498.700857	6	5057
406.070232	6	5072
561.931610	6	5051
252.520561	6	5093
611.198186	6	5046
190.733194	6	5104
402.368307	6	5076
525.129318	6	5059
461.668729	6	5068
380.568981	6	5079
149.917125	6	5113
508.545398	6	5065
245.672464	6	5103
329.435586	6	5092
444.455385	6	5077
412.163734	6	5082
537.354707	6	5066
506.425857	6	5071
642.807245	6	5055
563.401222	6	5067
436.026334	6	5085
358.099937	6	5098
331.674098	6	5102
727.012634	6	5050
557.228565	6	5074
589.802980	6	5070
516.467094	6	5080
301.530838	6	5109
380.692243	6	5100
394.176959	6	5099
482.847690	6	5087
579.412698	6	5075
426.360130	6	5096
397.056102	6	5101
211.352825	6	5129
468.307018	6	5095
459.171295	6	5097
527.798652	6	5088
274.301290	6	5123
362.417459	6	5112
307.446718	6	5122
582.099199	6	5086
433.284044	6	5106
245.185375	6	5133
339.277505	6	5121
436.501502	6	5108
292.018890	6	5128
472.400903	6	5105
348.434925	6	5124
595.845937	6	5090
171.479225	6	5149
435.290813	6	5116
431.002378	6	5118
496.924400	6	5111
644.326925	6	5091
530.952453	6	5107
255.886316	6	5144
272.211074	6	5142
494.766950	6	5114
421.503543	6	5125
193.861484	6	5153
280.821561	6	5143
485.729932	6	5117
374.269962	6	5132
396.032810	6	5136
470.521926	6	5127
373.369932	6	5139
530.174732	6	5119
402.772188	6	5138
246.574401	6	5158
594.144582	6	5115
747.516393	6	5094
400.158882	6	5141
367.879390	6	5148
480.512619	6	5135
178.251981	6	5173
598.484277	6	5120
409.792184	6	5145
280.831813	6	5162
552.011013	6	5130
354.312181	6	5155
249.912738	6	5169
168.740510	6	5182
511.556148	6	5140
323.590278	6	5165
592.370748	6	5131
226.409196	6	5178
332.087516	6	5168
365.759611	6	5164
584.499835	6	5137
154.699087	6	5193
446.578264	6	5156
399.593591	6	5163
699.652194	6	5126
117.978572	6	5202
530.066013	6	5151
349.224805	6	5175
525.986194	6	5152
675.770998	6	5134
485.999822	6	5160
877.624750	6	5110
203.533411	6	5198
519.148349	6	5159
288.707256	6	5189
369.292020	6	5179
506.674528	6	5161
628.608703	6	5147
479.080677	6	5167
353.033781	6	5183
451.993703	6	5172
179.772615	6	5209
342.095375	6	5188
258.273363	6	5203
470.821857	6	5176
341.826915	6	5195
664.636135	6	5154
645.675420	6	5157
445.395469	6	5185
575.334548	6	5170
244.631052	6	5213
472.226381	6	5184
532.190799	6	5177
178.717851	6	5222
505.338430	6	5181
363.986253	6	5199
515.271425	6	5180
782.726049	6	5146
581.231355	6	5174
165.930271	6	5229
416.376113	6	5197
367.909431	6	5204
627.298355	6	5171
348.256349	6	5208
537.753343	6	5186
393.506288	6	5205
701.555728	6	5166
567.680835	6	5187
524.307012	6	5194
224.987506	6	5233
554.336786	6	5192
345.737695	6	5219
180.788278	6	5242
575.068712	6	5191
510.668754	6	5200
371.392250	6	5218
413.485050	6	5215
441.218614	6	5212
524.381399	6	5201
568.159580	6	5196
492.791891	6	5207
364.846944	6	5225
949.028253	6	5150
196.356773	6	5249
387.327671	6	5223
374.245405	6	5228
384.779930	6	5227
468.829154	6	5217
309.746980	6	5238
415.657043	6	5224
137.542009	6	5262
552.817106	6	5210
460.334062	6	5221
202.047109	6	5258
598.312377	6	5206
525.763988	6	5216
373.407840	6	5239
768.199205	6	5190
365.702152	6	5244
417.170524	6	5237
90.1482105	6	5282
437.784671	6	5236
406.856060	6	5241
617.257118	6	5214
655.991315	6	5211
403.733015	6	5245
249.114274	6	5265
220.363616	6	5269
419.659614	6	5243
602.073907	6	5220
398.436307	6	5248
281.197786	6	5264
525.788068	6	5232
572.778940	6	5226
529.168128	6	5234
395.840644	6	5253
557.358026	6	5231
382.594347	6	5256
576.498508	6	5230
375.911474	6	5259
556.773900	6	5235
476.903676	6	5247
498.066186	6	5246
342.916011	6	5267
401.100635	6	5261
246.067285	6	5284
496.044635	6	5252
348.954439	6	5276
335.633754	6	5278
511.980295	6	5255
498.774290	6	5257
348.545312	6	5277
192.390680	6	5298
362.921953	6	5279
665.564298	6	5240
419.584989	6	5273
503.528833	6	5263
209.423780	6	5302
621.527671	6	5250
319.118976	6	5292
468.064546	6	5272
389.879703	6	5283
377.723932	6	5285
231.633663	6	5305
311.302185	6	5296
297.852039	6	5299
380.240917	6	5289
275.478839	6	5304
501.008987	6	5274
409.526586	6	5288
178.707599	6	5318
557.224988	6	5268
696.518898	6	5251
542.753458	6	5271
482.909679	6	5281
364.590644	6	5297
602.594137	6	5266
406.584978	6	5293
541.347742	6	5275
716.098308	6	5254
367.099046	6	5301
682.496070	6	5260
239.439249	6	5319
278.229475	6	5316
517.754316	6	5286
648.968458	6	5270
346.503257	6	5312
274.404287	6	5322
166.039943	6	5336
153.716325	6	5338
430.974960	6	5303
395.483255	6	5309
535.619020	6	5291
361.769199	6	5317
553.554534	6	5294
334.401607	6	5325
350.536108	6	5323
94.8817729	6	5356
473.376512	6	5308
392.432689	6	5321
704.239845	6	5280
256.857395	6	5339
303.934574	6	5334
400.614976	6	5324
241.769790	6	5344
627.482175	6	5295
493.340969	6	5313
487.872123	6	5315
145.113229	6	5359
386.792659	6	5332
533.196449	6	5314
353.148698	6	5337
306.133747	6	5345
612.325906	6	5306
334.844589	6	5342
329.763174	6	5343
229.530572	6	5357
454.822540	6	5329
597.384214	6	5311
445.732593	6	5331
390.862226	6	5341
800.794124	6	5290
542.816162	6	5327
384.829282	6	5347
699.794530	6	5307
503.343820	6	5333
857.545852	6	5287
302.002429	6	5358
150.059223	6	5379
177.643060	6	5377
194.519758	6	5376
300.680637	6	5362
290.548563	6	5364
588.995933	6	5326
301.431179	6	5363
388.553857	6	5352
741.424322	6	5310
318.302869	6	5365
230.975389	6	5378
579.149484	6	5335
220.193386	6	5382
225.804090	6	5383
476.788759	6	5354
345.184087	6	5372
329.280376	6	5374
259.772539	6	5384
254.431247	6	5385
695.742368	6	5328
499.067068	6	5353
487.573146	6	5355
390.007495	6	5369
539.142847	6	5349
692.528963	6	5330
456.765174	6	5361
309.683799	6	5381
228.675127	6	5392
182.375192	6	5398
793.190956	6	5320
635.253667	6	5340
198.479413	6	5397
221.368789	6	5396
242.260932	6	5394
299.795627	6	5387
457.885026	6	5367
583.758354	6	5350
400.173425	6	5375
213.398933	6	5399
620.566606	6	5346
988.030195	6	5300
467.263460	6	5368
603.798627	6	5351
326.856851	6	5389
281.828641	6	5395
512.025117	6	5366
556.727886	6	5360
357.801198	6	5388
661.076068	6	5348
492.771148	6	5371
341.064929	6	5391
507.720947	6	5370
484.539031	6	5373
331.161260	6	5393
397.865056	6	5386
445.001602	6	5390
384.984254	6	5400
572.036027	6	5380
avg:  404.27701945658083
std:  185.3350282050039
p95:  761.9439244270326
p99:  963.3228826522827
com:  129.75198158104078
thg:  12.97519815810408
FCT:  41.61786150932312
que:  320.24877543802614
los:  0.0
5400 0
**********************
