[ 4  7 12 ... 10  7 12]
84.2111110	6	1
94.4793224	6	3
84.2633247	6	4
84.9385261	6	5
85.9107971	6	6
80.2888870	6	7
85.0937366	6	8
86.1303806	6	9
85.1569175	6	11
76.6794681	6	12
228.262662	16	2
80.4896354	6	14
81.2911987	6	15
84.6657752	6	16
80.3010463	6	17
80.7907581	6	18
83.1232070	6	19
80.2886486	6	20
83.2710266	6	22
80.9864997	6	23
227.309465	16	10
80.8656215	6	25
84.0947628	6	26
227.809190	16	13
80.2295207	6	27
80.8098316	6	28
80.5397033	6	29
85.7927799	6	30
81.7759037	6	31
79.2503356	6	33
82.7651023	6	34
227.942466	16	21
79.1206359	6	36
83.8644504	6	37
228.659629	16	24
86.6718292	6	38
80.0626277	6	39
81.1758041	6	40
80.8186531	6	41
77.8765678	6	42
85.4098796	6	44
85.7510566	6	45
228.254556	16	32
82.9098224	6	47
82.2362899	6	48
81.3562870	6	49
228.447437	16	35
82.8008651	6	50
82.4766159	6	51
84.9423408	6	52
80.7378292	6	53
82.8683376	6	55
82.3206901	6	56
228.134393	16	43
80.3337097	6	58
78.0522823	6	59
227.425813	16	46
83.9357376	6	60
79.8485279	6	61
79.9214839	6	62
82.3655128	6	63
79.0476799	6	64
79.3409347	6	66
80.2752971	6	67
227.749586	16	54
79.5888900	6	69
83.5592746	6	70
227.959156	16	57
80.6329250	6	71
79.3576240	6	72
81.3126564	6	73
77.6045322	6	74
77.8338909	6	75
78.7212848	6	77
85.3366851	6	78
228.522539	16	65
80.8632373	6	80
80.1699161	6	81
78.2690048	6	82
228.003501	16	68
81.1369419	6	83
80.2216529	6	84
84.3045711	6	85
84.7508907	6	86
77.1348476	6	88
83.9433670	6	89
227.892637	16	76
82.9606056	6	91
77.3792266	6	92
81.5782546	6	93
228.212118	16	79
82.5445652	6	94
82.7183723	6	95
83.0986499	6	96
84.5053195	6	97
84.0971469	6	99
80.3616046	6	100
228.346109	16	87
77.1145820	6	102
80.9347629	6	103
227.440595	16	90
85.1180553	6	104
81.5179347	6	105
80.7743072	6	106
85.7920646	6	107
78.7084102	6	108
78.1466960	6	110
85.6657028	6	111
227.922201	16	98
84.4120979	6	113
81.0306072	6	114
80.8048248	6	115
228.900432	16	101
80.2421569	6	116
85.7276916	6	117
79.9162387	6	118
84.6140384	6	119
76.9126415	6	121
77.6658058	6	122
227.932214	16	109
78.2179832	6	124
84.5773220	6	125
227.523803	16	112
83.0345153	6	126
76.7037868	6	127
82.4811458	6	128
82.5583934	6	129
80.3883075	6	130
82.5989246	6	132
80.2707672	6	133
227.864027	16	120
79.8473358	6	135
82.4985504	6	136
80.4908275	6	137
228.595018	16	123
78.0503749	6	138
85.1423740	6	139
84.5339298	6	140
80.9545516	6	141
78.4783363	6	143
77.9592990	6	144
228.258609	16	131
79.9143314	6	146
83.2748413	6	147
79.9276828	6	148
228.103876	16	134
84.5599174	6	149
80.5463790	6	150
79.1211128	6	151
80.2531242	6	152
79.0395736	6	154
82.8833580	6	155
227.989673	16	142
80.7559490	6	157
78.6514282	6	158
227.595329	16	145
83.6789608	6	159
80.4080963	6	160
80.2278518	6	161
79.7083377	6	162
84.9506855	6	163
78.2907009	6	165
83.4999084	6	166
227.944612	16	153
79.3397426	6	168
80.0726413	6	169
78.2399177	6	170
228.355884	16	156
79.8673629	6	171
86.5590572	6	172
80.4295539	6	173
84.7105979	6	174
85.0186347	6	176
80.0032615	6	177
227.750778	16	164
83.0631256	6	179
81.3634395	6	180
77.8486728	6	181
228.150606	16	167
80.5342197	6	182
79.3659687	6	183
84.8255157	6	184
80.1022052	6	185
79.4336795	6	187
79.7278881	6	188
227.750062	16	175
84.1462612	6	190
83.4653377	6	191
227.780580	16	178
81.9296836	6	192
79.3142318	6	193
83.9414596	6	194
83.3847522	6	195
80.6224346	6	196
84.7809314	6	198
82.0634365	6	199
227.446317	16	186
83.0209255	6	201
76.8771171	6	202
228.562116	16	189
81.6531181	6	203
78.9957046	6	204
84.9459171	6	205
83.5926532	6	206
80.0178050	6	207
86.6277217	6	209
80.2371501	6	210
227.384328	16	197
80.9843540	6	212
80.6281566	6	213
227.823495	16	200
81.4003944	6	214
80.0774097	6	215
80.1737308	6	216
84.7141742	6	217
80.1365375	6	218
85.9613418	6	220
81.3832283	6	221
226.864337	16	208
80.5852413	6	223
81.1553001	6	224
227.816104	16	211
81.6023349	6	225
82.6270580	6	226
83.5766792	6	227
82.0536613	6	228
83.5564136	6	229
83.4691524	6	231
84.9709510	6	232
228.375196	16	219
80.6770324	6	234
80.5892944	6	235
228.025436	16	222
85.4570865	6	236
80.8885097	6	237
80.7445049	6	238
76.5957832	6	239
84.3470096	6	240
78.0594348	6	242
79.8757076	6	243
229.064702	16	230
81.4170837	6	245
82.7231407	6	246
228.250741	16	233
83.2691192	6	247
80.4455280	6	248
86.3411426	6	249
79.5807838	6	250
82.9150676	6	251
80.9309482	6	253
82.9329490	6	254
229.259014	16	241
79.3263912	6	256
81.7189216	6	257
80.3964138	6	258
227.856874	16	244
80.6379318	6	259
86.3070487	6	260
81.5563201	6	261
85.2847099	6	262
79.9758434	6	264
76.8253803	6	265
228.023767	16	252
80.0065994	6	267
83.0018520	6	268
227.774381	16	255
82.1025371	6	269
81.1777114	6	270
86.1670970	6	271
79.2148113	6	272
83.5783481	6	273
84.2969417	6	275
82.2925567	6	276
227.639913	16	263
80.7120800	6	278
80.3854465	6	279
78.9458751	6	280
228.278160	16	266
85.4265689	6	281
82.0145606	6	282
83.2245349	6	283
79.9481868	6	284
83.4045410	6	286
82.7894210	6	287
228.125810	16	274
80.1103115	6	289
79.4234275	6	290
227.222204	16	277
82.6487541	6	291
80.7077884	6	292
80.4951190	6	293
84.4092369	6	294
79.4093608	6	295
79.8833370	6	297
79.2357921	6	298
227.927684	16	285
82.4060440	6	300
77.7375698	6	301
228.186130	16	288
83.1358432	6	302
83.5113525	6	303
80.6856155	6	304
77.6507854	6	305
78.8810253	6	306
79.3852806	6	308
80.2407264	6	309
228.658437	16	296
80.7394981	6	311
78.6654949	6	312
227.496623	16	299
84.9888324	6	313
83.3117961	6	314
80.4696083	6	315
78.7653923	6	316
78.9439678	6	317
78.2928466	6	319
81.3252925	6	320
227.710247	16	307
77.6145458	6	322
86.8668556	6	323
228.133440	16	310
79.6310901	6	324
80.4955959	6	325
84.6667289	6	326
85.7861042	6	327
80.4905891	6	328
81.2652111	6	330
80.5931091	6	331
227.609395	16	318
83.6207866	6	333
81.3233852	6	334
227.888107	16	321
81.6161632	6	335
80.4615020	6	336
81.3803672	6	337
78.8598060	6	338
77.9137611	6	339
85.8132839	6	341
79.6165466	6	342
228.063106	16	329
80.6701183	6	344
84.1450691	6	345
80.1267623	6	346
227.943658	16	332
80.1064968	6	347
82.2832584	6	348
82.8835964	6	349
80.3706645	6	350
77.9755115	6	352
82.3447704	6	353
228.080511	16	340
80.3854465	6	355
83.7085247	6	356
227.862358	16	343
83.4734439	6	357
79.5173645	6	358
87.3849391	6	359
82.5777053	6	360
81.3515186	6	361
79.6742439	6	363
81.0575485	6	364
227.788209	16	351
80.4395675	6	366
82.3023319	6	367
78.7034034	6	368
229.163646	16	354
77.8479576	6	369
79.5965194	6	370
77.8203010	6	371
84.8288536	6	372
82.6268196	6	374
80.3713798	6	375
228.131532	16	362
82.6349258	6	377
77.6603221	6	378
228.102445	16	365
82.3411941	6	379
85.6192111	6	380
82.9663276	6	381
79.9093246	6	382
78.8209438	6	383
77.3577690	6	385
84.1970443	6	386
227.643966	16	373
80.9350013	6	388
81.2432765	6	389
228.284597	16	376
81.3221931	6	390
80.6703567	6	391
81.0410976	6	392
78.8466930	6	393
86.2364768	6	394
78.1922340	6	396
82.9408168	6	397
227.679252	16	384
80.8615684	6	399
79.1084766	6	400
79.5218944	6	401
228.076457	16	387
83.4856033	6	402
82.8330516	6	403
81.6237926	6	404
80.6965827	6	405
84.6736431	6	407
79.8606872	6	408
227.762222	16	395
83.3413600	6	410
81.2301635	6	411
228.084325	16	398
82.1137428	6	412
81.6376209	6	413
80.5885791	6	414
77.9094696	6	415
78.4554481	6	416
87.5072479	6	418
81.5601348	6	419
227.543592	16	406
80.3356170	6	421
80.4440975	6	422
80.8558464	6	423
229.353427	16	409
80.5628299	6	424
85.8528614	6	425
82.4747085	6	426
80.6474685	6	427
78.1421661	6	429
79.0095329	6	430
228.710174	16	417
80.5685520	6	432
83.3833217	6	433
227.794647	16	420
80.6040763	6	434
81.8667411	6	435
81.6531181	6	436
79.7460079	6	437
78.8831710	6	438
78.1326293	6	440
83.6458206	6	441
227.390289	16	428
80.2767276	6	443
80.7659626	6	444
78.8695812	6	445
228.100299	16	431
79.7536373	6	446
82.8108787	6	447
80.8405876	6	448
76.6999721	6	449
78.7627696	6	451
78.3863067	6	452
228.249311	16	439
82.5641155	6	454
81.2621116	6	455
228.140592	16	442
80.9552669	6	456
83.5714340	6	457
80.3856849	6	458
83.1277370	6	459
80.4917812	6	460
82.8375816	6	462
81.3198089	6	463
227.761507	16	450
83.0154418	6	465
78.0358314	6	466
227.858066	16	453
82.8933715	6	467
81.3913345	6	468
81.3283920	6	469
83.0216407	6	470
78.0997276	6	471
83.0655097	6	473
80.9121131	6	474
228.284358	16	461
81.3810825	6	476
78.8004398	6	477
228.185892	16	464
85.9346389	6	478
79.4718265	6	479
81.4013481	6	480
84.2819213	6	481
78.9186954	6	482
79.0288448	6	484
81.9811820	6	485
228.492021	16	472
79.3042182	6	487
77.9831409	6	488
228.124856	16	475
84.6750736	6	489
79.6575546	6	490
84.3207836	6	491
79.8554420	6	492
77.3379802	6	493
78.5465240	6	495
79.3275833	6	496
227.653264	16	483
79.4978141	6	498
78.0775547	6	499
227.560281	16	486
82.2136402	6	500
84.9332809	6	501
80.2905559	6	502
82.5057029	6	503
80.4607868	6	504
78.7942409	6	506
84.9983692	6	507
227.951049	16	494
80.9183120	6	509
80.9276103	6	510
227.672100	16	497
80.9726715	6	511
79.3888568	6	512
81.0320377	6	513
80.1200866	6	514
85.5782032	6	515
78.1888961	6	517
83.5106372	6	518
228.335380	16	505
78.6910057	6	520
77.5215625	6	521
78.9194107	6	522
228.875875	16	508
84.7451686	6	523
81.3517570	6	524
80.2710056	6	525
76.6093730	6	526
84.8300457	6	528
80.6102752	6	529
227.703809	16	516
80.8568000	6	531
80.0387859	6	532
78.7875652	6	533
227.732181	16	519
83.0552577	6	534
83.8963985	6	535
82.8964710	6	536
80.1362991	6	537
78.5520076	6	539
83.7209224	6	540
228.676319	16	527
83.0543041	6	542
77.0599842	6	543
228.573322	16	530
80.4624557	6	544
80.7991027	6	545
85.4449272	6	546
80.8010101	6	547
76.4575004	6	548
86.2953662	6	550
81.1581611	6	551
227.708101	16	538
85.2849483	6	553
82.0908546	6	554
79.0472030	6	555
227.253198	16	541
81.0854434	6	556
82.9246044	6	557
84.4764709	6	558
79.1468620	6	559
83.2285881	6	561
77.4407386	6	562
227.955818	16	549
77.9674053	6	564
80.8262825	6	565
227.328062	16	552
84.9909782	6	566
81.5105438	6	567
80.9907913	6	568
82.8425884	6	569
81.0196399	6	570
83.0364227	6	572
80.0898075	6	573
227.513790	16	560
79.5466899	6	575
80.3332328	6	576
80.7573795	6	577
228.642225	16	563
78.1757831	6	578
83.2111835	6	579
83.3909511	6	580
80.2838802	6	581
78.3121585	6	583
83.4128856	6	584
228.760480	16	571
82.8592777	6	586
80.2450180	6	587
227.910518	16	574
83.1503868	6	588
79.8795223	6	589
80.6567668	6	590
79.2844295	6	591
76.8327713	6	592
86.4331722	6	594
79.7276496	6	595
227.204322	16	582
78.7324905	6	597
80.3136825	6	598
227.967977	16	585
83.5723876	6	599
85.2386951	6	600
82.2453498	6	601
82.4801921	6	602
77.8925418	6	603
83.7202072	6	605
78.3522129	6	606
228.168725	16	593
83.9745998	6	608
80.6219577	6	609
80.5721282	6	610
228.749275	16	596
81.4170837	6	611
84.5065116	6	612
82.7777385	6	613
78.7198543	6	614
84.5496654	6	616
81.1598300	6	617
227.981805	16	604
80.4152488	6	619
83.0664634	6	620
80.4338455	6	621
228.354215	16	607
79.2920589	6	622
85.3943824	6	623
83.4925174	6	624
81.8834304	6	625
86.8868827	6	627
80.4193019	6	628
227.871179	16	615
78.9632797	6	630
80.5892944	6	631
81.0580253	6	632
227.939128	16	618
82.6404094	6	633
80.8055400	6	634
82.2565555	6	635
80.4691314	6	636
84.7239494	6	638
78.1786441	6	639
227.587223	16	626
83.5433006	6	641
78.4614086	6	642
228.129386	16	629
83.3957195	6	643
81.3663005	6	644
83.9955806	6	645
81.8765163	6	646
81.2919139	6	647
81.6512107	6	649
80.2330970	6	650
228.634357	16	637
84.3186378	6	652
80.0290107	6	653
228.008270	16	640
80.7144641	6	654
82.6511383	6	655
84.6672058	6	656
79.8878669	6	657
80.0528526	6	658
83.5437774	6	660
78.7017345	6	661
227.864027	16	648
83.9807987	6	663
79.9472332	6	664
227.715253	16	651
85.3803157	6	665
78.7620544	6	666
82.9102993	6	667
77.2163867	6	668
85.7365131	6	669
76.6801834	6	671
78.7963867	6	672
227.427244	16	659
78.6726474	6	674
80.2986621	6	675
228.645324	16	662
81.1305046	6	676
80.2392959	6	677
80.4841518	6	678
86.0285758	6	679
82.0598602	6	680
78.9074897	6	682
81.9966793	6	683
228.319883	16	670
80.5094242	6	685
80.2800655	6	686
228.301763	16	673
82.6842784	6	687
79.7321796	6	688
83.4221839	6	689
80.4214477	6	690
77.5868892	6	691
78.9875984	6	693
85.0369930	6	694
228.108406	16	681
81.1538696	6	696
80.6803703	6	697
81.7322731	6	698
228.242874	16	684
79.0331363	6	699
86.3811969	6	700
79.6937942	6	701
83.6660861	6	702
81.0840129	6	704
86.6613388	6	705
227.740049	16	692
82.5834274	6	707
83.9035511	6	708
228.312969	16	695
84.3808650	6	709
84.2242240	6	710
80.1918506	6	711
78.6583423	6	712
86.0450267	6	713
77.4760246	6	715
82.5316905	6	716
227.902412	16	703
77.9817104	6	718
81.2981128	6	719
80.3244113	6	720
227.624654	16	706
84.7489833	6	721
80.4357528	6	722
82.8716754	6	723
86.1284732	6	724
80.2843570	6	726
85.3176116	6	727
228.384971	16	714
83.2819938	6	729
78.6340236	6	730
228.620767	16	717
81.2096595	6	731
83.0049514	6	732
86.9562625	6	733
78.7746906	6	734
83.4546089	6	735
77.1238803	6	737
84.1262340	6	738
228.101253	16	725
77.2998332	6	740
83.9471817	6	741
227.631807	16	728
80.2977085	6	742
83.7399959	6	743
80.3472995	6	744
84.0704441	6	745
80.9576511	6	746
81.0501575	6	748
77.7280330	6	749
228.619813	16	736
79.5106887	6	751
80.0149440	6	752
227.858066	16	739
84.9952697	6	753
79.6558856	6	754
82.0121765	6	755
80.1484584	6	756
80.7106494	6	757
77.9242515	6	759
79.1847705	6	760
228.139162	16	747
80.6634426	6	762
84.9485397	6	763
80.9535980	6	764
227.694034	16	750
82.6730728	6	765
80.1951885	6	766
83.7631225	6	767
80.1291465	6	768
78.6182880	6	770
83.7900638	6	771
228.697776	16	758
80.4388523	6	773
81.5360546	6	774
227.940559	16	761
83.4212303	6	775
81.6113948	6	776
85.5350494	6	777
83.8425159	6	778
82.6032161	6	779
82.4322700	6	781
78.4165859	6	782
227.915525	16	769
81.2141895	6	784
82.8070640	6	785
80.0983905	6	786
227.714538	16	772
78.0763626	6	787
80.1117420	6	788
76.8561363	6	789
79.5774459	6	790
78.7966251	6	792
76.9696235	6	793
227.944374	16	780
79.9293518	6	795
77.2333145	6	796
79.7533988	6	797
228.012561	16	783
83.7445259	6	798
81.0699462	6	799
86.8415832	6	800
80.0285339	6	801
79.4167518	6	803
85.9792232	6	804
228.185415	16	791
80.0538063	6	806
78.5365104	6	807
227.997064	16	794
86.0307216	6	808
80.5487632	6	809
80.0144672	6	810
85.9096050	6	811
80.2724361	6	812
85.0038528	6	814
80.7325839	6	815
228.050708	16	802
77.8293609	6	817
77.5892734	6	818
228.932857	16	805
82.8807353	6	819
78.7143707	6	820
82.0500850	6	821
84.8178863	6	822
80.5644989	6	823
83.4794044	6	825
81.0050964	6	826
228.128671	16	813
80.1980495	6	828
82.8201770	6	829
227.451562	16	816
84.6111774	6	830
78.2949924	6	831
80.6005001	6	832
81.4058780	6	833
81.5069675	6	834
82.9188823	6	836
83.2941532	6	837
229.946374	16	824
83.0776691	6	839
83.1959247	6	840
78.7560939	6	841
228.694438	16	827
79.4174671	6	842
84.6462249	6	843
83.1251144	6	844
81.1226367	6	845
84.8803520	6	847
81.1846256	6	848
228.293895	16	835
81.0811519	6	850
84.2397212	6	851
80.2130699	6	852
227.821111	16	838
77.5024890	6	853
82.3330879	6	854
83.5509300	6	855
80.1260471	6	856
78.6213874	6	858
77.1567821	6	859
227.746248	16	846
80.7142257	6	861
82.5548171	6	862
227.729320	16	849
83.0054283	6	863
81.0201168	6	864
82.7882289	6	865
82.5059413	6	866
80.2295207	6	867
82.0252895	6	869
80.6758403	6	870
230.298042	16	857
83.6255550	6	872
80.9514522	6	873
227.800607	16	860
81.8789005	6	874
86.0784053	6	875
83.3969116	6	876
84.1159820	6	877
78.0694484	6	878
82.9396247	6	880
83.4150314	6	881
227.524042	16	868
80.2857875	6	883
79.6039104	6	884
227.476119	16	871
84.3183994	6	885
80.0454616	6	886
82.7479362	6	887
81.9211006	6	888
80.0457000	6	889
80.1355838	6	891
77.8582096	6	892
227.264881	16	879
79.8308849	6	894
84.5985412	6	895
76.6928195	6	896
227.400302	16	882
81.8822383	6	897
82.7326774	6	898
77.8839588	6	899
80.1372528	6	900
85.4477882	6	902
82.8130245	6	903
227.809667	16	890
81.6719532	6	905
84.5332145	6	906
227.634668	16	893
81.1524391	6	907
78.0820846	6	908
81.9897651	6	909
83.9457511	6	910
80.3222656	6	911
80.6326866	6	913
81.1574459	6	914
227.777004	16	901
80.7368755	6	916
80.7309150	6	917
228.039741	16	904
84.2614173	6	918
81.1927318	6	919
81.6452503	6	920
78.3104896	6	921
77.7707099	6	922
87.1374607	6	924
77.1551132	6	925
227.591276	16	912
81.2823772	6	927
80.9943675	6	928
79.2105197	6	929
228.142499	16	915
80.8053016	6	930
83.8575363	6	931
84.3386650	6	932
79.5359611	6	933
83.7898254	6	935
78.3693790	6	936
228.110313	16	923
83.0912590	6	938
81.1011791	6	939
227.890729	16	926
82.2360515	6	940
80.5516242	6	941
83.8606357	6	942
76.8427848	6	943
83.0738544	6	944
83.4777355	6	946
81.1610221	6	947
228.053808	16	934
80.7995796	6	949
83.6791992	6	950
227.728128	16	937
82.1988582	6	951
80.5492401	6	952
81.8908214	6	953
81.5689563	6	954
79.4634819	6	955
78.8269042	6	957
77.8787136	6	958
228.183269	16	945
80.3174972	6	960
78.2647132	6	961
228.041172	16	94883.4655761	6	962

80.0633430	6	963
83.1332206	6	964
78.0220031	6	965
79.0550708	6	966
79.6113014	6	968
87.0003700	6	969
229.058265	16	956
83.4128856	6	971
80.5554389	6	972
227.353334	16	959
80.0457000	6	973
83.9200019	6	974
80.6090831	6	975
79.2627334	6	976
84.6130847	6	977
81.3016891	6	979
81.7642211	6	980
227.576971	16	967
81.5498828	6	982
80.3217887	6	983
80.7948112	6	984
228.110551	16	970
83.3768844	6	985
81.3658237	6	986
83.7168693	6	987
77.6820182	6	988
82.3645591	6	990
83.4748744	6	991
228.715419	16	978
80.9524059	6	993
81.7718505	6	994
77.1629810	6	995
227.798223	16	981
85.1655006	6	996
80.4727077	6	997
77.0621299	6	998
76.9882202	6	999
78.3805847	6	1001
85.3669643	6	1002
228.639364	16	989
80.3225040	6	1004
77.7595043	6	1005
78.6895751	6	1006
228.415489	16	992
83.2121372	6	1007
80.7409286	6	1008
79.9937248	6	1009
84.5906734	6	1010
77.8949260	6	1012
79.2598724	6	1013
227.982282	16	1000
80.9640884	6	1015
84.1152667	6	1016
80.2161693	6	1017
228.327989	16	1003
81.7162990	6	1018
81.0449123	6	1019
81.9249153	6	1020
78.2048702	6	1021
84.4461917	6	1023
76.4825344	6	1024
228.105068	16	1011
80.4557800	6	1026
78.5112380	6	1027
228.492021	16	1014
80.5039405	6	1028
80.4164409	6	1029
81.9778442	6	1030
83.8546752	6	1031
79.7967910	6	1032
83.7619304	6	1034
79.1795253	6	1035
227.835178	16	1022
80.2798271	6	1037
83.1382274	6	1038
80.1792144	6	1039
228.390693	16	1025
80.1041126	6	1040
80.6217193	6	1041
83.2984447	6	1042
79.8571109	6	1043
83.7373733	6	1045
80.5006027	6	1046
228.664159	16	1033
80.1887512	6	1048
82.9343795	6	1049
80.1365375	6	1050
228.218793	16	1036
79.1769027	6	1051
82.4434757	6	1052
82.6861858	6	1053
77.9638290	6	1054
77.9819488	6	1056
84.5334529	6	1057
228.661298	16	1044
80.4083347	6	1059
80.9206962	6	1060
81.1514854	6	1061
229.072332	16	1047
82.9863548	6	1062
85.6232643	6	1063
82.0257663	6	1064
80.4550647	6	1065
84.4931602	6	1067
77.9314041	6	1068
227.721214	16	1055
80.5475711	6	1070
80.9092521	6	1071
80.8527469	6	1072
228.131294	16	1058
78.9556503	6	1073
85.5755805	6	1074
77.5213241	6	1075
84.6571922	6	1076
78.0179500	6	1078
83.2681655	6	1079
227.694511	16	1066
80.7070732	6	1081
80.1501274	6	1082
227.953672	16	1069
81.6361904	6	1083
84.8898887	6	1084
83.1623077	6	1085
80.3239345	6	1086
82.9107761	6	1087
78.6354541	6	1089
85.7260227	6	1090
228.103160	16	1077
83.6157798	6	1092
79.7605514	6	1093
79.4217586	6	1094
228.077411	16	1080
82.9718112	6	1095
81.3195705	6	1096
77.9924392	6	1097
86.7831707	6	1098
77.0616531	6	1100
78.6361694	6	1101
227.943658	16	1088
80.5063247	6	1103
81.2563896	6	1104
81.0227394	6	1105
227.633714	16	1091
83.7132930	6	1106
80.2626609	6	1107
84.9449634	6	1108
85.1604938	6	1109
83.1110477	6	1111
80.3437232	6	1112
227.246522	16	1099
79.8730850	6	1114
82.8380584	6	1115
80.0673961	6	1116
228.062629	16	1102
80.0082683	6	1117
80.3861618	6	1118
76.7881870	6	1119
86.1382484	6	1120
82.8130245	6	1122
78.7546634	6	1123
227.746009	16	1110
78.5913467	6	1125
84.2161178	6	1126
227.629184	16	1113
82.8020572	6	1127
80.6283950	6	1128
83.9641094	6	1129
80.5571079	6	1130
79.0367126	6	1131
84.7074985	6	1133
84.7613811	6	1134
228.329896	16	1121
81.6833972	6	1136
83.1649303	6	1137
227.965593	16	1124
81.1388492	6	1138
79.6520709	6	1139
85.2861404	6	1140
82.8952789	6	1141
82.3860168	6	1142
82.9606056	6	1144
76.8537521	6	1145
228.453874	16	1132
80.7235240	6	1147
81.8202495	6	1148
228.033781	16	1135
80.6877613	6	1149
81.0596942	6	1150
80.8708667	6	1151
86.6584777	6	1152
81.6228389	6	1153
83.2743644	6	1155
80.1529884	6	1156
227.994203	16	1143
77.7499675	6	1158
83.7397575	6	1159
228.250503	16	1146
82.8020572	6	1160
79.5695781	6	1161
83.7309360	6	1162
84.2411518	6	1163
81.6657543	6	1164
82.3278427	6	1166
80.6093215	6	1167
228.605747	16	1154
81.5243721	6	1169
84.6166610	6	1170
228.028059	16	1157
80.1832675	6	1171
77.7425765	6	1172
84.9401950	6	1173
83.4157466	6	1174
80.5919170	6	1175
83.1737518	6	1177
80.2791118	6	1178
227.596759	16	1165
79.7994136	6	1180
83.2374095	6	1181
228.760004	16	1168
83.3837985	6	1182
81.0036659	6	1183
81.6037654	6	1184
77.4028301	6	1185
78.2973766	6	1186
85.1562023	6	1188
81.0704231	6	1189
227.854251	16	1176
81.1727046	6	1191
80.3091526	6	1192
79.1902542	6	1193
227.773904	16	1179
79.9000263	6	1194
79.7622203	6	1195
86.4410400	6	1196
80.8496475	6	1197
80.9164047	6	1199
78.3560276	6	1200
228.766918	16	1187
83.4691524	6	1202
82.7274322	6	1203
228.132963	16	1190
81.9838047	6	1204
80.8451175	6	1205
80.5351734	6	1206
79.5357227	6	1207
84.6958160	6	1208
82.5619697	6	1210
81.5081596	6	1211
228.630542	16	1198
79.4961452	6	1213
79.0266990	6	1214
227.452278	16	1201
82.8547477	6	1215
80.7113647	6	1216
80.3067684	6	1217
84.8906040	6	1218
81.1007022	6	1219
80.4891586	6	1221
80.9915065	6	1222
228.686809	16	1209
80.1486968	6	1224
78.2861709	6	1225
227.996587	16	1212
81.8014144	6	1226
78.4986019	6	1227
80.6682109	6	1228
85.7543945	6	1229
77.7180194	6	1230
82.8356742	6	1232
79.9734592	6	1233
227.686643	16	1220
78.4626007	6	1235
80.0576210	6	1236
80.0974369	6	1237
228.440284	16	1223
79.5474052	6	1238
81.3193321	6	1239
83.7957859	6	1240
79.6945095	6	1241
83.7943553	6	1243
80.5275440	6	1244
228.368997	16	1231
78.3581733	6	1246
77.2073268	6	1247
227.556467	16	1234
80.8510780	6	1248
83.2438468	6	1249
79.8983573	6	1250
82.7124118	6	1251
78.3302783	6	1252
81.2764167	6	1254
80.3925991	6	1255
227.250576	16	1242
80.2347660	6	1257
80.1501274	6	1258
77.2597789	6	1259
228.359937	16	1245
84.4528675	6	1260
80.5275440	6	1261
77.8896808	6	1262
84.2149257	6	1263
79.0648460	6	1265
78.4118175	6	1266
227.642774	16	1253
81.9149017	6	1268
79.4284343	6	1269
227.448940	16	1256
86.4305496	6	1270
82.5619697	6	1271
80.8749198	6	1272
79.7343254	6	1273
80.2059173	6	1274
85.0040912	6	1276
81.1195373	6	1277
228.137731	16	1264
79.5438289	6	1279
81.3915729	6	1280
80.9018611	6	1281
228.628396	16	1267
78.0341625	6	1282
84.2216014	6	1283
77.5218009	6	1284
83.3861827	6	1285
78.4344673	6	1287
77.8074264	6	1288
228.537321	16	1275
81.5627574	6	1290
77.1188735	6	1291
227.774620	16	1278
83.5351943	6	1292
77.2130489	6	1293
86.4648818	6	1294
81.4499855	6	1295
85.0281715	6	1296
78.8569450	6	1298
83.2791328	6	1299
227.695941	16	1286
80.6896686	6	1301
80.5160999	6	1302
228.627443	16	1289
80.4631710	6	1303
84.2602252	6	1304
81.5637111	6	1305
82.6611518	6	1306
77.4409770	6	1307
82.8258991	6	1309
79.7069072	6	1310
228.175163	16	1297
81.0997486	6	1312
82.9801559	6	1313
227.559566	16	1300
80.2986621	6	1314
80.9514522	6	1315
82.9496383	6	1316
80.2483558	6	1317
77.3882865	6	1318
77.1720409	6	1320
82.2603702	6	1321
228.499889	16	1308
80.5392265	6	1323
80.1868438	6	1324
80.5089473	6	1325
227.594375	16	1311
80.4746150	6	1326
81.9427967	6	1327
86.6687297	6	1328
76.8218040	6	1329
82.8986167	6	1331
81.1212062	6	1332
227.837562	16	1319
82.4193954	6	1334
79.6740055	6	1335
227.939605	16	1322
79.8206329	6	1336
83.4038257	6	1337
80.7230472	6	1338
83.3990573	6	1339
79.1397094	6	1340
82.6075077	6	1342
81.2566280	6	1343
227.548599	16	1330
80.8393955	6	1345
83.9853286	6	1346
227.979660	16	1333
81.3651084	6	1347
79.4889926	6	1348
80.1529884	6	1349
84.8145484	6	1350
78.1455039	6	1351
78.1171321	6	1353
82.1704864	6	1354
227.554082	16	1341
80.6195735	6	1356
78.2871246	6	1357
228.501558	16	1344
82.4410915	6	1358
80.3632736	6	1359
83.3134651	6	1360
80.0428390	6	1361
77.6562690	6	1362
78.9318084	6	1364
79.0603160	6	1365
227.542638	16	1352
83.3916664	6	1367
80.4860591	6	1368
228.315353	16	1355
83.4007263	6	1369
81.4077854	6	1370
80.7616710	6	1371
80.5344581	6	1372
80.8575153	6	1373
84.5308303	6	1375
80.4870128	6	1376
228.837013	16	1363
77.4950981	6	1378
83.6207866	6	1379
79.8649787	6	1380
228.505611	16	1366
78.2754421	6	1381
84.5370292	6	1382
86.3013267	6	1383
80.7805061	6	1384
80.1758766	6	1386
83.8701725	6	1387
228.214979	16	1374
80.1920890	6	1389
82.3934078	6	1390
227.559328	16	1377
83.3599567	6	1391
80.0993442	6	1392
83.6308002	6	1393
78.3283710	6	1394
83.6174488	6	1395
84.4137668	6	1397
80.4049968	6	1398
227.878808	16	1385
80.1517963	6	1400
82.5405120	6	1401
79.0951251	6	1402
227.872371	16	1388
81.5565586	6	1403
83.5678577	6	1404
82.0744037	6	1405
80.0821781	6	1406
81.3567638	6	1408
77.7523517	6	1409
228.850364	16	1396
80.6503295	6	1411
84.7799777	6	1412
80.3110599	6	1413
228.254079	16	1399
78.1495571	6	1414
81.1870098	6	1415
77.1148204	6	1416
77.9359340	6	1417
78.1700611	6	1419
85.2077007	6	1420
227.984905	16	1407
80.1656246	6	1422
83.2281112	6	1423
79.0753364	6	1424
228.493452	16	1410
78.9916515	6	1425
80.5218219	6	1426
81.4914703	6	1427
85.2634906	6	1428
78.8025856	6	1430
83.0976963	6	1431
227.529764	16	1418
82.1981430	6	1433
80.7342529	6	1434
78.6480903	6	1435
227.892160	16	1421
85.9758853	6	1436
81.0139179	6	1437
83.8985443	6	1438
83.0242633	6	1439
79.4379711	6	1441
78.2470703	6	1442
227.962493	16	1429
80.0552368	6	1444
79.4467926	6	1445
228.503465	16	1432
85.6685638	6	1446
80.4755687	6	1447
84.8259925	6	1448
80.5134773	6	1449
80.8517932	6	1450
79.5531272	6	1452
83.2152366	6	1453
228.172540	16	1440
83.9014053	6	1455
80.9104442	6	1456
77.5361061	6	1457
227.960586	16	1443
78.4182548	6	1458
84.0406417	6	1459
80.2671909	6	1460
80.5261135	6	1461
83.5223197	6	1463
77.9576301	6	1464
228.183031	16	1451
80.1815986	6	1466
80.1463127	6	1467
227.667331	16	1454
81.7708969	6	1468
81.6264152	6	1469
83.3675861	6	1470
81.6576480	6	1471
81.4232826	6	1472
78.0467987	6	1474
80.3134441	6	1475
227.673292	16	1462
81.3252925	6	1477
77.7754783	6	1478
77.7842998	6	1479
229.933261	16	1465
82.7357769	6	1480
80.1012516	6	1481
79.4384479	6	1482
78.0544281	6	1483
84.6183300	6	1485
79.8556804	6	1486
228.384733	16	1473
83.0876827	6	1488
81.3550949	6	1489
78.1888961	6	1490
228.042364	16	1476
80.7383060	6	1491
80.2416801	6	1492
76.7009258	6	1493
86.5187644	6	1494
82.7646255	6	1496
81.4530849	6	1497
227.878332	16	1484
79.6308517	6	1499
80.8515548	6	1500
81.1910629	6	1501
228.725910	16	1487
84.5096111	6	1502
80.8935165	6	1503
82.5595855	6	1504
78.0203342	6	1505
77.9078006	6	1507
80.5659294	6	1508
228.544473	16	1495
80.6517601	6	1510
79.4763565	6	1511
228.334903	16	1498
84.1779708	6	1512
81.0518264	6	1513
83.8813781	6	1514
79.8902511	6	1515
79.6678066	6	1516
79.1640281	6	1518
80.2590847	6	1519
227.840185	16	1506
77.2261619	6	1521
76.5957832	6	1522
78.9685249	6	1523
227.820873	16	1509
79.6852111	6	1524
84.2919349	6	1525
80.1196098	6	1526
79.5879364	6	1527
81.0210704	6	1529
80.3015232	6	1530
228.111267	16	1517
79.8611640	6	1532
85.6885910	6	1533
227.465391	16	1520
83.5099220	6	1534
80.3446769	6	1535
83.0044746	6	1536
78.1204700	6	1537
84.7671031	6	1538
82.6821327	6	1540
80.7740688	6	1541
228.073596	16	1528
80.2626609	6	1543
76.5235424	6	1544
228.065967	16	1531
83.2965373	6	1545
80.8427333	6	1546
80.2605152	6	1547
77.8143405	6	1548
78.8440704	6	1549
78.7875652	6	1551
84.4690799	6	1552
228.521347	16	1539
78.6151885	6	1554
79.1347026	6	1555
227.998971	16	1542
82.0033550	6	1556
78.6211490	6	1557
82.6573371	6	1558
79.9641609	6	1559
82.9024314	6	1560
79.1220664	6	1562
79.4932842	6	1563
228.109121	16	1550
79.6532630	6	1565
80.0976753	6	1566
79.8969268	6	1567
228.063583	16	1553
81.0825824	6	1568
81.0184478	6	1569
83.9300155	6	1570
78.9475440	6	1571
79.7293186	6	1573
83.7154388	6	1574
227.766990	16	1561
80.4495811	6	1576
78.1209468	6	1577
228.070974	16	1564
82.7405452	6	1578
81.2652111	6	1579
83.3022594	6	1580
81.1784267	6	1581
80.8169841	6	1582
84.3052864	6	1584
80.1558494	6	1585
228.214502	16	1572
80.4636478	6	1587
76.9255161	6	1588
81.4528465	6	1589
228.567600	16	1575
81.1023712	6	1590
86.8377685	6	1591
80.3370475	6	1592
79.4897079	6	1593
84.8774909	6	1595
83.2767486	6	1596
227.909088	16	1583
80.6696414	6	1598
81.1886787	6	1599
227.531433	16	1586
80.3341865	6	1600
82.6301574	6	1601
83.4853649	6	1602
82.9513072	6	1603
80.4207324	6	1604
78.3963203	6	1606
83.0223560	6	1607
228.460311	16	1594
77.2533416	6	1609
81.9807052	6	1610
227.776527	16	1597
82.0400714	6	1611
81.6025733	6	1612
83.1456184	6	1613
79.2300701	6	1614
80.3239345	6	1615
80.7263851	6	1617
77.0964622	6	1618
227.732181	16	1605
80.5530548	6	1620
84.8402976	6	1621
78.9554119	6	1622
227.634191	16	1608
79.9531936	6	1623
83.5120677	6	1624
77.6894092	6	1625
81.8233489	6	1626
78.0658721	6	1628
85.1233005	6	1629
228.317975	16	1616
81.2978744	6	1631
80.8510780	6	1632
227.946519	16	1619
81.8641185	6	1633
82.5712680	6	1634
83.5847854	6	1635
80.4114341	6	1636
80.3551673	6	1637
83.1973552	6	1639
78.0463218	6	1640
229.620218	16	1627
77.9581069	6	1642
80.9843540	6	1643
80.3449153	6	1644
228.046655	16	1630
80.6801319	6	1645
86.0207080	6	1646
83.6131572	6	1647
79.7021389	6	1648
78.9053440	6	1650
79.0147781	6	1651
228.040933	16	1638
80.7058811	6	1653
80.8050632	6	1654
80.1277160	6	1655
228.109836	16	1641
78.9973735	6	1656
82.1247100	6	1657
78.6583423	6	1658
79.0803432	6	1659
86.2188339	6	1661
78.1257152	6	1662
228.629827	16	1649
79.1649818	6	1664
82.3733806	6	1665
228.211402	16	1652
81.8090438	6	1666
83.0564498	6	1667
81.6702842	6	1668
84.7380161	6	1669
79.4205665	6	1670
84.3701362	6	1672
82.8270912	6	1673
227.258682	16	1660
80.6589126	6	1675
83.7113857	6	1676
228.057384	16	1663
85.5937004	6	1677
82.1590423	6	1678
82.5319290	6	1679
84.0308666	6	1680
80.4431438	6	1681
78.0899524	6	1683
82.4291706	6	1684
227.486371	16	1671
83.4367275	6	1686
80.3668498	6	1687
227.797508	16	1674
83.3585262	6	1688
80.9664726	6	1689
81.6054344	6	1690
80.0161361	6	1691
85.4623317	6	1692
83.8341712	6	1694
80.6117057	6	1695
227.688312	16	1682
78.2601833	6	1697
84.4705104	6	1698
78.7413120	6	1699
228.329896	16	1685
82.6518535	6	1700
82.7140808	6	1701
81.2013149	6	1702
78.4261226	6	1703
83.8484764	6	1705
81.2227725	6	1706
227.364063	16	1693
81.1052322	6	1708
82.8671455	6	1709
78.9651870	6	1710
227.811098	16	1696
83.0621719	6	1711
83.7020874	6	1712
84.1586589	6	1713
79.1633129	6	1714
78.1691074	6	1716
84.5298767	6	1717
228.677511	16	1704
83.4157466	6	1719
86.5473747	6	1720
80.1184177	6	1721
227.797985	16	1707
83.8136672	6	1722
80.3768634	6	1723
80.4405212	6	1724
80.4910659	6	1725
84.1982364	6	1727
82.3273658	6	1728
227.363109	16	1715
80.5685520	6	1730
78.5276889	6	1731
77.5649547	6	1732
227.972507	16	1718
83.0552577	6	1733
84.4461917	6	1734
82.9668045	6	1735
80.4796218	6	1736
80.4300308	6	1738
80.3918838	6	1739
227.552413	16	1726
76.8063068	6	1741
82.9718112	6	1742
81.2480449	6	1743
228.791713	16	1729
80.4059505	6	1744
79.7319412	6	1745
77.8808593	6	1746
85.0577354	6	1747
80.6789398	6	1749
83.3666324	6	1750
228.116750	16	1737
79.9612998	6	1752
85.8824253	6	1753
227.933645	16	1740
83.5754871	6	1754
83.5683345	6	1755
81.9666385	6	1756
77.5592327	6	1757
83.0652713	6	1758
80.8734893	6	1760
80.4965496	6	1761
227.879285	16	1748
82.3466777	6	1763
80.1975727	6	1764
80.3387165	6	1765
228.270769	16	1751
80.5456638	6	1766
81.0058116	6	1767
77.5516033	6	1768
84.5634937	6	1769
81.0651779	6	1771
77.3246288	6	1772
227.333545	16	1759
83.1849575	6	1774
80.5644989	6	1775
227.527379	16	1762
80.1668167	6	1776
79.8645019	6	1777
83.2788944	6	1778
81.0446739	6	1779
79.1025161	6	1780
82.7505588	6	1782
78.7763595	6	1783
227.838993	16	1770
80.6434154	6	1785
80.9953212	6	1786
228.608608	16	1773
81.3910961	6	1787
78.6004066	6	1788
81.4177989	6	1789
76.5502452	6	1790
85.6497287	6	1791
77.8942108	6	1793
83.4326744	6	1794
228.702306	16	1781
82.8297138	6	1796
80.4946422	6	1797
79.3640613	6	1798
228.613376	16	1784
83.0211639	6	1799
86.1814022	6	1800
81.0482501	6	1801
84.7117900	6	1802
78.0463218	6	1804
228.034496	16	1792
84.9478244	6	1805
82.5448036	6	1807
228.256464	16	1795
85.0036144	6	1808
84.5918655	6	1809
81.1452865	6	1810
80.2485942	6	1811
86.2860679	6	1812
84.8953723	6	1813
81.6457271	6	1815
80.2986621	6	1816
228.405952	16	1803
80.3570747	6	1818
80.8510780	6	1819
228.286743	16	1806
85.7694149	6	1820
79.5271396	6	1821
83.0705165	6	1822
76.9846439	6	1823
84.3431949	6	1824
82.6420783	6	1826
82.2699069	6	1827
227.844953	16	1814
85.0687026	6	1829
77.2285461	6	1830
228.559970	16	1817
81.6202163	6	1831
83.4958553	6	1832
84.4726562	6	1833
86.0972404	6	1834
76.9147872	6	1835
83.8193893	6	1837
80.9717178	6	1838
228.375673	16	1825
80.2412033	6	1840
83.5919380	6	1841
80.9347629	6	1842
227.492332	16	1828
81.3229084	6	1843
80.7340145	6	1844
84.7892761	6	1845
79.6816349	6	1846
79.8699855	6	1848
76.9798755	6	1849
227.760076	16	1836
82.7758312	6	1851
82.3144912	6	1852
227.070569	16	1839
80.8596611	6	1853
78.5067081	6	1854
82.1921825	6	1855
83.3654403	6	1856
80.3694725	6	1857
80.7030200	6	1859
77.4853229	6	1860
231.448173	16	1847
83.4610462	6	1862
81.7499160	6	1863
227.934837	16	1850
83.3237171	6	1864
78.6473751	6	1865
80.7635784	6	1866
83.6350917	6	1867
79.1652202	6	1868
81.6507339	6	1870
81.8476676	6	1871
228.888988	16	1858
79.9105167	6	1873
80.6622505	6	1874
228.150129	16	1861
83.9269161	6	1875
81.0787677	6	1876
81.8283557	6	1877
84.1000080	6	1878
80.5153846	6	1879
80.9838771	6	1881
80.3029537	6	1882
227.619647	16	1869
80.2187919	6	1884
82.7405452	6	1885
81.5050601	6	1886
228.876352	16	1872
79.6775817	6	1887
83.4984779	6	1888
83.0745697	6	1889
82.1564197	6	1890
78.6795616	6	1892
85.7656002	6	1893
227.916717	16	1880
79.4789791	6	1895
80.3542137	6	1896
80.3353786	6	1897
229.520320	16	1883
82.9517841	6	1898
80.9884071	6	1899
79.3409347	6	1900
81.9082260	6	1901
81.9096565	6	1903
81.1302661	6	1904
227.969408	16	1891
76.7376422	6	1906
84.2180252	6	1907
80.5487632	6	1908
227.849483	16	1894
76.6024589	6	1909
85.0667953	6	1910
82.7071666	6	1911
82.0441246	6	1912
80.0483226	6	1914
76.9734382	6	1915
227.667570	16	1902
80.1362991	6	1917
85.2918624	6	1918
228.063821	16	1905
80.8308124	6	1919
85.6535434	6	1920
80.4054737	6	1921
78.2067775	6	1922
80.2369117	6	1923
82.7200412	6	1925
80.8522701	6	1926
227.525711	16	1913
83.4963321	6	1928
80.3940296	6	1929
79.0438652	6	1930
228.096246	16	1916
85.3607654	6	1931
82.6461315	6	1932
76.6894817	6	1933
82.7765464	6	1934
83.4348201	6	1936
84.4535827	6	1937
227.814435	16	1924
80.3506374	6	1939
84.3529701	6	1940
228.279590	16	1927
81.4044475	6	1941
80.8064937	6	1942
81.7432403	6	1943
77.1212577	6	1944
85.4392051	6	1945
79.4570446	6	1947
77.6050090	6	1948
227.775096	16	1935
83.6453437	6	1950
83.0099582	6	1951
228.003501	16	1938
81.3276767	6	1952
82.1108818	6	1953
86.5423679	6	1954
81.3975334	6	1955
80.5637836	6	1956
77.6894092	6	1958
85.0794315	6	1959
227.740287	16	1946
79.6465873	6	1961
83.5282802	6	1962
79.8275470	6	1963
229.039430	16	1949
81.5722942	6	1964
80.3813934	6	1965
83.3499431	6	1966
81.1660289	6	1967
86.5118503	6	1969
80.4426670	6	1970
227.764606	16	1957
83.6229324	6	1972
77.9733657	6	1973
227.779626	16	1960
83.4012031	6	1974
79.3795585	6	1975
79.9756050	6	1976
85.4301452	6	1977
78.1521797	6	1978
84.1946601	6	1980
79.9434185	6	1981
227.409362	16	1968
82.1287631	6	1983
78.6006450	6	1984
227.919340	16	1971
83.6355686	6	1985
84.0523242	6	1986
82.8557014	6	1987
83.9331150	6	1988
78.6216259	6	1989
78.0956745	6	1991
84.0163230	6	1992
228.419542	16	1979
83.9343070	6	1994
80.0404548	6	1995
79.9438953	6	1996
228.193044	16	1982
79.6492099	6	1997
84.3751430	6	1998
82.6482772	6	1999
84.1922760	6	2000
81.0837745	6	2002
80.0526142	6	2003
227.550268	16	1990
78.5763263	6	2005
83.5576057	6	2006
227.421283	16	1993
80.6145668	6	2007
84.1469764	6	2008
80.4963111	6	2009
77.8388977	6	2010
82.6778411	6	2011
80.3933143	6	2013
80.7654857	6	2014
228.083372	16	2001
80.9125900	6	2016
80.7538032	6	2017
227.611303	16	2004
81.7000865	6	2018
84.0234756	6	2019
81.8698406	6	2020
78.2968997	6	2021
84.4066143	6	2022
80.7764530	6	2024
80.5640220	6	2025
227.886676	16	2012
79.8449516	6	2027
78.0947208	6	2028
228.575944	16	2015
83.7495326	6	2029
83.8627815	6	2030
81.2945365	6	2031
78.4518718	6	2032
78.5727500	6	2033
78.0701637	6	2035
79.3616771	6	2036
228.913545	16	2023
80.8937549	6	2038
81.9809436	6	2039
227.753639	16	2026
83.5270881	6	2040
81.4008712	6	2041
80.1055431	6	2042
78.9768695	6	2043
78.6249637	6	2044
78.4275531	6	2046
84.9871635	6	2047
227.636337	16	2034
83.5518836	6	2049
78.5641670	6	2050
79.0379047	6	2051
227.858781	16	2037
79.0319442	6	2052
83.9498043	6	2053
84.7351551	6	2054
80.2621841	6	2055
82.9136371	6	2057
78.5393714	6	2058
227.676391	16	2045
84.1135978	6	2060
80.7585716	6	2061
227.210998	16	2048
80.5587768	6	2062
82.1425914	6	2063
85.0574970	6	2064
83.2645893	6	2065
78.8528919	6	2066
76.7467021	6	2068
77.9821872	6	2069
228.413820	16	2056
77.5392055	6	2071
82.7879905	6	2072
77.1355628	6	2073
227.234125	16	2059
80.3709030	6	2074
82.7128887	6	2075
79.7138214	6	2076
82.6456546	6	2077
83.1613540	6	2079
86.6091251	6	2080
228.582859	16	2067
80.5263519	6	2082
83.2724571	6	2083
228.214502	16	2070
82.8680992	6	2084
80.7909965	6	2085
81.4604759	6	2086
77.1167278	6	2087
83.9564800	6	2088
81.6311836	6	2090
80.8258056	6	2091
228.023052	16	2078
81.4008712	6	2093
81.0711383	6	2094
80.3201198	6	2095
228.186845	16	2081
80.4851055	6	2096
83.1246376	6	2097
82.5362205	6	2098
79.3118476	6	2099
78.0622959	6	2101
81.4402103	6	2102
228.411912	16	2089
78.6445140	6	2104
76.9851207	6	2105
228.450298	16	2092
85.2015018	6	2106
80.1475048	6	2107
80.1122188	6	2108
80.0795555	6	2109
78.8745880	6	2110
79.7119140	6	2112
86.1089229	6	2113
227.822780	16	2100
80.3606510	6	2115
78.2237052	6	2116
227.961540	16	2103
84.2857360	6	2117
80.4367065	6	2118
86.3544940	6	2119
78.8047313	6	2120
81.8088054	6	2121
80.2257061	6	2123
78.8719654	6	2124
227.641820	16	2111
79.0209770	6	2126
83.0368995	6	2127
79.4446468	6	2128
228.386163	16	2114
83.3837985	6	2129
84.0010643	6	2130
79.6251296	6	2131
80.4779529	6	2132
82.9608440	6	2134
80.8129310	6	2135
227.708816	16	2122
81.0663700	6	2137
80.5010795	6	2138
77.5923728	6	2139
228.063344	16	2125
78.0532360	6	2140
82.4389457	6	2141
85.0989818	6	2142
79.9179077	6	2143
79.5774459	6	2145
83.6856365	6	2146
227.649211	16	2133
80.3787708	6	2148
80.9915065	6	2149
228.584289	16	2136
81.8274021	6	2150
78.2029628	6	2151
83.6479663	6	2152
77.7328014	6	2153
84.3172073	6	2154
80.2195072	6	2156
77.3468017	6	2157
228.366136	16	2144
82.5927257	6	2159
80.8901786	6	2160
227.738618	16	2147
83.1212997	6	2161
81.7835330	6	2162
83.9362144	6	2163
79.3559551	6	2164
80.2924633	6	2165
85.0837230	6	2167
80.6012153	6	2168
228.235483	16	2155
83.2273960	6	2170
77.0986080	6	2171
228.212833	16	2158
80.3494453	6	2172
79.9877643	6	2173
83.1291675	6	2174
86.0531330	6	2175
79.8907279	6	2176
83.3456516	6	2178
79.1671276	6	2179
227.845668	16	2166
83.0681324	6	2181
83.6262702	6	2182
79.9963474	6	2183
227.516889	16	2169
78.4771442	6	2184
83.5676193	6	2185
83.3842754	6	2186
80.2340507	6	2187
84.8598480	6	2189
77.3556232	6	2190
227.672338	16	2177
79.8454284	6	2192
83.7042331	6	2193
227.313518	16	2180
80.4195404	6	2194
84.1295719	6	2195
80.8739662	6	2196
83.2202434	6	2197
80.9237957	6	2198
79.4043540	6	2200
76.6582489	6	2201
227.352619	16	2188
80.3837776	6	2203
77.3162841	6	2204
227.540493	16	2191
80.2168846	6	2205
85.1471424	6	2206
80.1894664	6	2207
83.1165313	6	2208
79.4384479	6	2209
83.8122367	6	2211
84.3377113	6	2212
229.105710	16	2199
79.9477100	6	2214
80.4355144	6	2215
80.1897048	6	2216
227.715969	16	2202
86.7469310	6	2217
83.2998752	6	2218
77.1250724	6	2219
81.6097259	6	2220
77.4066448	6	2222
80.1184177	6	2223
228.242635	16	2210
81.8510055	6	2225
80.6365013	6	2226
80.7969570	6	2227
227.734565	16	2213
77.7540206	6	2228
83.6863517	6	2229
80.9898376	6	2230
84.5224857	6	2231
84.0606689	6	2233
79.4858932	6	2234
228.030681	16	2221
80.5685520	6	2236
80.2469253	6	2237
227.625846	16	2224
80.1243782	6	2238
81.0279846	6	2239
86.6079330	6	2240
80.0654888	6	2241
80.5277824	6	2242
80.1632404	6	2244
78.3033370	6	2245
227.557182	16	2232
80.6567668	6	2247
83.1348896	6	2248
228.219270	16	2235
80.7213783	6	2249
82.2055339	6	2250
80.3892612	6	2251
79.1563987	6	2252
84.3944549	6	2253
78.4881114	6	2255
83.6799144	6	2256
227.864265	16	2243
84.2061042	6	2258
80.9404850	6	2259
78.7730216	6	2260
227.593660	16	2246
81.8445682	6	2261
79.6086788	6	2262
83.1758975	6	2263
80.1675319	6	2264
82.5228691	6	2266
80.6622505	6	2267
228.315591	16	2254
80.0082683	6	2269
82.1111202	6	2270
80.2185535	6	2271
227.949380	16	2257
78.4854888	6	2272
82.9572677	6	2273
83.6443901	6	2274
78.5601139	6	2275
78.6876678	6	2277
77.8806209	6	2278
227.960586	16	2265
82.5700759	6	2280
81.4838409	6	2281
80.0077915	6	2282
228.517055	16	2268
78.8290500	6	2283
84.2673778	6	2284
80.0848007	6	2285
80.1832675	6	2286
82.8373432	6	2288
81.2797546	6	2289
228.403568	16	2276
78.6962509	6	2291
82.9761028	6	2292
78.4964561	6	2293
227.579593	16	2279
77.9879093	6	2294
83.1847190	6	2295
78.9647102	6	2296
77.9857635	6	2297
84.5532417	6	2299
77.2442817	6	2300
227.933645	16	2287
82.1497440	6	2302
77.3916244	6	2303
228.112697	16	2290
83.6789608	6	2304
82.6053619	6	2305
83.5318565	6	2306
77.3577690	6	2307
80.0611972	6	2308
86.9548320	6	2310
80.9550285	6	2311
227.984905	16	2298
81.7439556	6	2313
81.2091827	6	2314
229.421138	16	2301
86.7669582	6	2315
81.0706615	6	2316
81.3896656	6	2317
84.3081474	6	2318
80.5983543	6	2319
78.6559581	6	2321
78.7782669	6	2322
227.762937	16	2309
82.8700065	6	2324
80.2829265	6	2325
227.508783	16	2312
80.2361965	6	2326
81.1591148	6	2327
80.0414085	6	2328
80.1177024	6	2329
85.6120586	6	2330
81.5031528	6	2332
80.9688568	6	2333
228.047132	16	2320
78.7260532	6	2335
83.1589698	6	2336
228.090524	16	2323
84.4881534	6	2337
80.5523395	6	2338
80.5501937	6	2339
84.4693183	6	2340
80.3020000	6	2341
79.6592235	6	2343
81.2406539	6	2344
228.251218	16	2331
83.1468105	6	2346
80.3930759	6	2347
227.330923	16	2334
82.7183723	6	2348
80.3189277	6	2349
83.9016437	6	2350
79.7352790	6	2351
80.2984237	6	2352
77.7688026	6	2354
79.1389942	6	2355
227.895498	16	2342
79.3938636	6	2357
80.5437564	6	2358
227.371215	16	2345
80.3811550	6	2359
80.9102058	6	2360
80.8844566	6	2361
84.9006175	6	2362
79.6217918	6	2363
84.6924781	6	2365
78.8786411	6	2366
228.178977	16	2353
78.6278247	6	2368
82.4980735	6	2369
227.592468	16	2356
85.2942466	6	2370
82.0553302	6	2371
81.3596248	6	2372
82.8011035	6	2373
79.2326927	6	2374
81.8538665	6	2376
80.9965133	6	2377
228.225231	16	2364
83.6462974	6	2379
81.0678005	6	2380
77.4655342	6	2381
227.595806	16	2367
80.9423923	6	2382
80.3692340	6	2383
86.5144729	6	2384
78.3441066	6	2385
83.1100940	6	2387
78.0639648	6	2388
228.289604	16	2375
81.1455249	6	2390
79.9524784	6	2391
227.922439	16	2378
85.9365463	6	2392
80.8904170	6	2393
80.6286334	6	2394
85.9467983	6	2395
79.6332359	6	2396
84.9452018	6	2398
80.6093215	6	2399
228.184700	16	2386
83.3201408	6	2401
80.6629657	6	2402
79.7665119	6	2403
227.992296	16	2389
85.8585834	6	2404
80.7771682	6	2405
84.0277671	6	2406
79.8718929	6	2407
80.3129673	6	2409
80.6682109	6	2410
228.142261	16	2397
83.0309391	6	2412
80.4286003	6	2413
228.507280	16	2400
82.7772617	6	2414
82.9052925	6	2415
80.2485942	6	2416
77.6674747	6	2417
84.0694904	6	2418
80.4419517	6	2420
80.4507732	6	2421
227.791547	16	2408
81.2828540	6	2423
77.8462886	6	2424
79.0450572	6	2425
227.440595	16	2411
84.0048789	6	2426
80.1143646	6	2427
78.7177085	6	2428
77.6357650	6	2429
77.5272846	6	2431
85.9932899	6	2432
228.485345	16	2419
82.7944278	6	2434
81.1514854	6	2435
227.813482	16	2422
86.1921310	6	2436
79.5528888	6	2437
82.3740959	6	2438
80.0445079	6	2439
83.2726955	6	2440
80.0788402	6	2442
81.7253589	6	2443
227.854967	16	2430
77.8884887	6	2445
85.3638648	6	2446
80.9094905	6	2447
228.304624	16	2433
80.1057815	6	2448
80.4224014	6	2449
79.3583393	6	2450
77.8415203	6	2451
79.0839195	6	2453
77.1865844	6	2454
227.576255	16	2441
80.1167488	6	2456
78.6252021	6	2457
79.9717903	6	2458
228.301048	16	2444
80.9524059	6	2459
85.0160121	6	2460
83.1875801	6	2461
80.4793834	6	2462
83.2152366	6	2464
80.6996822	6	2465
227.977514	16	2452
79.0994167	6	2467
81.7403793	6	2468
227.901220	16	2455
84.3789577	6	2469
80.5649757	6	2470
81.8219184	6	2471
77.0909786	6	2472
84.7866535	6	2473
83.6837291	6	2475
79.5273780	6	2476
228.922128	16	2463
83.6668014	6	2478
80.5988311	6	2479
79.1788101	6	2480
227.545976	16	2466
76.4725208	6	2481
83.6164951	6	2482
77.7971744	6	2483
79.3924331	6	2484
77.6877403	6	2486
78.3112049	6	2487
227.740287	16	2474
81.3024044	6	2489
84.0432643	6	2490
227.932214	16	2477
80.2876949	6	2491
85.3223800	6	2492
82.4682712	6	2493
80.2564620	6	2494
80.2359580	6	2495
79.3337821	6	2497
77.1009922	6	2498
227.903366	16	2485
80.0514221	6	2500
81.0317993	6	2501
79.0586471	6	2502
228.381395	16	2488
80.6550979	6	2503
80.4286003	6	2504
79.9338817	6	2505
79.1096687	6	2506
78.6473751	6	2508
86.3971710	6	2509
228.644132	16	2496
77.9716968	6	2511
78.3236026	6	2512
228.790521	16	2499
85.3307247	6	2513
78.2697200	6	2514
86.9922637	6	2515
80.6694030	6	2516
83.3549499	6	2517
79.4038772	6	2519
80.7116031	6	2520
228.211402	16	2507
82.6971530	6	2522
81.8123817	6	2523
79.7412395	6	2524
227.846622	16	2510
77.6457786	6	2525
83.4701061	6	2526
86.6034030	6	2527
79.3480873	6	2528
78.8598060	6	2530
80.1191329	6	2531
227.704524	16	2518
81.4838409	6	2533
84.0213298	6	2534
227.417707	16	2521
80.4722309	6	2535
80.7964801	6	2536
82.6077461	6	2537
81.3002586	6	2538
83.5967063	6	2539
78.6650180	6	2541
83.2722187	6	2542
228.248119	16	2529
83.9283466	6	2544
77.5864124	6	2545
227.910280	16	2532
82.7832221	6	2546
80.9900760	6	2547
80.9495449	6	2548
84.7461223	6	2549
80.6312561	6	2550
84.1729640	6	2552
79.3581008	6	2553
227.725505	16	2540
83.1367969	6	2555
80.7564258	6	2556
227.640867	16	2543
82.6191902	6	2557
78.8826942	6	2558
83.4412574	6	2559
82.9031467	6	2560
79.0934562	6	2561
82.8156471	6	2563
78.8142681	6	2564
227.751731	16	2551
80.1472663	6	2566
84.0680599	6	2567
227.713584	16	2554
83.4865570	6	2568
79.9708366	6	2569
80.6672573	6	2570
84.2421054	6	2571
80.0836086	6	2572
78.0844688	6	2574
85.2069854	6	2575
228.348970	16	2562
83.6675167	6	2577
80.0371170	6	2578
227.727890	16	2565
81.8049907	6	2579
84.6879482	6	2580
83.8842391	6	2581
80.6336402	6	2582
80.0995826	6	2583
80.3246498	6	2585
80.6472301	6	2586
227.262973	16	2573
80.3844928	6	2588
77.0061016	6	2589
78.4204006	6	2590
228.553771	16	2576
85.6349468	6	2591
82.1635723	6	2592
77.9576301	6	2593
83.1272602	6	2594
83.3113193	6	2596
81.8545818	6	2597
228.350877	16	2584
80.1978111	6	2599
77.4984359	6	2600
227.760076	16	2587
85.9775543	6	2601
77.8014659	6	2602
82.2410583	6	2603
78.7227153	6	2604
79.7770023	6	2605
80.2216529	6	2607
83.0688476	6	2608
228.440523	16	2595
86.7996215	6	2610
82.0338726	6	2611
227.987051	16	2598
80.2881717	6	2612
85.5419635	6	2613
84.7449302	6	2614
83.0588340	6	2615
81.9919109	6	2616
84.1438770	6	2618
79.5485973	6	2619
227.505683	16	2606
81.1913013	6	2621
81.0437202	6	2622
227.935552	16	2609
80.7945728	6	2623
78.1056880	6	2624
80.0247192	6	2625
76.6859054	6	2626
78.8688659	6	2627
86.4443778	6	2629
80.9752941	6	2630
228.134155	16	2617
82.9727649	6	2632
81.0697078	6	2633
227.517366	16	2620
83.6949348	6	2634
79.5285701	6	2635
82.3645591	6	2636
83.2390785	6	2637
79.6129703	6	2638
81.7201137	6	2640
78.4025192	6	2641
227.662086	16	2628
80.6949138	6	2643
83.0655097	6	2644
228.519678	16	2631
81.8085670	6	2645
79.0617465	6	2646
80.1050662	6	2647
84.2959880	6	2648
80.8453559	6	2649
78.2606601	6	2651
83.2285881	6	2652
227.177143	16	2639
83.9445590	6	2654
78.8033008	6	2655
227.909803	16	2642
85.5736732	6	2656
82.9453468	6	2657
80.8391571	6	2658
79.9853801	6	2659
80.4867744	6	2660
84.7234725	6	2662
79.4951915	6	2663
228.100538	16	2650
86.1828327	6	2665
80.4643630	6	2666
80.9140205	6	2667
228.546142	16	2653
80.5625915	6	2668
82.7147960	6	2669
82.0631980	6	2670
80.9400081	6	2671
79.9603462	6	2673
78.4997940	6	2674
228.337287	16	2661
80.6541442	6	2676
81.1772346	6	2677
228.127956	16	2664
81.2654495	6	2678
79.0731906	6	2679
80.4753303	6	2680
86.4822864	6	2681
80.8382034	6	2682
78.6669254	6	2684
78.0947208	6	2685
228.545188	16	2672
78.9213180	6	2687
83.1551551	6	2688
228.343009	16	2675
85.6089591	6	2689
80.1994800	6	2690
80.7957649	6	2691
80.4598331	6	2692
86.1771106	6	2693
82.4916362	6	2695
77.2078037	6	2696
227.826595	16	2683
78.5956382	6	2698
77.3231983	6	2699
228.358745	16	2686
84.2413902	6	2700
80.6438922	6	2701
80.2917480	6	2702
82.6318264	6	2703
80.7664394	6	2704
83.3332538	6	2706
80.3160667	6	2707
228.399991	16	2694
78.6547660	6	2709
84.9039554	6	2710
79.9834728	6	2711
229.047775	16	2697
77.9900550	6	2712
80.4598331	6	2713
84.1939449	6	2714
80.3589820	6	2715
80.8193683	6	2717
80.4116725	6	2718
229.264259	16	2705
80.2605152	6	2720
80.0249576	6	2721
227.961301	16	2708
83.7087631	6	2722
77.6448249	6	2723
84.2418670	6	2724
78.4120559	6	2725
85.0205421	6	2726
78.8302421	6	2728
83.7986469	6	2729
228.366136	16	2716
82.3464393	6	2731
80.8126926	6	2732
79.8082351	6	2733
228.289127	16	2719
85.2160453	6	2734
80.8486938	6	2735
80.1203250	6	2736
83.1992626	6	2737
77.6650905	6	2739
84.1882228	6	2740
228.098630	16	2727
80.8799266	6	2742
80.4204940	6	2743
78.8836479	6	2744
227.710247	16	2730
83.1935405	6	2745
80.2221298	6	2746
83.5304260	6	2747
80.3165435	6	2748
82.6749801	6	2750
80.7044506	6	2751
227.570295	16	2738
84.3019485	6	2753
80.7499885	6	2754
228.560924	16	2741
83.9314460	6	2755
81.0632705	6	2756
80.2917480	6	2757
85.7605934	6	2758
79.4229507	6	2759
77.5279998	6	2761
85.5741500	6	2762
228.133916	16	2749
80.6283950	6	2764
82.6215744	6	2765
227.962255	16	2752
82.4561119	6	2766
78.7930488	6	2767
84.0740203	6	2768
79.4143676	6	2769
84.4848155	6	2770
78.3967971	6	2772
83.8699340	6	2773
228.446245	16	2760
79.5021057	6	2775
83.3754539	6	2776
77.6512622	6	2777
228.636026	16	2763
80.0995826	6	2778
80.6841850	6	2779
83.5027694	6	2780
80.1916122	6	2781
81.4619064	6	2783
81.0663700	6	2784
228.272199	16	2771
81.4573764	6	2786
80.3992748	6	2787
76.7121315	6	2788
227.739810	16	2774
77.7189731	6	2789
84.0866565	6	2790
83.5154056	6	2791
77.9864788	6	2792
84.1565132	6	2794
81.6493034	6	2795
227.693319	16	2782
80.6345939	6	2797
85.4794979	6	2798
78.2341957	6	2799
227.919340	16	2785
83.1513404	6	2800
80.0209045	6	2801
77.7220726	6	2802
78.0971050	6	2803
78.1531333	6	2805
77.3177146	6	2806
229.172945	16	2793
80.5478096	6	2808
78.1090259	6	2809
228.161573	16	2796
80.2371501	6	2810
80.2128314	6	2811
82.8084945	6	2812
78.9823532	6	2813
85.0450992	6	2814
83.9323997	6	2816
80.5673599	6	2817
231.161832	16	2804
77.7575969	6	2819
81.8912982	6	2820
229.518175	16	2807
86.2705707	6	2821
81.0286998	6	2822
82.6780796	6	2823
80.9741020	6	2824
79.9236297	6	2825
80.1494121	6	2827
78.4125328	6	2828
228.898763	16	2815
85.7689380	6	2830
80.8145999	6	2831
78.0274868	6	2832
227.722644	16	2818
83.0373764	6	2833
83.3323001	6	2834
79.5741081	6	2835
78.3209800	6	2836
88.3371829	6	2838
79.2350769	6	2839
228.588819	16	2826
80.9788703	6	2841
82.1411609	6	2842
79.9345970	6	2843
228.123903	16	2829
78.6199569	6	2844
79.6813964	6	2845
80.3472995	6	2846
80.4061889	6	2847
82.8659534	6	2849
80.3840160	6	2850
227.374315	16	2837
79.7803401	6	2852
78.4320831	6	2853
228.497743	16	2840
83.0399990	6	2854
84.6247673	6	2855
80.7771682	6	2856
77.2452354	6	2857
78.9384841	6	2858
85.7880115	6	2860
81.3131332	6	2861
227.974414	16	2848
80.5802345	6	2863
82.3173522	6	2864
79.6387195	6	2865
228.365182	16	2851
79.7259807	6	2866
82.7302932	6	2867
83.3113193	6	2868
77.4517059	6	2869
78.3479213	6	2871
82.9930305	6	2872
227.287292	16	2859
79.7352790	6	2874
82.3140144	6	2875
227.964878	16	2862
81.5715789	6	2876
79.7600746	6	2877
82.8969478	6	2878
83.3029747	6	2879
80.5521011	6	2880
80.4963111	6	2882
83.1212997	6	2883
227.938890	16	2870
81.2427997	6	2885
83.0366611	6	2886
228.140592	16	2873
81.7980766	6	2887
81.5684795	6	2888
80.4219245	6	2889
81.5222263	6	2890
81.4707279	6	2891
77.3813724	6	2893
85.6416225	6	2894
227.591514	16	2881
83.4872722	6	2896
80.7158946	6	2897
227.571964	16	2884
82.8890800	6	2898
80.6245803	6	2899
80.7151794	6	2900
79.8113346	6	2901
85.4222774	6	2902
77.5494575	6	2904
77.2264003	6	2905
228.124856	16	2892
80.9471607	6	2907
81.2029838	6	2908
79.1883468	6	2909
227.883815	16	2895
84.7849845	6	2910
80.6202888	6	2911
83.9800834	6	2912
79.8773765	6	2913
79.4293880	6	2915
78.2518386	6	2916
227.857589	16	2903
80.2438259	6	2918
78.6252021	6	2919
228.512763	16	2906
86.6091251	6	2920
78.4010887	6	2921
79.9360275	6	2922
83.5576057	6	2923
80.4033279	6	2924
84.1455459	6	2926
79.8563957	6	2927
228.501081	16	2914
83.9149951	6	2929
80.3229808	6	2930
227.528810	16	2917
84.5751762	6	2931
79.3879032	6	2932
80.8060169	6	2933
86.8155956	6	2934
81.6292762	6	2935
84.1069221	6	2937
80.6713104	6	2938
228.503465	16	2925
82.7088356	6	2940
80.2183151	6	2941
227.737426	16	2928
82.5009346	6	2942
78.7730216	6	2943
84.6116542	6	2944
84.3803882	6	2945
79.7710418	6	2946
83.1651687	6	2948
78.3390998	6	2949
228.814601	16	2936
83.4381580	6	2951
79.7288417	6	2952
227.620601	16	2939
82.4160575	6	2953
78.2971382	6	2954
80.2688598	6	2955
76.7192840	6	2956
85.3736400	6	2957
82.6587677	6	2959
81.1553001	6	2960
228.378295	16	2947
80.5871486	6	2962
81.5544128	6	2963
80.5470943	6	2964
228.438615	16	2950
86.3466262	6	2965
81.2757015	6	2966
79.8740386	6	2967
80.6653499	6	2968
78.0687332	6	2970
85.2816104	6	2971
227.723360	16	2958
83.8770866	6	2973
83.6966037	6	2974
77.8734683	6	2975
227.261543	16	2961
83.7898254	6	2976
80.8777809	6	2977
79.9553394	6	2978
84.6283435	6	2979
77.4428844	6	2981
82.5865268	6	2982
228.076457	16	2969
80.8770656	6	2984
78.3419609	6	2985
227.373838	16	2972
80.2412033	6	2986
82.2660923	6	2987
80.7247161	6	2988
83.1604003	6	2989
86.3494873	6	2990
86.5039825	6	2992
78.8888931	6	2993
228.194236	16	2980
80.4164409	6	2995
77.7707099	6	2996
78.5064697	6	2997
227.494239	16	2983
82.8058719	6	2998
80.1420211	6	2999
85.8335494	6	3000
244.315862	16	2991
227.047204	16	2994
avg:  107.96498998006184
std:  56.64049873941874
p95:  228.28686237335205
p99:  228.8371467590332
com:  94.40285653052739
thg:  9.440285653052738
FCT:  31.77869939804077
que:  4.18358071645101
los:  0.0
2455 545
**********************
