[6 6 5 ... 6 8 6]
86.0500335	6	1
85.7198238	6	3
85.2527618	6	4
85.9429836	6	5
83.4066867	6	6
86.1511230	6	7
86.6155624	6	8
83.6668014	6	9
77.8343677	6	12
85.6668949	6	11
86.0803127	6	14
80.2607536	6	15
79.3886184	6	16
77.1460533	6	17
81.0821056	6	18
78.6058902	6	19
76.7331123	6	20
229.670763	16	2
77.2962570	6	22
81.0515880	6	23
84.3021869	6	25
82.0462703	6	26
78.1538486	6	27
83.8720798	6	28
79.4095993	6	29
230.548143	16	10
79.7035694	6	30
85.8044624	6	31
229.633569	16	13
81.3634395	6	33
81.9182395	6	34
77.6865482	6	36
80.7881355	6	37
82.9596519	6	38
227.720022	16	21
81.3257694	6	39
83.1329822	6	40
80.2712440	6	41
228.464841	16	24
78.3123970	6	42
80.6045532	6	44
78.8760185	6	45
81.5727710	6	47
78.2721042	6	48
79.6499252	6	49
228.688716	16	32
84.6257209	6	50
82.6501846	6	51
80.7151794	6	52
227.641820	16	35
83.8012695	6	53
79.5490741	6	55
78.1817436	6	56
83.6286544	6	58
79.0252685	6	59
82.6573371	6	60
76.7800807	6	61
77.6407718	6	62
228.113651	16	43
78.1579017	6	63
78.0732631	6	64
228.803634	16	46
79.8780918	6	66
79.9672603	6	67
77.5043964	6	69
79.4446468	6	70
76.7202377	6	71
80.1835060	6	72
80.4781913	6	73
229.044198	16	54
77.1813392	6	74
86.2889289	6	75
228.366851	16	57
78.5160064	6	77
80.5947780	6	78
80.4519653	6	80
79.1680812	6	81
80.0805091	6	82
78.3250331	6	83
78.9394378	6	84
228.647708	16	65
80.5721282	6	85
83.4429264	6	86
228.516817	16	68
79.5204639	6	88
77.9004096	6	89
83.7485790	6	91
77.9266357	6	92
77.3882865	6	93
78.1385898	6	94
78.4358978	6	95
228.525161	16	76
78.9515972	6	96
77.7375698	6	97
228.197813	16	79
79.4928073	6	99
80.0769329	6	100
77.2438049	6	102
80.9240341	6	103
80.4741382	6	104
80.7375907	6	105
79.6875953	6	106
228.430032	16	87
77.4562358	6	107
84.1987133	6	108
227.533102	16	90
79.5593261	6	110
79.9782276	6	111
79.7853469	6	113
78.5391330	6	114
78.5293579	6	115
78.8321495	6	116
79.4041156	6	117
227.463483	16	98
78.8676738	6	118
76.8301486	6	119
228.639602	16	101
79.6964168	6	121
78.8712501	6	122
86.6568088	6	124
81.1622142	6	125
80.1477432	6	126
80.7037353	6	127
80.5888175	6	128
227.866888	16	109
80.1377296	6	129
81.3057422	6	130
227.688074	16	112
81.3956260	6	132
80.6446075	6	133
76.7097473	6	135
79.5848369	6	136
78.8700580	6	137
77.7266025	6	138
78.1834125	6	139
227.734804	16	120
78.9318084	6	140
78.7367820	6	141
227.196455	16	123
78.2334804	6	143
78.3464908	6	144
80.3165435	6	146
76.7021179	6	147
82.8390121	6	148
76.8911838	6	149
227.991342	16	131
80.6002616	6	150
80.0418853	6	151
80.6381702	6	152
227.819919	16	134
79.2341232	6	154
80.3918838	6	155
81.3291072	6	157
80.3120136	6	158
77.0447254	6	159
80.0054073	6	160
227.858543	16	142
79.4341564	6	161
78.9856910	6	162
78.9866447	6	163
227.584838	16	145
80.5358886	6	165
80.0955295	6	166
78.1867504	6	168
79.5838832	6	169
79.8594951	6	170
78.7177085	6	171
228.480815	16	153
81.4192295	6	172
78.8533687	6	173
79.4956684	6	174
227.785348	16	156
78.7785053	6	176
78.7193775	6	177
80.2211761	6	179
79.5741081	6	180
79.8783302	6	181
80.6095600	6	182
78.5906314	6	183
228.762626	16	164
80.2435874	6	184
79.1122913	6	185
228.208065	16	167
78.5269737	6	187
79.6587467	6	188
80.3320407	6	190
79.0293216	6	191
79.4653892	6	192
78.3851146	6	193
79.7066688	6	194
229.046344	16	175
79.5209407	6	195
79.5786380	6	196
227.993488	16	178
80.7263851	6	198
80.4259777	6	199
80.2836418	6	201
80.1832675	6	202
80.2938938	6	203
81.5317630	6	204
79.2899131	6	205
227.895736	16	186
80.1372528	6	206
78.5889625	6	207
229.165792	16	189
79.4384479	6	209
78.9358615	6	210
79.8046588	6	212
78.4220695	6	213
78.5653591	6	214
78.6523818	6	215
79.9584388	6	216
228.101968	16	197
79.4889926	6	217
80.4307460	6	218
227.864980	16	200
78.6738395	6	220
79.9255371	6	221
78.8607597	6	223
79.7355175	6	224
78.4924030	6	225
80.5373191	6	226
78.9656639	6	227
227.829217	16	208
79.6999931	6	228
79.6387195	6	229
227.820396	16	211
79.4150829	6	231
78.7868499	6	232
79.3073177	6	234
79.2996883	6	235
80.2335739	6	236
78.9055824	6	237
78.9124965	6	238
227.012157	16	219
79.7481536	6	239
80.7614326	6	240
228.371858	16	222
81.0108184	6	242
80.5628299	6	243
79.6713829	6	245
79.9245834	6	246
79.1573524	6	247
79.7824859	6	248
80.4488658	6	249
227.829456	16	230
79.3893337	6	250
78.0625343	6	251
227.656364	16	233
78.8514614	6	253
79.2384147	6	254
78.9432525	6	256
79.4763565	6	257
79.5342922	6	258
80.1942348	6	259
79.0209770	6	260
228.307962	16	241
80.1506042	6	261
80.1355838	6	262
227.850675	16	244
80.1241397	6	264
79.6632766	6	265
80.3472995	6	267
79.5135498	6	268
80.5430412	6	269
79.8308849	6	270
228.430747	16	252
83.1499099	6	271
79.7820091	6	272
79.0762901	6	273
227.862358	16	255
79.5717239	6	275
79.4255733	6	276
79.3476104	6	278
80.5852413	6	279
78.4900188	6	280
80.7945728	6	281
77.3611068	6	282
228.394031	16	263
80.3151130	6	283
78.5927772	6	284
228.603124	16	266
78.6199569	6	286
80.1153182	6	287
79.4906616	6	289
79.5118808	6	290
80.0967216	6	291
79.4954299	6	292
228.669643	16	274
77.4974822	6	294
85.6909751	6	293
79.4100761	6	295
228.634119	16	277
79.8664093	6	297
82.5736522	6	298
78.1147480	6	300
79.4143676	6	301
79.0662765	6	302
79.6070098	6	303
78.0155658	6	304
228.121042	16	285
79.0917873	6	305
80.7240009	6	306
227.231740	16	288
78.9561271	6	308
79.7584056	6	309
79.8959732	6	311
76.7383575	6	312
76.5869617	6	314
84.7535133	6	313
227.686643	16	296
84.1529369	6	315
79.7429084	6	316
77.8799057	6	317
227.279186	16	299
79.9107551	6	319
78.9737701	6	320
77.5563716	6	322
80.9202194	6	323
77.0416259	6	324
80.3434848	6	325
227.695941	16	307
85.3452682	6	326
79.2214870	6	327
79.7457695	6	328
227.724552	16	310
79.6177387	6	330
78.2599449	6	331
80.1923274	6	333
78.2234668	6	334
80.6157588	6	335
79.2627334	6	336
77.1040916	6	337
227.851629	16	318
81.1047554	6	338
80.8238983	6	339
227.481126	16	321
81.7286968	6	341
79.8404216	6	342
80.8107852	6	344
81.3803672	6	345
79.6148777	6	346
77.7344703	6	347
227.694511	16	329
82.3314189	6	348
78.7332057	6	349
79.4186592	6	350
228.215694	16	332
79.1842937	6	352
79.9210071	6	353
78.3643722	6	355
77.7127742	6	356
80.7144641	6	357
81.0875892	6	358
78.5288810	6	359
227.975130	16	340
79.7324180	6	360
79.4134140	6	361
227.242231	16	343
79.4289112	6	363
79.5555114	6	364
79.4391632	6	366
79.7519683	6	367
77.9948234	6	368
78.8640975	6	369
80.7731151	6	370
227.853059	16	351
80.2769660	6	371
79.4727802	6	372
228.566169	16	354
78.9718627	6	374
78.4606933	6	375
80.3351402	6	377
79.8084735	6	378
79.5335769	6	379
79.4861316	6	380
78.0339241	6	381
228.920698	16	362
78.8590908	6	382
79.7421932	6	383
228.910446	16	365
79.4956684	6	385
80.1019668	6	386
78.4137248	6	388
80.5437564	6	389
79.3819427	6	390
78.8433551	6	391
79.9806118	6	392
227.857589	16	373
80.3656578	6	393
79.9508094	6	394
228.737115	16	376
80.5027484	6	396
80.2319049	6	397
79.9896717	6	399
79.5304775	6	400
79.4489383	6	401
79.9403190	6	402
78.4733295	6	403
228.658914	16	384
78.6538124	6	404
78.5863399	6	405
228.340148	16	387
78.4721374	6	407
78.9813995	6	408
80.1055431	6	410
80.8084011	6	411
80.6171894	6	412
81.1426639	6	413
80.4841518	6	414
227.985620	16	395
80.1136493	6	415
80.4150104	6	416
227.233409	16	398
79.7603130	6	418
80.9578895	6	419
78.7138938	6	421
77.6822566	6	422
78.2001018	6	423
79.0214538	6	424
79.1811943	6	425
227.345228	16	406
78.9668560	6	426
79.1134834	6	427
227.346658	16	409
82.0455551	6	429
78.1772136	6	430
80.2273750	6	432
79.8432826	6	433
80.0342559	6	434
79.5695781	6	435
79.5445442	6	436
228.338241	16	417
80.4040431	6	437
78.9196491	6	438
228.412151	16	420
78.9041519	6	440
79.4143676	6	441
78.3314704	6	443
79.7541141	6	444
79.5049667	6	445
79.0424346	6	446
78.8815021	6	447
228.145360	16	428
78.4792900	6	448
79.3855190	6	449
228.464126	16	431
79.9961090	6	451
78.6402225	6	452
80.7690620	6	454
80.9381008	6	455
79.3228149	6	456
81.0604095	6	457
80.0943374	6	458
227.698564	16	439
79.7972679	6	459
78.6228179	6	460
227.633953	16	442
78.5253047	6	462
80.6238651	6	463
78.5496234	6	465
79.8726081	6	466
81.1114311	6	467
80.3000926	6	468
227.883338	16	450
80.5048942	6	469
80.3587436	6	470
80.2822113	6	471
227.394342	16	453
80.5983543	6	473
78.8156986	6	474
79.9946784	6	476
79.0483951	6	477
78.3739089	6	478
77.9798030	6	479
79.5364379	6	480
227.800846	16	461
79.7524452	6	481
79.0462493	6	482
227.759361	16	464
79.7216892	6	484
79.8194408	6	485
80.1742076	6	487
80.6114673	6	488
80.5380344	6	489
80.7969570	6	490
80.0681114	6	491
228.397130	16	472
78.6600112	6	492
79.8285007	6	493
228.383541	16	475
78.9177417	6	495
79.4129371	6	496
80.0132751	6	498
79.5855522	6	499
79.4932842	6	500
78.9532661	6	501
78.5629749	6	502
228.155851	16	483
80.2617073	6	503
80.3663730	6	504
228.535890	16	486
79.3964862	6	506
80.9803009	6	507
78.4864425	6	509
80.5456638	6	510
80.9214115	6	511
76.5767097	6	512
227.520227	16	494
83.1487178	6	513
79.1928768	6	514
78.6838531	6	515
228.015899	16	497
80.9826850	6	517
85.6564044	6	518
80.0182819	6	520
78.1004428	6	521
79.1037082	6	522
79.7631740	6	523
228.915214	16	505
84.7203731	6	524
80.2724361	6	525
79.5531272	6	526
227.284908	16	508
79.9396038	6	528
76.7343044	6	529
79.2062282	6	531
80.2743434	6	532
80.0185203	6	533
79.0474414	6	534
76.6861438	6	535
228.168249	16	516
78.8347721	6	536
79.9329280	6	537
227.407455	16	519
78.2952308	6	539
81.1266899	6	540
79.8978805	6	542
79.8439979	6	543
79.0460109	6	544
78.8626670	6	545
80.3127288	6	546
227.789163	16	527
79.2920589	6	547
78.5951614	6	548
228.267192	16	530
79.8866748	6	550
79.5404911	6	551
79.7300338	6	553
79.3523788	6	554
80.0209045	6	555
80.9242725	6	556
79.0374279	6	557
228.034496	16	538
80.0471305	6	558
80.9683799	6	559
228.106975	16	541
80.4450511	6	561
80.0435543	6	562
79.7586441	6	564
79.7185897	6	565
78.5701274	6	566
79.3881416	6	567
79.7448158	6	568
227.917194	16	549
79.0200233	6	569
79.6537399	6	570
228.174924	16	552
79.5331001	6	572
78.1261920	6	573
80.7702541	6	575
79.4901847	6	576
80.0898075	6	577
78.8049697	6	578
228.224515	16	560
83.7712287	6	579
78.2771110	6	580
82.9381942	6	581
228.285312	16	563
78.6662101	6	583
79.5891284	6	584
78.5229206	6	586
80.3010463	6	587
79.0679454	6	588
80.2755355	6	589
76.6499042	6	590
227.960348	16	571
80.5177688	6	591
78.0415534	6	592
229.068756	16	574
80.1305770	6	594
80.2109241	6	595
79.6377658	6	597
80.1615715	6	598
79.2648792	6	599
76.5643119	6	600
227.797269	16	582
80.8775424	6	601
78.8185596	6	602
80.5339813	6	603
228.039026	16	585
80.1458358	6	605
79.4665813	6	606
77.8746604	6	608
80.0929069	6	609
79.0834426	6	610
79.7021389	6	611
77.7900218	6	612
228.427886	16	593
79.4811248	6	613
78.4704685	6	614
227.971792	16	596
79.1552066	6	616
80.6455612	6	617
80.7163715	6	619
80.6846618	6	620
80.1410675	6	621
80.8572769	6	622
227.811098	16	604
81.3148021	6	623
78.7303447	6	624
82.1306705	6	625
229.071378	16	607
79.5092582	6	627
78.9470672	6	628
79.1454315	6	630
79.7686576	6	631
79.9078941	6	632
80.1932811	6	633
78.3550739	6	634
227.986812	16	615
80.4631710	6	635
78.5052776	6	636
227.622509	16	618
80.0716876	6	638
79.7290802	6	639
80.1181793	6	641
79.2176723	6	642
78.7405967	6	643
78.8040161	6	644
227.904081	16	626
85.1259231	6	645
79.6525478	6	646
78.9341926	6	647
227.345228	16	629
78.9933204	6	649
78.6085128	6	650
78.9284706	6	652
79.0793895	6	653
78.9296627	6	654
79.7462463	6	655
227.991104	16	637
85.8650207	6	656
79.0786743	6	657
78.6573886	6	658
228.091239	16	640
79.0517330	6	660
79.3044567	6	661
80.3911685	6	663
80.2769660	6	664
80.0075531	6	665
78.9077281	6	666
76.8880844	6	667
228.182077	16	648
77.1408081	6	668
83.5654735	6	669
228.571176	16	651
76.9195556	6	671
80.1291465	6	672
79.1563987	6	674
80.2960395	6	675
77.0273208	6	676
77.7580738	6	677
227.435588	16	659
83.3210945	6	678
80.6648731	6	679
78.6123275	6	680
228.755950	16	662
80.2230834	6	682
80.4162025	6	683
80.0786018	6	685
77.0993232	6	686
86.6491794	6	687
80.4224014	6	688
79.1444778	6	689
227.921247	16	670
79.0102481	6	690
80.2576541	6	691
228.048324	16	673
79.2655944	6	693
79.2858600	6	694
76.9538879	6	696
82.6284885	6	697
85.1330757	6	698
80.0442695	6	699
227.513551	16	681
79.9200534	6	700
80.5146694	6	701
78.9902210	6	702
228.811264	16	684
80.1913738	6	704
79.7402858	6	705
80.4677009	6	707
79.3108940	6	708
77.5036811	6	709
77.6522159	6	710
80.6062221	6	711
228.970527	16	692
79.0772438	6	712
79.6463489	6	713
227.627515	16	695
79.0221691	6	715
80.4994106	6	716
80.2555084	6	718
79.8821449	6	719
85.1180553	6	720
78.4323215	6	721
77.5852203	6	722
227.732181	16	703
79.1974067	6	723
86.3378047	6	724
227.567672	16	706
79.4324874	6	726
78.6924362	6	727
79.1022777	6	729
80.1432132	6	730
77.6519775	6	731
80.0108909	6	732
227.943420	16	714
84.3548774	6	733
80.8289051	6	734
81.4030170	6	735
227.190732	16	717
78.7019729	6	737
78.3069133	6	738
78.9668560	6	740
77.2290229	6	741
80.6286334	6	742
78.5989761	6	743
76.4212608	6	744
228.847503	16	725
80.6102752	6	745
77.9311656	6	746
227.588653	16	728
80.8866024	6	748
80.8289051	6	749
79.8635482	6	751
80.1069736	6	752
78.0627727	6	753
80.6155204	6	754
228.210687	16	736
83.7001800	6	755
82.6120376	6	756
78.8407325	6	757
227.845668	16	739
78.2372951	6	759
79.5242786	6	760
79.2026519	6	762
79.8046588	6	763
79.3673992	6	764
78.2437324	6	765
77.3632526	6	766
228.218078	16	747
77.1589279	6	767
80.1458358	6	768
227.601289	16	750
81.0236930	6	770
79.7851085	6	771
79.6799659	6	773
79.0846347	6	774
79.7395706	6	775
77.7330398	6	776
76.9152641	6	777
227.535963	16	758
86.3215923	6	778
79.3607234	6	779
227.899789	16	761
78.9544582	6	781
78.7909030	6	782
79.7460079	6	784
79.3294906	6	785
79.0715217	6	786
79.3299674	6	787
80.1458358	6	788
228.328227	16	769
83.8830471	6	789
79.5681476	6	790
227.469682	16	772
79.0052413	6	792
80.8179378	6	793
79.5071125	6	795
80.2066326	6	796
80.1839828	6	797
79.2634487	6	798
78.2675743	6	799
227.834463	16	780
76.4679908	6	800
80.2044868	6	801
227.687835	16	783
79.0283679	6	803
79.5884132	6	804
79.4677734	6	806
79.0791511	6	807
80.4641246	6	808
80.0223350	6	809
79.3240070	6	810
227.698326	16	791
80.5709362	6	811
78.7785053	6	812
228.023052	16	794
79.5466899	6	814
77.9318809	6	815
78.6781311	6	817
79.2081356	6	818
78.7096023	6	819
79.4403553	6	820
79.3380737	6	821
228.342294	16	802
79.4782638	6	822
79.9052715	6	823
227.842807	16	805
79.1935920	6	825
80.5757045	6	826
80.2016258	6	828
79.4308185	6	829
80.5249214	6	830
80.0490379	6	831
78.4747600	6	832
227.956533	16	813
78.6147117	6	833
79.3340206	6	834
227.547883	16	816
79.6208381	6	836
79.8900127	6	837
79.7438621	6	839
80.9290409	6	840
78.6135196	6	841
80.6691646	6	842
80.1692008	6	843
228.210687	16	824
81.5188884	6	844
80.2075862	6	845
227.503776	16	827
80.4917812	6	847
80.9230804	6	848
81.2249183	6	850
79.4596672	6	851
80.9187889	6	852
79.2000293	6	853
79.8697471	6	854
228.693008	16	835
79.9612998	6	855
79.4098377	6	856
228.700399	16	838
79.9541473	6	858
78.6266326	6	859
78.2785415	6	861
78.6373615	6	862
78.7422657	6	863
79.1087150	6	864
79.0777206	6	865
227.695703	16	846
81.1839103	6	866
81.0961723	6	867
227.184057	16	849
79.8156261	6	869
80.2016258	6	870
79.8962116	6	872
80.6131362	6	873
79.9982547	6	874
80.5780887	6	875
79.1203975	6	876
227.514028	16	857
78.1569480	6	877
78.6182880	6	878
227.484464	16	860
79.0860652	6	880
79.1897773	6	881
78.4072875	6	883
78.2938003	6	884
78.8440704	6	885
78.5684585	6	886
80.9950828	6	887
227.325916	16	868
79.5903205	6	888
80.9259414	6	889
227.725028	16	871
79.5216560	6	891
78.8373947	6	892
80.4431438	6	894
79.9582004	6	895
79.5831680	6	896
80.3787708	6	897
79.5011520	6	898
228.394031	16	879
78.2110691	6	899
77.7831077	6	900
228.202819	16	882
78.4404277	6	902
80.3036689	6	903
79.4100761	6	905
79.1122913	6	906
79.8342227	6	907
78.6173343	6	908
80.3179740	6	909
228.235960	16	890
80.5308818	6	910
80.4965496	6	911
228.731393	16	893
80.4195404	6	913
79.4515609	6	914
79.7464847	6	916
79.3371200	6	917
79.7317028	6	918
80.6493759	6	919
80.6272029	6	920
228.362560	16	901
78.8013935	6	921
78.7875652	6	922
228.166580	16	904
79.3406963	6	925
86.8000984	6	924
79.1029930	6	927
80.8820724	6	928
78.2983303	6	929
78.8497924	6	930
82.8239917	6	931
228.940725	16	912
79.7915458	6	932
79.6420574	6	933
227.795600	16	915
83.4004878	6	935
79.9980163	6	936
78.7847042	6	938
79.9195766	6	939
80.9259414	6	940
80.2006721	6	941
77.1136283	6	942
228.790998	16	923
79.0891647	6	943
78.7844657	6	944
228.240013	16	926
76.5492916	6	946
77.9416561	6	947
79.2684555	6	949
79.7801017	6	950
78.4497261	6	951
76.8363475	6	952
79.6275138	6	953
228.215217	16	934
79.4277191	6	954
80.6863307	6	955
227.336645	16	937
80.0063610	6	957
79.9362659	6	958
80.1043510	6	960
79.1001319	6	961
79.6821117	6	962
81.1941623	6	963
78.8898468	6	964
228.853940	16	945
78.3474445	6	965
78.9518356	6	966
228.108882	16	948
78.6080360	6	968
80.6846618	6	969
79.5965194	6	971
80.5623531	6	972
80.0130367	6	973
79.2815685	6	974
78.4134864	6	975
228.107929	16	956
79.9372196	6	976
78.9577960	6	977
227.494478	16	959
78.7191390	6	979
78.9864063	6	980
79.8110961	6	982
78.1726837	6	983
78.6459445	6	984
80.4467201	6	985
79.7774791	6	986
229.662179	16	967
78.6209106	6	987
80.4905891	6	988
228.582620	16	970
78.6240100	6	990
79.4703960	6	991
81.2561511	6	993
80.8212757	6	994
80.1341533	6	995
79.4577598	6	996
79.6217918	6	997
227.796554	16	978
80.5113315	6	998
78.6764621	6	999
227.455854	16	981
80.5075168	6	1001
79.2653560	6	1002
77.9829025	6	1004
78.3329010	6	1005
77.7399539	6	1006
79.0369510	6	1007
79.2918205	6	1008
228.597879	16	989
78.7341594	6	1009
80.5959701	6	1010
228.140592	16	992
79.0121555	6	1012
80.2688598	6	1013
80.3513526	6	1015
79.9167156	6	1016
80.1959037	6	1017
80.1889896	6	1018
228.866815	16	1000
83.7607383	6	1019
79.9376964	6	1020
79.4057846	6	1021
227.777719	16	1003
80.5695056	6	1023
80.2979469	6	1024
81.3517570	6	1026
79.6458721	6	1027
78.5229206	6	1028
78.5861015	6	1029
77.2445201	6	1030
228.599309	16	1011
78.9568424	6	1031
78.9291858	6	1032
228.813648	16	1014
78.9270401	6	1034
78.4645080	6	1035
78.2260894	6	1037
78.9322853	6	1038
78.7382125	6	1039
79.0774822	6	1040
79.6363353	6	1041
227.367162	16	1022
78.8025856	6	1042
78.4833431	6	1043
227.785587	16	1025
79.1511535	6	1045
78.8393020	6	1046
79.6067714	6	1048
79.7424316	6	1049
79.9582004	6	1050
78.9849758	6	1051
80.0335407	6	1052
227.527379	16	1033
76.6487121	6	1053
83.6429595	6	1054
228.548049	16	1036
79.1459083	6	1056
80.7051658	6	1057
79.5373916	6	1059
79.4630050	6	1060
77.1808624	6	1061
77.0735740	6	1063
86.2994194	6	1062
228.412628	16	1044
76.9557952	6	1065
84.4540596	6	1064
228.087186	16	1047
78.4535408	6	1067
78.8428783	6	1068
82.0360183	6	1070
80.2640914	6	1071
79.7207355	6	1072
76.6758918	6	1073
78.7491798	6	1074
228.466510	16	1055
76.9734382	6	1075
81.1975002	6	1076
227.986335	16	1058
78.9511203	6	1078
80.4922580	6	1079
78.1292915	6	1081
78.5355567	6	1082
79.4193744	6	1083
79.6332359	6	1084
79.5195102	6	1085
227.501869	16	1066
80.5172920	6	1086
78.4409046	6	1087
227.745532	16	1069
79.9536705	6	1089
78.6349773	6	1090
80.1460742	6	1092
80.5733203	6	1093
81.0072422	6	1094
79.2798995	6	1095
228.606939	16	1077
86.3287448	6	1096
80.4736614	6	1097
79.8594951	6	1098
228.023529	16	1080
80.5332660	6	1100
79.8034667	6	1101
79.4415473	6	1103
80.0042152	6	1104
79.2322158	6	1105
79.0934562	6	1106
76.8761634	6	1107
228.509187	16	1088
78.2630443	6	1108
78.4986019	6	1109
227.686882	16	1091
78.8531303	6	1111
78.0007839	6	1112
78.4595012	6	1114
78.0026912	6	1115
77.9175758	6	1116
76.6909122	6	1117
82.1380615	6	1118
228.081226	16	1099
79.3268680	6	1119
78.7470340	6	1120
227.774381	16	1102
80.4324150	6	1122
79.1923999	6	1123
78.7360668	6	1125
79.7586441	6	1126
79.0007114	6	1127
79.9174308	6	1128
78.8097381	6	1129
228.193998	16	1110
76.6322612	6	1130
80.1150798	6	1131
228.346347	16	1113
79.2856216	6	1133
79.8418521	6	1134
79.1556835	6	1136
80.7044506	6	1137
79.0603160	6	1138
79.6649456	6	1139
80.1026821	6	1140
228.080749	16	1121
80.5652141	6	1141
78.2518386	6	1142
227.575063	16	1124
78.5963535	6	1144
78.9334774	6	1145
80.2199840	6	1147
78.4609317	6	1148
79.6844959	6	1149
79.2782306	6	1150
79.1859626	6	1151
227.587938	16	1132
78.8373947	6	1152
80.7898044	6	1153
229.227304	16	1135
80.2550315	6	1155
79.6453952	6	1156
79.4234275	6	1158
79.2236328	6	1159
80.4293155	6	1160
80.3136825	6	1161
79.6892642	6	1162
227.804422	16	1143
79.7195434	6	1163
79.8535346	6	1164
227.135419	16	1146
78.8035392	6	1166
78.7880420	6	1167
78.8419246	6	1169
80.8682441	6	1170
79.6227455	6	1171
77.9545307	6	1172
78.8187980	6	1173
227.905035	16	1154
79.8995494	6	1174
79.3149471	6	1175
227.715015	16	1157
79.9748897	6	1177
79.5500278	6	1178
80.8172225	6	1180
79.7731876	6	1181
79.4742107	6	1182
80.2080631	6	1183
80.8389186	6	1184
228.539705	16	1165
78.9320468	6	1185
78.4988403	6	1186
227.850914	16	1168
79.2376995	6	1188
78.7951946	6	1189
78.5200595	6	1191
79.4060230	6	1192
79.7924995	6	1193
79.9136161	6	1194
78.2232284	6	1195
227.841377	16	1176
80.0139904	6	1196
80.3661346	6	1197
227.978467	16	1179
80.7185173	6	1199
79.6792507	6	1200
80.4557800	6	1202
80.2114009	6	1203
80.4603099	6	1204
80.1589488	6	1205
227.271080	16	1187
85.9787464	6	1206
80.8963775	6	1207
79.2877674	6	1208
227.728128	16	1190
78.1717300	6	1210
80.9369087	6	1211
79.9202919	6	1213
80.0077915	6	1214
79.5245170	6	1215
80.3713798	6	1216
77.0444869	6	1217
227.766513	16	1198
78.6488056	6	1218
78.8943767	6	1219
228.256940	16	1201
80.4064273	6	1221
78.7839889	6	1222
78.9666175	6	1224
82.5762748	6	1225
79.9980163	6	1226
80.1301002	6	1227
227.579116	16	1209
84.0010643	6	1228
80.4362297	6	1229
80.8947086	6	1230
227.643013	16	1212
82.7848911	6	1232
80.3000926	6	1233
79.9489021	6	1235
77.8522491	6	1236
79.0929794	6	1237
79.5416831	6	1238
227.697372	16	1220
84.3424797	6	1239
79.9639225	6	1240
78.9175033	6	1241
227.777481	16	1223
76.8959522	6	1243
78.2225131	6	1244
78.6592960	6	1246
79.8101425	6	1247
79.4951915	6	1248
78.1838893	6	1249
227.866172	16	1231
84.2356681	6	1250
79.1850090	6	1251
80.9247493	6	1252
228.136539	16	1234
85.4299068	6	1254
79.9610614	6	1255
81.5448760	6	1257
79.8192024	6	1258
79.6630382	6	1259
80.0731182	6	1260
76.9395828	6	1261
227.741479	16	1242
79.1954994	6	1262
77.9898166	6	1263
227.984905	16	1245
84.2976570	6	1265
79.5450210	6	1266
79.3304443	6	1268
78.7775516	6	1269
79.8363685	6	1270
80.2004337	6	1271
80.1746845	6	1272
228.172302	16	1253
77.9969692	6	1273
80.0597667	6	1274
228.616476	16	1256
77.0556926	6	1276
79.9658298	6	1277
81.1052322	6	1279
80.6331634	6	1280
79.4901847	6	1281
79.4527530	6	1282
227.166175	16	1264
79.9429416	6	1283
80.7714462	6	1284
79.9715518	6	1285
227.957725	16	1267
79.7407627	6	1287
78.8311958	6	1288
78.7503719	6	1290
79.6105861	6	1291
79.4064998	6	1292
79.0812969	6	1293
79.4823169	6	1294
228.338479	16	1275
78.1104564	6	1295
78.8619518	6	1296
228.609085	16	1278
80.3050994	6	1298
80.4550647	6	1299
79.3747901	6	1301
80.6498527	6	1302
78.8345336	6	1303
80.3673267	6	1304
79.8802375	6	1305
228.664875	16	1286
80.4226398	6	1306
79.6880722	6	1307
228.226423	16	1289
77.6133537	6	1309
78.5944461	6	1310
79.3120861	6	1312
78.0925750	6	1313
79.2846679	6	1314
78.4358978	6	1315
82.8616619	6	1316
228.419780	16	1297
77.8069496	6	1317
79.1356563	6	1318
228.176116	16	1300
79.6813964	6	1320
79.4365406	6	1321
79.0464878	6	1323
81.3441276	6	1324
80.2237987	6	1325
80.7983875	6	1326
76.3413906	6	1327
228.394508	16	1308
80.4624557	6	1328
79.4384479	6	1329
227.430582	16	1311
80.0654888	6	1331
79.0197849	6	1332
80.8439254	6	1334
78.6252021	6	1335
78.3886909	6	1336
78.5548686	6	1337
80.5468559	6	1338
228.404045	16	1319
80.4340839	6	1339
81.0503959	6	1340
227.277278	16	1322
79.4043540	6	1342
80.6260108	6	1343
78.9701938	6	1345
80.1086425	6	1346
80.0220966	6	1347
77.9650211	6	1348
227.798938	16	1330
84.0613842	6	1349
77.7790546	6	1350
78.1328678	6	1351
227.716207	16	1333
79.6251296	6	1353
79.5779228	6	1354
80.2299976	6	1356
77.6274204	6	1357
79.6735286	6	1358
80.1408290	6	1359
77.1222114	6	1360
228.101015	16	1341
80.6450843	6	1361
81.3288688	6	1362
227.836608	16	1344
79.7686576	6	1364
80.1975727	6	1365
79.2109966	6	1367
80.6245803	6	1368
79.7691345	6	1369
76.7481327	6	1370
227.728843	16	1352
82.8557014	6	1371
79.1454315	6	1372
78.1025886	6	1373
228.671789	16	1355
80.1711082	6	1375
78.6521434	6	1376
80.0256729	6	1378
79.6830654	6	1379
80.6889533	6	1380
81.6001892	6	1381
77.3513317	6	1382
228.409528	16	1363
80.5547237	6	1383
81.2566280	6	1384
227.881431	16	1366
78.2713890	6	1386
79.2903900	6	1387
78.4535408	6	1389
79.2489051	6	1390
78.2234668	6	1391
78.8404941	6	1392
227.327585	16	1374
80.7602405	6	1393
79.8635482	6	1394
78.4821510	6	1395
228.337764	16	1377
80.2881717	6	1397
80.2056789	6	1398
80.0871849	6	1400
79.4084072	6	1401
80.9886455	6	1402
80.4805755	6	1403
227.845668	16	1385
79.7433853	6	1404
78.7909030	6	1405
79.9844264	6	1406
227.280139	16	1388
78.9484977	6	1408
80.2257061	6	1409
79.0553092	6	1411
78.7928104	6	1412
78.2716274	6	1413
79.2701244	6	1414
79.1580677	6	1415
227.745294	16	1396
79.1513919	6	1416
78.5529613	6	1417
227.570295	16	1399
79.0770053	6	1419
79.6620845	6	1420
80.0261497	6	1422
80.1827907	6	1423
80.2729129	6	1424
81.1047554	6	1425
79.0197849	6	1426
227.878570	16	1407
81.5420150	6	1427
80.7437896	6	1428
228.778600	16	1410
79.6353816	6	1430
79.7505378	6	1431
78.2885551	6	1433
78.6757469	6	1434
78.1407356	6	1435
79.8490047	6	1436
79.7567367	6	1437
228.618621	16	1418
78.5405635	6	1438
78.2487392	6	1439
228.408336	16	1421
79.7250270	6	1441
78.1667232	6	1442
79.4868469	6	1444
80.6558132	6	1445
80.0638198	6	1446
79.8742771	6	1447
80.3697109	6	1448
227.891206	16	1429
80.3344249	6	1449
81.5300941	6	1450
228.317260	16	1432
78.5365104	6	1452
80.9326171	6	1453
79.3731212	6	1455
79.0126323	6	1456
79.1616439	6	1457
79.4186592	6	1458
227.497816	16	1440
79.6701908	6	1459
79.2663097	6	1460
80.2423954	6	1461
227.916002	16	1443
80.8298587	6	1463
80.2774429	6	1464
80.9965133	6	1466
80.0976753	6	1467
80.0068378	6	1468
78.9284706	6	1469
78.6569118	6	1470
228.188514	16	1451
80.3625583	6	1471
79.2224407	6	1472
228.468656	16	1454
78.5019397	6	1474
78.3500671	6	1475
78.5250663	6	1477
78.8879394	6	1478
76.5829086	6	1479
83.3010673	6	1480
79.1778564	6	1481
227.546691	16	1462
77.6879787	6	1482
82.7591419	6	1483
228.412151	16	1465
80.7101726	6	1485
80.4922580	6	1486
79.9324512	6	1488
81.4917087	6	1489
80.1887512	6	1490
77.1117210	6	1491
227.602720	16	1473
84.4745635	6	1492
78.7823200	6	1493
83.4074020	6	1494
228.335618	16	1476
78.4530639	6	1496
80.0745487	6	1497
81.3448429	6	1499
79.0772438	6	1500
79.1940689	6	1501
81.0434818	6	1502
77.4154663	6	1503
228.574037	16	1484
79.0688991	6	1504
76.6706466	6	1505
228.373050	16	1487
79.1571140	6	1507
79.9241065	6	1508
78.1943798	6	1510
81.1927318	6	1511
80.7211399	6	1512
79.9667835	6	1513
227.457046	16	1495
85.1988792	6	1514
79.4191360	6	1515
81.1533927	6	1516
227.223873	16	1498
80.8391571	6	1518
78.4718990	6	1519
79.2131423	6	1521
77.5716304	6	1522
78.5670280	6	1523
80.1174640	6	1524
227.960109	16	1506
85.9582424	6	1525
78.9339542	6	1526
78.0985355	6	1527
227.910518	16	1509
77.4545669	6	1529
79.2696475	6	1530
80.0895690	6	1532
83.1234455	6	1533
80.4553031	6	1534
77.4927139	6	1535
77.0113468	6	1536
227.815389	16	1517
79.9190998	6	1537
80.4731845	6	1538
228.068590	16	1520
80.4145336	6	1540
80.1005363	6	1541
80.3956985	6	1543
76.9386291	6	1544
79.0138244	6	1545
80.0597667	6	1546
227.313280	16	1528
81.9504261	6	1547
79.2856216	6	1548
78.5629749	6	1549
227.670431	16	1531
78.8340568	6	1551
80.1448822	6	1552
78.1507492	6	1554
78.8624286	6	1555
79.4303417	6	1556
78.4478187	6	1557
77.2542953	6	1558
227.895736	16	1539
79.5183181	6	1559
78.3460140	6	1560
227.583885	16	1542
79.3101787	6	1562
78.6614418	6	1563
80.3318023	6	1565
78.9537429	6	1566
79.0698528	6	1567
79.5555114	6	1568
80.8751583	6	1569
228.531837	16	1550
78.9587497	6	1570
79.4503688	6	1571
227.895498	16	1553
76.4784812	6	1573
82.6451778	6	1574
77.6307582	6	1576
83.5180282	6	1577
80.1408290	6	1578
80.0800323	6	1579
79.4959068	6	1580
227.554321	16	1561
80.5435180	6	1581
81.6400051	6	1582
227.529525	16	1564
81.8345546	6	1584
79.0824890	6	1585
81.1185836	6	1587
80.7321071	6	1588
79.7052383	6	1589
79.4861316	6	1590
227.994918	16	1572
80.4545879	6	1591
79.2350769	6	1592
81.4590454	6	1593
228.226184	16	1575
79.8692703	6	1595
78.8965225	6	1596
79.7486305	6	1598
81.0718536	6	1599
79.3306827	6	1600
80.0676345	6	1601
78.6509513	6	1602
227.961540	16	1583
79.1409015	6	1603
79.7989368	6	1604
227.247476	16	1586
79.2829990	6	1606
79.8516273	6	1607
79.8871517	6	1609
78.5241127	6	1610
79.8959732	6	1611
80.0931453	6	1612
227.767944	16	1594
79.9031257	6	1613
79.6530246	6	1614
78.1435966	6	1615
227.798461	16	1597
79.5166492	6	1617
79.0278911	6	1618
78.4673690	6	1620
77.5208473	6	1621
78.9196491	6	1622
78.3953666	6	1623
78.5257816	6	1624
227.490663	16	1605
78.9637565	6	1625
79.9355506	6	1626
228.195667	16	1608
78.1264305	6	1628
80.2500247	6	1629
80.4843902	6	1631
78.5775184	6	1632
78.7718296	6	1633
79.9572467	6	1634
80.1904201	6	1635
228.170633	16	1616
79.7786712	6	1636
78.9647102	6	1637
227.798461	16	1619
80.3003311	6	1639
79.5950889	6	1640
79.8034667	6	1642
80.7282924	6	1643
81.4704895	6	1644
79.5221328	6	1645
79.7586441	6	1646
227.861881	16	1627
80.9180736	6	1647
79.7817707	6	1648
229.524612	16	1630
79.6849727	6	1650
80.2843570	6	1651
80.7633399	6	1653
79.1523456	6	1654
78.1483650	6	1655
79.1139602	6	1656
79.5111656	6	1657
227.843761	16	1638
78.7000656	6	1658
79.0729522	6	1659
228.016376	16	1641
81.0542106	6	1661
80.0228118	6	1662
79.0235996	6	1664
80.3117752	6	1665
80.6746482	6	1666
79.2992115	6	1667
228.408575	16	1649
80.5027484	6	1668
79.7896385	6	1669
79.7266960	6	1670
227.693080	16	1652
79.2446136	6	1672
78.7789821	6	1673
80.0864696	6	1675
79.7607898	6	1676
78.9442062	6	1677
80.0259113	6	1678
78.7894725	6	1679
227.558135	16	1660
78.6726474	6	1680
77.4192810	6	1681
227.849960	16	1663
79.6136856	6	1683
80.1088809	6	1684
78.3336162	6	1686
79.9129009	6	1687
78.0155658	6	1688
78.7949562	6	1689
79.2732238	6	1690
228.095293	16	1671
80.5442333	6	1691
78.3913135	6	1692
227.844476	16	1674
79.4024467	6	1694
78.9141654	6	1695
80.9011459	6	1697
79.5068740	6	1698
79.7283649	6	1699
79.7975063	6	1700
80.1107883	6	1701
227.816820	16	1682
79.8459053	6	1702
79.8330307	6	1703
227.887392	16	1685
80.9135437	6	1705
80.1610946	6	1706
79.4069766	6	1708
79.2570114	6	1709
79.9734592	6	1710
78.9754390	6	1711
77.9604911	6	1712
228.344202	16	1693
78.3145427	6	1713
78.5892009	6	1714
227.586269	16	1696
78.6716938	6	1716
79.1966915	6	1717
79.8065662	6	1719
80.1160335	6	1720
79.3852806	6	1721
80.7738304	6	1722
80.1649093	6	1723
228.135824	16	1704
81.0260772	6	1724
79.9336433	6	1725
227.662563	16	1707
80.7332992	6	1727
79.9703598	6	1728
78.8645744	6	1730
79.6887874	6	1731
79.6337127	6	1732
78.1636238	6	1733
78.3317089	6	1734
228.020191	16	1715
79.6699523	6	1735
78.7217617	6	1736
227.942228	16	1718
78.3946514	6	1738
78.5253047	6	1739
80.2798271	6	1741
78.3631801	6	1742
79.6906948	6	1743
80.4305076	6	1744
80.4734230	6	1745
228.137731	16	1726
79.4100761	6	1746
79.8027515	6	1747
227.782487	16	1729
79.2768001	6	1749
79.8711776	6	1750
78.3622264	6	1752
79.3178081	6	1753
77.9447555	6	1754
77.3799419	6	1755
79.2403221	6	1756
227.808713	16	1737
79.3304443	6	1757
80.1036357	6	1758
227.825164	16	1740
77.5103569	6	1760
78.9282321	6	1761
80.7960033	6	1763
79.6017646	6	1764
80.6915760	6	1765
80.7142257	6	1766
79.0908336	6	1767
228.131294	16	1748
78.4976482	6	1768
77.9325962	6	1769
228.373527	16	1751
79.6101093	6	1771
78.5384178	6	1772
86.6408348	6	1774
82.0658206	6	1775
78.0923366	6	1776
79.3547630	6	1777
228.167295	16	1759
85.2653980	6	1778
79.6566009	6	1779
79.6051025	6	1780
227.939128	16	1762
79.0941715	6	1782
79.0545940	6	1783
84.7384929	6	1785
77.2776603	6	1786
80.1126956	6	1787
80.6546211	6	1788
81.2318325	6	1789
228.094577	16	1770
80.3959369	6	1790
79.6165466	6	1791
227.492809	16	1773
80.2612304	6	1793
78.5779953	6	1798
93.9488410	6	1796
86.4286422	6	1797
109.998703	6	1794
78.5212516	6	1799
228.191614	16	1781
85.4923725	6	1800
78.9928436	6	1801
79.8597335	6	1802
227.358341	16	1784
83.4879875	6	1804
80.7278156	6	1805
227.450609	16	1792
81.4723968	6	1807
82.7145576	6	1808
80.3878307	6	1809
228.265285	16	1795
82.5560092	6	1810
83.1060409	6	1811
84.3787193	6	1812
82.6458930	6	1813
77.5265693	6	1815
79.1516304	6	1816
77.7993202	6	1818
228.361129	16	1803
77.7270793	6	1819
78.1772136	6	1820
77.3994922	6	1821
77.9671669	6	1822
83.5947990	6	1823
77.0215988	6	1824
227.967739	16	1806
79.6852111	6	1826
78.8471698	6	1827
80.6884765	6	1829
79.3235301	6	1830
79.9345970	6	1831
80.3976058	6	1832
79.0982246	6	1833
227.510690	16	1814
76.9674777	6	1834
80.7063579	6	1835
227.745294	16	1817
79.2746543	6	1837
80.3198814	6	1838
77.8338909	6	1840
79.4594287	6	1841
79.1680812	6	1842
79.4646739	6	1843
227.559566	16	1825
84.3470096	6	1844
80.8048248	6	1845
79.7431468	6	1846
228.385210	16	1828
79.7314643	6	1848
78.6592960	6	1849
81.5782546	6	1851
80.8811187	6	1852
80.0032615	6	1853
79.4978141	6	1854
76.6623020	6	1855
228.241205	16	1836
79.2012214	6	1856
78.8891315	6	1857
228.300809	16	1839
78.6726474	6	1859
79.2875289	6	1860
78.3042907	6	1862
78.8116455	6	1863
78.8035392	6	1864
79.5791149	6	1865
79.8828601	6	1866
228.455305	16	1847
80.1236629	6	1867
79.3192386	6	1868
227.367639	16	1850
80.8854103	6	1870
80.7762145	6	1871
80.3704261	6	1873
85.7064723	6	1874
80.2879333	6	1875
78.8078308	6	1876
227.751731	16	1858
83.9748382	6	1877
82.7078819	6	1878
80.2814960	6	1879
228.583335	16	1861
79.5698165	6	1881
78.4912109	6	1882
77.9249668	6	1884
76.6749382	6	1885
79.9736976	6	1886
78.8166522	6	1887
77.1453380	6	1888
228.219032	16	1869
78.8149833	6	1889
83.5039615	6	1890
227.547883	16	1872
80.0144672	6	1892
79.2648792	6	1893
79.9036026	6	1895
80.0814628	6	1896
79.4038772	6	1897
80.2748203	6	1898
227.871894	16	1880
83.4205150	6	1899
81.0368061	6	1900
76.3733386	6	1901
228.373765	16	1883
78.9337158	6	1903
79.5400142	6	1904
80.1379680	6	1906
79.0946483	6	1907
79.7643661	6	1908
79.6184539	6	1909
76.5931606	6	1910
227.652549	16	1891
77.0432949	6	1911
80.7166099	6	1912
227.800130	16	1894
79.1227817	6	1914
79.7102451	6	1915
78.9654254	6	1917
80.7626247	6	1918
79.3914794	6	1919
79.4866085	6	1920
79.9243450	6	1921
227.927923	16	1902
80.9745788	6	1922
81.4869403	6	1923
228.045701	16	1905
79.8459053	6	1925
77.9283046	6	1926
79.0603160	6	1928
78.8881778	6	1929
79.0479183	6	1930
79.7917842	6	1931
79.5722007	6	1932
227.916955	16	1913
78.2506465	6	1933
80.7795524	6	1934
229.441165	16	1916
79.1773796	6	1936
80.9643268	6	1937
79.8170566	6	1939
80.1839828	6	1940
81.0232162	6	1941
80.7094573	6	1942
227.326869	16	1924
79.4384479	6	1943
80.2962779	6	1944
79.5953273	6	1945
227.910518	16	1927
80.6879997	6	1947
78.3681869	6	1948
80.2931785	6	1950
78.7796974	6	1951
78.1824588	6	1952
78.3298015	6	1953
79.1609287	6	1954
228.149890	16	1935
78.5744190	6	1955
80.5361270	6	1956
227.925300	16	1938
78.7858963	6	1958
79.8926353	6	1959
78.4103870	6	1961
80.0726413	6	1962
79.7045230	6	1963
80.7647705	6	1964
227.063655	16	1946
80.5437564	6	1965
79.2334079	6	1966
78.2265663	6	1967
228.045940	16	1949
80.1703929	6	1969
79.4425010	6	1970
80.4710388	6	1972
76.5981674	6	1973
82.1673870	6	1974
79.5891284	6	1975
76.9963264	6	1976
228.068351	16	1957
76.8272876	6	1977
83.8794708	6	1978
228.487014	16	1960
79.9686908	6	1980
80.9128284	6	1981
78.7372589	6	1983
80.1131725	6	1984
78.4425735	6	1985
78.5136222	6	1986
79.3771743	6	1987
228.367328	16	1968
79.7393321	6	1988
77.3386955	6	1989
228.177070	16	1971
77.8186321	6	1991
78.2403945	6	1992
78.4792900	6	1994
79.5531272	6	1995
79.5671939	6	1996
80.7552337	6	1997
80.0817012	6	1998
227.780580	16	1979
78.5205364	6	1999
80.5604457	6	2000
228.436231	16	1982
80.4469585	6	2002
81.2919139	6	2003
79.8504352	6	2005
78.5889625	6	2006
78.9139270	6	2007
78.2628059	6	2008
78.6051750	6	2009
227.707147	16	1990
79.3764591	6	2010
78.5241127	6	2011
228.135347	16	1993
80.3012847	6	2013
77.8040885	6	2014
78.7076950	6	2016
79.5378684	6	2017
79.6976089	6	2018
81.1102390	6	2019
80.6112289	6	2020
228.028059	16	2001
79.0417194	6	2021
80.4293155	6	2022
228.344440	16	2004
79.7531604	6	2024
80.7850360	6	2025
79.8897743	6	2027
79.3635845	6	2028
79.6873569	6	2029
79.5073509	6	2030
79.5171260	6	2031
227.779865	16	2012
79.6170234	6	2032
78.9790153	6	2033
227.606296	16	2015
80.0957679	6	2035
79.1490077	6	2036
78.0553817	6	2038
78.1421661	6	2039
78.3598423	6	2040
78.6552429	6	2041
78.3529281	6	2042
227.923393	16	2023
79.6761512	6	2043
78.7434577	6	2044
227.438211	16	2026
78.7911415	6	2046
81.0704231	6	2047
80.1944732	6	2049
80.1188945	6	2050
80.6312561	6	2051
79.9415111	6	2052
80.9116363	6	2053
227.995872	16	2034
80.7092189	6	2054
80.3081989	6	2055
227.704763	16	2037
80.0793170	6	2057
78.0754089	6	2058
79.2477130	6	2060
79.7195434	6	2061
78.9873600	6	2062
79.0052413	6	2063
79.0164470	6	2064
227.441787	16	2045
79.3893337	6	2065
78.5579681	6	2066
227.767467	16	2048
77.8198242	6	2068
79.5421600	6	2069
80.2648067	6	2071
78.7320137	6	2072
79.5013904	6	2073
79.7042846	6	2074
80.8160305	6	2075
227.702856	16	2056
79.4537067	6	2076
79.7610282	6	2077
227.510929	16	2059
80.9926986	6	2079
80.8768272	6	2080
76.9095420	6	2082
80.8901786	6	2083
79.6754360	6	2084
79.7758102	6	2085
78.5698890	6	2086
227.286815	16	2067
78.8016319	6	2087
79.9574851	6	2088
228.568315	16	2070
78.1183242	6	2090
78.4878730	6	2091
78.6919593	6	2093
77.8129100	6	2094
78.1965255	6	2095
77.7947902	6	2096
79.2727470	6	2097
228.270053	16	2078
78.8066387	6	2098
78.4871578	6	2099
227.600336	16	2081
79.6110630	6	2101
79.3323516	6	2102
78.9213180	6	2104
79.7502994	6	2105
79.2014598	6	2106
79.2872905	6	2107
79.0143013	6	2108
228.440523	16	2089
79.6189308	6	2109
79.3778896	6	2110
227.800130	16	2092
79.3743133	6	2112
79.1718959	6	2113
80.2195072	6	2115
76.7397880	6	2116
80.1136493	6	2117
80.1255702	6	2118
227.477788	16	2100
80.4316997	6	2119
80.6975364	6	2120
80.4581642	6	2121
228.243589	16	2103
78.3426761	6	2123
80.8210372	6	2124
80.1351070	6	2126
81.2902450	6	2127
79.5683860	6	2128
81.0775756	6	2129
227.969884	16	2111
80.0158977	6	2130
79.3488025	6	2131
78.2070159	6	2132
227.578401	16	2114
80.4867744	6	2134
79.1077613	6	2135
84.2244625	6	2137
79.0214538	6	2138
79.3964862	6	2139
78.7944793	6	2140
79.5927047	6	2141
228.753566	16	2122
80.8715820	6	2142
79.8592567	6	2143
228.372097	16	2125
80.9557437	6	2145
79.1432857	6	2146
78.0034065	6	2148
79.5969963	6	2149
79.6415805	6	2150
80.1882743	6	2151
227.540254	16	2133
83.8365554	6	2152
80.2738666	6	2153
80.0058841	6	2154
228.311300	16	2136
78.7301063	6	2156
83.0321311	6	2157
81.0012817	6	2159
80.7526111	6	2160
80.7752609	6	2161
80.5289745	6	2162
76.7631530	6	2163
229.182481	16	2144
78.9282321	6	2164
80.0247192	6	2165
228.436470	16	2147
79.0727138	6	2167
77.2526264	6	2168
79.0174007	6	2170
79.2963504	6	2171
78.9730548	6	2172
77.6908397	6	2173
227.458238	16	2155
84.0876102	6	2174
78.5355567	6	2175
79.8251628	6	2176
228.163480	16	2158
79.6580314	6	2178
79.6341896	6	2179
80.4140567	6	2181
80.1942348	6	2182
78.8476467	6	2183
226.972579	16	2166
77.5063037	6	2185
88.0265235	6	2184
80.4460048	6	2186
78.9747238	6	2187
227.302551	16	2169
80.1188945	6	2189
78.6409378	6	2190
78.9704322	6	2192
79.8563957	6	2193
79.2005062	6	2194
84.1267108	6	2195
78.0739784	6	2196
227.519989	16	2177
77.8899192	6	2197
79.9889564	6	2198
227.906942	16	2180
80.1749229	6	2200
80.9829235	6	2201
79.5159339	6	2203
79.3709754	6	2204
80.0142288	6	2205
77.2035121	6	2206
79.0054798	6	2207
227.780342	16	2188
81.4051628	6	2208
79.3397426	6	2209
227.608680	16	2191
79.9357891	6	2211
79.0612697	6	2212
79.6525478	6	2214
78.3834457	6	2215
80.2214145	6	2216
80.1351070	6	2217
79.8225402	6	2218
227.990150	16	2199
78.9227485	6	2219
79.8463821	6	2220
228.495836	16	2202
80.3925991	6	2222
79.6561241	6	2223
79.2660713	6	2225
79.7059535	6	2226
79.3454647	6	2227
80.6167125	6	2228
228.057622	16	2210
79.8282623	6	2229
81.0043811	6	2230
81.1622142	6	2231
227.607011	16	2213
79.5402526	6	2233
79.2107582	6	2234
79.4701576	6	2236
79.4858932	6	2237
79.0085792	6	2238
78.5577297	6	2239
79.3175697	6	2240
228.162527	16	2221
78.1128406	6	2241
78.9973735	6	2242
227.684974	16	2224
79.6644687	6	2244
78.5610675	6	2245
80.8277130	6	2247
78.4037113	6	2248
79.0543556	6	2249
79.9300670	6	2250
227.408647	16	2232
83.0316543	6	2251
79.7624588	6	2252
79.9510478	6	2253
228.148221	16	2235
80.1906585	6	2255
80.1851749	6	2256
79.4348716	6	2258
79.1573524	6	2259
79.3862342	6	2260
79.1246891	6	2261
77.2311687	6	2262
227.891683	16	2243
78.0797004	6	2263
77.8615474	6	2264
227.021455	16	2246
78.4823894	6	2266
78.5923004	6	2267
80.0600051	6	2269
85.6950283	6	2270
80.9347629	6	2271
79.4470310	6	2272
228.124141	16	2254
84.9123001	6	2273
80.9516906	6	2274
80.1844596	6	2275
228.062868	16	2257
79.8156261	6	2277
80.9757709	6	2278
79.8625946	6	2280
85.6418609	6	2281
78.3078670	6	2282
78.2659053	6	2283
81.1271667	6	2284
228.069305	16	2265
77.3632526	6	2285
77.3174762	6	2286
227.781772	16	2268
79.2036056	6	2288
76.8949985	6	2289
78.7131786	6	2291
85.8004093	6	2292
78.4726142	6	2293
81.9368362	6	2294
81.8052291	6	2295
227.629423	16	2276
80.4247856	6	2296
81.1920166	6	2297
227.888345	16	2279
76.6103267	6	2299
79.9255371	6	2300
81.1896324	6	2302
77.4216651	6	2303
78.5098075	6	2305
86.1003398	6	2304
78.1726837	6	2306
227.468967	16	2287
79.5123577	6	2307
79.5218944	6	2308
227.780818	16	2290
80.7347297	6	2310
78.5477161	6	2311
78.6235332	6	2313
79.9434185	6	2314
76.6050815	6	2315
76.5891075	6	2316
229.189634	16	2298
82.6313495	6	2317
79.9736976	6	2318
79.4715881	6	2319
227.238416	16	2301
79.9767971	6	2321
79.7281265	6	2322
81.0515880	6	2324
76.2624740	6	2325
76.3504505	6	2326
80.6355476	6	2327
229.207515	16	2309
85.7481956	6	2328
78.0634880	6	2329
78.9003372	6	2330
227.729558	16	2312
79.8223018	6	2332
78.8202285	6	2333
78.5548686	6	2335
80.6524753	6	2336
78.5467624	6	2337
79.4999599	6	2338
77.2781372	6	2339
227.734088	16	2320
80.8076858	6	2340
85.1879119	6	2341
228.174448	16	2323
79.1366100	6	2343
80.1696777	6	2344
80.3341865	6	2346
77.1284103	6	2347
79.3595314	6	2348
80.0967216	6	2349
227.783441	16	2331
80.7523727	6	2350
79.4327259	6	2351
76.9855976	6	2352
227.619409	16	2334
78.8018703	6	2354
79.2214870	6	2355
80.2204608	6	2357
81.3176631	6	2358
79.5421600	6	2359
80.9535980	6	2360
78.3100128	6	2361
228.141069	16	2342
78.8965225	6	2362
80.7547569	6	2363
227.840423	16	2345
80.2848339	6	2365
79.2548656	6	2366
79.6980857	6	2368
78.3970355	6	2369
79.9074172	6	2370
79.3089866	6	2371
227.441787	16	2353
80.7757377	6	2372
80.8308124	6	2373
78.9272785	6	2374
227.538585	16	2356
79.3387889	6	2376
80.4738998	6	2377
79.4689655	6	2379
79.2787075	6	2380
79.1401863	6	2381
78.1598091	6	2382
78.7711143	6	2383
227.543115	16	2364
77.6467323	6	2384
79.3683528	6	2385
227.181434	16	2367
77.7721405	6	2387
85.1218700	6	2388
78.4318447	6	2390
77.8477191	6	2391
80.3086757	6	2392
80.0442695	6	2393
228.019237	16	2375
85.4401588	6	2394
79.4262886	6	2395
79.1518688	6	2396
227.668523	16	2378
79.2806148	6	2398
82.7429294	6	2399
79.7057151	6	2401
81.7561149	6	2402
77.6934623	6	2403
78.5472393	6	2404
227.572679	16	2386
84.6941471	6	2405
78.3791542	6	2406
78.7582397	6	2407
228.277683	16	2389
79.2057514	6	2409
77.3286819	6	2410
79.2093276	6	2412
77.8565406	6	2413
80.0850391	6	2414
81.0341835	6	2415
77.7614116	6	2416
227.610349	16	2397
80.1742076	6	2417
80.1134109	6	2418
227.075099	16	2400
76.5745639	6	2420
83.6400985	6	2421
79.5476436	6	2423
79.3032646	6	2424
80.2829265	6	2425
76.7538547	6	2426
227.501392	16	2408
84.0175151	6	2427
80.3360939	6	2428
79.6403884	6	2429
227.439165	16	2411
81.4433097	6	2431
77.9516696	6	2432
81.1154842	6	2434
81.0520648	6	2435
78.8073539	6	2436
80.0490379	6	2437
76.8909454	6	2438
227.788686	16	2419
78.6688327	6	2439
79.4959068	6	2440
227.824211	16	2422
78.9685249	6	2442
80.9588432	6	2443
79.5776844	6	2445
79.4756412	6	2446
79.8342227	6	2447
79.7698497	6	2448
80.0266265	6	2449
226.932287	16	2430
80.4920196	6	2450
79.0290832	6	2451
226.874351	16	2433
79.4966220	6	2453
78.2670974	6	2454
80.0333023	6	2456
79.7588825	6	2457
78.9999961	6	2458
79.9407958	6	2459
80.4953575	6	2460
227.423191	16	2441
78.1621932	6	2461
78.6480903	6	2462
228.630304	16	2444
79.0188312	6	2464
79.8642635	6	2465
78.7091255	6	2467
78.2449245	6	2468
79.3340206	6	2469
80.3174972	6	2470
77.0349502	6	2471
228.367328	16	2452
84.1832160	6	2472
80.6138515	6	2473
227.946519	16	2455
80.3718566	6	2475
80.5382728	6	2476
79.8578262	6	2478
80.8861255	6	2479
79.8633098	6	2480
80.4502964	6	2481
228.414535	16	2463
80.0337791	6	2482
78.9201259	6	2483
78.2310962	6	2484
227.329015	16	2466
79.5717239	6	2486
79.2405605	6	2487
78.9752006	6	2489
78.9895057	6	2490
78.0379772	6	2491
79.1788101	6	2492
227.609872	16	2474
79.7512531	6	2493
80.4171562	6	2494
86.8456363	6	2495
227.296829	16	2477
79.2779922	6	2497
78.8455009	6	2498
81.0353755	6	2500
80.7173252	6	2501
80.9721946	6	2502
80.1324844	6	2503
227.244138	16	2485
80.2597999	6	2504
79.4792175	6	2505
77.1362781	6	2506
227.309703	16	2488
80.0769329	6	2508
78.8767337	6	2509
78.7625312	6	2511
78.8829326	6	2512
78.2663822	6	2513
79.3733596	6	2514
79.1001319	6	2515
227.637529	16	2496
79.7200202	6	2516
80.4972648	6	2517
227.480888	16	2499
78.1073570	6	2519
80.4343223	6	2520
79.9324512	6	2522
79.4639587	6	2523
79.9074172	6	2524
79.1940689	6	2525
79.1299343	6	2526
228.087902	16	2507
79.2350769	6	2527
79.4932842	6	2528
227.397918	16	2510
80.1696777	6	2530
78.7088871	6	2531
78.0498981	6	2533
78.6025524	6	2534
78.2999992	6	2535
78.6752700	6	2536
78.9449214	6	2537
228.636503	16	2518
79.1339874	6	2538
79.0472030	6	2539
228.313446	16	2521
79.8254013	6	2541
79.8561573	6	2542
80.1360607	6	2544
80.5146694	6	2545
80.6076526	6	2546
80.0719261	6	2547
228.538274	16	2529
82.5023651	6	2548
82.1304321	6	2549
78.5841941	6	2550
228.874921	16	2532
78.1960487	6	2552
79.1101455	6	2553
78.6392688	6	2555
79.1180133	6	2556
78.8469314	6	2557
79.4489383	6	2558
78.0613422	6	2559
227.817058	16	2540
79.8721313	6	2560
80.5134773	6	2561
227.845668	16	2543
80.3594589	6	2563
79.5941352	6	2564
80.6353092	6	2566
80.6822776	6	2567
79.3669223	6	2568
78.9508819	6	2569
228.034973	16	2551
84.4392776	6	2570
78.2322883	6	2571
78.4330368	6	2572
227.995157	16	2554
79.3795585	6	2574
79.9782276	6	2575
78.3615112	6	2577
78.8872241	6	2578
80.1978111	6	2579
81.0394287	6	2580
77.6746273	6	2581
228.873252	16	2562
80.7671546	6	2582
79.5850753	6	2583
228.592395	16	2565
80.0688266	6	2585
79.8220634	6	2586
81.1960697	6	2588
81.2439918	6	2589
78.7711143	6	2590
79.3642997	6	2591
79.7195434	6	2592
227.429151	16	2573
78.5186290	6	2593
79.7007083	6	2594
227.759122	16	2576
77.9547691	6	2596
78.4871578	6	2597
78.6116123	6	2599
78.1919956	6	2600
78.6895751	6	2601
79.3554782	6	2602
78.5467624	6	2603
227.877616	16	2584
79.2486667	6	2604
80.9812545	6	2605
227.365732	16	2587
79.9536705	6	2607
78.5443782	6	2608
79.5006752	6	2610
79.6966552	6	2611
79.2999267	6	2612
79.1392326	6	2613
79.8242092	6	2614
227.846622	16	2595
80.9199810	6	2615
78.9818763	6	2616
228.186368	16	2598
79.0901184	6	2618
79.3080329	6	2619
78.7065029	6	2621
79.1962146	6	2622
79.7100067	6	2623
79.1325569	6	2624
78.6395072	6	2625
227.985620	16	2606
78.0041217	6	2626
79.1680812	6	2627
227.483272	16	2609
79.3912410	6	2629
79.3828964	6	2630
79.9345970	6	2632
78.4127712	6	2633
79.7793865	6	2634
78.8877010	6	2635
79.9973011	6	2636
228.182315	16	2617
82.8323364	6	2637
79.6606540	6	2638
228.275060	16	2620
79.3683528	6	2640
79.5409679	6	2641
78.5648822	6	2643
79.9343585	6	2644
78.8083076	6	2645
79.4241428	6	2646
227.200031	16	2628
76.9746303	6	2648
86.3816738	6	2647
80.0564289	6	2649
228.035926	16	2631
79.9162387	6	2651
80.3339481	6	2652
80.8355808	6	2654
84.1097831	6	2655
79.9641609	6	2656
79.7808170	6	2657
77.1787166	6	2658
227.687597	16	2639
78.4749984	6	2659
79.8528194	6	2660
227.628469	16	2642
80.4562568	6	2662
79.8013210	6	2663
80.7046890	6	2665
85.0596427	6	2666
79.3707370	6	2667
79.2908668	6	2668
80.1799297	6	2669
227.367877	16	2650
79.1261196	6	2670
78.3951282	6	2671
226.921558	16	2653
79.1385173	6	2673
79.7305107	6	2674
78.6976814	6	2676
85.8151912	6	2677
78.4153938	6	2678
79.3304443	6	2679
78.3054828	6	2680
228.045940	16	2661
78.0649185	6	2681
80.0704956	6	2682
227.735042	16	2664
79.2865753	6	2684
79.3471336	6	2685
79.8220634	6	2687
76.9035816	6	2688
80.4283618	6	2689
80.0566673	6	2690
228.187084	16	2672
84.2635631	6	2691
79.5185565	6	2692
80.1796913	6	2693
228.120565	16	2675
79.4286727	6	2695
79.2257785	6	2696
77.6152610	6	2698
80.2879333	6	2699
78.7296295	6	2700
78.2704353	6	2701
76.8868923	6	2702
227.465152	16	2683
80.3968906	6	2703
79.2639255	6	2704
227.062463	16	2686
79.9338817	6	2706
79.5075893	6	2707
80.1692008	6	2709
78.4873962	6	2710
80.5227756	6	2711
83.4858417	6	2712
228.207588	16	2694
82.2744369	6	2713
78.9611339	6	2714
79.0348052	6	2715
228.010177	16	2697
78.6185264	6	2717
79.3654918	6	2718
80.0020694	6	2720
79.8614025	6	2721
79.5307159	6	2722
78.4428119	6	2723
78.6640644	6	2724
228.139877	16	2705
80.1570415	6	2725
79.4782638	6	2726
227.624893	16	2708
80.6469917	6	2728
79.3485641	6	2729
80.5764198	6	2731
79.4668197	6	2732
79.1866779	6	2733
80.9125900	6	2734
79.7042846	6	2735
227.721214	16	2716
80.4042816	6	2736
80.8551311	6	2737
228.823423	16	2719
78.8521766	6	2739
79.5066356	6	2740
78.7065029	6	2742
80.3654193	6	2743
80.2023410	6	2744
78.3972740	6	2745
227.926969	16	2727
79.8654556	6	2746
80.0266265	6	2747
80.2633762	6	2748
227.776050	16	2730
80.2001953	6	2750
80.3351402	6	2751
80.3697109	6	2753
79.8885822	6	2754
77.2531032	6	2755
79.6585083	6	2756
77.4884223	6	2757
227.643251	16	2738
79.5369148	6	2758
79.1692733	6	2759
228.252887	16	2741
79.0150165	6	2761
78.5212516	6	2762
78.5861015	6	2764
79.7505378	6	2765
80.3077220	6	2766
79.9651145	6	2767
228.072166	16	2749
83.1067562	6	2768
80.5518627	6	2769
80.7645320	6	2770
227.756738	16	2752
80.3823471	6	2772
80.3661346	6	2773
80.9884071	6	2775
78.6523818	6	2776
79.0719985	6	2777
78.6261558	6	2778
76.7350196	6	2779
228.565931	16	2760
78.9721012	6	2780
79.4560909	6	2781
227.558135	16	2763
80.4274082	6	2783
80.3387165	6	2784
80.8804035	6	2786
80.3151130	6	2787
80.0933837	6	2788
79.4062614	6	2789
227.386713	16	2771
84.9235057	6	2790
80.6601047	6	2791
81.0635089	6	2792
227.997779	16	2774
78.6967277	6	2794
79.2376995	6	2795
79.2179107	6	2797
79.7314643	6	2798
78.6826610	6	2799
80.2228450	6	2800
76.7412185	6	2801
228.406190	16	2782
78.6857604	6	2802
79.1718959	6	2803
227.490186	16	2785
80.6503295	6	2805
78.1052112	6	2806
81.4380645	6	2808
80.0318717	6	2809
80.4572105	6	2810
77.9430866	6	2811
228.193283	16	2793
80.3754329	6	2812
80.6903839	6	2813
80.3661346	6	2814
227.413415	16	2796
79.6644687	6	2816
80.0387859	6	2817
79.3051719	6	2819
79.1320800	6	2820
76.6911506	6	2821
80.1773071	6	2822
78.5026550	6	2823
227.312088	16	2804
78.4220695	6	2824
79.4177055	6	2825
227.759122	16	2807
81.1891555	6	2827
78.8273811	6	2828
80.3248882	6	2830
79.8861980	6	2831
79.6380043	6	2832
79.1199207	6	2833
80.3613662	6	2834
227.908849	16	2815
79.8661708	6	2835
78.9089202	6	2836
227.701902	16	2818
77.2860050	6	2838
79.7455310	6	2839
79.5841217	6	2841
80.2414417	6	2842
80.5215835	6	2843
80.5418491	6	2844
78.4623622	6	2845
227.458953	16	2826
78.8536071	6	2846
78.5241127	6	2847
227.583646	16	2829
80.3940296	6	2849
78.4621238	6	2850
78.5238742	6	2852
79.7812938	6	2853
79.2136192	6	2854
80.2059173	6	2855
227.136850	16	2837
80.8351039	6	2856
80.4176330	6	2857
80.5668830	6	2858
227.660894	16	2840
80.3773403	6	2860
80.5563926	6	2861
79.8268318	6	2863
80.6288719	6	2864
80.1720619	6	2865
78.5732269	6	2866
78.5067081	6	2867
228.650569	16	2848
78.8862705	6	2868
79.3349742	6	2869
228.526830	16	2851
80.1932811	6	2871
79.6580314	6	2872
80.1143646	6	2874
80.4507732	6	2875
79.0221691	6	2876
80.7051658	6	2877
228.163719	16	2859
80.7285308	6	2878
79.1225433	6	2879
80.0328254	6	2880
227.707862	16	2862
79.5085430	6	2882
78.4010887	6	2883
77.9740810	6	2885
78.1533718	6	2886
80.1954269	6	2887
80.0895690	6	2888
78.6001682	6	2889
227.537870	16	2870
81.0141563	6	2890
80.3811550	6	2891
227.571964	16	2873
79.3933868	6	2893
80.5881023	6	2894
80.2798271	6	2896
80.5089473	6	2897
78.7074565	6	2898
78.9973735	6	2899
78.7000656	6	2900
228.989839	16	2881
77.9092311	6	2901
78.0639648	6	2902
228.188753	16	2884
79.1025161	6	2904
78.7889957	6	2905
77.9063701	6	2907
78.0298709	6	2908
79.6842575	6	2909
80.2605152	6	2910
79.4374942	6	2911
227.868795	16	2892
80.4891586	6	2912
79.8814296	6	2913
227.539539	16	2895
80.6648731	6	2915
80.4159641	6	2916
80.0428390	6	2918
81.3643932	6	2919
80.0273418	6	2920
79.5977115	6	2921
227.655410	16	2903
80.1444053	6	2922
78.3407688	6	2923
79.8835754	6	2924
227.652072	16	2906
78.1021118	6	2926
78.3636569	6	2927
78.6273479	6	2929
77.7776241	6	2930
79.0412425	6	2931
80.0039768	6	2932
80.4455280	6	2933
227.962732	16	2914
79.6813964	6	2934
79.8687934	6	2935
228.068113	16	2917
76.4703750	6	2937
82.9734802	6	2938
80.0974369	6	2940
80.5916786	6	2941
80.2385807	6	2942
79.2407989	6	2943
78.0122280	6	2944
227.697372	16	2925
79.3702602	6	2945
79.0519714	6	2946
227.807760	16	2928
79.1213512	6	2948
84.8765373	6	2949
78.2980918	6	2951
78.7265300	6	2952
79.1380405	6	2953
81.1753273	6	2954
80.4927349	6	2955
228.507518	16	2936
79.7708034	6	2956
79.7846317	6	2957
227.804422	16	2939
80.5842876	6	2959
76.5745639	6	2960
81.2156200	6	2962
79.8370838	6	2963
80.4765224	6	2964
79.8318386	6	2965
78.6604881	6	2966
227.648496	16	2947
79.4377326	6	2967
79.5347690	6	2968
228.005170	16	2950
78.7026882	6	2970
79.7598361	6	2971
78.3066749	6	2973
79.1985988	6	2974
77.7328014	6	2975
80.0106525	6	2976
228.675842	16	2958
82.5340747	6	2977
81.0942649	6	2978
80.5268287	6	2979
228.374004	16	2961
80.1308155	6	2981
80.6922912	6	2982
79.5352458	6	2984
79.3263912	6	2985
81.5112590	6	2986
79.5621871	6	2987
77.4528980	6	2988
229.069232	16	2969
79.0851116	6	2989
78.9470672	6	2990
228.070020	16	2972
80.4438591	6	2992
78.7258148	6	2993
79.0739059	6	2995
80.4798603	6	2996
78.9320468	6	2997
78.7899494	6	2998
227.476596	16	2980
80.1680088	6	2999
80.6193351	6	3000
80.5282592	6	3001
228.351354	16	2983
79.0333747	6	3003
80.6093215	6	3004
80.6727409	6	3006
79.1356563	6	3007
78.7158012	6	3008
80.5916786	6	3009
79.3278217	6	3010
227.756023	16	2991
78.1753063	6	3011
78.7954330	6	3012
227.619409	16	2994
78.3131122	6	3014
78.4087181	6	3015
78.1309604	6	3017
81.2296867	6	3018
81.0294151	6	3019
76.7669677	6	3020
77.1503448	6	3021
227.909803	16	3002
83.1816196	6	3022
81.0461044	6	3023
227.497339	16	3005
80.3954601	6	3025
81.2251567	6	3026
80.8305740	6	3028
78.8087844	6	3029
80.8906555	6	3030
78.4301757	6	3031
80.4560184	6	3032
233.914136	16	3013
78.7727832	6	3033
79.3612003	6	3034
227.820634	16	3016
79.1654586	6	3036
78.6898136	6	3037
79.2803764	6	3039
79.7598361	6	3040
78.4001350	6	3041
81.2940597	6	3042
227.689266	16	3024
79.2989730	6	3043
78.7587165	6	3044
78.8016319	6	3045
227.643251	16	3027
79.4763565	6	3047
80.4655551	6	3048
80.4345607	6	3050
79.0731906	6	3051
80.0223350	6	3052
78.7997245	6	3053
79.3719291	6	3054
227.821826	16	3035
79.4773101	6	3055
79.7049999	6	3056
229.083061	16	3038
80.7731151	6	3058
80.3692340	6	3059
79.9331665	6	3061
80.9712409	6	3062
80.4662704	6	3063
78.7577629	6	3064
77.0022869	6	3065
227.779150	16	3046
81.5198421	6	3066
79.1423320	6	3067
227.767944	16	3049
78.3934593	6	3069
79.2195796	6	3070
79.5364379	6	3072
79.0889263	6	3073
79.2870521	6	3074
80.3942680	6	3075
79.1811943	6	3076
227.701902	16	3057
78.3700942	6	3077
79.4687271	6	3078
227.403163	16	3060
80.8029174	6	3080
79.6928405	6	3081
80.1026821	6	3083
79.4599056	6	3084
78.6712169	6	3085
79.5149803	6	3086
80.4152488	6	3087
227.963685	16	3068
80.1761150	6	3088
80.0149440	6	3089
227.731227	16	3071
79.9505710	6	3091
79.1206359	6	3092
79.4682502	6	3094
84.1701030	6	3095
78.9728164	6	3096
79.3812274	6	3097
79.0059566	6	3098
227.852106	16	3079
78.6197185	6	3099
79.4513225	6	3100
228.224277	16	3082
80.2638530	6	3102
77.7451992	6	3103
79.0905952	6	3105
76.4770507	6	3106
78.5639286	6	3107
78.8285732	6	3108
78.5768032	6	3109
228.136301	16	3090
80.3754329	6	3110
79.1418552	6	3111
229.048728	16	3093
79.5047283	6	3113
79.2026519	6	3114
78.6769390	6	3116
79.5707702	6	3117
79.8497200	6	3118
78.3140659	6	3119
79.7655582	6	3120
227.843999	16	3101
78.8066387	6	3121
79.6885490	6	3122
227.810382	16	3104
80.0247192	6	3124
79.7061920	6	3125
78.9840221	6	3127
78.3879756	6	3128
79.1478157	6	3129
78.7391662	6	3130
227.659225	16	3112
83.2574367	6	3131
79.1122913	6	3132
80.0437927	6	3133
227.977752	16	3115
78.1908035	6	3135
78.7684917	6	3136
78.7565708	6	3138
78.6581039	6	3139
79.1888236	6	3140
79.5335769	6	3141
227.910280	16	3123
83.4140777	6	3142
79.6542167	6	3143
78.1464576	6	3144
227.419853	16	3126
80.1932811	6	3146
80.0199508	6	3147
80.3937911	6	3149
80.3854465	6	3150
76.9443511	6	3151
80.2240371	6	3152
77.6972770	6	3153
227.739572	16	3134
80.3349018	6	3154
80.6081295	6	3155
228.292942	16	3137
79.4143676	6	3157
80.0549983	6	3158
78.1929492	6	3160
79.3478488	6	3161
79.5075893	6	3162
78.7475109	6	3163
78.4296989	6	3164
228.657960	16	3145
79.8590183	6	3165
78.3441066	6	3166
227.409839	16	3148
78.5827636	6	3168
77.6472091	6	3169
79.9584388	6	3171
79.9689292	6	3172
78.3488750	6	3173
81.2902450	6	3174
79.3452262	6	3175
228.834629	16	3156
80.1038742	6	3176
80.5816650	6	3177
227.476119	16	3159
80.4095268	6	3179
80.3177356	6	3180
79.9834728	6	3182
79.1468620	6	3183
80.2824497	6	3184
78.6218643	6	3185
78.8555145	6	3186
228.049278	16	3167
78.7389278	6	3187
79.2624950	6	3188
227.483987	16	3170
78.8412094	6	3190
79.2131423	6	3191
78.6688327	6	3193
78.7551403	6	3194
78.9449214	6	3195
79.7281265	6	3196
80.2829265	6	3197
228.463411	16	3178
79.8153877	6	3198
80.4874897	6	3199
228.318452	16	3181
79.9500942	6	3201
78.8986682	6	3202
79.1971683	6	3204
79.4417858	6	3205
78.8826942	6	3206
78.9654254	6	3207
78.7007808	6	3208
227.715730	16	3189
78.0889987	6	3209
78.7584781	6	3210
227.916955	16	3192
78.5977840	6	3212
79.6189308	6	3213
79.5197486	6	3215
79.4544219	6	3216
78.5923004	6	3217
80.0704956	6	3218
80.3482532	6	3219
227.505683	16	3200
79.6730518	6	3220
80.0721645	6	3221
228.445053	16	3203
79.7407627	6	3223
80.0034999	6	3224
80.2319049	6	3226
80.4240703	6	3227
80.3411006	6	3228
78.8185596	6	3229
227.698564	16	3211
80.4820060	6	3230
80.1990032	6	3231
78.6705017	6	3232
228.587150	16	3214
79.0336132	6	3234
79.8377990	6	3235
79.8208713	6	3237
79.5485973	6	3238
78.7129402	6	3239
79.1354179	6	3240
79.3440341	6	3241
228.404998	16	3222
79.4868469	6	3242
80.6288719	6	3243
228.488683	16	3225
80.4286003	6	3245
78.8085460	6	3246
79.5962810	6	3248
79.9782276	6	3249
79.8397064	6	3250
80.3158283	6	3251
80.0192356	6	3252
228.685855	16	3233
80.5969238	6	3253
79.1287422	6	3254
228.519439	16	3236
79.3566703	6	3256
79.1788101	6	3257
79.5178413	6	3259
79.3235301	6	3260
79.8900127	6	3261
77.9898166	6	3262
79.5152187	6	3263
229.135036	16	3244
78.0081748	6	3264
78.3708095	6	3265
228.250026	16	3247
77.9647827	6	3267
79.6594619	6	3268
79.6637535	6	3270
78.7584781	6	3271
78.8583755	6	3272
79.1342258	6	3273
78.2380104	6	3274
228.293180	16	3255
81.7301273	6	3275
81.3908576	6	3276
229.506969	16	3258
81.3202857	6	3278
79.7603130	6	3279
79.0460109	6	3281
79.2412757	6	3282
80.2590847	6	3283
79.1363716	6	3284
80.3563594	6	3285
227.938890	16	3266
77.6290893	6	3286
77.7144432	6	3287
227.957248	16	3269
78.8094997	6	3289
78.0949592	6	3290
78.7136554	6	3292
79.3235301	6	3293
77.8996944	6	3294
79.2064666	6	3295
78.0372619	6	3296
228.773355	16	3277
80.0728797	6	3297
81.1636447	6	3298
227.509021	16	3280
79.7743797	6	3300
80.7745456	6	3301
77.6855945	6	3303
77.8090953	6	3304
78.1626701	6	3305
78.8893699	6	3306
228.720903	16	3288
84.3052864	6	3307
79.9500942	6	3308
80.8451175	6	3309
228.167057	16	3291
79.2920589	6	3311
79.6275138	6	3312
80.5439949	6	3314
80.7917118	6	3315
80.8327198	6	3316
80.7569026	6	3317
77.5625705	6	3318
228.254079	16	3299
79.2934894	6	3319
80.3201198	6	3320
227.929115	16	3302
80.2645683	6	3322
80.7838439	6	3323
78.8338184	6	3325
78.8016319	6	3326
78.6099433	6	3327
77.0585536	6	3328
80.6810855	6	3329
227.616310	16	3310
78.7005424	6	3330
78.5164833	6	3331
229.178190	16	3313
78.9816379	6	3333
78.6874294	6	3334
81.2044143	6	3336
79.4935226	6	3337
79.5609951	6	3338
81.2258720	6	3339
79.1418552	6	3340
229.002952	16	3321
80.0559520	6	3341
80.0492763	6	3342
227.869033	16	3324
79.1656970	6	3344
78.9487361	6	3345
77.9218673	6	3347
79.7967910	6	3348
78.5920619	6	3349
78.6058902	6	3350
79.6303749	6	3351
228.598594	16	3332
78.8476467	6	3352
79.3089866	6	3353
228.545188	16	3335
79.2038440	6	3355
79.3809890	6	3356
80.2943706	6	3358
85.6003761	6	3359
80.1112651	6	3360
79.9782276	6	3361
227.850675	16	3343
82.5622081	6	3362
78.6814689	6	3363
79.4363021	6	3364
227.816581	16	3346
80.2886486	6	3366
80.0309181	6	3367
78.8562297	6	3369
83.4414958	6	3370
78.2084465	6	3371
78.5753726	6	3372
76.6768455	6	3373
228.301763	16	3354
79.0257453	6	3374
79.0939331	6	3375
227.955341	16	3357
79.8268318	6	3377
79.3635845	6	3378
79.6577930	6	3380
77.2099494	6	3381
81.4573764	6	3382
79.8029899	6	3383
79.6699523	6	3384
228.667974	16	3365
80.1494121	6	3385
78.9325237	6	3386
227.878093	16	3368
78.0227184	6	3388
84.6710205	6	3389
78.9556503	6	3391
78.8450241	6	3392
78.6671638	6	3393
78.7067413	6	3394
78.8166522	6	3395
228.526353	16	3376
78.8569450	6	3396
78.5608291	6	3397
227.846622	16	3379
79.9527168	6	3399
85.4744911	6	3400
79.6263217	6	3402
79.1842937	6	3403
78.9654254	6	3404
79.1630744	6	3405
79.0348052	6	3406
227.592229	16	3387
79.4734954	6	3407
79.6203613	6	3408
227.548599	16	3390
76.7998695	6	3411
85.2267742	6	3410
78.8183212	6	3413
79.1089534	6	3414
79.5199871	6	3415
79.2357921	6	3416
78.9582729	6	3417
227.705240	16	3398
79.8914432	6	3418
80.0194740	6	3419
228.218555	16	3401
76.9312381	6	3421
80.9731483	6	3422
80.6190967	6	3424
77.1319866	6	3425
83.6825370	6	3426
80.4493427	6	3427
228.484153	16	3409
83.8053226	6	3428
80.3864002	6	3429
80.6570053	6	3430
228.281497	16	3412
80.1353454	6	3432
81.6652774	6	3433
79.2536735	6	3435
76.8084526	6	3437
85.4065418	6	3436
79.2841911	6	3438
76.3707160	6	3439
227.535009	16	3420
79.0245532	6	3440
78.5627365	6	3441
227.253675	16	3423
79.3461799	6	3443
77.4393081	6	3444
78.6139965	6	3446
83.9126110	6	3447
79.1199207	6	3448
79.0605545	6	3449
228.299379	16	3431
83.5316181	6	3450
78.5100460	6	3451
79.4417858	6	3452
227.585554	16	3434
78.0713558	6	3454
81.3839435	6	3455
79.9968242	6	3457
76.8327713	6	3458
78.5958766	6	3459
78.9399147	6	3460
77.6858329	6	3461
228.382825	16	3442
79.6484947	6	3462
78.5069465	6	3463
227.576971	16	3445
80.9347629	6	3465
78.7117481	6	3466
78.9551734	6	3468
80.3060531	6	3469
80.4550647	6	3470
79.7681808	6	3471
228.072404	16	3453
80.9640884	6	3472
79.8013210	6	3473
81.0182094	6	3474
227.552890	16	3456
78.4509181	6	3476
79.0140628	6	3477
81.2411308	6	3479
77.5821208	6	3480
78.2754421	6	3481
78.8521766	6	3482
78.1519412	6	3483
227.745771	16	3464
80.2104473	6	3484
77.3842334	6	3485
227.950334	16	3467
79.6461105	6	3487
80.2230834	6	3488
77.4908065	6	3490
79.0293216	6	3491
80.2886486	6	3492
79.3647766	6	3493
79.6778202	6	3494
228.040933	16	3475
79.6768665	6	3495
80.7056427	6	3496
228.418588	16	3478
78.5849094	6	3498
78.8981914	6	3499
80.1727771	6	3501
78.9976119	6	3502
78.8941383	6	3503
79.0765285	6	3504
79.1323184	6	3505
228.062152	16	3486
79.2684555	6	3506
78.1993865	6	3507
228.481769	16	3489
80.0449848	6	3509
80.2576541	6	3510
78.0568122	6	3512
78.8769721	6	3513
78.5880088	6	3514
78.6411762	6	3515
78.9918899	6	3516
228.284358	16	3497
79.4141292	6	3517
79.1864395	6	3518
227.538824	16	3500
79.9977779	6	3520
79.2255401	6	3521
79.0121555	6	3523
80.2791118	6	3524
80.8374881	6	3525
80.2543163	6	3526
80.6608200	6	3527
228.252887	16	3508
80.2304744	6	3528
80.5780887	6	3529
228.272914	16	3511
80.0614356	6	3531
80.5742740	6	3532
79.8854827	6	3534
78.9039134	6	3535
79.2973041	6	3536
79.4670581	6	3537
78.9241790	6	3538
227.865219	16	3519
78.0804157	6	3539
78.7155628	6	3540
227.411508	16	3522
79.3981552	6	3542
79.1914463	6	3543
79.2832374	6	3545
80.4560184	6	3546
80.0542831	6	3547
78.6852836	6	3548
79.6425342	6	3549
227.738142	16	3530
80.4557800	6	3550
80.6684494	6	3551
228.201150	16	3533
78.8536071	6	3553
79.7162055	6	3554
79.4234275	6	3556
78.4707069	6	3557
78.9411067	6	3558
79.9810886	6	3559
78.8462162	6	3560
227.799177	16	3541
78.8130760	6	3561
78.2294273	6	3562
228.712558	16	3544
78.2852172	6	3564
78.7839889	6	3565
79.1985988	6	3567
80.0085067	6	3568
80.1527500	6	3569
79.3695449	6	3570
80.9490680	6	3571
227.576732	16	3552
80.4376602	6	3572
80.9419155	6	3573
228.406906	16	3555
80.4412364	6	3575
80.1849365	6	3576
80.4507732	6	3578
79.1931152	6	3579
83.6160182	6	3580
78.4795284	6	3581
78.8178443	6	3582
227.664709	16	3563
79.6744823	6	3583
78.3140659	6	3584
227.070331	16	3566
78.9532661	6	3586
79.6549320	6	3587
80.2428722	6	3589
80.0127983	6	3590
77.1570205	6	3591
80.0583362	6	3592
228.730201	16	3574
78.0682563	6	3594
85.6523513	6	3593
80.3804397	6	3595
228.585004	16	3577
80.2597999	6	3597
80.5170536	6	3598
77.9087543	6	3600
78.6929130	6	3601
80.0886154	6	3602
77.9564380	6	3603
227.792739	16	3585
84.2955112	6	3604
79.5445442	6	3605
78.7930488	6	3606
227.748155	16	3588
78.8214206	6	3608
78.0830383	6	3609
80.2257061	6	3611
80.7561874	6	3612
78.3398151	6	3613
80.2979469	6	3614
76.7600536	6	3615
228.847026	16	3596
79.9274444	6	3616
80.0082683	6	3617
228.339433	16	3599
83.3644866	6	3619
80.3351402	6	3620
79.0393352	6	3622
78.4769058	6	3623
78.7229537	6	3624
79.9708366	6	3625
79.8218250	6	3626
228.163003	16	3607
79.1234970	6	3627
79.7646045	6	3628
228.516578	16	3610
76.7626762	6	3630
78.6972045	6	3631
78.9492130	6	3633
79.5133113	6	3634
79.6120166	6	3635
78.7756443	6	3636
79.7209739	6	3637
228.435277	16	3618
79.3855190	6	3638
80.4662704	6	3639
227.656602	16	3621
80.1303386	6	3641
79.9040794	6	3642
79.3802738	6	3644
78.9957046	6	3645
79.0398120	6	3646
79.0233612	6	3647
78.5105228	6	3648
227.898359	16	3629
79.4222354	6	3649
79.9474716	6	3650
227.433919	16	3632
79.4832706	6	3652
79.7724723	6	3653
77.3284435	6	3655
80.5594921	6	3656
80.0220966	6	3657
80.4405212	6	3658
227.792501	16	3640
79.7569751	6	3659
79.7896385	6	3660
79.8127651	6	3661
227.214574	16	3643
78.9144039	6	3663
79.4799327	6	3664
79.1168212	6	3666
77.7981281	6	3667
78.2744884	6	3668
78.6509513	6	3669
79.8535346	6	3670
227.638244	16	3651
79.2906284	6	3671
79.3640613	6	3672
228.450536	16	3654
80.1835060	6	3674
81.0348987	6	3675
80.7232856	6	3677
80.8358192	6	3678
80.8167457	6	3679
80.7631015	6	3680
228.113174	16	3662
80.4283618	6	3681
81.2699794	6	3682
79.7109603	6	3683
228.572130	16	3665
79.3361663	6	3685
78.1743526	6	3686
78.6759853	6	3688
79.7400474	6	3689
78.6287784	6	3690
79.7770023	6	3691
79.2963504	6	3692
228.680610	16	3673
78.4711837	6	3693
79.2133808	6	3694
228.030920	16	3676
78.0112743	6	3696
79.7748565	6	3697
79.5137882	6	3699
78.5782337	6	3700
79.3638229	6	3701
78.8455009	6	3702
78.4213542	6	3703
228.789806	16	3684
80.3294181	6	3704
78.8993835	6	3705
228.185892	16	3687
80.1317691	6	3707
79.0612697	6	3708
80.4743766	6	3710
80.1525115	6	3711
80.2526473	6	3712
79.1637897	6	3713
80.1289081	6	3714
227.833032	16	3695
78.8514614	6	3715
79.4014930	6	3716
228.081226	16	3698
78.8793563	6	3718
80.2385807	6	3719
79.6253681	6	3721
78.7518024	6	3722
79.0848731	6	3723
79.3733596	6	3724
77.9404640	6	3725
228.529930	16	3706
80.3930759	6	3726
79.4861316	6	3727
228.875160	16	3709
79.4327259	6	3729
78.2868862	6	3730
78.8564682	6	3732
79.8647403	6	3733
79.5321464	6	3734
78.8698196	6	3735
79.6318054	6	3736
228.496551	16	3717
78.8686275	6	3737
79.8974037	6	3738
227.515220	16	3720
78.6015987	6	3740
80.3909301	6	3741
80.4123878	6	3743
79.0135860	6	3744
78.4802436	6	3745
79.8816680	6	3746
80.1327228	6	3747
228.126525	16	3728
79.6189308	6	3748
78.1471729	6	3749
227.881431	16	3731
80.0225734	6	3751
79.8518657	6	3752
79.2422294	6	3754
78.8097381	6	3755
80.4548263	6	3756
80.6837081	6	3757
80.7287693	6	3758
228.644132	16	3739
79.7145366	6	3759
79.7865390	6	3760
228.591442	16	3742
79.6389579	6	3762
79.1254043	6	3763
79.5288085	6	3765
80.5296897	6	3766
79.4448852	6	3767
80.8241367	6	3768
78.9940357	6	3769
227.539539	16	3750
79.2188644	6	3770
80.9454917	6	3771
227.804183	16	3753
79.6380043	6	3773
79.6506404	6	3774
80.5766582	6	3776
79.3912410	6	3777
79.3445110	6	3778
79.7760486	6	3779
76.6644477	6	3780
228.497982	16	3761
80.5823802	6	3781
78.6087512	6	3782
227.943420	16	3764
80.0738334	6	3784
79.0193080	6	3785
77.8095722	6	3787
79.2465209	6	3788
78.5446166	6	3789
78.2432556	6	3790
78.2046318	6	3791
227.612018	16	3772
77.2321224	6	3792
79.4298648	6	3793
227.902889	16	3775
78.1493186	6	3795
79.4808864	6	3796
79.5991420	6	3798
79.0448188	6	3799
79.9474716	6	3800
80.1460742	6	3801
79.2951583	6	3802
227.732419	16	3783
79.1277885	6	3803
79.1015625	6	3804
227.333545	16	3786
80.2364349	6	3806
80.0554752	6	3807
79.9937248	6	3809
79.0908336	6	3810
79.7679424	6	3811
79.1521072	6	3812
78.5660743	6	3813
227.459669	16	3794
78.4685611	6	3814
79.7986984	6	3815
227.365970	16	3797
80.0287723	6	3817
79.7581672	6	3818
80.7712078	6	3820
81.4383029	6	3821
79.4262886	6	3822
79.9729824	6	3823
79.4782638	6	3824
227.312326	16	3805
79.5524120	6	3825
78.1047344	6	3826
228.971958	16	3808
78.6485671	6	3828
78.9377689	6	3829
79.5645713	6	3831
78.7484645	6	3832
81.0015201	6	3833
77.1203041	6	3834
227.977037	16	3816
80.2443027	6	3835
80.4035663	6	3836
80.6205272	6	3837
228.173255	16	3819
80.9128284	6	3839
78.6573886	6	3840
80.6820392	6	3842
80.6484222	6	3843
78.4168243	6	3844
79.5779228	6	3845
227.984428	16	3827
81.5610885	6	3846
79.6947479	6	3847
78.6323547	6	3848
227.490901	16	3830
79.1263580	6	3850
79.7049999	6	3851
78.4251689	6	3853
76.7121315	6	3854
83.5552215	6	3855
79.8928737	6	3856
78.9418220	6	3857
228.383541	16	3838
80.1863670	6	3858
80.2011489	6	3859
228.025197	16	3841
78.4587860	6	3861
79.0629386	6	3862
80.1296234	6	3864
79.7102451	6	3865
76.4253139	6	3866
78.5753726	6	3867
227.475404	16	3849
83.5690498	6	3868
78.8934230	6	3869
78.4125328	6	3870
227.416992	16	3852
79.3170928	6	3872
78.8557529	6	3873
78.5205364	6	3875
76.4324665	6	3876
80.3952217	6	3877
79.5845985	6	3878
76.3247013	6	3879
227.996587	16	3860
80.1362991	6	3880
80.6028842	6	3881
227.764606	16	3863
80.6169509	6	3883
79.3840885	6	3884
80.0790786	6	3886
80.7461738	6	3887
78.9649486	6	3888
76.8196582	6	3889
79.8325538	6	3890
228.265762	16	3871
79.4441699	6	3891
78.8090229	6	3892
228.263616	16	3874
78.0591964	6	3894
79.3092250	6	3895
79.0984630	6	3897
78.3991813	6	3898
79.1442394	6	3899
81.3448429	6	3900
79.6937942	6	3901
228.355884	16	3882
80.8353424	6	3902
81.3188552	6	3903
228.745460	16	3885
80.8169841	6	3905
80.3496837	6	3906
79.4477462	6	3908
79.1301727	6	3909
79.8149108	6	3910
78.7410736	6	3911
79.8604488	6	3912
228.100299	16	3893
78.1011581	6	3913
78.0394077	6	3914
228.995323	16	3896
78.4754753	6	3916
79.2262554	6	3917
79.2450904	6	3919
78.5398483	6	3920
79.0746212	6	3921
79.3726444	6	3922
76.5800476	6	3923
228.528022	16	3904
77.0890712	6	3924
80.3010463	6	3925
228.285074	16	3907
80.3132057	6	3927
80.4886817	6	3928
79.5631408	6	3930
80.4328918	6	3931
80.6064605	6	3932
79.3316364	6	3933
79.4847011	6	3934
228.827476	16	3915
80.0335407	6	3935
78.4111022	6	3936
229.023218	16	3918
79.3640613	6	3938
78.3782005	6	3939
80.8014869	6	3941
78.4595012	6	3942
78.1483650	6	3943
79.7071456	6	3944
227.772474	16	3926
80.2264213	6	3945
79.3440341	6	3946
78.8118839	6	3947
227.705717	16	3929
79.0541172	6	3949
80.4059505	6	3950
79.0348052	6	3952
80.6765556	6	3953
83.0872058	6	3954
79.1084766	6	3955
78.7377357	6	3956
227.547645	16	3937
80.1892280	6	3957
79.4196128	6	3958
227.714776	16	3940
79.2589187	6	3960
78.8660049	6	3961
79.2584419	6	3963
78.2387256	6	3964
77.0370960	6	3965
78.2039165	6	3966
228.109598	16	3948
78.7203311	6	3968
86.7896080	6	3967
77.7733325	6	3969
228.517055	16	3951
79.3683528	6	3971
79.4074535	6	3972
79.0927410	6	3974
80.3215503	6	3975
79.4396400	6	3976
81.1395645	6	3977
77.4364471	6	3978
228.188037	16	3959
79.0574550	6	3979
80.9793472	6	3980
227.434873	16	3962
79.8230171	6	3982
78.2263278	6	3983
80.3229808	6	3985
80.4636478	6	3986
79.8692703	6	3987
79.4475078	6	3988
79.6816349	6	3989
227.914810	16	3970
79.1158676	6	3990
78.9601802	6	3991
228.118419	16	3973
79.5986652	6	3993
80.2338123	6	3994
78.9201259	6	3996
78.6113739	6	3997
80.2376270	6	3998
80.4526805	6	3999
79.0932178	6	4000
228.134155	16	3981
79.4620513	6	4001
80.2130699	6	4002
228.142738	16	3984
80.0993442	6	4004
79.5736312	6	4005
80.7881355	6	4007
80.2268981	6	4008
77.8973102	6	4009
77.8772830	6	4010
78.2520771	6	4011
228.385210	16	3992
79.4074535	6	4012
79.3173313	6	4013
228.742122	16	3995
78.7415504	6	4015
78.9732933	6	4016
79.7557830	6	4018
79.2291164	6	4019
81.0387134	6	4020
80.1560878	6	4021
79.9069404	6	4022
227.766990	16	4003
79.2524814	6	4023
80.1656246	6	4024
227.671623	16	4006
79.5166492	6	4026
79.9665451	6	4027
79.9484252	6	4029
80.7356834	6	4030
77.4226188	6	4031
79.1282653	6	4032
228.086948	16	4014
85.9975814	6	4033
80.7292461	6	4034
79.2403221	6	4035
227.494955	16	4017
81.5649032	6	4037
80.5234909	6	4038
79.0095329	6	4040
78.9542198	6	4041
82.2405815	6	4042
79.2727470	6	4043
77.2964954	6	4044
228.060245	16	4025
78.7653923	6	4045
79.2965888	6	4046
227.910280	16	4028
77.9538154	6	4048
78.6442756	6	4049
80.9826850	6	4051
81.1822414	6	4052
78.7093639	6	4053
78.1574249	6	4054
227.459669	16	4036
85.5236053	6	4055
79.2810916	6	4056
79.0786743	6	4057
227.400302	16	4039
81.7945003	6	4059
79.1332721	6	4060
78.0913829	6	4062
78.0947208	6	4063
79.4403553	6	4064
80.4464817	6	4065
229.177713	16	4047
83.3284854	6	4066
80.6901454	6	4067
80.2726745	6	4068
227.502346	16	4050
80.1188945	6	4070
80.2202224	6	4071
79.6055793	6	4073
79.0412425	6	4074
79.4973373	6	4075
78.5381793	6	4076
78.0887603	6	4077
228.933095	16	4058
78.0663490	6	4078
79.5674324	6	4079
227.996826	16	4061
80.0936222	6	4081
79.4372558	6	4082
79.5667171	6	4084
80.4381370	6	4085
79.3235301	6	4086
80.0480842	6	4087
227.340221	16	4069
79.6835422	6	4088
80.3003311	6	4089
78.9227485	6	4090
227.492570	16	4072
78.1860351	6	4092
78.3824920	6	4093
78.3684253	6	4095
79.2322158	6	4096
78.7968635	6	4097
79.1518688	6	4098
79.0829658	6	4099
227.960824	16	4080
77.9256820	6	4100
78.1512260	6	4101
227.574348	16	4083
78.8879394	6	4103
79.7090530	6	4104
78.8946151	6	4106
79.9407958	6	4107
79.1378021	6	4108
79.1842937	6	4109
79.4451236	6	4110
228.801488	16	4091
76.6041278	6	4111
83.7321281	6	4112
227.483749	16	4094
80.8680057	6	4114
80.2934169	6	4115
79.3371200	6	4117
79.2665481	6	4118
80.8148384	6	4119
79.9629688	6	4120
77.6352882	6	4121
228.405952	16	4102
81.0604095	6	4122
84.5727920	6	4123
227.895498	16	4105
77.6903629	6	4125
80.0375938	6	4126
80.6758403	6	4128
80.4278850	6	4129
78.3202648	6	4130
79.3464183	6	4131
80.4800987	6	4132
227.954387	16	4113
79.4103145	6	4133
76.8361091	6	4134
227.425098	16	4116
80.3399085	6	4136
78.9370536	6	4137
79.9422264	6	4139
78.7341594	6	4140
80.4288387	6	4141
79.8473358	6	4142
78.9096355	6	4143
227.341413	16	4124
78.8187980	6	4144
79.3318748	6	4145
228.298664	16	4127
78.8645744	6	4147
78.0644416	6	4148
78.4840583	6	4150
79.6043872	6	4151
79.0803432	6	4152
79.2896747	6	4153
79.3526172	6	4154
227.332115	16	4135
79.7407627	6	4155
79.4472694	6	4156
228.036642	16	4138
80.2023410	6	4158
80.2776813	6	4159
81.8619728	6	4161
80.4193019	6	4162
79.4305801	6	4163
79.6198844	6	4164
227.807998	16	4146
79.9410343	6	4165
79.4863700	6	4166
80.1427364	6	4167
228.528261	16	4149
80.0998210	6	4169
79.9555778	6	4170
80.1825523	6	4172
78.8102149	6	4173
80.4157257	6	4174
80.1203250	6	4175
227.701187	16	4157
78.6685943	6	4176
79.7960758	6	4177
78.2601833	6	4178
227.808237	16	4160
78.7105560	6	4180
79.7829627	6	4181
79.4255733	6	4183
80.0065994	6	4184
78.9098739	6	4185
79.9622535	6	4186
78.8557529	6	4187
228.377103	16	4168
80.4319381	6	4188
79.7841548	6	4189
227.656841	16	4171
81.2509059	6	4191
81.6779136	6	4192
78.4854888	6	4194
80.0604820	6	4195
80.0199508	6	4196
78.8524150	6	4197
79.5345306	6	4198
227.496623	16	4179
79.3120861	6	4199
84.5737457	6	4200
236.388683	16	4182
227.666139	16	4193
250.450372	16	4190
avg:  106.62340771584283
std:  57.23019093370807
p95:  228.27019691467285
p99:  228.84703159332275
com:  128.41124168165246
thg:  12.841124168165248
FCT:  32.70741677284241
que:  2.9997759205954417
los:  0.0
3437 763
**********************
