[ 4  4  8 ...  3  6 10]
84.9561691	6	2
85.2546691	6	3
87.1207714	6	5
85.3958129	6	6
86.2095355	6	7
87.2123241	6	8
82.8247070	6	9
85.1953029	6	10
84.7239494	6	11
76.7178535	6	14
84.8832130	6	13
78.6504745	6	16
83.0175876	6	17
81.0976028	6	18
82.7162265	6	19
82.5903415	6	20
78.3584117	6	21
79.3166160	6	22
229.247093	16	1
79.1809558	6	24
78.2356262	6	25
228.962421	16	4
82.2794437	6	27
79.8494815	6	28
77.0592689	6	29
77.5914192	6	30
77.7974128	6	31
76.8339633	6	32
80.7254314	6	33
227.979898	16	12
81.2077522	6	35
79.1654586	6	36
228.306055	16	15
81.5372467	6	38
76.5752792	6	39
78.1917572	6	40
79.4188976	6	41
79.1003704	6	42
79.3242454	6	43
79.6513557	6	44
227.944850	16	23
81.1114311	6	46
78.2349109	6	47
227.885007	16	26
81.4106464	6	49
76.6527652	6	50
81.6643238	6	51
80.4827213	6	52
78.0706405	6	53
78.3679485	6	54
78.2027244	6	55
228.258848	16	34
79.4265270	6	57
77.9063701	6	58
228.001356	16	37
80.7368755	6	60
76.9388675	6	61
81.1803340	6	62
79.3945789	6	63
78.7639617	6	64
80.3000926	6	65
79.3943405	6	66
228.636980	16	45
80.9555053	6	68
77.7406692	6	69
227.305173	16	48
82.3662281	6	71
77.1174430	6	72
79.3650150	6	73
77.8501033	6	74
78.3870220	6	75
78.5124301	6	76
79.1604518	6	77
229.299783	16	56
80.5943012	6	79
80.1634788	6	80
227.914333	16	59
83.5196971	6	82
78.2148838	6	83
80.0716876	6	84
78.8168907	6	85
80.2097320	6	86
78.6812305	6	87
79.9896717	6	88
227.460384	16	67
80.1916122	6	90
76.7326354	6	91
227.878093	16	70
81.0074806	6	93
78.3278942	6	94
77.3684978	6	95
77.4705410	6	96
76.4908790	6	97
76.8654346	6	98
77.3062705	6	99
229.248762	16	78
79.7894001	6	101
77.6777267	6	102
228.046178	16	81
80.0011157	6	104
76.4358043	6	105
79.0002346	6	106
78.2618522	6	107
76.7753124	6	108
77.0521163	6	109
77.3434638	6	110
228.107690	16	89
82.5560092	6	112
78.3829689	6	113
228.278875	16	92
82.7243328	6	115
77.2972106	6	116
79.9510478	6	117
78.2005786	6	118
79.4503688	6	119
79.6275138	6	120
79.4963836	6	121
228.490591	16	100
81.3741683	6	123
77.4774551	6	124
227.583646	16	103
81.8891525	6	126
77.6627063	6	127
79.2546272	6	128
77.6541233	6	129
77.7263641	6	130
78.1099796	6	131
78.6116123	6	132
227.807283	16	111
80.5263519	6	134
78.3159732	6	135
228.851318	16	114
82.8237533	6	137
77.0101547	6	138
78.2661437	6	139
78.7582397	6	140
79.0836811	6	141
79.0846347	6	142
78.2051086	6	143
228.797197	16	122
81.2594890	6	145
77.7945518	6	146
227.792978	16	125
80.3782939	6	148
76.8504142	6	149
77.4748325	6	150
77.8918266	6	151
77.5475502	6	152
77.0504474	6	153
77.5101184	6	154
227.936983	16	133
82.3736190	6	156
76.9643783	6	157
228.000640	16	136
82.0422172	6	159
76.5807628	6	160
79.3738365	6	161
79.5605182	6	162
79.5361995	6	163
79.1697502	6	164
79.2784690	6	165
228.421211	16	144
80.6932449	6	167
78.2966613	6	168
227.701187	16	147
80.2419185	6	170
77.2323608	6	171
79.7398090	6	172
78.2389640	6	173
79.4878005	6	174
78.5155296	6	175
77.9249668	6	176
228.488445	16	155
81.0813903	6	178
76.5960216	6	179
228.099584	16	158
80.4946422	6	181
76.3120651	6	182
78.0420303	6	183
78.1905651	6	184
77.4645805	6	185
77.9061317	6	186
78.3405303	6	187
228.388786	16	166
80.2495479	6	189
77.5470733	6	190
228.925228	16	169
79.6766281	6	192
77.3842334	6	193
80.4424285	6	194
79.6363353	6	195
79.9410343	6	196
78.9058208	6	197
77.4343013	6	198
227.509975	16	177
80.5349349	6	200
77.5091648	6	201
227.444648	16	180
81.1650753	6	203
78.5529613	6	204
78.4633159	6	205
77.5728225	6	206
77.8572559	6	207
76.7974853	6	208
77.5749683	6	209
228.450298	16	188
79.8346996	6	211
77.5504112	6	212
227.838754	16	191
79.8995494	6	214
77.5504112	6	215
79.7929763	6	216
79.0052413	6	217
78.1342983	6	218
78.3460140	6	219
79.3533325	6	220
228.315591	16	199
81.0267925	6	222
77.2976875	6	223
228.807926	16	202
80.1239013	6	225
76.5593051	6	226
77.0287513	6	227
76.8072605	6	228
77.4106979	6	229
78.6113739	6	230
78.1385898	6	231
229.050159	16	210
80.9295177	6	233
76.8432617	6	234
227.631568	16	213
80.7933807	6	236
77.4142742	6	237
81.0470581	6	238
79.0958404	6	239
76.8721103	6	240
78.6747932	6	241
79.2758464	6	242
227.791547	16	221
80.5277824	6	244
77.0280361	6	245
228.305816	16	224
78.0370235	6	247
76.3549804	6	248
77.5525569	6	249
76.5068531	6	250
77.4962902	6	251
79.5254707	6	252
77.9623985	6	253
228.183031	16	232
80.2443027	6	255
77.8613090	6	256
227.817296	16	235
81.2146663	6	258
76.7257213	6	259
76.5490531	6	260
76.9667625	6	261
85.1826667	6	262
81.2005996	6	263
79.5736312	6	264
227.743148	16	243
81.9048881	6	266
79.2927742	6	267
228.831768	16	246
80.2197456	6	269
77.4884223	6	270
78.8419246	6	271
81.0477733	6	272
79.7171592	6	273
78.5400867	6	274
77.4497985	6	275
227.956295	16	254
81.6140174	6	277
77.5337219	6	278
227.616548	16	257
81.6659927	6	280
78.5713195	6	281
81.3214778	6	282
76.9557952	6	283
78.1455039	6	284
78.8295269	6	285
79.2067050	6	286
228.044033	16	265
81.3429355	6	288
76.3576030	6	289
228.195190	16	268
79.9591541	6	291
77.4488449	6	292
79.0910720	6	293
77.9478549	6	294
80.3122520	6	295
78.9020061	6	296
79.3075561	6	297
227.190494	16	276
80.2845954	6	299
78.3605575	6	300
228.605508	16	279
81.9196701	6	302
77.3797035	6	303
77.8338909	6	304
77.2805213	6	305
78.2911777	6	306
76.4770507	6	307
79.2970657	6	308
228.760480	16	287
80.4712772	6	310
77.1403312	6	311
227.759838	16	290
80.4862976	6	313
76.8289566	6	314
79.2603492	6	315
78.7220001	6	316
78.0858993	6	317
78.4432888	6	318
79.1227817	6	319
228.157043	16	298
80.9063911	6	321
77.1632194	6	322
228.040695	16	301
82.4124813	6	324
76.9836902	6	325
79.2174339	6	326
77.5041580	6	327
79.0653228	6	328
77.8634548	6	329
78.6406993	6	330
227.298736	16	309
80.5466175	6	332
77.9597759	6	333
228.157997	16	312
80.5017948	6	335
76.4086246	6	336
80.0397396	6	337
78.6850452	6	338
79.7464847	6	339
78.3834457	6	340
78.6828994	6	341
227.399587	16	320
82.0486545	6	343
77.3255825	6	344
228.173255	16	323
81.0356140	6	346
77.2440433	6	347
79.3523788	6	348
78.3567428	6	349
78.8428783	6	350
77.5327682	6	351
78.1252384	6	352
228.990077	16	331
81.3617706	6	354
76.7445564	6	355
228.143692	16	334
80.0755023	6	357
77.1629810	6	358
79.2007446	6	359
79.1785717	6	360
78.9506435	6	361
78.1726837	6	362
78.0830383	6	363
228.130102	16	342
80.3120136	6	365
76.7254829	6	366
227.933883	16	345
81.1755657	6	368
77.0068168	6	369
79.6329975	6	370
79.1854858	6	371
78.2849788	6	372
78.4943103	6	373
78.9287090	6	374
227.901220	16	353
81.5887451	6	376
77.1541595	6	377
228.188991	16	356
81.4456939	6	379
76.8227577	6	380
80.3537368	6	381
78.0682563	6	382
77.7528285	6	383
77.9213905	6	384
76.9052505	6	385
228.628396	16	364
80.1663398	6	387
76.9212245	6	388
228.208065	16	367
82.5040340	6	390
77.0795345	6	391
79.6017646	6	392
78.4578323	6	393
78.7613391	6	394
78.7544250	6	395
76.6296386	6	396
227.486610	16	375
83.6544036	6	398
77.8460502	6	399
228.286266	16	378
80.4550647	6	401
76.4977931	6	402
80.3589820	6	403
78.8528919	6	404
78.5701274	6	405
78.7072181	6	406
78.0165195	6	407
227.644205	16	386
81.1779499	6	409
76.5798091	6	410
227.234840	16	389
83.6658477	6	412
77.7368545	6	413
80.1830291	6	414
77.8093338	6	415
80.0502300	6	416
80.2567005	6	417
78.9318084	6	418
228.192329	16	397
79.9953937	6	420
77.5396823	6	421
227.685213	16	400
81.7465782	6	423
77.5325298	6	424
79.6442031	6	425
78.1486034	6	426
81.9861888	6	427
78.6547660	6	428
78.0446529	6	429
229.010343	16	408
80.2013874	6	431
77.8062343	6	432
228.454828	16	411
80.3694725	6	434
76.8010616	6	435
78.3908367	6	436
77.2249698	6	437
77.4102210	6	438
77.4147510	6	439
77.6669979	6	440
227.743625	16	419
80.6722640	6	442
76.8356323	6	443
227.650165	16	422
82.9346179	6	445
77.3646831	6	446
78.5558223	6	447
77.5485038	6	448
78.0882835	6	449
80.0342559	6	450
78.5899162	6	451
227.252960	16	430
81.6299915	6	453
76.7889022	6	454
227.574586	16	433
81.9621086	6	456
76.7717361	6	457
78.3309936	6	458
79.8447132	6	459
80.2171230	6	460
79.0019035	6	461
78.1190395	6	462
228.339195	16	441
81.6352367	6	464
76.6010284	6	465
227.847337	16	444
83.1301212	6	467
76.9429206	6	468
80.1162719	6	469
79.0781974	6	470
78.2914161	6	471
77.5034427	6	472
79.3747901	6	473
227.972984	16	452
83.6970806	6	475
77.8415203	6	476
228.256702	16	455
83.7695598	6	478
77.6112079	6	479
80.8153152	6	480
79.0696144	6	481
78.4983634	6	482
79.1063308	6	483
80.9493064	6	484
227.819919	16	463
80.3883075	6	486
77.7494907	6	487
227.270603	16	466
80.4266929	6	489
77.3437023	6	490
80.2490711	6	491
77.6128768	6	492
78.4854888	6	493
77.5821208	6	494
77.7490139	6	495
227.433204	16	474
80.2278518	6	497
78.2322883	6	498
227.634191	16	477
82.5505256	6	500
76.8606662	6	501
78.6464214	6	502
77.3358345	6	503
78.8052082	6	504
77.6247978	6	505
77.6176452	6	506
227.850675	16	485
81.4554691	6	508
77.6758193	6	509
229.455471	16	488
80.8262825	6	511
76.8899917	6	512
79.6518325	6	513
78.4881114	6	514
79.4012546	6	515
77.8014659	6	516
80.4812908	6	517
227.719545	16	496
83.1236839	6	519
77.6166915	6	520
228.571176	16	499
82.0605754	6	522
77.7380466	6	523
79.5466899	6	524
79.9198150	6	525
78.4375667	6	526
77.4075984	6	527
79.1199207	6	528
227.348804	16	507
79.8857212	6	530
77.2862434	6	531
227.492094	16	510
80.5888175	6	533
76.7409801	6	534
78.2599449	6	535
77.7440071	6	536
78.1145095	6	537
77.5651931	6	538
78.2396793	6	539
228.451967	16	518
81.0012817	6	541
76.8525600	6	542
228.235960	16	521
80.0850391	6	544
77.3282051	6	545
78.8698196	6	546
79.0715217	6	547
79.4863700	6	548
78.3495903	6	549
79.5161724	6	550
228.346347	16	529
82.1301937	6	552
78.7210464	6	553
228.937864	16	532
80.9884071	6	555
77.5420665	6	556
78.9783000	6	557
79.1397094	6	558
79.2021751	6	559
78.7014961	6	560
79.1449546	6	561
228.429794	16	540
80.8053016	6	563
76.9541263	6	564
228.182315	16	543
82.9133987	6	566
78.9370536	6	567
79.2033672	6	568
79.4410705	6	569
78.7441730	6	570
77.8417587	6	571
79.0610313	6	572
227.422475	16	551
80.4035663	6	574
77.9478549	6	575
227.727890	16	554
81.3479423	6	577
77.1510601	6	578
77.7029991	6	579
78.9732933	6	580
77.5570869	6	581
78.4454345	6	582
78.6380767	6	583
227.864265	16	562
81.5517902	6	585
78.7127017	6	586
227.775812	16	565
81.4337730	6	588
77.0163536	6	589
78.1433582	6	590
79.7040462	6	591
78.3329010	6	592
78.6828994	6	593
78.4635543	6	594
228.267192	16	573
80.9822082	6	596
76.8060684	6	597
227.269887	16	576
80.2562236	6	599
77.0156383	6	600
79.4463157	6	601
77.8026580	6	602
78.1240463	6	603
78.8142681	6	604
80.3406238	6	605
227.647781	16	584
80.3775787	6	607
78.1216621	6	608
227.450370	16	587
80.1563262	6	610
78.2382488	6	611
80.8608531	6	612
78.6139965	6	613
77.9798030	6	614
78.4676074	6	615
79.0762901	6	616
227.783203	16	595
80.0082683	6	618
77.6605606	6	619
228.486299	16	598
81.7325115	6	621
77.7659416	6	622
78.0136585	6	623
76.7590999	6	624
79.6384811	6	625
79.2093276	6	626
79.2651176	6	627
228.746891	16	606
79.9336433	6	629
77.2449970	6	630
228.461742	16	609
81.9122791	6	632
77.8830051	6	633
78.9124965	6	634
79.7801017	6	635
78.8052082	6	636
78.7444114	6	637
78.7642002	6	638
227.675199	16	617
79.9915790	6	640
78.1641006	6	641
228.410005	16	620
83.8341712	6	643
77.2380828	6	644
81.1572074	6	645
79.7734260	6	646
78.5176753	6	647
78.4471035	6	648
78.3998966	6	649
228.946685	16	628
82.3400020	6	651
79.6833038	6	652
227.248430	16	631
83.2166671	6	654
77.1958827	6	655
80.6224346	6	656
78.2096385	6	657
79.7445774	6	658
79.3538093	6	659
79.2734622	6	660
227.836132	16	639
81.8216800	6	662
76.8401622	6	663
229.818105	16	642
80.4414749	6	665
77.2995948	6	666
78.5033702	6	667
77.8980255	6	668
77.7482986	6	669
78.7141323	6	670
79.9877643	6	671
227.735996	16	650
80.8782577	6	673
76.9121646	6	674
227.715015	16	653
80.6787014	6	676
77.5110721	6	677
81.6910266	6	678
77.3868560	6	679
78.8891315	6	680
80.1374912	6	681
78.7694454	6	682
228.931188	16	661
79.1862010	6	684
78.6421298	6	685
228.249549	16	664
80.4708003	6	687
76.9541263	6	688
79.5435905	6	689
76.6270160	6	690
78.0594348	6	691
76.5218734	6	692
76.8530368	6	693
227.876424	16	672
80.0998210	6	695
76.4682292	6	696
227.905750	16	675
79.8783302	6	698
78.1641006	6	699
77.3251056	6	700
77.0356655	6	701
77.0661830	6	702
76.6301155	6	703
77.9237747	6	704
228.008985	16	683
80.3635120	6	706
77.4133205	6	707
227.234840	16	686
81.3539028	6	709
77.7132511	6	710
78.2530307	6	711
78.4184932	6	712
78.8791179	6	713
78.5291194	6	714
77.5969028	6	715
227.987051	16	694
81.3150405	6	717
76.7657756	6	718
227.866649	16	697
82.0269584	6	720
77.1675109	6	721
80.2290439	6	722
78.5369873	6	723
80.5976390	6	724
79.9880027	6	725
77.3723125	6	726
228.201150	16	705
83.4400653	6	728
77.2013664	6	729
228.444576	16	708
82.2761058	6	731
77.6159763	6	732
80.5408954	6	733
80.2826881	6	734
78.6139965	6	735
76.8039226	6	736
78.5300731	6	737
228.149890	16	716
80.0285339	6	739
77.9707431	6	740
228.317737	16	719
80.0178050	6	742
76.8721103	6	743
79.0712833	6	744
77.6057243	6	745
77.9190063	6	746
78.4387588	6	747
81.5215110	6	748
228.024959	16	727
79.9162387	6	750
78.8829326	6	751
228.388547	16	730
80.3518295	6	753
77.9104232	6	754
79.7274112	6	755
77.9185295	6	756
80.7597637	6	757
79.5085430	6	758
79.6303749	6	759
229.280948	16	738
79.8451900	6	761
77.3432254	6	762
228.188514	16	741
82.2761058	6	764
77.9466629	6	765
78.4213542	6	766
78.2964229	6	767
78.4392356	6	768
77.4509906	6	769
78.5181522	6	770
228.179454	16	749
79.9474716	6	772
77.5971412	6	773
227.626800	16	752
82.4248790	6	775
76.2486457	6	776
79.7932147	6	777
79.5967578	6	778
77.4312019	6	779
78.7115097	6	780
79.5900821	6	781
227.893352	16	760
81.2132358	6	783
77.9414176	6	784
227.787017	16	763
82.0841789	6	786
77.9190063	6	787
80.1274776	6	788
79.4665813	6	789
79.0991783	6	790
78.3965587	6	791
78.6142349	6	792
227.971792	16	771
80.3947448	6	794
76.5690803	6	795
228.411197	16	774
83.2464694	6	797
77.0611763	6	798
78.9651870	6	799
78.0045986	6	800
79.0677070	6	801
78.0317783	6	802
78.8683891	6	803
227.637529	16	782
82.5119018	6	805
79.0023803	6	806
227.964878	16	785
80.5578231	6	808
76.7586231	6	809
81.2897682	6	810
81.3016891	6	811
79.5686244	6	812
76.8747329	6	813
79.8707008	6	814
228.149890	16	793
81.9659233	6	816
76.5204429	6	817
227.336168	16	796
80.4150104	6	819
77.4176120	6	820
78.7827968	6	821
76.8110752	6	822
77.8086185	6	823
77.3351192	6	824
79.2932510	6	825
227.656841	16	804
80.9192657	6	827
76.4884948	6	828
227.998256	16	807
80.3589820	6	830
77.7804851	6	831
81.1793804	6	832
76.7002105	6	833
81.4652442	6	834
78.6821842	6	835
79.7016620	6	836
227.926015	16	815
80.2073478	6	838
78.0434608	6	839
227.557420	16	818
82.6749801	6	841
78.0463218	6	842
80.4691314	6	843
78.8342952	6	844
80.5623531	6	845
77.0442485	6	846
227.858543	16	826
80.3818702	6	847
80.3010463	6	849
76.7190456	6	850
228.252410	16	829
82.2620391	6	852
78.1095027	6	853
80.0065994	6	854
79.6909332	6	855
80.3155899	6	856
78.8068771	6	857
228.518486	16	837
80.6975364	6	858
80.0697803	6	860
77.3994922	6	861
228.368282	16	840
82.0605754	6	863
78.1550407	6	864
77.8038501	6	865
76.9162178	6	866
77.8059959	6	867
77.1169662	6	868
77.2893428	6	869
229.065656	16	848
80.2571773	6	871
77.5687694	6	872
227.273464	16	851
81.4151763	6	874
76.8151283	6	875
79.7350406	6	876
79.7517299	6	877
81.5453529	6	878
79.4103145	6	879
80.6105136	6	880
227.127790	16	859
81.1014175	6	882
77.0456790	6	883
227.926731	16	862
80.7051658	6	885
76.5025615	6	886
80.1391601	6	887
79.4122219	6	888
77.7177810	6	889
77.0614147	6	890
77.7792930	6	891
228.455781	16	870
80.2869796	6	893
77.9263973	6	894
227.480173	16	873
81.7258358	6	896
76.8136978	6	897
79.5564651	6	898
77.0301818	6	899
77.1858692	6	900
78.0272483	6	901
78.3562660	6	902
227.790355	16	881
81.1054706	6	904
76.8058300	6	905
227.674245	16	884
81.2492370	6	907
78.4318447	6	908
78.5162448	6	909
78.1426429	6	910
77.5644779	6	911
78.0565738	6	912
77.6827335	6	913
227.807283	16	892
80.3892612	6	915
76.8501758	6	916
227.613687	16	895
80.9812545	6	918
76.7042636	6	919
78.7529945	6	920
77.9721736	6	921
77.8198242	6	922
79.0009498	6	923
78.0484676	6	924
228.266239	16	903
81.0544490	6	926
77.1439075	6	927
227.256298	16	906
81.2029838	6	929
76.3921737	6	930
78.2124996	6	931
76.8144130	6	932
77.6410102	6	933
78.4533023	6	934
76.9903659	6	935
228.112697	16	914
80.8238983	6	937
77.2001743	6	938
227.999925	16	917
81.2518596	6	940
77.7082443	6	941
81.6140174	6	942
78.4957408	6	943
79.5342922	6	944
80.7087421	6	945
79.8914432	6	946
227.941751	16	925
82.2756290	6	948
77.7134895	6	949
228.210210	16	928
82.2346210	6	951
77.8100490	6	952
80.0998210	6	953
77.2740840	6	954
79.1277885	6	955
78.8066387	6	956
78.5896778	6	957
227.282047	16	936
80.9288024	6	959
77.3162841	6	960
227.361679	16	939
79.9765586	6	962
76.5926837	6	963
80.8455944	6	964
77.9311656	6	965
79.4296264	6	966
77.9485702	6	967
78.8288116	6	968
227.966547	16	947
82.0002555	6	970
76.4853954	6	971
227.806329	16	950
81.7639827	6	973
77.1136283	6	974
78.5646438	6	975
77.5685310	6	976
77.3708820	6	977
76.9929885	6	978
78.4578323	6	979
227.640867	16	958
80.7142257	6	981
77.0127773	6	982
228.648424	16	961
83.1201076	6	984
77.6090621	6	985
80.3945064	6	986
79.5609951	6	987
78.8748264	6	988
78.8784027	6	989
79.0777206	6	990
227.990627	16	969
81.6776752	6	992
77.7974128	6	993
227.954387	16	972
79.6034336	6	995
76.9021511	6	996
79.3085098	6	997
77.7809619	6	998
78.0844688	6	999
78.9268016	6	1000
78.3836841	6	1001
227.281570	16	980
81.1007022	6	1003
78.5970687	6	1004
227.684259	16	983
81.6359519	6	1006
78.1188011	6	1007
79.3375968	6	1008
78.8455009	6	1009
80.0263881	6	1010
79.2388916	6	1011
77.7142047	6	1012
227.977752	16	991
81.4456939	6	1014
77.9089927	6	1015
228.209018	16	994
80.3837776	6	1017
76.6382217	6	1018
78.9504051	6	1019
76.7271518	6	1020
77.3177146	6	1021
77.6629447	6	1022
78.2721042	6	1023
228.292465	16	1002
81.2335014	6	1025
77.2979259	6	1026
228.016376	16	1005
80.8506011	6	1028
76.6532421	6	1029
78.8440704	6	1030
78.1259536	6	1031
81.2599658	6	1032
81.1100006	6	1033
78.9484977	6	1034
227.761507	16	1013
80.7232856	6	1036
78.5129070	6	1037
228.367090	16	1016
81.0921192	6	1039
77.1133899	6	1040
78.9976119	6	1041
78.6452293	6	1042
79.4377326	6	1043
76.2715339	6	1044
76.5495300	6	1045
227.756261	16	1024
81.8464756	6	1047
76.5163898	6	1048
227.363348	16	1027
79.9760818	6	1050
76.9810676	6	1051
78.2809257	6	1052
77.8036117	6	1053
78.4130096	6	1054
78.8924694	6	1055
79.3952941	6	1056
227.705478	16	1035
80.2514553	6	1058
77.1579742	6	1059
228.735685	16	1038
80.1572799	6	1061
77.1255493	6	1062
79.4363021	6	1063
78.6156654	6	1064
78.0308246	6	1065
78.3345699	6	1066
79.1983604	6	1067
229.081153	16	1046
79.7572135	6	1069
78.3033370	6	1070
228.680133	16	1049
82.2577476	6	1072
76.7784118	6	1073
81.8471908	6	1074
76.7168998	6	1075
76.5595436	6	1076
83.4140777	6	1077
227.482795	16	1057
81.0689926	6	1078
80.2829265	6	1080
79.4541835	6	1081
227.586746	16	1060
82.0946693	6	1083
77.5127410	6	1084
78.2725811	6	1085
76.9696235	6	1086
79.1633129	6	1087
79.8246860	6	1088
76.5988826	6	1089
229.060888	16	1068
79.7605514	6	1091
78.3855915	6	1092
227.780342	16	1071
81.5367698	6	1094
77.0463943	6	1095
79.5035362	6	1096
76.9219398	6	1097
81.2814235	6	1098
81.3210010	6	1099
77.3339271	6	1100
227.924823	16	1079
84.6960544	6	1102
78.7847042	6	1103
228.708267	16	1082
80.6338787	6	1105
77.9085159	6	1106
80.0700187	6	1107
79.3786048	6	1108
80.9037685	6	1109
78.1221389	6	1110
77.3189067	6	1111
228.432893	16	1090
80.5933475	6	1113
77.5175094	6	1114
228.636503	16	1093
81.0270309	6	1116
77.4054527	6	1117
79.6079635	6	1118
78.4268379	6	1119
79.7498226	6	1120
78.3703327	6	1121
80.3318023	6	1122
228.608608	16	1101
79.6391963	6	1124
77.1064758	6	1125
228.134155	16	1104
81.6049575	6	1127
77.2726535	6	1128
77.5835514	6	1129
77.7251720	6	1130
78.3183574	6	1131
77.5539875	6	1132
79.4191360	6	1133
228.340387	16	1112
81.2649726	6	1135
77.0316123	6	1136
227.747678	16	1115
82.5991630	6	1138
78.6218643	6	1139
77.4106979	6	1140
77.0463943	6	1141
82.6532840	6	1142
78.8135528	6	1143
79.4000625	6	1144
228.729724	16	1123
81.2199115	6	1146
77.0215988	6	1147
227.579116	16	1126
82.0152759	6	1149
77.8050422	6	1150
78.2907009	6	1151
80.0776481	6	1152
78.8881778	6	1153
77.2192478	6	1154
78.9210796	6	1155
227.944374	16	1134
81.6156864	6	1157
77.2495269	6	1158
227.641820	16	1137
80.9223651	6	1160
77.8169631	6	1161
78.0055522	6	1162
79.1158676	6	1163
77.3663520	6	1164
79.1349411	6	1165
79.6778202	6	1166
227.421998	16	1145
80.4343223	6	1168
76.3337612	6	1169
228.973865	16	1148
79.9453258	6	1171
76.7071247	6	1172
78.5293579	6	1173
77.9402256	6	1174
79.0326595	6	1175
79.4174671	6	1176
77.6281356	6	1177
228.047132	16	1156
80.0814628	6	1179
78.0861377	6	1180
228.064537	16	1159
80.8923244	6	1182
78.7076950	6	1183
80.1095962	6	1184
78.2008171	6	1185
78.7348747	6	1186
80.3961753	6	1187
78.5810947	6	1188
227.809667	16	1167
81.6848278	6	1190
79.2551040	6	1191
227.885007	16	1170
82.3874473	6	1193
77.0754814	6	1194
80.8103084	6	1195
76.3015747	6	1196
82.3631286	6	1197
80.1322460	6	1198
78.6447525	6	1199
227.910757	16	1178
81.5641880	6	1201
77.8906345	6	1202
227.919578	16	1181
82.5774669	6	1204
77.1889686	6	1205
80.7123184	6	1206
77.6031017	6	1207
80.2762508	6	1208
76.4644145	6	1209
76.8795013	6	1210
227.361917	16	1189
79.4048309	6	1212
76.3783454	6	1213
227.872371	16	1192
80.7850360	6	1215
77.1622657	6	1216
79.4358253	6	1217
77.8732299	6	1218
79.5781612	6	1219
77.1713256	6	1220
78.6747932	6	1221
227.764606	16	1200
79.8392295	6	1223
78.1316757	6	1224
227.601289	16	1203
80.0607204	6	1226
77.0840644	6	1227
79.6191692	6	1228
78.0460834	6	1229
78.5977840	6	1230
78.1116485	6	1231
78.5927772	6	1232
228.401184	16	1211
80.9228420	6	1234
77.6448249	6	1235
228.082418	16	1214
82.0920467	6	1237
77.5349140	6	1238
78.4883499	6	1239
77.1737098	6	1240
77.8517723	6	1241
77.0812034	6	1242
78.0653953	6	1243
228.813648	16	1222
80.6093215	6	1245
76.6839981	6	1246
227.029561	16	1225
82.2744369	6	1248
76.3306617	6	1249
81.4871788	6	1250
79.4186592	6	1251
80.2371501	6	1252
82.0012092	6	1253
79.5655250	6	1254
226.996660	16	1233
82.2134017	6	1256
76.1630535	6	1257
228.296756	16	1236
81.0241699	6	1259
77.6085853	6	1260
78.8865089	6	1261
76.7192840	6	1262
77.7604579	6	1263
78.1066417	6	1264
76.8043994	6	1265
228.259325	16	1244
80.5542469	6	1267
76.6630172	6	1268
227.698802	16	1247
82.9164981	6	1270
77.7118206	6	1271
78.8464546	6	1272
78.8373947	6	1273
80.1191329	6	1274
77.6102542	6	1275
79.1714191	6	1276
228.432178	16	1255
79.8573493	6	1278
79.1115760	6	1279
227.645158	16	1258
80.7235240	6	1281
76.6215324	6	1282
80.5029869	6	1283
78.6738395	6	1284
79.5757770	6	1285
79.1990756	6	1286
80.1935195	6	1287
227.756500	16	1266
80.1501274	6	1289
77.7552127	6	1290
227.970361	16	1269
80.7428359	6	1292
77.0821571	6	1293
81.3727378	6	1294
79.2765617	6	1295
79.8988342	6	1296
78.6957740	6	1297
228.086948	16	1277
79.7026157	6	1298
80.1422595	6	1300
77.7420997	6	1301
227.938652	16	1280
80.9667110	6	1303
78.0191421	6	1304
80.4455280	6	1305
76.9784450	6	1306
77.8770446	6	1307
77.9607295	6	1308
78.5095691	6	1309
228.278398	16	1288
80.3251266	6	1311
77.3053169	6	1312
227.893114	16	1291
81.2401771	6	1314
77.4192810	6	1315
80.4958343	6	1316
77.0757198	6	1317
81.2263488	6	1318
76.8935680	6	1319
77.2223472	6	1320
228.382349	16	1299
82.0915699	6	1322
76.6410827	6	1323
228.276729	16	1302
80.7375907	6	1325
77.8005123	6	1326
79.6632766	6	1327
76.7714977	6	1328
79.5557498	6	1329
77.6047706	6	1330
78.2361030	6	1331
230.340719	16	1310
82.5574398	6	1333
76.3201713	6	1334
227.849721	16	1313
80.8286666	6	1336
76.7240524	6	1337
79.7433853	6	1338
76.9784450	6	1339
78.3209800	6	1340
78.2554149	6	1341
77.5408744	6	1342
228.009700	16	1321
81.6731452	6	1344
76.9722461	6	1345
227.771282	16	1324
79.7595977	6	1347
76.7164230	6	1348
79.9605846	6	1349
78.3476829	6	1350
78.7682533	6	1351
76.8041610	6	1352
78.3290863	6	1353
228.249788	16	1332
82.4770927	6	1355
76.5643119	6	1356
227.839469	16	1335
81.8505287	6	1358
77.8946876	6	1359
78.8600444	6	1360
78.2897472	6	1361
78.4361362	6	1362
77.9721736	6	1363
79.6627998	6	1364
228.217124	16	1343
80.1928043	6	1366
76.7312049	6	1367
228.017568	16	1346
81.4266204	6	1369
79.3027877	6	1370
79.0653228	6	1371
78.0553817	6	1372
79.9880027	6	1373
78.8865089	6	1374
77.8052806	6	1375
227.497577	16	1354
81.3064575	6	1377
78.1650543	6	1378
227.975845	16	1357
81.5505981	6	1380
77.0754814	6	1381
78.0103206	6	1382
78.0563354	6	1383
78.3672332	6	1384
78.2363414	6	1385
78.8912773	6	1386
228.424549	16	1365
80.1119804	6	1388
76.7221450	6	1389
228.060007	16	1368
80.0254344	6	1391
77.2688388	6	1392
79.3075561	6	1393
79.5118808	6	1394
79.8909664	6	1395
79.4973373	6	1396
79.5416831	6	1397
228.643655	16	1376
82.9224586	6	1399
77.8234004	6	1400
228.092193	16	1379
83.1463336	6	1402
77.5344371	6	1403
80.1157951	6	1404
78.7260532	6	1405
78.6917209	6	1406
78.3610343	6	1407
78.8445472	6	1408
228.301525	16	1387
80.8558464	6	1410
76.6630172	6	1411
228.550910	16	1390
81.2191963	6	1413
77.8479576	6	1414
78.6097049	6	1415
77.8322219	6	1416
78.7329673	6	1417
78.6423683	6	1418
79.1223049	6	1419
228.531360	16	1398
81.3937187	6	1421
76.6556262	6	1422
227.867603	16	1401
82.1323394	6	1424
76.2667655	6	1425
78.6888599	6	1426
78.9461135	6	1427
78.7541866	6	1428
78.2527923	6	1429
77.5034427	6	1430
227.596998	16	1409
80.0235271	6	1432
77.2626399	6	1433
227.528095	16	1412
82.2546482	6	1435
76.7929553	6	1436
79.1864395	6	1437
77.8810977	6	1438
78.7222385	6	1439
79.1862010	6	1440
77.5785446	6	1441
227.780818	16	1420
82.6919078	6	1443
77.9774188	6	1444
228.008031	16	1423
82.4108123	6	1446
76.6255855	6	1447
80.4305076	6	1448
77.3169994	6	1449
77.8498649	6	1450
78.3329010	6	1451
77.2936344	6	1452
227.559566	16	1431
80.4631710	6	1454
77.4745941	6	1455
227.748155	16	1434
83.2855701	6	1457
78.2852172	6	1458
78.3548355	6	1459
76.9476890	6	1460
79.0979862	6	1461
79.4079303	6	1462
76.9655704	6	1463
227.428197	16	1442
82.7367305	6	1465
77.4943828	6	1466
228.319168	16	1445
83.6722850	6	1468
77.1529674	6	1469
80.8725357	6	1470
79.0734291	6	1471
80.8544158	6	1472
79.5655250	6	1473
79.1952610	6	1474
227.620124	16	1453
81.2940597	6	1476
76.2693881	6	1477
227.744817	16	1456
83.8813781	6	1479
77.0256519	6	1480
81.0751914	6	1481
77.2938728	6	1482
77.1703720	6	1483
77.4419307	6	1484
78.0336856	6	1485
228.285312	16	1464
81.4678668	6	1487
78.7062644	6	1488
227.963924	16	1467
82.5812816	6	1490
78.0026912	6	1491
78.7189006	6	1492
76.6441822	6	1493
78.7253379	6	1494
79.0767669	6	1495
79.5862674	6	1496
228.449344	16	1475
80.4886817	6	1498
77.3186683	6	1499
229.186058	16	1478
82.2966098	6	1501
77.4044990	6	1502
77.9976844	6	1503
79.6377658	6	1504
79.9791812	6	1505
77.8074264	6	1506
78.3836841	6	1507
228.058338	16	1486
81.1319351	6	1509
77.5628089	6	1510
228.325128	16	1489
82.1514129	6	1512
76.6813755	6	1513
79.1687965	6	1514
79.1187286	6	1515
78.2878398	6	1516
78.0708789	6	1517
77.3651599	6	1518
227.741241	16	1497
80.4708003	6	1520
77.5609016	6	1521
228.497266	16	1500
82.2329521	6	1523
77.6431560	6	1524
79.8711776	6	1525
79.6899795	6	1526
80.7242393	6	1527
79.2095661	6	1528
79.2200565	6	1529
227.714538	16	1508
81.7618370	6	1531
77.9640674	6	1532
228.072643	16	1511
81.0658931	6	1534
76.7376422	6	1535
78.5801410	6	1536
78.2034397	6	1537
78.4113407	6	1538
79.4279575	6	1539
78.4370899	6	1540
227.046251	16	1519
80.6684494	6	1542
76.3995647	6	1543
227.635145	16	1522
80.6427001	6	1545
81.4609527	6	1546
79.0417194	6	1547
78.8600444	6	1548
79.3704986	6	1549
78.0940055	6	1550
79.2860984	6	1551
228.854417	16	1530
81.1228752	6	1553
78.9871215	6	1554
227.701425	16	1533
80.9991359	6	1556
76.4458179	6	1557
76.6246318	6	1558
79.0383815	6	1559
79.4830322	6	1560
78.0310630	6	1561
77.7041912	6	1562
228.640317	16	1541
82.0665359	6	1564
77.6796340	6	1565
228.062629	16	1544
82.3574066	6	1567
78.5403251	6	1568
76.6515731	6	1569
82.5471878	6	1570
78.3455371	6	1571
79.5843601	6	1572
78.7875652	6	1573
227.734088	16	1552
82.2188854	6	1575
76.9064426	6	1576
227.194309	16	1555
81.7480087	6	1578
76.7607688	6	1579
78.7045955	6	1580
78.8619518	6	1581
76.3645172	6	1582
78.9527893	6	1583
78.0808925	6	1584
227.388143	16	1563
80.3518295	6	1586
77.5380134	6	1587
227.725744	16	1566
82.3576450	6	1589
76.6999721	6	1590
79.2300701	6	1591
79.0085792	6	1592
77.8532028	6	1593
78.5746574	6	1594
77.8305530	6	1595
228.157281	16	1574
79.9398422	6	1597
78.0107975	6	1598
227.683067	16	1577
80.6965827	6	1600
78.2198905	6	1601
79.0965557	6	1602
76.9472122	6	1603
79.5466899	6	1604
78.9740085	6	1605
78.4733295	6	1606
228.086948	16	1585
80.1193714	6	1608
77.0113468	6	1609
228.277444	16	1588
82.7283859	6	1611
78.3669948	6	1612
79.2057514	6	1613
77.1620273	6	1614
81.2196731	6	1615
78.2189369	6	1616
78.0506134	6	1617
227.745771	16	1596
81.2966823	6	1619
77.5561332	6	1620
228.378772	16	1599
81.9499492	6	1622
77.1522521	6	1623
78.4006118	6	1624
77.0177841	6	1625
79.2429447	6	1626
77.6991844	6	1627
77.9619216	6	1628
227.704763	16	1607
82.2029113	6	1630
76.3254165	6	1631
227.391719	16	1610
82.2362899	6	1633
76.6506195	6	1634
77.2945880	6	1635
78.4575939	6	1636
79.6468257	6	1637
76.9307613	6	1638
79.5900821	6	1639
228.172063	16	1618
82.7066898	6	1641
77.0916938	6	1642
228.821277	16	1621
82.6129913	6	1644
76.6277313	6	1645
79.0486335	6	1646
79.6952247	6	1647
79.2922973	6	1648
78.7227153	6	1649
79.0088176	6	1650
228.742122	16	1629
82.5765132	6	1652
77.1682262	6	1653
228.991031	16	1632
79.9715518	6	1655
76.4627456	6	1656
80.8303356	6	1657
79.0352821	6	1658
78.6533355	6	1659
76.9865512	6	1660
78.4595012	6	1661
228.117227	16	1640
82.0868015	6	1663
77.2128105	6	1664
227.786540	16	1643
82.9830169	6	1666
78.8664817	6	1667
79.0691375	6	1668
77.3591995	6	1669
79.5409679	6	1670
78.7220001	6	1671
78.5892009	6	1672
228.904247	16	1651
80.9817314	6	1674
77.8503417	6	1675
227.930545	16	1654
81.2852382	6	1677
76.9274234	6	1678
79.3237686	6	1679
79.3411731	6	1680
79.6799659	6	1681
78.2053470	6	1682
80.3215503	6	1683
227.532148	16	1662
81.3157558	6	1685
77.7518749	6	1686
227.823495	16	1665
80.9864997	6	1688
77.0354270	6	1689
81.1223983	6	1690
79.5233249	6	1691
78.4070491	6	1692
79.0500640	6	1693
78.9229869	6	1694
228.840827	16	1673
80.3301334	6	1696
76.2794017	6	1697
227.512598	16	1676
81.9084644	6	1699
76.6155719	6	1700
78.9644718	6	1701
76.3733386	6	1702
77.0182609	6	1703
77.8002738	6	1704
76.9717693	6	1705
227.480888	16	1684
80.6307792	6	1707
77.0115852	6	1708
228.030443	16	1687
81.0196399	6	1710
77.3742198	6	1711
80.2361965	6	1712
77.5532722	6	1713
79.1025161	6	1714
79.2484283	6	1715
79.5035362	6	1716
228.120326	16	1695
80.8501243	6	1718
76.7273902	6	1719
228.473663	16	1698
82.8230381	6	1721
77.8577327	6	1722
78.7322521	6	1723
78.0949592	6	1724
78.5675048	6	1725
79.0991783	6	1726
78.9203643	6	1727
227.518558	16	1706
81.9995403	6	1729
76.8926143	6	1730
228.757143	16	1709
83.5103988	6	1732
77.2707462	6	1733
79.0224075	6	1734
78.4699916	6	1735
79.0781974	6	1736
79.1108608	6	1737
79.2613029	6	1738
227.430105	16	1717
80.3265571	6	1740
78.9289474	6	1741
227.697134	16	1720
83.3096504	6	1743
77.1183967	6	1744
81.0122489	6	1745
78.8304805	6	1746
79.0710449	6	1747
78.6662101	6	1748
78.6623954	6	1749
227.779865	16	1728
80.5628299	6	1751
77.2552490	6	1752
228.331089	16	1731
81.2525749	6	1754
78.3064365	6	1755
79.4117450	6	1756
77.4533748	6	1757
78.7231922	6	1758
77.7273178	6	1759
79.2315006	6	1760
227.473735	16	1739
80.6791782	6	1762
77.4531364	6	1763
227.940082	16	1742
80.5943012	6	1765
78.2446861	6	1766
80.4495811	6	1767
79.6422958	6	1768
79.6406269	6	1769
78.6647796	6	1770
78.8486003	6	1771
228.577613	16	1750
82.0460319	6	1773
76.4327049	6	1774
227.849721	16	1753
80.7518959	6	1776
76.6074657	6	1777
78.2182216	6	1778
77.6402950	6	1779
77.6257514	6	1780
77.8861045	6	1781
77.1963596	6	1782
227.684736	16	1761
79.8566341	6	1784
77.0573616	6	1785
227.381467	16	1764
80.1761150	6	1787
76.5602588	6	1788
78.1390666	6	1789
76.6739845	6	1790
78.6743164	6	1791
78.0091285	6	1792
227.437257	16	1772
86.6641998	6	1793
79.9212455	6	1795
76.9627094	6	1796
227.921724	16	1775
81.1994075	6	1798
76.3740539	6	1799
79.2212486	6	1800
76.8280029	6	1801
81.8519592	6	1802
78.8877010	6	1803
228.269338	16	1783
91.1436080	6	1804
78.9651870	6	1806
227.807044	16	1786
81.0263156	6	1807
79.7235965	6	1809
80.3678035	6	1810
77.9840946	6	1811
80.1501274	6	1812
78.2759189	6	1813
79.2384147	6	1814
228.216409	16	1794
82.7691555	6	1815
80.6865692	6	1817
229.346275	16	1797
77.3265361	6	1818
79.7755718	6	1820
78.0985355	6	1821
76.7838954	6	1822
79.3027877	6	1823
76.8802165	6	1824
79.2324542	6	1825
78.7765979	6	1826
227.650165	16	1805
79.9067020	6	1828
77.5661468	6	1829
227.337598	16	1808
81.6702842	6	1831
77.0874023	6	1832
77.8448581	6	1833
78.2918930	6	1834
77.8267383	6	1835
79.1311264	6	1836
78.2392024	6	1837
227.799654	16	1816
80.3880691	6	1839
78.2964229	6	1840
228.232145	16	1819
80.4636478	6	1842
77.0599842	6	1843
79.9715518	6	1844
77.5344371	6	1845
79.4587135	6	1846
79.4222354	6	1847
78.7231922	6	1848
229.038715	16	1827
81.2928676	6	1850
78.5009860	6	1851
227.669715	16	1830
80.6798934	6	1853
77.0215988	6	1854
78.0024528	6	1855
76.9577026	6	1856
78.3674716	6	1857
78.2289505	6	1858
76.7364501	6	1859
228.087663	16	1838
80.2123546	6	1861
76.7288208	6	1862
228.413581	16	1841
82.6721191	6	1864
77.4915218	6	1865
79.8609256	6	1866
77.5053501	6	1867
79.3540477	6	1868
79.4589519	6	1869
77.2776603	6	1870
227.604866	16	1849
80.3947448	6	1872
76.9155025	6	1873
227.606773	16	1852
80.8708667	6	1875
78.6910057	6	1876
77.8703689	6	1877
77.7912139	6	1878
78.6957740	6	1879
76.7912864	6	1880
76.7998695	6	1881
227.150201	16	1860
81.8047523	6	1883
78.3286094	6	1884
227.535486	16	1863
80.4743766	6	1886
77.7957439	6	1887
79.2415142	6	1888
79.9665451	6	1889
78.0451297	6	1890
76.5454769	6	1891
80.6288719	6	1892
227.895975	16	1871
80.6355476	6	1894
76.8735408	6	1895
227.328777	16	1874
83.5602283	6	1897
77.3653984	6	1898
81.8562507	6	1899
78.5708427	6	1900
77.4140357	6	1901
81.2270641	6	1902
227.470636	16	1882
80.9750556	6	1903
81.3994407	6	1905
77.6422023	6	1906
228.340864	16	1885
82.7326774	6	1908
76.6184329	6	1909
79.4694423	6	1910
77.8546333	6	1911
79.6518325	6	1912
80.7800292	6	1913
79.8256397	6	1914
227.350711	16	1893
80.5196762	6	1916
76.6143798	6	1917
227.715730	16	1896
80.1348686	6	1919
77.4343013	6	1920
81.7604064	6	1921
77.1439075	6	1922
79.1115760	6	1923
78.0236721	6	1924
76.4153003	6	1925
228.705883	16	1904
80.1608562	6	1927
76.9414901	6	1928
228.156089	16	1907
80.9202194	6	1930
77.2230625	6	1931
77.6648521	6	1932
76.4803886	6	1933
79.3759822	6	1934
77.6009559	6	1935
82.6857089	6	1936
228.159427	16	1915
80.4505348	6	1938
78.3810615	6	1939
228.132247	16	1918
82.4024677	6	1941
76.4408111	6	1942
82.0174217	6	1943
79.4286727	6	1944
77.9330730	6	1945
79.4930458	6	1946
78.8514614	6	1947
230.362415	16	1926
79.8282623	6	1949
77.1515369	6	1950
228.171110	16	1929
82.5397968	6	1952
77.5108337	6	1953
79.6959400	6	1954
76.6859054	6	1955
78.4010887	6	1956
79.1416168	6	1957
80.4495811	6	1958
227.692604	16	1937
80.8594226	6	1960
76.5652656	6	1961
227.839469	16	1940
83.5063457	6	1963
78.3576965	6	1964
80.6593894	6	1965
79.0691375	6	1966
80.6288719	6	1967
79.4737339	6	1968
79.1883468	6	1969
227.900743	16	1948
82.0851325	6	1971
76.9259929	6	1972
228.237628	16	1951
84.0997695	6	1974
77.6274204	6	1975
79.8387527	6	1976
78.7038803	6	1977
79.3559551	6	1978
77.6040554	6	1979
77.6588916	6	1980
227.889776	16	1959
81.5455913	6	1982
77.4989128	6	1983
228.616237	16	1962
79.7488689	6	1985
77.1436691	6	1986
78.8996219	6	1987
79.1292190	6	1988
79.0300369	6	1989
78.6459445	6	1990
80.2774429	6	1991
228.325128	16	1970
78.5293579	6	1993
76.2495994	6	1994
228.154420	16	1973
81.2609195	6	1996
78.7484645	6	1997
78.1874656	6	1998
78.5777568	6	1999
78.0529975	6	2000
78.5031318	6	2001
77.5527954	6	2002
227.911233	16	1981
80.2884101	6	2004
77.5475502	6	2005
228.409290	16	1984
80.3983211	6	2007
76.7951011	6	2008
76.8570899	6	2009
78.6049365	6	2010
77.5172710	6	2011
78.7243843	6	2012
79.1902542	6	2013
227.393627	16	1992
82.2601318	6	2015
76.3461589	6	2016
228.735923	16	1995
81.4752578	6	2018
77.7862071	6	2019
79.5795917	6	2020
79.2584419	6	2021
79.4672966	6	2022
78.2337188	6	2023
77.5933265	6	2024
227.787971	16	2003
79.9868106	6	2026
77.2850513	6	2027
227.967262	16	2006
80.9583663	6	2029
76.5988826	6	2030
77.6927471	6	2031
77.3355960	6	2032
77.2407054	6	2033
81.4743041	6	2034
78.6089897	6	2035
227.738142	16	2014
80.8243751	6	2037
78.3331394	6	2038
227.471351	16	2017
81.5641880	6	2040
76.7836570	6	2041
80.1396369	6	2042
80.2133083	6	2043
78.4180164	6	2044
79.1144371	6	2045
77.4271488	6	2046
227.856397	16	2025
80.5695056	6	2048
78.7518024	6	2049
227.986812	16	2028
80.8289051	6	2051
81.0744762	6	2052
78.8016319	6	2053
78.1707763	6	2054
76.8220424	6	2055
79.6430110	6	2056
77.4438381	6	2057
227.948427	16	2036
81.2282562	6	2059
77.3446559	6	2060
228.573560	16	2039
80.6193351	6	2062
76.6687393	6	2063
76.3375759	6	2064
78.0677795	6	2065
78.9303779	6	2066
78.8433551	6	2067
77.4955749	6	2068
227.405309	16	2047
81.8083286	6	2070
76.4291286	6	2071
227.447986	16	2050
81.6473960	6	2073
77.6908397	6	2074
79.9527168	6	2075
78.7281990	6	2076
79.4866085	6	2077
78.5968303	6	2078
78.7246227	6	2079
227.956295	16	2058
80.3964138	6	2081
77.3997306	6	2082
228.694677	16	2061
79.7824859	6	2084
76.5907764	6	2085
79.7955989	6	2086
78.0742168	6	2087
77.7072906	6	2088
76.5845775	6	2089
78.1700611	6	2090
228.743314	16	2069
80.7249546	6	2092
77.8472423	6	2093
228.589057	16	2072
82.8108787	6	2095
76.3475894	6	2096
80.6589126	6	2097
79.9326896	6	2098
79.4849395	6	2099
79.3523788	6	2100
79.2632102	6	2101
228.443384	16	2080
80.9998512	6	2103
77.0571231	6	2104
228.131532	16	2083
82.0610523	6	2106
77.4216651	6	2107
79.0791511	6	2108
76.8980979	6	2109
77.2054195	6	2110
77.2380828	6	2111
76.6284465	6	2112
227.961301	16	2091
81.8812847	6	2114
77.0840644	6	2115
228.542804	16	2094
83.1787586	6	2117
77.2986412	6	2118
80.4238319	6	2119
78.0129432	6	2120
82.3395252	6	2121
79.6802043	6	2122
77.1510601	6	2123
227.686643	16	2102
77.4900913	6	2126
84.6250057	6	2125
227.625846	16	2105
80.5158615	6	2128
77.8968334	6	2129
81.0256004	6	2130
78.0775547	6	2131
81.1514854	6	2132
77.6696205	6	2133
77.3568153	6	2134
228.826045	16	2113
83.7209224	6	2136
77.6615142	6	2137
227.635860	16	2116
80.8022022	6	2139
77.5249004	6	2140
79.0770053	6	2141
77.3622989	6	2142
77.4428844	6	2143
77.6667594	6	2144
79.9248218	6	2145
228.230714	16	2124
80.6972980	6	2147
76.8218040	6	2148
227.864265	16	2127
80.0969600	6	2150
76.9026279	6	2151
79.1490077	6	2152
77.2705078	6	2153
77.7618885	6	2154
78.9844989	6	2155
78.5772800	6	2156
229.131221	16	2135
79.2498588	6	2158
77.0335197	6	2159
228.427171	16	2138
80.7921886	6	2161
77.1501064	6	2162
80.1780223	6	2163
77.7468681	6	2164
78.6566734	6	2165
77.3851871	6	2166
78.1121253	6	2167
227.280616	16	2146
81.2590122	6	2169
78.8984298	6	2170
227.651119	16	2149
80.7781219	6	2172
77.1267414	6	2173
80.1877975	6	2174
77.0001411	6	2175
79.4401168	6	2176
77.6290893	6	2177
78.9198875	6	2178
227.438449	16	2157
79.8702239	6	2180
76.7822265	6	2181
228.269815	16	2160
80.1131725	6	2183
77.2004127	6	2184
79.2615413	6	2185
79.1566371	6	2186
80.3186893	6	2187
77.8520107	6	2188
79.0991783	6	2189
228.058815	16	2168
81.5396308	6	2191
77.4550437	6	2192
227.271080	16	2171
79.8342227	6	2194
77.9550075	6	2195
80.2557468	6	2196
79.5209407	6	2197
79.2760848	6	2198
78.6373615	6	2199
79.4034004	6	2200
227.527379	16	2179
82.5011730	6	2202
78.6290168	6	2203
228.419065	16	2182
76.5643119	6	2206
83.4891796	6	2205
81.0744762	6	2207
78.6528587	6	2208
78.2947540	6	2209
78.0639648	6	2210
78.2926082	6	2211
228.410720	16	2190
81.9599628	6	2213
77.2161483	6	2214
228.020668	16	2193
80.5287361	6	2216
76.6260623	6	2217
79.4868469	6	2218
78.1383514	6	2219
79.5421600	6	2220
79.9093246	6	2221
76.8947601	6	2222
227.864742	16	2201
82.7469825	6	2224
79.4334411	6	2225
227.962970	16	2204
80.7001590	6	2227
77.6703357	6	2228
79.7672271	6	2229
79.2708396	6	2230
79.7240734	6	2231
79.9055099	6	2232
78.7363052	6	2233
228.304386	16	2212
82.9129219	6	2235
77.5444507	6	2236
228.036642	16	2215
80.7838439	6	2238
76.4470100	6	2239
81.1915397	6	2240
78.9134502	6	2241
79.0627002	6	2242
77.9371261	6	2243
79.2262554	6	2244
227.831363	16	2223
80.3618431	6	2246
77.8949260	6	2247
228.146314	16	2226
83.2788944	6	2249
78.6800384	6	2250
79.4112682	6	2251
76.9021511	6	2252
79.1528224	6	2253
79.0979862	6	2254
79.4978141	6	2255
228.030443	16	2234
79.9484252	6	2257
77.2156715	6	2258
228.895425	16	2237
80.7259082	6	2260
77.6920318	6	2261
79.3123245	6	2262
77.8918266	6	2263
80.7301998	6	2264
78.2871246	6	2265
79.1871547	6	2266
228.713274	16	2245
79.9477100	6	2268
77.5151252	6	2269
228.778839	16	2248
79.8318386	6	2271
76.9643783	6	2272
79.4897079	6	2273
78.9847373	6	2274
79.7574520	6	2275
78.3209800	6	2276
79.0402889	6	2277
227.710485	16	2256
79.6902179	6	2279
77.5973796	6	2280
228.281497	16	2259
82.6702117	6	2282
77.0401954	6	2283
79.9539089	6	2284
77.6507854	6	2285
76.8208503	6	2286
77.2371292	6	2287
78.0313014	6	2288
227.642059	16	2267
80.4791450	6	2290
76.2288570	6	2291
228.374958	16	2270
81.6645622	6	2293
78.4559249	6	2294
78.4733295	6	2295
76.3828754	6	2296
79.0526866	6	2297
77.2933959	6	2298
79.0653228	6	2299
229.586601	16	2278
81.0482501	6	2301
76.8365859	6	2302
227.890729	16	2281
80.8691978	6	2304
76.5624046	6	2305
77.3367881	6	2306
78.1908035	6	2307
80.1680088	6	2308
78.6685943	6	2309
78.5772800	6	2310
227.870225	16	2289
80.8260440	6	2312
76.4622688	6	2313
228.255271	16	2292
81.7942619	6	2315
77.1512985	6	2316
79.2794227	6	2317
79.9949169	6	2318
78.7453651	6	2319
77.0881175	6	2320
78.1087875	6	2321
227.988958	16	2300
81.1817646	6	2323
76.9863128	6	2324
227.225542	16	2303
81.2828540	6	2326
76.7741203	6	2327
79.3988704	6	2328
77.8408050	6	2329
76.6801834	6	2330
77.3360729	6	2331
77.9473781	6	2332
227.815866	16	2311
80.3811550	6	2334
77.3391723	6	2335
228.133916	16	2314
83.7600231	6	2337
77.6073932	6	2338
81.2754631	6	2339
77.6474475	6	2340
83.3780765	6	2341
77.4681568	6	2342
78.1538486	6	2343
228.513717	16	2322
76.9276618	6	2346
85.3440761	6	2345
228.523969	16	2325
76.3771533	6	2349
83.7380886	6	2348
80.4071426	6	2350
77.9366493	6	2351
77.5501728	6	2352
77.7440071	6	2353
79.7548294	6	2354
228.668451	16	2333
80.1899433	6	2356
78.0189037	6	2357
228.558778	16	2336
80.6143283	6	2359
76.9686698	6	2360
80.1675319	6	2361
76.8296718	6	2362
78.3288478	6	2363
79.2908668	6	2364
79.3118476	6	2365
228.467941	16	2344
81.3484191	6	2367
77.9535770	6	2368
229.125738	16	2347
80.2600383	6	2370
76.4739513	6	2371
79.9393653	6	2372
78.3298015	6	2373
82.0367336	6	2374
77.8374671	6	2375
78.1633853	6	2376
228.661537	16	2355
81.7625522	6	2378
77.9144763	6	2379
228.304386	16	2358
82.9775333	6	2381
76.8363475	6	2382
79.8575878	6	2383
77.9759883	6	2384
80.1432132	6	2385
78.4723758	6	2386
78.7336826	6	2387
228.168249	16	2366
81.0887813	6	2389
77.7242183	6	2390
228.889465	16	2369
81.1722278	6	2392
76.9813060	6	2393
79.2810916	6	2394
78.6743164	6	2395
78.6397457	6	2396
78.1929492	6	2397
80.5485248	6	2398
227.433204	16	2377
80.9640884	6	2400
77.4967670	6	2401
228.335857	16	2380
80.4443359	6	2403
78.6821842	6	2404
80.1582336	6	2405
78.7534713	6	2406
77.3169994	6	2407
78.6123275	6	2408
80.2998542	6	2409
227.651119	16	2388
80.9731483	6	2411
77.0025253	6	2412
227.715492	16	2391
81.7883014	6	2414
77.2650241	6	2415
78.4387588	6	2416
78.1598091	6	2417
78.0696868	6	2418
78.8967609	6	2419
79.3743133	6	2420
227.510690	16	2399
80.9378623	6	2422
76.4656066	6	2423
227.273941	16	2402
80.7600021	6	2425
76.6332149	6	2426
79.4260501	6	2427
80.3134441	6	2428
76.9972801	6	2429
78.7692070	6	2430
79.8027515	6	2431
227.869272	16	2410
83.0159187	6	2433
78.2153606	6	2434
227.591514	16	2413
80.0917148	6	2436
78.7250995	6	2437
80.8374881	6	2438
80.2721977	6	2439
77.0101547	6	2440
80.8103084	6	2441
79.9725055	6	2442
228.241443	16	2421
80.2593231	6	2444
76.3726234	6	2445
227.897405	16	2424
80.0263881	6	2447
76.9252777	6	2448
80.0337791	6	2449
77.1603584	6	2450
78.8564682	6	2451
80.4238319	6	2452
77.3022174	6	2453
227.704048	16	2432
80.0018310	6	2455
77.7926445	6	2456
228.002309	16	2435
82.2916030	6	2458
77.8942108	6	2459
80.2226066	6	2460
77.8787136	6	2461
80.5990695	6	2462
79.4048309	6	2463
77.4116516	6	2464
228.071928	16	2443
80.5752277	6	2466
77.1093368	6	2467
232.686758	16	2446
80.6446075	6	2469
76.7087936	6	2470
78.5160064	6	2471
76.4956474	6	2472
78.0673027	6	2473
76.9863128	6	2474
78.1352519	6	2475
227.562189	16	2454
81.3102722	6	2477
76.8630504	6	2478
227.782487	16	2457
82.6351642	6	2480
77.9261589	6	2481
79.9241065	6	2482
77.0382881	6	2483
81.5105438	6	2484
79.7126293	6	2485
79.5779228	6	2486
228.648662	16	2465
82.1747779	6	2488
76.5540599	6	2489
229.359149	16	2468
81.1328887	6	2491
77.3363113	6	2492
77.9240131	6	2493
76.5631198	6	2494
80.4352760	6	2495
77.2509574	6	2496
77.5237083	6	2497
227.731943	16	2476
81.1796188	6	2499
76.7667293	6	2500
227.641582	16	2479
80.9934139	6	2502
76.5807628	6	2503
79.3588161	6	2504
78.0076980	6	2505
78.5183906	6	2506
77.5773525	6	2507
80.7011127	6	2508
227.770566	16	2487
81.9518566	6	2510
76.9386291	6	2511
227.899074	16	2490
81.1085700	6	2513
77.8448581	6	2514
79.0953636	6	2515
77.3625373	6	2516
77.7893066	6	2517
78.4220695	6	2518
79.9212455	6	2519
228.666067	16	2498
80.5068016	6	2521
76.5216350	6	2522
228.429317	16	2501
80.3503990	6	2524
77.1443843	6	2525
78.9043903	6	2526
77.7783393	6	2527
78.1266689	6	2528
78.7689685	6	2529
78.4783363	6	2530
227.761268	16	2509
80.2836418	6	2532
76.5750408	6	2533
227.180004	16	2512
80.0340175	6	2535
76.5688419	6	2536
79.7793865	6	2537
77.0759582	6	2538
78.4261226	6	2539
79.7681808	6	2540
77.5356292	6	2541
227.789402	16	2520
80.6548595	6	2543
79.1413784	6	2544
227.962970	16	2523
80.7394981	6	2546
77.7487754	6	2547
79.5171260	6	2548
78.2659053	6	2549
78.8426399	6	2550
78.4180164	6	2551
77.9685974	6	2552
228.314876	16	2531
81.7704200	6	2554
77.3024559	6	2555
228.348970	16	2534
82.0090770	6	2557
78.2546997	6	2558
78.8147449	6	2559
79.2634487	6	2560
78.0837535	6	2561
77.2459506	6	2562
77.7096748	6	2563
227.642059	16	2542
80.0933837	6	2565
76.4460563	6	2566
228.581905	16	2545
81.8252563	6	2568
77.0521163	6	2569
79.0572166	6	2570
77.5334835	6	2571
78.4680843	6	2572
77.8510570	6	2573
79.6861648	6	2574
228.104114	16	2553
119.530677	6	2576
256.562471	16	2556
92.7319526	6	2580
99.4520187	6	2579
85.8547687	6	2581
113.391637	6	2577
78.9854526	6	2582
78.9108276	6	2583
78.2732963	6	2584
78.9208412	6	2585
228.292226	16	2564
80.3864002	6	2587
227.300167	16	2567
79.3151855	6	2588
84.0437412	6	2590
79.7164440	6	2591
227.906942	16	2575
83.2011699	6	2592
84.1715335	6	2593
227.685928	16	2578
84.6879482	6	2594
82.7164649	6	2595
80.5549621	6	2596
85.7539176	6	2598
84.1083526	6	2599
79.8354148	6	2601
78.2008171	6	2602
227.700710	16	2586
77.2788524	6	2603
77.3227214	6	2604
78.2737731	6	2605
78.8125991	6	2606
77.4343013	6	2607
80.5985927	6	2609
79.3304443	6	2610
228.168964	16	2589
79.2849063	6	2612
77.5804519	6	2613
79.0650844	6	2614
77.7025222	6	2615
78.3867835	6	2616
78.1950950	6	2617
78.2651901	6	2618
228.434085	16	2597
80.5160999	6	2620
77.0552158	6	2621
227.754354	16	2600
80.9292793	6	2623
76.9603252	6	2624
77.7859687	6	2625
76.9567489	6	2626
78.9697170	6	2627
77.8644084	6	2628
77.3739814	6	2629
228.304147	16	2608
81.0463428	6	2631
77.3408412	6	2632
228.215456	16	2611
80.9926986	6	2634
76.8928527	6	2635
79.0579319	6	2636
79.2057514	6	2637
80.3272724	6	2638
78.4523487	6	2639
79.2803764	6	2640
227.823257	16	2619
81.3484191	6	2642
77.6526927	6	2643
228.620052	16	2622
81.4881324	6	2645
77.3940086	6	2646
80.1746845	6	2647
79.5092582	6	2648
78.7005424	6	2649
79.5073509	6	2650
79.2651176	6	2651
228.013038	16	2630
81.9928646	6	2653
76.8675804	6	2654
227.384805	16	2633
83.0163955	6	2656
77.4159431	6	2657
78.2339572	6	2658
77.6114463	6	2659
78.1795978	6	2660
78.0637264	6	2661
76.6458511	6	2662
228.829860	16	2641
81.4232826	6	2664
76.4949321	6	2665
228.333234	16	2644
82.0069313	6	2667
77.9135227	6	2668
78.4850120	6	2669
78.1431198	6	2670
79.0061950	6	2671
81.0697078	6	2672
78.3524513	6	2673
227.476358	16	2652
80.6457996	6	2675
77.0316123	6	2676
228.543043	16	2655
80.8908939	6	2678
76.9996643	6	2679
77.5735378	6	2680
78.4080028	6	2681
80.3542137	6	2682
79.2317390	6	2683
77.7187347	6	2684
227.468729	16	2663
79.8823833	6	2686
76.8196582	6	2687
229.093790	16	2666
81.2735557	6	2689
76.6892433	6	2690
79.9481868	6	2691
78.3817768	6	2692
78.9282321	6	2693
77.6052474	6	2694
77.2545337	6	2695
227.555751	16	2674
80.2032947	6	2697
77.7597427	6	2698
227.849245	16	2677
82.7558040	6	2700
76.9035816	6	2701
80.2524089	6	2702
77.0158767	6	2703
78.2709121	6	2704
78.0212879	6	2705
79.4315338	6	2706
228.233575	16	2685
80.7678699	6	2708
76.5457153	6	2709
228.307008	16	2688
82.9303264	6	2711
77.2709846	6	2712
79.4453620	6	2713
78.4769058	6	2714
80.0483226	6	2715
79.5092582	6	2716
81.4628601	6	2717
228.615999	16	2696
81.6996097	6	2719
76.8902301	6	2720
227.739334	16	2699
76.3869285	6	2723
83.1754207	6	2722
79.2357921	6	2724
78.5076618	6	2725
78.3951282	6	2726
79.2939662	6	2727
79.6823501	6	2728
227.454423	16	2707
81.8197727	6	2730
76.8840312	6	2731
227.774858	16	2710
81.4244747	6	2733
76.5907764	6	2734
78.4029960	6	2735
77.6886940	6	2736
79.0140628	6	2737
77.5845050	6	2738
77.6059627	6	2739
228.299617	16	2718
80.7182788	6	2741
77.6708126	6	2742
228.111505	16	2721
80.0740718	6	2744
77.1954059	6	2745
80.7209014	6	2746
77.9061317	6	2747
79.2486667	6	2748
78.4804821	6	2749
78.4378051	6	2750
228.314638	16	2729
80.3589820	6	2752
76.5745639	6	2753
228.432655	16	2732
79.9951553	6	2755
78.3300399	6	2756
81.0463428	6	2757
78.1514644	6	2758
77.9027938	6	2759
78.5446166	6	2760
78.2291889	6	2761
228.057861	16	2740
81.3937187	6	2763
77.8059959	6	2764
228.014230	16	2743
82.6222896	6	2766
78.0088901	6	2767
78.4161090	6	2768
77.1539211	6	2769
78.5427093	6	2770
78.1960487	6	2771
78.0267715	6	2772
228.163719	16	2751
81.3815593	6	2774
77.2492885	6	2775
228.723526	16	2754
80.7466506	6	2777
77.3146152	6	2778
78.8924694	6	2779
78.6840915	6	2780
80.2674293	6	2781
78.0057907	6	2782
79.3113708	6	2783
228.237152	16	2762
81.4843177	6	2785
77.5120258	6	2786
227.665901	16	2765
81.4120769	6	2788
78.0000686	6	2789
79.3039798	6	2790
79.7584056	6	2791
79.2913436	6	2792
78.5219669	6	2793
80.3322792	6	2794
228.083133	16	2773
79.7665119	6	2796
77.8200626	6	2797
228.725671	16	2776
81.4402103	6	2799
76.9648551	6	2800
79.3468952	6	2801
77.6984691	6	2802
78.4442424	6	2803
78.4962177	6	2804
78.9301395	6	2805
227.909564	16	2784
81.1834335	6	2807
76.4646530	6	2808
227.701663	16	2787
81.6409587	6	2810
77.7430534	6	2811
78.9561271	6	2812
78.1488418	6	2813
79.6694755	6	2814
78.4964561	6	2815
78.1490802	6	2816
227.924585	16	2795
80.3041458	6	2818
78.2537460	6	2819
227.941513	16	2798
83.3134651	6	2821
77.5365829	6	2822
78.1037807	6	2823
79.1451930	6	2824
77.8329372	6	2825
77.3985385	6	2826
77.9960155	6	2827
228.617191	16	2806
80.1744461	6	2829
76.9879817	6	2830
228.134393	16	2809
80.8901786	6	2832
78.2649517	6	2833
79.4327259	6	2834
78.3891677	6	2835
78.0038833	6	2836
78.1042575	6	2837
78.5164833	6	2838
227.362394	16	2817
81.0754299	6	2840
78.1385898	6	2841
228.195428	16	2820
80.6307792	6	2843
77.8861045	6	2844
79.2272090	6	2845
78.7732601	6	2846
78.5233974	6	2847
78.6590576	6	2848
78.2876014	6	2849
228.728055	16	2828
79.9815654	6	2851
77.5299072	6	2852
228.456974	16	2831
82.1731090	6	2854
78.8106918	6	2855
80.4464817	6	2856
77.7468681	6	2857
79.6208381	6	2858
78.4766674	6	2859
79.7626972	6	2860
227.835893	16	2839
77.8660774	6	2862
77.0318508	6	2863
228.231430	16	2842
80.6264877	6	2865
76.8105983	6	2866
80.4038047	6	2867
77.8963565	6	2868
78.1757831	6	2869
78.1528949	6	2870
80.4393291	6	2871
227.244853	16	2850
81.5606117	6	2873
76.4207839	6	2874
227.420806	16	2853
83.7380886	6	2876
78.3352851	6	2877
79.4072151	6	2878
78.5567760	6	2879
79.3352127	6	2880
78.9856910	6	2881
78.3963203	6	2882
228.455781	16	2861
80.6949138	6	2884
76.8983364	6	2885
229.398488	16	2864
81.5970897	6	2887
78.1385898	6	2888
78.8943767	6	2889
77.7392387	6	2890
80.1744461	6	2891
77.0246982	6	2892
76.6177177	6	2893
229.005813	16	2872
81.7279815	6	2895
76.9004821	6	2896
227.663516	16	2875
80.5315971	6	2898
76.4532089	6	2899
77.0909786	6	2900
78.4013271	6	2901
79.6880722	6	2902
79.2992115	6	2903
78.8443088	6	2904
228.263378	16	2883
81.8915367	6	2906
77.2221088	6	2907
227.544069	16	2886
82.0126533	6	2909
77.1765708	6	2910
78.5870552	6	2911
78.8693428	6	2912
78.8564682	6	2913
77.2843360	6	2914
79.1370868	6	2915
228.200435	16	2894
82.2401046	6	2917
76.4665603	6	2918
228.681802	16	2897
80.9280872	6	2920
77.2695541	6	2921
78.1822204	6	2922
78.3691406	6	2923
79.0312290	6	2924
77.8362751	6	2925
80.7054042	6	2926
228.625535	16	2905
80.4638862	6	2928
77.1753787	6	2929
227.707386	16	2908
83.1313133	6	2931
77.0876407	6	2932
79.6310901	6	2933
79.1542530	6	2934
77.6290893	6	2935
78.3872604	6	2936
78.9551734	6	2937
227.527379	16	2916
80.1937580	6	2939
77.2721767	6	2940
228.642702	16	2919
81.3741683	6	2942
76.7819881	6	2943
80.6140899	6	2944
78.8254737	6	2945
78.1271457	6	2946
79.2791843	6	2947
80.4021358	6	2948
229.234695	16	2927
81.8037986	6	2950
77.3675441	6	2951
228.115797	16	2930
81.8700790	6	2953
76.6789913	6	2954
78.1807899	6	2955
76.4460563	6	2956
77.6209831	6	2957
77.1312713	6	2958
77.7726173	6	2959
228.428125	16	2938
81.0906887	6	2961
76.7769813	6	2962
228.639125	16	2941
82.8983783	6	2964
76.9319534	6	2965
79.7488689	6	2966
78.5865783	6	2967
79.5671939	6	2968
80.1546573	6	2969
80.6975364	6	2970
227.781295	16	2949
82.3886394	6	2972
78.5465240	6	2973
228.352546	16	2952
81.7129611	6	2975
77.0375728	6	2976
81.0441970	6	2977
78.3159732	6	2978
79.4358253	6	2979
78.7932872	6	2980
77.3780345	6	2981
228.163003	16	2960
79.8923969	6	2983
77.1195888	6	2984
228.338479	16	2963
82.9946994	6	2986
77.1336555	6	2987
78.3205032	6	2988
78.0239105	6	2989
78.2017707	6	2990
78.8457393	6	2991
77.8665542	6	2992
228.291988	16	2971
80.7037353	6	2994
79.6003341	6	2995
228.023290	16	2974
83.2855701	6	2997
76.6415596	6	2998
78.9875984	6	2999
78.2766342	6	3000
78.4311294	6	3001
76.9169330	6	3002
77.5518417	6	3003
227.538347	16	2982
81.8226337	6	3005
76.4713287	6	3006
228.001356	16	2985
80.6825160	6	3008
76.7686367	6	3009
79.4217586	6	3010
78.0932903	6	3011
77.9526233	6	3012
78.9263248	6	3013
80.3470611	6	3014
229.224920	16	2993
80.1100730	6	3016
77.2626399	6	3017
228.288173	16	2996
81.1324119	6	3019
77.0468711	6	3020
79.1347026	6	3021
78.2124996	6	3022
76.7276287	6	3023
79.1037082	6	3024
78.2129764	6	3025
228.508234	16	3004
81.1181068	6	3027
77.8214931	6	3028
228.166818	16	3007
81.0894966	6	3030
76.3373374	6	3031
78.8223743	6	3032
77.6560306	6	3033
78.7167549	6	3034
79.8263549	6	3035
79.2801380	6	3036
227.820873	16	3015
81.1305046	6	3038
76.4081478	6	3039
229.050397	16	3018
82.2377204	6	3041
76.6038894	6	3042
80.4917812	6	3043
78.9203643	6	3044
79.0271759	6	3045
79.6332359	6	3046
79.0524482	6	3047
226.986646	16	3026
82.0448398	6	3049
77.0149230	6	3050
228.228092	16	3029
81.5930366	6	3052
76.8992900	6	3053
78.8450241	6	3054
76.5843391	6	3055
78.2620906	6	3056
76.7183303	6	3057
77.8713226	6	3058
228.949546	16	3037
80.1634788	6	3060
77.9035091	6	3061
227.776527	16	3040
81.1650753	6	3063
77.0776271	6	3064
79.0388584	6	3065
79.0383815	6	3066
78.9322853	6	3067
79.9474716	6	3068
80.1000595	6	3069
228.231906	16	3048
80.9717178	6	3071
77.7635574	6	3072
227.627038	16	3051
81.5212726	6	3074
76.9388675	6	3075
79.4823169	6	3076
79.3187618	6	3077
78.1066417	6	3078
77.4157047	6	3079
78.2408714	6	3080
228.333711	16	3059
80.9218883	6	3082
77.3696899	6	3083
227.419853	16	3062
83.3702087	6	3085
76.8814086	6	3086
79.8864364	6	3087
79.0743827	6	3088
79.4928073	6	3089
79.3185234	6	3090
80.1093578	6	3091
229.005098	16	3070
81.8493366	6	3093
76.6327381	6	3094
229.268074	16	3073
80.4669857	6	3096
77.9676437	6	3097
79.6217918	6	3098
78.2411098	6	3099
77.5125026	6	3100
77.9061317	6	3101
77.6937007	6	3102
228.165626	16	3081
80.9297561	6	3104
76.5862464	6	3105
227.785587	16	3084
76.4877796	6	3108
83.8882923	6	3107
80.8181762	6	3109
76.6999721	6	3110
81.6669464	6	3111
77.5916576	6	3112
76.9460201	6	3113
228.874683	16	3092
76.9619941	6	3116
84.6784114	6	3115
227.992534	16	3095
83.3680629	6	3118
77.4736404	6	3119
80.1472663	6	3120
77.0542621	6	3121
80.4629325	6	3122
76.2081146	6	3123
79.0362358	6	3124
227.469921	16	3103
79.5543193	6	3126
76.7788887	6	3127
228.978872	16	3106
81.7296504	6	3129
76.7133235	6	3130
79.0438652	6	3131
78.0966281	6	3132
79.2939662	6	3133
76.5478610	6	3134
78.9806842	6	3135
227.705240	16	3114
79.9169540	6	3137
77.4302482	6	3138
228.594779	16	3117
80.8293819	6	3140
77.9860019	6	3141
78.7897109	6	3142
78.3023834	6	3143
78.9949893	6	3144
78.5708427	6	3145
81.0728073	6	3146
227.657079	16	3125
81.6857814	6	3148
77.0676136	6	3149
227.797985	16	3128
82.2846889	6	3151
77.8985023	6	3152
78.9217948	6	3153
78.9370536	6	3154
77.2504806	6	3155
79.0154933	6	3156
78.9282321	6	3157
228.182792	16	3136
81.8643569	6	3159
76.2577056	6	3160
229.122161	16	3139
81.8300247	6	3162
77.8124332	6	3163
78.7119865	6	3164
77.9416561	6	3165
77.7463912	6	3166
78.6514282	6	3167
78.3503055	6	3168
227.435588	16	3147
81.7880630	6	3170
77.5296688	6	3171
227.837324	16	3150
79.6008110	6	3173
76.8702030	6	3174
80.4526805	6	3175
77.8930187	6	3176
78.3214569	6	3177
78.8059234	6	3178
77.7106285	6	3179
229.085445	16	3158
82.1757316	6	3181
76.5206813	6	3182
228.472948	16	3161
80.3272724	6	3184
77.0561695	6	3185
79.8542499	6	3186
77.3391723	6	3187
77.9361724	6	3188
77.0478248	6	3189
77.0697593	6	3190
228.261709	16	3169
80.9264183	6	3192
78.0820846	6	3193
227.673053	16	3172
80.3444385	6	3195
78.5589218	6	3196
81.0134410	6	3197
77.7390003	6	3198
79.2829990	6	3199
78.3283710	6	3200
79.3848037	6	3201
227.490425	16	3180
81.4836025	6	3203
78.9120197	6	3204
228.013277	16	3183
81.7725658	6	3206
77.2964954	6	3207
80.5897712	6	3208
78.4609317	6	3209
80.1031589	6	3210
77.1470069	6	3211
78.9849758	6	3212
227.411746	16	3191
81.7852020	6	3214
77.2480964	6	3215
228.304624	16	3194
80.8959007	6	3217
77.9066085	6	3218
80.2042484	6	3219
76.8213272	6	3220
78.4525871	6	3221
77.6367187	6	3222
79.2493820	6	3223
229.068994	16	3202
80.8739662	6	3225
77.6882171	6	3226
227.411508	16	3205
82.8685760	6	3228
76.8246650	6	3229
78.6197185	6	3230
77.4776935	6	3231
78.8896083	6	3232
78.7813663	6	3233
78.6061286	6	3234
227.517604	16	3213
81.4797878	6	3236
76.7219066	6	3237
228.110074	16	3216
81.5925598	6	3239
76.7421722	6	3240
79.9689292	6	3241
77.3770809	6	3242
79.1525840	6	3243
78.8240432	6	3244
78.5162448	6	3245
228.021621	16	3224
80.7743072	6	3247
77.4292945	6	3248
228.060245	16	3227
81.5060138	6	3250
76.9155025	6	3251
77.9039859	6	3252
78.1180858	6	3253
77.8586864	6	3254
77.9070854	6	3255
77.4934291	6	3256
228.080511	16	3235
81.2172889	6	3258
77.0232677	6	3259
228.482007	16	3238
79.9517631	6	3261
77.1455764	6	3262
78.8416862	6	3263
78.7267684	6	3264
78.1493186	6	3265
78.6375999	6	3266
78.7541866	6	3267
228.192806	16	3246
81.4771652	6	3269
77.3632526	6	3270
227.780818	16	3249
80.4350376	6	3272
77.3050785	6	3273
79.0200233	6	3274
77.8057575	6	3275
78.9511203	6	3276
79.2038440	6	3277
77.9435634	6	3278
228.451251	16	3257
80.6021690	6	3280
77.2314071	6	3281
228.037357	16	3260
80.7812213	6	3283
79.4165134	6	3284
80.3866386	6	3285
79.1864395	6	3286
77.8613090	6	3287
78.0122280	6	3288
78.9258480	6	3289
229.137659	16	3268
80.0783634	6	3291
78.6542892	6	3292
228.379487	16	3271
77.6889324	6	3295
84.7578048	6	3294
78.5784721	6	3296
78.4032344	6	3297
79.4126987	6	3298
84.1236114	6	3299
77.9459476	6	3300
228.765726	16	3279
80.0504684	6	3302
76.3766765	6	3303
228.514194	16	3282
81.5143585	6	3305
79.2889595	6	3306
78.0096054	6	3307
79.2922973	6	3308
78.3841609	6	3309
77.3506164	6	3310
78.3698558	6	3311
228.778600	16	3290
80.5411338	6	3313
77.4686336	6	3314
228.616237	16	3293
83.1396579	6	3316
77.6984691	6	3317
77.6739120	6	3318
78.4246921	6	3319
77.1915912	6	3320
77.6138305	6	3321
77.5535106	6	3322
228.518247	16	3301
80.2030563	6	3324
76.5614509	6	3325
227.702617	16	3304
80.7344913	6	3327
78.8204669	6	3328
77.7258872	6	3329
78.7868499	6	3330
77.8155326	6	3331
78.6845684	6	3332
78.3920288	6	3333
228.509664	16	3312
81.2919139	6	3335
76.6212940	6	3336
228.288650	16	3315
81.3739299	6	3338
76.9512653	6	3339
78.6845684	6	3340
79.1628360	6	3341
78.3362388	6	3342
78.0923366	6	3343
77.6684284	6	3344
228.309869	16	3323
83.0383300	6	3346
77.5635242	6	3347
228.013515	16	3326
82.6389789	6	3349
77.8098106	6	3350
79.3666839	6	3351
80.1970958	6	3352
78.4306526	6	3353
78.8452625	6	3354
78.4220695	6	3355
229.015827	16	3334
82.2334289	6	3357
77.8160095	6	3358
230.055809	16	3337
80.1618099	6	3360
79.5011520	6	3361
80.3732872	6	3362
79.3063640	6	3363
79.6511173	6	3364
80.0752639	6	3365
78.7661075	6	3366
229.092836	16	3345
81.9299221	6	3368
76.1520862	6	3369
227.696895	16	3348
81.3536643	6	3371
79.2367458	6	3372
77.2714614	6	3373
77.3637294	6	3374
79.0801048	6	3375
79.1592597	6	3376
78.7599086	6	3377
228.497505	16	3356
80.6493759	6	3379
77.3806571	6	3380
228.849649	16	3359
80.1591873	6	3382
77.3663520	6	3383
77.4042606	6	3384
79.3938636	6	3385
79.1139602	6	3386
77.7125358	6	3387
78.4881114	6	3388
227.985620	16	3367
81.9964408	6	3390
76.3268470	6	3391
228.710412	16	3370
80.6217193	6	3393
77.4602890	6	3394
81.0451507	6	3395
79.2226791	6	3396
78.8638591	6	3397
77.6627063	6	3398
78.9070129	6	3399
228.413343	16	3378
80.6858539	6	3401
76.8470764	6	3402
228.551149	16	3381
80.2080631	6	3404
77.5177478	6	3405
78.9313316	6	3406
77.7010917	6	3407
78.1993865	6	3408
79.4906616	6	3409
79.6458721	6	3410
227.900266	16	3389
80.5938243	6	3412
76.6983032	6	3413
227.804899	16	3392
82.4337005	6	3415
77.9294967	6	3416
78.2029628	6	3417
78.4051418	6	3418
78.3812999	6	3419
78.6461830	6	3420
78.0928134	6	3421
227.936506	16	3400
79.9050331	6	3423
79.4713497	6	3424
228.281736	16	3403
82.5750827	6	3426
76.9073963	6	3427
81.6833972	6	3428
79.6296596	6	3429
79.1919231	6	3430
78.3879756	6	3431
78.3681869	6	3432
227.502822	16	3411
80.8136463	6	3434
78.3815383	6	3435
227.814674	16	3414
80.5211067	6	3437
78.3021450	6	3438
77.4457454	6	3439
78.0670642	6	3440
77.5165557	6	3441
77.2407054	6	3442
78.1664848	6	3443
228.293180	16	3422
81.7720890	6	3445
77.4540901	6	3446
228.205680	16	3425
81.6752910	6	3448
77.4309635	6	3449
80.8000564	6	3450
79.5116424	6	3451
79.9763202	6	3452
79.1399478	6	3453
79.8966884	6	3454
227.981328	16	3433
83.0624103	6	3456
76.1933326	6	3457
227.539777	16	3436
83.0214023	6	3459
77.6531696	6	3460
79.0846347	6	3461
78.1016349	6	3462
78.7098407	6	3463
79.0853500	6	3464
78.8745880	6	3465
228.335857	16	3444
80.7185173	6	3467
76.6298770	6	3468
227.634191	16	3447
80.7013511	6	3470
77.8205394	6	3471
80.2829265	6	3472
79.1294574	6	3473
78.7794589	6	3474
78.9563655	6	3475
80.2881717	6	3476
227.962970	16	3455
82.1897983	6	3478
76.7626762	6	3479
227.374076	16	3458
79.9117088	6	3481
78.2723426	6	3482
77.5740146	6	3483
78.0117511	6	3484
78.3576965	6	3485
77.4152278	6	3486
78.7391662	6	3487
228.077888	16	3466
81.6936492	6	3489
76.8780708	6	3490
228.666543	16	3469
79.6017646	6	3492
76.8685340	6	3493
77.2008895	6	3494
77.5792598	6	3495
78.3448219	6	3496
77.7118206	6	3497
79.0328979	6	3498
228.248357	16	3477
79.9973011	6	3500
77.3098468	6	3501
227.829456	16	3480
81.0577869	6	3503
77.2366523	6	3504
80.5087089	6	3505
80.3763866	6	3506
81.4521312	6	3507
79.9672603	6	3508
78.2608985	6	3509
228.135824	16	3488
81.8068981	6	3511
78.1090259	6	3512
227.452993	16	3491
80.6093215	6	3514
78.1331062	6	3515
80.2459716	6	3516
78.8302421	6	3517
77.7397155	6	3518
77.2533416	6	3519
78.1702995	6	3520
228.437662	16	3499
80.9633731	6	3522
76.5316486	6	3523
228.000879	16	3502
82.2026729	6	3525
76.9672393	6	3526
81.1655521	6	3527
78.2325267	6	3528
79.3483257	6	3529
80.1424980	6	3530
82.0400714	6	3531
227.897882	16	3510
81.6292762	6	3533
77.0201683	6	3534
227.612495	16	3513
82.9465389	6	3536
77.0523548	6	3537
79.2257785	6	3538
78.2048702	6	3539
78.5632133	6	3540
78.3295631	6	3541
77.4023532	6	3542
229.030132	16	3521
80.8181762	6	3544
77.0134925	6	3545
228.712797	16	3524
80.2338123	6	3547
76.7776966	6	3548
80.5754661	6	3549
78.1114101	6	3550
79.0677070	6	3551
78.5794258	6	3552
77.6677131	6	3553
228.257894	16	3532
81.0468196	6	3555
77.6901245	6	3556
227.657318	16	3535
80.6620121	6	3558
76.8187046	6	3559
79.4754028	6	3560
77.9051780	6	3561
79.0469646	6	3562
78.6752700	6	3563
80.3394317	6	3564
227.603912	16	3543
82.0069313	6	3566
78.3314704	6	3567
227.896690	16	3546
82.3810100	6	3569
76.7068862	6	3570
81.2652111	6	3571
79.5476436	6	3572
80.9407234	6	3573
79.5006752	6	3574
78.4292221	6	3575
228.165864	16	3554
79.7483921	6	3577
77.1605968	6	3578
228.555440	16	3557
84.4006538	6	3580
78.1369209	6	3581
79.6511173	6	3582
77.6305198	6	3583
79.3204307	6	3584
77.9139995	6	3585
79.4310569	6	3586
227.760791	16	3565
81.5889835	6	3588
78.0572891	6	3589
228.336334	16	3568
81.3848972	6	3591
77.4099826	6	3592
78.7386894	6	3593
78.7546634	6	3594
79.4928073	6	3595
77.7719020	6	3596
78.2327651	6	3597
228.094100	16	3576
80.1632404	6	3599
77.7707099	6	3600
229.076147	16	3579
81.4354419	6	3602
76.8828392	6	3603
77.8841972	6	3604
78.8857936	6	3605
77.3649215	6	3606
78.1123638	6	3607
78.0105590	6	3608
227.656841	16	3587
80.2772045	6	3610
78.3534049	6	3611
227.526426	16	3590
79.7820091	6	3613
77.2173404	6	3614
80.3585052	6	3615
77.2891044	6	3616
79.0250301	6	3617
78.7599086	6	3618
79.4005393	6	3619
227.897644	16	3598
81.0704231	6	3621
78.0410766	6	3622
228.166580	16	3601
82.5486183	6	3624
77.3837566	6	3625
78.9096355	6	3626
78.2353878	6	3627
78.7961483	6	3628
79.0591239	6	3629
79.3113708	6	3630
228.541374	16	3609
80.4214477	6	3632
79.6020030	6	3633
228.150606	16	3612
80.1539421	6	3635
76.5006542	6	3636
80.4507732	6	3637
77.1126747	6	3638
80.4293155	6	3639
80.0273418	6	3640
79.5361995	6	3641
227.941036	16	3620
79.4532299	6	3643
77.4443149	6	3644
228.098630	16	3623
81.7670822	6	3646
77.0740509	6	3647
80.0461769	6	3648
77.8326988	6	3649
79.9875259	6	3650
78.6161422	6	3651
78.5133838	6	3652
227.669715	16	3631
80.7166099	6	3654
78.2289505	6	3655
227.692365	16	3634
80.5335044	6	3657
79.0078639	6	3658
81.3376903	6	3659
79.9729824	6	3660
80.1665782	6	3661
79.5638561	6	3662
79.8690319	6	3663
228.960037	16	3642
81.2051296	6	3665
79.3507099	6	3666
227.677822	16	3645
83.4612846	6	3668
77.2843360	6	3669
79.6074867	6	3670
78.0203342	6	3671
77.8033733	6	3672
79.4408321	6	3673
78.7780284	6	3674
227.694511	16	3653
81.1572074	6	3676
77.4977207	6	3677
228.323459	16	3656
82.3819637	6	3679
76.6549110	6	3680
80.7797908	6	3681
78.4683227	6	3682
80.4498195	6	3683
78.4380435	6	3684
78.4103870	6	3685
228.048563	16	3664
79.8997879	6	3687
77.2824287	6	3688
230.107069	16	3667
81.1681747	6	3690
78.0467987	6	3691
78.8426399	6	3692
77.7301788	6	3693
77.8408050	6	3694
76.5271186	6	3695
78.0661106	6	3696
228.664159	16	3675
81.6197395	6	3698
76.9169330	6	3699
227.798938	16	3678
81.8259716	6	3701
76.2679576	6	3702
79.0171623	6	3703
77.8334140	6	3704
78.7255764	6	3705
77.9988765	6	3706
77.3303508	6	3707
227.924823	16	3686
81.1388492	6	3709
77.1341323	6	3710
227.982521	16	3689
82.3950767	6	3712
76.5962600	6	3713
79.5114040	6	3714
78.0060291	6	3715
79.8354148	6	3716
78.6724090	6	3717
78.6433219	6	3718
228.407621	16	3697
81.5532207	6	3720
77.7657032	6	3721
227.229356	16	3700
81.3040733	6	3723
77.4884223	6	3724
80.3432464	6	3725
80.1916122	6	3726
81.0840129	6	3727
78.3743858	6	3728
79.1132450	6	3729
227.769851	16	3708
81.0852050	6	3731
77.5005817	6	3732
229.669570	16	3711
84.0747356	6	3734
77.9769420	6	3735
77.9752731	6	3736
77.8188705	6	3737
78.2830715	6	3738
79.1709423	6	3739
78.8006782	6	3740
227.681159	16	3719
80.9123516	6	3742
76.5922069	6	3743
228.718280	16	3722
81.4707279	6	3745
77.6054859	6	3746
78.8090229	6	3747
78.5260200	6	3748
78.9558887	6	3749
78.3884525	6	3750
77.9531002	6	3751
228.155136	16	3730
82.5829505	6	3753
76.5552520	6	3754
228.032827	16	3733
79.7467231	6	3756
76.8916606	6	3757
78.9241790	6	3758
79.0896415	6	3759
77.5268077	6	3760
78.3278942	6	3761
78.2523155	6	3762
227.427721	16	3741
80.2009105	6	3764
76.8871307	6	3765
227.510690	16	3744
80.0819396	6	3767
77.1448612	6	3768
81.1266899	6	3769
77.2111415	6	3770
78.1118869	6	3771
79.0317058	6	3772
79.8044204	6	3773
228.473424	16	3752
81.1512470	6	3775
77.2931575	6	3776
228.320598	16	3755
81.7985534	6	3778
78.2349109	6	3779
77.5566101	6	3780
77.0027637	6	3781
78.5298347	6	3782
77.7199268	6	3783
77.7249336	6	3784
228.040933	16	3763
79.9236297	6	3786
77.7981281	6	3787
228.158473	16	3766
81.0987949	6	3789
77.1226882	6	3790
79.7159671	6	3791
78.6805152	6	3792
80.3575515	6	3793
78.8211822	6	3794
78.4714221	6	3795
228.253841	16	3774
80.3675651	6	3797
77.0168304	6	3798
228.474140	16	3777
81.3305377	6	3800
76.9753456	6	3801
78.5288810	6	3802
78.1679153	6	3803
79.0929794	6	3804
78.3576965	6	3805
79.1044235	6	3806
227.978944	16	3785
81.0880661	6	3808
78.0375003	6	3809
227.480411	16	3788
80.9185504	6	3811
77.5163173	6	3812
80.3055763	6	3813
78.8362026	6	3814
79.3695449	6	3815
78.3686637	6	3816
79.8680782	6	3817
228.322505	16	3796
80.8613300	6	3819
78.5567760	6	3820
229.212284	16	3799
81.4661979	6	3822
79.4398784	6	3823
78.9756774	6	3824
77.4030685	6	3825
78.0482292	6	3826
77.1048069	6	3827
78.4041881	6	3828
228.379011	16	3807
81.5091133	6	3830
76.9128799	6	3831
228.046178	16	3810
81.0828208	6	3833
78.0408382	6	3834
77.4409770	6	3835
78.2546997	6	3836
79.1788101	6	3837
79.3237686	6	3838
78.4883499	6	3839
229.253530	16	3818
80.1975727	6	3841
76.8694877	6	3842
228.088140	16	3821
81.0999870	6	3844
78.0689716	6	3845
80.0843238	6	3846
79.4165134	6	3847
79.2348384	6	3848
78.6902904	6	3849
77.8260231	6	3850
228.202342	16	3829
81.9756984	6	3852
77.6300430	6	3853
228.038787	16	3832
81.5577507	6	3855
77.0664215	6	3856
79.1077613	6	3857
76.4737129	6	3858
76.9510269	6	3859
77.0065784	6	3860
78.1378746	6	3861
227.266073	16	3840
80.8396339	6	3863
77.6138305	6	3864
227.798461	16	3843
77.0418643	6	3867
83.9648246	6	3866
79.3073177	6	3868
78.1219005	6	3869
81.1614990	6	3870
78.7279605	6	3871
78.4666538	6	3872
228.538274	16	3851
81.6791057	6	3874
78.4571170	6	3875
227.846145	16	3854
81.5920829	6	3877
79.3418884	6	3878
79.6732902	6	3879
79.8101425	6	3880
78.4771442	6	3881
78.7205696	6	3882
77.4366855	6	3883
228.911399	16	3862
83.0531120	6	3885
76.6937732	6	3886
228.008031	16	3865
83.8174819	6	3888
79.6637535	6	3889
80.2412033	6	3890
80.1405906	6	3891
79.5044898	6	3892
80.4295539	6	3893
79.0240764	6	3894
228.291273	16	3873
80.1813602	6	3896
76.7517089	6	3897
227.095842	16	3876
76.4865875	6	3900
84.2683315	6	3899
78.0110359	6	3901
77.9967308	6	3902
79.6241760	6	3903
79.6394348	6	3904
78.3677101	6	3905
227.576494	16	3884
80.4553031	6	3907
77.5897502	6	3908
227.832317	16	3887
79.6940326	6	3910
77.4965286	6	3911
79.5743465	6	3912
77.9757499	6	3913
78.9902210	6	3914
77.7025222	6	3915
79.8149108	6	3916
227.752685	16	3895
81.1991691	6	3918
77.5434970	6	3919
228.082895	16	3898
82.6947689	6	3921
77.9428482	6	3922
79.3139934	6	3923
78.7477493	6	3924
79.9112319	6	3925
78.6380767	6	3926
79.2269706	6	3927
228.049755	16	3906
80.8229446	6	3929
78.2556533	6	3930
228.674411	16	3909
81.6512107	6	3932
78.0713558	6	3933
79.3116092	6	3934
77.4550437	6	3935
76.4253139	6	3936
78.6800384	6	3937
78.8598060	6	3938
227.698087	16	3917
80.1873207	6	3940
77.6760578	6	3941
228.651762	16	3920
81.4399719	6	3943
77.5709152	6	3944
78.9656639	6	3945
78.7069797	6	3946
79.4553756	6	3947
79.8854827	6	3948
78.0961513	6	3949
228.169441	16	3928
80.2936553	6	3951
77.8586864	6	3952
228.202581	16	3931
81.2947750	6	3954
76.8921375	6	3955
78.0901908	6	3956
77.5873661	6	3957
78.7289142	6	3958
77.5225162	6	3959
78.0129432	6	3960
228.440523	16	3939
81.7341804	6	3962
77.0606994	6	3963
228.512048	16	3942
80.8665752	6	3965
78.1316757	6	3966
78.4368515	6	3967
78.9871215	6	3968
79.3130397	6	3969
77.3234367	6	3970
79.1745185	6	3971
228.360652	16	3950
81.5515518	6	3973
77.3684978	6	3974
228.044986	16	3953
82.1058750	6	3976
76.8067836	6	3977
79.3838500	6	3978
79.4064998	6	3979
78.2749652	6	3980
77.8684616	6	3981
80.0771713	6	3982
228.484869	16	3961
80.6672573	6	3984
76.6847133	6	3985
229.943037	16	3964
80.6436538	6	3987
77.5380134	6	3988
81.2215805	6	3989
79.0755748	6	3990
79.0820121	6	3991
80.0335407	6	3992
79.0269374	6	3993
228.313922	16	3972
80.5580615	6	3995
76.6363143	6	3996
227.932929	16	3975
81.3555717	6	3998
77.4974822	6	3999
82.2539329	6	4000
77.4173736	6	4001
77.3720741	6	4002
77.1305561	6	4003
76.5752792	6	4004
227.617740	16	3983
81.0625553	6	4006
77.3074626	6	4007
228.194952	16	3986
80.7867050	6	4009
76.9886970	6	4010
78.6619186	6	4011
77.2795677	6	4012
79.1878700	6	4013
79.4584751	6	4014
78.4065723	6	4015
228.652954	16	3994
79.7879695	6	4017
78.0007839	6	4018
227.597713	16	3997
80.6527137	6	4020
79.1666507	6	4021
81.4070701	6	4022
77.1055221	6	4023
81.1583995	6	4024
80.0688266	6	4025
78.3796310	6	4026
228.824377	16	4005
82.5204849	6	4028
76.6592025	6	4029
227.086782	16	4008
80.6331634	6	4031
77.7816772	6	4032
80.3685188	6	4033
77.1315097	6	4034
79.7927379	6	4035
78.4480571	6	4036
79.3349742	6	4037
227.554559	16	4016
80.1699161	6	4039
77.9545307	6	4040
227.940797	16	4019
81.9001197	6	4042
76.6763687	6	4043
78.3374309	6	4044
76.4179229	6	4045
80.0991058	6	4046
78.3615112	6	4047
78.1292915	6	4048
228.198528	16	4027
80.5339813	6	4050
77.3031711	6	4051
227.712631	16	4030
80.8424949	6	4053
77.2097110	6	4054
79.5531272	6	4055
78.3104896	6	4056
78.7541866	6	4057
77.6224136	6	4058
79.0691375	6	4059
228.646516	16	4038
79.8065662	6	4061
77.9068470	6	4062
228.437900	16	4041
81.1154842	6	4064
76.7252445	6	4065
77.5799751	6	4066
77.5825977	6	4067
78.4711837	6	4068
78.9914131	6	4069
77.8298377	6	4070
228.357791	16	4049
81.3786983	6	4072
78.4430503	6	4073
227.760553	16	4052
80.4948806	6	4075
76.4489173	6	4076
79.2684555	6	4077
78.9494514	6	4078
79.2181491	6	4079
78.2918930	6	4080
77.1458148	6	4081
227.264404	16	4060
81.0008049	6	4083
77.3127079	6	4084
228.700876	16	4063
82.5190544	6	4086
78.4690380	6	4087
80.0259113	6	4088
77.4772167	6	4089
77.9111385	6	4090
77.7025222	6	4091
77.5868892	6	4092
229.158639	16	4071
82.5040340	6	4094
77.3782730	6	4095
229.063510	16	4074
80.7337760	6	4097
77.2747993	6	4098
79.2660713	6	4099
79.7910690	6	4100
79.4293880	6	4101
78.9632797	6	4102
77.6779651	6	4103
229.162454	16	4082
82.3609828	6	4105
76.9271850	6	4106
229.427814	16	4085
81.2399387	6	4108
77.8257846	6	4109
78.6933898	6	4110
79.2336463	6	4111
79.4124603	6	4112
79.1156291	6	4113
79.3979167	6	4114
228.396415	16	4093
82.03125	6	4116
76.8613815	6	4117
227.848291	16	4096
83.3110809	6	4119
77.9516696	6	4120
80.4376602	6	4121
77.4464607	6	4122
78.2210826	6	4123
79.0760517	6	4124
78.1700611	6	4125
227.486371	16	4104
81.3002586	6	4127
77.1298408	6	4128
227.970123	16	4107
76.4212608	6	4131
83.5640430	6	4130
79.0266990	6	4132
77.9736042	6	4133
79.1609287	6	4134
79.2162418	6	4135
79.5567035	6	4136
229.712486	16	4115
79.6914100	6	4138
76.9555568	6	4139
229.089260	16	4118
80.5623531	6	4141
76.9991874	6	4142
79.6608924	6	4143
76.3025283	6	4144
78.4418582	6	4145
78.4800052	6	4146
77.7237415	6	4147
228.205204	16	4126
79.8730850	6	4149
77.6469707	6	4150
228.466749	16	4129
82.3645591	6	4152
77.1014690	6	4153
80.8331966	6	4154
78.2456398	6	4155
79.6508789	6	4156
80.1093578	6	4157
80.8792114	6	4158
227.348089	16	4137
80.0597667	6	4160
77.8257846	6	4161
228.704929	16	4140
82.5347900	6	4163
77.2185325	6	4164
80.3205966	6	4165
77.0118236	6	4166
79.9579620	6	4167
76.5466690	6	4168
77.1541595	6	4169
228.046894	16	4148
79.8974037	6	4171
80.0933837	6	4172
228.630304	16	4151
81.1882019	6	4174
76.8940448	6	4175
80.0044536	6	4176
77.4056911	6	4177
77.0323276	6	4178
77.8264999	6	4179
79.7955989	6	4180
228.295564	16	4159
81.6094875	6	4182
76.5757560	6	4183
228.794813	16	4162
78.8629055	6	4185
76.5633583	6	4186
78.7396430	6	4187
77.2016048	6	4188
77.3324966	6	4189
78.5825252	6	4190
78.3245563	6	4191
228.420495	16	4170
81.6328525	6	4193
76.4913558	6	4194
228.764772	16	4173
82.3621749	6	4196
77.7101516	6	4197
79.3023109	6	4198
79.1354179	6	4199
80.4901123	6	4200
78.9897441	6	4201
78.1641006	6	4202
227.515220	16	4181
80.9409618	6	4204
77.4369239	6	4205
229.451894	16	4184
82.0367336	6	4207
76.7929553	6	4208
78.7045955	6	4209
77.9323577	6	4210
78.1450271	6	4211
78.2604217	6	4212
78.4311294	6	4213
228.661060	16	4192
83.5924148	6	4215
78.8540840	6	4216
228.669404	16	4195
76.3928890	6	4219
83.8127136	6	4218
78.8714885	6	4220
78.1683921	6	4221
78.2647132	6	4222
79.3194770	6	4223
79.2477130	6	4224
227.719545	16	4203
81.1152458	6	4226
77.5909423	6	4227
227.619647	16	4206
82.3941230	6	4229
76.2817859	6	4230
80.2609920	6	4231
79.0679454	6	4232
79.3204307	6	4233
78.3596038	6	4234
78.8607597	6	4235
228.521108	16	4214
81.0248851	6	4237
77.9483318	6	4238
227.920532	16	4217
81.1104774	6	4240
77.5885581	6	4241
79.0576934	6	4242
77.6357650	6	4243
76.8635272	6	4244
76.9302845	6	4245
78.5126686	6	4246
227.599143	16	4225
80.4138183	6	4248
77.2783756	6	4249
228.050708	16	4228
80.8844566	6	4251
77.5246620	6	4252
78.6895751	6	4253
77.9423713	6	4254
79.5431137	6	4255
79.8895359	6	4256
79.8754692	6	4257
227.913618	16	4236
81.5927982	6	4259
77.0592689	6	4260
228.275537	16	4239
82.2174549	6	4262
76.6029357	6	4263
77.7282714	6	4264
76.7290592	6	4265
79.0643692	6	4266
77.3420333	6	4267
77.4822235	6	4268
227.599143	16	4247
80.3220272	6	4270
77.3293972	6	4271
228.152990	16	4250
80.6219577	6	4273
77.6438713	6	4274
77.6784420	6	4275
79.2002677	6	4276
78.6530971	6	4277
76.8465995	6	4278
78.4289836	6	4279
228.442668	16	4258
81.7232131	6	4281
77.4633884	6	4282
227.860450	16	4261
81.9056034	6	4284
76.4024257	6	4285
78.5026550	6	4286
79.1018009	6	4287
79.6139240	6	4288
78.2320499	6	4289
79.0903568	6	4290
227.787494	16	4269
80.7764530	6	4292
76.9391059	6	4293
227.823257	16	4272
82.4983119	6	4295
76.5342712	6	4296
79.4467926	6	4297
78.9489746	6	4298
77.3165225	6	4299
77.3708820	6	4300
78.2375335	6	4301
228.371143	16	4280
80.4569721	6	4303
77.3394107	6	4304
227.939605	16	4283
82.7021598	6	4306
78.6056518	6	4307
78.4597396	6	4308
76.9999027	6	4309
76.9588947	6	4310
79.5402526	6	4311
78.9041519	6	4312
228.351593	16	4291
80.4729461	6	4314
76.9891738	6	4315
228.108644	16	4294
80.0163745	6	4317
78.6416530	6	4318
76.9817829	6	4319
77.7904987	6	4320
79.3879032	6	4321
78.5613059	6	4322
78.1471729	6	4323
229.174613	16	4302
80.5082321	6	4325
77.2395133	6	4326
227.670431	16	4305
80.8470249	6	4328
77.3446559	6	4329
78.0217647	6	4330
79.5493125	6	4331
78.8092613	6	4332
78.1753063	6	4333
77.6684284	6	4334
228.669643	16	4313
80.8100700	6	4336
77.5609016	6	4337
228.259801	16	4316
81.9933414	6	4339
77.6309967	6	4340
81.0153484	6	4341
78.8843631	6	4342
77.9166221	6	4343
77.6233673	6	4344
76.6508579	6	4345
227.969169	16	4324
80.8699131	6	4347
77.7401924	6	4348
228.085756	16	4327
80.8975696	6	4350
76.9553184	6	4351
78.9327621	6	4352
77.5146484	6	4353
78.3238410	6	4354
77.4161815	6	4355
77.3000717	6	4356
227.497577	16	4335
81.8870067	6	4358
76.8342018	6	4359
229.667425	16	4338
81.1870098	6	4361
77.5928497	6	4362
79.0066719	6	4363
77.4042606	6	4364
78.9349079	6	4365
78.4974098	6	4366
78.5670280	6	4367
228.225708	16	4346
82.4456214	6	4369
76.6873359	6	4370
228.019475	16	4349
82.6888084	6	4372
76.6944885	6	4373
81.0682773	6	4374
77.9478549	6	4375
78.3629417	6	4376
78.9101123	6	4377
79.1478157	6	4378
229.169845	16	4357
83.2123756	6	4380
76.8802165	6	4381
228.390455	16	4360
80.7738304	6	4383
77.7947902	6	4384
80.3728103	6	4385
77.8357982	6	4386
80.0747871	6	4387
78.4533023	6	4388
78.4268379	6	4389
228.679180	16	4368
80.8572769	6	4391
77.1687030	6	4392
228.078126	16	4371
80.9633731	6	4394
77.9554843	6	4395
77.9836177	6	4396
76.9429206	6	4397
77.7487754	6	4398
77.1930217	6	4399
77.7885913	6	4400
227.516889	16	4379
80.4409980	6	4402
76.7676830	6	4403
227.431774	16	4382
80.4090499	6	4405
77.6054859	6	4406
79.2722702	6	4407
77.3112773	6	4408
81.5966129	6	4409
80.5473327	6	4410
80.3470611	6	4411
228.427648	16	4390
83.8768482	6	4413
76.9832134	6	4414
228.237867	16	4393
80.1801681	6	4416
78.2811641	6	4417
81.2773704	6	4418
78.6848068	6	4419
80.6341171	6	4420
77.3670673	6	4421
77.2595405	6	4422
228.540420	16	4401
80.1289081	6	4424
77.8861045	6	4425
227.508068	16	4404
80.6639194	6	4427
77.3701667	6	4428
79.1528224	6	4429
77.0378112	6	4430
78.9489746	6	4431
76.9038200	6	4432
78.2334804	6	4433
227.781057	16	4412
81.6795825	6	4435
77.3046016	6	4436
227.956533	16	4415
81.3353061	6	4438
77.7878761	6	4439
79.2219638	6	4440
79.0991783	6	4441
79.8635482	6	4442
79.2434215	6	4443
80.3513526	6	4444
227.113962	16	4423
81.7778110	6	4446
78.1316757	6	4447
228.146791	16	4426
82.2632312	6	4449
77.5372982	6	4450
81.3622474	6	4451
79.6256065	6	4452
79.1957378	6	4453
78.6147117	6	4454
80.8179378	6	4455
228.524446	16	4434
80.3730487	6	4457
78.2861709	6	4458
227.712392	16	4437
82.2288990	6	4460
77.7161121	6	4461
81.9187164	6	4462
77.6090621	6	4463
78.9117813	6	4464
79.1106224	6	4465
79.4472694	6	4466
227.754354	16	4445
79.9362659	6	4468
78.0217647	6	4469
228.436708	16	4448
82.8857421	6	4471
77.3422718	6	4472
78.2508850	6	4473
77.2573947	6	4474
79.9794197	6	4475
77.7351856	6	4476
79.0476799	6	4477
227.991342	16	4456
81.1154842	6	4479
77.8839588	6	4480
227.707147	16	4459
80.1167488	6	4482
77.9135227	6	4483
77.3468017	6	4484
77.2409439	6	4485
78.9124965	6	4486
77.9712200	6	4487
78.8834095	6	4488
227.347850	16	4467
80.7790756	6	4490
77.0559310	6	4491
227.562904	16	4470
81.1991691	6	4493
76.4663219	6	4494
77.8019428	6	4495
79.3378353	6	4496
79.6067714	6	4497
77.5163173	6	4498
77.9993534	6	4499
228.404283	16	4478
80.6107521	6	4501
76.8146514	6	4502
228.676557	16	4481
80.3277492	6	4504
76.7676830	6	4505
79.9183845	6	4506
78.3255100	6	4507
77.4395465	6	4508
77.0764350	6	4509
76.9271850	6	4510
228.041887	16	4489
80.2741050	6	4512
77.4877071	6	4513
229.063510	16	4492
80.2567005	6	4515
76.8747329	6	4516
79.0164470	6	4517
77.8234004	6	4518
79.3304443	6	4519
79.7057151	6	4520
78.4134864	6	4521
227.970123	16	4500
81.0456275	6	4523
77.2826671	6	4524
226.960897	16	4503
79.5574188	6	4526
77.2333145	6	4527
79.2741775	6	4528
77.6164531	6	4529
77.3782730	6	4530
78.0856609	6	4531
77.5442123	6	4532
227.678060	16	4511
80.7383060	6	4534
76.8995285	6	4535
229.421377	16	4514
80.7309150	6	4537
77.3501396	6	4538
79.7281265	6	4539
78.7386894	6	4540
78.3569812	6	4541
79.6194076	6	4542
80.2326202	6	4543
228.682994	16	4522
81.4466476	6	4545
77.4719715	6	4546
227.146863	16	4525
83.2955837	6	4548
77.6884555	6	4549
80.7843208	6	4550
77.3355960	6	4551
84.8462581	6	4552
79.5130729	6	4553
80.5244445	6	4554
228.105306	16	4533
81.3922882	6	4556
78.0460834	6	4557
228.086709	16	4536
81.9518566	6	4559
76.6522884	6	4560
81.0832977	6	4561
77.8024196	6	4562
78.8934230	6	4563
76.9586563	6	4564
77.3375034	6	4565
228.758096	16	4544
80.2524089	6	4567
76.4689445	6	4568
228.032350	16	4547
80.0285339	6	4570
77.1355628	6	4571
78.1433582	6	4572
76.8308639	6	4573
80.0337791	6	4574
78.4411430	6	4575
78.7739753	6	4576
228.036880	16	4555
81.5925598	6	4578
77.3603916	6	4579
228.491783	16	4558
82.5164318	6	4581
77.1431922	6	4582
77.1970748	6	4583
76.8837928	6	4584
84.2070579	6	4585
79.7555446	6	4586
80.2533626	6	4587
227.947711	16	4566
81.0904502	6	4589
76.9810676	6	4590
228.892326	16	4569
83.6303234	6	4592
77.0094394	6	4593
77.9283046	6	4594
79.1237354	6	4595
78.9985656	6	4596
78.2663822	6	4597
78.2811641	6	4598
228.415727	16	4577
80.1718235	6	4600
76.9324302	6	4601
227.344989	16	4580
80.2626609	6	4603
77.4455070	6	4604
80.7390213	6	4605
79.2417526	6	4606
80.2791118	6	4607
77.9588222	6	4608
77.9702663	6	4609
228.110551	16	4588
77.4059295	6	4611
77.7738094	6	4612
228.320837	16	4591
80.8088779	6	4614
77.0378112	6	4615
81.0871124	6	4616
77.5389671	6	4617
78.8233280	6	4618
78.3126354	6	4619
78.2563686	6	4620
228.868961	16	4599
82.6344490	6	4622
78.4842967	6	4623
228.131532	16	4602
82.2532176	6	4625
76.9002437	6	4626
78.6552429	6	4627
76.8146514	6	4628
78.5899162	6	4629
78.7739753	6	4630
78.6418914	6	4631
227.656602	16	4610
81.1326503	6	4633
76.1661529	6	4634
228.183984	16	4613
80.9748172	6	4636
76.5976905	6	4637
80.0683498	6	4638
76.6351222	6	4639
81.1593532	6	4640
78.7034034	6	4641
78.1826972	6	4642
228.914737	16	4621
81.7439556	6	4644
77.9106616	6	4645
227.818727	16	4624
82.2067260	6	4647
78.1626701	6	4648
79.2956352	6	4649
76.7855644	6	4650
80.8346271	6	4651
77.6782035	6	4652
78.0572891	6	4653
228.834152	16	4632
80.3031921	6	4655
76.7216682	6	4656
229.494571	16	4635
82.9207897	6	4658
77.2807598	6	4659
78.1691074	6	4660
77.5077342	6	4661
81.7074775	6	4662
77.4874687	6	4663
79.1497230	6	4664
227.436542	16	4643
81.9010734	6	4666
77.4085521	6	4667
228.676795	16	4646
83.0385684	6	4669
77.5969028	6	4670
78.2284736	6	4671
77.3255825	6	4672
79.4563293	6	4673
76.4868259	6	4674
77.8217315	6	4675
227.786064	16	4654
80.9977054	6	4677
77.0704746	6	4678
227.748870	16	4657
80.6391239	6	4680
77.7943134	6	4681
79.4227123	6	4682
78.2892704	6	4683
79.3912410	6	4684
76.9307613	6	4685
78.2563686	6	4686
229.405164	16	4665
80.7216167	6	4688
76.7779350	6	4689
228.574037	16	4668
81.3214778	6	4691
77.4583816	6	4692
78.5343647	6	4693
77.9092311	6	4694
78.4401893	6	4695
77.4514675	6	4696
79.0495872	6	4697
228.119611	16	4676
79.8277854	6	4699
77.1028995	6	4700
227.435111	16	4679
80.7127952	6	4702
76.8222808	6	4703
79.7717571	6	4704
76.4491558	6	4705
76.2424468	6	4706
76.7965316	6	4707
82.9572677	6	4708
229.140758	16	4687
81.5780162	6	4710
77.0177841	6	4711
227.847576	16	4690
83.2481384	6	4713
77.4199962	6	4714
78.4378051	6	4715
77.7800083	6	4716
79.4205665	6	4717
78.8989067	6	4718
229.687452	16	4698
82.2186470	6	4719
78.2516002	6	4721
227.757930	16	4701
80.2462100	6	4722
84.1331481	6	4724
81.1452865	6	4725
79.2312622	6	4726
79.3058872	6	4727
79.0841579	6	4728
81.7236900	6	4729
229.633569	16	4709
84.0196609	6	4730
81.2308788	6	4732
229.710578	16	4712
81.6855430	6	4733
82.0803642	6	4735
77.8992176	6	4736
80.7147026	6	4737
81.1858177	6	4738
80.5563926	6	4739
79.3735980	6	4740
228.150844	16	4720
78.5155296	6	4741
227.980613	16	4723
77.4998664	6	4743
84.4793319	6	4744
80.6987285	6	4746
80.2915096	6	4747
78.1877040	6	4748
76.8136978	6	4750
85.8886241	6	4749
229.146718	16	4731
82.5254917	6	4751
76.3108730	6	4752
228.693246	16	4734
83.2657814	6	4754
78.8216590	6	4755
79.9064636	6	4757
77.3675441	6	4758
77.1026611	6	4759
79.3623924	6	4760
77.6822566	6	4761
79.1211128	6	4762
77.3770809	6	4763
229.310035	16	4742
80.3081989	6	4765
76.9445896	6	4766
228.297472	16	4745
81.4564228	6	4768
76.9248008	6	4769
80.2469253	6	4770
80.5304050	6	4771
76.7035484	6	4772
81.1469554	6	4773
79.0536403	6	4774
227.826833	16	4753
82.4565887	6	4776
77.5899887	6	4777
228.339195	16	4756
82.4747085	6	4779
78.0663490	6	4780
79.5364379	6	4781
77.7611732	6	4782
78.4115791	6	4783
80.0929069	6	4784
78.0246257	6	4785
228.125572	16	4764
80.8341503	6	4787
76.4870643	6	4788
227.339982	16	4767
80.4870128	6	4790
77.1436691	6	4791
79.5738697	6	4792
77.9862403	6	4793
80.6224346	6	4794
79.1790485	6	4795
76.9731998	6	4796
228.244304	16	4775
82.8576087	6	4798
77.0070552	6	4799
227.414131	16	4778
226.933717	16	4786
257.750749	16	4789
231.871604	16	4797
231.169700	16	4800
avg:  106.22185910741489
std:  57.584746639568166
p95:  228.40445041656494
p99:  229.09407377243045
com:  144.00044426101417
thg:  14.400044426101417
FCT:  33.33323049545288
que:  2.614950786034266
los:  0.0
3926 874
**********************
