[ 5  7  4 ...  7 12  5]
85.3295326	6	1
84.8324298	6	2
86.1017704	6	3
86.9450569	6	4
85.6447219	6	5
84.6083164	6	6
83.3833217	6	7
86.0443115	6	9
85.2982997	6	10
83.4839344	6	12
82.5343132	6	13
86.0018730	6	16
93.2099819	6	15
100.704908	6	14
85.4911804	6	17
82.3614597	6	20
98.4823703	6	18
85.1287841	6	23
86.9801044	6	24
108.943462	6	21
81.3975334	6	26
85.1981639	6	27
98.8929271	6	25
89.2872810	6	28
96.6203212	6	29
227.766036	16	8
90.1088714	6	31
87.0790481	6	32
227.801561	16	11
93.5523509	6	34
87.7006053	6	36
82.6456546	6	37
81.2985897	6	38
101.087093	6	35
84.1608047	6	39
88.3445739	6	40
228.113889	16	19
83.3032131	6	43
95.7157611	6	42
227.502822	16	22
91.9737815	6	45
84.6810340	6	47
79.6859264	6	49
99.0676879	6	46
86.2181186	6	48
80.4100036	6	50
84.1259956	6	51
82.0178985	6	53
228.700637	16	30
89.2229080	6	54
228.657960	16	33
94.4507122	6	56
91.0294055	6	57
90.0065898	6	58
87.1038436	6	59
87.9147052	6	60
82.6473236	6	61
78.3896446	6	64
94.6080684	6	62
228.336572	16	41
83.0264091	6	65
227.878332	16	44
84.6340656	6	67
91.5822982	6	68
83.9104652	6	70
92.7355289	6	69
89.1461372	6	71
82.4768543	6	73
90.3499126	6	72
228.094339	16	52
87.6405239	6	75
76.8110752	6	78
95.3581333	6	76
227.504730	16	55
85.1447582	6	79
80.3833007	6	82
76.9832134	6	83
100.217103	6	80
94.3555831	6	81
84.1867923	6	84
77.4905681	6	86
228.115320	16	63
89.6010398	6	87
227.747201	16	66
78.8929462	6	90
90.1176929	6	89
86.2741470	6	91
79.7526836	6	94
88.7634754	6	93
80.3256034	6	95
99.9150276	6	92
78.7801742	6	97
228.144168	16	74
78.1526565	6	98
228.147268	16	77
78.1159400	6	101
79.0369510	6	103
80.8794498	6	104
94.3896770	6	102
109.765529	6	100
81.6178321	6	106
90.7714366	6	105
78.9601802	6	108
229.400157	16	85
80.4688930	6	109
228.045463	16	88
86.5030288	6	111
92.5769805	6	113
100.769042	6	112
84.6025943	6	115
92.3330783	6	114
78.1590938	6	117
88.4909629	6	116
78.5942077	6	119
228.010416	16	96
92.5385951	6	120
227.322340	16	99
86.8752002	6	122
87.2082710	6	123
87.9299640	6	124
90.1935100	6	125
87.0254039	6	126
84.8863124	6	127
77.2168636	6	130
90.6772613	6	128
227.785348	16	107
81.2478065	6	131
228.244543	16	110
80.4917812	6	134
93.0409431	6	133
87.1715545	6	136
88.9985561	6	137
103.791236	6	135
88.3815288	6	138
84.3145847	6	139
83.6021900	6	141
227.791309	16	118
76.9307613	6	144
96.0185527	6	142
228.882551	16	121
81.7883014	6	146
100.981712	6	145
80.8544158	6	149
99.4935035	6	147
93.1637287	6	148
82.4048519	6	150
76.7452716	6	152
228.965282	16	129
83.2231044	6	153
228.167057	16	132
82.9148292	6	155
82.9756259	6	156
85.8995914	6	159
100.569486	6	157
81.5486907	6	160
97.6066589	6	158
81.7821025	6	161
76.9965648	6	163
227.115631	16	140
84.2413902	6	164
80.5039405	6	166
229.092121	16	143
85.6800079	6	167
93.0471420	6	168
89.9143218	6	170
96.8520641	6	169
84.8886966	6	171
81.3808441	6	172
76.9917964	6	174
77.5313377	6	175
228.171825	16	151
77.5511264	6	177
228.167772	16	154
82.5741291	6	178
84.6397876	6	179
88.0744457	6	181
100.141763	6	180
91.3350582	6	182
76.8449306	6	185
227.608442	16	162
78.8195133	6	186
98.4306335	6	183
227.795362	16	165
78.4046649	6	189
90.8207893	6	188
85.3674411	6	190
79.7235965	6	192
90.0704860	6	191
84.3431949	6	193
93.1670665	6	194
228.782176	16	173
85.7801437	6	196
85.3612422	6	197
77.8179168	6	199
227.726459	16	176
86.7443084	6	200
79.1749954	6	202
91.4063453	6	201
85.6995582	6	203
81.9637775	6	204
82.4558734	6	205
229.267358	16	184
88.7300968	6	207
83.9905738	6	208
79.2002677	6	210
227.867364	16	187
78.1109333	6	211
79.3800354	6	213
80.6355476	6	214
95.3505039	6	212
79.5023441	6	216
90.4817581	6	215
78.1555175	6	218
227.117061	16	195
91.2833213	6	219
79.5905590	6	221
227.575540	16	198
81.0196399	6	222
79.1420936	6	223
81.9001197	6	225
93.3952331	6	224
85.3834152	6	226
87.8920555	6	227
79.7808170	6	229
228.983879	16	206
80.7769298	6	230
227.626323	16	209
85.3345394	6	232
82.2668075	6	233
81.5215110	6	234
81.0368061	6	235
83.4476947	6	240
229.065656	16	217
96.5151786	6	238
103.075742	6	237
110.208511	6	236
78.9179801	6	241
77.9671669	6	243
228.925943	16	220
85.3564739	6	244
82.0033550	6	245
81.3407897	6	246
79.8285007	6	247
227.657318	16	228
77.7380466	6	248
227.777004	16	231
84.1562747	6	249
82.8487873	6	251
80.6667804	6	252
80.7137489	6	254
80.5180072	6	255
80.7240009	6	256
81.0747146	6	257
227.656364	16	239
85.8194828	6	258
83.9397907	6	259
80.6751251	6	260
227.550983	16	242
81.8655490	6	262
86.4422321	6	263
77.3377418	6	265
84.1596126	6	266
84.1090679	6	267
80.4328918	6	269
90.1117324	6	268
88.5472297	6	270
86.3513946	6	271
78.2778263	6	273
227.847337	16	250
83.6191177	6	274
81.4354419	6	276
78.8745880	6	277
227.385759	16	253
90.5971527	6	278
85.7372283	6	279
80.9183120	6	281
78.7708759	6	282
94.9378013	6	280
80.2476406	6	284
78.6468982	6	285
228.343248	16	261
77.8100490	6	287
228.764295	16	264
82.6644897	6	288
79.6318054	6	289
91.7298793	6	290
88.4172916	6	291
81.8612575	6	293
92.4801826	6	292
76.6055583	6	295
227.963685	16	272
80.5773735	6	296
77.9750347	6	298
227.868556	16	275
83.8086605	6	299
83.2676887	6	300
86.6980552	6	301
89.7905826	6	302
90.4400348	6	303
89.5857810	6	304
78.0503749	6	306
227.904796	16	283
80.2755355	6	307
79.5288085	6	309
229.690074	16	286
81.8278789	6	310
85.7739448	6	312
99.8682975	6	311
84.1724872	6	314
76.9286155	6	317
92.6225185	6	315
107.250690	6	313
79.4017314	6	318
228.528738	16	294
78.1226158	6	320
81.0091495	6	321
227.696418	16	297
99.5488166	6	322
88.6659622	6	324
95.6342220	6	323
91.7966365	6	325
89.6441936	6	326
85.7794284	6	328
227.355241	16	305
82.0758342	6	329
84.0713977	6	331
227.183818	16	308
101.135969	6	332
90.3654098	6	334
91.6209220	6	335
82.9000473	6	337
109.665632	6	333
94.8462486	6	336
81.8436145	6	339
228.396177	16	316
87.8510475	6	340
78.4184932	6	342
228.619337	16	319
84.8028659	6	345
100.152015	6	344
113.274812	6	343
98.3476638	6	346
86.8871212	6	348
96.8484878	6	347
77.2030353	6	351
227.360963	16	327
85.3657722	6	350
81.7472934	6	353
227.998018	16	330
93.7550067	6	354
103.596448	6	355
98.8290309	6	356
83.3737850	6	359
99.3287563	6	357
77.5504112	6	361
227.736234	16	338
102.244615	6	358
78.5648822	6	364
93.7728881	6	362
228.085279	16	341
82.9303264	6	368
102.122068	6	365
96.9560146	6	366
97.8469848	6	367
88.6294841	6	369
92.3092365	6	370
228.502988	16	349
86.1685276	6	373
85.5128765	6	375
229.013204	16	352
83.9643478	6	377
117.183685	6	372
88.0045890	6	380
103.634357	6	378
116.592168	6	376
77.4486064	6	383
104.826450	6	379
96.1656570	6	381
228.404998	16	360
81.8548202	6	384
228.795289	16	363
89.4882678	6	386
94.5038795	6	387
97.1047878	6	388
97.5618362	6	389
99.6875762	6	390
94.4135189	6	392
228.348731	16	371
81.2957286	6	395
90.7351970	6	394
77.0258903	6	397
117.921590	6	391
227.869510	16	374
83.9293003	6	399
106.279850	6	398
88.3150100	6	401
85.9594345	6	402
103.551387	6	400
94.4211483	6	403
230.157136	16	382
94.4552421	6	405
95.9646701	6	406
228.397130	16	385
79.8578262	6	409
94.1576957	6	408
92.4944877	6	412
99.2276668	6	411
105.289936	6	410
84.3822956	6	414
227.903842	16	393
106.240749	6	413
89.9746417	6	416
82.4913978	6	419
96.6954231	6	417
228.498220	16	396
84.5654010	6	420
92.8320884	6	422
87.7337455	6	424
118.430852	6	421
94.5386886	6	425
227.962493	16	404
113.276243	6	423
91.8087959	6	427
88.4022712	6	428
79.3209075	6	430
228.862762	16	407
78.8457393	6	432
91.2890434	6	431
93.9507484	6	434
93.6050415	6	435
107.846736	6	433
91.4328098	6	436
227.257966	16	415
92.5323963	6	439
82.0407867	6	441
102.540493	6	438
229.422330	16	418
79.7197818	6	442
86.3792896	6	443
98.1154441	6	444
95.1509475	6	445
86.4906311	6	447
96.5530872	6	446
227.873325	16	426
80.4016590	6	450
100.259780	6	449
228.106737	16	429
88.0148410	6	452
79.7877311	6	454
103.144407	6	453
95.5493450	6	456
78.2289505	6	460
115.471839	6	455
228.279113	16	437
105.072975	6	457
89.5123481	6	461
111.304998	6	458
227.656364	16	440
81.9180011	6	464
83.0290317	6	465
77.6095390	6	467
105.257987	6	463
100.028276	6	466
89.6964073	6	469
96.6255664	6	468
228.663206	16	448
84.0368270	6	471
90.8243656	6	472
229.692935	16	451
85.7534408	6	474
83.6217403	6	476
95.0653553	6	475
83.2004547	6	478
90.1153087	6	477
91.6759967	6	479
227.590084	16	459
82.1852684	6	482
84.1310024	6	483
108.034133	6	480
228.518724	16	462
78.1602859	6	486
82.3662281	6	487
99.1737842	6	485
77.8496265	6	489
92.4479961	6	488
85.3149890	6	490
89.1709327	6	491
228.196382	16	470
82.8835964	6	494
77.7809619	6	496
100.671291	6	493
229.243040	16	473
84.4485759	6	497
88.0250930	6	498
80.9550285	6	500
89.7140502	6	499
78.4518718	6	502
89.9069309	6	501
228.680610	16	481
82.5197696	6	504
89.0505313	6	505
228.176593	16	484
76.7490863	6	508
86.9801044	6	507
79.0536403	6	510
94.7225093	6	509
81.3219547	6	512
90.5034542	6	511
86.2507820	6	513
79.5350074	6	515
228.305816	16	492
87.3136520	6	516
82.7207565	6	518
228.873968	16	495
83.9669704	6	519
81.4781188	6	522
95.5142974	6	520
78.1083106	6	524
96.8217849	6	521
88.5453224	6	523
81.1655521	6	526
228.598356	16	503
81.9718837	6	527
81.5229415	6	529
227.567672	16	506
79.7235965	6	532
92.2648906	6	531
99.7228622	6	530
82.0178985	6	534
90.4846191	6	533
77.2914886	6	537
90.1741981	6	535
229.055166	16	514
77.5253772	6	540
94.7878360	6	538
228.718757	16	517
95.1342582	6	541
92.1032428	6	542
81.9845199	6	544
91.3810729	6	543
82.2296142	6	545
85.4573249	6	546
228.738307	16	525
79.6785354	6	549
86.3652229	6	548
228.538036	16	528
76.7910480	6	553
101.519346	6	551
99.1771221	6	552
83.3423137	6	555
91.8204784	6	554
82.9896926	6	556
80.0967216	6	557
78.3383846	6	559
228.994131	16	536
90.5613899	6	560
79.4978141	6	562
228.587865	16	539
88.3564949	6	563
80.0511837	6	566
90.7707214	6	565
99.9274253	6	564
77.8791904	6	568
86.0071182	6	567
78.0470371	6	570
228.913068	16	547
78.7727832	6	571
227.840662	16	550
85.5786800	6	573
89.3208980	6	574
83.2903385	6	576
86.8015289	6	577
103.552103	6	575
79.5140266	6	579
90.4917716	6	578
78.1812667	6	581
227.725744	16	558
79.1907310	6	582
78.7825584	6	584
228.561401	16	561
79.4806480	6	586
83.8584899	6	588
92.7042961	6	587
108.571290	6	585
91.5937423	6	589
86.8151187	6	590
78.5236358	6	592
228.064775	16	569
79.1916847	6	593
77.7504444	6	595
227.953910	16	572
79.5497894	6	598
99.9801158	6	596
96.7481136	6	597
83.8465690	6	600
80.3086757	6	601
96.8885421	6	599
78.9785385	6	603
228.910446	16	580
77.7668952	6	606
91.4864540	6	604
228.588819	16	583
77.1214962	6	607
90.9507274	6	608
89.2190933	6	609
89.2672538	6	610
83.3957195	6	611
89.9813175	6	612
78.5605907	6	614
228.426694	16	591
79.6997547	6	615
228.386163	16	594
85.3216648	6	617
79.5302391	6	618
93.7318801	6	619
88.4656906	6	620
79.6740055	6	622
90.6858444	6	621
81.3679695	6	623
227.481126	16	602
83.1823348	6	625
79.3142318	6	626
79.2949199	6	628
227.942466	16	605
86.0183238	6	629
93.8789844	6	630
91.0773277	6	631
88.6845588	6	632
83.1341743	6	633
80.8336734	6	634
77.7609348	6	636
227.934360	16	613
84.4058990	6	637
77.7144432	6	639
227.345466	16	616
89.0395641	6	640
80.1055431	6	642
100.240468	6	641
91.7656421	6	643
84.7592353	6	645
90.9919738	6	644
77.1162509	6	647
79.6484947	6	648
228.336334	16	624
81.3720226	6	650
227.689504	16	627
87.7435207	6	651
89.1828536	6	652
80.8598995	6	654
94.6528911	6	653
95.3774452	6	655
92.9000377	6	656
80.5265903	6	658
78.8564682	6	659
227.839946	16	635
76.3893127	6	661
230.277061	16	638
93.4951305	6	662
85.8705043	6	663
87.9387855	6	664
80.4703235	6	666
81.6709995	6	667
102.504491	6	665
82.4186801	6	669
227.990865	16	646
80.8832645	6	670
77.6462554	6	672
227.864742	16	649
77.6340961	6	673
82.1838378	6	676
95.6447124	6	674
84.6462249	6	677
97.6834297	6	675
90.5840396	6	678
228.390455	16	657
81.4957618	6	681
90.2440547	6	680
77.2409439	6	683
228.667020	16	660
79.3504714	6	686
96.1363315	6	684
101.286172	6	685
91.0024642	6	687
85.3071212	6	689
93.9226150	6	688
77.3994922	6	692
227.928638	16	668
94.9306488	6	691
77.7704715	6	694
226.866006	16	671
93.0068492	6	695
80.0912380	6	698
77.4199962	6	699
92.7398204	6	697
102.454185	6	696
83.6253166	6	700
80.1248550	6	702
227.730512	16	679
95.6239700	6	703
228.420734	16	682
84.9881172	6	705
95.4723358	6	706
87.1074199	6	708
82.4983119	6	709
97.6898670	6	707
79.9736976	6	711
89.5702838	6	710
81.3910961	6	713
228.496313	16	690
227.705240	16	693
98.9735126	6	714
79.8106193	6	718
89.1280174	6	717
84.0222835	6	720
82.5877189	6	721
116.023778	6	716
97.7807044	6	719
89.3924236	6	722
78.7448883	6	724
228.704214	16	701
84.8920345	6	725
227.627515	16	704
86.9560241	6	728
77.0945549	6	730
100.237846	6	727
90.4231071	6	732
97.7115631	6	731
110.586404	6	729
85.2448940	6	733
82.8602313	6	735
228.459835	16	712
81.2332630	6	736
227.122068	16	715
82.4937820	6	738
92.0517444	6	739
86.7233276	6	740
87.0506763	6	741
95.5700874	6	742
83.8069915	6	744
96.6427326	6	743
79.5540809	6	746
228.461503	16	723
83.4574699	6	747
77.0690441	6	749
99.1668701	6	751
93.1732654	6	752
105.451107	6	750
256.517648	16	726
84.3966007	6	754
93.5540199	6	753
91.2795066	6	755
227.917671	16	734
85.3774547	6	757
82.2420120	6	758
79.4527530	6	760
228.698253	16	737
79.2839527	6	761
109.335422	6	762
79.6189308	6	763
76.6174793	6	764
227.302074	16	745
81.0582637	6	765
84.7685337	6	766
227.685451	16	748
79.3757438	6	768
80.1465511	6	769
78.9284706	6	771
81.4840793	6	772
82.8354358	6	773
81.3052654	6	775
87.4364376	6	774
78.2263278	6	776
228.611230	16	756
82.6101303	6	777
228.470802	16	759
81.1030864	6	779
80.8324813	6	780
77.0487785	6	782
82.8607082	6	783
77.6412487	6	785
90.7621383	6	784
89.1060829	6	786
76.9996643	6	788
85.0236415	6	787
77.6419639	6	790
228.174448	16	767
84.9552154	6	791
76.7426490	6	793
227.835416	16	770
78.1631469	6	796
95.1504707	6	794
90.2912616	6	795
78.9046287	6	797
82.5505256	6	798
83.8375091	6	799
77.0764350	6	801
228.237152	16	778
79.3142318	6	802
81.6483497	6	804
228.984594	16	781
82.6630592	6	805
79.8795223	6	808
95.1886177	6	806
78.0713558	6	809
99.4811058	6	807
85.0086212	6	810
79.7481536	6	812
77.5308609	6	813
228.400230	16	789
76.7166614	6	815
228.054046	16	792
82.6811790	6	816
87.7933502	6	818
93.9807891	6	817
89.3785953	6	819
77.5084495	6	821
84.0208530	6	820
79.0014266	6	823
228.493452	16	800
88.2637500	6	824
78.9089202	6	826
77.5005817	6	827
228.504896	16	803
82.4773311	6	828
81.8514823	6	831
94.7265625	6	829
89.9798870	6	830
84.9823951	6	832
78.2744884	6	834
229.543447	16	811
79.8532962	6	835
229.211330	16	814
79.9264907	6	838
87.9015922	6	837
79.5767307	6	839
85.0636959	6	840
86.5640640	6	842
83.4760665	6	843
96.3361263	6	841
81.3550949	6	845
228.106498	16	822
81.6583633	6	846
77.9378414	6	848
227.257251	16	825
86.4427089	6	849
83.1656455	6	850
89.6358489	6	851
88.4127616	6	853
99.8075008	6	852
78.9942741	6	856
227.439880	16	833
97.9938507	6	854
85.7927799	6	857
76.8163204	6	859
227.118730	16	836
79.1225433	6	860
80.6427001	6	862
78.8340568	6	863
95.1201915	6	861
83.4636688	6	864
90.1265144	6	865
228.322029	16	844
85.2711200	6	867
85.3650569	6	868
80.5630683	6	870
77.3227214	6	871
228.630542	16	847
81.5839767	6	872
80.7363986	6	874
91.1426544	6	873
79.7064304	6	875
82.7145576	6	876
227.488040	16	855
78.3650875	6	879
98.5598564	6	878
80.4121494	6	881
228.748798	16	858
79.6868801	6	882
77.4128437	6	883
81.3174247	6	884
86.2011909	6	885
77.9438018	6	887
84.2549800	6	886
77.9953002	6	889
228.389739	16	866
83.9595794	6	890
228.573560	16	869
84.9106311	6	892
80.2578926	6	893
79.0321826	6	894
77.4090290	6	895
82.4680328	6	896
79.9076557	6	898
92.3335552	6	897
79.0624618	6	900
227.662563	16	877
77.9209136	6	901
79.8730850	6	903
227.309465	16	880
79.3499946	6	905
92.1382904	6	904
80.6696414	6	906
76.8065452	6	907
82.0219516	6	908
87.0621204	6	909
79.0755748	6	911
228.594064	16	888
79.3490409	6	912
79.7083377	6	914
227.303743	16	891
78.6197185	6	915
86.3909721	6	916
79.8923969	6	918
87.0366096	6	917
80.9931755	6	919
83.5673809	6	920
76.8063068	6	923
228.472948	16	899
86.5128040	6	922
77.2328376	6	925
228.096961	16	902
81.2370777	6	926
93.1074619	6	927
81.8660259	6	929
89.3716812	6	928
82.6511383	6	930
77.3398876	6	931
79.0174007	6	933
227.690219	16	910
83.8572978	6	934
76.9901275	6	936
227.381229	16	913
78.4626007	6	937
86.7931842	6	938
90.3065204	6	939
86.1155986	6	940
81.8262100	6	941
81.8233489	6	942
79.7038078	6	944
227.519989	16	921
80.2788734	6	945
77.4445533	6	947
227.278232	16	924
82.6184749	6	948
90.8737182	6	949
81.9618701	6	951
88.7923240	6	950
81.7618370	6	953
92.2183990	6	952
76.9565105	6	955
227.691888	16	932
81.3088417	6	956
77.4755477	6	958
227.465629	16	935
79.4258117	6	959
77.4016380	6	961
85.5374336	6	962
100.398778	6	960
82.5951099	6	963
88.5000228	6	964
81.1984539	6	966
79.2868137	6	967
228.588104	16	943
83.8832855	6	969
227.253913	16	946
79.0522098	6	970
81.3431739	6	971
79.4637203	6	973
97.8555679	6	972
81.5899372	6	975
88.4020328	6	974
78.6857604	6	978
229.621887	16	954
88.2275104	6	977
77.4636268	6	980
228.126049	16	957
87.8217220	6	981
79.0512561	6	984
92.3728942	6	982
81.5882682	6	985
97.9199409	6	983
86.4958763	6	986
82.4859142	6	988
227.695465	16	965
86.9579315	6	989
77.9609680	6	991
227.626085	16	968
83.5745334	6	992
96.7347621	6	993
90.7416343	6	994
80.1169872	6	996
91.0215377	6	995
81.5646648	6	997
82.0355415	6	999
227.966308	16	976
79.7321796	6	1002
227.530479	16	979
76.9839286	6	1003
104.637622	6	1000
83.2436084	6	1004
85.6804847	6	1005
82.3748111	6	1007
90.7711982	6	1006
79.0858268	6	1008
77.0733356	6	1010
228.123426	16	987
80.2352428	6	1011
227.429151	16	990
85.6451988	6	1013
82.4959278	6	1014
84.6743583	6	1015
88.3965492	6	1016
81.0682773	6	1018
90.4862880	6	1017
84.6002101	6	1019
78.9492130	6	1021
228.335857	16	998
78.5512924	6	1022
76.6367912	6	1024
229.124307	16	1001
86.9052410	6	1025
84.4225883	6	1026
88.9866352	6	1028
96.7946052	6	1027
84.4454765	6	1029
80.9700489	6	1030
78.5882472	6	1032
228.111028	16	1009
77.6872634	6	1033
78.8428783	6	1035
227.870464	16	1012
76.8480300	6	1036
80.9938907	6	1038
84.4242572	6	1040
104.413509	6	1037
82.6394557	6	1041
96.6029167	6	1039
78.6321163	6	1043
227.683067	16	1020
78.9086818	6	1044
79.0324211	6	1046
227.115631	16	1023
84.9678516	6	1047
79.9489021	6	1048
95.6664085	6	1049
90.7971858	6	1050
82.8261375	6	1052
89.0717506	6	1051
80.6379318	6	1054
227.653980	16	1031
85.1860046	6	1055
76.9214630	6	1057
228.148937	16	1034
82.2834968	6	1058
87.4290466	6	1059
82.5471878	6	1060
97.9883670	6	1061
87.4049663	6	1063
94.5525169	6	1062
78.6995887	6	1065
228.105783	16	1042
82.6814174	6	1066
81.2110900	6	1068
78.1562328	6	1069
228.316068	16	1045
83.0125808	6	1070
88.3734226	6	1071
83.7931632	6	1072
92.9460525	6	1074
100.610494	6	1073
228.169918	16	1053
79.7729492	6	1077
90.6591415	6	1076
79.1268348	6	1079
227.599382	16	1056
81.6996097	6	1080
88.6683464	6	1081
78.2310962	6	1083
88.6042118	6	1082
81.2938213	6	1085
228.587388	16	1064
105.705976	6	1084
81.4809799	6	1088
90.1598930	6	1087
80.4584026	6	1090
227.081298	16	1067
77.6972770	6	1093
92.3409461	6	1091
88.7231826	6	1092
79.6918869	6	1095
87.1531963	6	1094
88.6392593	6	1096
227.156162	16	1075
89.7226333	6	1098
87.2714519	6	1099
77.6202678	6	1101
227.398633	16	1078
84.9707126	6	1102
82.2739601	6	1104
90.5375480	6	1103
78.6712169	6	1105
78.2711505	6	1107
84.2034816	6	1106
81.1972618	6	1109
227.358579	16	1086
89.1621112	6	1110
80.3060531	6	1112
228.425979	16	1089
81.1724662	6	1113
84.4109058	6	1114
81.8426609	6	1116
76.9107341	6	1117
91.3348197	6	1115
84.0961933	6	1118
78.0642032	6	1120
227.916240	16	1097
83.9362144	6	1121
228.561162	16	1100
84.7811698	6	1123
78.2492160	6	1126
92.1564102	6	1124
90.4152393	6	1125
87.5368118	6	1127
85.5202674	6	1128
82.4604034	6	1129
81.0096263	6	1131
229.151487	16	1108
81.2518596	6	1132
79.3969631	6	1134
228.861570	16	1111
85.9284400	6	1135
86.2550735	6	1137
94.1352844	6	1136
79.1547298	6	1139
83.2607746	6	1140
98.8388061	6	1138
77.2085189	6	1142
228.167295	16	1119
80.9545516	6	1143
76.5829086	6	1145
228.288650	16	1122
89.0007019	6	1146
87.6965522	6	1147
91.0482406	6	1148
87.0158672	6	1149
84.7444534	6	1150
78.6798000	6	1153
94.6335792	6	1151
228.501796	16	1130
83.2698345	6	1154
80.2114009	6	1157
229.696989	16	1133
91.3288593	6	1156
85.5920314	6	1159
94.2525863	6	1158
84.7010612	6	1160
81.9323062	6	1162
94.3479537	6	1161
228.338479	16	1141
90.5525684	6	1164
88.8743400	6	1165
79.5798301	6	1167
228.656768	16	1144
81.7084312	6	1169
81.2430381	6	1170
86.3671302	6	1171
107.172966	6	1168
87.4710083	6	1172
88.9308452	6	1173
82.7076435	6	1175
227.929115	16	1152
90.5847549	6	1176
80.2800655	6	1178
228.578090	16	1155
81.2480449	6	1179
89.5392894	6	1180
88.7644290	6	1181
94.1662788	6	1182
84.0022563	6	1184
93.7364101	6	1183
77.7704715	6	1187
227.997064	16	1163
104.048967	6	1186
229.073286	16	1166
87.2964859	6	1189
82.1814537	6	1190
82.7603340	6	1191
83.7106704	6	1193
83.0211639	6	1194
106.869697	6	1192
89.8749828	6	1195
78.9158344	6	1197
229.920864	16	1174
84.9616527	6	1198
228.341817	16	1177
90.6372070	6	1200
79.5292854	6	1202
82.4460983	6	1203
96.3082313	6	1201
83.6129188	6	1205
83.4369659	6	1206
98.4485149	6	1204
83.3086967	6	1208
77.3863792	6	1209
229.032039	16	1185
227.872610	16	1188
94.8715209	6	1211
86.4627361	6	1213
102.752685	6	1212
77.6088237	6	1216
89.8704528	6	1214
87.2004032	6	1215
77.2123336	6	1219
92.6778316	6	1217
228.034496	16	1196
82.3206901	6	1220
78.8633823	6	1222
227.370738	16	1199
92.6129817	6	1224
100.170850	6	1223
85.6511592	6	1225
82.4065208	6	1227
89.5080566	6	1226
80.9280872	6	1228
227.912902	16	1207
82.8351974	6	1230
79.8404216	6	1231
76.5466690	6	1233
227.876186	16	1210
91.2153720	6	1234
89.5383358	6	1236
78.4218311	6	1238
98.5739231	6	1235
89.3259048	6	1237
84.1186046	6	1239
82.1988582	6	1241
228.101015	16	1218
87.3341560	6	1242
77.3711204	6	1244
228.632450	16	1221
89.6518230	6	1245
79.8592567	6	1248
98.9847183	6	1246
96.7464447	6	1247
79.2739391	6	1250
87.6872539	6	1249
79.4911384	6	1252
228.713274	16	1229
81.7544460	6	1253
77.1026611	6	1256
227.606058	16	1232
86.5125656	6	1255
97.2251892	6	1257
79.6291828	6	1260
93.3752059	6	1258
84.6371650	6	1261
100.923538	6	1259
79.3602466	6	1263
227.820873	16	1240
79.1482925	6	1264
228.528499	16	1243
92.6971435	6	1266
87.5833034	6	1267
82.8702449	6	1268
84.3839645	6	1270
99.3702411	6	1269
87.1376991	6	1271
81.5737247	6	1272
80.7876586	6	1274
227.796316	16	1251
77.6176452	6	1277
95.6690311	6	1275
227.803945	16	1254
81.6652774	6	1280
76.9777297	6	1281
89.5557403	6	1279
105.295181	6	1278
79.7474384	6	1283
77.4827003	6	1285
99.0431308	6	1282
228.167533	16	1262
81.4895629	6	1286
227.735280	16	1265
83.9517116	6	1289
95.0448513	6	1288
86.4830017	6	1291
77.8698921	6	1293
97.4197387	6	1290
91.1614894	6	1292
81.8252563	6	1294
227.673530	16	1273
77.9118537	6	1297
88.1197452	6	1296
228.194952	16	1276
92.9586887	6	1299
88.7351036	6	1301
96.9700813	6	1300
93.4846401	6	1302
77.2988796	6	1305
91.9020175	6	1304
100.673913	6	1303
228.509187	16	1284
85.2577686	6	1307
88.7825489	6	1308
228.138446	16	1287
86.5907669	6	1310
89.8768901	6	1311
82.7991962	6	1313
92.9436683	6	1312
83.4670066	6	1315
90.8083915	6	1314
89.5986557	6	1316
81.5265178	6	1318
228.242874	16	1295
90.3427600	6	1319
227.632999	16	1298
91.5720462	6	1321
85.3800773	6	1322
81.5100669	6	1324
81.6519260	6	1325
78.6025524	6	1326
100.234031	6	1323
82.2079181	6	1327
83.8179588	6	1329
228.683233	16	1306
82.9775333	6	1330
227.857828	16	1309
93.0836200	6	1332
79.8659324	6	1335
86.7512226	6	1334
93.7712192	6	1333
81.9070339	6	1337
79.8394680	6	1338
95.1027870	6	1336
77.8152942	6	1340
227.960824	16	1317
85.0825309	6	1341
83.3241939	6	1343
227.649927	16	1320
87.2716903	6	1345
96.1179733	6	1344
80.3029537	6	1347
101.368904	6	1346
83.5106372	6	1349
92.0259952	6	1348
78.6557197	6	1351
228.221893	16	1328
79.2729854	6	1352
228.183269	16	1331
78.1161785	6	1356
96.1303710	6	1354
88.8843536	6	1357
85.4403972	6	1358
83.9736461	6	1359
109.560966	6	1355
78.7968635	6	1360
81.1860561	6	1362
228.055953	16	1339
77.1052837	6	1365
96.1263179	6	1363
227.578639	16	1342
90.0890827	6	1367
79.6091556	6	1369
100.391626	6	1366
78.7577629	6	1371
100.303411	6	1368
92.2799110	6	1370
78.5543918	6	1373
228.497505	16	1350
82.3879241	6	1374
227.873325	16	1353
83.0409526	6	1377
95.4761505	6	1376
83.4064483	6	1380
79.0646076	6	1381
100.225687	6	1378
97.4762439	6	1379
84.1891765	6	1382
79.2887210	6	1384
227.759361	16	1361
77.0945549	6	1387
94.8145389	6	1385
228.411197	16	1364
84.7783088	6	1389
83.9104652	6	1390
101.962566	6	1388
89.5462036	6	1391
84.7294330	6	1392
87.1875286	6	1393
79.4863700	6	1395
227.415323	16	1372
89.5934104	6	1396
82.8170776	6	1398
227.468729	16	1375
82.6816558	6	1399
92.0314788	6	1400
86.6959095	6	1401
84.2912197	6	1402
89.7512435	6	1403
84.4767093	6	1404
79.1850090	6	1406
228.885173	16	1383
77.8577327	6	1407
82.1239948	6	1409
228.678226	16	1386
78.0291557	6	1411
88.5379314	6	1410
95.6571102	6	1412
76.7920017	6	1415
90.0127887	6	1413
96.0099697	6	1414
78.1595706	6	1417
228.416919	16	1394
83.3208560	6	1418
79.7057151	6	1420
227.226018	16	1397
78.3910751	6	1422
92.4921035	6	1421
84.3467712	6	1423
87.3897075	6	1425
83.3046436	6	1426
98.9408493	6	1424
228.070974	16	1405
86.2290859	6	1428
81.8872451	6	1429
79.4634819	6	1431
228.517770	16	1408
79.3044567	6	1432
86.7786407	6	1434
96.7848300	6	1433
78.3519744	6	1436
89.5197391	6	1435
84.9814414	6	1437
79.7541141	6	1439
228.549718	16	1416
85.7105255	6	1440
80.4772377	6	1442
228.300809	16	1419
79.1032314	6	1443
78.6647796	6	1444
93.9414501	6	1445
87.5422954	6	1446
84.9421024	6	1447
84.1574668	6	1448
80.3699493	6	1450
228.291034	16	1427
79.3881416	6	1451
79.1032314	6	1453
227.354288	16	1430
79.6344280	6	1454
77.6207447	6	1455
78.5307884	6	1456
92.0350551	6	1457
86.8129730	6	1458
91.0122394	6	1459
81.3558101	6	1461
227.828979	16	1438
79.3759822	6	1462
79.3178081	6	1464
228.804588	16	1441
79.6856880	6	1465
80.4467201	6	1466
79.1728496	6	1467
79.6399116	6	1468
90.9209251	6	1469
89.3599987	6	1470
229.330778	16	1449
79.9815654	6	1473
90.2295112	6	1472
77.6996612	6	1475
228.661298	16	1452
79.8385143	6	1476
81.6562175	6	1477
81.5362930	6	1479
88.8373851	6	1478
81.7046165	6	1480
80.4200172	6	1483
228.334903	16	1460
100.038528	6	1481
83.0338001	6	1484
228.045940	16	1463
86.5395069	6	1486
80.9078216	6	1487
85.7729911	6	1488
78.3989429	6	1490
95.9401130	6	1489
79.6909332	6	1492
90.7337665	6	1491
228.410720	16	1471
93.0545330	6	1494
90.7080173	6	1495
79.4351100	6	1497
228.044271	16	1474
90.6543731	6	1498
80.9452533	6	1500
91.5827751	6	1499
86.6773128	6	1502
87.3391628	6	1503
104.768991	6	1501
87.4443054	6	1505
228.501319	16	1482
89.2784595	6	1506
86.4205360	6	1508
80.4476737	6	1509
228.414297	16	1485
90.8753871	6	1510
80.3892612	6	1513
101.778268	6	1511
96.0381031	6	1512
94.3403244	6	1514
228.944540	16	1493
88.2050991	6	1516
93.6784744	6	1517
79.4603824	6	1520
86.2727165	6	1519
228.786468	16	1496
82.5080871	6	1521
91.7825698	6	1522
79.5087814	6	1524
101.383686	6	1523
89.4262790	6	1525
228.163242	16	1504
87.9433155	6	1527
87.3820781	6	1528
228.234767	16	1507
85.1731300	6	1531
80.9414386	6	1532
83.6689472	6	1533
102.941274	6	1530
92.5986766	6	1534
79.8182487	6	1536
87.8715515	6	1535
228.241443	16	1515
82.9169750	6	1538
88.3858203	6	1539
81.7160606	6	1541
228.754520	16	1518
84.9862098	6	1543
80.9724330	6	1544
100.584983	6	1542
77.0151615	6	1546
85.2990150	6	1547
99.0383625	6	1545
77.0003795	6	1549
228.910207	16	1526
84.6102237	6	1550
228.526353	16	1529
86.2166881	6	1552
82.8659534	6	1553
86.0478878	6	1555
94.3937301	6	1554
89.2663002	6	1556
84.8398208	6	1557
92.5669670	6	1558
80.2478790	6	1560
228.272438	16	1537
77.5687694	6	1561
78.3350467	6	1563
228.968858	16	1540
80.5950164	6	1565
88.8440608	6	1564
85.2015018	6	1567
80.9645652	6	1568
82.4584960	6	1569
100.990295	6	1566
229.242563	16	1548
84.5515727	6	1571
81.4437866	6	1572
78.1538486	6	1574
228.496551	16	1551
92.2465324	6	1575
88.4828567	6	1576
83.2638740	6	1577
91.4881229	6	1578
79.6873569	6	1580
87.3734951	6	1579
78.1111717	6	1582
228.584527	16	1559
82.8936100	6	1583
78.6287784	6	1585
228.601694	16	1562
78.9351463	6	1586
79.2021751	6	1589
89.0564918	6	1588
95.2439308	6	1587
91.6323661	6	1590
85.7105255	6	1591
77.6588916	6	1593
227.505683	16	1570
77.7266025	6	1594
77.6500701	6	1596
228.475570	16	1573
77.6669979	6	1597
79.7781944	6	1598
78.2489776	6	1601
88.2110595	6	1600
96.6331958	6	1599
90.2338027	6	1602
77.9340267	6	1604
227.644443	16	1581
77.0697593	6	1605
78.5627365	6	1607
229.302883	16	1584
77.8930187	6	1608
78.0303478	6	1609
80.2865028	6	1610
79.5843601	6	1613
89.2181396	6	1612
96.8821048	6	1611
227.900743	16	1592
80.6596279	6	1616
86.7068767	6	1615
78.2628059	6	1618
228.591680	16	1595
80.4889202	6	1619
79.9856185	6	1620
80.3496837	6	1621
86.6582393	6	1622
90.6424522	6	1623
77.8939723	6	1626
92.5309658	6	1624
228.307008	16	1603
87.4271392	6	1627
77.9786109	6	1629
76.6501426	6	1630
229.290008	16	1606
79.0512561	6	1631
77.5315761	6	1632
77.7680873	6	1633
84.3267440	6	1634
89.3020629	6	1635
228.176832	16	1614
82.2348594	6	1637
78.2582759	6	1638
80.6310176	6	1640
227.502584	16	1617
79.8707008	6	1641
78.7329673	6	1642
79.5865058	6	1643
80.6388854	6	1644
82.8323364	6	1645
86.8935585	6	1646
227.582693	16	1625
86.5421295	6	1648
84.6655368	6	1649
79.4262886	6	1651
227.566719	16	1628
83.0757617	6	1652
79.6711444	6	1653
79.0386199	6	1654
79.9355506	6	1655
81.3627243	6	1656
84.0532779	6	1657
82.2455883	6	1659
227.229595	16	1636
85.1030349	6	1660
78.4583091	6	1662
228.206396	16	1639
81.3398361	6	1663
78.9654254	6	1665
89.3828868	6	1664
82.4887752	6	1666
83.3432674	6	1667
83.3730697	6	1668
80.1832675	6	1670
227.676391	16	1647
84.3703746	6	1671
82.6578140	6	1673
229.173898	16	1650
81.8309783	6	1674
83.9116573	6	1675
80.0960063	6	1677
90.0189876	6	1676
83.8038921	6	1678
83.6482048	6	1679
77.7733325	6	1681
227.875709	16	1658
85.7281684	6	1682
79.1916847	6	1684
229.390621	16	1661
82.0221900	6	1685
84.8481655	6	1686
81.8355083	6	1687
79.1122913	6	1689
77.1183967	6	1690
92.4582481	6	1688
78.2887935	6	1692
227.705478	16	1669
76.8964290	6	1693
78.7000656	6	1695
228.153228	16	1672
79.2982578	6	1696
82.6787948	6	1697
79.4243812	6	1699
89.4377231	6	1698
85.9231948	6	1700
87.2952938	6	1701
77.3606300	6	1703
227.675676	16	1680
78.7143707	6	1704
78.3948898	6	1706
229.183435	16	1683
79.6797275	6	1707
78.8745880	6	1708
83.3685398	6	1709
78.8128376	6	1711
89.7450447	6	1710
84.7129821	6	1712
82.0019245	6	1714
228.233098	16	1691
77.4066448	6	1715
78.0751705	6	1717
228.093385	16	1694
79.9112319	6	1718
79.6630382	6	1719
80.2021026	6	1720
84.0783119	6	1721
81.1805725	6	1723
90.9535884	6	1722
80.2628993	6	1725
228.032827	16	1702
83.8904380	6	1726
78.9201259	6	1728
80.0745487	6	1729
229.479074	16	1705
82.2200775	6	1730
83.1148624	6	1731
83.3535194	6	1732
86.6179466	6	1733
90.1618003	6	1734
79.7948837	6	1736
227.514028	16	1713
82.1418762	6	1737
78.9816379	6	1739
78.8755416	6	1740
228.596210	16	1716
80.4564952	6	1741
80.9841156	6	1742
80.8234214	6	1743
82.6082229	6	1744
86.6291522	6	1745
82.2319984	6	1747
229.062080	16	1724
79.7960758	6	1748
76.7233371	6	1750
227.313995	16	1727
80.6252956	6	1751
79.6999931	6	1752
81.1645984	6	1753
82.5753211	6	1754
82.4990272	6	1755
84.1071605	6	1756
82.2403430	6	1758
228.982925	16	1735
84.8844051	6	1759
76.7171382	6	1761
228.588819	16	1738
85.2749347	6	1762
81.7749500	6	1763
80.5413722	6	1764
83.9016437	6	1765
84.6490859	6	1766
84.0601921	6	1767
78.3865451	6	1769
228.047847	16	1746
83.9691162	6	1770
79.3981552	6	1772
77.4359703	6	1773
227.273464	16	1749
87.5864028	6	1774
78.9477825	6	1776
89.7862911	6	1775
84.1615200	6	1777
84.7616195	6	1778
78.5336494	6	1780
228.348255	16	1757
79.0121555	6	1781
227.204084	16	1760
85.1695537	6	1783
79.9500942	6	1784
80.3537368	6	1785
88.5179042	6	1786
78.8607597	6	1788
89.2796516	6	1787
85.7918262	6	1789
82.4253559	6	1791
228.554010	16	1768
82.9501152	6	1792
77.1234035	6	1794
227.481365	16	1771
77.1553516	6	1797
88.0281925	6	1796
95.2868461	6	1795
89.6706581	6	1798
78.1996250	6	1800
91.2988185	6	1799
82.8154087	6	1802
228.038072	16	1779
77.8439044	6	1805
97.0304012	6	1803
228.672504	16	1782
81.5243721	6	1807
89.2558097	6	1806
84.2766761	6	1808
78.1009197	6	1810
97.1689224	6	1809
87.2964859	6	1811
82.5071334	6	1813
229.677677	16	1790
84.1119289	6	1814
79.4005393	6	1817
228.236675	16	1793
83.0056667	6	1818
81.9470882	6	1819
100.881814	6	1816
89.2848968	6	1820
84.2165946	6	1821
79.0119171	6	1824
227.756977	16	1801
96.7583656	6	1822
81.9549560	6	1825
76.5876770	6	1827
228.518009	16	1804
85.0899219	6	1828
89.3838405	6	1829
82.1087360	6	1831
77.4836540	6	1832
95.0849056	6	1830
87.3236656	6	1833
228.757858	16	1812
91.5820598	6	1835
89.2534255	6	1836
77.9535770	6	1838
227.521419	16	1815
82.1428298	6	1839
81.4340114	6	1841
78.5443782	6	1843
99.2910861	6	1840
90.5654430	6	1842
91.6087627	6	1844
227.901935	16	1823
94.1498279	6	1846
90.4014110	6	1847
79.6673297	6	1849
77.2900581	6	1850
228.776931	16	1826
83.8525295	6	1851
80.5909633	6	1853
89.5152091	6	1852
83.7409496	6	1854
79.6771049	6	1855
228.379964	16	1834
82.5197696	6	1857
227.657556	16	1837
94.0201282	6	1858
78.6104202	6	1861
86.1308574	6	1860
78.4621238	6	1864
91.2911891	6	1862
90.0223255	6	1863
81.2864303	6	1865
80.2941322	6	1866
77.2154331	6	1868
228.783130	16	1845
83.8463306	6	1869
228.888511	16	1848
82.1108818	6	1872
90.7173156	6	1871
91.0067558	6	1873
89.8683071	6	1874
83.8341712	6	1875
79.4699192	6	1876
78.0229568	6	1877
77.9139995	6	1879
229.198217	16	1856
77.1851539	6	1882
93.4634208	6	1880
227.815628	16	1859
81.8855762	6	1884
93.2459831	6	1883
80.5890560	6	1885
79.3070793	6	1887
89.6861553	6	1886
79.0951251	6	1888
77.8892040	6	1890
227.615833	16	1867
78.7820816	6	1891
227.642059	16	1870
78.7327289	6	1894
88.4084701	6	1893
82.0767879	6	1896
80.4152488	6	1897
93.7981605	6	1895
91.5298461	6	1898
78.9675712	6	1901
95.4425334	6	1899
77.7089595	6	1902
228.690624	16	1878
78.4554481	6	1904
227.856636	16	1881
79.0238380	6	1906
88.7274742	6	1905
84.6946239	6	1908
76.9445896	6	1910
83.4064483	6	1909
96.2994098	6	1907
228.047370	16	1889
81.1982154	6	1913
90.9745693	6	1912
80.8913707	6	1915
229.105234	16	1892
80.4541110	6	1916
81.0711383	6	1918
89.3342494	6	1917
94.7556495	6	1919
84.1822624	6	1921
97.3758697	6	1920
78.9861679	6	1923
227.676153	16	1900
85.5522155	6	1924
80.4033279	6	1926
227.972507	16	1903
82.6056003	6	1927
80.9261798	6	1928
89.2837047	6	1929
78.3410072	6	1931
97.6824760	6	1930
89.7336006	6	1932
228.907108	16	1911
80.7545185	6	1935
87.2492790	6	1934
228.866577	16	1914
82.8335285	6	1938
83.5292339	6	1939
96.4665412	6	1937
82.9029083	6	1940
77.8937339	6	1943
93.7604904	6	1941
92.0791625	6	1942
80.2204608	6	1945
228.038072	16	1922
89.1654491	6	1946
77.5868892	6	1948
228.617668	16	1925
83.4043025	6	1950
95.3783988	6	1949
82.8230381	6	1951
83.2393169	6	1952
84.4495296	6	1954
92.9443836	6	1953
80.9783935	6	1956
228.304386	16	1933
81.0501575	6	1957
227.570295	16	1936
83.5392475	6	1959
87.1853828	6	1960
85.4797363	6	1963
98.9019870	6	1961
92.4355983	6	1962
80.0559520	6	1964
89.4246101	6	1965
78.2356262	6	1967
228.390932	16	1944
81.1216831	6	1968
228.051662	16	1947
83.5559368	6	1970
83.2135677	6	1971
88.0236625	6	1972
90.1625156	6	1973
84.7518444	6	1974
79.6842575	6	1976
87.5875949	6	1975
227.649927	16	1955
83.6646556	6	1978
82.8902721	6	1979
76.9636631	6	1981
227.914810	16	1958
83.3165645	6	1982
78.7241458	6	1984
83.6822986	6	1985
100.086688	6	1983
80.1732540	6	1987
94.0294265	6	1986
76.7726898	6	1989
227.995634	16	1966
85.9587192	6	1990
77.9602527	6	1992
227.837800	16	1969
78.1009197	6	1993
79.9770355	6	1996
97.8591442	6	1994
93.3234691	6	1995
84.5656394	6	1997
82.6609134	6	1998
77.6851177	6	2001
227.508783	16	1977
86.1723423	6	2000
80.7404518	6	2003
227.741003	16	1980
80.0626277	6	2004
91.0470485	6	2005
93.1427478	6	2006
81.0594558	6	2008
81.1512470	6	2009
95.1452255	6	2007
77.0897865	6	2011
227.384805	16	1988
85.7152938	6	2012
81.7587375	6	2014
228.064775	16	1991
81.7019939	6	2015
81.0747146	6	2016
81.1226367	6	2019
96.3091850	6	2017
95.7405567	6	2018
77.9998302	6	2022
90.2483463	6	2020
227.897405	16	1999
94.4635868	6	2023
82.7221870	6	2025
228.003978	16	2002
77.2809982	6	2027
89.7753238	6	2026
77.7754783	6	2029
100.836515	6	2028
84.0802192	6	2031
98.7663269	6	2030
227.940797	16	2010
79.1716575	6	2034
89.0500545	6	2033
228.338718	16	2013
85.1628780	6	2036
82.5400352	6	2037
84.1794013	6	2038
84.5708847	6	2039
84.0561389	6	2040
92.7116870	6	2041
88.0682468	6	2042
227.803707	16	2021
84.5015048	6	2044
84.3145847	6	2045
78.4854888	6	2047
229.614019	16	2024
84.5344066	6	2048
100.536823	6	2051
107.520341	6	2050
114.615678	6	2049
96.0021018	6	2052
91.8307304	6	2053
228.818655	16	2032
81.1507701	6	2055
84.3935012	6	2056
78.1555175	6	2058
228.586912	16	2035
77.4679183	6	2059
78.6316394	6	2061
93.0070877	6	2060
227.839708	16	2043
80.1565647	6	2062
78.1834125	6	2063
228.281259	16	2046
83.5418701	6	2064
80.5025100	6	2066
83.0419063	6	2067
82.0984840	6	2069
80.2006721	6	2070
80.0709724	6	2071
84.4142436	6	2072
227.648258	16	2054
83.7333202	6	2073
82.9024314	6	2074
228.111982	16	2057
84.9196910	6	2075
79.6642303	6	2077
83.7054252	6	2078
79.0014266	6	2080
79.3006420	6	2082
88.5164737	6	2081
82.3194980	6	2083
80.2493095	6	2085
93.0259227	6	2084
85.5782032	6	2086
81.2218189	6	2088
227.528572	16	2065
82.0422172	6	2089
80.4162025	6	2091
227.726459	16	2068
81.0878276	6	2092
88.4852409	6	2093
83.4362506	6	2094
87.1806144	6	2095
89.9863243	6	2096
85.3018760	6	2097
80.8849334	6	2099
228.133201	16	2076
83.9095115	6	2100
78.0308246	6	2102
228.357553	16	2079
81.1741352	6	2103
83.5402011	6	2104
83.9078426	6	2106
79.7953605	6	2107
98.9294052	6	2105
82.7660560	6	2110
96.1370468	6	2108
227.980852	16	2087
82.2801589	6	2111
78.7830352	6	2113
227.460861	16	2090
77.4302482	6	2114
77.5279998	6	2117
91.9106006	6	2115
89.7135734	6	2116
84.4888687	6	2118
86.0717296	6	2119
228.293657	16	2098
84.9406719	6	2121
82.4387073	6	2122
77.7146816	6	2124
229.194641	16	2101
78.7482261	6	2125
77.3646831	6	2126
83.4877490	6	2128
79.7030925	6	2129
95.0589179	6	2127
83.4558010	6	2130
78.5415172	6	2132
227.904796	16	2109
85.4752063	6	2133
76.4985084	6	2135
76.3251781	6	2136
230.045080	16	2112
79.0734291	6	2137
77.5041580	6	2138
83.3046436	6	2140
78.6156654	6	2141
97.2106456	6	2139
78.9082050	6	2143
227.766275	16	2120
79.5910358	6	2144
79.8087120	6	2146
229.745626	16	2123
77.6176452	6	2147
78.1757831	6	2148
79.1399478	6	2149
78.3269405	6	2150
84.7706794	6	2152
92.6330089	6	2151
78.1309604	6	2154
228.285789	16	2131
79.2069435	6	2155
78.3677101	6	2157
228.576898	16	2134
80.8100700	6	2158
78.1767368	6	2159
79.7598361	6	2160
78.7937641	6	2161
77.4300098	6	2162
89.2841815	6	2163
77.9850482	6	2165
227.710247	16	2142
84.9101543	6	2166
80.9125900	6	2168
228.233575	16	2145
78.0072212	6	2169
78.6683559	6	2171
85.8876705	6	2170
78.3541202	6	2172
79.6709060	6	2173
78.4561634	6	2174
227.996110	16	2153
77.7361392	6	2177
86.0335826	6	2176
78.8581371	6	2179
227.882146	16	2156
81.1691284	6	2180
76.6801834	6	2181
78.0401229	6	2183
85.6599807	6	2182
78.8896083	6	2184
79.0927410	6	2185
77.7673721	6	2187
228.607654	16	2164
83.8475227	6	2188
78.5033702	6	2190
227.783441	16	2167
78.8466930	6	2191
82.3621749	6	2192
82.7395915	6	2193
84.4645500	6	2194
79.7138214	6	2195
80.1389217	6	2196
78.1550407	6	2198
228.520631	16	2175
78.2277584	6	2199
79.0946483	6	2201
227.286577	16	2178
79.2543888	6	2202
82.2470188	6	2203
77.3749351	6	2205
90.1849269	6	2204
79.8692703	6	2207
86.9715213	6	2206
78.4730911	6	2209
227.759838	16	2186
80.1513195	6	2210
77.0931243	6	2212
228.705883	16	2189
79.8811912	6	2213
80.4464817	6	2214
81.6249847	6	2215
77.3699283	6	2217
88.8881683	6	2216
85.7357978	6	2218
76.5759944	6	2220
228.306770	16	2197
77.4989128	6	2221
80.2788734	6	2223
228.455543	16	2200
76.8892765	6	2224
78.7215232	6	2225
78.8841247	6	2226
81.3376903	6	2227
84.2051506	6	2228
82.8466415	6	2229
78.9589881	6	2231
229.095220	16	2208
77.8837203	6	2232
79.1735649	6	2234
229.461908	16	2211
82.1950435	6	2235
79.9469947	6	2236
80.7499885	6	2237
80.5270671	6	2238
82.9644203	6	2239
85.8821868	6	2240
77.0051479	6	2242
228.124856	16	2219
80.4290771	6	2243
78.4270763	6	2245
228.611707	16	2222
81.0163021	6	2246
83.6570262	6	2247
81.3703536	6	2248
81.6669464	6	2249
84.4507217	6	2250
83.4619998	6	2251
81.0768604	6	2253
227.525472	16	2230
79.1823863	6	2254
77.2023200	6	2256
227.467060	16	2233
80.1048278	6	2257
82.2474956	6	2258
79.5633792	6	2260
88.8667106	6	2259
83.3868980	6	2261
85.9384536	6	2262
81.0165405	6	2264
228.190422	16	2241
84.3830108	6	2265
78.4480571	6	2267
77.1939754	6	2268
229.197740	16	2244
80.2693367	6	2269
82.2699069	6	2270
86.6262912	6	2271
83.2898616	6	2272
84.2130184	6	2273
80.9111595	6	2275
227.122068	16	2252
78.3469676	6	2276
77.0971775	6	2278
227.820873	16	2255
77.5926113	6	2279
77.1121978	6	2280
78.9585113	6	2281
80.1920890	6	2282
84.5727920	6	2283
81.5563201	6	2284
77.4300098	6	2286
227.701425	16	2263
78.6604881	6	2287
78.2687664	6	2289
228.990077	16	2266
77.7528285	6	2290
78.1333446	6	2291
78.4649848	6	2292
80.8806419	6	2293
81.7530155	6	2294
86.8117809	6	2295
77.7823925	6	2297
227.960824	16	2274
79.2105197	6	2298
77.5284767	6	2300
227.730512	16	2277
81.0341835	6	2301
80.6558132	6	2302
81.4223289	6	2303
83.2519531	6	2304
84.6922397	6	2305
84.2330455	6	2306
82.5529098	6	2308
77.9535770	6	2309
227.967977	16	2285
77.1703720	6	2311
78.8013935	6	2312
228.734016	16	2288
82.0913314	6	2313
82.2029113	6	2314
83.6520195	6	2315
83.5654735	6	2316
84.8548412	6	2317
77.5632858	6	2319
228.134870	16	2296
83.2517147	6	2320
77.7111053	6	2322
228.733777	16	2299
79.2198181	6	2323
84.7585201	6	2324
76.8661499	6	2326
78.0320167	6	2327
96.3449478	6	2325
85.2074623	6	2328
83.2483768	6	2330
227.880477	16	2307
79.7190666	6	2331
77.6841640	6	2333
227.962732	16	2310
78.4678459	6	2334
80.0926685	6	2335
86.2319469	6	2336
85.0186347	6	2337
84.6848487	6	2338
79.0166854	6	2341
92.9949283	6	2339
228.806257	16	2318
83.1761360	6	2342
77.6495933	6	2344
228.063821	16	2321
78.6004066	6	2345
79.4537067	6	2346
81.3500881	6	2347
88.4563922	6	2348
85.3660106	6	2349
86.6727828	6	2350
227.997779	16	2329
79.2529582	6	2353
88.1991386	6	2352
78.2420635	6	2355
228.163480	16	2332
80.3985595	6	2356
81.3000202	6	2357
77.0652294	6	2360
92.8707122	6	2358
89.3323421	6	2359
92.9675102	6	2361
83.3601951	6	2363
227.984666	16	2340
89.3459320	6	2364
79.6053409	6	2366
228.064775	16	2343
80.8215141	6	2367
82.7302932	6	2368
79.1866779	6	2370
95.0765609	6	2369
79.2667865	6	2372
89.4386768	6	2371
89.2443656	6	2374
231.433629	16	2351
86.0559940	6	2375
79.0765285	6	2378
87.2478485	6	2377
228.535890	16	2354
81.3279151	6	2381
94.9628353	6	2379
92.1192169	6	2380
81.0353755	6	2382
88.2353782	6	2383
83.6024284	6	2385
228.259563	16	2362
85.3397846	6	2386
80.9147357	6	2388
227.191686	16	2365
81.6047191	6	2390
87.7349376	6	2389
87.9297256	6	2392
97.2685813	6	2391
81.3097953	6	2394
92.6454067	6	2393
82.9243659	6	2396
228.754520	16	2373
83.1906795	6	2397
79.3886184	6	2399
228.011369	16	2376
82.3941230	6	2400
87.4962806	6	2401
81.8324089	6	2402
83.5871696	6	2404
83.9207172	6	2405
97.8779792	6	2403
79.8645019	6	2407
228.297710	16	2384
81.9046497	6	2408
77.8374671	6	2410
227.422952	16	2387
77.3949623	6	2413
95.9510803	6	2411
81.9041728	6	2414
80.6035995	6	2415
104.244709	6	2412
85.5946540	6	2416
228.164434	16	2395
82.7345848	6	2419
92.0979976	6	2418
78.4521102	6	2421
227.990627	16	2398
79.9677371	6	2422
91.5482044	6	2423
87.3281955	6	2424
84.9790573	6	2425
77.8653621	6	2427
90.5573368	6	2426
78.7217617	6	2429
228.145599	16	2406
88.4575843	6	2430
79.5214176	6	2432
227.789878	16	2409
77.6538848	6	2433
79.8556804	6	2434
84.3358039	6	2437
90.9295082	6	2436
100.080728	6	2435
90.4161930	6	2438
78.3579349	6	2440
228.070974	16	2417
80.3108215	6	2441
228.620529	16	2420
82.5335979	6	2443
79.4663429	6	2444
78.4385204	6	2445
79.5783996	6	2446
97.4335670	6	2447
87.8732204	6	2449
94.5098400	6	2448
228.248119	16	2428
79.4439315	6	2452
96.3590145	6	2451
227.862596	16	2431
88.9801979	6	2454
85.0648880	6	2455
81.7103385	6	2456
81.4268589	6	2457
82.0512771	6	2458
87.3038768	6	2459
84.5165252	6	2460
227.612733	16	2439
78.2070159	6	2463
92.4036502	6	2462
228.621244	16	2442
78.7124633	6	2466
96.7695713	6	2465
78.7093639	6	2468
86.8732929	6	2467
81.1076164	6	2469
84.5139026	6	2470
77.6216983	6	2473
92.1063423	6	2471
227.814435	16	2450
84.5901966	6	2474
81.1967849	6	2476
235.279798	16	2453
87.3861312	6	2477
94.2485332	6	2478
83.3735466	6	2480
90.3425216	6	2479
77.3642063	6	2482
90.2085304	6	2481
228.677272	16	2461
86.5197181	6	2484
85.5212211	6	2485
80.5475711	6	2487
228.353977	16	2464
83.3244323	6	2488
88.2887840	6	2490
99.9772548	6	2489
81.0606479	6	2492
78.0637264	6	2493
90.4896259	6	2491
79.9560546	6	2495
228.267669	16	2472
88.0472660	6	2496
80.4169178	6	2498
227.765321	16	2475
80.5797576	6	2499
82.4403762	6	2500
83.8041305	6	2503
95.6196784	6	2502
83.9202404	6	2504
113.866806	6	2501
227.524757	16	2483
79.3645381	6	2507
85.8523845	6	2506
81.4461708	6	2509
227.923154	16	2486
80.8620452	6	2510
81.1817646	6	2511
90.2163982	6	2512
87.6178741	6	2513
91.4931297	6	2514
77.9073238	6	2517
97.6028442	6	2515
228.584289	16	2494
83.9090347	6	2518
77.7201652	6	2520
227.241992	16	2497
81.4297199	6	2522
83.0245018	6	2523
96.9314575	6	2521
84.7043991	6	2525
81.7403793	6	2526
102.281093	6	2524
78.0575275	6	2528
77.3282051	6	2529
228.288650	16	2505
78.3617496	6	2531
227.227926	16	2508
78.3591270	6	2532
82.2212696	6	2534
82.1061134	6	2535
97.6696014	6	2533
90.5508995	6	2536
88.7360572	6	2537
227.739572	16	2516
82.5667381	6	2539
77.1396160	6	2540
79.8187255	6	2542
228.037118	16	2519
78.4456729	6	2543
89.9059772	6	2544
82.1022987	6	2546
90.1572704	6	2545
83.1444263	6	2547
91.2439823	6	2548
81.5513134	6	2550
229.080200	16	2527
84.5637321	6	2551
77.9800415	6	2553
228.119134	16	2530
79.8263549	6	2554
79.4138908	6	2555
88.6697769	6	2557
82.4408531	6	2558
78.1512260	6	2559
100.436687	6	2556
228.379487	16	2538
81.6836357	6	2562
87.8791809	6	2561
77.2719383	6	2564
76.5011310	6	2565
228.708505	16	2541
79.8799991	6	2566
78.9694786	6	2567
89.5471572	6	2568
81.5470218	6	2570
91.4304256	6	2569
76.8589973	6	2572
227.899312	16	2549
87.0363712	6	2573
77.9991149	6	2575
77.3091316	6	2576
230.310678	16	2552
78.0062675	6	2577
80.9156894	6	2578
79.7877311	6	2579
90.0323390	6	2580
90.8975601	6	2581
78.8309574	6	2583
227.715969	16	2560
78.9761543	6	2584
81.4754962	6	2586
228.034973	16	2563
78.3004760	6	2587
78.4330368	6	2588
78.3648490	6	2589
81.6063880	6	2590
79.9820423	6	2591
89.4038677	6	2592
227.593898	16	2571
83.2383632	6	2594
78.9434909	6	2595
80.1706314	6	2597
228.751659	16	2574
83.2107067	6	2598
80.6508064	6	2599
80.2958011	6	2600
80.3658962	6	2601
82.8180313	6	2602
81.9671154	6	2603
228.296041	16	2582
78.5689353	6	2606
91.0301208	6	2605
77.7175426	6	2608
227.349519	16	2585
80.0304412	6	2609
77.8262615	6	2611
90.6286239	6	2610
80.5199146	6	2612
79.5528888	6	2613
83.3239555	6	2614
77.4085521	6	2616
228.524684	16	2593
85.6423377	6	2617
79.5600414	6	2619
228.645324	16	2596
77.5454044	6	2620
80.1861286	6	2621
78.7189006	6	2623
90.3241634	6	2622
82.1599960	6	2624
81.9723606	6	2625
80.2414417	6	2627
227.998733	16	2604
79.3232917	6	2628
82.2951793	6	2630
227.500677	16	2607
82.7479362	6	2631
80.5361270	6	2632
84.2268466	6	2633
88.0312919	6	2634
81.6340446	6	2636
90.9194946	6	2635
78.6895751	6	2638
228.064060	16	2615
82.1342468	6	2639
77.0127773	6	2641
227.874279	16	2618
91.3071632	6	2642
85.8008861	6	2643
77.4953365	6	2645
79.3898105	6	2646
99.7483730	6	2644
89.9085998	6	2647
80.7728767	6	2649
227.610349	16	2626
81.5179347	6	2650
78.6008834	6	2652
227.624654	16	2629
80.4491043	6	2653
83.4617614	6	2655
80.8298587	6	2656
98.3557701	6	2654
82.5638771	6	2658
94.7647094	6	2657
228.313922	16	2637
79.2818069	6	2661
92.4708843	6	2660
77.2771835	6	2663
227.137088	16	2640
77.9898166	6	2664
83.1658840	6	2665
89.8807048	6	2666
78.0954360	6	2668
87.5239372	6	2667
89.5457267	6	2669
83.2710266	6	2671
229.062318	16	2648
86.7395401	6	2672
80.9154510	6	2674
227.668762	16	2651
85.4468345	6	2675
79.6215534	6	2678
93.1565761	6	2676
90.0809764	6	2677
83.9650630	6	2679
79.2100429	6	2680
227.915525	16	2659
81.9211006	6	2682
82.3040008	6	2683
80.8274745	6	2685
228.475093	16	2662
84.1810703	6	2686
77.8925418	6	2688
96.3954925	6	2687
84.3982696	6	2689
81.9842815	6	2690
83.5843086	6	2691
80.1439285	6	2693
227.242231	16	2670
82.7820301	6	2694
77.1572589	6	2696
227.985143	16	2673
82.0941925	6	2697
89.3020629	6	2698
85.9463214	6	2699
90.6391143	6	2700
78.8679122	6	2702
90.4798507	6	2701
77.9745578	6	2704
227.639675	16	2681
81.8357467	6	2705
79.5800685	6	2707
77.9659748	6	2708
229.125261	16	2684
85.2885246	6	2709
85.6778621	6	2711
94.2728519	6	2710
87.5532627	6	2713
93.7395095	6	2712
78.1321525	6	2715
227.942466	16	2692
78.4711837	6	2716
77.4407386	6	2718
227.685213	16	2695
79.6818733	6	2719
88.1967544	6	2720
80.1310539	6	2722
92.3969745	6	2721
80.2233219	6	2724
99.6351242	6	2723
81.2091827	6	2726
228.150844	16	2703
80.9781551	6	2727
78.1950950	6	2729
228.832960	16	2706
79.8006057	6	2730
89.1368389	6	2731
83.3270549	6	2733
80.8670520	6	2734
99.8120307	6	2732
81.0956954	6	2735
229.589223	16	2714
83.1401348	6	2738
92.4429893	6	2737
77.9244899	6	2740
227.553606	16	2717
78.6354541	6	2741
79.1885852	6	2742
87.9821777	6	2743
90.6872749	6	2744
81.1996459	6	2746
77.4562358	6	2748
99.9333858	6	2745
227.715253	16	2725
90.4252529	6	2749
81.0630321	6	2751
227.817058	16	2728
77.8496265	6	2752
78.8788795	6	2753
81.5839767	6	2754
90.7044410	6	2755
85.8585834	6	2756
90.6269550	6	2757
227.736949	16	2736
85.2203369	6	2759
82.1130275	6	2760
227.702617	16	2739
85.5863094	6	2762
80.9731483	6	2763
77.5113105	6	2764
78.5419940	6	2765
77.0516395	6	2767
82.8757286	6	2768
97.1765518	6	2766
229.158878	16	274785.5724811	6	2770

85.6947898	6	2771
76.5767097	6	2773
229.954957	16	2750
86.4930152	6	2774
82.3228359	6	2775
79.2531967	6	2776
80.4181098	6	2777
84.5415592	6	2778
92.1804904	6	2779
81.9859504	6	2781
228.092432	16	2758
87.3591899	6	2782
81.1862945	6	2784
229.124546	16	2761
79.2148113	6	2785
82.4646949	6	2787
90.2769565	6	2786
82.6971530	6	2788
81.9032192	6	2789
86.4994525	6	2790
228.806495	16	2769
81.2640190	6	2793
89.0443325	6	2792
83.3303928	6	2795
229.280710	16	2772
76.5933990	6	2797
87.0592594	6	2796
84.8383903	6	2799
91.4163589	6	2798
83.7037563	6	2800
82.5777053	6	2801
79.5102119	6	2803
227.919816	16	2780
87.0292186	6	2804
79.0462493	6	2806
227.790594	16	2783
83.2235813	6	2807
77.1009922	6	2809
88.1741046	6	2808
85.5898857	6	2811
91.6252136	6	2810
85.0460529	6	2812
77.4734020	6	2814
227.144718	16	2791
80.8284282	6	2815
228.544235	16	2794
83.2147598	6	2817
80.0123214	6	2818
77.9533386	6	2820
96.4100360	6	2819
87.7964496	6	2821
91.4840698	6	2822
85.2220058	6	2823
77.7978897	6	2825
77.0840644	6	2826
228.868484	16	2802
77.7211189	6	2828
228.039026	16	2805
80.2395343	6	2830
89.4920825	6	2829
91.2041664	6	2831
91.2005901	6	2832
82.4680328	6	2834
94.3531990	6	2833
80.8296203	6	2836
228.541612	16	2813
79.4050693	6	2837
79.4892311	6	2839
76.7555236	6	2840
228.518962	16	2816
89.4584655	6	2841
82.8740596	6	2842
90.8350944	6	2843
84.6071243	6	2845
94.8307514	6	2844
81.0065269	6	2847
227.905988	16	2824
79.4219970	6	2848
77.5706768	6	2850
228.185653	16	2827
80.0733566	6	2851
77.2008895	6	2852
91.3782119	6	2854
97.5308418	6	2853
90.4877185	6	2855
84.5339298	6	2856
228.560924	16	2835
83.5061073	6	2858
82.2901725	6	2859
78.3205032	6	2861
227.909326	16	2838
78.0665874	6	2862
80.6081295	6	2863
76.5950679	6	2864
89.0827178	6	2865
84.8124027	6	2867
78.0358314	6	2869
95.9229469	6	2866
228.305101	16	2846
86.4758491	6	2870
228.267431	16	2849
84.9635601	6	2872
78.4740447	6	2873
78.9201259	6	2874
81.2990665	6	2875
84.6674442	6	2876
88.1450176	6	2877
84.7072601	6	2878
228.374719	16	2857
77.7292251	6	2881
92.6413536	6	2880
79.8738002	6	2883
227.812051	16	2860
85.1769447	6	2884
80.6331634	6	2885
78.8097381	6	2886
80.7545185	6	2887
85.0017070	6	2888
89.9369716	6	2889
77.8498649	6	2891
228.767633	16	2868
84.5007896	6	2892
80.0867080	6	2894
228.891611	16	2871
79.3697834	6	2895
84.4876766	6	2896
80.3608894	6	2897
78.6046981	6	2898
80.5652141	6	2899
83.4712982	6	2900
227.978467	16	2879
78.0239105	6	2903
84.6452713	6	2902
78.5539150	6	2905
227.837324	16	2882
80.3132057	6	2906
81.7196369	6	2907
79.3414115	6	2909
78.6948204	6	2910
90.9683704	6	2908
81.6960334	6	2911
78.4506797	6	2913
229.210138	16	2890
83.0628871	6	2914
228.029727	16	2893
76.5206813	6	2917
85.9091281	6	2916
79.2152881	6	2918
80.4595947	6	2919
79.4498920	6	2921
89.9343490	6	2920
78.7358283	6	2922
77.5964260	6	2924
229.311466	16	2901
77.6076316	6	2925
77.0921707	6	2927
228.520631	16	2904
86.3327980	6	2928
81.2406539	6	2929
80.6562900	6	2930
81.0151100	6	2931
78.6569118	6	2933
89.9515151	6	2932
78.4461498	6	2935
227.369546	16	2912
77.0366191	6	2936
78.6213874	6	2938
228.804588	16	2915
78.4020423	6	2939
80.0292491	6	2941
87.8224372	6	2940
79.5083045	6	2942
79.9040794	6	2943
85.1492881	6	2944
76.6007900	6	2946
227.696895	16	2923
77.8863430	6	2947
79.5388221	6	2949
228.052854	16	2926
78.7272453	6	2950
83.9562416	6	2951
87.2690677	6	2952
76.6475200	6	2954
87.4481201	6	2953
81.0718536	6	2955
78.4189701	6	2957
228.282213	16	2934
77.8398513	6	2958
78.4101486	6	2960
227.343082	16	2937
78.8214206	6	2961
77.5537490	6	2962
84.0215682	6	2963
85.6294631	6	2964
81.8312168	6	2965
80.0151824	6	2966
76.9493579	6	2968
228.165626	16	2945
78.3586502	6	2969
80.3129673	6	2971
227.644681	16	2948
77.6982307	6	2972
78.8486003	6	2973
77.6760578	6	2974
84.3973159	6	2975
81.2034606	6	2977
90.6634330	6	2976
77.5229930	6	2979
229.124784	16	2956
77.2023200	6	2980
79.1597366	6	2982
227.949142	16	2959
81.6874504	6	2983
78.9623260	6	2984
78.6173343	6	2985
77.6350498	6	2986
78.0584812	6	2988
92.5552845	6	2987
78.7887573	6	2990
229.045152	16	2967
79.7972679	6	2991
79.3254375	6	2993
228.359222	16	2970
79.9629688	6	2994
81.0718536	6	2995
79.8723697	6	2996
80.0931453	6	2997
77.8589248	6	2998
85.6587886	6	2999
79.3516635	6	3001
227.912664	16	2978
77.9304504	6	3002
80.9950828	6	3004
228.245735	16	2981
78.1977176	6	3005
79.4191360	6	3006
79.7543525	6	3007
78.5579681	6	3008
78.7360668	6	3009
77.1749019	6	3010
78.5379409	6	3012
228.027582	16	2989
80.0106525	6	3013
78.9299011	6	3015
228.473186	16	2992
80.8980464	6	3016
78.1378746	6	3017
80.9540748	6	3018
80.6450843	6	3019
78.6361694	6	3020
80.0466537	6	3021
78.4814357	6	3023
228.041887	16	3000
81.0668468	6	3024
77.1410465	6	3026
228.286981	16	3003
80.7278156	6	3027
82.8053951	6	3028
79.4081687	6	3029
81.7229747	6	3030
81.3806056	6	3031
78.4447193	6	3032
78.0091285	6	3034
228.197097	16	3011
78.8333415	6	3035
77.3484706	6	3037
227.775573	16	3014
78.8481235	6	3038
81.6371440	6	3039
77.6863098	6	3041
87.1589183	6	3040
82.7488899	6	3042
82.7858448	6	3043
78.0222415	6	3045
228.109836	16	3022
77.3572921	6	3046
79.4315338	6	3048
227.469682	16	3025
77.3506164	6	3049
80.7261466	6	3050
83.1255912	6	3051
84.4779014	6	3052
81.0089111	6	3053
83.2319259	6	3054
77.4643421	6	3056
228.376388	16	3033
78.4471035	6	3057
78.7324905	6	3059
228.469848	16	3036
79.6205997	6	3060
77.5208473	6	3061
83.3661556	6	3062
81.5153121	6	3063
86.5671634	6	3064
84.1746330	6	3065
76.8876075	6	3067
227.856397	16	3044
77.5523185	6	3068
78.7911415	6	3070
229.059219	16	3047
80.0545215	6	3071
79.9291133	6	3072
77.8369903	6	3073
83.5011005	6	3074
78.3088207	6	3075
87.4295234	6	3076
78.7479877	6	3078
228.637218	16	3055
78.5281658	6	3079
80.2688598	6	3081
228.735446	16	3058
80.2018642	6	3082
80.6198120	6	3083
81.9528102	6	3084
79.9665451	6	3085
80.1918506	6	3087
86.9030952	6	3086
82.9973220	6	3089
228.228569	16	3066
81.2547206	6	3090
77.2583484	6	3092
228.022336	16	3069
83.4665298	6	3093
76.5409469	6	3095
88.7494087	6	3094
83.1356048	6	3096
81.6998481	6	3097
86.4186286	6	3098
76.5364170	6	3100
227.887868	16	3077
83.8658809	6	3101
76.9207477	6	3103
78.5424709	6	3104
228.301048	16	3080
83.5041999	6	3105
83.9271545	6	3106
83.3041667	6	3107
77.8467655	6	3109
88.5961055	6	3108
81.1421871	6	3111
228.193759	16	3088
78.1106948	6	3112
78.9339542	6	3114
229.792594	16	3091
85.2847099	6	3115
79.2324542	6	3116
77.6546001	6	3118
91.1383628	6	3117
83.2834243	6	3119
85.6983661	6	3120
78.5381793	6	3122
228.356122	16	3099
83.7678909	6	3123
78.2437324	6	3125
228.071451	16	3102
79.3991088	6	3126
85.9837532	6	3127
81.3558101	6	3128
81.3727378	6	3130
91.9041633	6	3129
83.7857723	6	3131
79.0340900	6	3133
228.752851	16	3110
77.8572559	6	3134
78.8655281	6	3136
227.644681	16	3113
79.3879032	6	3137
80.3053379	6	3138
87.5875949	6	3139
82.9365253	6	3140
82.9486846	6	3142
92.3209190	6	3141
80.3959369	6	3144
228.754520	16	3121
81.8636417	6	3145
77.1598815	6	3147
229.722261	16	3124
80.1479816	6	3148
79.8366069	6	3149
81.2914371	6	3150
80.9593200	6	3152
89.2198085	6	3151
88.2420539	6	3153
79.5969963	6	3155
227.508306	16	3132
79.3042182	6	3156
76.8518447	6	3158
227.923870	16	3135
78.8991451	6	3159
80.4405212	6	3160
83.9412212	6	3161
80.6698799	6	3162
85.1426124	6	3163
81.5060138	6	3164
228.181362	16	3143
83.9996337	6	3166
82.3402404	6	3167
77.7287483	6	3169
229.738712	16	3146
78.3500671	6	3170
79.8881053	6	3171
81.2005996	6	3172
86.2815380	6	3173
82.0839405	6	3174
86.0795974	6	3175
76.9670009	6	3177
227.832794	16	3154
84.6366882	6	3178
77.5172710	6	3180
228.257179	16	3157
78.9842605	6	3181
80.3458690	6	3182
81.9220542	6	3183
84.4929218	6	3184
80.0793170	6	3186
88.2689952	6	3185
80.6512832	6	3188
227.712869	16	3165
88.6652469	6	3189
78.8483619	6	3191
227.536439	16	3168
78.0041217	6	3192
78.6957740	6	3193
79.7092914	6	3194
82.6201438	6	3195
87.1362686	6	3196
87.3310565	6	3197
76.9577026	6	3199
228.491783	16	3176
81.8264484	6	3200
83.0349922	6	3202
228.570222	16	3179
79.3590545	6	3203
78.8943767	6	3204
80.7521343	6	3205
81.7837715	6	3206
78.8023471	6	3208
95.7527160	6	3207
79.1833400	6	3211
228.131771	16	3187
86.8477821	6	3210
83.6315155	6	3213
227.947473	16	3190
86.3993167	6	3214
80.9030532	6	3215
80.8968544	6	3216
80.8434486	6	3217
81.3989639	6	3218
85.6606960	6	3219
82.6146602	6	3221
227.618455	16	3198
84.4142436	6	3222
78.2730579	6	3224
228.223800	16	3201
82.4420452	6	3225
79.8218250	6	3227
87.2814655	6	3226
80.2550315	6	3228
81.2318325	6	3229
82.4224948	6	3230
81.1796188	6	3232
229.273080	16	3209
84.2704772	6	3233
78.2823562	6	3235
227.935314	16	3212
79.5459747	6	3236
83.4481716	6	3237
79.3128013	6	3239
88.0591869	6	3238
83.3110809	6	3240
81.7668437	6	3241
77.4471759	6	3243
227.543592	16	3220
81.4011096	6	3244
77.8028964	6	3246
227.861404	16	3223
78.6247253	6	3247
79.5106887	6	3248
83.5871696	6	3249
86.6823196	6	3250
76.7786502	6	3252
90.1637077	6	3251
81.0868740	6	3254
228.299617	16	3231
79.5183181	6	3255
81.9411277	6	3257
229.613780	16	3234
80.3556442	6	3258
81.0980796	6	3259
82.0889472	6	3260
79.2822837	6	3262
91.8102264	6	3261
79.1068077	6	3265
94.0299034	6	3263
228.375196	16	3242
83.4686756	6	3266
78.1037807	6	3268
228.255510	16	3245
82.8139781	6	3269
83.6503505	6	3270
81.9029808	6	3271
88.5763168	6	3272
80.7797908	6	3274
92.2744274	6	3273
227.981090	16	3253
80.2009105	6	3277
86.6558551	6	3276
78.3054828	6	3279
227.662801	16	3256
78.6776542	6	3280
82.7331542	6	3281
84.7294330	6	3282
81.2830924	6	3283
87.2852802	6	3284
86.4686965	6	3285
79.8912048	6	3287
227.838277	16	3264
86.6608619	6	3288
77.1415233	6	3290
228.124141	16	3267
78.6092281	6	3291
78.8974761	6	3292
77.6824951	6	3294
91.6802883	6	3293
83.7252140	6	3295
89.0021324	6	3296
82.2465419	6	3298
227.390050	16	3275
82.8557014	6	3299
82.0677280	6	3301
228.829145	16	3278
79.7255039	6	3302
80.8701515	6	3303
82.0269584	6	3304
86.7087841	6	3305
88.6893272	6	3306
85.2210521	6	3307
79.0700912	6	3310
228.456497	16	3286
90.7311439	6	3309
77.0928859	6	3312
228.067636	16	3289
77.3241519	6	3314
94.4027900	6	3313
83.3995342	6	3315
83.0087661	6	3316
82.3967456	6	3318
89.8408889	6	3317
80.4667472	6	3320
227.430820	16	3297
87.5959396	6	3321
80.0836086	6	3323
227.756261	16	3300
79.7147750	6	3324
92.5199985	6	3325
89.8065567	6	3326
83.5494995	6	3327
77.7983665	6	3328
88.6383056	6	3329
77.2373676	6	3331
228.054761	16	3308
79.6482563	6	3332
79.7262191	6	3334
228.010654	16	3311
79.6797275	6	3335
79.3528556	6	3336
85.2718353	6	3338
81.6991329	6	3339
95.9844589	6	3337
77.5222778	6	3340
227.760791	16	3319
83.2340717	6	3342
77.6274204	6	3343
77.0378112	6	3345
228.811025	16	3322
81.7375183	6	3346
80.3956985	6	3347
86.0083103	6	3348
93.6369895	6	3349
87.6314640	6	3350
82.7727317	6	3351
79.1490077	6	3353
227.813959	16	3330
82.4759006	6	3354
78.6714553	6	3356
227.696657	16	3333
76.8954753	6	3357
81.2389850	6	3358
81.4440250	6	3359
85.7512950	6	3360
92.7982330	6	3361
89.8189544	6	3362
77.4970054	6	3364
227.460622	16	3341
81.0961723	6	3365
77.3167610	6	3367
228.512763	16	3344
78.9499282	6	3368
77.4602890	6	3369
81.6226005	6	3370
81.5505981	6	3371
86.9748592	6	3372
91.3615226	6	3373
80.1155567	6	3375
229.249000	16	3352
77.5473117	6	3376
78.6914825	6	3378
228.443145	16	3355
76.7219066	6	3379
76.5635967	6	3380
77.1279335	6	3381
77.8286457	6	3382
79.1382789	6	3383
84.6130847	6	3384
229.275941	16	3363
84.0628147	6	3386
82.2043418	6	3387
78.9079666	6	3389
227.226257	16	3366
81.0253620	6	3390
79.2405605	6	3391
78.4075260	6	3392
80.6252956	6	3393
81.4709663	6	3394
83.3625793	6	3395
80.7228088	6	3397
228.322982	16	3374
78.7756443	6	3400
92.7665233	6	3398
227.696895	16	3377
81.1822414	6	3401
77.6896476	6	3403
87.5580310	6	3402
80.2462100	6	3404
81.9156169	6	3405
83.3384990	6	3406
77.3959159	6	3408
227.808713	16	3385
86.1122608	6	3409
84.6786499	6	3411
229.056358	16	3388
82.7956199	6	3412
81.7089080	6	3413
78.1459808	6	3415
89.5693302	6	3414
81.0568332	6	3416
82.3082923	6	3417
76.6828060	6	3419
227.831125	16	3396
77.5938034	6	3420
81.4135074	6	3422
228.015422	16	3399
85.7634544	6	3423
76.8172740	6	3426
90.0242328	6	3424
79.4913768	6	3427
96.5557098	6	3425
83.0416679	6	3428
80.1227092	6	3430
227.441072	16	3407
79.8664093	6	3431
77.6906013	6	3433
227.703809	16	3410
82.6060771	6	3434
84.2030048	6	3437
90.5933380	6	3436
102.778673	6	3435
86.1766338	6	3438
85.1266384	6	3439
76.9212245	6	3441
228.452920	16	3418
80.1484584	6	3442
78.5164833	6	3444
228.044748	16	3421
77.4888992	6	3445
96.6084003	6	3446
84.9993228	6	3448
91.6666984	6	3447
83.5731029	6	3449
78.1245231	6	3450
80.7683467	6	3452
228.106498	16	3429
81.0458660	6	3453
76.7123699	6	3455
228.924751	16	3432
79.0588855	6	3456
84.4197273	6	3457
92.7059650	6	3459
91.4041996	6	3460
103.647708	6	3458
77.4669647	6	3463
95.4442024	6	3461
228.430509	16	3440
83.4097862	6	3464
77.2836208	6	3466
80.1880359	6	3467
229.419946	16	3443
80.6725025	6	3468
91.0682678	6	3469
95.4074859	6	3470
88.8905525	6	3471
88.4985923	6	3472
227.330207	16	3451
87.4919891	6	3474
85.0002765	6	3475
79.5977115	6	3478
228.503942	16	3454
90.5709266	6	3477
81.6311836	6	3479
83.6231708	6	3480
81.2144279	6	3483
96.4164733	6	3481
98.3123779	6	3482
228.012561	16	3462
78.9334774	6	3488
91.7022228	6	3486
100.715160	6	3485
76.3719081	6	3489
228.164196	16	3465
83.6133956	6	3491
94.3789482	6	3490
85.6263637	6	3492
94.8848724	6	3493
80.6105136	6	3496
228.493213	16	3473
99.0273952	6	3494
227.319240	16	3476
84.6877098	6	3499
101.245641	6	3497
93.2214260	6	3501
92.4270153	6	3502
105.302810	6	3500
88.3257389	6	3503
81.8727016	6	3504
79.2489051	6	3505
228.869676	16	3484
86.5838527	6	3508
227.655172	16	3487
103.390216	6	3507
90.9378528	6	3510
88.3166790	6	3511
82.5328826	6	3513
90.7187461	6	3512
86.0726833	6	3515
96.2362289	6	3514
89.8315906	6	3516
77.2039890	6	3518
227.816343	16	3495
90.3074741	6	3519
228.179693	16	3498
86.5025520	6	3522
93.5349464	6	3521
80.9891223	6	3524
78.3069133	6	3526
109.188556	6	3523
84.5143795	6	3527
100.311279	6	3525
82.1363925	6	3529
227.552890	16	3506
76.9340991	6	3530
76.8122673	6	3533
228.663444	16	3509
92.1306610	6	3532
88.6297225	6	3534
89.9913311	6	3535
90.5010700	6	3537
97.0571041	6	3536
90.8079147	6	3538
78.8333415	6	3540
228.355884	16	3517
83.2524299	6	3541
77.8875350	6	3543
228.044986	16	3520
89.3657207	6	3545
97.0950126	6	3544
76.7357349	6	3548
93.0409431	6	3546
97.1989631	6	3547
77.6290893	6	3551
90.6357765	6	3549
228.436708	16	3528
78.8064002	6	3552
78.2217979	6	3554
228.047370	16	3531
85.0825309	6	3555
78.3457756	6	3559
92.0956134	6	3557
101.054906	6	3556
91.3708209	6	3558
92.6945209	6	3560
228.600978	16	3539
85.0839614	6	3562
76.7922401	6	3565
90.5258655	6	3563
229.171037	16	3542
78.7262916	6	3566
89.8518562	6	3567
86.6363048	6	3568
91.1600589	6	3569
88.8912677	6	3570
92.4005508	6	3571
228.061437	16	3550
80.6515216	6	3574
93.1828022	6	3573
83.5595130	6	3576
228.775501	16	3553
78.2575607	6	3577
78.8850784	6	3578
83.4617614	6	3580
80.7778835	6	3581
96.9281196	6	3579
89.1048908	6	3582
228.138923	16	3561
78.9897441	6	3585
92.5707817	6	3584
78.9451599	6	3587
228.242158	16	3564
83.4221839	6	3588
78.5064697	6	3589
77.4698257	6	3590
83.5318565	6	3592
79.6718597	6	3593
96.3320732	6	3591
82.2997093	6	3595
228.409290	16	3572
85.2863788	6	3596
80.4002285	6	3598
227.566003	16	3575
79.0183544	6	3599
83.2417011	6	3600
78.1817436	6	3601
77.9681205	6	3602
89.9822711	6	3603
87.9395008	6	3604
79.3457031	6	3606
228.019952	16	3583
84.7148895	6	3607
80.4800987	6	3609
228.589057	16	3586
82.4439525	6	3610
82.0083618	6	3611
80.1336765	6	3613
87.0876312	6	3612
83.2831859	6	3614
80.1637172	6	3617
95.1189994	6	3615
227.288007	16	3594
81.6438198	6	3618
79.8082351	6	3620
227.485179	16	3597
82.5023651	6	3621
84.2909812	6	3622
79.4115066	6	3624
92.6039218	6	3623
81.3083648	6	3625
82.5150012	6	3626
228.367328	16	3605
87.1167182	6	3628
82.1621417	6	3629
78.4072875	6	3631
227.619409	16	3608
84.9993228	6	3632
82.9503536	6	3633
84.5599174	6	3634
83.4763050	6	3635
85.9220027	6	3636
84.3892097	6	3637
77.6441097	6	3639
227.124691	16	3616
86.1723423	6	3640
77.0518779	6	3642
228.086471	16	3619
77.4426460	6	3643
85.0276947	6	3644
78.3042907	6	3646
91.0696983	6	3645
80.8312892	6	3648
93.8487052	6	3647
83.6851596	6	3650
227.569103	16	3627
81.3963413	6	3651
83.1360816	6	3653
227.898597	16	3630
80.0454616	6	3654
79.7717571	6	3655
81.6195011	6	3657
92.8258895	6	3656
86.5008831	6	3658
90.3615951	6	3659
77.3582458	6	3662
228.378772	16	3638
90.7893180	6	3661
77.4836540	6	3664
229.368448	16	3641
83.4670066	6	3665
81.4661979	6	3666
80.3875923	6	3667
87.2194766	6	3668
80.4903507	6	3670
92.5745964	6	3669
228.339672	16	364984.4061374	6	3672

83.2970142	6	3673
77.3179531	6	3675
228.055238	16	3652
77.2035121	6	3676
82.8614234	6	3677
79.4732570	6	3678
79.7708034	6	3679
81.7282199	6	3681
93.3678150	6	3680
80.0027847	6	3683
228.381395	16	3660
83.7445259	6	3684
78.0465602	6	3686
227.579116	16	3663
77.5439739	6	3687
78.0460834	6	3688
84.5553874	6	3689
80.3835391	6	3690
80.9755325	6	3691
89.0791416	6	3692
81.5117359	6	3694
228.367090	16	3671
81.3827514	6	3695
80.7974338	6	3697
228.291511	16	3674
80.9054374	6	3698
83.6780071	6	3699
81.7883014	6	3700
81.0232162	6	3702
90.2359485	6	3701
83.2197666	6	3703
86.6205692	6	3705
229.586601	16	3682
84.4001770	6	3706
78.2938003	6	3708
228.039979	16	3685
83.8255882	6	3709
85.1385593	6	3710
78.3159732	6	3712
88.9811515	6	3711
81.7074775	6	3714
90.2018547	6	3713
77.6896476	6	3716
227.920293	16	3693
85.5727195	6	3717
77.5229930	6	3719
227.272033	16	3696
77.4686336	6	3720
83.2045078	6	3721
77.9757499	6	3723
78.9580345	6	3724
96.2440967	6	3722
87.7168178	6	3725
77.6472091	6	3727
227.452039	16	3704
83.2657814	6	3728
80.3258419	6	3730
228.572130	16	3707
77.9330730	6	3731
77.2593021	6	3732
82.9112529	6	3733
78.1848430	6	3735
90.9490585	6	3734
84.8081111	6	3736
81.3174247	6	3738
228.095769	16	3715
78.2394409	6	3739
76.7376422	6	3741
228.997230	16	3718
80.4541110	6	3742
78.9427757	6	3743
80.0392627	6	3744
84.1786861	6	3745
79.7867774	6	3747
92.4918651	6	3746
79.4222354	6	3749
229.157924	16	3726
83.0936431	6	3750
77.4314403	6	3752
78.3150196	6	3753
229.741334	16	3729
83.2080841	6	3754
80.2443027	6	3755
82.4081897	6	3756
79.4668197	6	3758
92.6132202	6	3757
82.3049545	6	3760
229.364633	16	3737
84.1369628	6	3761
80.7011127	6	3763
227.510452	16	3740
79.8587799	6	3764
80.0561904	6	3765
84.3052864	6	3766
81.4363956	6	3767
83.9955806	6	3768
88.5386466	6	3769
82.0453166	6	3771
228.616714	16	3748
84.6600532	6	3772
80.0762176	6	3774
229.327440	16	3751
81.0387134	6	3775
80.8501243	6	3776
82.5712680	6	3777
80.1405906	6	3779
89.5652770	6	3778
86.4238739	6	3780
84.4395160	6	3782
228.565216	16	3759
84.7475528	6	3783
81.6431045	6	3785
228.364229	16	3762
82.7720165	6	3786
83.9974880	6	3787
83.5371017	6	3788
83.5840702	6	3789
82.1616649	6	3791
93.1310653	6	3790
82.4103355	6	3793
229.065656	16	3770
84.8677158	6	3794
79.0970325	6	3796
229.387760	16	3773
80.9273719	6	3797
82.7836990	6	3798
83.3539962	6	3799
82.8018188	6	3800
83.3022594	6	3801
87.9290103	6	3802
80.3530216	6	3804
228.372573	16	3781
86.3974094	6	3805
78.4728527	6	3807
227.745294	16	3784
78.5803794	6	3808
82.0567607	6	3809
84.1767787	6	3810
79.1592597	6	3812
78.6275863	6	3813
97.3901748	6	3811
227.546930	16	3792
78.5217285	6	3816
89.2953872	6	3815
82.0374488	6	3818
227.991580	16	3795
81.1908245	6	3819
81.6202163	6	3820
89.8790359	6	3821
80.3740024	6	3823
90.2013778	6	3822
79.7829627	6	3824
79.0960788	6	3826
228.247642	16	3803
84.4843387	6	3827
77.8398513	6	3829
228.049278	16	3806
81.2215805	6	3830
80.0590515	6	3831
81.0284614	6	3832
82.1692943	6	3834
77.9874324	6	3835
98.3240604	6	3833
77.8427124	6	3837
227.761030	16	3814
78.9394378	6	3838
77.9876708	6	3840
228.595495	16	3817
79.4041156	6	3841
82.0138454	6	3842
80.4386138	6	3843
83.0585956	6	3844
89.2329216	6	3845
85.9587192	6	3846
79.4200897	6	3848
228.110551	16	3825
78.3243179	6	3849
78.0096054	6	3851
228.204250	16	3828
79.9815654	6	3852
89.3816947	6	3853
83.9240550	6	3854
77.2757530	6	3856
80.2662372	6	3857
100.188732	6	3855
78.7823200	6	3859
228.589057	16	3836
81.8474292	6	3860
77.0611763	6	3862
227.933406	16	3839
80.3856849	6	3863
85.6020450	6	3864
88.8538360	6	3865
85.1051807	6	3866
90.3396606	6	3867
88.4015560	6	3868
85.3192806	6	3870
227.666616	16	3847
81.4530849	6	3871
78.6168575	6	3873
79.3528556	6	3874
228.070497	16	3850
80.8465480	6	3875
80.2562236	6	3877
97.2399711	6	3876
79.3683528	6	3879
98.4065532	6	3878
80.4300308	6	3881
227.792978	16	3858
83.8441848	6	3882
79.2636871	6	3884
76.9870281	6	3885
229.173660	16	3861
80.0302028	6	3886
81.0449123	6	3887
86.8895053	6	3888
85.9134197	6	3890
94.3541526	6	3889
229.252576	16	3869
85.2584838	6	3892
82.9367637	6	3893
80.2569389	6	3895
227.946758	16	3872
81.3376903	6	3896
78.3131122	6	3897
79.4575214	6	3898
81.7031860	6	3899
80.9996128	6	3901
97.7778434	6	3900
81.8667411	6	3903
227.694034	16	3880
85.2522850	6	3904
77.3391723	6	3906
228.043556	16	3883
80.0282955	6	3907
79.7338485	6	3908
78.0830383	6	3909
78.8264274	6	3910
80.5087089	6	3911
87.7716541	6	3912
227.456092	16	3891
80.3956985	6	3915
88.7527465	6	3914
81.1097621	6	3917
228.837251	16	3894
80.5115699	6	3918
84.3133926	6	3919
76.8535137	6	3921
86.0166549	6	3920
81.6731452	6	3922
82.8216075	6	3923
83.8136672	6	3925
228.057861	16	3902
87.0475769	6	3926
77.8622627	6	3928
228.565216	16	3905
82.8750133	6	3929
79.6895027	6	3932
97.1305370	6	3930
79.7064304	6	3933
94.8417186	6	3931
83.1215381	6	3934
79.5087814	6	3936
229.606151	16	3913
85.6575965	6	3937
77.8880119	6	3940
228.254079	16	3916
88.2365703	6	3939
85.8781337	6	3941
86.5468978	6	3942
82.7920436	6	3944
83.5995674	6	3945
98.0310440	6	3943
81.2594890	6	3947
228.699207	16	3924
82.2188854	6	3948
82.5529098	6	3950
227.714061	16	3927
85.7329368	6	3951
89.9415016	6	3953
97.7044105	6	3952
81.7217826	6	3955
92.7221775	6	3954
83.4703445	6	3956
77.5749683	6	3958
229.228496	16	3935
80.6732177	6	3959
77.4190425	6	3961
228.474140	16	3938
87.6140594	6	3963
98.9644527	6	3962
91.8717384	6	3964
88.4051322	6	3965
80.5318355	6	3967
90.3108119	6	3966
79.5471668	6	3969
228.502511	16	3946
86.9474411	6	3970
77.1946907	6	3972
227.843999	16	3949
91.2826061	6	3973
80.6221961	6	3976
95.4554080	6	3974
79.1344642	6	3977
93.8794612	6	3975
85.1519107	6	3978
77.6073932	6	3980
227.325677	16	3957
86.3587856	6	3981
227.945327	16	3960
84.1536521	6	3983
83.5986137	6	3984
90.6658172	6	3985
93.0733680	6	3986
87.2354507	6	3987
81.8958282	6	3988
81.0179710	6	3989
79.9624919	6	3991
228.071212	16	3968
77.3499011	6	3992
80.4433822	6	3994
227.981567	16	3971
83.5499763	6	3995
89.0955924	6	3996
83.9471817	6	3998
95.8499908	6	3997
79.8456668	6	4000
86.1384868	6	3999
77.6441097	6	4002
228.478431	16	3979
82.9730033	6	4003
79.6430110	6	4005
228.302717	16	3982
78.7990093	6	4006
89.2984867	6	4007
81.1095237	6	4009
95.7360267	6	4008
84.5432281	6	4010
88.7932777	6	4011
80.1472663	6	4013
228.367090	16	3990
76.7755508	6	4014
77.8276920	6	4016
228.164911	16	3993
78.5977840	6	4017
77.9995918	6	4018
83.3187103	6	4020
80.5840492	6	4021
96.0235595	6	4019
84.3400955	6	4022
229.158163	16	4001
83.1971168	6	4024
81.7146301	6	4025
80.8901786	6	4027
228.164196	16	4004
79.2911052	6	4028
80.0776481	6	4029
80.0623893	6	4030
91.1200046	6	4031
88.3626937	6	4032
83.5535526	6	4033
80.0867080	6	4035
228.027582	16	4012
85.0424766	6	4036
77.0909786	6	4038
228.250980	16	4015
82.2002887	6	4039
80.3444385	6	4040
81.7189216	6	4041
80.5816650	6	4042
85.4468345	6	4044
95.2181816	6	4043
77.2991180	6	4046
228.925466	16	4023
81.0670852	6	4047
80.2481174	6	4049
227.845191	16	4026
80.1870822	6	4050
77.2488117	6	4052
87.8243446	6	4051
82.0169448	6	4053
81.9585323	6	4054
81.3713073	6	4057
96.7414379	6	4055
228.381156	16	4034
79.6096324	6	4058
76.9121646	6	4060
228.382349	16	4037
79.3783664	6	4061
78.6972045	6	4062
82.7155113	6	4063
81.9625854	6	4064
82.7546119	6	4065
82.1824073	6	4066
228.212118	16	4045
81.2494754	6	4069
90.1415348	6	4068
77.5291919	6	4071
228.400945	16	4048
77.9032707	6	4072
80.4142951	6	4073
80.4290771	6	4074
84.2680931	6	4075
83.9102268	6	4076
83.6303234	6	4077
76.6861438	6	4079
228.253364	16	4056
88.0513191	6	4080
78.1626701	6	4082
228.825807	16	4059
80.3437232	6	4083
80.0886154	6	4084
83.0209255	6	4085
83.1573009	6	4086
81.2435150	6	4088
92.2658443	6	4087
228.233575	16	4067
85.3257179	6	4090
86.6286754	6	4091
83.4357738	6	4093
228.340387	16	4070
79.2722702	6	4094
78.8984298	6	4095
78.8552761	6	4096
81.7620754	6	4097
81.3732147	6	4098
86.8537425	6	4099
78.8521766	6	4101
228.524208	16	4078
90.4600620	6	4102
80.3751945	6	4104
227.078199	16	4081
83.5509300	6	4105
78.6480903	6	4106
79.6942710	6	4107
79.7920227	6	4108
77.6321887	6	4110
90.9755229	6	4109
81.7461013	6	4112
228.100299	16	4089
85.3726863	6	4113
228.198289	16	4092
83.1832885	6	4115
80.5497169	6	4116
84.5339298	6	4117
79.5609951	6	4118
80.4245471	6	4119
80.2431106	6	4120
83.6529731	6	4121
77.1515369	6	4123
227.886915	16	4100
81.4075469	6	4124
79.6856880	6	4126
229.014873	16	4103
78.5329341	6	4128
88.6445045	6	4127
85.9942436	6	4129
81.0241699	6	4130
81.9268226	6	4131
81.4564228	6	4132
78.9380073	6	4135
230.296850	16	4111
86.2026214	6	4134
77.0514011	6	4137
229.272842	16	4114
79.9701213	6	4138
78.7956714	6	4140
89.1332626	6	4139
79.9758434	6	4142
86.4231586	6	4141
81.3066959	6	4143
78.5634517	6	4145
228.497982	16	4122
84.7077369	6	4146
79.5562267	6	4148
228.023529	16	4125
76.9097805	6	4149
81.8836688	6	4150
84.6836566	6	4151
82.1659564	6	4152
86.0173702	6	4153
79.7460079	6	4154
78.6659717	6	4156
228.789806	16	4133
78.0146121	6	4157
78.7291526	6	4159
228.786945	16	4136
80.3511142	6	4160
78.5706043	6	4161
83.2731723	6	4162
79.2398452	6	4164
89.7486209	6	4163
86.7071151	6	4165
77.3124694	6	4167
228.115797	16	4144
80.2867412	6	4168
76.8561363	6	4170
228.675365	16	4147
81.3581943	6	4171
82.7963352	6	4172
80.2409648	6	4173
84.9831104	6	4174
81.3767910	6	4176
91.5179252	6	4175
81.7780494	6	4178
78.0458450	6	4179
228.423357	16	4155
78.0911445	6	4181
76.5914916	6	4182
228.848218	16	4158
79.6778202	6	4183
81.8533897	6	4184
78.0146121	6	4186
90.9800529	6	4185
86.3671302	6	4187
77.6362419	6	4189
228.021144	16	4166
81.2108516	6	4190
79.1375637	6	4192
228.051662	16	4169
76.7734050	6	4193
76.6873359	6	4194
79.8139572	6	4195
81.8603038	6	4196
83.6522579	6	4197
85.4339599	6	4198
227.203845	16	4177
82.1189880	6	4200
78.6139965	6	4201
77.0113468	6	4203
228.050947	16	4180
82.5474262	6	4204
79.8435211	6	4205
79.5798301	6	4206
81.8254947	6	4207
84.3193531	6	4208
85.7186317	6	4209
80.8205604	6	4211
228.264093	16	4188
83.1968784	6	4212
76.8423080	6	4214
78.3841609	6	4215
227.980852	16	4191
78.0122280	6	4217
87.2750282	6	4216
82.9210281	6	4218
81.5310478	6	4219
84.2690467	6	4220
79.9739360	6	4222
227.790355	16	4199
81.6926956	6	4223
77.2967338	6	4225
77.1913528	6	4226
229.507446	16	4202
82.2141170	6	4227
84.8634243	6	4228
81.2675952	6	4229
79.0674686	6	4231
91.3350582	6	4230
79.4436931	6	4233
227.126598	16	4210
81.3069343	6	4234
77.5125026	6	4236
227.357149	16	4213
78.1555175	6	4237
78.6421298	6	4238
77.5079727	6	4240
80.2094936	6	4241
96.5161323	6	4239
86.2581729	6	4242
81.5038681	6	4244
227.690935	16	4221
81.9525718	6	4245
76.8361091	6	4247
77.8617858	6	4248
228.425741	16	4224
78.6931514	6	4249
78.4657001	6	4250
83.7228298	6	4251
87.2640609	6	4252
83.0190181	6	4253
79.6124935	6	4255
227.835655	16	4232
81.1905860	6	4256
78.5031318	6	4258
228.596210	16	4235
76.9321918	6	4259
77.5654315	6	4260
84.0346813	6	4261
78.2151222	6	4262
83.0922126	6	4263
86.8105888	6	4264
77.9094696	6	4266
227.463006	16	4243
81.5465450	6	4267
77.5563716	6	4269
228.076219	16	4246
78.9663791	6	4270
77.3375034	6	4272
90.4476642	6	4271
86.4775180	6	4273
80.1055431	6	4274
84.8195552	6	4275
82.0016860	6	4277
227.731227	16	4254
85.4265689	6	4278
77.2175788	6	4280
227.335929	16	4257
79.0979862	6	4281
81.6276073	6	4282
79.8778533	6	4284
93.9860343	6	4283
81.4704895	6	4286
88.3250236	6	4285
81.4244747	6	4288
227.953910	16	4265
84.8817825	6	4289
82.0534229	6	4291
227.704763	16	4268
80.1751613	6	4292
81.7148685	6	4293
88.1788730	6	4294
82.3719501	6	4296
94.3913459	6	4295
90.1415348	6	4297
78.4265995	6	4299
227.987766	16	4276
82.9143524	6	4300
79.2975425	6	4302
228.610754	16	4279
82.3800563	6	4303
80.0240039	6	4304
85.3183269	6	4305
81.6230773	6	4307
91.5937423	6	4306
88.8812541	6	4308
227.536678	16	4287
77.9242515	6	4311
85.2639675	6	4310
76.8897533	6	4313
227.673053	16	4290
80.1928043	6	4314
82.6759338	6	4315
80.6820392	6	4316
85.9279632	6	4317
88.5756015	6	4318
77.4092674	6	4321
228.118658	16	4298
95.9315299	6	4319
85.9944820	6	4322
76.9526958	6	4324
227.995872	16	4301
78.0148506	6	4325
81.3148021	6	4326
78.2835483	6	4328
88.9337062	6	4327
86.7977142	6	4329
90.3775691	6	4330
228.165864	16	4309
77.8989791	6	4333
89.9021625	6	4332
79.3850421	6	4335
78.2921314	6	4336
228.871107	16	4312
77.1770477	6	4337
81.7830562	6	4338
84.7320556	6	4339
80.9288024	6	4340
86.8368148	6	4341
82.7763080	6	4343
228.836297	16	4320
84.0797424	6	4344
77.8584480	6	4346
228.004217	16	4323
77.9635906	6	4347
76.7672061	6	4348
76.7161846	6	4349
87.3851776	6	4350
83.9457511	6	4351
79.3986320	6	4352
79.7798633	6	4354
228.628158	16	4331
81.5093517	6	4355
77.6262283	6	4357
228.376626	16	4334
78.7851810	6	4358
78.4592628	6	4359
77.9085159	6	4360
76.8499374	6	4361
87.9118442	6	4362
84.9347114	6	4363
78.5319805	6	4365
228.633642	16	4342
79.6823501	6	4366
77.0945549	6	4368
229.742050	16	4345
78.1314373	6	4369
78.8898468	6	4371
85.6115818	6	4370
78.7253379	6	4372
77.4321556	6	4373
88.2861614	6	4374
79.1876316	6	4376
227.484226	16	4356
76.3156414	6	4380
96.0297584	6	4377
246.658802	16	4353
84.4457149	6	4379
78.2835483	6	4381
77.3024559	6	4383
85.3121280	6	4382
77.0277976	6	4384
77.0502090	6	4385
228.635549	16	4364
76.1747360	6	4388
83.2598209	6	4387
228.310585	16	4367
81.5916061	6	4390
78.8331031	6	4391
82.6437473	6	4392
78.6545276	6	4393
80.2392959	6	4394
78.8395404	6	4395
227.463960	16	4375
81.0053348	6	4396
77.7518749	6	4398
228.177547	16	4378
81.4497470	6	4399
86.0538482	6	4401
83.2524299	6	4402
83.1077098	6	4403
85.6077671	6	4404
80.2831649	6	4405
81.3863277	6	4406
229.321718	16	4386
85.2274894	6	4407
77.6717662	6	4409
80.5661678	6	4410
77.3558616	6	4412
227.327108	16	4389
88.8283252	6	4413
77.3279666	6	4415
78.3197879	6	4416
99.4133949	6	4414
81.7668437	6	4417
83.2090377	6	4418
80.6341171	6	4420
228.526353	16	4397
80.3816318	6	4421
77.7499675	6	4423
228.833436	16	4400
94.1741466	6	4424
82.9563140	6	4426
91.6206836	6	4425
79.1838169	6	4427
84.2146873	6	4428
90.1472568	6	4429
79.4513225	6	4431
229.495286	16	4408
80.4376602	6	4432
77.9511928	6	4434
228.319883	16	4411
89.0524387	6	4435
84.4020843	6	4437
93.1022167	6	4436
84.5816135	6	4438
80.8579921	6	4439
86.8730545	6	4440
229.153633	16	4419
85.3404998	6	4442
79.1862010	6	4443
77.5141716	6	4445
77.4397850	6	4446
229.292154	16	4422
82.5452804	6	4448
79.2477130	6	4450
87.3749256	6	4449
102.876901	6	4447
82.3071002	6	4451
81.0170173	6	4453
228.475570	16	4430
85.8213901	6	4454
78.5012245	6	4456
227.555513	16	4433
79.1754722	6	4457
86.4160060	6	4458
83.3654403	6	4460
98.8245010	6	4459
86.7853164	6	4461
81.3491344	6	4462
76.7798423	6	4464
228.705167	16	4441
81.2022686	6	4465
78.3879756	6	4467
77.3987770	6	4468
228.799343	16	4444
83.9169025	6	4469
78.5791873	6	4471
82.1604728	6	4472
98.8044738	6	4470
86.0495567	6	4473
77.4867534	6	4475
227.896213	16	4452
76.6065120	6	4476
77.3925781	6	4478
228.173732	16	4455
79.2858600	6	4479
79.3027877	6	4480
77.2664546	6	4482
91.2799835	6	4481
82.1726322	6	4484
96.3091850	6	4483
78.8023471	6	4486
228.137254	16	4463
78.3476829	6	4487
78.5319805	6	4489
227.980136	16	4466
77.4574279	6	4490
79.5409679	6	4491
79.6663761	6	4492
85.1798057	6	4493
86.6167545	6	4494
91.0482406	6	4495
228.083133	16	4474
81.5505981	6	4498
89.3096923	6	4497
77.6534080	6	4500
228.423357	16	4477
82.4241638	6	4501
80.4786682	6	4502
82.0305347	6	4503
81.5269947	6	4504
87.0902538	6	4505
87.4707698	6	4506
85.0358009	6	4508
227.995634	16	4485
88.3557796	6	4509
78.5570144	6	4511
78.6972045	6	4512
227.970838	16	4488
82.8940868	6	4513
83.1818580	6	4514
83.1794738	6	4515
82.9913616	6	4516
77.4455070	6	4519
95.8869457	6	4517
227.787017	16	4496
86.8220329	6	4520
82.8738212	6	4522
228.035449	16	4499
79.2520046	6	4523
79.5929431	6	4524
76.8747329	6	4526
90.7485485	6	4525
83.3001136	6	4527
84.1822624	6	4528
228.817939	16	4507
85.3521823	6	4530
82.9505920	6	4531
83.0497741	6	4533
228.407144	16	4510
84.1345787	6	4534
80.2836418	6	4535
80.5101394	6	4536
84.0470790	6	4537
84.1703414	6	4538
84.0849876	6	4539
79.0345668	6	4541
228.609085	16	4518
88.9337062	6	4542
77.3296356	6	4544
228.681087	16	4521
83.4875106	6	4545
86.0915184	6	4546
81.6810131	6	4547
81.6986560	6	4548
85.3037834	6	4549
86.9686603	6	4550
79.8320770	6	4552
228.570699	16	4529
80.2388191	6	4553
228.724718	16	4532
78.8431167	6	4556
86.5542888	6	4555
78.1328678	6	4558
80.8033943	6	4559
95.2053070	6	4557
81.7477703	6	4560
85.2811336	6	4561
228.032350	16	4540
86.3358974	6	4563
79.9906253	6	4564
77.1698951	6	4566
228.063106	16	4543
85.6003761	6	4567
77.7678489	6	4569
79.8826217	6	4570
97.8002548	6	4568
81.5548896	6	4571
85.6561660	6	4572
79.9481868	6	4574
228.333473	16	4551
87.9311561	6	4575
77.3696899	6	4577
227.403640	16	4554
78.6290168	6	4578
81.3996791	6	4580
81.4909934	6	4581
98.0103015	6	4579
87.2704982	6	4582
84.8324298	6	4583
80.2214145	6	4585
228.218555	16	4562
80.9650421	6	4586
227.687597	16	4565
78.6895751	6	4589
80.4176330	6	4590
95.2622890	6	4588
88.0084037	6	4591
87.4536037	6	4592
82.3760032	6	4593
79.5359611	6	4594
79.3678760	6	4596
227.550745	16	4573
80.8320045	6	4597
76.7266750	6	4599
228.427171	16	4576
86.4915847	6	4600
87.9125595	6	4601
84.1028690	6	4602
83.9130878	6	4604
96.5232849	6	4603
85.2224826	6	4605
76.9691467	6	4607
227.877378	16	4584
82.6361179	6	4608
77.1820545	6	4610
228.480100	16	4587
80.1978111	6	4613
93.8589572	6	4611
93.9586162	6	4612
82.6938152	6	4614
79.3287754	6	4615
77.5024890	6	4618
91.1097526	6	4616
76.6093730	6	4619
228.335618	16	4595
77.3837566	6	4621
227.980852	16	4598
80.8227062	6	4622
88.3195400	6	4623
86.4503383	6	4624
79.0002346	6	4626
87.2111320	6	4625
78.4461498	6	4627
227.785110	16	4606
83.8541984	6	4629
77.1732330	6	4630
79.3032646	6	4632
227.623224	16	4609
77.6016712	6	4633
80.6291103	6	4634
81.2673568	6	4636
91.7477607	6	4635
78.7694454	6	4638
86.0252380	6	4637
80.2981853	6	4640
228.408098	16	4617
83.3008289	6	4641
80.0173282	6	4643
227.614402	16	4620
80.5330276	6	4644
78.6008834	6	4645
91.0387039	6	4646
81.1874866	6	4648
91.2313461	6	4647
79.6465873	6	4649
77.0421028	6	4651
228.205680	16	4628
81.2399387	6	4652
80.0530910	6	4654
227.720737	16	4631
83.8432312	6	4655
81.9172859	6	4656
80.8508396	6	4657
79.8065662	6	4660
98.5987186	6	4658
93.4090614	6	4659
77.5861740	6	4662
228.136062	16	4639
78.4626007	6	4663
77.9664516	6	4665
228.654861	16	4642
79.9334049	6	4666
81.7687511	6	4667
83.8234424	6	4668
81.5188884	6	4669
87.5630378	6	4671
82.1216106	6	4673
101.123332	6	4670
228.252887	16	4650
79.9429416	6	4674
78.7966251	6	4676
227.820873	16	4653
79.2503356	6	4677
81.3601016	6	4678
81.7232131	6	4679
83.1346511	6	4680
80.2204608	6	4681
80.5563926	6	4684
227.991819	16	4661
98.3865261	6	4682
80.7301998	6	4685
77.7864456	6	4687
228.492021	16	4664
79.6008110	6	4688
80.1074504	6	4689
82.1607112	6	4690
83.3659172	6	4691
84.9637985	6	4692
81.9160938	6	4693
227.574110	16	4672
88.9956951	6	4696
77.9633522	6	4698
96.2009429	6	4695
227.913379	16	4675
79.5884132	6	4699
81.5057754	6	4700
81.2716484	6	4701
82.6246738	6	4702
78.7665843	6	4704
92.4818515	6	4703
76.9729614	6	4706
227.953195	16	4683
89.2755985	6	4707
78.2647132	6	4709
229.182004	16	4686
80.8386802	6	4710
77.7955055	6	4711
77.2476196	6	4712
78.4785747	6	4713
81.1173915	6	4714
79.0517330	6	4715
77.4745941	6	4717
229.068517	16	4694
78.6116123	6	4718
79.1842937	6	4720
230.250358	16	4697
81.6373825	6	4721
83.8503837	6	4722
81.4576148	6	4723
81.5703868	6	4724
78.3960819	6	4725
84.7804546	6	4726
228.468418	16	4705
78.5839557	6	4728
76.9457817	6	4729
229.731082	16	4708
81.6330909	6	4731
83.1365585	6	4732
78.7014961	6	4733
79.1592597	6	4734
83.3868980	6	4735
79.9622535	6	4736
81.9151401	6	4737
230.268239	16	4716
78.2065391	6	4739
77.7444839	6	4740
231.299161	16	4719
82.7839374	6	4742
78.5434246	6	4743
77.8861045	6	4744
78.5913467	6	4745
77.6243209	6	4746
79.0770053	6	4747
228.496551	16	4727
78.9630413	6	4748
82.0384025	6	4750
228.680610	16	4730
79.3762207	6	4751
85.4809284	6	4753
79.2829990	6	4754
79.7445774	6	4755
77.0566463	6	4756
82.8876495	6	4757
77.1317481	6	4758
230.166912	16	4738
81.3944339	6	4759
79.7722339	6	4761
78.4645080	6	4762
228.745937	16	4741
80.9404850	6	4764
83.2421779	6	4765
79.0400505	6	4766
80.9426307	6	4767
79.7352790	6	4768
83.9574337	6	4769
78.4823894	6	4770
228.440046	16	4749
77.1799087	6	4772
81.6600322	6	4773
227.994441	16	4752
78.7856578	6	4775
79.9005031	6	4776
83.2259654	6	4777
79.3502330	6	4778
81.5367698	6	4779
78.2029628	6	4780
84.9404335	6	4781
79.1172981	6	4783
228.097677	16	4760
76.8043994	6	4784
77.4195194	6	4786
227.897882	16	4763
80.4896354	6	4787
81.6159248	6	4788
77.6755809	6	4790
87.7933502	6	4789
81.8393230	6	4791
79.3313980	6	4792
78.2799720	6	4794
228.432655	16	4771
81.3415050	6	4795
80.2812576	6	4797
228.794574	16	4774
78.0436992	6	4798
80.2063941	6	4799
82.0899009	6	4800
80.1291465	6	4802
88.3991718	6	4801
84.7611427	6	4803
77.2955417	6	4805
227.940320	16	4782
79.9431800	6	4806
77.3777961	6	4808
228.756427	16	4785
79.7772407	6	4809
79.9515247	6	4810
80.6219577	6	4811
83.0516815	6	4812
80.7979106	6	4814
88.1688594	6	4813
79.9312591	6	4816
227.939605	16	4793
79.1037082	6	4817
77.2678852	6	4819
228.058099	16	4796
81.1696052	6	4820
77.1193504	6	4822
95.8080291	6	4821
77.6531696	6	4824
92.2703742	6	4823
89.3640518	6	4825
77.8613090	6	4827
227.979421	16	4804
81.7341804	6	4828
76.4400959	6	4830
78.9291858	6	4831
228.254079	16	4807
82.2198390	6	4832
84.5205783	6	4833
85.4852199	6	4835
92.0610427	6	4834
87.5439643	6	4836
84.0024948	6	4838
228.014469	16	4815
81.1111927	6	4839
77.4111747	6	4841
78.1848430	6	4842
228.234767	16	4818
79.1246891	6	4843
77.6858329	6	4845
90.6875133	6	4844
91.8686389	6	4846
86.2760543	6	4847
81.3760757	6	4849
227.705240	16	4826
85.0288867	6	4850
76.6484737	6	4852
78.0537128	6	4853
228.690862	16	4829
79.4122219	6	4854
81.3865661	6	4855
82.1132659	6	4857
92.4468040	6	4856
89.9703502	6	4858
80.4066658	6	4860
228.820800	16	4837
82.9889774	6	4861
79.8535346	6	4863
228.042364	16	4840
79.2496204	6	4864
79.9875259	6	4865
84.4156742	6	4866
81.9439888	6	4867
84.6099853	6	4869
93.6470031	6	4868
85.3996276	6	4871
229.171276	16	4848
81.5775394	6	4872
83.6577415	6	4874
228.079795	16	4851
81.5110206	6	4875
80.2800655	6	4876
80.6496143	6	4877
77.2609710	6	4879
89.0519618	6	4878
91.7148590	6	4880
81.5174579	6	4882
228.111267	16	4859
91.6264057	6	4883
228.344202	16	4862
78.6635875	6	4886
78.8321495	6	4887
77.1095752	6	4888
97.9986190	6	4885
83.2407474	6	4889
93.5194492	6	4890
92.2491550	6	4891
227.629423	16	4870
84.4995975	6	4894
91.1483764	6	4893
227.077007	16	4873
86.7815017	6	4896
82.0779800	6	4898
93.6150550	6	4897
79.8771381	6	4900
86.9357585	6	4899
82.9007625	6	4902
95.0937271	6	4901
228.344202	16	4881
80.2929401	6	4905
92.6728248	6	4904
78.1848430	6	4907
228.312969	16	4884
88.7885093	6	4909
77.4631500	6	4911
99.1978645	6	4908
96.1275100	6	4910
94.6021080	6	4912
80.4355144	6	4915
97.4516868	6	4913
228.424072	16	4892
84.7067832	6	4916
78.3107280	6	4919
227.667093	16	4895
93.6102867	6	4918
96.9355106	6	4920
94.8646068	6	4921
88.7835025	6	4922
92.0825004	6	4923
91.8092727	6	4924
228.653430	16	4903
91.7484760	6	4926
89.1106128	6	4927
79.8037052	6	4929
227.736473	16	4906
88.8364315	6	4930
101.308584	6	4931
78.9029598	6	4935
88.8054370	6	4934
101.638555	6	4932
103.916645	6	4933
80.3191661	6	4937
229.298830	16	4914
80.3039073	6	4938
227.663993	16	4917
81.4237594	6	4941
90.8184051	6	4942
106.231927	6	4940
97.2831249	6	4944
103.889703	6	4943
97.4221229	6	4945
79.4389247	6	4948
96.3211059	6	4946
228.681087	16	4925
78.2632827	6	4951
228.126287	16	4928
100.100517	6	4949
100.247621	6	4954
94.2296981	6	4955
82.9973220	6	4957
115.385293	6	4952
116.000652	6	4953
97.7246761	6	4956
81.7623138	6	4959
227.519750	16	4936
228.841066	16	4939
99.1730690	6	4960
86.7681503	6	4962
91.4356708	6	4965
101.952791	6	4964
111.633300	6	4963
82.6559066	6	4968
99.9257564	6	4966
80.1849365	6	4970
103.216409	6	4967
228.624105	16	4947
228.116035	16	4950
88.7451171	6	4973
103.167057	6	4971
87.8782272	6	4974
99.7540950	6	4975
84.3043327	6	4978
97.4664688	6	4976
92.4055576	6	4977
88.3023738	6	4979
228.867292	16	4958
88.5078907	6	4981
228.646993	16	4961
103.037595	6	4982
84.8908424	6	4986
91.8190479	6	4985
81.3255310	6	4987
107.981204	6	4984
85.0555896	6	4990
92.6234722	6	4989
101.091623	6	4988
229.179382	16	4969
86.4486694	6	4992
88.6163711	6	4993
227.752685	16	4972
96.4577198	6	4996
104.992389	6	4995
81.1190605	6	4999
89.8702144	6	4998
97.6819992	6	4997
90.7793045	6	5001
82.0627212	6	5003
228.192090	16	4980
106.310367	6	5000
227.877616	16	4983
83.0497741	6	5006
98.5934734	6	5004
100.195884	6	5007
87.4776840	6	5010
100.138902	6	5008
78.1972408	6	5012
97.2514152	6	5009
227.904796	16	4991
83.7233066	6	5014
84.6667289	6	5015
112.419366	6	5011
228.588104	16	4994
84.5391750	6	5018
93.1529998	6	5017
87.1925354	6	5021
99.7221469	6	5019
102.592945	6	5020
92.5431251	6	5022
87.0013236	6	5023
228.270530	16	5002
83.5378170	6	5026
97.7740287	6	5025
80.2147388	6	5028
227.980136	16	5005
89.0996456	6	5029
93.6107635	6	5031
101.002693	6	5030
91.6590690	6	5032
79.2536735	6	5034
85.4806900	6	5033
79.7703266	6	5036
228.153944	16	5013
90.1808738	6	5037
228.102684	16	5016
80.4998874	6	5040
90.2943611	6	5039
90.3723239	6	5041
100.109338	6	5042
88.1717205	6	5044
82.1490287	6	5045
97.1195697	6	5043
78.5157680	6	5047
228.157281	16	5024
78.7246227	6	5048
229.146957	16	5027
86.0774517	6	5051
81.3226699	6	5052
95.7455635	6	5050
93.3687686	6	5053
88.5796546	6	5054
93.4612751	6	5055
89.3368721	6	5056
77.4145126	6	5058
227.870702	16	5035
78.4196853	6	5059
80.4510116	6	5061
228.833436	16	5038
87.9859924	6	5063
94.4535732	6	5062
96.2724685	6	5064
91.5544033	6	5065
79.8921585	6	5067
88.8953208	6	5066
227.227449	16	5046
85.7479572	6	5069
84.1290950	6	5070
77.0251750	6	5072
227.760314	16	5049
98.5424518	6	5073
84.3050479	6	5076
96.3351726	6	5074
90.7051563	6	5075
91.3872718	6	5077
81.3176631	6	5080
228.636741	16	5057
98.4137058	6	5078
85.6580734	6	5081
77.9004096	6	5083
228.717327	16	5060
93.8179492	6	5084
87.6500606	6	5086
86.9884490	6	5087
82.5011730	6	5088
102.253913	6	5085
77.8663158	6	5089
228.783369	16	5068
86.9412422	6	5091
84.1701030	6	5092
77.7921676	6	5094
228.212594	16	5071
92.2467708	6	5095
89.9679660	6	5096
86.2736701	6	5097
79.3008804	6	5099
81.1381340	6	5100
93.9688682	6	5098
79.4551372	6	5102
229.306459	16	5079
76.6613483	6	5105
228.596925	16	5082
77.4233341	6	5106
102.332830	6	5103
80.0733566	6	5109
90.6329154	6	5108
97.6576805	6	5107
81.8493366	6	5110
80.5189609	6	5111
227.912425	16	5090
82.0496082	6	5113
80.0111293	6	5114
228.035926	16	5093
90.6119346	6	5116
78.9506435	6	5118
90.1548862	6	5117
86.6627693	6	5120
94.0051078	6	5119
86.5199565	6	5121
82.0670127	6	5122
77.2466659	6	5124
228.458642	16	5101
81.3884735	6	5125
77.3079395	6	5127
228.554248	16	5104
77.4698257	6	5130
90.8930301	6	5128
90.7745361	6	5129
86.3630771	6	5132
93.3809280	6	5131
76.7545700	6	5135
93.6651229	6	5133
228.815793	16	5112
78.0465602	6	5136
77.3863792	6	5138
227.271318	16	5115
77.3136615	6	5139
83.1615924	6	5141
90.4147624	6	5140
84.5370292	6	5142
85.8156681	6	5143
88.2670879	6	5144
83.4920406	6	5146
227.768421	16	5123
83.5311412	6	5147
78.3853530	6	5149
228.493213	16	5126
79.2844295	6	5150
78.7596702	6	5151
84.2192173	6	5153
91.3951396	6	5152
84.8236083	6	5154
90.2166366	6	5155
81.8364620	6	5157
228.068351	16	5134
85.4964256	6	5158
76.7245292	6	5160
227.913379	16	5137
78.1044960	6	5161
79.2212486	6	5162
80.9092521	6	5163
85.1976871	6	5165
91.2046432	6	5164
88.0980491	6	5166
228.215456	16	5145
79.3173313	6	5169
88.2587432	6	5168
78.1724452	6	5171
228.705167	16	5148
78.8211822	6	5173
85.7930183	6	5172
80.4352760	6	5174
86.1620903	6	5175
90.4088020	6	5176
85.1657390	6	5177
228.190183	16	5156
84.9339962	6	5179
84.7375392	6	5180
77.4724483	6	5182
229.118824	16	5159
78.8710117	6	5183
85.5145454	6	5184
80.3413391	6	5185
82.8659534	6	5186
77.5315761	6	5188
92.1444892	6	5187
80.4283618	6	5190
227.619886	16	5167
85.7326984	6	5191
78.7830352	6	5193
228.097438	16	5170
77.8980255	6	5194
78.5713195	6	5195
80.3036689	6	5197
87.1114730	6	5196
77.7180194	6	5199
91.6299819	6	5198
81.7222595	6	5201
228.305101	16	5178
83.7085247	6	5202
82.2889804	6	5204
227.312803	16	5181
81.1936855	6	5205
80.4798603	6	5206
81.7785263	6	5207
88.3336067	6	5208
82.1781158	6	5209
84.8305225	6	5210
80.5568695	6	5212
227.734565	16	5189
81.3851356	6	5213
76.8895149	6	5215
228.382110	16	5192
76.7991542	6	5217
88.5670185	6	5216
81.2165737	6	5218
81.4030170	6	5219
88.0646705	6	5220
81.8829536	6	5221
78.8710117	6	5223
227.485418	16	5200
80.4061889	6	5224
77.5141716	6	5226
227.974176	16	5203
82.2386741	6	5227
84.9399566	6	5228
83.3590030	6	5229
81.3307762	6	5230
81.0527801	6	5231
88.0808830	6	5232
77.5337219	6	5234
228.672981	16	5211
79.8470973	6	5235
77.9759883	6	5237
228.104829	16	5214
77.2583484	6	5238
81.7821025	6	5239
84.8627090	6	5240
82.4306011	6	5241
81.4719200	6	5242
81.2299251	6	5243
82.5791358	6	5245
77.6739120	6	5246
229.414701	16	5222
78.6476135	6	5248
228.190183	16	5225
78.6604881	6	5249
85.5624675	6	5250
84.8062038	6	5251
85.7458114	6	5253
83.7156772	6	5254
98.1605052	6	5252
77.6681900	6	5256
227.847814	16	5233
84.8581790	6	5257
77.6996612	6	5259
228.828430	16	5236
81.6376209	6	5260
80.6765556	6	5261
89.2989635	6	5262
80.0397396	6	5264
89.3619060	6	5263
89.5209312	6	5265
78.6638259	6	5267
78.0003070	6	5268
227.790117	16	5244
78.5667896	6	5270
76.8060684	6	5271
228.350877	16	5247
79.7641277	6	5272
79.6389579	6	5273
84.8686695	6	5275
82.8802585	6	5276
98.0741977	6	5274
228.043079	16	5255
83.3086967	6	5278
77.1954059	6	5279
79.1003704	6	5281
228.221654	16	5258
77.1861076	6	5282
77.1007537	6	5283
80.8453559	6	5284
80.6062221	6	5285
87.2087478	6	5286
86.5700244	6	5287
80.2047252	6	5289
227.871179	16	5266
84.3083858	6	5290
78.7317752	6	5292
228.022813	16	5269
81.8290710	6	5293
78.5443782	6	5294
79.3778896	6	5295
82.3214054	6	5296
81.5441608	6	5297
89.1277790	6	5298
81.9294452	6	5300
227.919101	16	5277
89.6368026	6	5301
81.5832614	6	5303
229.860067	16	5280
81.6659927	6	5304
83.9774608	6	5305
81.6335678	6	5306
83.2931995	6	5307
78.1033039	6	5309
90.4347896	6	5308
85.6342315	6	5311
227.954387	16	5288
83.8651657	6	5312
79.9655914	6	5315
228.739976	16	5291
90.0797843	6	5314
77.5978565	6	5317
92.5648212	6	5316
84.1574668	6	5318
84.3670368	6	5319
86.5247249	6	5320
79.3921947	6	5322
230.322599	16	5299
88.6085033	6	5323
79.4968605	6	5325
228.106975	16	5302
87.7425670	6	5326
85.6163501	6	5327
85.2200984	6	5328
86.5893363	6	5329
86.5943431	6	5330
85.5972766	6	5331
82.1774005	6	5333
227.985382	16	5310
81.6795825	6	5334
227.657556	16	5313
76.6887664	6	5337
84.9719047	6	5336
89.9860858	6	5338
86.4424705	6	5339
78.3791542	6	5341
91.1290645	6	5340
78.5925388	6	5342
77.4984359	6	5344
229.045391	16	5321
85.5600833	6	5345
78.0255794	6	5347
228.573083	16	5324
84.1088294	6	5348
80.3022384	6	5349
89.0443325	6	5350
89.0645980	6	5351
80.2276134	6	5353
90.0557041	6	5352
76.2944221	6	5355
228.684425	16	5332
80.9564590	6	5356
82.3030471	6	5358
228.145360	16	5335
81.1247825	6	5359
87.5899791	6	5360
87.7473354	6	5361
84.6850872	6	5363
92.1738147	6	5362
83.2571983	6	5364
78.7358283	6	5366
76.7805576	6	5367
227.809190	16	5343
78.6936283	6	5369
227.862834	16	5346
82.8924179	6	5370
84.9616527	6	5371
80.2824497	6	5373
79.6489715	6	5374
99.9946594	6	5372
83.7306976	6	5375
77.7094364	6	5377
228.205442	16	5354
77.6481628	6	5378
227.401733	16	5357
80.8846950	6	5380
79.3836116	6	5381
83.5750102	6	5382
81.8147659	6	5385
94.0752029	6	5383
94.2277908	6	5384
95.7756042	6	5386
228.502511	16	5365
84.3143463	6	5388
78.2024860	6	5389
79.4603824	6	5391
229.069471	16	5368
81.9141864	6	5392
79.4863700	6	5393
88.7706279	6	5394
89.4784927	6	5395
81.4778804	6	5397
93.1677818	6	5396
77.9099464	6	5399
228.607892	16	5376
81.3980102	6	5400
229.090213	16	5379
229.934930	16	5387
246.178150	16	5390
227.404356	16	5398
avg:  110.48451684139393
std:  55.8328253872747
p95:  228.56093645095825
p99:  229.30291891098022
com:  157.7014384266214
thg:  15.77014384266214
FCT:  34.24191975593567
que:  6.93419995131316
los:  0.0
4419 981
**********************
