[11 18 14 ... 19 11 20]
95.2210426	6	1
95.1900482	6	2
95.4487323	6	3
95.3028202	6	4
94.1092967	6	5
95.9572792	6	6
95.1266288	6	7
89.3414020	6	9
89.8725986	6	10
96.5211391	6	12
91.4874076	6	13
92.4713611	6	14
90.5077457	6	15
100.121498	6	16
93.2502746	6	17
95.4668521	6	18
287.105798	16	8
92.1537876	6	20
83.9922428	6	21
287.803649	16	11
83.6014747	6	23
83.8582515	6	24
84.1307640	6	25
82.7095508	6	26
81.2144279	6	27
96.4221954	6	28
86.3032341	6	29
287.706375	16	19
90.6937122	6	31
86.9321823	6	32
80.5881023	6	34
287.520647	16	22
85.0112438	6	35
84.0559005	6	36
81.4476013	6	37
84.1825008	6	38
96.7040061	6	39
85.0965976	6	40
79.2310237	6	42
288.357019	16	30
84.1197967	6	43
288.542985	16	33
87.2769355	6	45
83.3108425	6	46
81.2489986	6	47
86.7400169	6	48
84.5811367	6	49
81.9258689	6	50
84.2633247	6	51
288.393974	16	41
83.3847522	6	53
81.8958282	6	54
80.6314945	6	56
289.907932	16	44
84.7787857	6	57
84.6807956	6	58
81.8862915	6	59
83.6513042	6	60
84.8813056	6	61
77.3911476	6	62
287.030458	16	52
81.4201831	6	64
85.4418277	6	65
287.663698	16	55
87.6355171	6	67
85.9899520	6	68
83.6527347	6	69
85.1552486	6	70
83.9731693	6	71
85.1404666	6	72
85.9246253	6	73
287.204504	16	63
85.1373672	6	75
82.0364952	6	76
288.074493	16	66
83.7662220	6	78
82.9892158	6	79
77.9001712	6	80
80.2495479	6	81
85.2379798	6	82
77.6026248	6	83
83.4877490	6	84
287.882566	16	74
85.8347415	6	86
85.1249694	6	87
286.791324	16	77
82.4739933	6	89
83.7850570	6	90
85.2801799	6	91
85.5062007	6	92
81.4116001	6	93
85.2987766	6	94
83.8217735	6	95
228.786230	16	88
286.774158	16	85
81.3009738	6	97
83.8997364	6	98
86.2171649	6	100
84.1109752	6	101
78.8426399	6	102
84.7878456	6	103
85.1695537	6	104
83.8851928	6	105
78.6204338	6	106
228.444576	16	99
287.480115	16	96
86.4055156	6	108
80.4026126	6	109
80.7008743	6	111
86.2102508	6	112
85.6897830	6	113
82.9143524	6	114
84.7430229	6	115
83.3299160	6	116
81.9935798	6	117
228.525638	16	110
288.655042	16	107
84.5835208	6	119
78.3934593	6	120
80.5776119	6	122
84.6469402	6	123
86.7936611	6	124
80.5640220	6	125
86.7741107	6	126
81.4111232	6	127
85.2758884	6	128
228.755712	16	121
79.3659687	6	130
287.964344	16	118
84.2933654	6	131
80.4889202	6	133
84.8529338	6	134
80.7831287	6	135
85.0963592	6	136
85.3743553	6	137
80.7256698	6	138
85.5367183	6	139
227.790832	16	132
286.798715	16	129
78.4382820	6	141
82.8642845	6	142
84.8352909	6	144
84.1548442	6	145
86.5087509	6	146
84.8462581	6	147
86.3919258	6	148
83.2033157	6	149
79.0462493	6	150
228.543043	16	143
285.739898	16	140
85.8807563	6	152
83.4119319	6	153
80.4219245	6	155
85.8221054	6	156
84.1171741	6	157
78.4010887	6	158
85.2856636	6	159
229.419946	16	151
80.5869102	6	160
85.4668617	6	161
229.219675	16	154
84.5093727	6	163
85.0939750	6	164
80.1670551	6	166
85.2794647	6	167
85.0403308	6	168
82.8201770	6	169
86.2531661	6	170
229.208230	16	162
79.7860622	6	171
78.1996250	6	172
228.479862	16	165
80.6322097	6	174
78.4559249	6	175
81.2933444	6	177
86.6889953	6	178
84.8033428	6	179
83.9910507	6	180
82.9935073	6	181
229.004144	16	173
83.5344791	6	182
82.2546482	6	183
228.242397	16	176
83.2512378	6	185
78.4707069	6	186
79.8916816	6	188
83.4283828	6	189
79.9293518	6	190
81.1843872	6	191
84.7399234	6	192
229.435205	16	184
86.6911411	6	193
80.4281234	6	194
229.063749	16	187
86.8027210	6	196
80.5647373	6	197
84.4268798	6	199
81.6547870	6	200
83.7290287	6	201
80.5261135	6	202
83.7178230	6	203
233.045339	16	195
84.7389698	6	204
85.3497982	6	205
228.283405	16	198
87.5973701	6	207
81.4781188	6	208
85.0269794	6	210
86.7445468	6	211
78.1548023	6	212
80.0499916	6	213
86.4877700	6	214
228.850126	16	206
85.5746269	6	215
85.9029293	6	216
228.505611	16	209
81.3243389	6	218
85.1769447	6	219
85.7343673	6	221
87.5279903	6	222
84.2092037	6	223
86.7166519	6	224
81.0487270	6	225
228.512048	16	217
81.6361904	6	226
82.6034545	6	227
228.154659	16	220
84.6502780	6	229
85.8285427	6	230
82.8244686	6	232
83.0523967	6	233
83.3835601	6	234
82.0024013	6	235
86.8415832	6	236
228.894948	16	228
85.7098102	6	237
78.7494182	6	238
229.030847	16	231
84.5305919	6	240
83.2686424	6	241
83.6052894	6	243
85.4387283	6	244
78.1116485	6	245
83.6343765	6	246
81.2225341	6	247
229.051113	16	239
85.2799415	6	248
86.6975784	6	249
227.990150	16	242
78.4449577	6	251
85.3357315	6	252
83.5673809	6	254
83.4317207	6	255
86.3831043	6	256
83.9283466	6	257
86.5662097	6	258
229.278326	16	250
80.5039405	6	259
82.4983119	6	260
228.021383	16	253
85.0012302	6	262
83.2760334	6	263
79.2202949	6	265
84.4311714	6	266
86.8539810	6	267
81.8939208	6	268
81.9802284	6	269
228.960514	16	261
83.2502841	6	270
85.2813720	6	271
229.132175	16	264
83.7411880	6	273
81.1798572	6	274
77.4197578	6	276
83.6842060	6	277
85.3166580	6	278
86.2240791	6	279
83.6868286	6	280
229.181528	16	272
80.4369449	6	281
84.0699672	6	282
229.313611	16	275
82.7660560	6	284
78.1571865	6	285
82.1709632	6	287
81.3422203	6	288
85.7319831	6	289
80.5604457	6	290
86.2162113	6	291
228.502988	16	283
85.5119228	6	292
78.4988403	6	293
228.255987	16	286
84.6939086	6	295
85.9835147	6	296
84.1588973	6	298
84.0194225	6	299
83.9912891	6	300
77.5334835	6	301
84.1598510	6	302
228.339910	16	294
85.8840942	6	303
81.4838409	6	304
229.216337	16	297
81.0158252	6	306
87.1517658	6	307
83.4171772	6	309
81.1109542	6	310
83.4326744	6	311
85.5894088	6	312
86.6014957	6	313
228.187084	16	305
77.8324604	6	314
80.1403522	6	315
229.337692	16	308
85.5929851	6	317
83.5249423	6	318
83.6627483	6	320
86.2672328	6	321
85.3152275	6	322
85.3734016	6	323
81.5811157	6	324
227.918148	16	316
83.9064121	6	325
79.9393653	6	326
229.232549	16	319
83.9314460	6	328
83.1134319	6	329
82.0231437	6	331
85.6046676	6	332
85.2706432	6	333
81.5544128	6	334
81.2551975	6	335
228.201389	16	327
84.7599506	6	336
86.5848064	6	337
228.808164	16	330
83.3599567	6	339
83.2467079	6	340
85.4866504	6	342
81.0189247	6	343
83.4333896	6	344
86.3316059	6	345
84.4798088	6	346
229.416608	16	338
83.2920074	6	347
84.4008922	6	348
228.562355	16	341
81.2859535	6	350
82.7693939	6	351
83.4565162	6	353
85.0975513	6	354
83.7545394	6	355
85.1759910	6	356
82.8757286	6	357
229.530096	16	349
86.4570140	6	358
83.1394195	6	359
228.924274	16	352
86.2522125	6	361
84.5062732	6	362
83.2335948	6	364
81.1035633	6	365
79.2074203	6	366
83.9610099	6	367
82.0782184	6	368
228.333473	16	360
78.7248611	6	369
84.9239826	6	370
228.564500	16	363
82.4954509	6	372
82.9477310	6	373
80.8463096	6	375
87.0027542	6	376
83.7988853	6	377
81.4845561	6	378
85.2797031	6	379
228.780508	16	371
80.2967548	6	380
83.4982395	6	381
229.249477	16	374
85.0112438	6	383
82.5877189	6	384
81.7143917	6	386
81.2823772	6	387
84.5060348	6	388
85.7830047	6	389
81.7899703	6	390
229.604005	16	382
85.7706069	6	391
84.9971771	6	392
228.458166	16	385
83.9798450	6	394
81.1698436	6	395
84.2001438	6	397
83.7130546	6	398
85.1335525	6	399
86.1909389	6	400
83.8582515	6	401
228.300809	16	393
79.0381431	6	402
81.5348625	6	403
228.856325	16	396
77.6882171	6	405
77.4390697	6	406
80.8398723	6	408
84.0945243	6	409
80.7416439	6	410
84.9871635	6	411
83.8677883	6	412
228.906631	16	404
80.5666446	6	413
86.8282318	6	414
228.973388	16	407
80.6558132	6	416
81.8970203	6	417
81.6936492	6	419
84.4900608	6	420
81.5575122	6	421
85.9897136	6	422
85.6130123	6	423
228.574514	16	415
85.2348804	6	424
77.9588222	6	425
228.362083	16	418
84.2494964	6	427
83.1575393	6	428
85.0496292	6	430
85.5479240	6	431
82.4205875	6	432
78.3452987	6	433
84.8855972	6	434
228.805541	16	426
84.5899581	6	435
79.9436569	6	436
229.156255	16	429
80.9261798	6	438
85.7272148	6	439
83.7442874	6	441
86.2321853	6	442
83.9612483	6	443
77.8801441	6	444
85.2239131	6	445
228.386640	16	437
86.7359638	6	446
86.1015319	6	447
228.453874	16	440
81.8765163	6	449
85.8039855	6	450
78.7479877	6	452
87.4512195	6	453
78.0484676	6	454
84.3217372	6	455
85.1533412	6	456
228.788137	16	448
83.7905406	6	457
80.6758403	6	458
228.259086	16	451
83.5068225	6	460
87.4607563	6	461
83.3115577	6	463
85.0737094	6	464
78.5863399	6	465
87.1074199	6	466
83.6396217	6	467
229.262828	16	459
79.7464847	6	468
79.0817737	6	469
229.442834	16	462
81.0098648	6	471
86.6854190	6	472
83.6839675	6	474
86.1001014	6	475
80.4252624	6	476
85.3085517	6	477
81.3665390	6	478
230.124473	16	470
79.4973373	6	479
84.1097831	6	480
228.493452	16	473
78.4795284	6	482
84.3775272	6	483
83.6257934	6	485
83.5974216	6	486
81.1183452	6	487
77.8658390	6	488
85.2954387	6	489
228.389739	16	481
86.6332054	6	490
81.3603401	6	491
228.889942	16	484
84.5592021	6	493
83.8937759	6	494
78.9716243	6	496
83.8131904	6	497
78.8080692	6	498
78.3686637	6	499
82.1521282	6	500
229.605674	16	492
80.9986591	6	501
79.3702602	6	502
229.135513	16	495
86.7629051	6	504
80.7185173	6	505
81.5501213	6	507
82.2458267	6	508
84.1097831	6	509
86.5354537	6	510
80.7161331	6	511
227.965354	16	503
84.9874019	6	512
83.9073657	6	513
228.821992	16	506
81.1879634	6	515
84.0804576	6	516
85.3345394	6	518
85.4251384	6	519
83.7988853	6	520
79.8420906	6	521
84.8727226	6	522
229.176759	16	514
84.9082469	6	523
85.8004093	6	524
229.804754	16	517
81.4175605	6	526
85.6606960	6	527
85.2534770	6	529
83.7688446	6	530
78.4428119	6	531
80.7261466	6	532
82.4117660	6	533
227.990627	16	525
78.4108638	6	534
81.7987918	6	535
82.8390121	6	537
85.1862430	6	538
267.537832	16	528
84.2413902	6	540
84.1221809	6	541
84.1076374	6	542
83.6026668	6	543
83.7635993	6	544
228.457212	16	536
84.1448307	6	545
81.6490650	6	546
227.988004	16	539
78.0825614	6	548
77.9170989	6	549
87.9037380	6	551
81.6376209	6	552
80.0316333	6	553
80.2240371	6	554
83.7359428	6	555
228.369235	16	547
84.4197273	6	556
80.9342861	6	557
81.2115669	6	559
85.1273536	6	560
285.557270	16	550
85.8280658	6	562
81.5422534	6	563
80.8727741	6	564
82.2436809	6	565
84.8958492	6	566
229.162931	16	558
77.8164863	6	567
82.7839374	6	568
227.907180	16	561
80.1503658	6	570
88.1118774	6	571
83.5955142	6	573
85.5126380	6	574
81.6795825	6	575
77.7430534	6	576
85.9868526	6	577
229.795217	16	569
85.1604938	6	578
84.1705799	6	579
228.389024	16	572
81.5968513	6	581
84.0823650	6	582
82.2875499	6	584
83.8713645	6	585
79.4363021	6	586
86.1239433	6	587
84.5091342	6	588
227.993011	16	580
84.2130184	6	589
81.6614627	6	590
85.2892398	6	592
83.3249092	6	593
267.322063	16	583
82.2293758	6	595
80.8877944	6	596
84.6951007	6	597
81.2344551	6	598
81.2036991	6	599
227.762460	16	591
80.4028511	6	600
86.6155624	6	601
84.0110778	6	603
82.3318958	6	604
267.845630	16	594
83.5638046	6	606
85.1302146	6	607
82.9896926	6	608
84.8398208	6	609
82.8723907	6	610
83.6420059	6	611
81.3674926	6	612
268.683433	16	602
81.0871124	6	614
83.5995674	6	615
267.862796	16	605
84.4483375	6	617
83.2591056	6	618
84.6021175	6	619
78.2921314	6	620
84.3193531	6	621
228.611230	16	613
78.5007476	6	622
78.2799720	6	623
228.989124	16	616
84.1696262	6	625
86.2708091	6	626
81.3331604	6	628
85.4768753	6	629
83.4410190	6	630
81.2644958	6	631
84.4776630	6	632
85.4542255	6	633
83.5878849	6	634
268.001079	16	624
228.703022	16	627
82.9782485	6	636
85.6473445	6	637
83.5955142	6	639
85.5162143	6	640
84.1593742	6	641
82.1855068	6	642
81.2747478	6	643
79.1108608	6	644
78.4387588	6	645
268.759250	16	635
228.301525	16	638
81.1107158	6	647
83.3704471	6	648
84.2239856	6	650
82.1938514	6	651
79.6399116	6	652
86.7609977	6	653
82.1962356	6	654
85.3347778	6	655
81.4087390	6	656
269.253253	16	646
78.2694816	6	658
83.9352607	6	659
268.556833	16	649
85.5321884	6	661
84.2058658	6	662
83.1809043	6	663
79.1966915	6	664
86.6208076	6	665
77.5833129	6	666
77.8729915	6	667
268.818855	16	657
85.9053134	6	669
80.5041790	6	670
286.671638	16	660
84.9800109	6	672
84.8867893	6	673
78.5238742	6	674
83.7125778	6	675
84.9075317	6	676
228.923559	16	668
84.9480628	6	677
79.2801380	6	678
229.152202	16	671
84.3152999	6	680
83.9962959	6	681
81.1140537	6	683
85.1280689	6	684
78.4528255	6	685
83.8127136	6	686
86.5457057	6	687
83.4817886	6	688
86.1945152	6	689
268.384218	16	679
228.841066	16	682
85.2634906	6	691
85.0539207	6	692
84.2504501	6	694
82.0300579	6	695
78.7007808	6	696
83.0931663	6	697
81.5949440	6	698
229.698896	16	690
85.8769416	6	699
81.2485218	6	700
229.744672	16	693
78.7959098	6	702
83.9374065	6	703
84.0985774	6	705
83.5978984	6	706
80.1286697	6	707
80.2500247	6	708
83.2307338	6	709
229.202985	16	701
77.9156684	6	710
78.0422687	6	711
230.057716	16	704
84.0928554	6	713
82.2374820	6	714
84.0075016	6	716
83.6749076	6	717
81.8290710	6	718
80.4002285	6	719
83.8277339	6	720
228.325366	16	712
86.6372585	6	721
78.6066055	6	722
228.837490	16	715
82.9322338	6	724
83.6760997	6	725
84.4528675	6	727
84.5384597	6	728
79.0717601	6	729
78.4175395	6	730
85.5123996	6	731
87.6700878	6	732
82.3450088	6	733
268.033027	16	723
228.853940	16	726
80.7111263	6	735
81.9962024	6	736
80.2061557	6	738
85.0536823	6	739
80.4538726	6	740
85.5042934	6	741
81.1171531	6	742
80.7776451	6	743
78.3169269	6	744
269.300460	16	734
81.9857120	6	746
81.1347961	6	747
268.643617	16	737
80.7909965	6	749
84.6378803	6	750
79.7688961	6	751
81.9976329	6	752
86.2932205	6	753
229.279994	16	745
78.8090229	6	754
83.4407806	6	755
80.3649425	6	757
81.8402767	6	758
268.128395	16	748
81.0766220	6	760
81.4225673	6	761
85.9422683	6	762
81.8121433	6	763
84.3799114	6	764
84.1004848	6	765
85.9992504	6	766
269.454002	16	756
84.5332145	6	768
80.6696414	6	769
268.478393	16	759
82.3445320	6	771
84.7022533	6	772
84.5191478	6	773
80.8889865	6	774
86.5132808	6	775
229.512214	16	767
84.7735404	6	776
78.9878368	6	777
229.343652	16	770
81.4545154	6	779
82.9110145	6	780
83.2087993	6	782
80.8498859	6	783
85.4167938	6	784
83.6243629	6	785
84.2063426	6	786
84.0575695	6	787
84.4242572	6	788
290.128946	16	778
83.5018157	6	790
86.2674713	6	791
290.680646	16	781
83.5435390	6	793
81.8064212	6	794
84.3307971	6	795
81.6159248	6	796
87.5153541	6	797
227.915048	16	789
78.0246257	6	798
86.2863063	6	799
228.900671	16	792
81.8848609	6	801
83.2791328	6	802
84.1619968	6	804
83.8811397	6	805
79.5004367	6	806
79.0812969	6	807
86.5349769	6	808
228.969335	16	800
85.3118896	6	809
78.2270431	6	810
228.613853	16	803
80.8169841	6	812
81.0673236	6	813
81.8300247	6	815
86.1825942	6	816
85.8843326	6	817
78.9480209	6	818
85.8306884	6	819
228.702068	16	811
83.9262008	6	820
80.8327198	6	821
80.8482170	6	823
83.7779045	6	824
267.854452	16	814
79.2946815	6	826
83.3706855	6	827
86.6775512	6	828
77.8055191	6	829
83.1167697	6	830
228.944063	16	822
83.0855369	6	831
82.4437141	6	832
83.5244655	6	834
81.6457271	6	835
267.654418	16	825
83.1751823	6	837
81.9504261	6	838
83.7240219	6	839
78.9897441	6	840
83.5571289	6	841
85.4759216	6	842
81.4554691	6	843
81.1805725	6	845
290.191173	16	833
77.1527290	6	846
269.553422	16	836
83.5816860	6	848
83.4584236	6	849
80.1019668	6	850
83.3237171	6	851
82.2427272	6	852
227.814674	16	844
78.1283378	6	853
85.2477550	6	854
80.7442665	6	856
80.8303356	6	857
269.836664	16	847
86.3003730	6	859
84.1231346	6	860
80.8167457	6	861
84.6092700	6	862
84.2139720	6	863
85.3068828	6	864
79.0112018	6	865
267.007589	16	855
228.158473	16	858
84.6936702	6	867
81.0806751	6	868
80.2857875	6	870
82.9660892	6	871
78.0475139	6	872
79.1604518	6	873
87.1992111	6	874
228.932142	16	866
81.3078880	6	875
78.5338878	6	876
83.5733413	6	878
83.1117630	6	879
268.679141	16	869
80.7728767	6	881
83.3437442	6	882
86.5471363	6	883
80.5628299	6	884
81.2139511	6	885
230.101108	16	877
80.7616710	6	886
79.7665119	6	887
82.4494361	6	889
80.8041095	6	890
284.831523	16	880
83.3194255	6	892
86.7269039	6	893
84.5532417	6	894
84.7103595	6	895
85.1104259	6	896
86.1783027	6	897
84.2688083	6	898
267.700672	16	888
227.901697	16	891
81.6390514	6	900
85.4969024	6	901
88.4709358	6	903
82.5755596	6	904
85.1860046	6	905
80.4121494	6	906
84.9518775	6	907
228.555679	16	899
84.9471092	6	908
79.7290802	6	909
228.293180	16	902
78.9401531	6	911
84.4233036	6	912
80.9996128	6	914
86.5390300	6	915
83.4639072	6	916
78.3119201	6	917
83.3351612	6	918
78.9599418	6	919
82.8208923	6	920
227.748394	16	913
283.377408	16	910
80.0895690	6	922
85.7903957	6	923
86.9178771	6	925
84.1100215	6	926
81.8216800	6	927
84.6920013	6	928
84.1982364	6	929
82.1065902	6	930
78.9597034	6	931
228.458642	16	924
285.434722	16	921
82.1065902	6	933
85.4957103	6	934
80.4831981	6	936
83.9350223	6	937
78.9918899	6	938
86.6088867	6	939
86.1661434	6	940
228.029727	16	932
83.3017826	6	941
81.2919139	6	942
83.0183029	6	944
78.2687664	6	945
268.102407	16	935
84.9864482	6	947
82.9102993	6	948
77.9409408	6	949
84.7315788	6	950
84.1329097	6	951
77.4056911	6	952
85.2074623	6	953
268.263816	16	943
228.239536	16	946
83.8322639	6	955
85.2749347	6	956
86.3335132	6	958
83.6415290	6	959
84.8577022	6	960
85.7529640	6	961
83.8787555	6	962
86.2691402	6	963
78.9284706	6	964
268.127918	16	954
228.941202	16	957
80.7342529	6	966
83.4689140	6	967
80.6190967	6	969
85.5133533	6	970
84.1624736	6	971
81.5336704	6	972
82.9963684	6	973
229.364633	16	965
85.9208106	6	974
82.6978683	6	975
228.193283	16	968
82.1824073	6	977
84.7237110	6	978
80.0848007	6	980
84.4073295	6	981
79.5855522	6	982
81.3419818	6	983
86.1470699	6	984
229.984283	16	976
85.6177806	6	985
84.8269462	6	986
228.595256	16	979
80.4870128	6	988
83.2293033	6	989
77.5122642	6	991
85.0338935	6	992
86.5936279	6	993
86.1394405	6	994
82.8087329	6	995
83.9886665	6	996
83.2512378	6	997
267.766237	16	987
229.619979	16	990
83.2402706	6	999
86.0023498	6	1000
83.3530426	6	1002
81.0139179	6	1003
83.8909149	6	1004
83.1372737	6	1005
85.7000350	6	1006
85.8466625	6	1007
83.7600231	6	1008
288.715839	16	998
83.7879180	6	1010
85.6313705	6	1011
288.627624	16	1001
84.1212272	6	1013
85.2866172	6	1014
83.1518173	6	1015
85.3848457	6	1016
83.3332538	6	1017
84.9845409	6	1018
81.4352035	6	1019
268.321275	16	1009
228.492259	16	1012
84.9735736	6	1021
85.6821537	6	1022
85.5336189	6	1024
82.2424888	6	1025
82.9899311	6	1026
81.1715126	6	1027
85.0408077	6	1028
84.0003490	6	1029
79.8957347	6	1030
228.565454	16	1023
285.030126	16	1020
80.8491706	6	1032
80.3203582	6	1033
86.7502689	6	1035
86.4331722	6	1036
80.7583332	6	1037
86.7524147	6	1038
80.3704261	6	1039
227.930784	16	1031
85.3242874	6	1040
84.7923755	6	1041
228.715181	16	1034
84.8572254	6	1043
82.5312137	6	1044
83.2226276	6	1046
85.7355594	6	1047
77.7134895	6	1048
85.0851535	6	1049
83.6949348	6	1050
227.834463	16	1042
84.4984054	6	1051
83.6615562	6	1052
228.380680	16	1045
83.0492973	6	1054
79.3023109	6	1055
79.4036388	6	1057
86.3170623	6	1058
84.4871997	6	1059
88.1750583	6	1060
83.7459564	6	1061
85.8299732	6	1062
82.5846195	6	1063
229.251384	16	1056
284.583806	16	1053
84.1445922	6	1065
78.3185958	6	1066
88.7844562	6	1068
84.7027301	6	1069
85.0863456	6	1070
82.6761722	6	1071
81.0351371	6	1072
86.6365432	6	1073
83.3065509	6	1074
269.589900	16	1064
82.0882320	6	1076
79.6842575	6	1077
269.798040	16	1067
80.7783603	6	1079
81.4414024	6	1080
85.3846073	6	1081
83.7533473	6	1082
81.7270278	6	1083
229.274034	16	1075
86.2085819	6	1084
80.3363323	6	1085
228.510141	16	1078
84.0854644	6	1087
85.7682228	6	1088
84.1605663	6	1090
83.9293003	6	1091
83.9173793	6	1092
81.9315910	6	1093
84.3362808	6	1094
84.0456485	6	1095
80.5263519	6	1096
268.317699	16	1086
80.1403522	6	1098
83.0187797	6	1099
268.509864	16	1089
84.2235088	6	1101
82.6992988	6	1102
79.4312953	6	1103
86.1961841	6	1104
81.5145969	6	1105
87.1400833	6	1106
77.9035091	6	1107
268.519401	16	1097
85.6680870	6	1109
85.6847763	6	1110
286.321163	16	1100
83.9982032	6	1112
84.9549770	6	1113
84.5084190	6	1114
84.0566158	6	1115
81.5372467	6	1116
85.4499340	6	1117
77.4827003	6	1118
267.938613	16	1108
228.837728	16	1111
84.1305255	6	1120
85.6604576	6	1121
85.3102207	6	1123
83.1384658	6	1124
77.9724121	6	1125
85.1900577	6	1126
80.7938575	6	1127
229.474782	16	1119
85.5650901	6	1128
85.4442119	6	1129
83.3563804	6	1131
83.7776660	6	1132
267.266511	16	1122
81.0441970	6	1134
86.1113071	6	1135
85.2258205	6	1136
77.9228210	6	1137
84.7592353	6	1138
79.3499946	6	1139
85.4606628	6	1140
290.022611	16	1130
83.7414264	6	1142
83.6420059	6	1143
287.789344	16	1133
85.4949951	6	1145
81.5100669	6	1146
88.0885124	6	1147
81.3436508	6	1148
85.4585170	6	1149
229.490280	16	1141
78.4142017	6	1150
79.3843269	6	1151
228.745460	16	1144
80.7807445	6	1153
85.6189727	6	1154
80.3780555	6	1156
84.6858024	6	1157
84.4070911	6	1158
76.9574642	6	1159
83.7695598	6	1160
228.912830	16	1152
84.4376087	6	1161
86.2288475	6	1162
80.7137489	6	1164
83.9006900	6	1165
267.798423	16	1155
83.9514732	6	1167
85.0648880	6	1168
84.1896533	6	1169
78.0377388	6	1170
84.1193199	6	1171
85.0913524	6	1172
80.0323486	6	1173
267.994165	16	1163
230.737209	16	1166
86.7578983	6	1175
83.6997032	6	1176
80.5394649	6	1178
86.9526863	6	1179
85.6916904	6	1180
81.6807746	6	1181
83.3520889	6	1182
86.4264965	6	1183
80.7750225	6	1184
267.240285	16	1174
228.578090	16	1177
80.4030895	6	1186
84.4089984	6	1187
80.0302028	6	1189
85.6809616	6	1190
86.3642692	6	1191
82.2908878	6	1192
83.2223892	6	1193
84.2645168	6	1194
86.5845680	6	1195
268.467426	16	1185
82.3898315	6	1197
84.4330787	6	1198
269.334554	16	1188
84.0470790	6	1200
86.4410400	6	1201
83.8167667	6	1202
87.0494842	6	1203
80.9917449	6	1204
80.3380012	6	1205
86.0009193	6	1206
269.200563	16	1196
80.8506011	6	1208
86.1892700	6	1209
268.942832	16	1199
85.6852531	6	1211
81.8638801	6	1212
86.5795612	6	1213
84.2714309	6	1214
81.4478397	6	1215
83.0864906	6	1216
81.6531181	6	1217
268.532752	16	1207
78.6957740	6	1219
84.5365524	6	1220
286.782741	16	1210
80.7504653	6	1222
83.6303234	6	1223
86.4586830	6	1224
78.4842967	6	1225
83.4958553	6	1226
228.258132	16	1218
80.1138877	6	1227
84.2609405	6	1228
86.3964557	6	1230
83.5409164	6	1231
285.160541	16	1221
82.2026729	6	1233
86.7042541	6	1234
84.4225883	6	1235
86.5888595	6	1236
81.0062885	6	1237
229.001760	16	1229
80.6150436	6	1238
82.9184055	6	1239
228.181838	16	1232
84.6886634	6	1241
79.7662734	6	1242
85.8254432	6	1244
81.5804004	6	1245
81.2849998	6	1246
82.6833248	6	1247
81.9137096	6	1248
82.8778743	6	1249
81.9816589	6	1250
229.018449	16	1243
284.982681	16	1240
83.0349922	6	1252
79.3468952	6	1253
84.6869945	6	1255
88.3665084	6	1256
87.7823829	6	1257
85.7222080	6	1258
83.5509300	6	1259
228.261232	16	1251
85.3869915	6	1260
83.3599567	6	1261
81.6376209	6	1263
85.6726169	6	1264
267.300367	16	1254
78.6168575	6	1266
84.4676494	6	1267
83.2707881	6	1268
83.4786891	6	1269
87.2185230	6	1270
228.438377	16	1262
82.1495056	6	1271
80.8913707	6	1272
85.5410099	6	1274
83.4963321	6	1275
266.858100	16	1265
82.4313163	6	1277
83.7521553	6	1278
84.8915576	6	1279
84.4290256	6	1280
80.6159973	6	1281
228.824853	16	1273
84.3281745	6	1282
81.1231136	6	1283
228.794813	16	1276
78.5694122	6	1285
84.7108364	6	1286
79.2930126	6	1288
84.0911865	6	1289
86.7385864	6	1290
86.2298011	6	1291
80.5702209	6	1292
80.8994770	6	1293
84.4724178	6	1294
270.243167	16	1284
81.4478397	6	1296
80.2140235	6	1297
270.952224	16	1287
82.2777748	6	1299
85.7350826	6	1300
85.4020118	6	1301
84.2230319	6	1302
83.4178924	6	1303
80.9996128	6	1304
84.5978260	6	1305
269.945144	16	1295
81.2368392	6	1307
85.1504802	6	1308
286.516904	16	1298
78.5262584	6	1310
85.1082801	6	1311
86.0581398	6	1312
78.1507492	6	1313
84.1205120	6	1314
81.1433792	6	1315
78.0973434	6	1316
268.622398	16	1306
87.0783329	6	1318
79.3557167	6	1319
269.853830	16	1309
84.4476222	6	1321
87.0656967	6	1322
85.2549076	6	1323
82.5855731	6	1324
83.6489200	6	1325
84.9907398	6	1326
86.5848064	6	1327
268.604516	16	1317
85.4015350	6	1329
87.1863365	6	1330
285.794734	16	1320
82.1948051	6	1332
82.7541351	6	1333
85.5283737	6	1334
81.7742347	6	1335
84.8026275	6	1336
80.3332328	6	1337
78.2263278	6	1338
268.305778	16	1328
228.443861	16	1331
86.2410068	6	1340
81.4251899	6	1341
82.4103355	6	1343
85.0863456	6	1344
79.6759128	6	1345
83.1749439	6	1346
83.0814838	6	1347
79.3137550	6	1348
83.5862159	6	1349
267.171859	16	1339
228.950023	16	1342
80.7876586	6	1351
81.4371109	6	1352
83.8980674	6	1354
83.1201076	6	1355
84.7382545	6	1356
86.4500999	6	1357
82.1683406	6	1358
85.7782363	6	1359
81.2237262	6	1360
287.603378	16	1350
83.3039283	6	1362
80.0859928	6	1363
286.753654	16	1353
78.9370536	6	1365
83.1685066	6	1366
78.7298679	6	1367
87.7592563	6	1368
84.6703052	6	1369
81.5505981	6	1370
84.1040611	6	1371
228.469133	16	1364
285.512685	16	1361
85.6473445	6	1373
84.2626094	6	1374
86.8258476	6	1376
84.3162536	6	1377
85.2506160	6	1378
77.9600143	6	1379
85.9942436	6	1380
228.796720	16	1372
81.1216831	6	1381
81.5248489	6	1382
229.276418	16	1375
84.5985412	6	1384
81.8233489	6	1385
85.3598117	6	1387
83.6369991	6	1388
84.2754840	6	1389
78.7487030	6	1390
80.5518627	6	1391
86.3966941	6	1392
79.6964168	6	1393
269.490480	16	1383
80.7240009	6	1395
80.5943012	6	1396
269.520998	16	1386
81.4752578	6	1398
86.3516330	6	1399
84.1631889	6	1400
84.5024585	6	1401
80.7657241	6	1402
228.670120	16	1394
80.6260108	6	1403
86.3885879	6	1404
79.5104503	6	1406
84.2897891	6	1407
267.950534	16	1397
85.2694511	6	1409
81.6509723	6	1410
82.5777053	6	1411
85.3500366	6	1412
85.6065750	6	1413
77.8455734	6	1414
78.8655281	6	1415
267.570257	16	1405
228.190183	16	1408
82.6954841	6	1417
86.6949558	6	1418
85.2048397	6	1420
84.7682952	6	1421
85.9298706	6	1422
83.1937789	6	1423
86.8232250	6	1424
229.820966	16	1416
83.6739540	6	1425
80.6834697	6	1426
83.4946632	6	1428
82.5238227	6	1429
267.699718	16	1419
79.8878669	6	1431
84.6736431	6	1432
77.7893066	6	1433
85.5562686	6	1434
85.8404636	6	1435
85.9739780	6	1436
81.4247131	6	1437
268.283843	16	1427
85.4744911	6	1439
84.0132236	6	1440
285.662889	16	1430
81.3198089	6	1442
83.8906764	6	1443
81.6347599	6	1444
83.0121040	6	1445
86.4787101	6	1446
80.8396339	6	1447
87.4023437	6	1448
286.118030	16	1438
78.0074596	6	1450
83.4794044	6	1451
287.918090	16	1441
82.1743011	6	1453
86.3595008	6	1454
84.7761631	6	1455
87.0749950	6	1456
81.3605785	6	1457
228.954553	16	1449
84.2237472	6	1458
84.8083496	6	1459
228.304624	16	1452
86.1408710	6	1461
81.4254283	6	1462
86.4844322	6	1464
83.8570594	6	1465
84.2695236	6	1466
85.6001377	6	1467
80.1124572	6	1468
84.0959548	6	1469
77.6450634	6	1470
231.387138	16	1463
286.587238	16	1460
86.1134529	6	1472
85.9296321	6	1473
83.7230682	6	1475
84.6903324	6	1476
78.6640644	6	1477
82.7679634	6	1478
86.8427753	6	1479
227.634668	16	1471
85.5572223	6	1480
84.2199325	6	1481
228.374958	16	1474
80.0566673	6	1483
81.6497802	6	1484
86.0743522	6	1486
81.4213752	6	1487
84.8252773	6	1488
84.4941139	6	1489
86.6019725	6	1490
228.247880	16	1482
77.4955749	6	1491
85.8108997	6	1492
229.573488	16	1485
81.4945697	6	1494
82.6890468	6	1495
83.2386016	6	1497
80.1692008	6	1498
86.5683555	6	1499
80.8696746	6	1500
85.4778289	6	1501
83.4004878	6	1502
85.3571891	6	1503
287.847042	16	1493
80.5788040	6	1505
82.8287601	6	1506
269.428014	16	1496
85.7727527	6	1508
85.5262279	6	1509
80.1622867	6	1510
78.7065029	6	1511
86.5099430	6	1512
230.135679	16	1504
85.3364467	6	1513
76.8234729	6	1514
80.7855129	6	1516
77.4958133	6	1517
268.035888	16	1507
87.0621204	6	1519
86.5917205	6	1520
80.0211429	6	1521
85.1259231	6	1522
85.3703022	6	1523
86.4324569	6	1524
80.9154510	6	1525
269.790172	16	1515
86.9910717	6	1527
86.0178470	6	1528
286.324977	16	1518
82.0448398	6	1530
86.2765312	6	1531
85.4668617	6	1532
86.2066745	6	1533
81.1457633	6	1534
229.849338	16	1526
84.6011638	6	1535
83.7619304	6	1536
85.6657028	6	1538
79.3094635	6	1539
267.290353	16	1529
82.8077793	6	1541
80.7902812	6	1542
84.6831798	6	1543
85.9308242	6	1544
81.9993019	6	1545
84.7005844	6	1546
86.5693092	6	1547
268.932580	16	1537
228.412628	16	1540
81.5238952	6	1549
85.1144790	6	1550
83.7979316	6	1552
84.0408802	6	1553
86.4384174	6	1554
83.7030410	6	1555
227.623701	16	1548
86.5840911	6	1556
83.8046073	6	1557
86.2448215	6	1558
228.252887	16	1551
84.5580101	6	1560
86.6920948	6	1561
83.9831829	6	1563
85.4508876	6	1564
84.6426486	6	1565
83.6527347	6	1566
81.2311172	6	1567
230.242490	16	1559
83.5077762	6	1568
85.3261947	6	1569
79.0579319	6	1571
84.2182636	6	1572
268.293857	16	1562
84.7802162	6	1574
82.6942920	6	1575
85.2630138	6	1576
77.8791904	6	1577
80.2197456	6	1578
85.2067470	6	1579
81.6471576	6	1580
286.458969	16	1570
84.5468044	6	1582
83.4808349	6	1583
285.535812	16	1573
80.7094573	6	1585
85.3261947	6	1586
79.1134834	6	1587
85.5965614	6	1588
85.7439041	6	1589
228.748321	16	1581
85.4403972	6	1590
84.3298435	6	1591
85.4628086	6	1593
83.6651325	6	1594
267.474651	16	1584
84.6693515	6	1596
84.1600894	6	1597
85.3583812	6	1598
80.1486968	6	1599
84.6664905	6	1600
229.939937	16	1592
83.4136009	6	1601
78.1805515	6	1602
83.2047462	6	1604
81.6349983	6	1605
267.552375	16	1595
81.0811519	6	1607
84.7258567	6	1608
78.7332057	6	1609
86.3878726	6	1610
83.8291645	6	1611
80.5876255	6	1612
78.5131454	6	1613
268.929004	16	1603
85.5586528	6	1615
83.7330818	6	1616
269.518136	16	1606
80.8138847	6	1618
84.4445228	6	1619
86.2736701	6	1620
81.4986228	6	1621
84.7964286	6	1622
227.928161	16	1614
85.7210159	6	1623
78.1135559	6	1624
78.4788131	6	1626
77.6400566	6	1627
268.676042	16	1617
85.5519771	6	1629
82.7314853	6	1630
85.0598812	6	1631
80.9798240	6	1632
84.2769145	6	1633
228.402614	16	1625
84.8362445	6	1634
82.0956230	6	1635
228.222131	16	1628
84.9568843	6	1637
84.1078758	6	1638
80.1157951	6	1640
83.7094783	6	1641
86.1375331	6	1642
84.6569538	6	1643
83.9033126	6	1644
228.525400	16	1636
85.9284400	6	1645
81.5994739	6	1646
84.4411849	6	1648
83.7774276	6	1649
267.152786	16	1639
83.8968753	6	1651
85.8864784	6	1652
86.0755443	6	1653
85.0408077	6	1654
81.9101333	6	1655
229.118585	16	1647
77.9428482	6	1656
83.1680297	6	1657
229.042291	16	1650
77.0561695	6	1659
83.1580162	6	1660
83.6100578	6	1662
83.4157466	6	1663
83.7559700	6	1664
85.2522850	6	1665
83.2309722	6	1666
86.5161418	6	1667
83.0714702	6	1668
289.128780	16	1658
86.0676765	6	1670
85.5872631	6	1671
288.020372	16	1661
86.2720012	6	1673
81.5474987	6	1674
85.5720043	6	1675
83.9762687	6	1676
84.1529369	6	1677
228.936672	16	1669
83.0061435	6	1678
82.8046798	6	1679
227.808713	16	1672
81.1967849	6	1681
82.0834636	6	1682
86.5855216	6	1684
84.8596096	6	1685
83.7738513	6	1686
81.7973613	6	1687
80.3532600	6	1688
83.4667682	6	1689
85.1957798	6	1690
228.106737	16	1683
286.583423	16	1680
83.1406116	6	1692
84.2523574	6	1693
83.5957527	6	1695
86.8017673	6	1696
83.4546089	6	1697
81.7549228	6	1698
80.6336402	6	1699
228.838443	16	1691
86.6081714	6	1700
81.9737911	6	1701
84.1789245	6	1703
80.1620483	6	1704
268.607139	16	1694
84.5694541	6	1706
80.3949832	6	1707
84.5761299	6	1708
85.9811305	6	1709
84.8560333	6	1710
230.349302	16	1702
80.0578594	6	1711
82.4427604	6	1712
83.2016468	6	1714
81.0604095	6	1715
266.730785	16	1705
85.0532054	6	1717
83.6477279	6	1718
83.3423137	6	1719
84.6138000	6	1720
85.6447219	6	1721
228.357553	16	1713
84.3429565	6	1722
83.4360122	6	1723
228.954792	16	1716
78.5033702	6	1725
83.7602615	6	1726
83.8453769	6	1728
82.1373462	6	1729
85.2572917	6	1730
85.6113433	6	1731
84.3317508	6	1732
229.518651	16	1724
85.5727195	6	1733
85.2620601	6	1734
229.132890	16	1727
82.8800201	6	1736
86.4541530	6	1737
81.2451839	6	1739
80.9369087	6	1740
86.8244171	6	1741
78.7281990	6	1742
82.6103687	6	1743
80.0285339	6	1744
79.6713829	6	1745
269.249200	16	1735
85.1237773	6	1747
81.3398361	6	1748
286.449193	16	1738
87.0904922	6	1750
84.3200683	6	1751
84.1631889	6	1752
82.3590755	6	1753
85.1163864	6	1754
83.1601619	6	1755
83.5518836	6	1756
271.348953	16	1746
86.4193439	6	1758
81.0754299	6	1759
268.337726	16	1749
85.8299732	6	1761
81.9556713	6	1762
85.4015350	6	1763
78.8960456	6	1764
86.3676071	6	1765
85.1111412	6	1766
79.4785022	6	1767
268.990755	16	1757
81.9914340	6	1769
86.1120223	6	1770
287.436962	16	1760
85.0241184	6	1772
82.1394920	6	1773
83.7798118	6	1774
85.1383209	6	1775
84.2335224	6	1776
78.0699253	6	1777
81.0248851	6	1778
268.134117	16	1768
227.809429	16	1771
85.5534076	6	1780
84.5773220	6	1781
84.5522880	6	1783
82.2257995	6	1784
84.2921733	6	1785
87.2166156	6	1786
82.0286273	6	1787
79.2355537	6	1788
80.8792114	6	1789
268.175125	16	1779
88.4659290	6	1791
83.3902359	6	1792
268.260240	16	1782
83.7161540	6	1794
84.6872329	6	1795
83.9242935	6	1796
81.4163684	6	1797
80.8439254	6	1798
228.470325	16	1790
90.5091762	6	1799
105.040788	6	1800
227.471590	16	1793
avg:  113.29109840922885
std:  64.54775285314165
p95:  268.5339570045471
p99:  287.8040838241577
com:  57.32506083493596
thg:  5.732506083493596
FCT:  31.399879455566406
que:  9.183577564027575
los:  0.0
1474 326
**********************
