[59 68 78 72 73 69 80 77 73 76 72 76 77 50 80 71 58 63 59 85 69 80 64 77
 67 76 59 60 74 71 76 72 69 66 80 62 70 69 67 68 74 75 58 71 74 80 93 58
 55 81 73 65 72 62 65 86 59 70 60 86 69 79 70 62 65 72 76 75 69 76 67 75
 68 61 72 67 68 69 73 82 74 84 56 68 75 73 67 68 82 52 70 80 89 75 65 65
 83 66 68 82 82 73 59 80 61 74 83 89 73 73 83 51 70 64 70 76 70 81 78 68
 76 61 72 74 71 71 58 61 62 69 63 75 71 70 63 83 70 72 72 70 71 73 73 64
 63 77 63 66 80 74 67 61 87 71 77 69 69 73 66 72 63 56 70 81 76 79 80 60
 72 76 75 74 51 64 80 81 74 66 78 79 65 71 77 60 72 60 79 72 80 83 65 66
 80 65 72 65 89 84 75 62 63 75 71 77 74 65 74 74 67 67 75 89 84 67 68 62
 65 70 78 66 75 82 54 79 70 89 85 59 93 75 58 66 75 67 82 66 75 71 76 66
 59 70 70 79 77 64 55 68 62 77 83 55 73 69 89 75 77 81 62 80 62 51 73 84
 70 79 76 55 81 64 65 81 61 92 85 87 68 66 72 68 68 78 69 65 83 75 70 71
 82 72 75 72 78 64 69 64 81 73 67 77 66 67 77 75 75 67 79 60 60 66 60 70
 90 54 76 75 75 68 68 70 83 58 80 73 65 73 77 75 71 74 63 56 73 55 68 75
 82 59 66 57 74 70 74 68 80 84 65 67 73 65 74 70 64 62 63 64 65 64 64 72
 76 73 79 70 64 64 68 74 73 63 60 77 80 70 66 78 76 65 60 88 74 74 54 80
 66 79 86 69 64 74 71 68 42 67 77 90 60 71 71 79 84 62 59 63 65 80 83 70
 67 66 72 70 80 70 81 70 64 82 73 63 89 63 74 66 77 68 85 73 75 69 76 73
 81 70 87 82 82 65 65 78 67 86 77 59 64 79 83 81 69 82 80 74 69 72 72 70
 79 54 74 63 78 72 81 85 81 68 80 66 68 64 70 66 76 78 67 70 60 62 71 77
 77 54 74 74 65 70 78 81 72 50 82 73 61 79 78 56 68 68 74 63]
The transmit rate is 14.0
222.841501	6	1
230.477333	6	2
247.008085	6	3
204.725027	6	5
212.991714	6	6
262.593507	6	7
217.806339	6	8
247.989416	6	9
199.142456	6	11
819.388389	16	4
202.385663	6	12
220.987319	6	13
268.500804	6	14
260.327100	6	15
268.184900	6	17
843.458890	16	10
292.183399	6	18
265.270948	6	19
277.622938	6	20
254.188537	6	21
261.182069	6	23
209.936141	6	24
833.807229	16	16
251.844644	6	25
219.343662	6	26
221.101760	6	27
210.170269	6	29
198.427677	6	30
215.542793	6	31
915.993690	16	22
215.024471	6	33
312.545776	6	32
219.137191	6	35
211.672306	6	36
264.111280	6	37
968.173027	16	28
248.284339	6	38
259.123086	6	39
210.531234	6	41
235.272645	6	42
839.456796	16	34
226.261615	6	43
253.204584	6	44
254.801750	6	45
257.734537	6	47
851.278543	16	40
241.581678	6	48
254.073381	6	49
251.451015	6	50
218.106031	6	51
222.575187	6	53
231.496095	6	54
832.816600	16	46
253.073453	6	55
207.099437	6	57
274.267673	6	56
223.992347	6	59
228.766918	6	60
834.445714	16	52
207.731723	6	61
328.195333	6	62
278.086662	6	63
224.735498	6	65
844.301462	16	58
263.373136	6	66
225.722789	6	67
285.616159	6	68
282.734155	6	69
265.172958	6	71
832.032203	16	64
295.290231	6	72
265.396595	6	73
232.035398	6	74
221.337795	6	77
363.018989	6	75
241.667747	6	78
833.125352	16	70
226.390600	6	79
209.918975	6	80
199.295997	6	81
256.150484	6	83
209.816455	6	84
834.543466	16	76
214.049816	6	85
224.956512	6	86
226.034641	6	87
195.359706	6	89
258.172273	6	90
839.615106	16	82
232.227325	6	91
253.349304	6	92
265.432834	6	93
832.029581	16	88
317.012548	6	95
296.121835	6	96
255.337953	6	97
252.251863	6	98
209.322452	6	99
232.291936	6	101
842.098951	16	94
241.314888	6	102
208.886623	6	103
207.637786	6	105
274.583339	6	104
212.840795	6	107
829.770565	16	100
223.937034	6	108
206.883192	6	109
234.359741	6	110
236.913681	6	111
246.453762	6	113
849.067687	16	106
299.280166	6	114
242.451667	6	115
271.024703	6	116
283.849716	6	117
839.686870	16	112
342.172145	6	119
317.646980	6	120
244.667053	6	122
340.644359	6	121
237.931013	6	123
233.365058	6	124
220.131635	6	126
834.489345	16	118
205.790996	6	127
224.987268	6	129
316.374540	6	128
268.700599	6	130
223.882675	6	132
223.672866	6	133
832.837820	16	125
355.180740	6	134
290.940999	6	135
205.760717	6	136
240.579366	6	138
216.766357	6	139
841.630697	16	131
211.770057	6	140
230.027437	6	141
216.653347	6	142
201.407909	6	144
268.577098	6	145
836.278676	16	137
287.058591	6	146
261.555194	6	147
224.593162	6	148
272.893428	6	150
248.908042	6	151
840.190172	16	143
270.538091	6	152
217.603445	6	153
205.525636	6	154
212.331771	6	156
829.746484	16	149
245.175361	6	157
225.230455	6	158
210.406064	6	159
215.650081	6	160
204.460144	6	162
201.218843	6	163
835.402011	16	155
217.362880	6	164
210.448503	6	165
209.870338	6	166
221.150398	6	168
835.964441	16	161
262.289047	6	169
233.800172	6	170
215.466022	6	171
221.617221	6	172
212.572574	6	173
199.809789	6	175
834.498167	16	167
249.896526	6	176
215.899944	6	177
241.737365	6	178
218.825578	6	179
196.503639	6	181
206.604242	6	182
842.320442	16	174
207.776308	6	183
221.297502	6	184
231.253623	6	185
213.454484	6	187
220.088005	6	188
835.230350	16	180
229.885339	6	189
318.386554	6	190
289.756059	6	191
231.432199	6	193
228.232860	6	194
833.707332	16	186
222.024440	6	195
221.162319	6	196
214.645624	6	197
274.883270	6	199
849.033117	16	192
266.300439	6	200
229.704856	6	201
216.207742	6	202
222.170591	6	203
205.706596	6	205
835.192680	16	198
260.769128	6	206
234.887361	6	207
250.105142	6	208
220.141649	6	209
231.467008	6	211
844.105958	16	204
245.628833	6	212
212.741851	6	213
253.927707	6	214
343.314647	6	215
287.625551	6	217
834.958314	16	210
263.714551	6	218
235.163450	6	219
240.465641	6	220
217.280626	6	221
227.595329	6	223
195.696115	6	224
831.362962	16	216
217.701673	6	225
222.368001	6	226
202.767848	6	227
216.597795	6	229
838.513135	16	222
247.286319	6	230
223.215341	6	231
285.301446	6	232
206.952571	6	233
207.064628	6	235
210.014581	6	236
832.962274	16	228
210.931062	6	237
222.998380	6	238
223.307609	6	239
206.139802	6	241
222.424030	6	242
828.274250	16	234
256.465435	6	243
235.392808	6	244
296.691656	6	245
274.760961	6	247
239.907979	6	248
841.610908	16	240
339.157104	6	249
325.358629	6	250
273.684978	6	251
222.277879	6	253
257.711172	6	254
236.276388	6	255
952.252864	16	246
241.420984	6	256
184.175014	6	258
222.903490	6	260
237.501144	6	261
230.792760	6	262
219.952106	6	263
201.868295	6	264
1114.30764	16	252
847.879648	16	257
212.728261	6	266
262.585401	6	267
223.006010	6	268
980.611085	16	259
267.813682	6	269
223.982572	6	270
213.159799	6	272
201.288938	6	273
851.350545	16	265
211.432933	6	274
201.514244	6	275
202.660799	6	276
236.118316	6	278
834.819078	16	271
245.644807	6	279
256.972551	6	281
335.768461	6	280
262.398719	6	282
214.705705	6	284
833.780050	16	277
323.387384	6	285
273.501634	6	286
248.840332	6	287
212.234497	6	288
207.180738	6	290
839.862346	16	283
248.713493	6	291
208.110809	6	292
273.111820	6	293
324.965000	6	294
216.430902	6	296
836.508035	16	289
248.973608	6	297
265.211105	6	298
241.564273	6	299
211.393117	6	300
253.286123	6	302
831.594705	16	295
264.537572	6	303
227.131128	6	304
232.377290	6	305
229.716777	6	306
207.770109	6	308
835.921525	16	301
286.168098	6	309
241.059780	6	310
271.779298	6	311
220.427513	6	312
224.977731	6	314
196.211814	6	315
836.189985	16	307
205.476522	6	316
222.952127	6	317
228.856801	6	318
214.998960	6	320
884.542226	16	313
220.586061	6	322
220.768690	6	323
216.440677	6	324
196.890830	6	325
838.147401	16	319
256.608724	6	327
250.626564	6	328
222.866773	6	329
220.718383	6	330
229.593515	6	331
200.045824	6	333
1087.96262	16	321
253.601551	6	334
351.135969	6	335
231.473207	6	337
314.153432	6	336
1050.51493	16	326
214.944362	6	339
216.700792	6	340
848.866462	16	332
247.594833	6	341
233.329296	6	342
244.904994	6	343
190.445184	6	345
209.597587	6	346
312.657117	6	347
278.159379	6	348
1005.48958	16	338
259.979724	6	349
243.618488	6	351
228.050470	6	352
237.467288	6	353
224.950790	6	354
988.335132	16	344
247.465610	6	355
256.183862	6	357
227.687358	6	358
841.368436	16	350
201.671600	6	360
315.463304	6	359
266.668081	6	361
193.564176	6	363
271.739959	6	364
240.221977	6	365
952.649354	16	356
265.039920	6	366
228.275537	6	367
224.391937	6	369
248.568058	6	370
963.533163	16	362
322.378158	6	371
217.155218	6	373
302.981853	6	372
232.983589	6	375
839.516639	16	368
252.839803	6	376
249.371767	6	377
249.352455	6	378
264.049053	6	379
251.987457	6	381
846.894979	16	374
295.823574	6	382
260.623216	6	383
214.331626	6	384
260.890245	6	385
831.737518	16	380
827.960252	16	386
186.457872	6	409
avg:  347.4601762855392
std:  238.19211832885955
p95:  844.2428112030029
p99:  990.7367563247678
com:  12.801442749810272
thg:  39.812486951909946
FCT:  30.23096752166748
que:  54.95419859578135
los:  22.599999999999994
321 66
**********************
