[56 40 66 48 58 49 58 58 46 48 49 45 60 52 70 53 52 43 58 44 52 54 53 55
 53 54 50 62 54 49 60 54 45 45 42 56 53 49 46 40 54 49 53 40 57 49 58 61
 46 48 53 58 47 51 47 51 50 68 47 61 52 53 44 61 44 59 68 47 49 54 46 46
 47 48 48 46 52 40 54 44 46 47 38 43 51 54 39 33 43 52 46 65 57 54 59 54
 43 50 41 45 53 53 39 49 44 42 60 59 49 53 52 50 55 50 47 43 42 53 48 40
 54 40 56 48 51 52 49 36 59 48 45 51 55 60 62 59 53 61 52 40 60 48 49 53
 55 59 42 42 49 52 66 47 46 57 50 39 51 60 42 40 56 66 46 46 35 60 49 51
 48 57 49 61 54 51 56 50 41 46 62 59 54 54 40 51 61 38 41 47 42 50 53 58
 50 44 46 40 56 53 53 62 46 53 47 54 54 46 44 54 52 48 42 63 54 56 42 54
 52 55 54 58 52 63 47 59 46 45 53 45 47 53 43 43 50 43 48 37 53 40 55 52
 56 51 43 45 42 42 51 40 35 31 55 48 58 52 53 49 54 45 30 43 56 54 56 62
 61 50 43 54 51 63 54 50 54 40 66 47 43 37 45 52 48 40 45 50 36 55 58 41
 54 57 53 49 43 60 53 30 54 57 49 43 37 56 52 34 47 53 45 55 47 62 60 48
 50 44 55 49 49 43 53 51 54 46 55 51 56 64 49 47 49 48 49 52 53 43 55 49
 61 60 51 53 48 32 47 40 48 39 53 36 46 49 49 51 44 40 59 55 50 46 62 46
 57 42 51 49 53 55 51 46 53 51 52 44 45 44 54 56 37 45 53 54 44 51 40 70
 46 53 43 53 57 49 49 45 49 67 47 45 63 41 61 46 39 41 59 40 47 63 49 51
 45 46 56 49 60 43 45 52 47 41 54 44 41 58 60 61 54 57 42 52 53 44 58 40
 52 55 45 47 43 50 57 61 43 47 48 46 45 33 42 47 26 56 51 51 49 49 60 48
 44 50 51 53 49 54 53 44 53 45 63 42 56 49 50 32 38 52 44 38 41 43 59 44
 55 46 45 57 38 51 53 48 55 45 62 49 46 56 47 35 43 49 51 47]
The transmit rate is 20.0
214.328289	6	1
220.651626	6	2
215.028047	6	3
212.792396	6	4
240.565538	6	5
229.656219	6	7
250.076055	6	8
316.881895	6	10
292.709589	6	11
406.736373	6	9
276.067733	6	13
279.044389	6	14
260.138034	6	15
827.325344	16	6
242.707490	6	17
348.392724	6	16
251.357316	6	19
270.974874	6	20
301.779508	6	22
394.845008	6	21
306.233882	6	25
1057.08289	16	12
463.352918	6	23
470.137834	6	26
478.374719	6	27
994.372367	16	18
424.013614	6	29
482.418298	6	28
405.174493	6	31
380.131244	6	32
438.545465	6	33
465.714216	6	34
1039.83092	16	24
558.007240	6	35
545.988559	6	37
430.582046	6	40
1036.06081	16	30
593.161821	6	39
722.291469	6	38
573.166370	6	41
862.297534	16	36
643.455743	6	43
573.875188	6	46
688.086986	6	44
642.970085	6	45
570.434331	6	47
526.072978	6	49
525.124311	6	50
527.191162	6	51
1036.86809	16	42
468.403100	6	53
624.449253	6	52
474.699974	6	57
586.457252	6	56
642.985820	6	55
1043.18618	16	48
511.983156	6	59
587.977647	6	58
864.870786	16	54
554.191589	6	61
564.543247	6	63
610.558032	6	62
592.592000	6	64
863.592147	16	60
694.953441	6	65
602.518081	6	67
612.838029	6	68
646.287202	6	70
742.992162	6	69
926.852226	16	66
708.875656	6	71
678.446292	6	74
772.723913	6	73
856.687068	16	72
748.839139	6	75
719.326496	6	76
832.818031	6	77
796.225309	6	80
931.649446	6	79
890.483856	6	82
939.388275	6	81
859.560012	6	83
1146.93379	16	78
904.563903	6	84
1066.02096	16	85
903.464794	6	90
863.555431	16	91
1061.65766	6	87
1152.77719	6	86
1036.23986	6	89
1080.76596	6	88
934.038162	6	92
867.606163	16	97
1083.68444	6	96
1290.28153	6	93
1180.14216	6	95
1031.03351	6	98
1265.29407	6	94
1108.27469	6	99
921.021938	16	103
1233.38317	6	100
1126.84011	6	102
1182.28697	6	101
855.688571	16	109
1004.56714	6	107
1119.46201	6	106
1183.77304	6	105
1332.32331	6	104
1312.00838	6	108
1239.39728	6	110
1236.18793	6	111
1185.93907	6	113
1102.96559	16	116
1072.92795	16	122
1490.55981	6	114
1625.32663	6	112
867.392778	16	128
1389.03737	6	118
1451.52544	6	117
1682.40475	6	115
866.144895	16	134
1772.61495	6	119
1680.48691	6	123
1879.27961	6	120
1677.61182	6	124
1521.74878	6	127
1627.65455	6	125
1831.25829	6	121
1574.49412	6	126
1426.77330	6	129
913.542509	16	140
1584.73205	6	130
1575.72531	6	131
1437.47138	6	135
849.261045	16	146
1712.57686	6	132
1730.49354	6	136
1707.25035	6	137
1950.50287	6	133
1646.39997	6	138
1593.87922	6	139
1533.86521	6	141
1597.83411	6	142
1096.38071	16	152
1577.38947	6	143
1670.81022	6	144
1748.27599	6	145
1066.41483	16	158
873.672485	16	164
1878.97253	6	147
1837.58997	6	148
1563.58361	6	156
862.043857	16	170
1715.95549	6	154
1797.82843	6	153
1903.76019	6	151
2142.85683	6	150
1894.81544	6	155
1816.89286	6	157
2241.20283	6	149
907.260656	16	177
1989.93444	6	160
2099.45940	6	159
1930.98425	6	162
854.876756	16	183
2424.38864	6	161
2288.79237	6	165
2228.57546	6	166
2379.82320	6	163
2183.68887	6	169
1142.08817	16	189
1052.19626	16	195
2338.28139	6	172
2634.24277	6	167
2595.06344	6	168
866.915225	16	201
2451.24340	6	171
2390.68484	6	173
2402.98461	6	175
2483.74390	6	174
866.466283	16	207
2583.30464	6	178
2680.23109	6	176
2265.46192	6	185
910.597801	16	213
2339.64443	6	187
2695.89829	6	180
2588.18221	6	182
2508.97598	6	184
2665.10558	6	181
2541.36490	6	186
2482.93972	6	188
2176.39541	6	194
2949.95689	6	179
2334.54108	6	191
2277.08315	6	192
848.730802	16	219
875.802755	16	225
2426.58138	6	197
2092.06891	6	204
2462.29434	6	199
2253.21030	6	203
2546.29111	6	198
2430.63163	6	200
2685.57453	6	196
2349.88713	6	202
2987.99657	6	190
2139.58621	6	206
2188.12775	6	205
2823.74000	6	193
2036.58246	6	211
2179.27312	6	209
2040.72380	6	212
2260.38217	6	208
1940.46139	6	214
2165.03000	6	210
1899.87397	6	215
1922.82319	6	216
1881.06846	6	217
1736.05275	6	220
1858.88075	6	218
1683.04896	6	222
1645.46179	6	223
1761.49535	6	221
1636.22570	6	224
190.179347	6	273
avg:  1287.1499842247076
std:  729.2190799253246
p95:  2545.059561729431
p99:  2791.779577732086
com:  15.48602773535065
thg:  48.16154625694052
FCT:  14.59380054473877
que:  992.659123597947
los:  54.8
189 37
**********************
