[ 967  993 1009  967 1054  937 1022  980  932  961  987  981  940 1006
  993  966  967 1008  935  988 1020  962 1042  974 1064 1008 1044  964
 1002  985  946 1001  995 1051 1022  987 1044  950 1004 1016  954 1010
 1027  999 1003 1005  959 1052 1038 1021  986 1028  993 1043  977 1035
  975  958  983  922 1057 1033  929 1009  955  992 1039  984 1034  978
 1001  996  936 1046 1059 1069  951 1001 1020 1035  986  997 1070 1006
  978 1006  962 1070  967  969  957 1024  997  986  995  999  959  993
  990  988  997 1003  978 1020 1013 1057  990 1028  958  922  982 1029
 1047 1025 1009 1016 1026 1049  944 1031  978  957 1031  971  977 1011
 1024 1027  993  965 1027 1050 1002  973 1026 1067  967 1011 1009  958
  971  962  993 1024 1002 1014 1005  965  989  938  994  981 1040  973
 1032 1019  987  932 1043 1013 1008  980  981  998 1029 1036  985  993
  959 1020  973 1013 1035 1017  992  999 1040  959 1002  998 1004 1018
  983 1004  996  998  997 1014  989 1051  977  927 1037 1002  990  946
 1041 1041  988  991 1041 1020 1033  990 1012  942  980 1018  995  983
  932  988  994  924 1020  944  989  981 1007  998  938 1032 1035 1053
  985  995  967 1026  976 1027  990  991  942 1005  965 1001  990  945
 1087 1000  958  990  992  985  995 1033  966 1019 1021 1028  994  966
  988  996  999  999 1020 1019 1038  962 1045  974  966 1001  956  967
  992  966 1026  955 1006  996  940  984  960 1013  954 1020 1047 1015
  973 1022 1018  988 1007 1052 1028  992  961 1002 1003 1003  966 1021
  997  972  988 1037 1002 1014  990 1044  942  983  996 1028  975  975
 1027  989 1055 1026 1010 1030 1025  989  994  973  981 1013 1013  917
 1022  962 1012  967 1047 1005 1025 1002  974 1040 1041 1013 1043 1010
  981 1037  958 1020 1018  941 1015  950 1046 1006  966  951 1019 1004
  984 1034 1039 1027 1022 1011 1040 1028  987 1039  971 1009  978 1017
 1017  953  967 1050  978 1077  960  998 1000 1006  965 1049  982 1021
  993 1000  975 1060 1040 1043 1007  994  998 1010 1032 1020  980 1017
  999 1022  946 1028 1017 1001 1070 1010 1019 1020  973  975  971  930
 1021 1069 1001 1019  979  983  982  984 1054 1041 1005  951 1033  987
  981 1002  992  984  997  975  959  993 1010  960  989 1022 1057  981
 1028  975 1035  986 1020 1055 1063 1065  963  984  963 1002 1070  955
  998  949  997 1017  954  956  964  979  963  988 1003  978 1037 1029
  974 1057 1030  971  983  964  989  965 1015  987  976  967  977 1053
 1002 1009  973 1019 1047 1011 1025 1005  987  993 1016  988 1037  959
 1045 1002  998  977 1025 1050 1010 1019 1044 1005]
The transmit rate is 1
198.049068	6	1
196.409463	6	2
195.336818	6	3
832.104444	16	4
192.954778	6	5
187.712430	6	6
195.753574	6	7
194.911479	6	8
196.761369	6	9
823.090553	16	10
194.342613	6	11
197.037458	6	12
197.646856	6	13
187.946319	6	14
187.972784	6	15
822.041511	16	16
192.522764	6	17
187.064886	6	18
191.904067	6	19
195.633172	6	20
193.933486	6	21
823.720455	16	22
194.183826	6	23
196.280956	6	24
195.094585	6	25
197.826623	6	26
193.192481	6	27
824.040889	16	28
192.535877	6	29
186.775445	6	30
190.311431	6	31
196.586608	6	32
196.292400	6	33
821.805953	16	34
194.716691	6	35
195.549488	6	36
198.136329	6	37
189.084768	6	38
188.733100	6	39
822.040081	16	40
193.799495	6	41
196.845531	6	42
192.899703	6	43
198.382616	6	44
188.312530	6	45
840.580224	16	46
194.707155	6	47
198.495626	6	48
189.959287	6	49
197.329998	6	50
187.669515	6	51
823.014020	16	52
189.832925	6	53
195.314884	6	54
188.592910	6	55
191.531181	6	56
191.509962	6	57
822.247505	16	58
188.892364	6	59
193.333625	6	60
190.536022	6	61
192.986726	6	62
195.887327	6	63
821.279525	16	64
192.954540	6	65
196.805715	6	66
196.588754	6	67
195.606946	6	68
189.777851	6	69
823.980808	16	70
193.131208	6	71
197.117567	6	72
195.988178	6	73
196.025848	6	74
195.650577	6	75
823.112726	16	76
192.818164	6	77
195.485830	6	78
184.902906	6	79
196.366786	6	80
196.244716	6	81
821.734666	16	82
187.366962	6	83
196.205854	6	84
194.221019	6	85
196.145534	6	86
196.033477	6	87
821.798324	16	88
192.372083	6	89
186.831474	6	90
195.934295	6	91
187.308549	6	92
196.697235	6	93
822.683811	16	94
194.494962	6	95
195.962190	6	96
196.338653	6	97
194.502592	6	98
184.670686	6	99
823.046922	16	100
193.217039	6	101
186.880111	6	102
187.410831	6	103
196.339845	6	104
196.668624	6	105
819.226980	16	106
194.170236	6	107
192.032575	6	108
186.546325	6	109
196.021556	6	110
182.484388	6	111
819.983005	16	112
193.629980	6	113
195.831298	6	114
194.690704	6	115
194.934129	6	116
190.957784	6	117
824.709415	16	118
194.208621	6	119
195.646047	6	120
186.923742	6	121
187.427759	6	122
187.313079	6	123
823.092222	16	124
192.994594	6	125
186.215400	6	126
200.707197	6	127
197.157859	6	128
186.127662	6	129
822.536945	16	130
189.050197	6	131
195.634603	6	132
187.279462	6	133
185.757398	6	134
187.778472	6	135
822.570323	16	136
178.066253	6	137
182.438850	6	138
186.328172	6	139
181.587934	6	140
181.368589	6	141
824.422597	16	142
180.725574	6	143
178.596735	6	144
195.456504	6	145
198.231458	6	146
187.494993	6	147
822.990894	16	148
195.076227	6	149
194.829463	6	150
187.534809	6	151
197.761058	6	152
190.706968	6	153
822.123289	16	154
193.340778	6	155
190.069675	6	156
197.000503	6	157
194.786310	6	158
187.031507	6	159
821.984052	16	160
194.474458	6	161
195.471763	6	162
191.812753	6	163
197.574138	6	164
188.493251	6	165
823.271512	16	166
192.928314	6	167
191.965579	6	168
195.378780	6	169
188.099384	6	170
197.955131	6	171
821.612834	16	172
195.103168	6	173
186.751127	6	174
188.704967	6	175
196.521043	6	176
186.134815	6	177
821.706533	16	178
195.590496	6	179
188.899278	6	180
185.941219	6	181
186.624526	6	182
185.595273	6	183
820.959091	16	184
194.249153	6	185
187.564134	6	186
186.625242	6	187
186.288118	6	188
184.559583	6	189
823.363065	16	190
195.406913	6	191
196.807861	6	192
195.679187	6	193
188.073873	6	194
185.710430	6	195
822.259426	16	196
194.913625	6	197
186.493873	6	198
190.884590	6	199
196.970224	6	200
190.991640	6	201
819.185972	16	202
193.389415	6	203
197.633028	6	204
187.571048	6	205
190.469980	6	206
196.464538	6	207
822.324514	16	208
194.491624	6	209
191.465616	6	210
196.636199	6	211
188.446521	6	212
186.359882	6	213
823.076009	16	214
195.381402	6	215
190.918684	6	216
190.236330	6	217
196.556329	6	218
195.137500	6	219
822.246789	16	220
194.317579	6	221
197.364568	6	222
197.200536	6	223
198.945522	6	224
190.840721	6	225
821.310520	16	226
193.436622	6	227
197.126865	6	228
187.205553	6	229
196.170330	6	230
197.210788	6	231
822.043418	16	232
193.480968	6	233
195.738315	6	234
197.318077	6	235
186.596870	6	236
190.388679	6	237
823.887825	16	238
192.571401	6	239
197.490215	6	240
185.260057	6	241
199.500560	6	242
196.493864	6	243
822.718143	16	244
192.796468	6	245
186.700582	6	246
194.904804	6	247
190.234661	6	248
195.831298	6	249
821.613073	16	250
192.036390	6	251
192.542314	6	252
191.523313	6	253
197.756052	6	254
188.910484	6	255
822.674274	16	256
193.792819	6	257
191.736936	6	258
196.096897	6	259
187.718868	6	260
186.215400	6	261
823.077678	16	262
189.371109	6	263
194.959878	6	264
194.727659	6	265
187.502622	6	266
194.960594	6	267
824.516773	16	268
189.776659	6	269
197.200298	6	270
195.677757	6	271
196.661949	6	272
190.574407	6	273
821.964979	16	274
193.191528	6	275
191.546440	6	276
195.601463	6	277
190.202951	6	278
191.893100	6	279
822.939634	16	280
187.652826	6	281
196.126937	6	282
190.905809	6	283
195.585489	6	284
187.838792	6	285
823.990106	16	286
193.909406	6	287
186.570167	6	288
191.643953	6	289
197.235345	6	290
187.397003	6	291
823.309898	16	292
192.843914	6	293
186.773061	6	294
191.896677	6	295
190.896749	6	296
188.402652	6	297
820.980310	16	298
195.264577	6	299
186.039686	6	300
191.363573	6	301
195.415258	6	302
185.863733	6	303
821.783542	16	304
188.261985	6	305
197.115421	6	306
188.380718	6	307
197.740077	6	308
187.758445	6	309
823.314666	16	310
188.549280	6	311
198.344469	6	312
192.016363	6	313
190.014839	6	314
195.554256	6	315
823.841810	16	316
188.598632	6	317
196.822643	6	318
191.611766	6	319
190.007448	6	320
194.935798	6	321
822.888135	16	322
187.435388	6	323
193.151473	6	324
189.829111	6	325
191.858053	6	326
190.610170	6	327
821.597814	16	328
188.359975	6	329
196.098089	6	330
187.786579	6	331
195.595741	6	332
190.506458	6	333
824.147701	16	334
189.089775	6	335
194.228172	6	336
189.936637	6	337
186.609506	6	338
191.583871	6	339
821.755647	16	340
194.003820	6	341
190.195798	6	342
185.730457	6	343
191.133260	6	344
191.078901	6	345
821.839809	16	346
192.491531	6	347
192.073583	6	348
192.415952	6	349
196.547508	6	350
191.570043	6	351
822.356462	16	352
194.103002	6	353
187.341451	6	354
197.435379	6	355
191.814184	6	356
190.183877	6	357
823.252439	16	358
195.854187	6	359
197.497367	6	360
195.855617	6	361
187.374353	6	362
187.935590	6	363
823.495626	16	364
193.003416	6	365
197.121620	6	366
196.671962	6	367
188.026905	6	368
196.903944	6	369
821.966171	16	370
196.139812	6	371
196.144819	6	372
190.715074	6	373
197.418451	6	374
195.312261	6	375
820.383787	16	376
194.661378	6	377
186.426877	6	378
187.436342	6	379
186.701297	6	380
196.629047	6	381
822.715759	16	382
194.913864	6	418
195.163488	6	430
avg:  297.35185268024605
std:  235.07143995470082
p95:  823.0919718742371
p99:  824.4386076927185
com:  0.8901600126461633
thg:  2.768397639329568
FCT:  431.3831160068512
que:  12.432312592864037
los:  23.200000000000003
320 64
**********************
