[517 489 503 519 499 503 514 549 537 536 483 542 515 482 469 513 516 507
 498 517 522 537 532 447 519 479 512 504 496 511 499 482 554 521 490 508
 536 517 521 468 503 501 487 481 533 504 505 545 523 486 458 516 506 521
 489 510 476 499 493 482]
The transmit rate is 2.0
193.936824	6	1
191.703319	6	2
188.437461	6	3
189.577579	6	4
194.480895	6	5
190.297365	6	6
191.808938	6	7
186.689615	6	8
190.580368	6	9
185.860157	6	10
184.149265	6	11
186.677932	6	12
197.436332	6	13
188.742399	6	14
195.909500	6	15
188.266754	6	16
186.178684	6	17
193.715095	6	18
183.608293	6	19
191.915750	6	20
187.131166	6	21
189.644098	6	22
185.463190	6	23
184.738636	6	24
184.019327	6	25
182.278156	6	26
185.268878	6	27
185.683012	6	28
182.054281	6	29
183.634281	6	30
191.116571	6	31
185.912847	6	32
184.920787	6	33
190.148591	6	34
186.425924	6	35
187.306880	6	36
190.773963	6	37
187.535762	6	38
183.317184	6	39
184.831619	6	40
186.096906	6	41
189.765453	6	42
182.617902	6	43
186.612367	6	44
185.374259	6	45
183.781623	6	46
188.154935	6	47
185.510158	6	48
184.652090	6	49
182.070732	6	50
187.662124	6	51
182.481288	6	52
185.085058	6	53
188.045978	6	54
183.651685	6	55
184.892177	6	56
188.322544	6	57
188.924074	6	58
190.469026	6	59
185.877561	6	60
avg:  187.37042744954428
std:  3.5200931184956543
p95:  193.96402835845947
p99:  196.53550148010254
com:  1.9535295494098166
thg:  6.07547689866453
que:  5.31614621480306
los:  0.0
60 0
**********************
