[121 121 146 133 135 142 139 123 123 136 125 118 106 139 120 119 111 136
 125 121 123 135 145 122 137 121 133 133 106 142 125 133 136 126 138 126
 127 121 133 113 132 124 115 124 133 107 125 128 131 115 123 113 116 124
 123 133 146 119 123  86 113 148 112 134 120 130 117 150 123 140 140 124
 139 112 119 127 132 149 128 134 122 119 147 126  91 120 126 129 121 112
 133 141 133 114 143 140 110 131 123 123 121 123 124 112 156 122 132 120
 133 108 120 108 118 114 130 129 146 121 137 139 110 140 125 131 124 116
 126 121 124 121 131 126 126 133 131 134 135 127 138 120 119 129 123 111
 129 115 126 133 104 154 136 120 139 140 144 101 136 118 125 110 140 109
 124 115 130 108 136 139 131 135 109 136 136 115 124 134 113 129 111 104
 118 124 120 117 118 109 121 128 139 134 125 129 120 116 105 120 112 119
 120 140 105 120 116 138 122 124 137 140 129 135 107 112 119 138 121 142
 144 111 114 131 130 117 111 115 127 116 122 118 135 111 120 115 135 133
 147 127 109 131 120 134]
The transmit rate is 8.0
195.788621	6	1
187.908172	6	2
192.403793	6	3
190.543174	6	4
194.175004	6	5
186.777353	6	6
189.534664	6	7
196.380376	6	8
208.586692	6	9
202.270746	6	10
208.859682	6	11
196.434497	6	12
226.583719	6	13
211.346626	6	14
217.778444	6	15
221.371650	6	16
258.302211	6	17
218.577861	6	18
244.712352	6	19
218.267679	6	20
192.232847	6	21
216.918468	6	22
183.084726	6	23
207.303762	6	24
189.363002	6	25
208.077907	6	26
200.188875	6	27
207.843065	6	28
211.766004	6	29
211.623668	6	30
209.946870	6	31
211.660385	6	32
202.575922	6	33
204.048156	6	34
202.455520	6	35
208.214521	6	36
210.146903	6	37
214.713096	6	38
211.445093	6	39
218.964338	6	40
215.020656	6	41
216.874837	6	42
221.984624	6	43
225.116968	6	44
211.997270	6	45
227.035999	6	46
230.024337	6	47
223.454475	6	48
201.160907	6	49
205.994367	6	50
205.369710	6	51
214.992046	6	52
213.510274	6	53
218.795061	6	54
211.043834	6	55
217.581033	6	56
197.593212	6	57
209.576606	6	58
212.520122	6	59
238.579988	6	60
196.069240	6	61
251.257419	6	62
216.892004	6	63
248.561859	6	64
196.612834	6	65
198.952436	6	66
182.619571	6	67
187.296867	6	68
184.648990	6	69
192.758321	6	70
184.580564	6	71
194.011211	6	72
212.289333	6	73
203.020811	6	74
230.308294	6	75
212.231874	6	76
219.049930	6	77
200.662851	6	78
206.911325	6	79
202.030658	6	80
212.255477	6	81
211.568355	6	82
213.726520	6	83
210.949182	6	84
204.231500	6	85
248.179912	6	86
195.300340	6	87
228.470802	6	88
215.120077	6	89
234.282016	6	90
218.914270	6	91
219.787836	6	92
207.313776	6	93
212.402582	6	94
205.017566	6	95
198.260068	6	96
205.923557	6	97
217.707395	6	98
214.736938	6	99
216.515541	6	100
222.570657	6	101
191.615104	6	102
233.059167	6	103
211.774587	6	104
228.871107	6	105
209.842205	6	106
223.981142	6	107
213.100910	6	108
212.279796	6	109
219.557523	6	110
232.322931	6	111
242.157697	6	112
208.845853	6	113
194.175243	6	114
223.651647	6	115
200.843572	6	116
210.878610	6	117
194.622278	6	118
210.625648	6	119
192.684888	6	120
213.827371	6	121
206.691980	6	122
206.620693	6	123
211.235523	6	124
213.090419	6	125
219.518899	6	126
223.621845	6	127
223.950862	6	128
222.709894	6	129
223.124742	6	130
218.259334	6	131
213.591098	6	132
221.622467	6	133
194.741010	6	134
220.505714	6	135
181.494712	6	136
204.946279	6	137
207.003593	6	138
204.296350	6	139
210.100173	6	140
220.773696	6	141
219.063043	6	142
214.144468	6	143
236.265897	6	144
227.396965	6	145
227.895021	6	146
231.410026	6	147
221.172809	6	148
236.595153	6	149
212.051391	6	150
196.503639	6	151
209.224462	6	152
204.840421	6	153
192.409515	6	154
199.656963	6	155
201.163053	6	156
215.175867	6	157
208.867788	6	158
222.954034	6	159
219.557046	6	160
222.622632	6	161
226.747035	6	162
230.801820	6	163
230.466842	6	164
229.781150	6	165
221.778154	6	166
237.487554	6	167
204.252004	6	168
216.162681	6	169
198.213338	6	170
240.922689	6	171
217.843532	6	172
212.763547	6	173
220.312356	6	174
213.801622	6	175
211.414098	6	176
191.219091	6	177
224.731922	6	178
218.173027	6	179
209.088563	6	180
241.427183	6	181
224.653244	6	182
243.162393	6	183
216.178178	6	184
193.084239	6	185
197.554349	6	186
214.649915	6	187
202.471733	6	188
219.824790	6	189
188.866615	6	190
227.937459	6	191
204.026699	6	192
238.240242	6	193
214.307785	6	194
223.006248	6	195
187.993049	6	196
254.846572	6	197
221.063852	6	198
217.052936	6	199
219.050645	6	200
228.145837	6	201
227.252244	6	202
226.512670	6	203
221.116542	6	204
209.801435	6	205
229.640483	6	206
204.851150	6	207
242.783069	6	208
193.972110	6	209
244.353532	6	210
225.245952	6	211
208.354949	6	212
230.419397	6	213
199.898958	6	214
219.226360	6	215
200.903654	6	216
198.479652	6	217
205.086946	6	218
222.585916	6	219
216.044425	6	220
217.404603	6	221
222.072124	6	222
188.969135	6	223
232.414960	6	224
228.505373	6	225
224.449157	6	226
182.546854	6	227
183.110475	6	228
224.989175	6	229
206.989049	6	230
222.625255	6	231
221.045017	6	232
212.333440	6	233
206.202030	6	234
200.199842	6	235
204.277992	6	236
217.853307	6	237
218.492031	6	238
214.846611	6	239
209.147453	6	240
avg:  213.2312446832657
std:  14.653917114898649
p95:  238.6971235275268
p99:  250.2061510086059
com:  7.883620581362034
thg:  24.518060008035924
que:  31.736531853675842
los:  0.0
240 0
**********************
