[17 20 11 ... 16 23 15]
87.1548652	16	1
132.193326	6	2
131.916046	6	4
127.120018	6	5
164.076328	6	3
89.7028446	16	8
128.839254	6	6
148.198127	6	7
127.062082	6	11
166.985273	6	9
157.875299	6	10
133.708715	6	12
115.423440	6	14
143.535375	6	13
93.0392742	16	16
120.745182	6	18
173.321247	6	15
133.172750	6	19
156.874656	6	17
99.7877120	16	23
133.727550	6	21
155.138969	6	20
157.163381	6	22
154.758453	6	24
147.776365	6	25
131.110429	6	26
148.786544	6	27
123.282909	6	29
135.319471	6	28
117.087364	6	32
103.131771	6	33
104.113578	6	34
91.9723510	6	35
79.5519351	6	36
86.3859653	6	39
89.4522666	6	40
97.3129272	6	41
309.588193	16	30
108.059883	6	42
108.706712	6	43
97.5787639	6	44
333.094358	16	31
137.045621	6	46
123.201370	6	47
121.113777	6	48
111.439704	6	49
137.323856	6	50
130.263328	6	51
111.193656	6	54
133.041143	6	53
131.431579	6	55
396.596431	16	38
414.382934	16	37
107.258558	6	57
166.922092	6	56
117.531299	6	59
137.093067	6	58
110.142469	6	61
105.803251	6	64
154.369115	6	62
426.103591	16	45
136.480808	6	63
346.610069	16	52
138.861417	6	66
125.432729	6	68
178.470373	6	65
122.793436	6	71
111.770153	6	73
158.322334	6	70
146.708250	6	72
204.013824	6	69
133.737325	6	76
108.496665	6	78
121.521234	6	77
405.296087	16	60
104.401111	6	80
127.210140	6	79
107.404947	6	84
104.369163	6	85
140.877246	6	83
108.407735	6	86
99.7078418	6	87
141.430616	6	88
110.364198	6	91
144.630193	6	90
120.651721	6	93
147.029399	6	92
130.490541	6	94
119.495868	6	95
119.093179	6	97
108.421325	6	98
594.744205	16	67
125.033378	6	100
98.9353656	6	102
149.343013	6	99
104.059219	6	103
554.875135	16	75
106.260299	6	105
110.809087	6	106
99.5507240	6	107
633.954048	16	74
99.3862152	6	110
131.002426	6	108
125.797271	6	109
586.524963	16	82
122.078180	6	112
102.948904	6	114
113.428831	6	113
656.876087	16	81
99.0138053	6	116
125.895500	6	115
90.7425880	6	117
113.204956	6	120
107.043504	6	121
108.130693	6	122
87.0177745	6	124
651.769399	16	89
108.223915	6	123
86.1127376	6	127
114.627838	6	128
98.0837345	6	129
88.2179737	6	130
91.7530059	6	131
114.189386	6	132
93.3048725	6	134
99.9839305	6	135
693.701028	16	101
112.166166	6	136
797.740936	16	96
117.471933	6	138
144.063472	6	137
115.063190	6	139
104.962110	6	141
131.064891	6	142
763.952255	16	104
124.295711	6	143
114.987134	6	145
124.727010	6	144
668.319940	16	111
159.919977	6	146
157.423734	6	147
145.361661	6	149
133.831262	6	151
149.877548	6	150
124.858379	6	152
94.1205024	6	157
158.583402	6	153
115.483283	6	156
651.263475	16	125
109.749555	6	158
100.282907	6	159
125.464916	6	160
108.685016	6	161
115.865945	6	164
119.078874	6	165
109.982252	6	166
110.405683	6	168
123.958110	6	167
105.755329	6	169
932.732820	16	118
139.670133	6	171
120.625257	6	172
118.911027	6	174
102.731227	6	175
119.378805	6	176
1023.95057	16	119
952.209234	16	126
134.309530	6	179
154.508113	6	178
155.264377	6	180
145.773172	6	182
165.459156	6	181
145.781278	6	185
168.807506	6	184
184.317350	6	183
169.206857	6	186
153.580904	6	188
176.514863	6	187
1038.98811	16	133
178.743362	6	189
173.902511	6	190
974.245548	16	140
194.470405	6	191
168.990373	6	193
143.727064	6	196
803.366661	16	154
170.075654	6	195
156.926631	6	197
150.516748	6	198
206.370592	6	194
182.937145	6	200
143.544673	6	202
130.482435	6	203
1019.79184	16	148
197.633028	6	201
144.946336	6	204
927.151679	16	155
146.289587	6	205
124.987363	6	208
107.820272	6	210
117.591142	6	209
849.833250	16	163
127.032518	6	211
802.173137	16	170
92.9856300	6	215
98.3345508	6	216
97.0947742	6	218
103.411674	6	219
117.834329	6	220
115.602254	6	221
123.841285	6	222
114.524602	6	223
1075.26826	16	162
116.492271	6	224
105.854988	6	226
92.6282405	6	227
103.380441	6	229
94.8226451	6	231
107.991456	6	232
108.470201	6	233
94.0201282	6	234
145.575761	6	235
119.204759	6	237
114.766597	6	238
124.233484	6	239
109.103679	6	241
126.009464	6	240
156.438827	6	242
133.386135	6	244
118.515253	6	246
139.222383	6	245
112.768888	6	247
1220.66497	16	177
1001.11865	16	192
113.641738	6	248
116.489648	6	249
1329.57506	16	173
104.394674	6	251
96.4341163	6	253
127.700805	6	254
115.692377	6	255
120.883941	6	256
123.156070	6	257
108.335733	6	259
101.918220	6	260
110.707759	6	261
125.646829	6	262
123.944520	6	263
122.554540	6	264
131.643056	6	266
121.105194	6	267
119.703054	6	268
108.149290	6	269
94.7406291	6	271
110.993146	6	270
1157.27519	16	206
91.0406112	6	273
82.2997093	6	274
1324.83911	16	199
1219.67554	16	207
118.548154	6	275
102.644443	6	276
91.2101268	6	277
94.2952632	6	278
1170.97139	16	214
109.404325	6	279
94.4137573	6	281
1271.74019	16	213
120.358943	6	282
112.078666	6	284
109.549283	6	285
140.022516	6	283
97.0678329	6	286
127.193450	6	289
148.431301	6	288
127.068042	6	290
1173.38132	16	228
120.448589	6	291
1444.88453	16	212
121.050119	6	293
141.518831	6	292
135.446071	6	295
131.110906	6	296
1252.83980	16	230
127.865076	6	297
122.367858	6	299
136.748313	6	298
139.886140	6	300
137.213468	6	301
1532.29188	16	217
131.953477	6	303
122.775793	6	305
1493.69287	16	225
183.839082	6	304
162.737846	6	306
156.737565	6	307
155.927658	6	308
1372.62344	16	236
158.303737	6	310
184.343099	6	309
170.637607	6	311
155.877113	6	312
144.145250	6	313
1343.08934	16	243
149.255037	6	315
137.540817	6	317
160.119056	6	318
131.516933	6	320
120.990037	6	321
160.008907	6	319
127.886056	6	322
115.816593	6	323
101.398229	6	325
109.120845	6	326
114.949703	6	327
103.180885	6	328
87.3434543	6	329
1417.49501	16	252
97.3320007	6	330
1476.86934	16	250
83.1286907	6	332
86.2147808	6	334
104.106426	6	335
107.800960	6	336
106.236219	6	337
108.248233	6	338
1078.91869	16	280
1489.32075	16	258
119.729518	6	339
116.028785	6	340
108.258247	6	341
100.506305	6	342
1435.43219	16	265
100.786685	6	343
993.878364	16	294
1379.85992	16	272
102.526187	6	348
116.882324	6	347
99.9603271	6	349
113.513946	6	350
136.677026	6	351
116.994380	6	353
997.175216	16	302
113.651037	6	355
161.635637	6	352
115.244865	6	356
1256.31666	16	287
146.914482	6	358
166.845798	6	357
137.472867	6	360
157.294750	6	362
228.771686	6	359
193.430900	6	363
1001.41572	16	316
202.333211	6	364
189.781188	6	365
251.036167	6	361
899.082899	16	324
210.984468	6	366
187.626361	6	368
211.223125	6	367
220.430850	6	369
212.748289	6	370
228.986263	6	373
1201.49946	16	314
257.817029	6	371
256.901979	6	372
204.853534	6	377
175.434112	6	379
236.857891	6	376
284.795999	6	374
184.664964	6	380
246.668577	6	378
215.153932	6	381
189.543962	6	384
160.605669	6	386
172.868013	6	387
205.399036	6	385
783.233880	16	346
1020.94197	16	333
1058.64691	16	331
141.870737	6	391
129.032850	6	393
138.815164	6	394
170.789241	6	395
162.299394	6	397
198.593854	6	396
985.674381	16	345
192.617893	6	398
155.983686	6	401
1032.07421	16	344
200.162649	6	400
229.458570	6	399
195.493221	6	402
187.249422	6	403
174.354791	6	405
207.624673	6	404
189.245700	6	408
186.291456	6	409
246.943235	6	406
1039.55602	16	354
245.176076	6	407
165.162324	6	413
206.870794	6	411
179.528474	6	414
180.051088	6	416
200.462341	6	417
196.261644	6	418
208.600044	6	419
178.606986	6	421
203.891038	6	420
174.863338	6	422
176.091432	6	424
196.325302	6	423
186.061143	6	425
132.418870	6	428
120.838642	6	430
988.131523	16	375
119.276762	6	431
109.222650	6	432
101.159095	6	435
107.384443	6	436
123.960018	6	437
115.977287	6	438
94.0496921	6	440
118.649959	6	439
1017.69018	16	383
961.353778	16	388
122.378349	6	443
110.566616	6	444
149.508953	6	442
101.099967	6	447
128.984451	6	445
1119.72737	16	382
146.857976	6	449
125.850200	6	451
157.191991	6	450
139.581441	6	452
127.637386	6	453
111.753702	6	454
121.473073	6	455
1163.00845	16	390
110.316038	6	457
1183.21776	16	389
105.442523	6	458
887.722015	16	410
108.277082	6	459
113.450527	6	460
1206.47811	16	392
112.749576	6	462
92.5381183	6	464
93.9924716	6	465
95.9177017	6	466
89.1561508	6	467
82.4351310	6	469
82.8070640	6	472
98.3779430	6	473
94.1824913	6	474
98.8767147	6	475
84.4898223	6	476
91.5124416	6	479
97.3992347	6	480
97.1128940	6	482
87.3799324	6	483
82.1280479	6	484
1296.72551	16	412
92.2629833	6	486
97.9237556	6	487
116.115808	6	489
129.252195	6	490
129.991531	6	491
106.568098	6	493
120.127916	6	494
134.573936	6	495
142.190933	6	496
125.771522	6	497
131.064414	6	498
133.696317	6	499
129.748106	6	500
134.290695	6	501
1369.52948	16	427
133.924484	6	502
125.129222	6	503
122.925043	6	506
154.151201	6	507
142.005205	6	508
145.867109	6	510
161.297082	6	509
134.172201	6	511
129.051923	6	512
130.647182	6	513
1432.66105	16	434
115.637779	6	517
136.381387	6	516
1802.15716	16	415
118.725776	6	518
115.021705	6	519
104.565620	6	520
1526.36814	16	433
1625.19264	16	429
105.882883	6	523
1722.26095	16	426
109.504938	6	524
93.6923027	6	526
102.639436	6	527
110.011577	6	529
108.453750	6	530
101.992845	6	531
100.513696	6	532
103.811264	6	533
101.157903	6	534
98.6552238	6	535
87.2063636	6	539
105.834484	6	540
90.8696651	6	541
98.8905429	6	542
101.640701	6	543
92.2150611	6	544
1721.03095	16	448
105.764389	6	546
102.989673	6	547
1598.88577	16	461
1681.52737	16	456
112.074375	6	549
93.5382843	6	550
133.317947	6	551
125.399351	6	552
134.850502	6	553
123.910188	6	554
111.229181	6	556
160.740375	6	555
146.168231	6	557
128.395080	6	559
154.320240	6	558
134.592771	6	560
115.583181	6	562
105.220794	6	565
125.496387	6	567
121.716260	6	568
112.298488	6	569
112.984895	6	570
102.574586	6	572
1810.64128	16	471
122.364044	6	571
106.714725	6	575
94.6571826	6	576
1902.92048	16	470
2296.67901	16	446
89.2689228	6	577
2093.44339	16	463
124.053239	6	580
121.374368	6	581
110.208511	6	582
107.907056	6	583
1918.55716	16	478
1942.30508	16	477
124.329805	6	584
122.307300	6	585
127.565860	6	587
118.819713	6	589
2174.23486	16	468
118.125677	6	591
141.650438	6	590
123.333454	6	592
110.351324	6	593
108.134746	6	594
101.620197	6	596
2757.01403	16	441
110.353708	6	597
114.932060	6	599
129.417657	6	598
129.208326	6	600
125.923871	6	601
141.962289	6	603
126.309633	6	604
170.071601	6	602
145.236492	6	605
149.302721	6	606
2218.14179	16	485
131.014823	6	608
2330.00850	16	481
196.602106	6	607
160.753488	6	610
190.087318	6	609
169.586181	6	611
169.042587	6	612
167.948246	6	613
168.493270	6	614
170.340538	6	615
208.212852	6	616
166.774988	6	619
199.049234	6	617
185.183048	6	620
219.928264	6	618
180.894851	6	621
2381.73532	16	492
183.120012	6	622
176.162242	6	623
181.642293	6	624
186.333417	6	625
200.299978	6	626
2330.80148	16	504
195.887565	6	629
182.951688	6	631
246.470451	6	628
2359.04932	16	505
223.381757	6	630
2648.09298	16	488
275.280714	6	627
191.997528	6	633
229.412317	6	632
186.136960	6	635
209.619998	6	634
197.236299	6	638
224.762439	6	636
214.255809	6	639
165.648698	6	642
209.861040	6	640
175.759553	6	643
170.706748	6	644
158.580303	6	645
187.119483	6	646
2339.61987	16	522
173.527002	6	648
2482.05995	16	515
159.854650	6	650
185.542345	6	649
171.988487	6	651
199.738979	6	652
168.734312	6	654
177.929162	6	655
154.345273	6	657
175.875186	6	656
173.274755	6	658
184.223413	6	659
151.462078	6	661
171.478271	6	660
167.680025	6	662
138.338327	6	664
137.736797	6	665
136.979579	6	666
113.970041	6	668
2670.45950	16	521
115.212678	6	669
134.820461	6	671
132.778882	6	672
105.717182	6	674
2860.63432	16	514
111.461877	6	675
113.626718	6	676
112.323522	6	678
2551.63574	16	536
109.830379	6	679
79.9095630	6	681
2605.99875	16	537
2171.69475	16	564
144.128561	6	682
116.297483	6	684
154.759168	6	683
111.284732	6	685
118.979215	6	686
114.339590	6	687
2884.55343	16	528
2580.59167	16	545
113.194227	6	688
2042.99736	16	578
2297.03259	16	563
111.982583	6	691
88.6955261	6	693
1808.55107	16	595
99.4541645	6	694
97.0547199	6	695
2452.70180	16	561
99.6050834	6	696
3088.28592	16	525
115.068674	6	699
120.051622	6	700
94.5086479	6	702
93.1587219	6	705
2181.39648	16	586
130.565404	6	704
120.156288	6	706
130.619049	6	707
125.832557	6	708
135.671138	6	709
3105.19027	16	538
124.677658	6	710
120.192050	6	711
102.683782	6	714
134.739398	6	712
107.663393	6	716
90.7645225	6	718
2586.69567	16	574
94.0563678	6	719
92.9331779	6	721
100.107669	6	722
2631.97994	16	579
100.146293	6	724
107.379198	6	725
3201.93266	16	548
135.286569	6	728
152.026414	6	729
127.408504	6	731
156.607627	6	730
124.573469	6	732
153.337478	6	733
142.225503	6	736
169.931650	6	735
193.291902	6	734
130.590677	6	738
175.621032	6	737
168.978452	6	739
157.171964	6	742
180.117607	6	741
204.854965	6	740
176.100254	6	743
175.086021	6	744
3131.78277	16	573
204.345226	6	745
3278.39827	16	566
177.272319	6	747
197.952747	6	746
141.118049	6	750
187.891721	6	749
165.990114	6	753
187.548637	6	752
220.024585	6	751
1898.04315	16	653
132.868289	6	756
152.546882	6	755
146.863222	6	758
153.430700	6	759
142.203807	6	760
125.050783	6	761
112.355470	6	762
115.133285	6	767
103.149890	6	768
93.0619239	6	769
3242.55418	16	588
126.771211	6	772
112.641572	6	774
136.318206	6	773
131.805419	6	775
155.441045	6	776
151.351451	6	777
153.399467	6	778
160.637140	6	779
2600.76284	16	637
143.273830	6	781
168.871164	6	780
151.805877	6	782
142.990827	6	783
130.690574	6	785
118.113756	6	787
128.059625	6	788
126.330852	6	789
123.316049	6	790
113.459825	6	791
2136.41858	16	673
110.014200	6	792
102.023601	6	795
125.889539	6	796
110.621452	6	797
136.026620	6	798
135.825395	6	799
128.064632	6	800
2377.78520	16	670
135.715723	6	801
131.035089	6	802
2314.74971	16	677
146.049022	6	804
164.869070	6	803
146.417617	6	805
142.001867	6	806
2315.12904	16	680
140.192747	6	807
3016.80159	16	641
128.352403	6	809
143.109321	6	810
151.408433	6	811
141.250133	6	812
154.298543	6	813
157.258749	6	814
1893.50724	16	713
2764.26386	16	663
2144.96994	16	698
161.432504	6	816
186.387777	6	815
153.767108	6	817
146.342992	6	819
170.881986	6	818
140.164613	6	821
162.570714	6	820
114.183425	6	824
124.661922	6	826
122.870683	6	827
108.207941	6	829
141.788721	6	828
131.916761	6	831
146.242141	6	830
118.659257	6	833
131.301164	6	832
3359.93337	16	647
148.571491	6	835
3024.40309	16	667
131.310701	6	836
117.090225	6	838
133.782625	6	837
122.658729	6	839
2657.68194	16	690
125.463724	6	840
2640.23399	16	692
115.659952	6	843
101.496696	6	845
118.418455	6	846
119.286298	6	847
104.374170	6	848
118.094682	6	849
121.133804	6	850
108.259439	6	851
104.896306	6	852
98.5858440	6	853
2781.93306	16	697
107.741594	6	856
97.0258712	6	857
97.4888801	6	858
141.168117	6	859
120.591402	6	860
128.117799	6	861
155.444860	6	862
143.016576	6	863
159.791707	6	864
150.554180	6	865
146.703004	6	866
141.378641	6	868
169.456958	6	867
143.352031	6	869
137.233734	6	870
150.051832	6	871
132.770299	6	872
145.410060	6	873
129.462003	6	874
114.780426	6	876
124.264240	6	877
139.199972	6	878
135.640382	6	879
3403.81169	16	689
3206.99310	16	701
141.910552	6	881
144.440889	6	882
157.761096	6	883
2834.63883	16	726
143.331527	6	884
124.986171	6	885
2958.26697	16	720
3275.33555	16	703
161.800384	6	886
162.754058	6	887
139.360904	6	889
172.745704	6	888
152.686595	6	890
145.981311	6	891
167.451381	6	892
172.283172	6	893
2716.29476	16	748
203.765153	6	894
157.303094	6	897
3272.02653	16	717
2472.76520	16	765
212.797403	6	895
168.275117	6	898
187.210559	6	899
228.200197	6	896
161.302566	6	901
178.273200	6	900
2666.88132	16	757
237.543344	6	902
229.974746	6	903
239.661693	6	904
194.281101	6	908
180.000066	6	909
256.963729	6	906
2690.10567	16	764
257.616281	6	907
3357.35487	16	727
256.083726	6	910
242.947816	6	912
3601.82046	16	715
258.293867	6	913
255.725145	6	914
216.519832	6	916
308.949470	6	911
212.139844	6	918
218.796253	6	919
256.787300	6	917
3562.80136	16	723
318.598985	6	915
214.870691	6	922
252.680540	6	921
300.907373	6	920
234.573125	6	924
180.662393	6	928
239.893913	6	925
250.765562	6	926
257.033824	6	927
2921.86856	16	771
2580.04212	16	793
239.530324	6	931
274.471521	6	929
2578.73010	16	794
2747.53618	16	786
295.799255	6	930
238.726615	6	934
203.056097	6	937
253.949880	6	935
331.084966	6	932
224.737405	6	938
333.007335	6	933
3214.89143	16	766
201.438426	6	943
3266.73007	16	763
269.913434	6	939
343.140840	6	936
2243.54100	16	825
266.100645	6	941
206.779479	6	945
261.017322	6	946
296.456098	6	944
367.653846	6	940
249.890804	6	948
211.257934	6	951
320.027351	6	947
3619.67849	16	754
248.756885	6	953
3355.30710	16	770
273.068189	6	955
484.772920	6	942
278.926610	6	956
370.499849	6	950
259.474515	6	960
275.950193	6	959
313.062191	6	957
368.520498	6	954
419.616222	6	952
3274.70135	16	784
319.572687	6	961
2670.71390	16	822
330.446481	6	962
308.271169	6	964
303.509473	6	965
267.293214	6	969
340.708494	6	966
343.796253	6	968
336.965084	6	970
2604.81333	16	834
296.851873	6	973
2810.22381	16	823
289.260387	6	975
415.598869	6	967
271.319150	6	977
327.173709	6	974
269.621849	6	978
3113.98839	16	808
391.404151	6	971
330.677986	6	976
2374.31812	16	854
237.361907	6	985
2620.63503	16	842
317.392826	6	982
2044.25549	16	875
358.734846	6	980
239.310264	6	990
2696.11120	16	841
259.835243	6	991
319.838762	6	988
250.324487	6	992
242.142200	6	993
323.929071	6	989
223.708391	6	994
2531.63123	16	855
156.601905	6	1000
441.634178	6	984
455.036401	6	983
252.985239	6	996
2814.49747	16	844
258.316755	6	998
278.544902	6	997
241.999387	6	1001
246.144294	6	1002
229.233741	6	1005
276.007413	6	1003
355.142593	6	999
2296.80871	16	880
252.938985	6	1007
251.013278	6	1008
234.538555	6	1009
238.662242	6	1010
303.341627	6	1006
258.193254	6	1011
1985.90922	16	905
202.711820	6	1015
255.375862	6	1012
180.692911	6	1017
224.469900	6	1016
190.314531	6	1019
230.661630	6	1018
179.753065	6	1021
184.976339	6	1022
191.172122	6	1024
172.730207	6	1025
183.246612	6	1026
237.509965	6	1023
164.551496	6	1030
1936.41543	16	923
227.502584	6	1027
196.643352	6	1029
193.857908	6	1032
180.235147	6	1033
213.925600	6	1031
187.611818	6	1034
1573.36187	16	949
1240.90600	16	972
189.786911	6	1038
248.676776	6	1035
228.882074	6	1037
247.026443	6	1036
194.425821	6	1039
1456.98261	16	963
1562.70718	16	958
221.240282	6	1040
220.317125	6	1041
167.980909	6	1045
232.332706	6	1043
236.210823	6	1044
1332.12590	16	981
213.783025	6	1048
247.018814	6	1046
269.536733	6	1047
188.759326	6	1053
239.000320	6	1050
220.318555	6	1052
241.521120	6	1051
1347.41520	16	986
162.438154	6	1057
214.850664	6	1056
265.141963	6	1054
1118.60227	16	1004
216.038227	6	1058
174.367904	6	1061
273.881196	6	1055
1443.82715	16	987
176.140785	6	1062
1338.55962	16	995
288.298845	6	1059
182.994842	6	1066
235.771894	6	1063
205.508708	6	1065
163.508176	6	1070
1687.46757	16	979
197.525262	6	1069
170.270681	6	1071
221.375942	6	1068
252.565145	6	1067
166.810750	6	1075
240.793943	6	1073
176.342248	6	1078
1134.58967	16	1020
257.872104	6	1074
151.807069	6	1081
1277.33039	16	1013
228.693008	6	1077
179.955959	6	1080
1286.66782	16	1014
1045.25399	16	1028
198.232889	6	1082
184.261083	6	1083
181.435585	6	1084
170.835018	6	1085
145.966291	6	1088
165.300130	6	1089
159.246444	6	1090
139.744997	6	1092
162.709236	6	1091
136.369466	6	1096
155.113697	6	1095
129.118680	6	1098
144.242763	6	1097
141.521215	6	1099
131.612300	6	1100
143.112897	6	1102
138.736963	6	1103
123.500823	6	1104
119.294643	6	1105
110.900640	6	1106
1154.07419	16	1042
105.773210	6	1107
114.751338	6	1109
1110.17203	16	1049
126.747369	6	1110
115.447759	6	1112
141.965627	6	1111
117.835521	6	1113
115.472316	6	1114
114.891529	6	1115
82.7727317	6	1117
107.236623	6	1118
1008.85081	16	1064
124.520301	6	1119
107.444763	6	1120
97.2938537	6	1121
95.4334735	6	1122
93.5182571	6	1126
124.012470	6	1125
99.0636348	6	1127
108.474731	6	1128
91.1910533	6	1129
109.181404	6	1132
106.989383	6	1133
906.858921	16	1086
1348.02889	16	1060
119.245529	6	1134
112.288713	6	1135
100.858688	6	1136
102.671623	6	1137
1126.88279	16	1076
86.8811607	6	1139
1236.24801	16	1072
106.646299	6	1140
112.893581	6	1141
100.167274	6	1142
966.446399	16	1093
115.490913	6	1143
95.3626632	6	1144
1206.56800	16	1079
113.169193	6	1146
118.201971	6	1147
1028.35845	16	1094
124.475717	6	1148
937.905311	16	1101
116.019487	6	1149
102.851152	6	1150
122.742176	6	1151
107.803344	6	1153
107.189416	6	1155
1272.58110	16	1087
114.182472	6	1156
115.500211	6	1157
165.937185	6	1154
114.530324	6	1158
124.757289	6	1159
124.120473	6	1161
127.942085	6	1163
146.071672	6	1162
119.879245	6	1164
128.683805	6	1165
1112.52522	16	1108
134.408235	6	1166
135.563850	6	1168
125.996351	6	1170
137.485980	6	1169
120.924711	6	1171
132.472276	6	1172
144.255638	6	1173
110.212802	6	1176
105.385780	6	1177
103.407621	6	1178
96.4448451	6	1179
92.3457145	6	1180
1223.55198	16	1116
122.256040	6	1183
1107.11908	16	1124
126.440763	6	1184
116.565704	6	1185
1044.20709	16	1131
131.362915	6	1186
121.352195	6	1187
117.571353	6	1190
149.033784	6	1188
148.095846	6	1189
1136.08908	16	1130
141.384840	6	1191
1273.87571	16	1123
150.235414	6	1192
135.527849	6	1193
128.457546	6	1194
135.060071	6	1195
955.211400	16	1145
133.337259	6	1197
145.849227	6	1198
139.037609	6	1199
115.835428	6	1201
1164.68620	16	1138
145.103931	6	1200
125.914335	6	1202
172.525644	6	1203
127.247333	6	1206
146.598339	6	1205
1009.07468	16	1152
126.939058	6	1207
112.567186	6	1208
106.535911	6	1210
130.292892	6	1212
123.871803	6	1213
127.049207	6	1214
999.472856	16	1160
122.055053	6	1215
121.483325	6	1217
136.173009	6	1216
132.792949	6	1221
148.548603	6	1220
131.714105	6	1223
146.281957	6	1222
133.574485	6	1225
165.081024	6	1224
162.790536	6	1227
132.196664	6	1229
156.817197	6	1228
129.648208	6	1231
150.243520	6	1230
1038.62929	16	1175
168.537139	6	1232
148.519992	6	1234
1105.81803	16	1174
142.066240	6	1235
120.933294	6	1237
147.753238	6	1236
136.941432	6	1238
1278.25498	16	1167
158.535718	6	1239
1111.06729	16	1181
160.311460	6	1241
144.552946	6	1242
136.943578	6	1243
1105.39174	16	1182
122.875928	6	1244
779.842853	16	1204
132.669210	6	1246
175.063133	6	1245
967.589855	16	1196
159.171819	6	1248
145.587682	6	1249
188.812971	6	1247
149.813175	6	1250
150.606155	6	1251
135.573625	6	1253
162.123441	6	1252
128.452301	6	1256
125.761985	6	1258
151.793956	6	1257
121.282100	6	1259
122.746706	6	1260
943.780660	16	1209
135.833501	6	1261
116.954803	6	1265
112.825155	6	1266
146.647214	6	1264
110.201358	6	1267
135.370016	6	1268
1043.32041	16	1211
95.5483913	6	1272
121.753692	6	1271
102.387189	6	1273
139.141559	6	1274
127.761125	6	1276
141.637086	6	1275
120.049476	6	1278
120.520591	6	1279
129.945755	6	1280
1102.91838	16	1219
774.235248	16	1240
1017.53807	16	1226
146.425247	6	1281
128.392934	6	1282
138.066768	6	1283
126.452445	6	1286
169.591426	6	1284
163.637876	6	1285
149.186611	6	1288
140.016555	6	1289
146.611928	6	1290
142.393589	6	1291
142.413616	6	1293
151.935815	6	1294
1372.74432	16	1218
155.431032	6	1296
177.328824	6	1295
1184.23032	16	1233
184.410572	6	1297
153.428554	6	1299
171.530723	6	1300
200.706481	6	1298
176.312446	6	1301
161.602258	6	1302
912.839651	16	1255
178.266525	6	1303
839.800357	16	1262
177.529096	6	1304
191.820621	6	1305
161.597967	6	1309
184.432029	6	1308
158.845663	6	1310
248.669624	6	1307
1074.06306	16	1254
203.607082	6	1312
223.357677	6	1311
971.274614	16	1263
178.166866	6	1315
889.729976	16	1269
171.096324	6	1316
155.549287	6	1317
124.506473	6	1320
179.146528	6	1318
167.765378	6	1319
185.890197	6	1322
163.720369	6	1324
151.259899	6	1325
174.788713	6	1326
217.093467	6	1323
162.857294	6	1327
161.193132	6	1329
1095.71433	16	1270
985.219240	16	1277
165.903329	6	1330
176.684617	6	1331
180.749177	6	1332
162.880420	6	1333
133.129835	6	1335
151.243209	6	1334
918.766021	16	1287
848.271131	16	1292
162.852287	6	1337
153.239488	6	1338
162.747859	6	1339
174.258470	6	1340
166.564702	6	1341
161.400318	6	1344
195.776462	6	1342
152.325630	6	1345
148.811340	6	1346
164.402008	6	1347
137.423753	6	1349
161.843776	6	1348
111.532211	6	1352
746.494293	16	1313
109.222173	6	1353
113.513708	6	1354
93.2781696	6	1356
167.825937	6	1355
102.114915	6	1359
725.512742	16	1321
848.271131	16	1314
89.3678665	6	1361
139.270305	6	1360
143.560886	6	1362
138.369083	6	1363
114.439964	6	1365
1061.69223	16	1306
137.304544	6	1364
106.400012	6	1366
733.594655	16	1328
129.578590	6	1367
143.353939	6	1369
183.353424	6	1368
148.938894	6	1371
151.937961	6	1372
631.630659	16	1343
144.117355	6	1373
151.367187	6	1374
761.042833	16	1336
152.169704	6	1375
164.778232	6	1376
138.928413	6	1378
170.969724	6	1377
151.627302	6	1379
620.459318	16	1351
143.244266	6	1381
124.083995	6	1382
125.734567	6	1384
152.971506	6	1383
120.241880	6	1386
157.441139	6	1385
133.616924	6	1388
120.530366	6	1389
110.623359	6	1391
663.942337	16	1358
114.182710	6	1392
147.439002	6	1390
109.084367	6	1393
725.315093	16	1357
79.7169208	6	1396
109.448194	6	1397
892.619132	16	1350
91.4726257	6	1399
83.8162899	6	1400
116.489171	6	1398
601.685762	16	1370
96.9686508	6	1403
89.4012451	6	1404
88.7889862	6	1406
113.161087	6	1405
93.2049751	6	1407
85.4420661	6	1410
605.055809	16	1380
111.370563	6	1411
92.0572280	6	1412
102.185726	6	1413
551.666736	16	1387
97.5182056	6	1415
136.142253	6	1414
120.446205	6	1417
149.549722	6	1418
131.620645	6	1420
153.743028	6	1419
132.028579	6	1421
150.345802	6	1422
117.912054	6	1425
161.383628	6	1423
145.956993	6	1427
137.419700	6	1428
180.681228	6	1426
113.657474	6	1430
132.765054	6	1429
696.545362	16	1394
125.431776	6	1432
594.542503	16	1402
129.759550	6	1434
161.033153	6	1433
127.435207	6	1435
129.417181	6	1436
118.942260	6	1437
110.601186	6	1440
108.898639	6	1441
90.7275676	6	1443
109.034538	6	1442
92.9021835	6	1444
769.347190	16	1401
90.7702445	6	1447
89.2794132	6	1449
108.381986	6	1448
960.693359	16	1395
747.073888	16	1409
112.426519	6	1450
99.3235111	6	1451
114.674091	6	1452
138.145923	6	1453
857.205390	16	1408
124.931335	6	1454
757.909536	16	1416
141.671419	6	1455
133.495569	6	1456
123.030662	6	1457
119.949817	6	1459
136.443376	6	1458
120.063543	6	1461
118.429899	6	1462
557.428836	16	1438
129.241704	6	1465
156.810522	6	1464
179.208040	6	1463
159.642457	6	1466
161.599159	6	1467
137.734651	6	1470
191.091537	6	1469
153.411865	6	1472
149.196386	6	1473
948.813676	16	1424
195.559501	6	1471
870.833158	16	1431
186.795473	6	1475
762.936115	16	1439
653.380870	16	1446
147.875308	6	1478
172.063827	6	1477
225.007772	6	1474
217.320442	6	1476
147.694587	6	1481
181.462049	6	1480
202.686786	6	1479
135.156393	6	1485
157.340049	6	1484
132.615804	6	1486
835.263490	16	1445
158.437013	6	1488
598.044157	16	1460
185.323476	6	1487
133.940219	6	1491
122.293233	6	1492
127.799272	6	1493
130.446672	6	1494
545.794963	16	1468
140.300273	6	1496
179.284811	6	1495
154.694557	6	1498
151.547431	6	1499
150.155544	6	1500
138.601303	6	1501
132.064580	6	1502
147.744894	6	1503
168.693542	6	1505
146.216392	6	1507
519.307851	16	1483
170.351266	6	1506
131.161689	6	1510
158.779144	6	1508
156.790494	6	1511
149.964570	6	1513
551.665067	16	1489
118.202686	6	1517
177.235364	6	1514
162.526845	6	1515
151.499748	6	1516
120.696067	6	1518
706.957101	16	1482
123.365879	6	1520
128.813743	6	1521
626.437187	16	1490
133.834123	6	1522
105.566024	6	1524
122.363328	6	1523
110.380649	6	1525
98.9522933	6	1528
103.581905	6	1529
86.7028236	6	1530
87.3234272	6	1531
554.076194	16	1504
99.1642475	6	1532
100.186347	6	1535
88.1505012	6	1536
106.173992	6	1538
91.3450717	6	1539
128.507852	6	1537
129.750967	6	1540
111.868143	6	1542
856.719970	16	1497
110.812664	6	1543
102.550983	6	1544
101.438999	6	1545
125.148296	6	1546
111.389875	6	1547
124.108076	6	1549
116.904735	6	1550
113.358974	6	1552
133.340597	6	1551
668.912410	16	1519
121.367931	6	1553
136.843204	6	1555
133.019208	6	1557
122.470378	6	1558
133.517503	6	1559
123.701810	6	1560
972.964048	16	1509
959.357738	16	1512
155.899047	6	1563
183.511257	6	1561
185.162067	6	1562
162.368297	6	1565
147.958993	6	1566
188.145875	6	1564
669.150352	16	1533
785.855770	16	1527
179.157257	6	1567
161.401510	6	1568
128.531694	6	1572
185.366630	6	1569
636.353731	16	1541
897.050619	16	1526
118.404865	6	1576
137.319803	6	1575
166.239500	6	1573
165.581226	6	1574
788.320302	16	1534
169.381141	6	1579
153.194665	6	1580
122.292518	6	1582
154.215574	6	1581
111.629247	6	1584
125.713586	6	1583
160.996198	6	1586
162.668943	6	1587
168.330192	6	1588
141.278028	6	1590
165.802717	6	1589
135.646581	6	1591
135.304689	6	1594
835.041522	16	1548
163.708209	6	1593
167.202949	6	1596
186.546087	6	1595
168.892860	6	1597
151.051521	6	1598
114.134073	6	1601
156.525135	6	1599
159.945964	6	1602
132.715463	6	1604
160.945892	6	1603
141.367435	6	1605
133.444786	6	1606
925.057888	16	1556
174.076080	6	1608
160.183191	6	1609
129.269838	6	1612
151.589632	6	1611
125.996828	6	1614
679.545164	16	1578
1070.77717	16	1554
126.587390	6	1616
131.828069	6	1617
127.392292	6	1618
101.821422	6	1620
144.784450	6	1619
915.652275	16	1571
96.2817668	6	1624
94.2289829	6	1625
141.388893	6	1623
132.032155	6	1626
929.929494	16	1577
124.655723	6	1629
144.499063	6	1628
118.999958	6	1630
163.395166	6	1627
1097.04613	16	1570
152.241706	6	1631
118.190765	6	1633
156.157970	6	1632
122.757673	6	1636
159.811258	6	1634
143.663644	6	1635
140.145540	6	1638
887.685298	16	1592
178.491353	6	1637
147.653341	6	1640
1027.18830	16	1585
159.192085	6	1641
199.616909	6	1639
153.253555	6	1642
173.193216	6	1643
145.338058	6	1646
133.333683	6	1647
892.143726	16	1600
186.203479	6	1645
816.564798	16	1607
140.996694	6	1650
171.664476	6	1649
120.513916	6	1652
148.144245	6	1653
816.909074	16	1613
138.736248	6	1655
122.680664	6	1656
153.338193	6	1654
163.863182	6	1657
110.132455	6	1660
121.084213	6	1661
103.671312	6	1662
94.5971012	6	1663
807.615518	16	1621
113.070011	6	1664
101.558446	6	1667
94.1793918	6	1668
966.373443	16	1615
1038.07830	16	1610
103.049755	6	1669
94.3057537	6	1670
100.753068	6	1671
946.463823	16	1622
116.182327	6	1672
130.623817	6	1674
113.987445	6	1676
129.881381	6	1675
124.813795	6	1677
114.204168	6	1678
124.511003	6	1679
114.240884	6	1682
138.697862	6	1681
124.411582	6	1684
648.910999	16	1651
140.527009	6	1683
111.213207	6	1685
135.480880	6	1686
115.180253	6	1689
117.702960	6	1690
119.237899	6	1691
116.203784	6	1692
848.852634	16	1648
913.418054	16	1644
152.821779	6	1693
138.738155	6	1695
131.878852	6	1696
127.953052	6	1697
158.081054	6	1699
185.204982	6	1698
161.615133	6	1700
148.769855	6	1701
109.400272	6	1704
141.606330	6	1703
118.464708	6	1705
888.666868	16	1658
773.204803	16	1665
126.853704	6	1708
160.933732	6	1706
120.708465	6	1710
200.119733	6	1707
837.393999	16	1666
142.908334	6	1711
138.194084	6	1712
135.245323	6	1713
1012.79854	16	1659
155.178070	6	1714
169.492244	6	1715
179.327964	6	1716
134.906291	6	1719
167.357444	6	1718
163.241863	6	1720
176.406621	6	1721
163.507699	6	1722
136.687755	6	1724
964.132785	16	1673
756.748437	16	1688
172.344446	6	1725
219.580650	6	1723
189.033985	6	1726
179.268836	6	1728
152.402877	6	1730
195.081949	6	1727
947.245597	16	1680
170.888662	6	1731
761.453866	16	1694
212.184667	6	1729
158.252000	6	1734
130.946397	6	1738
162.992954	6	1736
198.266506	6	1735
597.239494	16	1709
196.171283	6	1737
155.286312	6	1741
147.159337	6	1743
133.462905	6	1744
168.530464	6	1742
123.449325	6	1745
1035.26926	16	1687
155.481815	6	1748
144.677400	6	1749
178.860425	6	1747
131.293535	6	1752
137.313365	6	1753
193.436861	6	1750
177.497148	6	1751
958.695173	16	1702
176.834344	6	1755
165.716886	6	1757
156.161308	6	1759
211.487293	6	1756
188.931226	6	1758
165.097951	6	1760
150.872230	6	1762
144.120216	6	1764
914.459228	16	1717
186.599016	6	1766
214.350700	6	1765
168.493270	6	1768
135.823726	6	1770
197.165727	6	1767
129.958868	6	1773
200.857162	6	1769
784.944057	16	1732
196.213245	6	1771
676.337003	16	1740
799.176216	16	1733
207.591295	6	1772
136.115550	6	1777
191.868782	6	1774
187.730550	6	1776
183.482885	6	1778
154.263019	6	1780
247.023344	6	1775
193.190097	6	1779
825.718402	16	1739
731.184244	16	1746
207.464933	6	1781
522.369384	16	1761
161.998033	6	1784
219.577312	6	1782
173.845767	6	1786
206.667661	6	1785
177.500009	6	1787
719.429969	16	1754
150.850772	6	1789
168.631553	6	1790
163.434743	6	1792
145.557165	6	1793
170.885801	6	1794
168.207168	6	1795
149.432897	6	1796
119.654655	6	1799
733.018398	16	1763
182.346820	6	1800
153.444528	6	1802
143.038272	6	1803
178.202867	6	1801
139.675140	6	1804
175.482034	6	1806
174.493789	6	1807
176.868915	6	1808
157.654523	6	1809
572.919368	16	1783
156.537055	6	1812
163.062810	6	1813
202.769994	6	1810
196.084022	6	1811
519.834756	16	1791
185.674428	6	1814
593.627214	16	1788
199.991941	6	1815
205.861091	6	1817
223.679780	6	1816
160.260677	6	1821
205.160856	6	1819
186.182498	6	1822
552.051782	16	1797
191.578626	6	1824
211.390972	6	1823
179.177045	6	1825
480.058908	16	1805
180.173397	6	1826
633.537530	16	1798
209.257602	6	1828
182.010650	6	1831
174.657583	6	1832
213.960647	6	1829
204.884529	6	1830
202.127695	6	1833
155.084133	6	1837
182.978630	6	1836
157.405853	6	1839
157.512664	6	1840
211.136817	6	1838
127.489566	6	1844
146.222114	6	1843
132.632017	6	1845
134.287834	6	1846
137.533187	6	1848
196.205615	6	1847
160.110235	6	1850
127.460956	6	1854
147.107839	6	1853
183.820009	6	1851
181.570291	6	1852
113.186597	6	1857
143.366575	6	1858
140.422821	6	1860
159.482002	6	1859
121.016263	6	1862
770.179271	16	1820
165.376424	6	1863
719.428062	16	1827
149.281024	6	1865
234.266042	6	1861
165.003061	6	1866
174.364805	6	1867
942.961215	16	1818
175.221204	6	1868
167.381048	6	1869
188.343763	6	1870
186.103582	6	1872
171.514272	6	1874
218.878030	6	1871
192.937374	6	1873
787.388324	16	1834
144.062519	6	1877
696.629285	16	1841
201.878786	6	1876
205.075025	6	1878
152.405261	6	1882
218.444347	6	1879
190.887212	6	1881
145.113229	6	1884
788.359403	16	1842
174.190282	6	1883
155.541419	6	1885
949.231147	16	1835
159.231185	6	1887
150.106906	6	1888
134.859085	6	1890
125.330686	6	1891
167.194366	6	1889
119.499921	6	1892
821.755647	16	1849
171.183824	6	1894
149.681329	6	1896
166.830778	6	1895
137.599706	6	1897
151.550531	6	1898
135.770320	6	1899
140.405178	6	1901
169.412851	6	1902
779.193639	16	1864
165.819168	6	1904
188.218832	6	1903
158.658504	6	1905
661.038637	16	1875
149.208068	6	1906
947.190761	16	1856
991.840124	16	1855
156.642913	6	1907
134.512662	6	1909
130.424261	6	1911
189.929246	6	1910
158.335447	6	1912
156.805276	6	1913
124.245405	6	1916
757.872104	16	1880
186.724424	6	1914
537.672042	16	1893
162.169694	6	1917
152.990102	6	1919
144.895553	6	1920
191.975593	6	1918
153.932571	6	1921
730.322837	16	1886
130.648374	6	1924
119.917154	6	1926
141.165018	6	1925
113.843441	6	1927
95.5016613	6	1928
102.232933	6	1932
123.857975	6	1931
101.188421	6	1933
112.045049	6	1934
102.803468	6	1935
117.080688	6	1936
89.3130302	6	1938
114.804506	6	1939
109.788894	6	1940
99.8938083	6	1941
653.656482	16	1908
103.883028	6	1942
568.809270	16	1915
810.025691	16	1900
110.081672	6	1943
90.5175209	6	1945
82.2274684	6	1947
78.6359310	6	1949
105.818748	6	1948
75.3407478	6	1950
639.685869	16	1929
636.284828	16	1930
769.397735	16	1923
801.601409	16	1922
544.224023	16	1937
492.979049	16	1946
526.694774	16	1944
avg:  364.468232912895
std:  578.1672148603731
p95:  1511.6642713546737
p99:  3056.983337402343
com:  60.61078463849291
thg:  3030.5392319246457
que:  287.04941211602625
los:  0.0
1607 343
**********************
