[29 34 32 ... 34 23 22]
107.962608	6	1
95.1361656	6	2
79.3831348	6	3
77.6205062	6	4
93.4917926	6	5
87.5742435	6	6
91.4044380	6	7
71.4561939	6	8
70.5168247	6	9
105.638980	6	20
89.8764133	6	21
83.0326080	6	22
432.994604	16	10
80.3821086	6	23
90.7635688	6	24
79.2744159	6	25
79.2303085	6	26
85.9797000	6	27
106.266498	6	28
81.0358524	6	29
88.6363983	6	30
84.3660831	6	31
83.3694934	6	32
104.200363	6	33
87.4619483	6	34
84.1257572	6	35
788.215637	16	11
92.4451351	6	36
782.444477	16	12
81.2957286	6	37
654.409170	16	17
625.688791	16	19
95.6659317	6	38
774.660110	16	14
84.8810672	6	39
85.7338905	6	40
770.939588	16	16
88.6583328	6	41
79.0202617	6	42
836.151361	16	15
883.829116	16	13
774.750709	16	18
80.7759761	6	43
115.455627	6	44
92.5588607	6	45
78.4077644	6	46
78.3646106	6	47
74.6881961	6	48
100.980281	6	49
92.7333831	6	50
83.4636688	6	51
105.588674	6	52
83.9307308	6	53
81.4242362	6	54
86.8952274	6	55
71.6063976	6	56
69.5593357	6	57
69.3552494	6	58
482.886552	16	59
784.008502	16	60
118.772983	6	84
117.274045	6	85
109.180450	6	86
99.3549823	6	87
99.5864868	6	88
77.7614116	6	89
99.5528697	6	90
114.681720	6	91
107.344150	6	92
88.8078212	6	93
84.4697952	6	94
113.479375	6	95
95.5264568	6	96
96.1344242	6	97
100.123882	6	98
88.3810520	6	99
83.5225582	6	100
81.4585685	6	101
91.3670063	6	102
113.342523	6	103
100.711345	6	104
95.4587459	6	105
97.9216098	6	106
98.5760688	6	107
93.7769412	6	108
1529.63471	16	61
96.0404872	6	109
84.5608711	6	110
1430.16719	16	65
1551.70440	16	62
98.6435413	6	111
105.284929	6	112
89.8845195	6	113
92.7536487	6	114
97.9876518	6	115
91.0866260	6	116
1644.98257	16	64
94.7694778	6	117
1562.35790	16	68
84.0578079	6	118
83.4488868	6	119
1769.10448	16	63
97.1269607	6	120
72.4120140	6	121
1727.11634	16	66
90.8262729	6	122
93.2919979	6	123
99.0529060	6	124
1840.56115	16	67
92.0007228	6	126
114.404439	6	125
104.622125	6	127
100.952625	6	128
1876.64270	16	69
94.5739746	6	129
86.8628025	6	130
1837.15558	16	71
94.6936607	6	131
1823.23479	16	73
1925.80080	16	70
90.5797481	6	132
83.1575393	6	133
1750.51259	16	77
1900.45332	16	72
80.5816650	6	134
1874.73917	16	74
83.2531452	6	136
115.823745	6	135
1754.93979	16	80
79.6289443	6	137
81.5632343	6	138
1696.62857	16	83
1902.46796	16	76
1956.48241	16	75
85.0191116	6	139
1870.28431	16	78
1755.27167	16	82
79.7269344	6	140
1894.76037	16	79
77.3222446	6	141
1837.99266	16	81
78.3185958	6	142
79.4742107	6	143
75.7858753	6	144
84.0132236	6	145
97.9390144	6	146
114.736557	6	147
81.1929702	6	148
90.0166034	6	149
88.6299610	6	150
83.0707550	6	151
69.0653324	6	152
323.514699	16	153
91.4049148	6	164
86.2081050	6	165
83.8518142	6	166
118.685722	6	167
90.6262397	6	168
92.2698974	6	169
84.8462581	6	170
83.3730697	6	171
83.5731029	6	172
77.3851871	6	173
80.7805061	6	174
102.208852	6	175
96.4415073	6	176
85.7963562	6	177
76.6508579	6	178
72.0696449	6	179
794.418096	16	155
78.3801078	6	180
854.487657	16	154
100.684404	6	181
75.1888751	6	182
699.246168	16	161
856.425762	16	156
810.523986	16	158
809.712648	16	159
117.406606	6	183
899.142026	16	157
77.1801471	6	185
735.325813	16	163
116.683721	6	184
83.7185382	6	186
839.332342	16	160
785.419225	16	162
100.072145	6	187
90.8863544	6	188
78.7980556	6	189
91.6082859	6	190
81.2623500	6	191
79.3175697	6	192
83.2574367	6	193
83.4512710	6	194
103.257179	6	195
80.3780555	6	196
80.4986953	6	197
107.316255	6	198
94.4268703	6	199
80.3117752	6	200
67.9011344	6	201
220.725297	16	202
644.766092	16	203
129.305839	6	227
105.581998	6	228
90.6071662	6	229
115.169048	6	231
138.212919	6	230
981.038808	16	204
95.6959724	6	232
96.3745117	6	233
90.5194282	6	234
96.4083671	6	235
80.7418823	6	236
1071.03991	16	205
98.7751483	6	237
88.1707668	6	238
107.005834	6	239
104.360580	6	240
90.8107757	6	241
1152.50563	16	208
109.879016	6	242
88.4416103	6	243
86.8082046	6	244
91.5565490	6	245
91.0093784	6	246
1371.00458	16	206
116.786718	6	247
91.4931297	6	248
104.471445	6	249
93.1239128	6	250
101.757526	6	251
94.2044258	6	252
1522.22514	16	207
106.181144	6	253
1494.99297	16	209
104.380846	6	254
1510.92886	16	210
98.7899303	6	255
93.1243896	6	256
1510.52713	16	211
73.8525390	6	257
82.5076103	6	258
1451.93696	16	213
106.490135	6	259
96.6796875	6	260
82.8309059	6	261
97.5131988	6	262
1684.07082	16	212
83.2862854	6	263
83.8563442	6	264
90.1832580	6	265
75.5813121	6	266
86.3671302	6	267
1652.96030	16	215
87.8038406	6	268
1712.99362	16	214
77.3899555	6	269
93.8653945	6	270
1692.81935	16	216
1584.20300	16	221
1696.34175	16	217
100.354194	6	271
1671.81611	16	219
89.3380641	6	272
75.6385326	6	273
1612.21432	16	223
77.3620605	6	274
1610.08810	16	224
1748.45671	16	220
1595.93367	16	226
112.894296	6	275
1828.87625	16	218
1646.73972	16	225
1735.91709	16	222
99.4615554	6	276
79.5536041	6	277
83.4560394	6	278
74.4915008	6	279
81.5286636	6	280
93.7316417	6	281
86.1320495	6	282
108.252763	6	283
84.2363834	6	284
83.6060047	6	285
71.0129737	6	286
72.8025436	6	287
352.818727	16	288
124.590158	6	297
107.252120	6	298
95.6110954	6	299
104.396343	6	300
81.8252563	6	301
70.5561637	6	302
84.4388008	6	303
101.311206	6	304
81.8295478	6	305
580.438375	16	289
83.1944942	6	306
93.0099487	6	307
89.6956920	6	308
75.9217739	6	309
80.3232192	6	310
76.1225223	6	311
78.5212516	6	312
685.117721	16	292
76.5197277	6	313
783.453941	16	290
653.328657	16	295
99.1184711	6	314
794.809341	16	291
709.743022	16	294
670.220375	16	296
95.3629016	6	315
753.913402	16	293
75.6869316	6	316
83.4143161	6	317
76.4381885	6	318
97.5463390	6	319
96.2271690	6	320
90.5239582	6	321
78.9322853	6	322
105.270862	6	323
89.5912647	6	324
85.2506160	6	325
85.5772495	6	326
104.802131	6	327
79.6890258	6	328
71.5551376	6	329
111.586570	6	342
140.623807	6	343
112.921714	6	344
101.463794	6	345
89.7996425	6	346
77.5551795	6	347
854.794979	16	330
890.077829	16	332
115.994215	6	359
105.774402	6	360
87.7931118	6	361
104.209423	6	362
96.0774421	6	363
89.6980762	6	364
81.2823772	6	365
88.9172554	6	366
1138.25416	16	331
101.969957	6	367
93.2021141	6	368
88.2887840	6	369
82.0031166	6	370
1193.60017	16	333
100.478410	6	371
111.986398	6	372
100.373506	6	373
99.5149612	6	374
92.5095081	6	375
103.486061	6	376
97.3036289	6	377
86.6315364	6	378
86.5631103	6	379
1387.32647	16	335
1422.57928	16	334
89.6410942	6	380
75.2074718	6	381
1371.37007	16	337
95.4866409	6	382
87.2917175	6	383
82.1928977	6	384
83.2414627	6	385
1454.31494	16	339
1435.42528	16	340
1562.15715	16	336
93.8248634	6	386
101.268291	6	387
87.4195098	6	388
79.3669223	6	389
73.0037689	6	390
1542.32883	16	341
83.0471515	6	391
1664.97802	16	338
82.3059082	6	392
99.3432998	6	393
79.5755386	6	394
93.7535762	6	395
1495.02086	16	348
1363.72542	16	353
82.9961299	6	396
91.6962623	6	397
79.9055099	6	398
103.476524	6	399
96.3134765	6	400
79.6720981	6	401
1465.29436	16	354
1545.48692	16	352
84.0387344	6	402
1604.44664	16	350
1410.72177	16	357
88.6058807	6	403
1661.55099	16	349
1467.77606	16	356
1616.31846	16	351
80.3055763	6	404
1536.75079	16	355
97.2831249	6	405
1468.19210	16	358
102.687597	6	407
131.374359	6	406
88.3045196	6	408
84.8736763	6	409
91.0778045	6	410
77.1744251	6	411
91.0232067	6	412
83.1913948	6	413
82.6222896	6	414
89.0781879	6	415
76.0295391	6	416
78.9859294	6	417
77.3558616	6	418
321.980714	16	419
106.479883	6	440
99.1301536	6	441
94.4850444	6	442
88.7930393	6	443
797.287464	16	421
846.507787	16	420
93.5266017	6	444
91.9284820	6	445
94.6309566	6	446
99.6677875	6	447
93.0910110	6	448
85.5538845	6	449
99.8876094	6	450
90.6233787	6	451
119.796752	6	452
95.0284004	6	453
110.943078	6	454
103.879451	6	455
90.6028747	6	456
1159.70134	16	422
91.2122726	6	457
90.7320976	6	458
1154.32453	16	424
91.9353961	6	459
87.4657630	6	460
80.3446769	6	461
89.8826122	6	462
84.1698646	6	463
100.205898	6	464
86.1265659	6	465
87.4886512	6	466
94.4457054	6	467
1415.83847	16	425
87.7015590	6	468
91.1107063	6	469
1565.70005	16	423
93.0724143	6	470
1480.14307	16	426
87.4176025	6	471
1447.05867	16	428
103.300094	6	472
1423.75087	16	430
86.6184234	6	473
95.4868793	6	474
93.0087566	6	475
1531.04948	16	429
84.6533775	6	476
90.1074409	6	477
83.6865901	6	478
1369.52805	16	437
1674.16834	16	427
1504.54998	16	433
1483.75964	16	434
92.5111770	6	479
81.1097621	6	480
1556.24079	16	432
1614.55488	16	431
1462.89825	16	436
1385.96820	16	438
71.8302726	6	482
102.214574	6	481
1526.08776	16	435
1386.54232	16	439
76.3967037	6	483
98.1783866	6	484
73.2002258	6	485
106.033802	6	486
87.8055095	6	488
125.657796	6	487
94.7821140	6	489
81.6516876	6	490
78.0487060	6	491
97.3904132	6	492
69.5996284	6	493
96.2741374	6	494
71.5827941	6	495
221.376895	16	496
110.668897	6	519
89.1134738	6	520
107.949733	6	521
95.1104164	6	522
100.063085	6	523
871.835470	16	497
103.480100	6	524
90.9647941	6	525
98.6175537	6	526
98.1569290	6	528
120.929718	6	527
97.5911617	6	529
114.705085	6	530
104.173898	6	531
103.801965	6	532
79.7584056	6	533
82.9193592	6	534
96.0946083	6	535
89.9689197	6	536
90.1958942	6	537
89.4491672	6	538
1309.16142	16	498
100.374937	6	539
1271.59452	16	500
95.2196121	6	540
84.2444896	6	541
112.857341	6	542
111.582994	6	543
96.4550971	6	544
1343.28055	16	502
85.6192111	6	545
1451.19929	16	499
1295.89152	16	504
1425.28438	16	501
96.4059829	6	546
117.071151	6	547
96.7204570	6	548
88.6626243	6	549
1391.13306	16	505
110.697269	6	550
90.0506973	6	551
1517.72046	16	503
98.3231067	6	552
81.9325447	6	553
86.6799354	6	554
1426.76258	16	508
1519.70648	16	506
86.4071846	6	555
1452.60667	16	509
92.8957462	6	556
94.4380760	6	557
83.2705497	6	558
87.9764556	6	559
84.6855640	6	560
1653.43141	16	507
1562.59775	16	510
90.1141166	6	561
1489.46452	16	514
71.4552402	6	562
1455.69014	16	516
1515.49935	16	515
1606.24909	16	512
101.633310	6	563
77.9745578	6	564
1497.83539	16	518
88.0694389	6	565
76.7347812	6	566
1699.41520	16	511
1556.32781	16	517
1658.55598	16	513
117.166042	6	567
106.499671	6	568
88.3314609	6	569
82.1058750	6	570
95.4272747	6	571
85.2763652	6	572
71.8889236	6	573
77.1224498	6	574
90.6095504	6	575
81.3074111	6	576
77.6205062	6	577
72.8905200	6	578
99.4417667	6	592
86.6837501	6	593
98.4547138	6	594
81.0594558	6	595
83.6806297	6	596
633.207798	16	579
89.1788005	6	597
88.2980823	6	598
82.5817584	6	599
719.287633	16	580
97.6979732	6	600
87.0170593	6	601
83.4522247	6	602
84.2754840	6	603
77.4753093	6	604
82.4303627	6	605
91.0122394	6	606
86.8999958	6	607
910.345792	16	581
97.1307754	6	608
83.0411911	6	609
916.885852	16	582
91.0677909	6	610
88.9914035	6	611
85.8156681	6	612
901.262760	16	585
74.7270584	6	613
985.161542	16	583
926.440238	16	586
95.5772399	6	614
900.778293	16	587
831.565380	16	589
77.2254467	6	615
1010.64777	16	584
81.0496807	6	616
70.5640316	6	617
941.716194	16	588
878.693819	16	590
871.399641	16	591
77.4333477	6	618
79.3685913	6	619
90.0623798	6	620
76.3978958	6	621
89.3440246	6	622
81.3398361	6	623
95.9999561	6	624
70.6102848	6	625
71.8193054	6	626
83.3625793	6	627
74.8970508	6	628
78.9918899	6	629
92.6918983	6	630
78.4225463	6	632
100.490331	6	631
67.5518512	6	633
72.0946788	6	634
456.632375	16	635
113.624095	6	660
122.008323	6	661
100.863933	6	662
899.858236	16	636
117.089509	6	663
106.493949	6	664
83.1952095	6	665
103.184461	6	666
99.4260311	6	667
90.7695293	6	668
121.443748	6	669
105.351924	6	670
105.048894	6	671
92.4015045	6	672
1166.13721	16	637
98.2975959	6	673
93.1546688	6	674
105.816841	6	675
89.9808406	6	676
94.5115089	6	677
88.3646011	6	678
90.5468463	6	679
98.2999801	6	680
1376.94454	16	638
76.2283802	6	681
1297.65486	16	642
93.8999652	6	682
100.731134	6	683
84.8436355	6	684
82.1564197	6	685
83.8210582	6	686
1513.10300	16	641
96.9021320	6	688
127.820730	6	687
1581.86292	16	639
85.5333805	6	689
123.727321	6	690
109.388828	6	691
93.5034751	6	692
94.3841934	6	693
89.4448757	6	694
86.8058204	6	695
1578.71651	16	645
78.9034366	6	696
1752.42209	16	640
1645.74742	16	644
97.2006320	6	697
82.4818611	6	698
104.723453	6	699
92.8738117	6	700
99.3657112	6	701
82.8692913	6	702
90.1134014	6	703
76.8585205	6	704
1888.24415	16	643
1789.52765	16	647
1826.52854	16	646
1693.83335	16	651
110.450506	6	705
92.2567844	6	706
1774.98817	16	649
89.9102687	6	707
1720.12090	16	652
1697.29614	16	653
85.7379436	6	708
74.9394893	6	709
1676.41282	16	656
109.505891	6	710
98.9754199	6	711
90.6279087	6	712
1787.54949	16	654
1900.34270	16	650
1975.71396	16	648
93.2648181	6	713
1712.48054	16	657
1684.60965	16	659
100.655555	6	714
1820.01900	16	655
1735.73422	16	658
82.8673839	6	715
76.8151283	6	717
106.298685	6	716
83.6391448	6	718
95.8433151	6	719
67.8520202	6	720
77.0430564	6	721
75.2687454	6	722
79.1411399	6	723
88.9112949	6	724
90.2037620	6	725
67.3205852	6	726
110.236883	6	741
100.581169	6	742
92.8556919	6	743
105.520963	6	744
110.821247	6	745
85.4060649	6	746
95.3845977	6	747
84.6855640	6	748
77.4111747	6	749
731.781959	16	727
92.0071601	6	750
88.0479812	6	751
93.3129787	6	752
82.1659564	6	753
90.6159877	6	754
84.7368240	6	755
78.5019397	6	756
75.4551887	6	757
865.147113	16	730
944.359779	16	728
94.4955348	6	758
965.188503	16	729
85.5524539	6	759
79.0739059	6	760
83.7175846	6	761
982.844114	16	731
74.4471549	6	762
1018.99933	16	732
94.9671268	6	763
88.6883735	6	764
1045.55535	16	733
87.9688262	6	765
77.7342319	6	766
996.391057	16	737
1077.00181	16	734
87.2633457	6	767
1077.07309	16	735
920.740127	16	740
82.0477008	6	768
1000.92840	16	738
79.3614387	6	769
982.448577	16	739
1097.04065	16	736
82.0944309	6	770
84.3350887	6	771
85.7470035	6	772
75.6685733	6	773
108.639717	6	774
99.9228954	6	775
83.3878517	6	776
84.4864845	6	777
68.8457489	6	778
102.727890	6	779
82.3836326	6	780
72.3381042	6	781
78.6390304	6	782
91.2942886	6	783
81.2895298	6	784
71.5327262	6	785
471.855401	16	786
679.319620	16	787
90.9259319	6	813
118.651390	6	812
104.772329	6	814
105.015039	6	815
94.7537422	6	816
99.2996692	6	817
91.0117626	6	818
99.0846157	6	819
86.3833427	6	820
92.3354625	6	821
104.108572	6	822
1094.47193	16	790
103.467464	6	823
91.3763046	6	824
99.0450382	6	825
1245.84627	16	788
102.962732	6	826
98.3815193	6	827
95.9532260	6	828
94.1908359	6	829
85.3297710	6	830
96.6663360	6	831
91.6998386	6	832
91.2914276	6	833
102.766990	6	834
114.729881	6	835
90.9628868	6	836
85.4187011	6	837
1501.11246	16	792
101.175308	6	838
1615.28968	16	789
104.004859	6	839
1429.38566	16	795
101.723909	6	840
87.0907306	6	841
90.2938842	6	842
98.5856056	6	843
87.0051383	6	844
90.9459590	6	845
91.5131568	6	846
1740.59462	16	793
104.774475	6	848
128.213644	6	847
1845.54076	16	791
88.7763500	6	849
1672.60599	16	796
83.3342075	6	850
1792.27399	16	794
100.954294	6	851
87.3181819	6	852
81.2277793	6	853
78.2871246	6	854
92.2372341	6	855
85.2684974	6	856
1813.56072	16	798
79.8671245	6	857
1743.76893	16	801
78.6409378	6	858
1858.50477	16	799
78.2170295	6	860
1612.12754	16	808
114.486694	6	859
75.3853321	6	861
1787.22023	16	803
1991.80150	16	797
1717.70954	16	806
1843.32084	16	802
74.1550922	6	862
1926.22089	16	800
1789.79325	16	805
85.9131813	6	863
1692.05403	16	809
1666.53704	16	810
74.4874477	6	864
1834.61928	16	804
1774.26266	16	807
101.058006	6	865
78.0367851	6	866
82.0493698	6	868
123.833179	6	867
76.6448974	6	869
107.441186	6	870
97.2466468	6	871
76.4691829	6	872
87.1579647	6	873
74.0604400	6	874
99.5106697	16	875
89.6930694	6	876
74.7125148	6	877
74.6524333	6	878
307.544946	16	879
95.0956344	6	896
96.0705280	6	897
617.989778	16	880
90.4934406	6	898
100.543975	6	899
105.302333	6	900
101.708173	6	901
90.0266170	6	902
86.8039131	6	903
101.127147	6	904
74.7778415	6	905
794.926404	16	882
102.675914	6	906
101.985216	6	907
96.0223674	6	908
916.700124	16	881
84.7160816	6	909
91.8760299	6	910
100.587606	6	911
93.3694839	6	912
78.4246921	6	913
92.8745269	6	914
107.787132	6	915
80.5318355	6	916
1098.26922	16	883
77.9590606	6	917
93.0626392	6	918
86.0259532	6	919
94.8834419	6	920
1157.97567	16	886
1222.27072	16	884
1116.21952	16	888
117.786169	6	921
998.833179	16	893
95.8864688	6	922
1234.00402	16	885
82.9865932	6	923
1189.54229	16	887
1070.13511	16	892
83.9107036	6	924
992.401123	16	895
1174.15618	16	889
94.5613384	6	925
1050.90641	16	894
1168.29562	16	890
76.4341354	6	926
97.4383354	6	927
99.2214679	6	928
75.6454467	6	929
81.8819999	6	930
81.6702842	6	931
73.6482143	6	932
92.8611755	6	933
106.351613	6	934
98.5622406	6	935
86.4806175	6	936
80.4758071	6	937
105.540513	6	938
76.8477916	6	939
69.1838264	6	940
285.837888	16	941
581.595420	16	942
113.343477	6	966
105.164527	6	967
113.245248	6	968
97.2173213	6	969
98.1016159	6	970
100.541114	6	971
109.887599	6	972
92.3025608	6	973
96.7142581	6	974
86.0786437	6	975
98.2308387	6	976
97.0504283	6	977
90.6248092	6	978
1033.16712	16	945
114.959239	6	979
90.8057689	6	980
86.7910385	6	981
111.572027	6	982
100.832462	6	983
95.6807136	6	984
97.4185466	6	985
1324.94235	16	943
92.6337242	6	986
103.759527	6	987
106.029510	6	988
99.8685359	6	989
102.761507	6	990
100.842952	6	991
92.7135944	6	992
1328.61709	16	949
1497.35045	16	944
86.9886875	6	993
81.5527439	6	994
1457.15785	16	947
96.9209671	6	995
110.309839	6	996
107.187986	6	997
1536.09752	16	948
108.419656	6	998
1656.66341	16	946
120.536565	6	999
1544.16608	16	950
111.795663	6	1000
85.9520435	6	1001
94.7463512	6	1002
1580.55710	16	951
91.6664600	6	1003
1631.99281	16	952
111.092805	6	1004
89.5173549	6	1005
88.5474681	6	1006
98.7067222	6	1007
99.0390777	6	1008
1508.21137	16	960
86.2283706	6	1009
95.5054759	6	1010
1723.17099	16	954
1655.16018	16	957
1458.66155	16	964
92.3242568	6	1011
1725.33583	16	955
81.9191932	6	1012
1668.42842	16	959
1835.79802	16	953
104.064226	6	1013
1622.98727	16	961
95.6597328	6	1014
1654.18171	16	962
81.3999176	6	1016
123.606920	6	1015
1839.91265	16	956
1648.83089	16	963
82.1056365	6	1017
1792.90604	16	958
78.2792568	6	1018
87.0635509	6	1019
104.434490	6	1020
79.2140960	6	1021
74.3446350	6	1022
111.759901	6	1023
79.5793533	6	1024
85.0312709	6	1026
140.433788	6	1025
86.8287086	6	1027
85.1523876	6	1028
69.3602561	6	1029
132.322788	6	1045
122.242689	6	1046
108.798265	6	1047
107.314109	6	1048
101.360797	6	1049
84.0055942	6	1050
720.773458	16	1030
770.298480	16	1031
892.726659	16	1032
963.835477	16	1034
933.614492	16	1037
1101.21822	16	1033
1061.36822	16	1035
930.272102	16	1040
1119.84276	16	1036
1149.77145	16	1038
964.389324	16	1044
1136.11721	16	1039
1007.35902	16	1043
1071.67053	16	1041
1075.61993	16	1042
avg:  415.6260913969111
std:  579.7830920537824
p95:  1698.779487609863
p99:  1875.7670783996582
com:  32.74832476073931
thg:  1076.064878986632
FCT:  31.97110104560852
que:  339.6968875710124
los:  0.2857142857142918
767 280
**********************
