[184 194 171 206 198 209 216 190 195 199 185 212 197 181 182 197 184 178
 205 191 202 213 196 227 205 180 200 195 182 214 174 211 206 224 209 189
 190 215 199 203 203 217 214 186 196 192 171 182 203 211 205 206 205 215
 201 216 198 226 215 208 182 181 210 185 199 192 216 208 205 211 210 179
 184 205 182 225 196 195 174 204 203 222 187 178 213 184 207 228 205 196
 199 179 203 192 204 177 193 202 195 166 202 209 177 186 188 194 222 202
 212 203 176 194 196 199 212 189 203 209 214 176 208 194 210 193 201 190
 192 216 213 190 175 223 205 209 198 200 208 222 187 201 195 228 219 225
 223 198 199 198 193 201]
163.532257	16	1
163.236856	6	2
158.353567	6	3
152.072668	6	4
164.180994	6	5
164.360284	16	6
176.164150	16	7
161.756753	16	8
155.715227	6	9
155.856370	6	10
156.314849	6	11
155.960083	16	12
153.862476	16	13
171.282291	16	14
160.725831	6	15
164.466619	16	16
158.509016	6	17
154.187679	6	18
172.222614	16	19
149.482488	6	20
155.914068	6	21
169.782161	16	22
88.9341831	6	23
154.887676	16	24
81.6743373	6	25
160.964727	6	26
130.001068	16	27
112.437725	16	28
80.0919532	6	29
79.1683197	6	30
90.2550220	6	31
120.057821	16	32
115.125179	16	33
127.293586	16	34
90.3005599	6	35
147.119998	6	36
84.0082168	6	37
171.803712	16	38
127.358675	16	39
76.3108730	6	40
86.9472026	6	41
83.6896896	6	42
171.710491	16	43
115.577936	16	44
161.503076	16	45
123.060941	16	46
153.405666	6	47
160.122632	6	48
82.6182365	6	49
163.915872	16	50
169.409275	16	51
99.5671749	16	52
117.318391	16	53
160.197257	6	54
169.372558	16	55
82.9188823	6	56
81.8233489	6	57
122.947931	16	58
161.313295	6	59
89.9798870	6	60
85.6714248	6	61
125.993251	16	62
125.794172	16	63
84.0387344	6	64
81.6352367	6	65
83.7905406	6	66
122.662305	16	67
88.1810188	16	68
87.8143310	6	69
86.8260860	6	70
125.907659	16	71
160.629987	6	72
150.486469	6	73
89.9438858	6	74
120.948314	16	75
115.697145	16	76
163.732290	16	77
85.4556560	6	78
94.1390991	6	79
86.6839885	6	80
117.101669	16	81
92.1366214	6	82
92.7131175	6	83
84.1341018	6	84
113.872528	16	85
81.9272994	6	86
85.6597423	6	87
113.787889	16	88
79.4806480	6	89
131.690740	16	90
88.0177021	6	91
87.5673294	6	92
89.4539356	6	93
130.206108	16	94
96.4624881	6	95
81.4406871	6	96
78.8893699	6	97
88.4025096	6	98
129.256725	16	99
83.1468105	6	100
82.1907520	6	101
88.6774063	6	102
127.939701	16	103
91.1352634	16	104
68.4945583	6	105
82.4348926	6	106
88.1559848	6	107
119.136571	16	108
74.8481750	6	109
84.5243930	6	110
87.8999233	6	111
86.7645740	6	112
116.525888	16	113
86.3037109	6	114
83.5483074	6	115
77.4638652	6	116
114.443540	16	117
120.976924	16	118
128.935098	16	119
165.942907	16	120
84.3949317	6	121
99.0173816	6	122
83.2729339	6	123
116.623878	16	124
114.602327	16	125
125.680208	16	126
89.6949768	6	127
85.6842994	6	128
77.7258872	6	129
133.075714	16	130
126.601696	16	131
92.5734043	6	132
84.0234756	6	133
123.183012	16	134
121.978521	16	135
87.5082015	6	136
84.8462581	6	137
81.5477371	6	138
122.433423	16	139
111.991882	16	140
85.8001708	6	141
89.4479751	6	142
136.181592	16	143
118.605375	16	144
78.6180496	6	145
84.0356349	6	146
85.9999656	6	147
90.9450054	16	148
159.838199	16	149
127.448797	16	150
avg:  115.49490451812744
std:  31.94992622168869
p95:  167.82921552658075
p99:  172.01735258102417
com:  4.974601994464447
thg:  248.72964541906964
FCT:  30.15316605567932
que:  38.60078970591227
los:  0.0
86 64
**********************
