[19 19 19 ... 16 11 20]
232.244491	6	26
210.437059	6	28
232.995510	6	27
202.173948	6	29
215.901374	6	30
296.714782	6	31
326.684951	6	34
338.929891	6	33
926.460027	16	1
387.408256	6	32
351.722955	6	35
308.359146	6	38
355.255365	6	36
337.983608	6	39
416.419267	6	37
261.737108	6	47
344.774961	6	46
463.101625	6	40
306.794166	6	51
241.339921	6	55
367.878913	6	48
1220.37076	16	2
392.102241	6	49
524.268627	6	43
316.251277	6	57
369.976043	6	56
647.346735	6	41
1302.68406	16	4
659.035682	6	42
414.515256	6	58
526.617765	6	52
384.753227	6	60
674.510002	6	44
526.562213	6	54
622.923374	6	50
415.295839	6	62
301.827907	6	69
605.105400	6	53
1497.85113	16	3
523.061275	6	59
506.710290	6	61
1476.29332	16	7
520.926713	6	64
879.951000	6	45
536.083936	6	65
521.266222	6	67
470.065116	6	70
563.716411	6	66
622.500896	6	63
540.287256	6	68
483.763694	6	72
407.139539	6	78
1717.32759	16	5
593.763351	6	71
502.032518	6	77
1763.86070	16	6
452.556848	6	81
591.824769	6	75
465.392827	6	83
502.267360	6	82
561.357975	6	80
1833.00209	16	8
478.769779	6	85
660.457134	6	76
723.618030	6	73
419.670581	6	91
719.747066	6	74
468.220949	6	90
485.657453	6	89
556.856632	6	88
758.122920	6	79
618.283748	6	87
370.118856	6	102
494.802474	6	95
2022.48406	16	11
1860.67605	16	21
745.972633	6	84
614.240646	6	92
1813.22121	16	25
2105.91912	16	9
799.692153	6	86
2134.77158	16	12
2129.78005	16	13
2100.55422	16	15
310.736179	6	115
411.132335	6	110
724.272251	6	94
621.322631	6	100
2224.09224	16	10
1996.66929	16	24
596.700668	6	103
633.473634	6	101
725.178956	6	96
2117.27476	16	18
458.911895	6	112
414.703607	6	114
807.627201	6	93
739.990949	6	97
634.572982	6	104
2102.75554	16	22
2096.06885	16	23
2200.33788	16	17
2192.06261	16	19
644.874811	6	107
478.363990	6	117
701.212644	6	105
2342.99325	16	14
849.815607	6	98
2309.45253	16	16
2249.23658	16	20
661.535739	6	109
195.273399	6	134
865.185260	6	99
761.966228	6	106
782.297372	6	108
613.739967	6	118
453.019142	6	127
447.721958	6	128
613.677740	6	120
684.169530	6	116
786.047458	6	111
273.480653	6	137
584.396362	6	124
653.747558	6	122
595.803976	6	126
344.079017	6	138
414.476633	6	135
875.457525	6	113
354.482173	6	140
678.225517	6	125
749.795198	6	121
252.780437	6	147
470.182895	6	136
351.645469	6	144
604.919672	6	131
643.748998	6	129
874.097347	6	119
611.879110	6	132
426.909446	6	142
656.716585	6	130
601.123332	6	133
827.548027	6	123
455.551862	6	141
493.200540	6	139
394.441127	6	145
384.645223	6	146
442.946672	6	143
129.083395	6	189
122.693777	6	190
111.423015	6	191
138.365507	6	192
128.284931	6	193
112.149953	6	194
130.472660	6	195
1040.69733	16	148
148.848533	6	196
136.578321	6	197
148.003816	6	198
139.003276	6	199
136.308908	6	201
155.951738	6	200
142.189979	6	202
154.030561	6	203
148.238420	6	204
145.577907	6	205
142.182826	6	206
148.495674	6	207
152.938127	6	208
151.530504	6	209
155.851602	6	210
138.285875	6	211
137.607336	6	212
139.234066	6	213
133.435964	6	214
123.072624	6	215
115.677356	6	216
137.172460	6	217
1454.25629	16	150
147.905826	6	218
142.893791	6	220
174.742698	6	219
143.957614	6	221
153.439998	6	222
168.873786	6	224
189.227104	6	223
163.873195	6	225
158.270835	6	226
148.078918	6	227
193.891763	6	228
219.534873	6	229
176.567554	6	232
213.981389	6	230
1721.95672	16	152
222.453355	6	231
173.799514	6	234
190.327167	6	233
175.369501	6	235
196.384429	6	236
190.499544	6	238
217.660188	6	237
200.394392	6	240
236.157417	6	239
184.613466	6	242
216.821432	6	241
1834.91063	16	156
203.027963	6	243
205.807685	6	244
206.559658	6	249
266.137123	6	245
261.170148	6	246
200.217485	6	250
190.292358	6	251
280.613899	6	248
297.665119	6	247
2107.13076	16	151
221.153736	6	253
247.041702	6	252
211.285591	6	254
221.374988	6	256
198.871135	6	257
2155.14850	16	153
2246.11949	16	149
276.805162	6	255
230.057001	6	259
254.326343	6	258
231.075525	6	261
278.044462	6	260
247.320413	6	262
218.007087	6	264
204.535484	6	265
2291.99838	16	154
291.472434	6	263
254.145145	6	267
219.844341	6	269
252.578020	6	268
221.433639	6	270
300.679922	6	266
202.690601	6	272
243.375301	6	274
2372.60842	16	160
201.337099	6	276
277.406930	6	273
319.567680	6	271
231.116294	6	277
269.933700	6	275
216.580152	6	278
207.169532	6	279
184.421300	6	280
171.872615	6	281
94.3758487	6	290
2516.31069	16	169
2775.98953	16	158
138.096332	6	300
127.851009	6	301
143.122673	6	302
131.645202	6	303
2831.42638	16	159
123.183727	6	305
148.205041	6	304
162.342071	6	306
149.639606	6	307
147.443294	6	309
173.978090	6	308
156.347990	6	310
158.680915	6	312
172.573089	6	313
175.573348	6	314
2944.61441	16	167
196.097135	6	315
162.921667	6	317
179.498910	6	316
163.964033	6	318
144.133329	6	319
3085.83641	16	162
149.342298	6	320
177.182197	6	321
2986.82069	16	173
184.062004	6	322
160.161256	6	324
175.452709	6	323
161.031961	6	325
3063.04335	16	170
2778.12576	16	186
170.579910	6	328
212.212562	6	326
211.557865	6	327
192.210912	6	329
181.132078	6	330
151.972293	6	332
208.139181	6	331
177.821874	6	334
3402.74906	16	161
208.676099	6	333
3501.39951	16	157
212.582826	6	336
205.033063	6	337
233.840703	6	335
3301.52010	16	171
205.908775	6	338
200.156688	6	339
214.463949	6	340
201.101541	6	343
242.601633	6	341
224.239110	6	342
197.141885	6	344
3527.40931	16	166
182.117700	6	346
214.162588	6	345
3604.00080	16	163
3312.69550	16	179
204.401731	6	347
181.570291	6	348
3487.14423	16	172
3631.02293	16	164
196.119308	6	349
3586.52043	16	168
3843.62053	16	155
215.512275	6	350
185.727357	6	352
212.044239	6	351
181.291580	6	353
187.297105	6	354
176.041841	6	356
182.614326	6	357
251.119375	6	355
172.635555	6	359
3496.52814	16	182
195.834398	6	358
183.126688	6	360
162.434816	6	361
171.046972	6	362
147.816181	6	364
3618.62564	16	181
183.596134	6	363
152.551412	6	365
3753.54647	16	175
148.292779	6	366
134.999036	6	369
174.772739	6	367
181.125640	6	368
170.198440	6	370
162.937641	6	371
165.622949	6	372
152.003049	6	373
162.217140	6	374
3837.60046	16	180
150.684118	6	375
152.072668	6	376
163.155794	6	377
170.983076	6	378
154.658079	6	379
138.727426	6	380
156.394481	6	381
149.404764	6	382
4110.44096	16	174
3856.97579	16	188
169.866085	6	383
3967.89884	16	183
160.308599	6	384
162.039756	6	385
158.163547	6	386
150.799989	6	387
3995.12887	16	185
153.023242	6	388
149.165391	6	389
4147.54247	16	178
4377.84266	16	165
137.818574	6	391
182.528734	6	390
4040.24147	16	187
4241.88661	16	177
176.593065	6	392
158.424377	6	393
4130.49030	16	184
168.058872	6	394
4303.64847	16	176
171.334505	6	395
157.449245	6	399
215.917825	6	396
219.814538	6	398
170.155525	6	401
248.951196	6	397
218.650579	6	400
188.365936	6	403
211.384773	6	402
195.857524	6	405
219.493150	6	404
2430.31883	16	286
178.900480	6	407
2510.16569	16	284
191.993474	6	410
211.623907	6	409
292.047739	6	406
2515.19513	16	288
228.236198	6	411
2421.08535	16	294
293.886661	6	408
214.157581	6	413
252.733469	6	412
2444.48137	16	295
2451.38049	16	296
232.038259	6	415
210.014820	6	416
264.816761	6	414
2606.26769	16	289
2748.93569	16	282
2583.51707	16	292
223.175525	6	420
269.026994	6	418
207.533359	6	421
255.632400	6	419
2810.34064	16	283
2563.66324	16	297
2742.55609	16	287
2795.26495	16	285
2656.08072	16	293
296.700477	6	423
403.762578	6	417
311.403512	6	422
238.976240	6	428
310.004472	6	424
271.975517	6	427
318.887710	6	425
274.826288	6	429
320.395469	6	426
259.028673	6	431
247.258901	6	432
237.550020	6	433
264.858484	6	434
335.439443	6	430
224.327325	6	437
265.765428	6	435
250.516414	6	436
229.755401	6	438
200.399398	6	440
220.453500	6	439
189.298868	6	472
181.746482	6	473
167.407035	6	474
748.526811	16	441
171.775579	6	476
162.998676	6	477
194.305658	6	475
172.948122	6	479
201.598882	6	478
195.261478	6	480
166.399002	6	482
199.387550	6	481
171.816587	6	483
151.443958	6	485
219.923019	6	484
178.652763	6	487
199.412107	6	486
162.604331	6	488
178.426504	6	489
168.711662	6	492
189.573526	6	491
155.461072	6	493
240.248918	6	490
204.083442	6	494
150.716781	6	497
193.522930	6	495
181.455850	6	496
175.800085	6	498
174.234628	6	499
173.224449	6	501
192.922115	6	500
171.138525	6	503
154.198646	6	504
207.762241	6	502
178.791522	6	506
203.076124	6	505
168.482065	6	508
168.950319	6	509
198.165655	6	507
192.152976	6	511
214.023828	6	510
1405.11584	16	444
163.935184	6	513
189.392089	6	512
1457.18955	16	443
192.823648	6	514
213.881254	6	515
205.544471	6	517
198.784112	6	518
240.346670	6	516
192.272424	6	519
191.593170	6	520
183.861732	6	521
175.069570	6	522
190.001249	6	523
195.945024	6	525
1608.63900	16	448
185.821771	6	526
227.727651	6	524
174.427270	6	527
1623.20804	16	449
181.766033	6	528
165.133476	6	529
172.343730	6	530
184.473037	6	531
168.841123	6	532
143.765926	6	533
1836.77172	16	442
1760.01262	16	447
145.104646	6	534
148.262977	6	535
157.774925	6	536
156.834363	6	537
1683.10928	16	456
160.964727	6	538
153.127193	6	540
140.487194	6	541
216.968059	6	539
167.520761	6	542
1983.67118	16	445
187.021493	6	543
154.342412	6	546
1960.49690	16	450
186.788558	6	545
203.473806	6	544
170.038461	6	547
173.278331	6	548
168.529748	6	549
2091.44139	16	446
181.869268	6	550
162.630081	6	553
212.424039	6	551
192.345142	6	552
188.506364	6	554
174.336433	6	555
176.821231	6	556
2178.34138	16	451
180.884122	6	558
163.223266	6	559
201.626539	6	557
169.641256	6	560
178.805589	6	561
2151.30424	16	457
193.089723	6	562
2246.06513	16	452
182.430982	6	564
216.310024	6	563
197.008371	6	565
2081.19940	16	466
2303.50255	16	453
2284.66892	16	455
219.497203	6	566
2306.03814	16	454
194.553136	6	569
230.893135	6	568
263.251543	6	567
2201.14207	16	464
219.871759	6	570
180.811643	6	573
2177.99162	16	467
177.138805	6	574
2277.21452	16	461
2248.40855	16	465
2175.88043	16	469
258.407354	6	571
2212.63718	16	468
268.358469	6	572
238.724708	6	575
2372.43676	16	460
2351.60231	16	462
248.626232	6	576
180.088520	6	579
247.980356	6	577
2246.36840	16	471
2372.30539	16	463
2268.84746	16	470
218.327045	6	580
205.010175	6	581
266.888856	6	578
248.769998	6	582
271.796226	6	585
211.312294	6	589
298.602104	6	584
273.471117	6	586
327.457666	6	583
189.972162	6	592
246.630430	6	590
195.044040	6	593
301.683664	6	588
321.013689	6	587
268.290042	6	591
210.926055	6	595
199.900388	6	596
236.592531	6	594
188.367366	6	597
127.307891	6	626
178.769111	6	627
161.771059	6	628
146.597623	6	629
145.909309	6	630
150.152206	6	631
161.611080	6	632
162.731170	6	634
193.884849	6	633
168.265104	6	635
178.159475	6	636
167.484998	6	637
189.480543	6	638
212.891340	6	639
213.203907	6	640
199.182271	6	641
178.320884	6	642
159.969806	6	644
209.051132	6	643
185.708045	6	645
204.306125	6	646
189.998149	6	647
181.484460	6	649
202.351808	6	648
202.434062	6	650
178.238153	6	652
198.885917	6	651
186.996459	6	653
200.590133	6	654
188.798427	6	656
203.031539	6	655
206.201314	6	657
170.629501	6	659
180.084466	6	660
170.368194	6	661
244.372367	6	658
195.428133	6	662
183.787584	6	663
167.653560	6	665
181.411266	6	666
158.798217	6	667
222.722291	6	664
188.341856	6	668
171.355247	6	669
1508.67676	16	598
179.762363	6	670
173.006057	6	673
205.306529	6	671
164.701461	6	674
194.460868	6	672
1535.40921	16	602
176.877975	6	679
212.424278	6	677
1622.89690	16	600
244.465112	6	676
240.304231	6	678
289.578437	6	675
182.444334	6	683
207.178354	6	682
239.243507	6	681
1635.84613	16	606
287.453651	6	680
1773.62346	16	599
1662.87660	16	607
252.523422	6	684
1699.28455	16	605
216.284275	6	686
240.726947	6	685
166.021585	6	689
1791.68033	16	601
241.422414	6	687
217.051267	6	688
218.952655	6	690
204.372644	6	691
206.258773	6	692
195.531845	6	694
259.910106	6	693
211.682796	6	696
193.758964	6	697
240.610361	6	695
223.697900	6	698
169.432878	6	701
194.355010	6	700
1997.85780	16	604
234.443664	6	699
1881.00814	16	610
200.132131	6	702
206.129550	6	703
194.152116	6	704
154.108285	6	707
199.745655	6	705
189.111709	6	706
152.491569	6	708
147.649049	6	709
143.293857	6	710
2029.78754	16	612
2225.94499	16	603
1884.13047	16	622
2074.15175	16	613
2267.81535	16	611
2225.69513	16	617
126.688003	6	736
126.382112	6	737
121.099948	6	738
137.655735	6	739
2579.12254	16	609
133.074283	6	740
119.510650	6	742
2489.95518	16	616
146.558284	6	741
134.339332	6	743
2544.33989	16	615
136.268854	6	745
169.483184	6	744
2475.86870	16	621
2436.76137	16	624
132.762432	6	746
120.501995	6	747
2764.60289	16	608
148.054361	6	748
130.726099	6	749
134.967088	6	750
150.453090	6	751
139.691591	6	752
129.308938	6	753
161.891937	6	754
161.650419	6	755
173.177719	6	756
161.808013	6	757
169.316768	6	758
159.237861	6	759
185.200452	6	760
159.940719	6	762
185.248613	6	761
2864.72892	16	620
152.324438	6	764
141.871213	6	766
162.538766	6	765
221.247673	6	763
182.386398	6	767
150.281667	6	769
195.164442	6	768
168.369531	6	771
136.583089	6	773
204.090118	6	770
183.893918	6	772
163.070678	6	774
148.077487	6	775
158.377408	6	776
3242.69652	16	614
3162.90283	16	619
196.156263	6	777
178.749084	6	778
189.338684	6	780
169.528722	6	781
217.308044	6	779
166.127681	6	782
3282.04178	16	618
3197.10206	16	623
195.385694	6	783
3203.55510	16	625
199.586391	6	785
212.194204	6	784
204.641580	6	786
187.493801	6	789
226.124763	6	788
253.473758	6	787
221.730709	6	790
247.324466	6	791
243.234634	6	792
240.027189	6	793
212.387800	6	795
184.457540	6	798
263.124704	6	794
233.474731	6	796
224.803686	6	799
185.448646	6	801
262.101173	6	797
207.555770	6	802
198.675870	6	803
279.972076	6	800
199.292421	6	805
1847.65958	16	720
179.798841	6	809
210.031747	6	807
291.878700	6	804
220.724821	6	810
223.700284	6	811
310.799360	6	806
214.148521	6	812
2054.62455	16	716
320.264816	6	808
206.452131	6	816
229.711055	6	815
269.935846	6	813
273.261070	6	814
251.108407	6	817
231.403112	6	819
2029.33216	16	724
260.214090	6	818
205.041885	6	821
245.413541	6	820
203.077554	6	822
203.880310	6	824
229.253292	6	823
199.298143	6	825
164.664268	6	827
188.746690	6	826
189.564228	6	829
2456.34317	16	711
231.250286	6	828
2230.71503	16	725
178.894996	6	832
221.143484	6	830
2187.17789	16	728
222.048521	6	831
164.808511	6	834
2331.83407	16	721
2496.88816	16	713
206.145286	6	833
168.555974	6	835
2424.91674	16	718
2421.00501	16	719
184.051752	6	837
204.697608	6	836
190.762042	6	838
170.988559	6	840
186.572313	6	841
212.995290	6	839
2332.07225	16	730
197.639703	6	842
2507.31134	16	722
183.577775	6	844
241.987943	6	843
2681.19859	16	715
187.114953	6	846
2652.55403	16	717
225.044965	6	845
160.360813	6	849
218.645334	6	847
2358.58678	16	735
2464.68663	16	731
181.762218	6	851
209.013462	6	850
2844.95830	16	712
2652.09245	16	723
266.326904	6	848
212.542533	6	853
2578.28640	16	729
166.593313	6	857
2638.36669	16	727
2659.24191	16	726
2540.21787	16	733
2892.71569	16	714
2572.82352	16	732
2528.81097	16	734
265.766143	6	854
307.388544	6	852
226.180315	6	858
217.736244	6	860
299.300432	6	855
298.461675	6	856
198.080778	6	863
260.292291	6	861
251.080751	6	862
320.354938	6	859
189.733982	6	866
231.225728	6	865
172.769546	6	869
269.288778	6	864
217.335224	6	868
173.068046	6	872
264.665126	6	867
200.348615	6	871
221.249103	6	870
173.418045	6	873
461.358070	16	874
153.037548	6	898
126.961469	6	899
123.998880	6	900
124.892711	6	901
139.105796	6	902
146.146774	6	903
140.651226	6	905
137.035608	6	906
184.576749	6	904
137.835979	6	907
147.879362	6	909
169.779539	6	908
139.020442	6	910
168.191909	6	911
147.141218	6	912
143.919467	6	913
149.294614	6	914
150.258064	6	915
154.993057	6	916
174.637794	6	918
198.389053	6	917
158.950090	6	920
138.999462	6	922
209.785223	6	919
155.865430	6	923
188.870906	6	921
179.902315	6	924
179.183721	6	925
153.464317	6	929
211.718320	6	926
200.180530	6	928
181.344509	6	930
246.780633	6	927
181.700229	6	931
199.218273	6	933
190.712690	6	934
236.582994	6	932
180.814266	6	935
160.644054	6	938
193.467855	6	937
220.009803	6	936
187.364339	6	940
208.683013	6	939
162.669420	6	942
197.844028	6	941
1430.37581	16	875
166.783332	6	943
155.310153	6	945
204.923391	6	946
250.769615	6	944
1505.80477	16	877
202.831745	6	948
220.976591	6	947
191.190719	6	950
225.876331	6	949
197.356462	6	951
190.337896	6	952
1609.82990	16	876
1581.47406	16	878
204.095125	6	953
204.933643	6	954
1602.11706	16	879
171.081781	6	957
230.699300	6	955
186.469078	6	959
207.582235	6	958
251.677989	6	956
203.778743	6	960
195.655822	6	961
1678.87544	16	882
193.376541	6	962
188.748359	6	963
1763.27514	16	880
176.161527	6	967
224.785089	6	965
215.856075	6	966
248.176574	6	964
201.121091	6	969
219.654560	6	968
201.269149	6	970
1700.70910	16	889
1819.27394	16	884
1862.06150	16	883
215.637207	6	972
1792.39082	16	887
199.455499	6	973
249.230623	6	971
237.494230	6	974
195.245265	6	977
223.667621	6	976
193.681955	6	978
260.295152	6	975
2036.48567	16	881
221.969366	6	980
206.504344	6	981
1899.73783	16	890
204.034805	6	982
1952.66699	16	888
281.041860	6	979
1899.71828	16	892
226.287126	6	983
2020.05624	16	886
2048.74205	16	885
1948.56858	16	891
1856.66346	16	896
245.720863	6	984
259.784698	6	985
1933.80284	16	894
1962.06665	16	893
1915.99607	16	895
255.842924	6	986
1886.81864	16	897
257.343292	6	987
186.333179	6	993
265.944004	6	989
266.663789	6	990
281.605720	6	991
333.123683	6	988
277.265071	6	992
251.109838	6	997
161.400318	6	1003
190.186500	6	1002
333.645582	6	994
212.887287	6	1001
297.744989	6	996
329.524993	6	995
279.817581	6	998
256.713151	6	1000
277.019500	6	999
204.480886	6	1004
190.616130	6	1005
137.014627	6	1030
128.363370	6	1031
132.224798	6	1032
119.191646	6	1033
174.669265	6	1034
170.126438	6	1036
194.133043	6	1035
172.008037	6	1037
167.011499	6	1038
150.765895	6	1040
169.191360	6	1039
168.212652	6	1041
152.694225	6	1042
151.130437	6	1045
147.341489	6	1046
193.681716	6	1044
247.102260	6	1043
173.935413	6	1047
184.890747	6	1048
160.521507	6	1050
181.101322	6	1049
191.805601	6	1051
195.494651	6	1052
169.765710	6	1054
176.107168	6	1055
217.208623	6	1053
1090.20948	16	1006
207.991123	6	1056
202.716350	6	1057
210.063457	6	1058
193.287849	6	1060
224.458932	6	1059
203.170776	6	1062
190.201520	6	1063
1208.23740	16	1007
199.551820	6	1065
191.561222	6	1068
315.772771	6	1061
217.850446	6	1067
283.177852	6	1064
215.578556	6	1069
1297.87993	16	1009
316.856145	6	1066
202.037096	6	1072
226.116418	6	1071
273.021221	6	1070
222.379207	6	1073
191.539287	6	1077
247.766017	6	1074
261.624574	6	1075
221.118211	6	1078
253.684282	6	1076
202.118158	6	1080
286.390066	6	1079
1485.74113	16	1013
274.283409	6	1081
252.042770	6	1082
221.339464	6	1086
208.803892	6	1087
279.235839	6	1083
245.585918	6	1085
1613.45386	16	1011
318.547487	6	1084
252.999544	6	1088
243.587493	6	1089
240.784645	6	1090
244.498968	6	1091
1765.22541	16	1008
239.071846	6	1093
212.756395	6	1095
275.677680	6	1092
1729.00176	16	1012
254.533290	6	1094
198.304891	6	1097
213.148117	6	1098
251.415729	6	1096
1769.79875	16	1015
207.362413	6	1100
191.939592	6	1101
251.312971	6	1099
172.171115	6	1104
226.922035	6	1102
221.426963	6	1103
206.958770	6	1105
216.395139	6	1106
1823.32992	16	1021
236.212253	6	1107
219.053745	6	1108
201.730489	6	1109
2026.40271	16	1010
1845.87168	16	1022
1705.53708	16	1029
166.181325	6	1113
225.159168	6	1110
1972.58067	16	1016
225.957393	6	1111
182.054758	6	1114
1957.79514	16	1018
2035.75396	16	1014
239.743232	6	1112
1877.73108	16	1024
1828.25493	16	1028
193.060398	6	1118
254.403829	6	1115
2058.38561	16	1017
174.222707	6	1120
1966.44163	16	1023
248.617649	6	1116
238.047361	6	1117
245.706319	6	1119
1974.67017	16	1025
2067.03424	16	1020
2094.07281	16	1019
224.092721	6	1121
1971.94457	16	1026
213.945388	6	1122
1959.05137	16	1027
212.776660	6	1123
233.287811	6	1124
182.180643	6	1129
238.004446	6	1126
238.570928	6	1128
204.028844	6	1130
272.735834	6	1127
340.153932	6	1125
248.079776	6	1131
158.615350	6	1136
251.361131	6	1132
208.459377	6	1134
195.074081	6	1135
248.295068	6	1133
181.457281	6	1137
166.165590	6	1138
158.187866	6	1139
135.555982	6	1164
149.437189	6	1165
151.560783	6	1166
170.938730	6	1167
159.468412	6	1168
141.456842	6	1171
165.301322	6	1170
180.933713	6	1169
167.746067	6	1172
179.669380	6	1173
185.754776	6	1175
213.331699	6	1174
172.999143	6	1177
184.184074	6	1176
181.122541	6	1179
200.212478	6	1178
189.186811	6	1180
181.722640	6	1181
162.070512	6	1185
179.361581	6	1184
209.316015	6	1183
249.146461	6	1182
1011.38353	16	1140
216.966867	6	1187
179.582118	6	1190
213.474512	6	1188
202.870607	6	1189
270.341634	6	1186
254.398822	6	1191
192.009925	6	1194
250.835180	6	1192
232.435703	6	1193
207.497596	6	1197
228.036880	6	1196
195.219516	6	1198
252.665758	6	1195
181.580305	6	1202
1242.75302	16	1144
199.077606	6	1203
266.237735	6	1200
318.940877	6	1199
295.730829	6	1201
219.422817	6	1206
238.365888	6	1205
212.888479	6	1207
218.389034	6	1210
275.073051	6	1208
1428.39360	16	1143
1448.78029	16	1142
245.097875	6	1211
371.610879	6	1204
245.573520	6	1212
1531.93116	16	1141
341.565847	6	1209
241.550207	6	1214
272.882223	6	1213
207.227945	6	1217
231.221437	6	1216
259.055376	6	1215
210.713624	6	1220
264.031648	6	1218
1571.06137	16	1145
280.541658	6	1219
1586.66563	16	1146
255.635499	6	1221
209.724426	6	1224
256.132841	6	1222
170.966386	6	1228
211.896657	6	1226
1650.88701	16	1147
216.408967	6	1227
327.769756	6	1223
176.158905	6	1232
260.962724	6	1229
232.620239	6	1234
255.209684	6	1233
399.339675	6	1225
313.212633	6	1230
1682.52801	16	1154
1798.89011	16	1149
327.248573	6	1231
1863.58451	16	1148
240.801095	6	1238
320.234298	6	1235
194.612264	6	1242
285.088300	6	1237
328.998088	6	1236
1843.22667	16	1152
246.011972	6	1241
210.770368	6	1244
324.453830	6	1239
1718.54448	16	1161
223.063230	6	1245
321.977853	6	1243
1988.43312	16	1150
370.373487	6	1240
244.633913	6	1247
1769.40345	16	1162
1836.31324	16	1159
201.265573	6	1250
2011.30747	16	1151
304.396867	6	1246
267.790317	6	1248
1889.15777	16	1158
2010.24961	16	1153
244.235754	6	1251
1954.37455	16	1157
1899.70016	16	1160
1998.33822	16	1155
1848.82187	16	1163
1984.10844	16	1156
330.119609	6	1249
281.017780	6	1252
231.974363	6	1255
297.579765	6	1254
228.336334	6	1258
227.712631	6	1261
207.762241	6	1263
391.584157	6	1253
304.366827	6	1259
301.575660	6	1260
296.585559	6	1262
268.606662	6	1264
386.734485	6	1257
412.851333	6	1256
278.792619	6	1266
240.753650	6	1269
288.138866	6	1267
228.333711	6	1271
290.669679	6	1268
333.054780	6	1265
232.350587	6	1273
276.613235	6	1270
216.413974	6	1274
254.966259	6	1272
126.759052	6	1311
137.909650	6	1312
127.434015	6	1313
141.632318	6	1314
140.870094	6	1315
147.546768	6	1316
129.863023	6	1317
152.693271	6	1318
154.307603	6	1319
141.049861	6	1322
181.369781	6	1320
187.168598	6	1321
160.379648	6	1323
170.663356	6	1325
204.251766	6	1324
173.488616	6	1326
161.382198	6	1328
221.995830	6	1327
178.514480	6	1330
215.932607	6	1329
188.768625	6	1331
163.775682	6	1333
175.605535	6	1334
217.047929	6	1332
196.104526	6	1335
167.717695	6	1337
204.318284	6	1336
180.197715	6	1338
188.921213	6	1339
161.506175	6	1341
233.281135	6	1340
226.290702	6	1342
201.589345	6	1344
221.940517	6	1343
201.534271	6	1345
184.436321	6	1346
176.894664	6	1348
236.866950	6	1347
204.204082	6	1349
1562.05582	16	1277
194.697856	6	1351
174.934387	6	1352
239.317893	6	1350
190.895557	6	1353
1638.66400	16	1275
220.543146	6	1354
205.308675	6	1356
198.562622	6	1357
210.420370	6	1358
207.863569	6	1359
275.963306	6	1355
202.464580	6	1360
213.507652	6	1361
204.472303	6	1362
169.044256	6	1364
219.420671	6	1363
170.212030	6	1366
1847.31245	16	1278
231.816768	6	1365
206.800222	6	1367
200.991153	6	1368
180.633783	6	1369
155.748844	6	1371
182.841777	6	1370
220.159769	6	1372
182.096719	6	1374
207.853317	6	1373
188.269853	6	1375
180.663585	6	1376
180.143356	6	1378
166.895151	6	1381
241.968393	6	1377
172.162294	6	1382
230.808973	6	1379
2078.65834	16	1281
2053.06482	16	1284
243.857860	6	1380
191.923379	6	1384
2219.43759	16	1276
244.735240	6	1383
1927.74701	16	1294
178.912878	6	1387
238.814830	6	1385
234.608650	6	1386
172.305583	6	1391
281.641006	6	1388
256.076335	6	1390
272.232294	6	1389
217.305660	6	1392
232.362508	6	1393
213.460683	6	1395
230.750083	6	1394
209.223270	6	1396
2344.98143	16	1280
200.626134	6	1397
180.462598	6	1398
2341.18866	16	1282
2245.54347	16	1288
229.582309	6	1399
165.224790	6	1400
163.848638	6	1401
140.589714	6	1402
152.722835	6	1403
141.765832	6	1404
2436.66744	16	1285
2486.90605	16	1283
164.575099	6	1405
159.614562	6	1407
204.698801	6	1406
176.658630	6	1408
185.924530	6	1409
175.054073	6	1410
167.747974	6	1411
158.560037	6	1413
2412.55259	16	1296
2706.23707	16	1279
207.454204	6	1412
187.821388	6	1416
2654.58154	16	1286
243.699789	6	1414
214.913845	6	1417
251.958608	6	1415
2643.41211	16	1289
245.890140	6	1418
218.867778	6	1420
239.135742	6	1419
219.366550	6	1422
222.513675	6	1423
267.875909	6	1421
204.193830	6	1425
222.033500	6	1424
2798.04515	16	1287
2594.82240	16	1299
2604.37178	16	1300
254.001379	6	1426
218.998908	6	1428
249.443769	6	1427
211.210727	6	1429
193.353891	6	1433
210.309982	6	1432
2837.10885	16	1293
269.142389	6	1430
276.890993	6	1431
199.291706	6	1437
2594.66338	16	1310
2767.80796	16	1301
169.644355	6	1440
275.342226	6	1434
263.436555	6	1435
2954.07462	16	1292
255.779266	6	1436
3029.98089	16	1290
2742.65933	16	1306
2747.50065	16	1307
307.354211	6	1438
2940.60826	16	1298
2966.02582	16	1297
3071.10667	16	1291
221.155405	6	1444
2860.87584	16	1304
249.349117	6	1443
285.119056	6	1441
230.617284	6	1445
2905.05337	16	1302
287.957668	6	1442
361.455440	6	1439
255.254268	6	1446
2929.72016	16	1303
2830.79147	16	1309
251.756906	6	1448
269.902229	6	1447
2938.05336	16	1305
261.291265	6	1450
2899.26004	16	1308
284.844160	6	1449
3158.53118	16	1295
291.826725	6	1451
270.569086	6	1453
331.249237	6	1452
273.239374	6	1457
268.322944	6	1458
335.835456	6	1455
233.217000	6	1461
346.370697	6	1456
396.471023	6	1454
278.950929	6	1460
249.546289	6	1463
230.718851	6	1465
344.614505	6	1459
195.380926	6	1469
317.426204	6	1462
295.078754	6	1464
243.414640	6	1468
258.877992	6	1467
209.377527	6	1470
285.212278	6	1466
121.129274	6	1504
114.152193	6	1505
120.881557	6	1506
140.286445	6	1508
160.776853	6	1507
126.241683	6	1509
134.415388	6	1510
158.850669	6	1511
185.507059	6	1512
156.178712	6	1514
186.174869	6	1513
155.223369	6	1515
934.054374	16	1471
162.600994	6	1516
143.920183	6	1517
193.923711	6	1518
181.160926	6	1519
150.983572	6	1521
184.092998	6	1520
155.413389	6	1523
189.455509	6	1522
160.686016	6	1524
174.790143	6	1525
177.400588	6	1526
179.815769	6	1527
161.584138	6	1528
143.180847	6	1529
169.767618	6	1530
167.585849	6	1531
173.838138	6	1532
177.989006	6	1533
152.152299	6	1535
175.523281	6	1534
1272.31764	16	1474
154.764890	6	1536
156.312227	6	1537
150.796890	6	1538
163.364171	6	1539
155.205965	6	1541
188.532352	6	1540
158.105373	6	1542
144.507884	6	1545
182.438611	6	1543
182.070255	6	1544
180.731296	6	1546
179.499864	6	1547
1487.10227	16	1475
167.757749	6	1549
210.706472	6	1548
205.136537	6	1550
184.703350	6	1551
184.042453	6	1552
170.483350	6	1553
1649.25432	16	1472
177.817344	6	1554
167.085886	6	1555
179.294586	6	1557
225.692749	6	1556
190.751314	6	1558
179.171562	6	1559
181.178331	6	1560
180.903434	6	1561
177.944898	6	1562
175.096035	6	1563
193.383455	6	1564
189.715623	6	1565
207.554578	6	1567
194.279909	6	1568
234.434366	6	1566
211.055517	6	1569
201.313734	6	1570
182.501554	6	1573
210.519552	6	1572
184.475660	6	1574
2029.48713	16	1473
1908.22267	16	1482
270.359516	6	1571
212.151527	6	1576
241.785049	6	1577
225.394725	6	1579
167.047023	6	1582
300.143718	6	1575
201.785326	6	1581
291.549921	6	1578
261.584758	6	1580
212.721824	6	1583
196.575164	6	1585
234.054327	6	1586
217.453718	6	1587
296.574592	6	1584
1979.61306	16	1494
232.133150	6	1588
215.759515	6	1590
249.355792	6	1589
227.290153	6	1591
2256.30903	16	1480
220.479249	6	1592
214.840888	6	1593
2281.02970	16	1483
247.156381	6	1594
227.619647	6	1595
200.458288	6	1598
155.813932	6	1601
2073.96841	16	1498
282.657146	6	1596
304.897546	6	1597
266.280889	6	1599
259.337663	6	1600
2258.80956	16	1493
2419.11172	16	1486
267.831802	6	1603
2531.38422	16	1479
263.050079	6	1604
211.189985	6	1608
325.268983	6	1602
2587.80837	16	1478
284.059762	6	1605
2570.17469	16	1481
251.363277	6	1609
232.563257	6	1611
226.567983	6	1612
333.374023	6	1607
244.440317	6	1613
2718.81699	16	1477
2545.09854	16	1489
277.882814	6	1614
2555.35864	16	1491
363.186836	6	1610
448.637485	6	1606
265.198707	6	1616
311.188459	6	1615
2524.45030	16	1495
253.913164	6	1620
340.162515	6	1617
257.616043	6	1622
2471.25792	16	1502
341.571807	6	1618
336.018085	6	1619
2792.99092	16	1485
309.132575	6	1621
2933.06112	16	1476
266.616106	6	1624
286.185264	6	1623
2696.98214	16	1492
2734.92336	16	1490
2792.46640	16	1488
2805.19223	16	1487
2570.93358	16	1500
2563.25650	16	1501
263.279199	6	1627
226.503372	6	1629
2909.87038	16	1484
2688.28082	16	1497
2709.28549	16	1496
345.885992	6	1625
2655.49087	16	1499
275.395870	6	1630
232.680797	6	1634
361.584663	6	1628
288.711071	6	1633
307.398080	6	1632
431.712865	6	1626
335.046291	6	1631
262.379646	6	1638
357.255935	6	1635
331.480264	6	1637
349.846839	6	1636
326.359510	6	1639
191.178798	6	1647
245.147943	6	1644
286.266803	6	1642
309.359073	6	1640
298.853635	6	1641
293.176889	6	1643
264.914035	6	1645
267.158508	6	1646
239.880084	6	1648
227.024793	6	1649
112.726449	6	1682
130.275249	6	1681
121.164560	6	1685
144.457340	6	1684
166.389703	6	1683
132.184267	6	1686
134.735107	6	1687
128.173828	6	1688
117.304801	6	1689
136.996269	6	1691
123.640775	6	1692
118.243455	6	1694
847.914457	16	1651
141.700744	6	1693
133.494615	6	1695
138.075351	6	1696
148.624181	6	1697
164.052248	6	1698
142.299175	6	1699
143.671751	6	1700
145.019054	6	1701
127.130031	6	1702
154.069423	6	1703
122.171401	6	1705
145.284652	6	1704
119.486808	6	1706
131.415605	6	1707
140.769958	6	1708
136.524438	6	1709
119.747877	6	1710
118.650913	6	1711
142.432689	6	1712
138.178110	6	1713
130.615711	6	1714
106.867313	6	1716
108.766078	6	1717
167.930126	6	1715
145.000696	6	1718
135.215282	6	1719
129.850149	6	1720
143.686056	6	1721
152.270078	6	1722
148.967027	6	1724
175.718784	6	1723
144.770622	6	1725
121.389627	6	1727
149.070739	6	1726
1479.80117	16	1652
1493.39652	16	1654
153.406620	6	1729
164.354562	6	1730
163.151741	6	1731
221.381187	6	1728
150.459527	6	1732
132.973194	6	1733
157.045841	6	1734
177.669048	6	1735
163.487195	6	1736
156.087160	6	1738
184.131145	6	1737
180.152416	6	1739
171.869277	6	1740
1645.61057	16	1660
1737.62035	16	1655
177.861213	6	1741
163.460969	6	1743
187.662124	6	1742
1769.15168	16	1656
205.179929	6	1744
182.192564	6	1746
198.843240	6	1745
1860.03327	16	1657
169.389247	6	1750
187.443017	6	1749
206.788063	6	1748
242.158651	6	1747
188.656091	6	1751
164.460420	6	1753
196.742296	6	1752
2010.24484	16	1653
188.721656	6	1754
204.690694	6	1755
188.840389	6	1758
215.677022	6	1757
190.175771	6	1760
245.808839	6	1756
184.131145	6	1761
227.090120	6	1759
199.189186	6	1762
2054.52322	16	1664
235.200881	6	1764
258.950233	6	1763
214.713096	6	1766
239.703655	6	1765
230.365514	6	1767
2079.71477	16	1667
2088.61827	16	1666
220.736265	6	1768
2175.81319	16	1662
217.605352	6	1769
222.978591	6	1770
219.960927	6	1771
211.922168	6	1773
202.861547	6	1774
2315.71030	16	1659
244.201183	6	1772
183.949470	6	1776
220.886707	6	1775
2392.08960	16	1658
228.192090	6	1777
2076.28250	16	1678
2173.63429	16	1673
2220.43108	16	1670
240.400791	6	1778
227.576255	6	1779
237.539768	6	1780
225.687742	6	1781
2196.78497	16	1674
2284.38806	16	1669
178.545951	6	1784
231.488704	6	1782
219.558238	6	1783
2452.31437	16	1661
2331.38227	16	1668
2374.24540	16	1671
2307.53898	16	1675
275.681495	6	1785
2383.84199	16	1672
239.134073	6	1788
222.360610	6	1789
285.718441	6	1786
213.959217	6	1790
2513.30423	16	1665
2327.13723	16	1676
2317.29769	16	1677
178.446054	6	1793
2309.20982	16	1679
306.001186	6	1787
272.777795	6	1791
265.568971	6	1792
222.862958	6	1795
247.732400	6	1794
215.845823	6	1796
198.386430	6	1798
221.751928	6	1797
176.028490	6	1800
197.312355	6	1799
avg:  610.4943561713878
std:  847.1809176269771
p95:  2572.0675468444824
p99:  3504.520692825314
com:  54.042996175611016
thg:  1757.7948318041856
FCT:  33.10327196121216
que:  448.4247493637281
los:  0.6111111111111143
1459 330
**********************
