[207 194 189 181 199 225 193 200 197 189 188 213 200 203 215 193 223 220
 242 193 181 174 203 205 190 176 177 190 213 213 196 206 204 194 187 206
 201 226 193 203 197 203 208 195 217 204 188 204 186 197 194 172 174 189
 212 227 208 180 212 189 218 200 210 191 193 229 185 221 210 176 175 186
 219 226 231 211 190 197 183 209 214 214 204 212 196 206 205 200 211 221
 179 211 220 208 195 196 220 215 189 201 187 216 203 204 203 179 216 179
 230 223 198 195 219 190 217 193 197 184 198 215 209 200 191 203 229 231
 187 202 213 194 197 182 188 197 198 192 214 211 204 182 209 205 205 192
 190 209 205 193 199 186]
150.705575	6	1
153.872013	6	2
158.409118	6	3
149.598360	6	4
155.003070	6	5
151.197910	6	6
153.225660	6	7
149.646759	6	8
156.772375	6	9
147.072076	6	10
157.459735	6	11
168.416500	6	12
149.584531	6	13
161.938190	6	14
150.853395	6	15
147.881984	6	16
145.801544	6	17
148.175477	6	18
160.250186	6	19
161.462306	6	20
78.6573886	6	21
94.0651893	6	22
89.8554325	6	23
84.1963291	6	24
70.9636211	6	25
89.5237922	6	26
85.6606960	6	27
80.9650421	6	28
86.5185260	6	29
83.7268829	6	30
80.6233882	6	31
84.6812725	6	32
79.2150497	6	33
85.3414535	6	34
89.2212390	6	35
84.0709209	6	36
83.6713314	6	37
83.7404727	6	38
88.2019996	6	39
83.8778018	6	40
79.7710418	6	41
88.4845256	6	42
90.5144214	6	43
80.8510780	6	44
74.3336677	6	45
90.3565883	6	46
93.6713218	6	47
82.6747417	6	48
76.5542984	6	49
87.9995822	6	50
86.0834121	6	51
78.0363082	6	52
81.7198753	6	53
81.3491344	6	54
87.9857540	6	55
83.9335918	6	56
81.1004638	6	57
82.6129913	6	58
87.2728824	6	59
81.6807746	6	60
78.6895751	6	61
89.3368721	6	62
78.7246227	6	63
70.5654621	6	64
83.2407474	6	65
75.6883621	6	66
83.6186408	6	67
81.5668106	6	68
78.2606601	6	69
82.3488235	6	70
78.5331726	6	71
72.3476409	6	72
74.4190216	6	73
83.6818218	6	74
83.2772254	6	75
81.5038681	6	76
81.1309814	6	77
88.3657932	6	78
86.5054130	6	79
77.7790546	6	80
73.1885433	6	81
79.5946121	6	82
86.9741439	6	83
85.0532054	6	84
76.4069557	6	85
79.2305469	6	86
84.5801830	6	87
75.8788585	6	88
77.2666931	6	89
91.2714004	6	90
83.4202766	6	91
77.8634548	6	92
79.4544219	6	93
78.6035060	6	94
88.1605148	6	95
92.0155048	6	96
77.5728225	6	97
84.7001075	6	98
81.7790031	6	99
88.4757041	6	100
85.2723121	6	101
82.3748111	6	102
80.2097320	6	103
81.7332267	6	104
77.2438049	6	105
77.3310661	6	106
92.0925140	6	107
70.7216262	6	108
77.3780345	6	109
81.7418098	6	110
91.6340351	6	111
78.8896083	6	112
80.4345607	6	113
84.2633247	6	114
88.9258384	6	115
83.4100246	6	116
81.1088085	6	117
80.2452564	6	118
87.9631042	6	119
81.7580223	6	120
77.4781703	6	121
83.6246013	6	122
82.8962326	6	123
80.1820755	6	124
78.5610675	6	125
79.6232223	6	126
80.7554721	6	127
72.8604793	6	128
79.3981552	6	129
79.8971652	6	130
83.3344459	6	131
80.5618762	6	132
73.6234188	6	133
81.4990997	6	134
85.1883888	6	135
85.1330757	6	136
79.5872211	6	137
90.3675556	6	138
85.3397846	6	139
82.5097560	6	140
75.9596824	6	141
84.3276977	6	142
91.3100242	6	143
76.3773918	6	144
76.3072967	6	145
91.4428234	6	146
80.3787708	6	147
77.5668621	6	148
87.3000621	6	149
81.3894271	6	150
avg:  91.87785943349202
std:  24.85849159209638
p95:  154.4940948486328
p99:  161.7050075531006
com:  4.938249704878354
thg:  246.9124852439177
que:  21.312397321065266
los:  0.0
**********************
