[18 31 14 ... 22 25 20]
107.496500	6	2
151.359319	6	1
115.463733	6	3
125.472784	6	4
112.470626	6	5
128.081798	6	7
155.487298	6	6
107.992887	6	8
128.779888	6	9
104.088544	6	11
137.675523	6	10
120.000123	6	12
100.792884	6	13
96.6904163	6	15
118.926286	6	14
95.8983898	6	16
81.3281536	6	17
80.1162719	6	19
139.172077	6	18
90.0342464	6	20
76.6899585	6	21
106.469154	6	22
115.627288	6	24
111.214637	6	25
146.381139	6	23
114.744186	6	26
98.8364219	6	27
105.302810	6	28
90.6324386	6	29
78.5906314	6	30
112.001657	6	31
106.608867	6	32
104.345083	6	33
106.523990	6	34
121.328830	6	35
110.843181	6	37
131.704092	6	36
118.819475	6	38
106.615066	6	39
109.471797	6	40
130.524396	6	41
124.230861	6	42
113.975524	6	43
111.095428	6	44
96.5275764	6	45
121.373414	6	46
98.7045764	6	48
89.3576145	6	49
135.445356	6	47
100.358486	6	50
95.7047939	6	51
83.7223529	6	52
70.0328350	6	53
99.6122360	6	54
108.743906	6	55
121.562480	6	56
108.457565	6	57
94.5680141	6	58
96.4696407	6	59
122.795581	6	60
106.786727	6	61
116.949081	6	62
116.344213	6	63
118.809938	6	64
120.757102	6	65
111.431598	6	66
97.0904827	6	67
132.677555	6	68
107.170581	6	70
127.908945	6	69
105.122804	6	71
102.317094	6	72
92.9021835	6	73
105.494022	6	74
87.7037048	6	75
81.5002918	6	76
89.9102687	6	77
101.538896	6	78
88.7866020	6	79
88.6154174	6	80
109.845399	6	81
86.8721008	6	83
106.255292	6	82
99.3661880	6	84
99.8115539	6	85
98.0010032	6	86
94.7217941	6	87
79.6110630	6	88
85.6959819	6	89
104.004383	6	91
94.4736003	6	92
136.012792	6	90
93.9924716	6	93
97.6605415	6	94
134.820938	6	95
113.465785	6	96
103.819608	6	97
115.522384	6	98
121.004104	6	99
111.756086	6	100
115.535497	6	101
95.6866741	6	102
108.756303	6	103
101.585865	6	104
105.196475	6	105
115.251302	6	106
130.770444	6	109
157.175779	6	107
155.599117	6	108
135.127544	6	110
143.976926	6	111
140.313625	6	112
124.544858	6	113
149.318933	6	114
129.199743	6	115
116.521596	6	116
113.324165	6	117
102.304458	6	118
112.472057	6	119
126.688957	6	120
101.697206	6	121
96.7671871	6	122
106.218338	6	123
127.358913	6	124
122.221946	6	125
102.737426	6	126
99.3206501	6	127
93.0697917	6	128
91.7673110	6	129
79.7915458	6	130
100.838899	6	131
75.8221149	6	132
81.6469192	6	133
90.9883975	6	134
91.9349193	6	135
95.2332019	6	136
92.7662849	6	137
105.797052	6	138
93.7607288	6	139
87.0707035	6	140
124.203920	6	141
118.057727	6	142
90.9185409	6	144
115.796804	6	143
99.2772579	6	146
135.060548	6	145
95.4363346	6	147
93.7788486	6	148
90.6193256	6	149
92.9076671	6	150
84.4759941	6	151
85.2386951	6	153
103.728532	6	152
84.1424465	6	154
104.016304	6	155
84.2025279	6	156
79.6415805	6	157
90.4302597	6	158
101.468086	6	160
132.343530	6	159
120.142698	6	161
120.351314	6	162
119.707345	6	163
106.210708	6	165
137.949466	6	164
103.051185	6	166
104.531288	6	167
105.263948	6	168
96.5087413	6	169
92.7076339	6	170
91.7930603	6	171
92.0310020	6	172
80.1920890	6	173
110.047817	6	174
104.549884	6	175
92.9398536	6	176
85.3724479	6	177
95.9084033	6	178
76.1456489	6	179
87.2118473	6	180
92.5848484	6	181
81.0134410	6	182
124.928712	6	183
87.3084068	6	185
116.894483	6	184
89.5688533	6	186
102.268934	6	187
94.1591262	6	188
85.6039524	6	189
103.699922	6	191
117.166757	6	192
111.709594	6	193
162.862062	6	190
116.862297	6	194
120.975255	6	196
163.732051	6	195
134.468555	6	197
144.989490	6	198
114.547014	6	200
143.296718	6	199
119.983673	6	201
132.565975	6	202
116.726636	6	203
133.281469	6	204
124.640703	6	207
149.544715	6	205
138.288259	6	206
126.220703	6	208
121.473550	6	209
127.086877	6	210
134.318828	6	211
123.624086	6	212
130.349874	6	213
109.100580	6	214
99.0300178	6	215
120.551109	6	216
121.330499	6	217
122.797966	6	218
107.099056	6	219
120.614767	6	220
124.289274	6	221
113.172292	6	222
134.942531	6	223
117.612838	6	224
125.845670	6	225
123.753547	6	226
117.904901	6	227
108.732223	6	229
137.259006	6	228
125.925779	6	230
119.626998	6	231
112.698554	6	232
118.906497	6	233
105.422973	6	234
122.660875	6	236
145.493745	6	235
107.140064	6	237
120.221376	6	238
107.001781	6	239
105.261087	6	241
138.406038	6	240
127.150297	6	242
123.621463	6	243
114.369630	6	245
110.450029	6	246
136.749029	6	244
120.894908	6	247
131.408929	6	248
117.977857	6	249
106.825113	6	251
124.207973	6	250
91.2156105	6	252
86.8408679	6	253
87.6989364	6	254
100.344657	6	256
117.825508	6	255
95.9446430	6	257
105.322837	6	258
103.817224	6	259
94.1131114	6	261
127.662420	6	260
96.5719223	6	262
101.122140	6	264
120.394229	6	263
95.9403514	6	265
102.327585	6	267
120.967149	6	266
82.4248790	6	268
102.780342	6	269
104.424715	6	270
108.654260	6	271
93.7559604	6	272
88.8538360	6	273
98.6323356	6	274
120.198965	6	275
82.4668407	6	277
110.944271	6	276
83.4281444	6	278
114.567518	6	279
96.3609218	6	280
86.3525867	6	281
86.5962505	6	282
140.799045	6	283
110.275030	6	285
143.966436	6	284
123.598814	6	287
104.904651	6	288
142.312526	6	286
109.270334	6	290
129.595518	6	289
119.639635	6	291
98.8266468	6	292
99.3340015	6	293
75.6390094	6	294
107.335805	6	295
105.776786	6	296
98.5419750	6	297
81.5451145	6	298
83.4467411	6	299
87.4283313	6	300
92.5247669	6	301
88.5643959	6	303
123.511791	6	302
98.4723567	6	304
95.8156585	6	305
113.882780	6	306
98.3419418	6	307
100.813150	6	308
88.0353450	6	309
112.751483	6	310
104.191303	6	311
91.8879508	6	312
78.5520076	6	313
91.0241603	6	314
71.0659027	6	315
69.1013336	6	317
93.1119918	6	316
89.5900726	6	319
122.702598	6	318
87.6002311	6	320
88.6344909	6	321
96.4710712	6	322
115.998268	6	323
98.6723899	6	324
84.4035148	6	325
95.1430797	6	326
91.9258594	6	327
86.1873626	6	328
106.255054	6	329
85.9518051	6	330
78.3829689	6	331
100.486755	6	332
78.9511203	6	333
95.3905582	6	334
87.5627994	6	335
106.938123	6	336
94.0282344	6	337
83.3249092	6	338
93.3148860	6	339
95.0124263	6	340
97.0134735	6	341
84.6307277	6	342
95.9987640	6	343
84.5668315	6	344
71.3708400	6	345
116.717100	6	346
95.7870483	6	347
116.940975	6	348
100.767135	6	349
123.716592	6	350
110.149621	6	352
140.894174	6	351
107.407569	6	353
108.388900	6	354
109.711885	6	356
126.485586	6	355
100.659608	6	357
102.224588	6	358
97.6002216	6	359
106.327295	6	360
102.852821	6	361
100.214958	6	362
87.3677730	6	364
102.194070	6	363
88.4325504	6	365
95.3960418	6	366
90.9364223	6	367
71.4006423	6	368
89.2860889	6	369
100.405216	6	370
86.9972705	6	372
117.626667	6	371
83.7609767	6	373
91.0885334	6	374
87.9082679	6	375
98.8211631	6	376
91.2194252	6	377
88.7398719	6	378
91.3166999	6	379
86.7242813	6	380
111.067771	6	381
100.515127	6	382
102.087974	6	384
122.657537	6	383
103.372573	6	385
84.8836898	6	386
117.650985	6	387
80.5470943	6	389
97.1305370	6	388
83.4028720	6	390
115.828990	6	391
89.2362594	6	393
106.155633	6	392
91.2644863	6	394
92.8609371	6	396
107.300281	6	395
102.283716	6	397
107.627868	6	398
96.7772006	6	399
92.9310321	6	400
107.270240	6	401
115.156650	6	402
99.1842746	6	403
97.5582599	6	404
85.4165554	6	405
86.9555473	6	406
106.972694	6	407
84.3849182	6	408
99.2870330	6	409
88.4060859	6	410
87.8877639	6	411
85.5426788	6	412
101.593971	6	413
92.2005176	6	415
95.4279899	6	416
123.542308	6	414
86.7753028	6	417
112.584352	6	418
92.8609371	6	419
82.1032524	6	420
89.4119739	6	421
96.3416099	6	422
88.0179405	6	423
92.9028987	6	424
83.6923122	6	425
81.5434455	6	426
86.5993499	6	427
95.4902172	6	428
92.8061008	6	429
99.4906425	6	430
104.373931	6	431
100.619316	6	432
86.0891342	6	433
103.854894	6	434
109.947919	6	435
89.2376899	6	436
86.2586498	6	437
90.0127887	6	438
101.806402	6	439
89.7736549	6	440
78.4265995	6	441
86.3924026	6	442
82.7085971	6	443
94.5739746	6	444
93.4429168	6	445
86.8487358	6	446
80.4786682	6	447
85.5741500	6	448
68.2468414	6	449
104.499816	6	450
97.4650382	6	451
99.9710559	6	452
97.6529121	6	453
94.3827629	6	454
78.4280300	6	455
95.7915782	6	456
80.5778503	6	457
76.8799781	6	458
92.1275615	6	459
100.163936	6	460
86.3990783	6	461
126.420974	6	462
124.376296	6	463
97.9371070	6	464
109.364032	6	465
126.671075	6	466
101.439476	6	468
134.180545	6	467
93.2397842	6	469
102.534532	6	471
119.398355	6	470
120.581865	6	472
102.941989	6	473
125.114917	6	474
110.349178	6	475
100.286245	6	476
114.633321	6	477
95.6063270	6	479
121.013641	6	478
82.0491313	6	480
80.9631347	6	482
107.258558	6	481
95.7565307	6	484
120.809316	6	483
99.5397567	6	485
84.1820240	6	486
106.219530	6	487
85.9961509	6	488
95.0236320	6	489
89.6325111	6	490
107.354164	6	491
98.6545085	6	492
91.9809341	6	493
102.380037	6	494
98.5155105	6	495
95.2606201	6	496
89.4954204	6	497
98.4623432	6	498
113.800048	6	499
103.779554	6	500
95.8859920	6	502
117.134332	6	501
95.9212779	6	503
97.6309776	6	504
118.446588	6	505
95.6165790	6	506
98.3414649	6	508
105.645895	6	507
109.312057	6	510
124.815940	6	509
95.8526134	6	511
117.298126	6	512
125.192880	6	513
118.309259	6	514
104.162454	6	515
100.216388	6	516
91.4776325	6	517
93.7321186	6	518
83.2419395	6	519
96.8496799	6	520
92.0269489	6	521
90.6527042	6	522
95.4144001	6	523
95.6633090	6	524
104.260921	6	525
87.6963138	6	526
111.249923	6	527
101.970434	6	528
83.8351249	6	529
106.198310	6	530
91.4030075	6	532
112.594366	6	531
97.6679325	6	533
101.513862	6	534
112.240314	6	535
106.617212	6	536
99.7235774	6	537
101.436614	6	539
131.341695	6	538
99.7385978	6	540
86.7455005	6	541
101.539611	6	542
103.308916	6	543
86.5290164	6	544
106.001138	6	545
87.2776508	6	546
86.7216587	6	547
79.9741744	6	549
125.869035	6	548
95.6869125	6	550
94.7177410	6	551
103.460311	6	552
104.873180	6	553
92.2894477	6	554
103.889942	6	555
105.976343	6	556
91.5467739	6	557
94.3922996	6	558
107.346773	6	559
107.609987	6	560
82.3116302	6	561
116.891145	6	562
108.999490	6	563
97.6574420	6	564
103.110313	6	565
94.0310955	6	566
121.416568	6	567
102.427482	6	568
83.4691524	6	569
95.9386825	6	570
91.7227268	6	571
87.3577594	6	572
96.6796875	6	573
106.082201	6	574
100.731611	6	575
91.7212963	6	576
100.481033	6	577
85.0191116	6	578
97.1484184	6	579
86.4944458	6	580
78.5820484	6	581
103.303670	6	582
101.552486	6	583
87.3682498	6	584
114.773988	6	585
94.0904617	6	586
102.896451	6	587
102.877616	6	588
97.5384712	6	590
121.358394	6	589
89.8761749	6	591
84.0327739	6	592
77.9943466	6	593
72.0603466	6	594
119.834899	6	595
104.187011	6	596
101.200342	6	597
119.875907	6	598
103.611946	6	599
102.858781	6	601
121.099710	6	600
112.012386	6	602
112.182617	6	604
139.884710	6	603
97.4881649	6	605
95.4864025	6	607
128.972530	6	606
110.472679	6	608
101.094007	6	609
107.076883	6	610
96.1537361	6	612
94.9494838	6	613
155.727386	6	611
118.691682	6	614
94.1493511	6	616
117.788791	6	615
99.7977256	6	617
115.349531	6	618
114.382266	6	619
103.175878	6	620
106.185674	6	621
111.701965	6	622
113.601446	6	623
86.3211154	6	625
107.250690	6	624
111.381769	6	626
99.7662544	6	627
82.6978683	6	628
86.7989063	6	630
110.953569	6	629
114.858150	6	631
86.9553089	6	632
104.621887	6	634
150.091886	6	633
112.567424	6	636
137.987375	6	635
116.930723	6	637
121.496677	6	638
115.704059	6	640
110.636949	6	641
155.776262	6	639
127.978563	6	642
108.291864	6	643
136.171817	6	644
129.766702	6	646
155.892610	6	645
131.883144	6	647
115.922212	6	648
113.925695	6	649
132.210731	6	650
123.550891	6	651
118.555784	6	652
117.210149	6	653
116.979837	6	654
110.188245	6	655
90.5375480	6	656
77.5153636	6	658
104.943990	6	657
93.0457115	6	659
91.2826061	6	660
97.6777076	6	661
124.074935	6	662
88.5469913	6	664
119.085073	6	663
110.238313	6	665
127.980709	6	666
111.220121	6	667
105.332374	6	668
94.4781303	6	669
90.4040336	6	670
90.4784202	6	671
105.909585	6	672
88.5927677	6	673
93.1756496	6	674
112.158536	6	675
104.221820	6	676
84.8145484	6	677
84.9146842	6	678
85.5364799	6	679
100.093364	6	680
89.1275405	6	681
92.6864147	6	682
102.566480	6	683
95.7462787	6	684
99.2274284	6	685
87.0971679	6	686
93.4329032	6	688
123.622894	6	687
80.7745456	6	689
86.2321853	6	690
87.4881744	6	691
90.6460285	6	692
94.6886539	6	693
84.9907398	6	694
96.5406894	6	696
114.283561	6	695
105.202913	6	697
128.345727	6	698
112.788438	6	699
102.744340	6	700
121.967315	6	701
107.555866	6	702
106.343269	6	703
111.473798	6	704
110.840797	6	705
90.5575752	6	706
111.352205	6	707
81.6783905	6	709
93.3966636	6	710
129.753112	6	708
93.1658744	6	712
125.540494	6	711
85.7129096	6	714
116.550207	6	713
99.1442203	6	716
127.558708	6	715
111.568689	6	717
103.834152	6	718
93.9016342	6	719
89.4107818	6	720
98.6311435	6	721
86.0064029	6	722
80.2299976	6	723
90.0082588	6	724
88.4339809	6	725
90.0068283	6	726
100.156784	6	727
105.742216	6	728
81.4290046	6	730
113.766193	6	729
95.6830978	6	731
77.3909091	6	732
99.7922420	6	733
89.0586376	6	734
96.0013866	6	735
97.8047847	6	736
109.033107	6	737
90.1684761	6	740
110.521078	6	739
143.983364	6	738
95.2076911	6	741
104.840993	6	742
97.1031188	6	744
132.935047	6	743
104.290962	6	745
116.619348	6	746
95.6721305	6	747
103.228092	6	748
112.023591	6	749
106.658935	6	751
129.861831	6	750
103.368759	6	752
83.6565494	6	753
101.297616	6	754
115.087747	6	755
101.462602	6	756
88.1938934	6	758
136.629819	6	757
114.203691	6	759
100.791931	6	760
97.9678630	6	762
118.218660	6	761
99.8449325	6	763
114.624738	6	764
123.656749	6	765
109.574794	6	766
111.872673	6	767
112.715244	6	768
100.894927	6	769
90.7421112	6	772
125.094890	6	770
122.260808	6	771
125.446319	6	773
106.707334	6	774
101.912021	6	775
90.8496379	6	776
113.628149	6	777
83.5711956	6	778
110.903024	6	779
93.1417942	6	780
86.2083435	6	781
88.1772041	6	782
90.8377170	6	783
83.8103294	6	784
76.4396190	6	785
68.3662891	6	786
91.4683341	6	787
86.5747928	6	788
93.0540561	6	789
101.866245	6	790
105.783700	6	791
98.8192558	6	792
122.876882	6	793
104.420900	6	794
107.328891	6	795
110.905885	6	796
122.857332	6	797
114.187002	6	798
100.391149	6	799
96.8918800	6	800
93.7118530	6	801
84.5572948	6	802
102.766752	6	803
93.3060646	6	804
86.0466957	6	805
84.2123031	6	806
78.6683559	6	807
75.5007266	6	809
95.1347351	6	808
98.0460643	6	810
80.8057785	6	811
77.6636600	6	812
87.5790119	6	813
89.1072750	6	814
96.1105823	6	815
96.3253974	6	816
82.8135013	6	817
93.0521488	6	818
92.5321578	6	820
114.455938	6	819
80.9266567	6	821
100.641250	6	822
89.4441604	6	823
80.2857875	6	824
76.3740539	6	825
115.334510	6	826
93.6830043	6	827
91.8438434	6	828
86.1799716	6	829
87.5291824	6	830
80.4500579	6	831
97.9807376	6	832
96.7299938	6	833
85.8135223	6	834
92.9133892	6	835
89.6410942	6	837
109.049320	6	836
87.9180431	6	838
105.744123	6	839
89.3478393	6	841
107.919692	6	840
79.0517330	6	842
118.071317	6	843
91.6912555	6	845
78.6731243	6	846
121.139764	6	844
106.658935	6	847
90.3797149	6	848
114.699363	6	849
107.942819	6	850
107.390642	6	851
110.890150	6	852
101.300716	6	854
120.756387	6	853
94.7833061	6	855
100.932359	6	857
92.7140712	6	858
139.743804	6	856
104.551076	6	859
98.4597206	6	860
96.4488983	6	861
83.5490226	6	862
118.183135	6	863
85.5743885	6	865
106.545925	6	864
97.1775054	6	866
92.1998023	6	867
80.3756713	6	868
91.7377471	6	869
80.2094936	6	870
99.1499423	6	871
102.954149	6	872
85.1325988	6	873
98.0720520	6	874
111.710548	6	875
94.0968990	6	877
122.161388	6	876
109.856605	6	878
95.9744453	6	879
104.318380	6	880
100.524663	6	881
92.0944213	6	882
96.5387821	6	883
87.0301723	6	885
117.392301	6	884
95.1304435	6	887
120.102643	6	886
121.835231	6	888
123.631000	6	889
110.147953	6	890
114.765167	6	891
96.3609218	6	892
101.260662	6	893
111.679077	6	894
90.2526378	6	895
93.2314395	6	897
117.434501	6	896
88.5121822	6	898
98.3500480	6	899
82.5769901	6	900
76.8392086	6	901
73.1003284	6	902
75.2780437	6	903
90.7762050	6	904
78.9511203	6	905
78.8376331	6	906
100.798130	6	907
94.7239398	6	908
88.5689258	6	909
103.534936	6	910
118.834972	6	912
139.649868	6	911
104.983806	6	913
101.741552	6	914
105.630397	6	915
125.245332	6	916
103.710174	6	917
91.8200016	6	918
110.367774	6	919
99.9124050	6	920
97.0160961	6	921
86.5223407	6	922
99.1380214	6	923
79.7276496	6	924
100.172281	6	925
76.4856338	6	926
80.0766944	6	927
90.7707214	6	928
99.8148918	6	929
108.574390	6	930
105.183601	6	931
99.9541282	6	932
95.9966182	6	933
98.2809066	6	935
116.649627	6	934
95.8206653	6	936
113.002300	6	937
107.090234	6	938
103.097438	6	939
105.334997	6	940
95.2823162	6	942
113.791942	6	941
112.630367	6	943
96.3466167	6	944
96.5170860	6	945
104.305267	6	946
89.1335010	6	947
80.3771018	6	948
76.7316818	6	949
92.5259590	6	951
95.3505039	6	952
130.681276	6	950
90.0862216	6	953
104.149818	6	954
104.172945	6	955
83.5964679	6	956
74.3153095	6	957
78.6302089	6	959
107.786655	6	958
87.5928401	6	960
105.005741	6	961
85.9570503	6	962
97.3055362	6	963
94.8970317	6	964
86.3227844	6	965
93.7774181	6	966
84.8517417	6	967
96.1968898	6	968
88.5038375	6	969
107.130527	6	970
103.169441	6	971
99.4822978	6	972
95.9317684	6	973
92.9141044	6	974
112.225532	6	975
100.617408	6	976
84.6710205	6	977
116.674661	6	978
102.136135	6	979
108.481168	6	980
136.560678	6	981
123.384952	6	983
138.610601	6	982
113.763809	6	984
104.046821	6	986
130.381107	6	985
134.382963	6	987
138.319253	6	988
149.276733	6	989
119.834899	6	991
113.376140	6	992
147.464990	6	990
126.023292	6	993
121.298789	6	994
117.128610	6	995
104.405164	6	996
95.0345993	6	997
120.027542	6	998
114.223957	6	999
94.6750640	6	1000
81.2518596	6	1001
104.601621	6	1002
102.280855	6	1003
84.5534801	6	1004
88.5894298	6	1005
104.158639	6	1006
113.409519	6	1007
114.008903	6	1008
109.709262	6	1009
100.566625	6	1010
98.6452102	6	1011
104.835271	6	1012
90.9259319	6	1013
91.3851261	6	1014
79.0362358	6	1015
74.4826793	6	1017
109.111547	6	1016
87.2540473	6	1019
119.957208	6	1018
103.824853	6	1020
91.8052196	6	1021
83.3270549	6	1022
93.0325984	6	1023
82.1583271	6	1024
92.8385257	6	1026
113.446235	6	1025
100.720882	6	1027
96.1377620	6	1028
92.9872989	6	1029
93.0957794	6	1030
93.3377742	6	1032
102.698087	6	1033
143.245220	6	1031
94.3615436	6	1034
103.863000	6	1035
91.7961597	6	1036
90.6660556	6	1037
112.087011	6	1038
97.5177288	6	1039
99.1225242	6	1040
81.0716152	6	1041
101.021528	6	1042
109.047651	6	1044
132.284164	6	1043
103.638887	6	1045
123.695373	6	1046
117.149353	6	1047
114.179611	6	1048
115.671634	6	1049
117.257356	6	1051
93.1997299	6	1052
151.261091	6	1050
90.5296802	6	1053
105.053186	6	1054
113.627672	6	1055
105.592250	6	1056
95.8626270	6	1057
106.864452	6	1058
104.841947	6	1059
99.9145507	6	1060
110.992670	6	1061
97.2714424	6	1063
125.895023	6	1062
116.270542	6	1064
93.8751697	6	1065
96.1258411	6	1066
87.8040790	6	1067
107.604265	6	1068
86.7853164	6	1069
113.674163	6	1070
85.0229263	6	1072
108.680725	6	1071
93.5540199	6	1073
93.8544273	6	1074
103.780508	6	1075
99.7235774	6	1076
83.6544036	6	1077
87.5883102	6	1079
107.127904	6	1078
81.7747116	6	1080
84.6390724	6	1081
75.7136344	6	1082
81.0902118	6	1083
96.6682434	6	1084
99.8148918	6	1086
130.596876	6	1085
103.209018	6	1087
107.889413	6	1088
123.501300	6	1089
103.427648	6	1090
121.194124	6	1091
93.4503078	6	1093
108.547925	6	1092
107.260465	6	1094
90.2934074	6	1095
76.7548084	6	1096
101.059436	6	1097
107.182025	6	1098
108.678579	6	1099
117.109298	6	1100
106.908321	6	1101
98.4292030	6	1102
89.8900032	6	1103
96.1887836	6	1104
79.9059867	6	1105
89.8003578	6	1106
115.758895	6	1107
91.2528038	6	1109
121.726512	6	1108
118.896961	6	1110
101.295948	6	1111
94.8147773	6	1112
111.160516	6	1113
98.9146232	6	1114
99.6167659	6	1115
106.360435	6	1116
100.667238	6	1117
87.1713161	6	1118
87.7788066	6	1119
92.3089981	6	1120
90.6207561	6	1121
96.4181423	6	1123
117.303609	6	1122
94.8190689	6	1124
88.1433486	6	1125
86.5762233	6	1127
116.521358	6	1126
91.8016433	6	1128
97.7087020	6	1129
105.382204	6	1130
94.8219299	6	1131
88.6898040	6	1133
118.864059	6	1132
91.1028385	6	1134
84.7530364	6	1135
100.306272	6	1136
90.0671482	6	1137
80.5730819	6	1138
96.9371795	6	1139
107.586622	6	1140
92.5266742	6	1141
107.825517	6	1142
93.2364463	6	1143
104.912996	6	1144
97.9733467	6	1145
79.6926021	6	1146
91.4144515	6	1147
87.2533321	6	1148
81.9125175	6	1149
95.2112674	6	1150
91.3605690	6	1152
120.466232	6	1151
99.2753505	6	1153
99.0045070	6	1154
105.222463	6	1155
102.364540	6	1157
99.8678207	6	1158
143.150568	6	1156
113.822460	6	1159
120.797157	6	1160
134.613990	6	1161
115.898609	6	1162
130.283832	6	1163
112.621068	6	1164
121.858358	6	1165
117.288589	6	1166
107.306241	6	1167
96.5292453	6	1169
125.734090	6	1168
102.502346	6	1170
93.8785076	6	1171
106.430768	6	1172
104.314565	6	1174
96.7078208	6	1175
135.180234	6	1173
105.865716	6	1176
98.2224941	6	1177
118.360996	6	1178
123.331546	6	1179
99.4272232	6	1181
117.393255	6	1180
116.325378	6	1182
85.8993530	6	1184
117.975234	6	1183
85.7145786	6	1185
100.080490	6	1186
101.999282	6	1187
99.8013019	6	1188
99.8897552	6	1189
93.2669639	6	1191
112.370252	6	1190
91.9983386	6	1192
96.8601703	6	1193
95.7503318	6	1194
105.682849	6	1195
92.7333831	6	1196
92.3464298	6	1198
109.673976	6	1197
95.2715873	6	1199
97.9425907	6	1200
72.0455646	6	1201
120.673418	6	1202
110.023498	6	1203
107.213973	6	1204
96.0378646	6	1205
95.9684848	6	1207
117.179632	6	1206
91.2165641	6	1209
114.783763	6	1208
98.0536937	6	1210
106.399774	6	1211
100.673198	6	1212
94.4433212	6	1213
110.815048	6	1214
92.5965309	6	1216
120.211839	6	1215
105.820178	6	1217
98.1085300	6	1218
91.0825729	6	1220
128.802061	6	1219
97.7640151	6	1221
104.012012	6	1222
104.351043	6	1223
91.6569232	6	1225
109.768390	6	1224
97.8097915	6	1226
86.7650508	6	1227
110.674381	6	1228
113.340616	6	1229
105.639696	6	1230
103.176355	6	1231
105.484724	6	1232
101.028203	6	1233
92.9656028	6	1234
86.0085487	6	1235
93.0953025	6	1236
86.5068435	6	1237
84.7454071	6	1238
71.1476802	6	1240
102.643251	6	1239
76.3993263	6	1241
113.193988	6	1242
99.9381542	6	1243
105.573177	6	1244
104.677438	6	1245
103.995084	6	1246
113.441228	6	1247
112.365245	6	1248
91.0222530	6	1251
125.814437	6	1249
115.172863	6	1250
99.4317531	6	1252
80.8744430	6	1254
113.754749	6	1253
108.031511	6	1255
96.9617366	6	1256
93.1463241	6	1257
89.0755653	6	1258
77.4583816	6	1259
85.7431888	6	1260
92.7069187	6	1261
78.5117149	6	1262
111.142158	6	1263
112.482786	6	1264
110.702753	6	1266
105.890274	6	1267
98.5889434	6	1268
159.907341	6	1265
116.957664	6	1269
95.9246158	6	1270
115.068435	6	1271
118.186473	6	1272
120.914220	6	1273
130.287408	6	1274
125.125408	6	1275
108.998775	6	1276
129.278421	6	1277
126.309394	6	1278
124.304533	6	1279
102.319478	6	1280
91.3743972	6	1281
96.2061882	6	1282
101.334571	6	1283
97.3455905	6	1284
106.288909	6	1285
96.0767269	6	1286
103.869438	6	1287
119.515895	6	1288
130.813360	6	1289
137.491941	6	1290
115.350008	6	1292
103.167057	6	1293
141.981124	6	1291
91.9857025	6	1294
91.2342071	6	1295
86.7249965	6	1297
121.938705	6	1296
101.394653	6	1298
93.9364433	6	1299
88.3994102	6	1300
84.9664211	6	1302
92.3676490	6	1303
166.981697	6	1301
119.004249	6	1304
126.941919	6	1305
113.878250	6	1306
106.980323	6	1307
121.540546	6	1308
94.6488380	6	1310
113.219976	6	1309
89.5853042	6	1312
126.987457	6	1311
86.3027572	6	1313
83.3284854	6	1314
98.5236167	6	1315
105.487346	6	1316
93.6419963	6	1317
105.646371	6	1318
96.3635444	6	1319
96.4667797	6	1320
97.4650382	6	1322
133.303642	6	1321
104.443550	6	1323
112.557649	6	1324
131.935834	6	1325
117.119550	6	1326
109.728336	6	1327
94.4480895	6	1328
111.189126	6	1330
127.095460	6	1329
94.1948890	6	1331
112.232923	6	1332
111.855030	6	1333
104.518175	6	1334
98.0231761	6	1335
106.521844	6	1336
107.756853	6	1337
120.001554	6	1338
108.951091	6	1339
110.234498	6	1340
112.954139	6	1341
114.087104	6	1342
117.457151	6	1343
117.232561	6	1345
134.712219	6	1344
124.309301	6	1346
130.074262	6	1347
114.439725	6	1348
104.988813	6	1349
106.996774	6	1350
104.120016	6	1352
122.591972	6	1351
102.364063	6	1353
102.924585	6	1354
107.764482	6	1355
122.655630	6	1356
103.314161	6	1357
117.826700	6	1358
87.8727436	6	1360
129.905700	6	1359
102.704048	6	1361
104.876756	6	1362
89.5180702	6	1363
110.868692	6	1364
98.8876819	6	1365
93.7056541	6	1366
80.2137851	6	1368
104.412555	6	1367
72.8383064	6	1369
99.1523265	6	1370
90.9962654	6	1371
85.5789184	6	1372
73.4207630	6	1373
96.8780517	6	1374
95.9997177	6	1375
87.8317356	6	1377
110.329627	6	1376
97.5780487	6	1378
91.0151004	6	1379
78.8712501	6	1380
84.7568511	6	1381
85.4191780	6	1383
109.960317	6	1382
89.7686481	6	1384
87.1410369	6	1385
105.056524	6	1386
96.1716175	6	1387
86.6744518	6	1389
121.134757	6	1388
94.4375991	6	1391
86.5387916	6	1392
87.9817008	6	1393
158.982753	6	1390
100.475311	6	1394
104.973554	6	1395
101.162195	6	1396
110.848903	6	1397
108.299493	6	1398
98.5255241	6	1399
104.393959	6	1400
87.6827239	6	1401
99.3478298	6	1402
91.6731357	6	1403
87.1887207	6	1404
87.0320796	6	1405
89.7974967	6	1406
109.084129	6	1407
86.0102176	6	1409
104.965448	6	1408
100.685596	6	1411
126.384019	6	1410
96.7881679	6	1413
123.619794	6	1412
114.220380	6	1414
112.347126	6	1415
94.4585800	6	1416
99.2736816	6	1417
101.336240	6	1418
107.892036	6	1419
112.915754	6	1420
104.766845	6	1421
118.979692	6	1422
113.860368	6	1423
100.642442	6	1425
124.733924	6	1424
108.224630	6	1426
88.0348682	6	1428
115.478992	6	1427
112.072229	6	1429
113.859415	6	1430
99.0400314	6	1431
103.782653	6	1432
82.8619003	6	1433
96.4152812	6	1435
110.633850	6	1434
98.8149642	6	1436
87.0194435	6	1437
97.3284244	6	1438
105.593681	6	1439
80.9998512	6	1441
103.078603	6	1440
96.2262153	6	1442
93.8026905	6	1444
86.0581398	6	1445
144.948244	6	1443
99.7726917	6	1446
98.4189510	6	1447
87.4748229	6	1448
129.251480	6	1449
133.252143	6	1450
107.091665	6	1452
129.136323	6	1451
104.898929	6	1454
142.046928	6	1453
148.345232	6	1455
138.042688	6	1457
161.133050	6	1456
131.565093	6	1458
135.990858	6	1459
134.895086	6	1460
119.809865	6	1461
100.985288	6	1462
109.312057	6	1463
99.4827747	6	1464
87.3551368	6	1465
100.363492	6	1466
103.655338	6	1467
94.1631793	6	1468
80.8441638	6	1469
86.3373279	6	1470
75.9646892	6	1471
98.5882282	6	1472
81.5231800	6	1473
80.1072120	6	1474
103.274822	6	1475
92.0009613	6	1476
79.2660713	6	1477
83.0888748	6	1478
83.5125446	6	1479
75.5500793	6	1480
73.6665725	6	1481
80.5976390	6	1482
82.2563171	6	1484
123.314619	6	1483
101.457595	6	1485
111.327648	6	1486
93.2269096	6	1487
87.4223709	6	1488
79.1101455	6	1489
77.2480964	6	1490
78.5989761	6	1491
74.3536949	6	1492
69.5424079	6	1494
140.466928	6	1493
100.397348	6	1495
92.2582149	6	1496
91.1812782	6	1497
98.0074405	6	1498
84.2661857	6	1499
74.1298198	6	1500
avg:  103.17385609944661
std:  16.101007776288817
p95:  132.57155418395996
p99:  149.55018758773804
com:  48.608807588135555
thg:  2430.4403794067775
que:  34.927014668782554
los:  0.0
**********************
