[20 17 21 ... 15 17 20]
127.620697	6	2
117.222309	6	3
126.963853	6	4
178.675413	6	1
117.467403	6	6
144.389629	6	5
126.141071	6	9
161.400079	6	7
157.607316	6	8
161.558151	6	10
159.537553	6	11
193.968772	6	12
154.792070	6	15
195.735454	6	13
172.144651	6	16
217.289209	6	14
181.200981	6	19
203.028917	6	17
153.086662	6	21
183.112144	6	20
223.308324	6	18
185.916185	6	23
223.371982	6	22
205.773591	6	24
222.978115	6	25
202.197074	6	27
171.536207	6	29
237.728834	6	26
204.226970	6	28
180.299282	6	30
220.316171	6	31
201.640844	6	33
166.337251	6	35
269.841432	6	32
167.895078	6	38
236.921072	6	34
218.406438	6	37
197.006225	6	39
281.755685	6	36
269.289731	6	40
227.663278	6	43
301.603794	6	42
320.351839	6	41
204.204320	6	48
252.381801	6	45
196.686267	6	50
270.201206	6	46
258.499145	6	47
206.919908	6	51
329.065561	6	44
269.280433	6	49
251.259088	6	54
302.889585	6	52
293.408632	6	53
223.359823	6	58
293.987274	6	55
247.677564	6	59
234.212398	6	60
219.694137	6	61
296.538352	6	57
321.884870	6	56
228.421688	6	65
293.227434	6	64
320.041179	6	63
271.769285	6	66
232.996702	6	69
215.231418	6	72
404.555320	6	62
271.202087	6	73
302.706718	6	71
192.429780	6	78
384.701251	6	67
220.494031	6	77
410.928010	6	68
305.446386	6	76
415.752410	6	70
356.400012	6	74
278.720855	6	79
275.835990	6	80
398.772478	6	75
272.810935	6	81
260.342121	6	85
246.228694	6	87
270.174503	6	86
247.882604	6	88
377.215385	6	84
410.336494	6	82
334.505319	6	89
255.702733	6	94
336.800098	6	90
443.135499	6	83
298.474550	6	93
237.168312	6	97
275.521039	6	96
317.887544	6	95
413.298845	6	91
436.981678	6	92
316.254138	6	99
249.570608	6	105
298.761367	6	103
327.888965	6	102
399.751186	6	98
373.216152	6	100
311.112642	6	107
348.788738	6	106
441.113471	6	101
346.905469	6	108
348.289728	6	110
465.460062	6	104
349.516391	6	112
274.357318	6	117
303.190946	6	116
228.645086	6	123
407.637834	6	113
461.621046	6	109
383.524417	6	115
412.165164	6	114
358.802080	6	121
536.729812	6	111
381.995201	6	120
234.057903	6	129
328.085184	6	125
486.672401	6	119
323.757648	6	128
403.379678	6	124
540.410995	6	118
270.846605	6	134
539.690971	6	122
462.470054	6	126
331.572532	6	133
183.136940	6	141
452.795743	6	127
198.550701	6	140
277.920722	6	137
413.644552	6	131
457.791566	6	130
460.485219	6	132
349.481821	6	138
356.606483	6	139
309.392452	6	142
486.944437	6	135
229.952096	6	150
501.880168	6	136
370.096921	6	144
375.351190	6	145
385.182619	6	146
318.776130	6	151
466.002225	6	143
328.485250	6	153
400.513648	6	149
227.519035	6	160
495.035409	6	147
356.240510	6	156
431.709289	6	152
354.697942	6	157
503.827095	6	148
234.591007	6	166
392.025709	6	159
347.270011	6	162
492.802381	6	154
360.259532	6	163
400.303840	6	161
521.615266	6	155
341.035127	6	167
292.374610	6	171
289.413928	6	172
343.019008	6	170
453.151226	6	164
585.477590	6	158
301.823616	6	174
288.157939	6	175
493.222713	6	165
394.630432	6	173
506.467819	6	168
367.990016	6	176
564.858913	6	169
418.750286	6	177
397.070407	6	179
428.042650	6	178
220.984697	6	190
352.299451	6	183
339.784622	6	184
424.055814	6	180
406.162977	6	182
386.109352	6	185
475.512266	6	181
401.942014	6	188
374.945163	6	192
455.108404	6	189
513.843297	6	186
251.990318	6	202
245.773315	6	203
402.228116	6	193
281.634569	6	201
374.067306	6	195
428.444862	6	194
602.895498	6	187
439.884424	6	198
422.800064	6	200
496.763229	6	196
277.406692	6	210
244.642496	6	212
612.660884	6	191
505.986213	6	199
362.251281	6	211
628.660678	6	197
498.986005	6	205
360.784769	6	213
543.347835	6	204
454.244852	6	209
535.672903	6	206
394.600868	6	214
553.359508	6	207
602.171182	6	208
350.821495	6	222
418.573141	6	220
508.402585	6	215
411.658525	6	221
225.350379	6	233
535.677671	6	217
590.865612	6	216
451.335906	6	224
375.394821	6	230
443.773031	6	226
475.823402	6	225
455.999612	6	228
561.825752	6	223
526.022672	6	227
705.133676	6	219
771.273136	6	218
573.127746	6	229
482.072591	6	235
343.690395	6	245
429.395437	6	240
330.081462	6	246
511.396884	6	238
407.477378	6	244
458.167314	6	241
636.892557	6	232
576.563835	6	236
455.068111	6	248
417.832136	6	253
358.189344	6	258
694.448947	6	239
850.348472	6	231
668.998003	6	242
611.164569	6	247
477.684974	6	256
605.502843	6	250
905.219793	6	234
595.295906	6	254
656.256914	6	252
927.693367	6	237
711.492300	6	251
844.249248	6	243
287.332773	6	278
769.628047	6	249
632.076740	6	259
692.584991	6	255
487.394094	6	271
503.602266	6	272
642.618894	6	264
395.385742	6	279
638.945341	6	268
821.670532	6	257
754.261493	6	263
708.582162	6	266
783.066034	6	261
580.647706	6	274
841.580867	6	260
848.381042	6	262
750.404834	6	269
750.936269	6	270
448.372602	6	290
937.873601	6	265
562.700510	6	288
518.714427	6	291
951.742172	6	267
805.129051	6	275
795.584201	6	276
729.601144	6	282
958.012819	6	273
892.403125	6	277
615.324258	6	294
872.424602	6	280
562.948226	6	298
875.348091	6	281
828.446865	6	284
639.034032	6	296
831.398010	6	286
821.428775	6	287
605.256795	6	300
765.697240	6	293
710.266351	6	297
984.555721	6	283
956.095695	6	285
906.442403	6	289
612.727642	6	306
881.224155	6	292
539.314985	6	311
411.748409	6	320
755.954742	6	302
646.778583	6	308
612.460613	6	312
585.241794	6	314
816.130399	6	303
940.592527	6	299
921.474695	6	301
890.764236	6	305
679.133892	6	318
596.087694	6	323
836.572170	6	310
802.233219	6	313
1139.04690	6	295
565.368175	6	332
679.926872	6	326
1081.71248	6	304
782.742261	6	322
1024.51515	6	309
458.532810	6	342
934.646606	6	316
728.902339	6	328
1103.81412	6	307
948.114633	6	317
915.036201	6	321
964.580535	6	319
834.076642	6	327
765.906810	6	331
913.267850	6	324
932.199001	6	325
851.404666	6	330
1112.28442	6	315
898.764371	6	329
846.156835	6	334
863.496303	6	333
676.746845	6	345
797.714948	6	339
794.411659	6	340
897.169589	6	335
870.559692	6	337
674.403190	6	349
878.131389	6	338
786.325693	6	343
935.325622	6	336
659.808397	6	353
817.241191	6	344
841.207265	6	347
941.654682	6	341
844.454288	6	348
892.505407	6	346
592.097997	6	363
553.328990	6	365
783.687353	6	355
811.739683	6	354
478.762626	6	374
833.203315	6	356
725.575685	6	362
937.391042	6	352
792.582988	6	359
834.137916	6	358
998.225212	6	351
661.681890	6	369
1041.29099	6	350
718.864917	6	367
914.515018	6	357
856.204509	6	360
773.761272	6	366
802.992582	6	368
712.719202	6	373
906.770706	6	364
685.859680	6	377
719.590902	6	376
598.565816	6	383
833.107233	6	371
1056.28752	6	361
864.550352	6	372
931.397438	6	370
586.822509	6	389
733.014822	6	384
550.807714	6	393
844.913005	6	379
927.268981	6	375
762.370347	6	388
590.871334	6	399
1002.61783	6	378
1015.34986	6	380
565.369129	6	404
720.155715	6	396
1000.79536	6	382
903.385400	6	386
935.984134	6	385
831.369400	6	391
734.859228	6	397
1075.87242	6	381
656.000375	6	403
827.051401	6	395
1007.14206	6	387
832.849502	6	398
967.383384	6	390
947.225093	6	392
922.945976	6	394
673.740863	6	408
815.981626	6	402
778.626441	6	406
904.995441	6	400
801.039218	6	407
797.829151	6	409
763.691425	6	411
782.638311	6	413
728.841304	6	420
705.404043	6	423
897.305488	6	412
803.877830	6	419
836.176395	6	418
1082.35073	6	405
1164.18409	6	401
799.279928	6	422
913.832426	6	415
1009.14239	6	410
941.231966	6	416
726.755142	6	428
991.366624	6	414
948.466539	6	417
785.449504	6	426
860.100269	6	425
830.153465	6	427
821.521759	6	430
927.693367	6	424
706.399202	6	438
818.095684	6	432
735.604763	6	437
1018.04351	6	421
683.892011	6	440
856.127023	6	433
894.055366	6	431
936.478137	6	429
914.448976	6	434
728.023767	6	444
666.333198	6	447
660.206556	6	448
793.162107	6	442
621.871232	6	451
922.749996	6	436
687.975168	6	449
616.702795	6	453
754.663705	6	446
611.022710	6	454
803.424596	6	445
1024.85179	6	435
797.832489	6	452
832.433938	6	450
811.284303	6	455
1129.81176	6	439
500.828981	6	474
659.395456	6	466
1173.51675	6	441
802.804231	6	460
887.434720	6	456
692.301273	6	468
910.365581	6	458
929.420471	6	457
777.848005	6	465
879.762172	6	461
692.066192	6	471
1245.22972	6	443
845.633983	6	464
592.163324	6	481
804.259777	6	469
957.813024	6	462
659.911155	6	480
1045.90606	6	459
797.318458	6	472
690.974950	6	479
915.695190	6	467
680.185556	6	482
837.959766	6	475
929.038286	6	470
834.393978	6	477
933.480739	6	473
1141.17407	6	463
907.343626	6	476
799.090623	6	485
666.277170	6	492
956.622838	6	478
927.628993	6	484
971.946477	6	483
838.359832	6	489
848.249197	6	491
966.185569	6	486
839.870691	6	493
893.855810	6	490
681.947946	6	502
718.416452	6	501
820.510149	6	496
816.851854	6	497
1023.00047	6	487
571.975469	6	511
1019.04654	6	488
924.876928	6	494
653.183937	6	509
740.736007	6	505
763.010263	6	506
830.915927	6	503
959.092140	6	498
859.893083	6	504
983.355283	6	499
735.134363	6	512
666.471004	6	516
806.479692	6	510
999.628543	6	500
1117.35153	6	495
786.277055	6	513
765.407085	6	515
928.945302	6	507
499.475240	6	532
909.058332	6	514
865.370035	6	518
703.707218	6	527
727.453947	6	526
587.419986	6	534
861.079692	6	520
782.357692	6	525
593.041419	6	536
929.075717	6	519
888.347148	6	521
756.996870	6	529
989.674568	6	517
864.650249	6	524
1184.04531	6	508
931.473970	6	523
1007.95507	6	522
866.748571	6	531
863.902091	6	533
495.282888	6	552
827.371120	6	535
699.604749	6	543
860.694885	6	537
1072.48449	6	528
750.903844	6	544
1049.12281	6	530
880.229711	6	538
813.855648	6	542
874.667406	6	540
862.627744	6	541
787.715435	6	547
655.470609	6	554
1005.53822	6	539
921.690702	6	545
733.205080	6	555
615.504980	6	562
643.037080	6	563
878.443717	6	551
853.697061	6	553
794.467449	6	556
494.807720	6	574
949.993610	6	549
763.598680	6	560
966.899871	6	550
872.169256	6	557
901.868104	6	558
820.035934	6	564
882.853031	6	561
767.350196	6	571
863.537788	6	567
841.729164	6	569
736.033201	6	577
1305.02748	6	546
956.762790	6	565
1286.02170	6	548
963.024139	6	568
809.543132	6	578
938.752174	6	573
1171.58627	6	559
1062.22510	6	566
988.625764	6	572
921.798706	6	576
1036.10682	6	570
944.384098	6	575
867.017269	6	580
849.599123	6	582
745.436668	6	588
832.074642	6	584
852.142572	6	585
921.693086	6	581
688.291788	6	594
948.513746	6	583
1013.30494	6	579
810.945510	6	591
792.897701	6	592
860.807895	6	590
936.141252	6	587
780.299425	6	596
946.086645	6	589
922.960042	6	593
859.202146	6	598
878.600597	6	597
1099.52259	6	586
943.580389	6	595
877.079248	6	601
907.934665	6	600
944.957017	6	599
848.999977	6	605
908.745050	6	603
836.138725	6	608
1006.34670	6	602
967.075586	6	604
667.832612	6	620
831.175804	6	611
914.844751	6	607
851.845979	6	612
767.719030	6	618
935.647726	6	609
1006.64186	6	606
841.076374	6	616
947.415113	6	613
930.895805	6	615
829.525947	6	621
913.430929	6	619
844.055891	6	624
1143.09906	6	610
863.998889	6	625
1040.60745	6	617
698.383569	6	635
858.264684	6	627
930.307626	6	623
801.097393	6	631
598.117589	6	641
809.431791	6	632
991.024494	6	622
930.023431	6	626
672.555923	6	640
848.887443	6	633
1222.27644	6	614
831.365823	6	636
767.294168	6	639
973.172903	6	628
845.453739	6	637
848.295450	6	638
705.236673	6	647
1054.47649	6	629
1044.05927	6	630
466.629266	6	659
451.473474	6	660
784.385442	6	644
600.860834	6	656
703.468084	6	653
932.609558	6	643
678.689241	6	655
640.094041	6	658
868.700265	6	651
936.427354	6	648
656.281232	6	661
938.478946	6	650
917.072057	6	652
1105.03387	6	642
992.640495	6	649
1280.79032	6	634
1059.03863	6	646
610.951423	6	669
627.774238	6	670
1186.80191	6	645
625.336647	6	676
831.028938	6	665
604.774713	6	678
558.489084	6	681
910.209894	6	663
1082.45062	6	654
841.788530	6	668
794.562816	6	673
785.256385	6	675
694.995403	6	683
1000.27084	6	666
915.183067	6	672
1146.00658	6	662
1243.07608	6	657
691.260337	6	688
988.578319	6	671
1114.27712	6	667
984.531641	6	674
807.406187	6	685
911.130428	6	680
1208.83822	6	664
998.560905	6	677
729.165792	6	694
951.560497	6	682
878.874301	6	687
522.389888	6	708
790.445804	6	693
839.242935	6	692
628.720045	6	705
972.404956	6	686
922.849893	6	689
1107.89942	6	679
1049.43585	6	684
961.376667	6	690
996.792078	6	691
924.251079	6	697
619.367361	6	714
879.655838	6	700
841.142654	6	704
1021.03686	6	695
948.091745	6	699
928.532361	6	702
911.473751	6	703
988.773584	6	701
1096.93002	6	696
659.837245	6	721
878.715991	6	711
1100.31771	6	698
993.217468	6	707
714.633226	6	722
910.948038	6	713
1047.92547	6	706
953.736066	6	712
1032.82690	6	709
819.894075	6	723
913.748502	6	719
909.707307	6	720
1115.93317	6	710
998.988151	6	716
806.490659	6	726
996.704816	6	718
1115.72217	6	715
825.027704	6	729
945.475101	6	724
1095.95823	6	717
789.456129	6	733
941.702127	6	727
936.642408	6	728
853.196859	6	734
825.841903	6	737
949.102163	6	730
932.104825	6	731
1058.86411	6	725
610.491275	6	751
893.534421	6	736
960.126638	6	732
728.774547	6	746
858.330965	6	741
935.515642	6	739
969.519138	6	738
903.778791	6	744
1063.32397	6	735
887.277126	6	748
998.609304	6	743
936.247587	6	749
1088.52863	6	740
993.734359	6	747
828.821420	6	756
812.230825	6	757
807.387351	6	758
930.495500	6	753
797.070980	6	761
971.088171	6	752
1044.03400	6	750
1193.31049	6	742
1018.11575	6	754
709.537029	6	770
793.400049	6	766
953.383922	6	759
784.286737	6	767
1216.87150	6	745
1030.53617	6	755
623.770713	6	777
891.611814	6	765
766.913890	6	772
922.939538	6	764
806.122779	6	771
987.851142	6	763
1082.39555	6	760
837.963104	6	773
797.527551	6	776
968.139886	6	768
1103.20615	6	762
1008.03256	6	769
822.989225	6	784
944.849014	6	778
901.118278	6	781
739.740610	6	791
901.483058	6	783
748.872041	6	792
884.344339	6	785
1105.36217	6	774
889.046430	6	786
884.903430	6	788
917.390584	6	787
1056.61273	6	780
1022.53508	6	782
902.173042	6	789
822.871685	6	794
1175.56452	6	775
1116.56880	6	779
870.498657	6	796
877.266168	6	797
873.678922	6	798
966.612815	6	793
869.143724	6	800
785.375833	6	806
773.591518	6	809
1130.31601	6	790
795.600652	6	810
991.317987	6	801
1105.42011	6	795
773.160457	6	814
1045.32003	6	799
1003.47876	6	802
778.334617	6	816
1001.87993	6	805
873.372793	6	812
689.329624	6	823
1043.25413	6	804
932.232618	6	811
586.665630	6	829
1080.73544	6	803
1030.11941	6	807
1023.82850	6	808
805.118322	6	821
813.030958	6	822
884.237051	6	818
955.286741	6	815
929.404497	6	817
1006.88529	6	813
742.918968	6	827
682.594537	6	831
758.154869	6	832
1012.27498	6	819
1008.71229	6	820
921.220779	6	826
857.538938	6	830
974.524497	6	825
827.493429	6	833
792.653560	6	835
709.254980	6	842
730.615139	6	841
488.245010	6	853
818.646192	6	839
647.782802	6	847
1163.35034	6	824
1098.88768	6	828
641.899347	6	850
866.181135	6	840
957.115650	6	836
822.541713	6	843
1053.30443	6	834
733.863353	6	852
665.862798	6	856
455.981016	6	867
885.219812	6	846
1078.75394	6	837
804.045915	6	851
732.792377	6	855
426.858663	6	873
760.108709	6	859
749.687433	6	860
705.590248	6	863
1225.17013	6	838
471.636295	6	875
1043.93100	6	848
949.913978	6	854
1169.73066	6	844
621.953487	6	872
645.225286	6	871
916.042327	6	858
870.871067	6	861
1132.81202	6	849
885.463953	6	862
866.984367	6	864
495.539426	6	884
795.464277	6	870
541.756391	6	882
1316.28417	6	845
922.208309	6	866
560.071468	6	883
541.367292	6	886
672.810792	6	880
969.243526	6	868
1205.14035	6	857
973.672151	6	869
581.329345	6	890
764.823436	6	881
863.339185	6	877
893.625974	6	876
937.635183	6	874
613.812208	6	891
696.701526	6	888
746.082305	6	887
1206.33053	6	865
925.207138	6	879
826.525211	6	885
700.078725	6	892
980.875015	6	878
796.986341	6	889
747.617006	6	893
476.235389	6	910
607.717752	6	909
664.467573	6	906
805.444240	6	899
845.065116	6	897
913.118124	6	894
809.655427	6	901
824.068546	6	900
921.813964	6	896
947.765350	6	895
902.941942	6	898
803.382873	6	905
767.745733	6	908
892.691850	6	903
710.612535	6	913
880.136489	6	904
938.575506	6	902
664.256572	6	918
694.394588	6	917
797.200202	6	912
612.179756	6	924
809.740543	6	916
647.832393	6	926
927.567243	6	911
754.414796	6	922
1034.11316	6	907
677.850484	6	927
839.334249	6	920
839.407444	6	921
894.915819	6	919
786.689043	6	925
739.410400	6	928
1007.42363	6	914
716.746568	6	932
633.215188	6	937
789.561033	6	931
593.750715	6	941
959.307432	6	923
842.824697	6	929
858.433008	6	930
1139.49108	6	915
856.616497	6	933
740.761995	6	940
647.674560	6	945
586.686372	6	949
808.004379	6	938
854.328632	6	936
708.069562	6	944
855.424404	6	939
997.325181	6	934
786.856651	6	946
1004.74238	6	935
636.247634	6	957
914.463281	6	942
717.176914	6	953
937.021970	6	943
908.327341	6	947
861.553430	6	950
788.584709	6	956
925.973176	6	948
737.858772	6	959
640.751600	6	965
896.719217	6	951
672.904729	6	964
833.705902	6	955
619.197607	6	969
799.665212	6	961
855.754137	6	958
717.672824	6	966
996.857881	6	952
691.818237	6	970
657.789230	6	975
945.240259	6	960
814.654350	6	968
1069.74673	6	954
737.523317	6	973
802.592992	6	971
893.735885	6	967
736.781597	6	977
677.910327	6	981
1026.54576	6	963
1046.98324	6	962
778.175592	6	979
613.487243	6	988
656.987667	6	986
813.442230	6	980
935.835361	6	974
649.677038	6	990
952.210426	6	976
1021.43359	6	972
806.544065	6	984
725.104093	6	991
563.984870	6	1001
858.710765	6	987
754.494190	6	993
825.161933	6	992
721.936225	6	997
996.540307	6	983
706.028461	6	999
1109.28511	6	978
995.990514	6	985
1060.07146	6	982
593.469858	6	1006
721.897602	6	1000
846.103906	6	994
1013.71264	6	989
814.574003	6	1002
936.372280	6	996
637.290954	6	1013
965.742826	6	998
785.959243	6	1008
684.606075	6	1014
1075.60849	6	995
799.025297	6	1009
926.481485	6	1003
612.375974	6	1021
647.275447	6	1020
587.171792	6	1023
929.680109	6	1005
745.202779	6	1016
857.399940	6	1011
941.272497	6	1007
1025.03585	6	1004
928.132534	6	1010
906.883001	6	1012
839.839458	6	1017
824.521541	6	1018
685.142993	6	1026
1009.20176	6	1015
772.703886	6	1028
655.321359	6	1034
967.912673	6	1019
795.398235	6	1029
539.698362	6	1043
490.336894	6	1046
915.705680	6	1025
1009.99784	6	1022
742.481231	6	1036
906.629085	6	1030
993.687391	6	1027
507.420063	6	1054
613.200187	6	1048
806.200504	6	1037
1061.62714	6	1024
913.042068	6	1035
865.279197	6	1038
604.362964	6	1056
909.077882	6	1039
1070.00565	6	1031
887.547016	6	1041
1070.13225	6	1033
948.591709	6	1040
920.756816	6	1042
654.904603	6	1058
680.217504	6	1059
976.556777	6	1044
1203.61232	6	1032
898.306369	6	1049
927.631616	6	1047
898.345470	6	1050
793.371438	6	1057
776.647329	6	1061
1045.91131	6	1045
993.306636	6	1051
650.108098	6	1071
865.541219	6	1060
1006.64949	6	1052
1043.01595	6	1053
936.734676	6	1062
606.035947	6	1080
1068.39680	6	1055
772.429466	6	1072
610.836982	6	1082
944.983482	6	1065
912.162542	6	1067
981.741189	6	1066
1051.13005	6	1063
928.555727	6	1070
632.473468	6	1087
970.276594	6	1069
898.333072	6	1073
832.892417	6	1077
1067.86274	6	1068
941.187381	6	1075
1197.49665	6	1064
967.975616	6	1076
911.876678	6	1081
841.901540	6	1086
808.477640	6	1089
1015.70034	6	1078
777.823925	6	1094
841.335535	6	1092
1158.65635	6	1074
978.120326	6	1084
985.068082	6	1085
652.762174	6	1106
1088.67907	6	1083
839.241743	6	1098
862.311840	6	1097
651.266574	6	1109
962.939739	6	1093
857.395410	6	1099
1228.05380	6	1079
1110.60070	6	1088
1027.05788	6	1095
951.526165	6	1100
1053.43508	6	1096
973.995685	6	1102
1216.42446	6	1090
1016.86263	6	1101
844.738721	6	1111
1213.83047	6	1091
876.237154	6	1110
919.884443	6	1107
1041.78214	6	1103
850.287199	6	1116
1019.98543	6	1105
662.735939	6	1126
1060.48226	6	1104
929.679155	6	1112
673.966884	6	1127
862.362861	6	1119
963.190793	6	1115
874.303340	6	1121
1051.11694	6	1113
738.184690	6	1130
1008.34393	6	1117
1155.73167	6	1108
925.623655	6	1122
927.641868	6	1124
812.620639	6	1132
966.094493	6	1125
1160.01534	6	1114
893.333196	6	1129
1125.23531	6	1118
825.848817	6	1134
1147.97425	6	1120
869.236707	6	1135
1112.49995	6	1123
659.008026	6	1146
897.210597	6	1137
560.513973	6	1155
794.351577	6	1144
1018.59855	6	1133
1126.67465	6	1128
925.924539	6	1138
852.976560	6	1142
938.028335	6	1139
959.707498	6	1140
800.678730	6	1149
1073.51112	6	1136
906.657695	6	1145
1182.73639	6	1131
864.599466	6	1147
952.944278	6	1143
647.173404	6	1160
802.106857	6	1153
915.907621	6	1148
855.170488	6	1152
1114.09616	6	1141
843.653678	6	1157
703.080177	6	1165
889.273405	6	1156
965.301036	6	1154
818.632125	6	1161
1043.26319	6	1151
889.206886	6	1159
852.145671	6	1162
788.171291	6	1166
987.818717	6	1158
574.281454	6	1179
924.205541	6	1163
1206.81524	6	1150
847.347021	6	1168
796.643733	6	1172
696.596145	6	1178
913.467884	6	1169
793.246984	6	1176
1043.07055	6	1164
839.072704	6	1174
817.745208	6	1177
775.806665	6	1180
1024.85466	6	1167
748.881816	6	1183
969.079017	6	1173
949.124813	6	1175
1060.53948	6	1171
848.240852	6	1182
822.790861	6	1186
538.590669	6	1203
793.533563	6	1188
947.941541	6	1181
736.142158	6	1193
1222.46479	6	1170
667.870759	6	1201
1010.14137	6	1184
960.072755	6	1187
908.954143	6	1191
956.132650	6	1189
751.158475	6	1200
818.755388	6	1197
944.403648	6	1190
692.855596	6	1206
1081.95304	6	1185
908.281326	6	1196
930.703401	6	1195
705.227375	6	1208
721.343517	6	1209
651.531457	6	1213
858.740329	6	1202
1036.05246	6	1192
844.158411	6	1204
616.559267	6	1216
1032.71126	6	1194
1001.82032	6	1198
1041.61119	6	1199
850.418567	6	1212
996.811866	6	1205
961.841821	6	1210
1055.96971	6	1207
800.715446	6	1221
814.367771	6	1222
858.715057	6	1220
1048.25282	6	1211
937.583446	6	1217
922.868251	6	1218
783.269882	6	1226
1034.47031	6	1214
769.206762	6	1229
1055.51147	6	1215
879.096508	6	1224
994.849443	6	1219
667.536973	6	1238
775.441884	6	1232
637.920141	6	1241
968.921899	6	1223
798.748254	6	1233
656.850814	6	1243
985.620260	6	1225
743.578433	6	1239
420.499324	6	1261
1032.62448	6	1227
1028.25403	6	1230
958.281278	6	1236
1031.71420	6	1234
821.015357	6	1247
909.829616	6	1242
1118.89481	6	1231
1193.88389	6	1228
1047.79934	6	1237
853.940248	6	1251
931.987524	6	1246
1143.20302	6	1235
408.711433	6	1277
879.172086	6	1253
868.839740	6	1254
1109.69519	6	1240
1032.09781	6	1245
848.675489	6	1257
1087.05759	6	1244
858.153343	6	1258
902.032375	6	1260
527.081489	6	1280
1106.60743	6	1249
741.856575	6	1271
777.987241	6	1269
1076.08771	6	1255
1167.37985	6	1250
930.890560	6	1263
909.582614	6	1264
897.716522	6	1265
890.202522	6	1267
1109.49873	6	1256
1055.29928	6	1259
831.607341	6	1273
1255.36942	6	1252
1337.93497	6	1248
841.917514	6	1275
1109.92431	6	1262
892.693281	6	1274
937.855005	6	1272
840.245008	6	1279
895.112991	6	1278
844.505071	6	1281
607.938528	6	1294
1146.13437	6	1268
1186.14435	6	1266
1012.50433	6	1276
658.080101	6	1299
794.475555	6	1293
922.634124	6	1288
1023.92196	6	1285
1063.06433	6	1283
1012.62712	6	1287
1346.32158	6	1270
927.999496	6	1295
939.069986	6	1297
926.864385	6	1298
1089.38598	6	1289
1203.36985	6	1284
913.739204	6	1300
853.654146	6	1303
1245.98622	6	1282
1175.99081	6	1286
807.740688	6	1308
1161.52310	6	1292
941.111803	6	1305
715.268611	6	1319
1199.27358	6	1291
919.126033	6	1307
747.491121	6	1320
1280.73167	6	1290
831.038236	6	1317
1231.28986	6	1296
866.315603	6	1318
932.071447	6	1316
1095.94464	6	1306
1078.97877	6	1309
1025.69389	6	1312
1197.57342	6	1302
737.704992	6	1328
1058.85624	6	1313
1055.64212	6	1314
1127.62618	6	1310
1235.82816	6	1304
1120.88799	6	1311
632.868289	6	1337
960.454463	6	1322
1101.49717	6	1315
1365.09847	6	1301
903.378725	6	1327
953.632831	6	1326
1036.70763	6	1323
735.460758	6	1339
913.139104	6	1331
1141.12973	6	1321
1080.20544	6	1325
995.001077	6	1329
945.480585	6	1333
1138.43584	6	1324
981.001138	6	1332
839.425802	6	1341
995.481729	6	1334
755.971670	6	1346
849.025249	6	1343
1057.19256	6	1335
1003.38673	6	1340
1046.15998	6	1338
986.528158	6	1342
680.975437	6	1357
611.204624	6	1361
872.223138	6	1348
1140.46263	6	1336
1277.20594	6	1330
1001.77645	6	1345
813.748598	6	1354
972.474813	6	1347
904.622554	6	1352
1127.75349	6	1344
904.538631	6	1355
971.455335	6	1353
1054.99935	6	1349
879.831314	6	1359
806.709051	6	1365
860.796451	6	1362
815.933465	6	1366
731.635093	6	1372
909.986972	6	1363
1015.67816	6	1358
714.851617	6	1375
847.611188	6	1368
612.461090	6	1382
1222.43380	6	1351
978.818416	6	1364
926.959753	6	1367
1147.22633	6	1356
751.096010	6	1378
1334.29670	6	1350
562.623739	6	1392
1182.05547	6	1360
802.043437	6	1381
1027.76193	6	1369
889.075517	6	1379
1057.20400	6	1371
1053.88879	6	1373
656.170845	6	1395
1006.14118	6	1377
1068.65715	6	1374
1032.14287	6	1376
868.510007	6	1386
1183.66980	6	1370
860.674142	6	1389
941.362619	6	1385
1012.44544	6	1383
865.929365	6	1391
1012.79211	6	1384
981.304645	6	1387
1122.00474	6	1380
650.750160	6	1406
830.221414	6	1398
1041.67485	6	1388
801.050901	6	1401
1096.76337	6	1390
1044.64387	6	1393
701.905727	6	1412
811.345577	6	1407
1021.18182	6	1397
1046.60844	6	1396
806.159257	6	1408
863.448619	6	1405
1003.68094	6	1400
635.878562	6	1421
969.945430	6	1403
1050.63438	6	1399
958.669424	6	1404
880.806446	6	1409
1030.06958	6	1402
885.367393	6	1410
1223.84619	6	1394
820.130825	6	1416
674.252510	6	1425
692.789793	6	1427
888.808012	6	1419
771.900415	6	1426
1062.72959	6	1411
1030.52425	6	1413
724.966049	6	1430
633.590459	6	1436
946.459531	6	1420
1099.79128	6	1414
951.081752	6	1423
1057.75499	6	1418
626.370191	6	1440
1116.13392	6	1415
966.004371	6	1424
1019.41704	6	1422
887.742280	6	1429
1197.15070	6	1417
938.802480	6	1431
937.617301	6	1432
794.932603	6	1441
814.965486	6	1443
1033.09082	6	1433
816.395282	6	1445
977.597951	6	1437
946.527481	6	1439
707.474470	6	1452
1208.77075	6	1428
862.473487	6	1447
1127.46763	6	1435
711.181402	6	1457
894.217967	6	1449
1023.08487	6	1442
907.849073	6	1450
540.088176	6	1469
820.022344	6	1455
935.312986	6	1451
1279.32786	6	1434
1085.96396	6	1444
921.504020	6	1453
910.161018	6	1454
688.557624	6	1467
1091.82143	6	1446
677.376270	6	1470
825.807571	6	1462
927.462816	6	1460
1165.12799	6	1448
1020.32542	6	1456
1371.40154	6	1438
887.356758	6	1463
696.446895	6	1474
1003.34382	6	1458
742.057323	6	1472
839.071035	6	1468
1063.38787	6	1459
995.010852	6	1464
1053.48062	6	1461
840.902090	6	1473
621.133565	6	1490
905.994892	6	1477
772.473812	6	1484
1019.71077	6	1471
911.832571	6	1478
1133.85891	6	1465
828.122615	6	1482
957.790136	6	1476
1147.05848	6	1466
871.344804	6	1481
1014.23907	6	1475
927.286863	6	1480
570.572137	6	1498
912.312030	6	1483
700.889110	6	1494
1031.32152	6	1479
839.240074	6	1492
985.051393	6	1485
941.988468	6	1488
970.951080	6	1487
496.802568	6	1510
819.924592	6	1496
916.259288	6	1491
748.961448	6	1499
899.005174	6	1493
1071.05040	6	1486
1016.05439	6	1489
635.573148	6	1508
838.251829	6	1500
901.830673	6	1497
806.018590	6	1502
978.263616	6	1495
852.445840	6	1505
931.729316	6	1503
740.540981	6	1512
537.168979	6	1524
854.419469	6	1507
929.251194	6	1504
661.349534	6	1519
1020.40028	6	1501
863.394737	6	1509
648.939609	6	1522
868.030786	6	1511
816.531181	6	1514
617.511034	6	1525
693.590402	6	1523
1010.73527	6	1506
592.852592	6	1530
658.710956	6	1528
943.328857	6	1513
721.333742	6	1529
993.409872	6	1515
790.242195	6	1526
950.107812	6	1520
718.339681	6	1531
1061.53249	6	1516
850.107908	6	1527
1034.00230	6	1518
578.985452	6	1542
792.145490	6	1532
1050.57668	6	1521
1127.26378	6	1517
828.263044	6	1533
748.685836	6	1539
645.262956	6	1546
863.619327	6	1535
612.561464	6	1548
541.148900	6	1553
688.953876	6	1545
890.862941	6	1537
847.121953	6	1540
977.759838	6	1534
946.705818	6	1536
686.446666	6	1550
686.787843	6	1551
831.538915	6	1544
908.178806	6	1543
701.852321	6	1554
766.188621	6	1552
833.251476	6	1549
1097.63860	6	1538
697.416305	6	1559
646.234512	6	1563
1073.96101	6	1541
766.313076	6	1557
963.657855	6	1547
860.000610	6	1556
799.608469	6	1560
929.777383	6	1555
635.845899	6	1573
819.345474	6	1565
779.723405	6	1568
795.699119	6	1567
689.557552	6	1577
1001.10459	6	1558
966.389656	6	1561
877.408742	6	1566
945.111274	6	1564
581.758737	6	1586
918.083667	6	1569
606.683969	6	1588
664.391279	6	1585
890.558719	6	1572
914.578437	6	1571
933.206558	6	1570
1053.53116	6	1562
827.880382	6	1578
792.821168	6	1580
834.338665	6	1579
742.540121	6	1584
851.076841	6	1581
1008.59451	6	1576
496.480703	6	1605
807.984352	6	1590
533.455371	6	1604
1110.26787	6	1575
979.415893	6	1583
886.228322	6	1589
1027.53543	6	1582
686.915874	6	1600
756.933689	6	1597
838.086843	6	1593
1207.85260	6	1574
929.276227	6	1591
547.671318	6	1611
844.837665	6	1596
771.477460	6	1601
422.584056	6	1620
1032.78064	6	1592
1001.39045	6	1594
1169.11816	6	1587
1001.42598	6	1595
1013.70191	6	1599
933.430433	6	1603
705.438852	6	1616
697.708129	6	1617
917.522668	6	1606
991.217613	6	1602
1068.58515	6	1598
946.478128	6	1607
930.787086	6	1609
886.130332	6	1613
943.394422	6	1610
921.060085	6	1612
953.651905	6	1614
753.632307	6	1626
775.983095	6	1625
866.015195	6	1621
1132.63392	6	1608
755.940914	6	1629
975.341081	6	1618
969.088315	6	1619
928.434133	6	1622
685.922384	6	1637
881.664037	6	1627
841.845273	6	1630
975.502967	6	1623
975.141048	6	1624
715.446949	6	1640
1177.17742	6	1615
671.801090	6	1651
955.246925	6	1634
778.265714	6	1645
990.706920	6	1632
847.117900	6	1641
835.968017	6	1642
1063.75908	6	1628
880.705833	6	1639
996.754646	6	1633
942.813396	6	1638
755.011558	6	1650
862.372636	6	1644
994.518280	6	1636
825.483560	6	1646
897.437572	6	1643
1104.47835	6	1631
737.345457	6	1654
1071.54488	6	1635
462.265491	6	1670
942.085981	6	1647
930.657386	6	1649
778.958082	6	1659
674.093484	6	1664
847.145080	6	1656
918.518543	6	1653
1019.59419	6	1648
853.730201	6	1657
963.757753	6	1652
859.014511	6	1658
793.215990	6	1661
737.276554	6	1666
691.300630	6	1669
339.892387	6	1684
1032.72533	6	1655
810.813903	6	1667
622.274637	6	1678
930.998086	6	1662
875.984668	6	1665
849.277019	6	1668
958.372592	6	1663
759.461641	6	1673
777.856349	6	1672
732.831478	6	1675
1094.45810	6	1660
513.810873	6	1685
832.771778	6	1674
915.076494	6	1671
835.254430	6	1677
855.504989	6	1676
595.999717	6	1690
819.125413	6	1679
743.302822	6	1683
799.921751	6	1680
792.351245	6	1681
663.677215	6	1688
565.658807	6	1695
823.259353	6	1682
412.767171	6	1704
611.249208	6	1694
771.743297	6	1686
515.286684	6	1701
782.577037	6	1687
744.004249	6	1689
697.748184	6	1692
681.244611	6	1693
601.820945	6	1699
679.484844	6	1697
741.583585	6	1696
857.693433	6	1691
679.400205	6	1702
649.447917	6	1705
556.773185	6	1711
828.721046	6	1698
549.262762	6	1713
657.164812	6	1709
697.437524	6	1707
378.929376	6	1725
844.678640	6	1700
620.807886	6	1714
770.593881	6	1706
351.383447	6	1731
788.413286	6	1708
630.769729	6	1717
727.694034	6	1712
896.413564	6	1703
670.983314	6	1716
735.659599	6	1715
567.590236	6	1726
379.180431	6	1736
639.390707	6	1722
894.743442	6	1710
709.012269	6	1720
695.906400	6	1723
779.941558	6	1719
804.279565	6	1718
645.840406	6	1729
363.053560	6	1745
493.922472	6	1738
819.943666	6	1721
816.797494	6	1724
687.390089	6	1732
668.439149	6	1733
804.629802	6	1727
680.186271	6	1734
806.959390	6	1728
782.138109	6	1730
589.968204	6	1741
653.893232	6	1740
547.961473	6	1746
639.465093	6	1743
704.343557	6	1739
457.748889	6	1753
578.951120	6	1748
660.870552	6	1744
808.470010	6	1737
672.049760	6	1747
632.414340	6	1750
555.821895	6	1756
390.682220	6	1766
672.434568	6	1751
668.767452	6	1752
1001.44100	6	1735
901.555776	6	1742
791.425943	6	1749
490.830421	6	1765
605.433940	6	1760
667.447090	6	1757
513.712167	6	1768
764.427423	6	1755
628.962755	6	1763
578.052043	6	1767
676.507472	6	1762
767.542123	6	1758
441.606521	6	1777
923.324584	6	1754
594.792127	6	1772
835.453510	6	1759
585.667848	6	1773
823.726892	6	1761
661.499738	6	1771
591.750621	6	1776
727.560043	6	1770
642.256498	6	1775
561.458110	6	1780
767.257213	6	1769
472.772359	6	1785
495.016336	6	1787
625.177860	6	1781
415.871620	6	1793
307.890176	6	1800
612.856864	6	1783
971.215963	6	1764
638.494253	6	1782
546.412467	6	1788
736.975193	6	1778
815.387725	6	1774
601.834535	6	1786
636.854887	6	1784
515.064954	6	1792
467.190742	6	1795
458.386659	6	1796
436.151266	6	1798
561.497449	6	1791
461.568832	6	1797
585.540533	6	1790
601.889610	6	1789
783.133983	6	1779
437.984228	6	1799
524.908065	6	1794
avg:  784.1338735156589
std:  241.46198815885407
p95:  1116.607940196991
p99:  1228.0861687660217
com:  53.07860710687572
thg:  2653.9303553437862
que:  666.9115644031101
los:  0.0
**********************
