[15 21 19 ... 18 19 10]
95.9215164	6	1
125.375032	6	2
132.949113	6	4
157.089233	6	3
162.635803	6	5
144.572973	6	7
162.451505	6	6
146.259784	6	8
137.953519	6	9
139.766216	6	10
167.510747	6	11
139.712333	6	13
121.630430	6	14
198.490381	6	12
126.139163	6	16
162.035942	6	15
143.061637	6	17
130.737304	6	19
133.868217	6	20
180.521249	6	18
151.354312	6	21
127.329587	6	23
99.7147560	6	25
153.619527	6	22
129.444360	6	24
avg:  142.8057861328125
std:  22.41405667579417
p95:  177.91914939880368
p99:  194.17778968811032
com:  0.3137471583516924
thg:  15.687357917584622
que:  46.88426971435547
los:  98.71794871794872
**********************
