[ 7 12  8 ... 12  9  9]
87.4192714	6	1
85.5119228	6	2
86.9374275	6	3
85.9858989	6	4
85.3729248	6	5
86.5089893	6	6
85.3934288	6	7
86.0991477	6	8
77.4490833	6	9
83.1532478	6	10
80.4169178	6	11
80.6319713	6	12
79.7755718	6	13
81.0863971	6	14
81.3627243	6	15
78.4318447	6	16
80.5397033	6	17
77.5175094	6	18
77.6414871	6	19
78.9065361	6	20
78.7727832	6	21
231.389045	16	22
230.963706	16	23
232.214927	16	24
230.314493	16	26
245.687723	16	25
234.036445	16	27
229.225635	16	28
232.710123	16	29
229.400396	16	33
276.138782	16	31
242.200136	16	35
288.461923	16	32
245.462656	16	37
88.0420207	6	51
283.263921	16	34
87.5213146	6	52
278.482913	16	36
87.9769325	6	53
86.1320495	6	54
277.060270	16	38
87.2302055	6	55
288.177490	16	39
279.194593	16	40
85.9231948	6	56
271.050691	16	41
86.1303806	6	57
79.0109634	6	58
254.931688	16	44
85.6339931	6	59
303.282022	16	42
83.6167335	6	60
272.421836	16	45
79.3437957	6	61
302.434682	16	43
78.4337520	6	62
77.5184631	6	63
295.824289	16	46
271.875619	16	48
470.903873	16	30
285.679817	16	47
84.6469402	6	64
77.8722763	6	65
278.095483	16	49
83.8358402	6	66
80.5790424	6	67
79.1459083	6	68
298.333644	16	50
80.2576541	6	69
80.5861949	6	70
83.4627151	6	71
76.8692493	6	72
80.1832675	6	73
84.3036174	6	74
78.9072513	6	75
85.1438045	6	76
77.4822235	6	77
78.7916183	6	78
83.6260318	6	79
80.5308818	6	80
79.5543193	6	81
77.5299072	6	82
81.7897319	6	83
84.3439102	6	84
80.6841850	6	85
80.0104141	6	86
77.5525569	6	87
78.5801410	6	88
79.1735649	6	89
78.7649154	6	90
77.6355266	6	91
85.3109359	6	92
77.5568485	6	93
78.1500339	6	94
79.1563987	6	95
80.4915428	6	96
81.2394618	6	97
79.5333385	6	98
80.6920528	6	99
84.8140716	6	100
80.9662342	6	101
80.9440612	6	102
78.8431167	6	103
77.9442787	6	104
77.7490139	6	105
78.9012908	6	106
79.3473720	6	107
84.7902297	6	108
78.1984329	6	109
78.8025856	6	110
79.0007114	6	111
80.1210403	6	112
230.531454	16	113
229.348182	16	114
229.861974	16	115
230.834722	16	116
230.674028	16	117
231.622695	16	120
237.165212	16	121
231.272459	16	122
264.178276	16	119
233.967304	16	124
237.873315	16	126
264.919757	16	125
264.727592	16	127
263.717889	16	128
305.002212	16	131
390.249252	16	123
297.593355	16	133
273.861408	16	137
263.088226	16	141
292.251110	16	139
340.775728	16	135
330.591678	16	136
309.600591	16	140
329.720973	16	144
612.604379	16	118
319.208860	16	145
321.738481	16	148
497.603416	16	134
343.744754	16	151
305.340051	16	154
319.954633	16	153
91.1889076	6	171
608.235597	16	129
90.2166366	6	172
298.515558	16	157
485.066413	16	142
619.145631	16	130
91.4454460	6	173
604.943513	16	132
332.814931	16	155
92.8955078	6	174
88.9399051	6	175
303.807497	16	159
437.297344	16	149
88.4077548	6	176
279.398441	16	162
414.334535	16	152
89.9224281	6	177
307.719469	16	161
89.1404151	6	178
333.359479	16	160
383.778333	16	156
84.2180252	6	179
84.9723815	6	180
81.1114311	6	181
84.9406719	6	182
85.0548744	6	183
559.824228	16	147
348.639011	16	164
80.7440280	6	184
344.432115	16	165
320.697784	16	167
311.846494	16	168
87.3436927	6	185
81.1171531	6	186
608.811140	16	146
705.713272	16	138
359.566211	16	166
83.2202434	6	187
479.662895	16	158
81.4607143	6	188
681.772470	16	143
83.3904743	6	189
82.3194980	6	190
451.527118	16	163
617.828607	16	150
83.0321311	6	191
77.6576995	6	192
380.234956	16	170
82.1480751	6	193
404.393434	16	169
84.5580101	6	194
78.4640312	6	195
82.8838348	6	196
80.4796218	6	197
79.9267292	6	198
79.4858932	6	199
80.8124542	6	200
76.7421722	6	201
77.5506496	6	202
79.9267292	6	203
77.6863098	6	204
78.5646438	6	205
79.5197486	6	206
79.5104503	6	207
79.1947841	6	208
81.1443328	6	209
80.9195041	6	210
78.8662433	6	211
79.9543857	6	212
80.3284645	6	213
79.4339179	6	214
82.1361541	6	215
80.7685852	6	216
140.174150	6	217
108.948945	6	220
98.7656116	6	221
77.5868892	6	223
88.6669158	6	222
119.508028	6	219
129.779815	6	218
83.7917327	6	224
80.6517601	6	225
83.4555625	6	226
84.3744277	6	227
83.2314491	6	228
231.822490	16	230
233.005285	16	231
259.928226	16	229
229.389429	16	232
233.522891	16	234
235.576868	16	235
234.259605	16	237
246.403455	16	236
236.411809	16	238
235.342502	16	239
234.362840	16	240
246.827363	16	241
270.835876	16	244
292.768478	16	246
257.266759	16	252
288.546323	16	250
280.089855	16	251
280.727863	16	254
286.311388	16	256
251.637458	16	260
282.650470	16	258
560.086727	16	233
302.608489	16	259
396.805524	16	253
382.757902	16	255
89.3821716	6	282
302.947282	16	264
496.073484	16	248
87.8536701	6	283
566.124916	16	242
85.7269763	6	284
86.5638256	6	285
86.8184566	6	286
83.4734439	6	287
86.2870216	6	288
262.496471	16	272
390.101194	16	262
320.123910	16	268
591.495752	16	245
614.467859	16	243
85.8128070	6	289
83.7600231	6	290
81.4104080	6	291
380.894422	16	265
317.197084	16	270
79.2372226	6	292
581.633329	16	249
78.1722068	6	293
287.128448	16	274
79.3015956	6	294
361.724853	16	269
439.795255	16	263
80.0077915	6	295
414.437532	16	266
275.113821	16	278
642.094850	16	247
301.892518	16	276
81.0687541	6	296
362.142324	16	271
78.9234638	6	297
281.849384	16	279
424.302816	16	267
81.5846920	6	298
290.695667	16	280
80.6126594	6	299
78.2418251	6	300
377.979993	16	273
77.6069164	6	301
542.391777	16	261
84.9370956	6	302
607.264757	16	257
80.5342197	6	303
328.155517	16	281
394.378423	16	275
79.1659355	6	304
78.9325237	6	305
78.9771080	6	306
79.0486335	6	307
415.884733	16	277
78.1240463	6	308
81.1800956	6	309
83.8346481	6	310
81.1560153	6	311
79.6656608	6	312
78.6828994	6	313
80.9304714	6	314
79.7975063	6	315
79.9076557	6	316
78.8679122	6	317
76.8241882	6	318
78.2952308	6	319
79.9129009	6	320
79.3824195	6	321
79.1351795	6	322
79.7841548	6	323
78.4885883	6	324
81.4564228	6	325
80.9800624	6	326
83.4755897	6	327
79.7231197	6	328
81.2957286	6	329
79.2551040	6	330
79.0126323	6	331
81.9914340	6	332
79.2076587	6	333
78.3746242	6	334
78.0503749	6	335
79.9226760	6	336
79.3538093	6	337
81.4363956	6	338
81.4938545	6	339
84.5658779	6	340
82.6959609	6	341
81.0503959	6	342
82.1962356	6	343
79.9093246	6	344
85.1364135	6	345
78.8071155	6	346
82.9899311	6	347
79.6325206	6	348
231.865406	16	349
233.200550	16	350
242.017984	16	352
232.227563	16	355
234.205007	16	356
231.052875	16	357
232.398986	16	358
308.979034	16	351
277.894735	16	354
240.680456	16	359
232.300519	16	362
237.583398	16	363
261.721372	16	361
251.738309	16	368
299.779176	16	364
281.540870	16	366
255.681276	16	370
295.035839	16	369
278.650999	16	372
255.241632	16	377
307.754278	16	375
269.833564	16	378
571.886301	16	353
325.251579	16	376
393.110990	16	371
255.765438	16	382
546.883821	16	360
280.030727	16	383
314.078807	16	381
361.686706	16	379
255.061626	16	388
332.319974	16	384
279.337882	16	389
251.494169	16	392
579.440832	16	367
617.744207	16	365
86.4510536	6	411
84.9893093	6	412
248.615026	16	397
86.4591598	6	413
344.081401	16	390
86.6594314	6	414
85.9060287	6	415
85.7720375	6	416
315.913677	16	395
285.300016	16	398
85.9587192	6	417
84.7706794	6	418
608.474016	16	374
78.6063671	6	419
633.792400	16	373
79.3678760	6	420
78.2053470	6	421
325.560092	16	399
392.957210	16	393
294.393301	16	402
83.6977958	6	422
577.536582	16	380
297.410249	16	403
78.8073539	6	423
396.403312	16	394
379.139900	16	396
440.756797	16	391
77.8944492	6	424
345.551967	16	400
78.1183242	6	425
78.2263278	6	426
362.659454	16	401
276.473522	16	409
81.3415050	6	427
77.2235393	6	428
346.545219	16	404
83.3668708	6	429
79.9429416	6	430
329.370498	16	408
82.9761028	6	431
613.518476	16	385
589.663743	16	387
81.3908576	6	432
81.4273357	6	433
394.200325	16	405
377.520561	16	407
80.8625221	6	434
79.3337821	6	435
364.395856	16	410
79.8630714	6	436
655.105113	16	386
77.8617858	6	437
80.1084041	6	438
439.423084	16	406
78.1931877	6	439
79.3123245	6	440
79.3502330	6	441
80.6555747	6	442
79.7994136	6	443
77.8434276	6	444
78.3197879	6	445
79.7290802	6	446
79.3902873	6	447
78.8812637	6	448
78.5892009	6	449
80.9144973	6	450
80.1863670	6	451
80.2690982	6	452
80.6479454	6	453
79.6043872	6	454
80.6849002	6	455
79.4670581	6	456
80.0223350	6	457
78.8872241	6	458
79.7581672	6	459
80.0752639	6	460
78.4308910	6	461
79.8242092	6	462
78.8302421	6	463
79.5335769	6	464
78.5753726	6	465
80.3377628	6	466
79.1649818	6	467
78.9661407	6	468
80.1358222	6	469
80.0859928	6	470
79.5266628	6	471
79.6563625	6	472
80.4312229	6	473
78.6302089	6	474
79.6484947	6	475
80.1439285	6	476
79.4320106	6	477
79.6477794	6	478
230.592727	16	479
231.153011	16	480
235.544204	16	481
231.272697	16	483
232.264757	16	484
229.633331	16	485
284.377813	16	482
228.579044	16	489
228.575468	16	490
261.616468	16	487
273.937225	16	486
229.861259	16	492
246.341705	16	493
243.466854	16	495
298.344135	16	497
293.519020	16	498
246.604204	16	505
260.351419	16	504
337.541580	16	499
455.133676	16	491
534.291982	16	488
277.755260	16	512
279.610633	16	513
260.089159	16	515
339.578151	16	509
450.530290	16	503
507.969856	16	500
588.496446	16	494
268.291234	16	524
604.714632	16	496
482.319831	16	506
553.273200	16	501
341.351509	16	520
287.522077	16	525
84.5794677	6	544
85.6420993	6	545
85.3416919	6	546
505.707740	16	508
318.551301	16	526
87.4671936	6	547
84.7446918	6	548
398.602008	16	521
89.0398025	6	549
424.578428	16	519
87.2001647	6	550
279.135465	16	533
341.034173	16	528
525.824308	16	511
85.0505828	6	551
79.2238712	6	552
79.3788433	6	553
557.644367	16	510
86.1480236	6	554
609.836578	16	507
80.5373191	6	555
358.454704	16	531
80.8427333	6	556
508.370876	16	518
683.563232	16	502
323.620080	16	535
358.712434	16	532
78.4325599	6	557
391.524076	16	530
77.6400566	6	558
487.682819	16	522
80.9843540	6	559
446.060180	16	527
424.503803	16	529
80.9831619	6	560
338.457345	16	538
82.9434394	6	561
514.136314	16	523
80.2760124	6	562
81.6371440	6	563
603.540420	16	517
81.4769268	6	564
642.324447	16	514
355.846405	16	540
82.9463005	6	565
634.319782	16	516
404.799222	16	537
81.1915397	6	566
444.430828	16	534
79.8382759	6	567
434.773445	16	536
78.7706375	6	568
78.7823200	6	569
423.319578	16	539
401.972532	16	541
80.9082984	6	570
79.3657302	6	571
79.7665119	6	572
79.2863368	6	573
79.6482563	6	574
80.1551342	6	575
80.6488990	6	576
86.5185260	6	577
84.9094390	6	578
80.7108879	6	579
491.215467	16	542
80.3344249	6	580
80.7194709	6	581
79.7841548	6	582
511.303901	16	543
78.5179138	6	583
78.2632827	6	584
84.4557285	6	585
80.5113315	6	586
78.5155296	6	587
78.5183906	6	588
78.9811611	6	589
79.4405937	6	590
84.2418670	6	591
80.5988311	6	592
77.8596401	6	593
79.8187255	6	594
81.6650390	6	595
80.9948444	6	596
81.0651779	6	597
79.5476436	6	598
77.2061347	6	599
78.4671306	6	600
80.5332660	6	601
79.9870491	6	602
78.5994529	6	603
78.5272121	6	604
78.9484977	6	605
79.0750980	6	606
79.7801017	6	607
79.9639225	6	608
78.6774158	6	609
78.9687633	6	610
79.1313648	6	611
83.0199718	6	612
79.3662071	6	613
78.9277553	6	614
79.4248580	6	615
79.7619819	6	616
80.0719261	6	617
80.6710720	6	618
81.4204216	6	619
76.9670009	6	620
81.5935134	6	621
80.3289413	6	622
233.511686	16	624
229.326725	16	627
230.229854	16	628
288.481473	16	623
230.990648	16	629
264.080047	16	626
228.814363	16	630
299.457073	16	625
246.401071	16	631
238.669872	16	632
227.627277	16	634
230.390548	16	635
233.219861	16	636
235.215663	16	637
259.446859	16	638
285.616874	16	640
303.780317	16	641
247.137546	16	649
247.816562	16	650
290.875911	16	648
270.059108	16	651
246.220588	16	654
260.835170	16	656
532.809734	16	633
484.648227	16	642
426.030397	16	647
372.715711	16	653
296.399831	16	660
470.439434	16	652
85.7570171	6	687
84.4001770	6	688
568.543910	16	645
312.731742	16	669
86.5876674	6	689
603.843927	16	643
327.307939	16	668
261.332511	16	674
661.203384	16	639
84.3412876	6	690
297.900438	16	672
86.8394374	6	691
592.798471	16	646
624.441862	16	644
407.595634	16	664
88.5562896	6	692
84.6285820	6	693
87.5787734	6	694
292.340278	16	676
446.055412	16	663
81.8939208	6	695
428.415298	16	665
377.247095	16	670
81.4695358	6	696
80.1336765	6	697
391.185522	16	671
80.4274082	6	698
550.754308	16	657
80.6040763	6	699
79.0719985	6	700
346.583366	16	677
80.8825492	6	701
405.369281	16	673
331.422567	16	680
613.262176	16	655
80.7833671	6	702
480.345964	16	667
391.320705	16	675
551.918983	16	661
81.8932056	6	703
80.6725025	6	704
564.937353	16	662
80.4011821	6	705
80.2493095	6	706
359.382629	16	682
375.880956	16	681
80.8484554	6	707
633.780479	16	659
80.9361934	6	708
81.4607143	6	709
81.9680690	6	710
671.543836	16	658
447.443723	16	678
79.7829627	6	711
79.3819427	6	712
458.170175	16	679
79.7443389	6	713
417.092323	16	684
80.1522731	6	714
433.945655	16	683
628.776073	16	666
413.237571	16	685
78.7942409	6	715
79.3571472	6	716
422.435045	16	686
78.9866447	6	717
86.1880779	6	718
79.4422626	6	719
79.3995857	6	720
83.1925868	6	721
78.7103176	6	722
80.4116725	6	723
79.6637535	6	724
85.7434272	6	725
83.6155414	6	726
80.2338123	6	727
80.8579921	6	728
81.0205936	6	729
80.7676315	6	730
81.5312862	6	731
80.6095600	6	732
80.4913043	6	733
78.4850120	6	734
78.6809921	6	735
78.3431529	6	736
79.3366432	6	737
77.8579711	6	738
77.2345066	6	739
78.4869194	6	740
78.2911777	6	741
80.4395675	6	742
80.2869796	6	743
79.3056488	6	744
79.4079303	6	745
81.8128585	6	746
79.5779228	6	747
80.2335739	6	748
79.4334411	6	749
79.9500942	6	750
78.8109302	6	751
79.3850421	6	752
79.2989730	6	753
78.3383846	6	754
79.1637897	6	755
79.3976783	6	756
232.208728	16	758
260.049581	16	757
230.922937	16	760
228.847026	16	762
229.483842	16	763
279.779911	16	761
230.601072	16	766
310.887813	16	759
229.594707	16	767
250.789403	16	765
234.962701	16	768
228.424787	16	769
290.479898	16	764
236.384391	16	770
245.537996	16	772
260.799407	16	771
290.130853	16	773
283.403396	16	776
273.709297	16	780
358.890533	16	774
293.580055	16	783
254.655838	16	787
271.276950	16	786
267.559289	16	792
297.450780	16	790
480.124950	16	775
400.374412	16	784
279.875993	16	796
316.026687	16	793
411.969900	16	785
561.115026	16	778
370.787382	16	798
449.527978	16	791
417.881727	16	794
316.962957	16	806
601.374626	16	782
281.799554	16	811
273.521661	16	812
552.880287	16	788
664.915084	16	779
84.2418670	6	830
482.412099	16	795
87.7470970	6	831
708.165884	16	777
337.157249	16	810
86.2307548	6	832
83.7593078	6	833
374.276161	16	808
86.7109298	6	834
332.300186	16	813
400.528669	16	807
311.727523	16	815
700.171947	16	781
85.7810974	6	835
500.046253	16	799
614.774227	16	789
84.1755867	6	836
527.445077	16	797
86.4732265	6	837
457.658767	16	805
82.2906494	6	838
77.8489112	6	839
85.3824615	6	840
80.8370113	6	841
538.738489	16	801
80.1999568	6	842
566.329240	16	800
388.899087	16	816
81.6898345	6	843
80.0433158	6	844
360.979795	16	820
77.1052837	6	845
395.175457	16	818
81.2945365	6	846
452.995300	16	814
81.5808773	6	847
605.314731	16	802
82.1158885	6	848
597.875595	16	803
342.805862	16	826
80.4340839	6	849
81.4940929	6	850
391.615152	16	823
80.6884765	6	851
80.6367397	6	852
358.139991	16	828
428.166389	16	822
634.567975	16	804
410.911083	16	824
80.7077884	6	853
591.303348	16	809
387.720108	16	827
80.7707309	6	854
79.2682170	6	855
500.376462	16	819
84.7306251	6	856
530.824899	16	817
79.1301727	6	857
81.3407897	6	858
459.212779	16	825
413.097858	16	829
80.7998180	6	859
80.7425975	6	860
78.8357257	6	861
531.383037	16	821
79.9496173	6	862
80.8713436	6	863
76.8768787	6	864
80.6951522	6	865
79.0991783	6	866
78.8130760	6	867
79.7176361	6	868
85.0582122	6	869
80.0302028	6	870
78.2530307	6	871
80.2910327	6	872
78.2525539	6	873
78.3579349	6	874
78.4041881	6	875
79.0584087	6	876
84.7127437	6	877
78.2313346	6	878
79.6210765	6	879
78.1736373	6	880
80.5723667	6	881
79.9303054	6	882
79.4777870	6	883
79.6771049	6	884
85.8018398	6	885
79.7116756	6	886
79.8044204	6	887
80.1963806	6	888
79.4081687	6	889
78.8447856	6	890
79.4050693	6	891
79.0438652	6	892
84.0096473	6	893
80.7588100	6	894
79.4320106	6	895
79.0688991	6	896
79.8439979	6	897
80.4414749	6	898
79.7667503	6	899
79.4315338	6	900
76.7467021	6	901
78.5927772	6	902
79.6089172	6	903
79.7941684	6	904
78.2675743	6	905
79.0529251	6	906
230.608224	16	908
254.441261	16	907
231.245279	16	910
230.007648	16	912
235.332727	16	913
232.057571	16	914
229.547023	16	915
229.905128	16	917
295.332670	16	911
286.563158	16	916
248.713493	16	920
246.519565	16	921
259.099721	16	922
305.557250	16	918
284.319639	16	923
268.287420	16	926
247.895717	16	930
306.159734	16	927
534.107685	16	909
282.088518	16	933
236.626148	16	937
317.462444	16	932
289.443492	16	935
89.8294448	6	954
320.622920	16	936
274.448156	16	940
421.949863	16	928
91.2735462	6	955
281.514644	16	941
93.7738418	6	956
370.444297	16	934
83.5254192	6	957
415.457487	16	931
88.1273746	6	958
287.209272	16	943
566.188573	16	919
86.1680507	6	959
341.857910	16	939
88.4492397	6	960
366.927623	16	938
276.849269	16	946
88.5837078	6	961
83.8432312	6	962
346.249103	16	942
81.6993713	6	963
252.183437	16	950
83.3160877	6	964
86.2269401	6	965
596.775293	16	924
361.891984	16	944
589.933633	16	925
84.2955112	6	966
354.777336	16	945
78.1662464	6	967
333.618640	16	947
260.152578	16	953
79.2531967	6	968
574.460506	16	929
82.4408531	6	969
300.629615	16	952
80.8303356	6	970
347.171068	16	949
85.6382846	6	971
82.6125144	6	972
387.215375	16	948
79.0584087	6	973
79.0615081	6	974
79.7760486	6	975
385.064125	16	951
82.9465389	6	976
80.9392929	6	977
83.7767124	6	978
80.3229808	6	979
80.1379680	6	980
85.4578018	6	981
81.3779830	6	982
80.6751251	6	983
80.6069374	6	984
80.7697772	6	985
81.3648700	6	986
82.6671123	6	987
80.6357860	6	988
77.8918266	6	989
79.5578956	6	990
80.7673931	6	991
81.5737247	6	992
81.5405845	6	993
80.2919864	6	994
81.6242694	6	995
81.0871124	6	996
81.5045833	6	997
86.0362052	6	998
82.2687149	6	999
82.0367336	6	1000
83.1534862	6	1001
83.0295085	6	1002
81.1934471	6	1003
81.8350315	6	1004
80.1935195	6	1005
79.3671607	6	1006
82.1142196	6	1007
81.4437866	6	1008
81.0656547	6	1009
80.6334018	6	1010
80.5051326	6	1011
229.764223	16	1012
230.319499	16	1013
234.571695	16	1014
229.722976	16	1015
229.598760	16	1017
231.592416	16	1019
231.424331	16	1020
230.223655	16	1021
235.494375	16	1025
259.795427	16	1023
249.141454	16	1027
267.917871	16	1026
419.528961	16	1018
331.643819	16	1028
250.863075	16	1037
250.160694	16	1039
339.637994	16	1031
265.257835	16	1038
258.416652	16	1040
86.0624313	6	1056
86.5652561	6	1057
83.0752849	6	1058
547.254085	16	1016
85.1256847	6	1059
92.1602249	6	1060
83.3737850	6	1061
308.529376	16	1041
86.9812965	6	1062
297.908782	16	1043
522.392034	16	1022
85.4573249	6	1063
77.8155326	6	1064
513.954162	16	1024
302.412748	16	1044
389.707326	16	1036
77.8257846	6	1065
79.6430110	6	1066
299.316167	16	1047
79.5824527	6	1067
360.029458	16	1042
318.178176	16	1046
77.2950649	6	1068
332.884788	16	1045
84.0167999	6	1069
78.3040523	6	1070
77.9762268	6	1071
82.4055671	6	1072
521.950721	16	1032
353.348970	16	1048
79.8783302	6	1073
506.619930	16	1034
80.4522037	6	1074
336.134910	16	1051
326.696157	16	1052
568.641662	16	1030
354.414701	16	1050
82.9896926	6	1075
81.1009407	6	1076
552.794218	16	1033
339.186191	16	1053
77.8295993	6	1077
340.634346	16	1054
80.8408260	6	1078
622.068881	16	1029
409.685373	16	1049
80.7471275	6	1079
80.9316635	6	1080
80.8708667	6	1081
79.4286727	6	1082
78.2990455	6	1083
77.9280662	6	1084
615.566968	16	1035
400.406837	16	1055
79.7634124	6	1085
79.5185565	6	1086
79.6272754	6	1087
78.0785083	6	1088
77.9616832	6	1089
81.1209678	6	1090
80.4443359	6	1091
78.9163112	6	1092
80.2769660	6	1093
79.3755054	6	1094
80.0063610	6	1095
79.9148082	6	1096
83.7354660	6	1097
79.6675682	6	1098
79.9112319	6	1099
79.3302059	6	1100
79.7770023	6	1101
80.1677703	6	1102
78.1571865	6	1103
79.1041851	6	1104
76.6024589	6	1105
78.2322883	6	1106
79.0593624	6	1107
78.1390666	6	1108
78.9062976	6	1109
86.1129760	6	1110
230.468034	16	1111
230.165481	16	1112
245.622634	16	1113
235.934734	16	1115
245.524406	16	1117
235.243797	16	1118
237.160205	16	1120
308.875322	16	1114
236.521959	16	1121
269.477605	16	1119
231.417417	16	1123
247.219562	16	1122
242.161273	16	1126
289.656162	16	1124
251.530170	16	1129
259.875059	16	1132
291.013002	16	1131
304.906129	16	1130
338.064670	16	1127
88.6490345	6	1152
506.267547	16	1116
87.3165130	6	1153
251.103878	16	1140
278.641700	16	1138
348.169088	16	1133
93.6479568	6	1154
314.382553	16	1136
89.1354084	6	1155
292.064905	16	1139
343.458414	16	1135
87.5258445	6	1156
256.387233	16	1143
85.2439403	6	1157
348.870277	16	1137
387.606382	16	1134
90.1215076	6	1158
82.5827121	6	1159
312.960863	16	1141
84.0468406	6	1160
83.6768150	6	1161
82.5304985	6	1162
337.146282	16	1142
258.234500	16	1149
86.5826606	6	1163
308.089256	16	1146
79.2005062	6	1164
334.822416	16	1144
83.1727981	6	1165
279.021739	16	1150
570.699214	16	1125
320.172548	16	1147
81.9690227	6	1166
551.809549	16	1128
358.878850	16	1145
81.4762115	6	1167
335.537195	16	1148
82.7934741	6	1168
85.1626396	6	1169
317.211627	16	1151
79.5583724	6	1170
82.7300548	6	1171
77.6057243	6	1172
78.5794258	6	1173
79.9095630	6	1174
77.6305198	6	1175
87.0659351	6	1176
81.3024044	6	1177
83.3656787	6	1178
79.1592597	6	1179
79.2090892	6	1180
85.4310989	6	1181
81.0027122	6	1182
81.7198753	6	1183
77.3234367	6	1184
81.5360546	6	1185
79.4322490	6	1186
81.7532539	6	1187
82.2257995	6	1188
78.3851146	6	1189
81.3970565	6	1190
79.7109603	6	1191
83.4341049	6	1205
229.360818	16	1192
85.2305889	6	1206
227.906227	16	1193
83.2202434	6	1207
228.903055	16	1194
86.9004726	6	1208
229.296684	16	1195
86.1272811	6	1209
228.091478	16	1196
85.9935283	6	1210
228.475332	16	1197
84.8386287	6	1211
229.743480	16	1198
86.1403942	6	1212
227.781057	16	1199
78.2077312	6	1213
77.4466991	6	1214
228.229761	16	1200
228.651285	16	1201
78.6254405	6	1215
77.1887302	6	1216
228.953123	16	1202
227.660655	16	1203
77.7308940	6	1217
228.742361	16	1204
86.5430831	6	1218
78.4661769	6	1219
77.3167610	6	1220
80.4121494	6	1221
85.1063728	6	1222
79.8635482	6	1223
80.9452533	6	1224
82.3543071	6	1225
84.6452713	6	1226
79.6706676	6	1227
81.2017917	6	1228
83.4171772	6	1229
80.8093547	6	1230
80.3914070	6	1231
81.0072422	6	1232
229.433774	16	1234
229.505777	16	1236
262.037754	16	1233
245.130777	16	1238
228.881120	16	1240
228.604078	16	1241
277.323484	16	1237
228.995561	16	1242
228.945016	16	1243
316.207408	16	1235
228.843927	16	1244
283.849000	16	1239
85.9799385	6	1259
236.988067	16	1245
232.816219	16	1246
85.3776931	6	1260
83.9672088	6	1261
83.5461616	6	1262
252.401828	16	1247
246.604204	16	1248
86.3158702	6	1263
82.9565525	6	1264
85.6225490	6	1265
86.1723423	6	1266
77.4819850	6	1267
77.6801109	6	1268
278.553247	16	1250
81.2377929	6	1269
268.151521	16	1252
80.1105499	6	1270
309.000730	16	1249
287.944316	16	1251
77.9187679	6	1271
276.407480	16	1254
79.8540115	6	1272
77.5184631	6	1273
299.024105	16	1253
77.0096778	6	1274
277.426481	16	1256
263.803005	16	1258
80.5323123	6	1275
276.590585	16	1257
80.3282260	6	1276
86.0784053	6	1277
331.055164	16	1255
82.4878215	6	1278
79.9992084	6	1279
80.2447795	6	1280
79.8690319	6	1281
80.5768966	6	1282
79.0553092	6	1283
79.3406963	6	1284
85.7071876	6	1285
80.5158615	6	1286
78.2191753	6	1287
79.7455310	6	1288
83.1980705	6	1289
82.3166370	6	1290
79.7696113	6	1291
79.7805786	6	1292
84.9733352	6	1293
80.3322792	6	1294
81.0155868	6	1295
231.208562	16	1296
237.969636	16	1297
230.473518	16	1298
233.980417	16	1299
241.048336	16	1301
240.867137	16	1302
232.105731	16	1303
229.933023	16	1304
230.918645	16	1306
314.766407	16	1300
242.269515	16	1307
233.004570	16	1308
243.068933	16	1309
90.2314186	6	1324
304.708242	16	1305
86.5318775	6	1325
269.696712	16	1310
266.052246	16	1311
90.0115966	6	1326
86.7424011	6	1327
275.072813	16	1312
84.9087238	6	1328
85.1156711	6	1329
288.194417	16	1313
282.088041	16	1314
88.6561870	6	1330
81.7844867	6	1331
271.188259	16	1316
81.1481475	6	1332
78.6137580	6	1333
278.768777	16	1317
276.456594	16	1318
312.672853	16	1315
79.0982246	6	1334
266.016006	16	1319
80.0945758	6	1335
260.523080	16	1321
77.8439044	6	1336
253.498554	16	1323
265.194892	16	1322
85.3226184	6	1337
80.2829265	6	1338
308.511257	16	1320
84.7015380	6	1339
78.5014629	6	1340
77.6574611	6	1341
82.4480056	6	1342
77.7688026	6	1343
83.0228328	6	1344
77.9597759	6	1345
84.3713283	6	1346
83.4138393	6	1347
80.1460742	6	1348
78.4718990	6	1349
82.9246044	6	1350
80.6055068	6	1351
84.3603610	6	1352
80.4772377	6	1353
238.507509	16	1354
231.975793	16	1355
228.462934	16	1357
229.058027	16	1358
229.399681	16	1361
255.698919	16	1360
234.768867	16	1367
278.811931	16	1364
261.939287	16	1366
280.777931	16	1365
254.206895	16	1370
86.5788459	6	1386
272.012948	16	1369
284.464359	16	1368
85.4120254	6	1387
85.2956771	6	1388
269.979715	16	1371
85.7253074	6	1389
85.1569175	6	1390
263.774871	16	1374
87.8899097	6	1391
83.3053588	6	1392
270.675182	16	1375
295.533657	16	1373
306.699752	16	1372
84.1131210	6	1393
486.069679	16	1356
78.0532360	6	1394
77.8601169	6	1395
271.147966	16	1378
294.703960	16	1376
79.0085792	6	1396
293.129444	16	1377
79.0076255	6	1397
78.7363052	6	1398
77.4841308	6	1399
512.331008	16	1359
278.294801	16	1381
291.228532	16	1380
77.6860713	6	1400
77.1148204	6	1401
320.706844	16	1379
79.1933536	6	1402
516.856670	16	1362
80.9071063	6	1403
80.2025794	6	1404
525.170087	16	1363
301.656007	16	1384
312.726736	16	1383
324.022769	16	1382
293.021440	16	1385
79.2875289	6	1405
80.2278518	6	1406
80.3472995	6	1407
80.5859565	6	1408
80.0333023	6	1409
82.3516845	6	1410
83.4281444	6	1411
79.9641609	6	1412
80.6303024	6	1413
80.3861618	6	1414
80.1959037	6	1415
79.5600414	6	1416
78.5117149	6	1417
76.9515037	6	1418
83.7454795	6	1419
80.7144641	6	1420
78.4347057	6	1421
80.6968212	6	1422
78.8702964	6	1423
82.6017856	6	1424
78.9666175	6	1425
78.7315368	6	1426
230.120182	16	1428
229.536056	16	1429
232.249259	16	1431
228.933334	16	1432
228.628396	16	1433
228.271245	16	1434
276.520013	16	1430
230.069398	16	1435
88.1235599	6	1450
229.010343	16	1438
85.2017402	6	1451
244.876623	16	1437
229.074239	16	1439
85.0031375	6	1452
262.552738	16	1436
83.4708213	6	1453
83.5282802	6	1454
236.206293	16	1441
86.1358642	6	1455
252.104759	16	1440
237.101316	16	1442
85.5908393	6	1456
85.9951972	6	1457
77.0623683	6	1458
78.1042575	6	1459
76.9939422	6	1460
77.9027938	6	1461
284.501552	16	1443
251.994132	16	1446
276.575088	16	1444
78.8884162	6	1462
77.2635936	6	1463
283.688306	16	1445
77.0847797	6	1464
485.601663	16	1427
265.395164	16	1448
85.0243568	6	1465
81.3741683	6	1466
268.144845	16	1449
293.419599	16	1447
79.5466899	6	1467
79.4606208	6	1468
79.9059867	6	1469
79.3044567	6	1470
79.6589851	6	1471
80.7616710	6	1472
84.2640399	6	1473
79.1971683	6	1474
80.2531242	6	1475
79.6585083	6	1476
84.4326019	6	1477
79.3340206	6	1478
78.7196159	6	1479
79.8890590	6	1480
77.0440101	6	1481
230.080842	16	1483
261.451959	16	1482
229.225158	16	1486
247.285366	16	1485
234.055995	16	1488
247.295856	16	1487
230.624198	16	1489
299.539327	16	1484
231.132507	16	1491
234.154224	16	1492
283.906221	16	1490
248.845338	16	1494
261.727571	16	1493
230.669975	16	1496
85.6287479	6	1509
87.6917839	6	1510
86.4341259	6	1511
276.380538	16	1495
88.3042812	6	1512
272.738456	16	1497
85.3843688	6	1513
260.802507	16	1499
87.7952575	6	1514
256.828784	16	1501
84.5890045	6	1515
79.1172981	6	1516
305.439472	16	1498
86.7269039	6	1517
296.531438	16	1500
78.4056186	6	1518
277.070999	16	1502
84.5921039	6	1519
247.010946	16	1506
288.897514	16	1503
82.9434394	6	1520
277.780055	16	1505
245.521068	16	1508
83.0242633	6	1521
76.5202045	6	1522
264.227628	16	1507
80.5044174	6	1523
314.767837	16	1504
84.7551822	6	1524
78.0885219	6	1525
81.6824436	6	1526
78.3238410	6	1527
79.2047977	6	1528
78.9892673	6	1529
81.9110870	6	1530
78.7165164	6	1531
85.0300788	6	1532
78.7100791	6	1533
78.9313316	6	1534
80.7173252	6	1535
79.6289443	6	1536
79.4219970	6	1537
77.2850513	6	1538
78.8547992	6	1539
84.8956108	6	1540
81.1753273	6	1541
80.5120468	6	1542
78.9513587	6	1543
79.5798301	6	1544
80.0752639	6	1545
229.093790	16	1546
237.360954	16	1549
232.519865	16	1550
266.349792	16	1548
281.944751	16	1547
230.332851	16	1552
88.3746147	6	1566
232.614278	16	1553
88.1562232	6	1567
233.191251	16	1554
268.568277	16	1551
86.5435600	6	1568
235.615015	16	1555
230.182170	16	1556
85.1356983	6	1569
229.844570	16	1557
86.1756801	6	1570
229.765892	16	1558
87.5325202	6	1571
229.499101	16	1559
86.7280960	6	1572
235.005378	16	1560
87.7285003	6	1573
83.3806991	6	1574
242.387771	16	1561
80.4858207	6	1575
82.6444625	6	1576
81.4046859	6	1577
80.8353424	6	1578
276.222467	16	1562
80.6820392	6	1579
250.185012	16	1565
281.453371	16	1563
83.0235481	6	1580
77.9941082	6	1581
286.041975	16	1564
83.3184719	6	1582
80.5995464	6	1583
80.5761814	6	1584
81.0058116	6	1585
80.0268650	6	1586
82.1061134	6	1587
79.8482894	6	1588
80.7235240	6	1589
85.8380794	6	1590
79.9455642	6	1591
79.6186923	6	1592
82.8418731	6	1593
80.5411338	6	1594
79.0491104	6	1595
229.979991	16	1596
248.394966	16	1597
230.591058	16	1600
230.362415	16	1602
276.082038	16	1598
233.006477	16	1603
231.639862	16	1604
233.392238	16	1605
278.177261	16	1601
235.923767	16	1606
230.741262	16	1608
84.7160816	6	1622
241.484165	16	1609
232.256889	16	1610
87.4326229	6	1623
91.5062427	6	1624
256.521701	16	1611
88.2115364	6	1625
303.923368	16	1607
87.9700183	6	1626
249.264717	16	1614
91.0167694	6	1627
280.895471	16	1612
85.9551429	6	1628
80.9195041	6	1629
250.206470	16	1616
77.9111385	6	1630
297.248125	16	1613
277.030467	16	1615
77.2550106	6	1631
455.320358	16	1599
84.4616889	6	1632
277.662038	16	1617
80.9047222	6	1633
80.5950164	6	1634
255.106449	16	1620
79.4107913	6	1635
284.522294	16	1619
299.155950	16	1618
82.1530818	6	1636
79.6875953	6	1637
277.690887	16	1621
79.9181461	6	1638
81.0649394	6	1639
78.5326957	6	1640
79.0247917	6	1641
79.1935920	6	1642
79.0929794	6	1643
78.2914161	6	1644
79.1921615	6	1645
79.7328948	6	1646
79.7109603	6	1647
79.0810585	6	1648
79.9262523	6	1649
79.6411037	6	1650
230.563402	16	1651
229.468107	16	1653
233.858346	16	1654
230.187654	16	1656
233.814477	16	1657
228.927850	16	1658
231.117486	16	1659
277.858018	16	1655
233.504056	16	1662
229.871749	16	1663
234.664440	16	1664
233.278989	16	1665
286.148071	16	1661
83.3864212	6	1681
250.437736	16	1666
317.422628	16	1660
86.3895416	6	1682
84.6457481	6	1683
85.0076675	6	1684
84.9676132	6	1685
284.239292	16	1667
85.5143070	6	1686
272.641897	16	1669
86.4744186	6	1687
297.589540	16	1668
85.7269763	6	1688
80.7828903	6	1689
493.929147	16	1652
85.1223468	6	1690
294.628143	16	1671
264.392852	16	1674
79.1113376	6	1691
79.2107582	6	1692
323.680162	16	1670
302.382230	16	1672
77.4276256	6	1693
264.106988	16	1676
276.270389	16	1675
300.643205	16	1673
77.3458480	6	1694
77.6367187	6	1695
266.070365	16	1678
280.267000	16	1677
83.3060741	6	1696
81.2122821	6	1697
278.891324	16	1679
80.2614688	6	1698
79.5767307	6	1699
79.6527862	6	1700
79.4827938	6	1701
79.8914432	6	1702
81.0143947	6	1703
330.740690	16	1680
84.9967002	6	1704
77.9922008	6	1705
79.5431137	6	1706
78.2554149	6	1707
79.0588855	6	1708
80.2505016	6	1709
78.8629055	6	1710
79.2965888	6	1711
84.9878787	6	1712
81.3896656	6	1713
81.3913345	6	1714
80.4316997	6	1715
79.4997215	6	1716
80.4774761	6	1717
80.2297592	6	1718
79.9417495	6	1719
84.1495990	6	1720
79.2214870	6	1721
78.0842304	6	1722
79.3151855	6	1723
229.285955	16	1724
229.140996	16	1725
228.417158	16	1726
85.3419303	6	1741
83.4090709	6	1742
230.996370	16	1728
84.9432945	6	1743
233.670949	16	1729
228.091239	16	1730
261.822462	16	1727
89.0085697	6	1744
228.698492	16	1731
85.5655670	6	1745
232.531070	16	1732
85.3075981	6	1746
229.074239	16	1733
86.6622924	6	1747
229.219913	16	1734
85.9601497	6	1748
78.4187316	6	1749
232.044935	16	1735
229.319334	16	1736
82.8738212	6	1750
230.521917	16	1737
82.1907520	6	1751
229.544401	16	1738
82.9212665	6	1752
80.5168151	6	1753
240.085124	16	1739
85.3080749	6	1754
78.8524150	6	1755
255.244255	16	1740
80.7781219	6	1756
77.9783725	6	1757
78.0642032	6	1758
86.9967937	6	1759
81.1486244	6	1760
80.3031921	6	1761
77.8841972	6	1762
80.0678730	6	1763
79.0019035	6	1764
80.6193351	6	1765
229.407787	16	1766
228.229999	16	1768
230.430126	16	1770
229.233264	16	1772
261.422157	16	1769
230.177640	16	1773
85.4787826	6	1788
269.450902	16	1771
244.399547	16	1774
85.7374668	6	1789
239.393472	16	1775
85.1690769	6	1790
228.924989	16	1777
85.7589244	6	1791
251.638650	16	1776
233.042240	16	1778
85.9758853	6	1792
232.876539	16	1779
86.6410732	6	1793
86.5876674	6	1794
86.7826938	6	1795
78.5775184	6	1796
244.447946	16	1781
78.8648128	6	1797
78.8397789	6	1798
279.196739	16	1780
79.7922611	6	1799
265.980720	16	1782
77.9216289	6	1800
254.958629	16	1784
77.3673057	6	1801
76.9999027	6	1802
294.073581	16	1783
465.368509	16	1767
266.438961	16	1786
278.909206	16	1785
84.6521854	6	1803
79.5230865	6	1804
274.485349	16	1787
79.5195102	6	1805
79.7209739	6	1806
80.3658962	6	1807
81.4049243	6	1808
80.7797908	6	1809
80.7216167	6	1810
86.1256122	6	1811
79.2546272	6	1812
83.6114883	6	1813
80.6889533	6	1814
77.8727531	6	1815
77.8467655	6	1816
78.5827636	6	1817
79.2672634	6	1818
86.4496231	6	1819
81.3026428	6	1820
76.4188766	6	1821
78.8071155	6	1822
79.4973373	6	1823
79.3457031	6	1824
79.5319080	6	1825
81.0446739	6	1826
83.8477611	6	1827
78.0496597	6	1828
82.2222232	6	1829
79.0851116	6	1830
78.6485671	6	1831
79.4675350	6	1832
234.040498	16	1833
232.758283	16	1835
247.268438	16	1834
228.395462	16	1837
245.956420	16	1836
229.290008	16	1839
85.1805210	6	1853
228.409528	16	1840
81.8140506	6	1854
228.232622	16	1841
265.883445	16	1838
87.4483585	6	1855
229.946613	16	1842
84.4514369	6	1856
227.600336	16	1843
86.0011577	6	1857
83.7044715	6	1858
230.562686	16	1845
84.6593379	6	1859
85.2935314	6	1860
240.516185	16	1846
79.1230201	6	1861
270.070314	16	1844
228.611707	16	1848
78.8784027	6	1862
241.130352	16	1847
86.4114761	6	1863
78.0253410	6	1864
76.9214630	6	1865
79.1385173	6	1866
78.5520076	6	1867
274.118185	16	1849
254.225730	16	1851
77.1296024	6	1868
279.530286	16	1850
261.214494	16	1852
80.4796218	6	1869
79.5221328	6	1870
84.5999717	6	1871
80.9569358	6	1872
82.0364952	6	1873
80.1532268	6	1874
78.8640975	6	1875
80.1410675	6	1876
78.3002376	6	1877
229.949951	16	1878
229.809045	16	1879
229.804277	16	1880
229.369640	16	1881
229.896306	16	1882
228.757619	16	1887
269.958257	16	1884
267.452001	16	1885
228.398799	16	1889
239.858627	16	1888
268.997430	16	1886
234.191417	16	1890
313.468217	16	1883
231.789350	16	1891
233.467817	16	1892
86.4725112	6	1905
87.9323482	6	1906
85.3569507	6	1907
249.334812	16	1893
86.3368511	6	1908
84.0172767	6	1909
85.8113765	6	1910
86.5614414	6	1911
280.615806	16	1894
84.2602252	6	1912
252.152681	16	1897
268.339872	16	1896
84.4149589	6	1913
81.7782878	6	1914
81.2635421	6	1915
275.675773	16	1898
311.854124	16	1895
80.0995826	6	1916
81.2263488	6	1917
76.8404006	6	1918
278.205633	16	1900
294.113874	16	1899
83.9452743	6	1919
284.274101	16	1901
275.090932	16	1902
80.4264545	6	1920
80.9679031	6	1921
78.9599418	6	1922
276.929616	16	1904
78.4060955	6	1923
77.5196552	6	1924
79.3056488	6	1925
321.111440	16	1903
80.9524059	6	1926
77.3797035	6	1927
80.1057815	6	1928
78.3510208	6	1929
79.7955989	6	1930
80.9297561	6	1931
78.6519050	6	1932
80.1579952	6	1933
86.0433578	6	1934
81.7766189	6	1935
78.3741474	6	1936
79.4618129	6	1937
80.1770687	6	1938
83.2178592	6	1939
78.4490108	6	1940
79.1635513	6	1941
82.6821327	6	1942
80.3947448	6	1943
80.0309181	6	1944
78.8743495	6	1945
84.4693183	6	1946
77.0998001	6	1947
229.818344	16	1949
229.306459	16	1951
243.331432	16	1950
229.398727	16	1952
229.201555	16	1955
236.178159	16	1956
238.775014	16	1957
231.783151	16	1958
275.458812	16	1954
306.489229	16	1953
237.740278	16	1960
239.931821	16	1962
252.243995	16	1961
87.2132778	6	1978
250.917911	16	1963
87.0177745	6	1979
92.4115180	6	1980
87.8324508	6	1981
332.417964	16	1959
87.2030258	6	1982
289.002418	16	1964
87.4636173	6	1983
84.1858386	6	1984
292.413234	16	1966
79.2174339	6	1985
266.565084	16	1969
260.697841	16	1970
253.584623	16	1971
503.825187	16	1948
81.4237594	6	1986
310.441493	16	1967
335.731744	16	1965
78.9353847	6	1987
263.129234	16	1972
311.627149	16	1968
80.5697441	6	1988
80.6388854	6	1989
264.368295	16	1975
80.6820392	6	1990
262.342214	16	1976
79.8618793	6	1991
265.198945	16	1977
81.0861587	6	1992
318.545341	16	1973
311.619520	16	1974
81.5098285	6	1993
80.1126956	6	1994
79.1785717	6	1995
85.6411457	6	1996
81.6149711	6	1997
80.7585716	6	1998
80.1596641	6	1999
79.2462825	6	2000
78.8064002	6	2001
80.3546905	6	2002
80.4047584	6	2003
86.3716602	6	2004
81.4833641	6	2005
79.5857906	6	2006
80.5199146	6	2007
79.5495510	6	2008
79.8091888	6	2009
82.7114582	6	2010
79.2856216	6	2011
82.9164981	6	2012
228.177547	16	2015
260.735988	16	2013
229.950189	16	2016
230.217695	16	2017
262.106895	16	2014
229.413270	16	2019
229.528188	16	2020
87.4114036	6	2034
268.460988	16	2018
86.8828296	6	2035
236.226558	16	2022
86.0848426	6	2036
231.498718	16	2023
255.595445	16	2021
85.4721069	6	2037
232.197284	16	2024
87.3699188	6	2038
232.217311	16	2025
85.4132175	6	2039
229.771614	16	2026
88.1779193	6	2040
239.137649	16	2027
88.2320404	6	2041
83.1298828	6	2042
245.686292	16	2028
80.4779529	6	2043
81.7685127	6	2044
82.0577144	6	2045
262.744903	16	2030
77.5721073	6	2046
279.718399	16	2029
264.381170	16	2031
79.3576240	6	2047
268.477678	16	2032
85.7143402	6	2048
81.6519260	6	2049
281.582832	16	2033
81.3736915	6	2050
84.5537185	6	2051
81.9203853	6	2052
80.7149410	6	2053
81.2187194	6	2054
80.3649425	6	2055
78.6499977	6	2056
78.1695842	6	2057
79.1552066	6	2058
85.6971740	6	2059
77.2380828	6	2060
79.2050361	6	2061
78.4709453	6	2062
78.7212848	6	2063
80.9209346	6	2064
79.2906284	6	2065
79.7998905	6	2066
76.9348144	6	2067
230.361461	16	2069
266.314029	16	2068
248.347520	16	2070
229.660034	16	2072
229.351043	16	2073
228.373289	16	2074
229.240655	16	2075
287.980556	16	2071
230.294704	16	2077
230.466842	16	2078
255.763053	16	2076
258.288621	16	2079
239.309072	16	2081
239.634037	16	2083
321.443796	16	2082
255.536794	16	2090
269.067049	16	2089
90.7044410	6	2105
323.923110	16	2085
86.7927074	6	2106
88.0594253	6	2107
325.845241	16	2087
90.1017189	6	2108
87.1505737	6	2109
301.022768	16	2091
87.4869823	6	2110
289.920806	16	2094
244.479417	16	2098
319.200754	16	2092
84.6655368	6	2111
387.055873	16	2086
295.446157	16	2095
80.7168483	6	2112
292.546749	16	2096
329.491138	16	2093
81.7494392	6	2113
390.019178	16	2088
82.6265811	6	2114
304.525136	16	2097
80.0757408	6	2115
269.177675	16	2101
297.697782	16	2099
81.9671154	6	2116
511.046648	16	2080
79.9608230	6	2117
80.4207324	6	2118
313.673257	16	2100
78.9258480	6	2119
292.559146	16	2103
80.0175666	6	2120
82.0178985	6	2121
535.997867	16	2084
80.2793502	6	2122
311.356306	16	2104
339.119911	16	2102
79.4379711	6	2123
77.6071548	6	2124
84.1419696	6	2125
81.9895267	6	2126
81.3255310	6	2127
79.9798965	6	2128
79.6570777	6	2129
79.8053741	6	2130
79.6847343	6	2131
78.6428451	6	2132
76.9572257	6	2133
78.6044597	6	2134
78.6402225	6	2135
77.9550075	6	2136
80.0004005	6	2137
78.9725780	6	2138
78.9299011	6	2139
78.9139270	6	2140
80.0402164	6	2141
80.2156925	6	2142
79.8730850	6	2143
80.5220603	6	2144
230.707883	16	2147
260.271787	16	2145
229.645490	16	2148
231.417179	16	2149
232.376098	16	2150
230.157852	16	2151
293.601751	16	2146
233.805418	16	2152
229.908227	16	2155
236.474275	16	2156
234.751701	16	2157
250.325679	16	2160
282.335281	16	2158
278.943061	16	2159
90.7282829	6	2179
292.266607	16	2162
90.3897285	6	2180
316.955804	16	2161
253.682613	16	2167
87.8820419	6	2181
278.891563	16	2165
90.7213687	6	2182
308.292627	16	2164
87.7897739	6	2183
85.6552124	6	2184
246.464967	16	2171
449.304342	16	2153
89.4355773	6	2185
297.877788	16	2169
90.5184745	6	2186
80.7223320	6	2187
268.912315	16	2172
374.434232	16	2163
82.7674865	6	2188
246.480703	16	2175
310.473680	16	2170
282.448291	16	2173
82.4484825	6	2189
365.988969	16	2166
241.639614	16	2177
81.4223289	6	2190
261.243581	16	2176
360.997438	16	2168
81.6903114	6	2191
80.9588432	6	2192
85.9959125	6	2193
550.006151	16	2154
331.498384	16	2174
81.3379287	6	2194
291.014909	16	2178
79.5488357	6	2195
84.5403671	6	2196
81.5863609	6	2197
83.0955505	6	2198
80.9645652	6	2199
80.5809497	6	2200
80.2772045	6	2201
79.7560214	6	2202
80.7530879	6	2203
78.2177448	6	2204
78.3619880	6	2205
85.2379798	6	2206
78.8891315	6	2207
79.1709423	6	2208
78.3450603	6	2209
78.7966251	6	2210
79.4312953	6	2211
80.4569721	6	2212
80.1553726	6	2213
76.6806602	6	2214
80.9841156	6	2215
229.151964	16	2216
230.575323	16	2217
231.315851	16	2219
240.503549	16	2220
232.460975	16	2221
238.133192	16	2222
232.931613	16	2223
230.062246	16	2224
294.560194	16	2218
237.608432	16	2228
270.987033	16	2225
268.945455	16	2226
247.406482	16	2229
232.004404	16	2231
260.307312	16	2230
88.2711410	6	2247
89.9145603	6	2248
272.165060	16	2232
86.4453315	6	2249
330.561399	16	2227
90.6059741	6	2250
263.272523	16	2235
85.9608650	6	2251
287.472963	16	2234
86.0581398	6	2252
83.9707851	6	2253
257.779359	16	2239
80.0344944	6	2254
335.380792	16	2233
80.4557800	6	2255
304.651260	16	2236
263.810157	16	2241
311.007261	16	2237
83.6322307	6	2256
80.1265239	6	2257
259.820699	16	2243
80.7893276	6	2258
302.634716	16	2240
324.522018	16	2238
271.221637	16	2244
86.3318443	6	2259
82.7326774	6	2260
307.135581	16	2242
80.7702541	6	2261
283.268451	16	2245
276.069402	16	2246
81.9103717	6	2262
88.0537033	6	2263
82.4613571	6	2264
80.1446437	6	2265
84.0532779	6	2266
77.7511596	6	2267
82.5047492	6	2268
83.7032794	6	2269
83.1637382	6	2270
80.6257724	6	2271
79.3812274	6	2272
79.8041820	6	2273
83.1029415	6	2274
80.3716182	6	2275
82.1127891	6	2276
80.4824829	6	2277
80.8613300	6	2278
78.7262916	6	2279
79.8754692	6	2280
83.0273628	6	2281
81.1672210	6	2282
80.9385776	6	2283
83.7786197	6	2284
78.5114765	6	2285
78.8998603	6	2286
79.8852443	6	2287
79.2043209	6	2288
76.6475200	6	2289
78.6061286	6	2290
80.0945758	6	2291
79.0512561	6	2292
80.5706977	6	2293
80.2681446	6	2294
80.4131031	6	2295
80.1770687	6	2296
81.5293788	6	2297
81.2311172	6	2298
78.8631439	6	2299
80.1835060	6	2300
78.3648490	6	2301
78.2637596	6	2302
78.5691738	6	2303
232.022523	16	2304
234.364748	16	2306
230.813741	16	2307
257.312059	16	2305
230.674743	16	2308
238.217353	16	2309
230.704069	16	2310
238.037347	16	2311
231.091022	16	2313
244.405031	16	2314
259.022235	16	2315
236.703872	16	2318
245.248317	16	2319
282.980203	16	2316
247.510671	16	2323
274.798631	16	2328
298.812866	16	2330
327.309608	16	2329
390.585422	16	2324
468.924999	16	2317
244.343519	16	2338
306.841135	16	2334
96.5964794	6	2351
252.483844	16	2339
471.671581	16	2320
90.6753540	6	2352
428.010940	16	2325
88.4459018	6	2353
363.665580	16	2331
303.230524	16	2337
421.136856	16	2327
86.1122608	6	2354
91.2001132	6	2355
337.182521	16	2336
293.138265	16	2340
380.724906	16	2333
92.4382209	6	2356
614.111423	16	2312
85.7567787	6	2357
369.640111	16	2335
523.226499	16	2322
85.7884883	6	2358
80.5473327	6	2359
288.766145	16	2343
556.047916	16	2321
84.4624042	6	2360
446.349620	16	2332
83.3954811	6	2361
345.933437	16	2341
337.166547	16	2342
258.404016	16	2348
81.8083286	6	2362
80.9082984	6	2363
82.7205181	6	2364
262.521266	16	2350
81.9005966	6	2365
570.804119	16	2326
85.3483676	6	2366
344.543695	16	2346
80.9011459	6	2367
310.316801	16	2349
382.865428	16	2344
80.7096958	6	2368
79.7789096	6	2369
80.3112983	6	2370
79.1420936	6	2371
412.043333	16	2345
77.0635604	6	2372
396.833181	16	2347
85.1192474	6	2373
78.8877010	6	2374
79.7445774	6	2375
80.1618099	6	2376
79.8380374	6	2377
79.5111656	6	2378
80.2741050	6	2379
80.9783935	6	2380
83.1384658	6	2381
79.7846317	6	2382
80.9218883	6	2383
80.6534290	6	2384
79.0405273	6	2385
79.2908668	6	2386
79.5199871	6	2387
79.9293518	6	2388
77.2330760	6	2389
79.3819427	6	2390
79.2477130	6	2391
78.1857967	6	2392
78.0434608	6	2393
80.1844596	6	2394
78.5186290	6	2395
78.2947540	6	2396
79.5099735	6	2397
78.6335468	6	2398
84.5775604	6	2399
78.8586139	6	2400
79.8208713	6	2401
79.3418884	6	2402
78.7675380	6	2403
80.1503658	6	2404
78.0577659	6	2405
78.5217285	6	2406
83.4538936	6	2407
79.2188644	6	2408
78.5198211	6	2409
79.8349380	6	2410
79.8454284	6	2411
232.384443	16	2412
230.418920	16	2413
231.957435	16	2414
231.485843	16	2415
234.800815	16	2416
230.942726	16	2417
231.497764	16	2419
244.598627	16	2421
234.566211	16	2422
233.541250	16	2423
230.698108	16	2424
302.123308	16	2420
248.766183	16	2427
297.342777	16	2425
264.663219	16	2429
313.096523	16	2432
303.576231	16	2433
85.6375694	6	2453
298.815011	16	2435
254.182815	16	2439
87.3503684	6	2454
85.7920646	6	2455
290.810108	16	2437
85.3028297	6	2456
87.0044231	6	2457
352.050542	16	2434
87.8155231	6	2458
257.556200	16	2443
87.8031253	6	2459
302.830457	16	2440
86.7149829	6	2460
78.0143737	6	2461
266.883850	16	2444
78.3503055	6	2462
302.017450	16	2442
373.180150	16	2436
78.6042213	6	2463
590.570688	16	2418
78.1898498	6	2464
470.071077	16	2430
79.0317058	6	2465
518.730401	16	2426
306.493997	16	2445
354.211568	16	2441
390.260696	16	2438
79.2822837	6	2466
292.473316	16	2447
310.729026	16	2446
520.631551	16	2428
84.5432281	6	2467
81.6736221	6	2468
291.303634	16	2450
310.461282	16	2449
77.0092010	6	2471
535.303831	16	2431
296.719551	16	2452
341.886997	16	2448
82.5304985	6	2472
326.226949	16	2451
83.2307338	6	2473
80.8620452	6	2474
78.6421298	6	2475
80.2633762	6	2476
85.5777263	6	2477
84.1634273	6	2478
81.5486907	6	2479
77.7947902	6	2480
78.1371593	6	2481
78.4366130	6	2482
79.6554088	6	2483
78.9670944	6	2484
83.7271213	6	2485
321.269989	16	2469
85.9758853	6	2499
228.542804	16	2486
84.9168300	6	2500
228.026151	16	2487
83.6157798	6	2501
227.873325	16	2488
84.5003128	6	2502
85.3686332	6	2503
227.802276	16	2490
83.9080810	6	2504
227.822542	16	2491
86.3502025	6	2505
228.137016	16	2492
85.1874351	6	2506
77.8355598	6	2507
228.316783	16	2493
227.798223	16	2494
78.9885520	6	2508
228.460788	16	2495
78.9005756	6	2509
228.234052	16	2496
79.6370506	6	2510
228.883981	16	2497
78.1805515	6	2511
78.3541202	6	2512
234.070777	16	2498
331.247568	16	2489
84.3398571	6	2513
77.2066116	6	2514
80.3308486	6	2515
78.7892341	6	2516
79.6554088	6	2517
80.2624225	6	2518
80.2693367	6	2519
80.7237625	6	2520
76.7357349	6	2521
80.4555416	6	2522
78.3598423	6	2523
78.4709453	6	2524
79.6639919	6	2525
78.6139965	6	2526
79.1354179	6	2527
78.1807899	6	2528
79.9520015	6	2529
78.2966613	6	2530
79.1027545	6	2531
79.1313648	6	2532
78.5582065	6	2533
80.5327892	6	2534
80.6784629	6	2535
80.1773071	6	2536
78.5441398	6	2537
80.1424980	6	2538
79.8213481	6	2539
230.687856	16	2542
245.027780	16	2541
229.804277	16	2543
229.809761	16	2544
229.900836	16	2546
228.085756	16	2547
84.0969085	6	2561
260.582208	16	2545
81.0019969	6	2562
229.016542	16	2548
228.583097	16	2549
87.0120525	6	2563
232.099294	16	2550
86.3416194	6	2564
84.3670368	6	2565
228.962182	16	2552
86.3857269	6	2566
84.0082168	6	2567
260.844707	16	2551
232.537746	16	2554
84.1724872	6	2568
243.622303	16	2553
85.9668254	6	2569
238.883972	16	2555
81.5963745	6	2570
76.8795013	6	2571
83.3396911	6	2572
78.0885219	6	2573
82.0376873	6	2574
267.965078	16	2557
78.2210826	6	2575
281.346321	16	2556
455.190181	16	2540
265.478849	16	2558
77.2492885	6	2576
265.359163	16	2559
82.8535556	6	2577
79.4920921	6	2578
79.6241760	6	2579
293.418169	16	2560
82.8247070	6	2580
80.6226730	6	2581
77.3172378	6	2582
233.634471	16	2584
234.235048	16	2586
235.273122	16	2587
229.155778	16	2588
229.262351	16	2591
229.649305	16	2592
231.119155	16	2593
228.908061	16	2594
230.020046	16	2595
232.007980	16	2597
343.607187	16	2589
253.947019	16	2598
305.925607	16	2599
279.647350	16	2602
301.713705	16	2601
84.9449634	6	2622
251.380681	16	2607
85.9010219	6	2623
283.000469	16	2606
86.5392684	6	2624
84.9182605	6	2625
277.396202	16	2608
547.215223	16	2583
84.5868587	6	2626
85.7245922	6	2627
390.175580	16	2600
357.296466	16	2603
83.3201408	6	2628
498.604536	16	2590
256.061077	16	2613
85.5844020	6	2629
281.169176	16	2612
81.3167095	6	2630
300.052165	16	2611
80.6193351	6	2631
586.065530	16	2585
384.318590	16	2604
78.8936614	6	2632
282.910585	16	2614
78.1171321	6	2633
334.143400	16	2610
281.019687	16	2615
394.599437	16	2605
78.9208412	6	2634
357.476711	16	2609
78.3715248	6	2635
511.463642	16	2596
80.6119441	6	2636
292.274951	16	2617
77.8520107	6	2637
314.849615	16	2616
79.0486335	6	2638
299.277305	16	2618
84.6478939	6	2639
81.9673538	6	2640
318.765640	16	2619
80.8382034	6	2641
310.634613	16	2621
83.3089351	6	2642
80.5852413	6	2643
78.9432525	6	2644
79.2775154	6	2645
85.3722095	6	2646
80.6756019	6	2647
77.9321193	6	2648
386.007308	16	2620
77.8150558	6	2649
76.7970085	6	2650
83.6238861	6	2651
80.4574489	6	2652
80.5375576	6	2653
84.1474533	6	2654
79.1523456	6	2655
79.9279212	6	2656
79.1676044	6	2657
80.2268981	6	2658
76.8530368	6	2659
79.3275833	6	2660
78.3436298	6	2661
86.0135555	6	2662
79.4253349	6	2663
83.3504199	6	2664
80.2993774	6	2665
79.9448490	6	2666
79.6680450	6	2667
79.4270038	6	2668
80.1076889	6	2669
77.1546363	6	2670
79.7533988	6	2671
78.1645774	6	2672
79.6165466	6	2673
231.088161	16	2674
232.460498	16	2676
228.844642	16	2679
277.801752	16	2675
230.088472	16	2680
227.800130	16	2681
269.496440	16	2677
270.575284	16	2678
83.5144519	6	2696
85.3087902	6	2697
238.169908	16	2683
229.701995	16	2684
86.5173339	6	2698
228.516340	16	2685
261.473417	16	2682
84.1765403	6	2699
229.243993	16	2686
85.0429534	6	2700
230.163335	16	2687
87.0125293	6	2701
233.754634	16	2688
84.3970775	6	2702
235.595226	16	2689
85.1712226	6	2703
77.5179862	6	2704
77.6410102	6	2705
76.7817497	6	2706
77.6433944	6	2707
268.152475	16	2690
77.7852535	6	2708
249.083042	16	2693
87.0659351	6	2709
282.756090	16	2691
78.3615112	6	2710
76.6396522	6	2711
284.442424	16	2692
79.6961784	6	2712
79.8652172	6	2713
286.211729	16	2694
80.2834033	6	2714
290.404558	16	2695
84.7380161	6	2715
78.7074565	6	2716
84.1445922	6	2717
229.435920	16	2719
228.852033	16	2720
229.542016	16	2721
229.327917	16	2722
229.142904	16	2723
288.199424	16	2718
230.473995	16	2724
248.025894	16	2725
242.838144	16	2726
229.136466	16	2728
231.207847	16	2729
231.178760	16	2730
321.750640	16	2727
280.228853	16	2732
286.132097	16	2733
255.713224	16	2740
83.9352607	6	2757
264.901161	16	2741
83.7459564	6	2758
87.2213840	6	2759
256.771326	16	2744
314.008712	16	2739
85.2940082	6	2760
86.3270759	6	2761
255.158901	16	2746
85.9818458	6	2762
87.0277881	6	2763
245.082616	16	2749
83.1201076	6	2764
322.702407	16	2742
369.133234	16	2738
382.161140	16	2737
79.3430805	6	2765
80.1179409	6	2766
261.079788	16	2750
337.317705	16	2743
324.894905	16	2745
86.3804817	6	2767
78.2284736	6	2768
305.196762	16	2748
78.1841278	6	2769
77.5249004	6	2770
461.244344	16	2735
77.8069496	6	2771
76.6680240	6	2772
537.693023	16	2731
83.7309360	6	2773
324.370145	16	2752
82.0200443	6	2774
380.551815	16	2747
499.002695	16	2736
294.350147	16	2755
342.682838	16	2751
78.6070823	6	2775
331.540822	16	2753
537.930965	16	2734
81.7458629	6	2776
303.431749	16	2756
80.1954269	6	2777
79.8525810	6	2778
80.8405876	6	2779
80.6922912	6	2780
371.683120	16	2754
76.9994258	6	2781
78.6147117	6	2782
81.0663700	6	2783
78.7124633	6	2784
80.2049636	6	2785
81.4385414	6	2786
78.1047344	6	2787
79.1528224	6	2788
80.6424617	6	2789
79.8695087	6	2790
79.3454647	6	2791
79.7212123	6	2792
79.2164802	6	2793
79.4079303	6	2794
80.3256034	6	2795
79.6003341	6	2796
79.4508457	6	2797
80.6558132	6	2798
79.8404216	6	2799
78.0532360	6	2800
79.0798664	6	2801
78.8614749	6	2802
77.8899192	6	2803
78.6373615	6	2804
79.0383815	6	2805
78.4978866	6	2806
79.4696807	6	2807
79.3106555	6	2808
79.3943405	6	2809
80.3565979	6	2810
79.6480178	6	2811
79.5128345	6	2812
80.4173946	6	2813
79.1680812	6	2814
85.9498977	6	2827
87.2402191	6	2828
227.922201	16	2815
83.3480358	6	2829
228.121519	16	2816
83.6756229	6	2830
228.155374	16	2817
83.2622051	6	2831
230.763912	16	2818
84.5599174	6	2832
229.499816	16	2819
83.2903385	6	2833
228.774547	16	2820
86.0438346	6	2834
230.527639	16	2821
86.8761539	6	2835
230.378866	16	2822
81.8336009	6	2836
77.4636268	6	2837
229.576587	16	2823
229.018211	16	2824
228.855133	16	2825
229.140996	16	2826
249.315023	16	2838
246.449232	16	2842
258.472442	16	2841
244.564294	16	2843
245.850324	16	2844
242.210626	16	2845
231.066703	16	2847
243.958473	16	2846
336.497306	16	2840
257.580041	16	2850
291.527032	16	2848
253.676652	16	2853
311.123609	16	2849
422.998428	16	2839
293.862104	16	2852
84.8391056	6	2872
85.1438045	6	2873
283.551454	16	2856
86.1845016	6	2874
87.2528553	6	2875
280.022859	16	2858
314.891815	16	2855
295.496702	16	2857
274.682998	16	2859
86.4703655	6	2876
86.7145061	6	2877
274.546384	16	2861
350.413799	16	2854
84.4268798	6	2878
85.5784416	6	2879
79.2064666	6	2880
269.673109	16	2864
80.9271335	6	2881
243.664979	16	2867
79.2868137	6	2882
78.9554119	6	2883
78.6480903	6	2884
321.301698	16	2863
335.789442	16	2862
78.2256126	6	2885
309.374094	16	2865
78.7312984	6	2886
369.276046	16	2860
304.558992	16	2866
78.3724784	6	2887
280.107736	16	2870
80.6446075	6	2888
80.4567337	6	2889
80.4316997	6	2890
80.3313255	6	2891
336.420774	16	2868
340.275049	16	2869
86.5414142	6	2892
80.0743103	6	2893
77.9640674	6	2894
554.918289	16	2851
78.7415504	6	2895
78.3922672	6	2896
357.698202	16	2871
77.8985023	6	2897
77.6939392	6	2898
79.4115066	6	2899
84.9232673	6	2900
78.2170295	6	2901
78.8035392	6	2902
77.6789188	6	2903
79.8037052	6	2904
79.7376632	6	2905
79.7646045	6	2906
78.3216953	6	2907
85.3404998	6	2908
80.1689624	6	2909
78.5169601	6	2910
78.2980918	6	2911
79.4675350	6	2912
80.3878307	6	2913
79.9007415	6	2914
79.4813632	6	2915
76.5402317	6	2916
78.9761543	6	2917
230.610847	16	2921
262.498140	16	2918
229.450225	16	2922
228.384733	16	2923
293.558835	16	2919
242.604494	16	2924
229.729413	16	2926
232.204198	16	2927
84.1817855	6	2942
239.846229	16	2928
233.027696	16	2929
277.524471	16	2925
85.7346057	6	2943
232.167243	16	2930
87.0225429	6	2944
85.6130123	6	2945
86.2865447	6	2946
86.0936641	6	2947
252.784967	16	2932
264.640331	16	2931
249.941587	16	2933
86.3766670	6	2948
83.9555263	6	2949
79.0495872	6	2950
85.3145122	6	2951
272.398471	16	2934
77.2185325	6	2952
265.912294	16	2936
79.2922973	6	2953
77.5623321	6	2954
294.115304	16	2935
76.9748687	6	2955
275.292158	16	2937
271.975755	16	2938
76.8406391	6	2957
87.5680446	6	2956
253.597021	16	2941
485.378026	16	2920
81.4235210	6	2958
77.1951675	6	2959
297.550201	16	2939
293.915987	16	2940
80.6028842	6	2960
79.6859264	6	2961
80.2574157	6	2962
81.1944007	6	2963
86.1384868	6	2964
81.0010433	6	2965
78.8838863	6	2966
80.2335739	6	2967
79.1692733	6	2968
79.6637535	6	2969
229.483604	16	2971
230.021715	16	2972
229.827880	16	2973
230.526447	16	2974
229.885816	16	2975
236.285209	16	2976
233.115196	16	2977
229.657411	16	2978
231.799602	16	2980
235.618114	16	2984
251.206636	16	2983
232.805252	16	2985
275.517940	16	2981
278.742551	16	2982
271.075963	16	2987
295.010805	16	2986
275.909423	16	2988
250.731706	16	2992
497.693538	16	2970
313.872098	16	2989
292.159080	16	2993
241.765975	16	2998
318.199157	16	2991
265.833377	16	2996
334.998130	16	2990
295.291185	16	2995
310.062885	16	2994
247.411012	16	3000
488.075733	16	2979
294.668436	16	2997
358.047246	16	2999
avg:  182.27159845785286
std:  131.62649737923044
p95:  446.4590311050414
p99:  608.4807586669922
com:  63.274123806129346
thg:  6.327412380612936
FCT:  47.396942377090454
que:  39.10905649440215
los:  0.03333333333333144
1675 1324
**********************
