[11 13 12 ...  7 10  9]
85.9067440	6	1
85.6187343	6	2
86.2815380	6	3
86.4722728	6	4
84.7752094	6	5
87.0633125	6	6
84.1789245	6	7
79.9820423	6	8
84.9325656	6	9
80.8036327	6	10
83.8382244	6	11
81.7427635	6	12
78.3216953	6	13
77.5723457	6	14
78.1285762	6	15
76.9519805	6	16
237.421035	16	17
231.233596	16	18
230.360984	16	20
234.743356	16	23
235.324382	16	25
268.115758	16	22
250.470161	16	24
233.739137	16	26
279.622316	16	21
86.1625671	6	42
246.724128	16	27
94.0754413	6	43
88.9763832	6	44
84.8515033	6	45
82.8456878	6	46
241.129875	16	31
248.513221	16	32
88.6392593	6	47
269.283771	16	30
86.0879421	6	48
304.398536	16	28
85.2398872	6	49
304.450035	16	29
85.7770442	6	50
80.8255672	6	51
274.097442	16	34
82.2575092	6	52
83.2133293	6	53
274.576663	16	36
84.0578079	6	54
315.283536	16	33
283.377408	16	37
270.980119	16	38
80.7619094	6	55
304.536342	16	35
462.227582	16	19
82.9555988	6	56
83.2066535	6	57
79.2930126	6	58
296.985387	16	39
288.300514	16	40
81.2797546	6	59
82.8118324	6	60
80.4119110	6	61
79.9922943	6	62
315.770626	16	41
79.4928073	6	63
85.8397483	6	64
82.4320316	6	65
78.3448219	6	66
84.4688415	6	67
77.5432586	6	68
78.5877704	6	69
83.6708545	6	70
79.1287422	6	71
84.4893455	6	72
79.9863338	6	73
78.6092281	6	74
80.8527469	6	75
77.7413845	6	76
80.0833702	6	77
78.8283348	6	78
82.2947025	6	79
77.5227546	6	80
81.3124179	6	81
78.7069797	6	82
80.7600021	6	83
79.7193050	6	84
76.8938064	6	85
81.9520950	6	86
81.1917781	6	87
81.1841487	6	88
77.8629779	6	89
81.9759368	6	90
77.2678852	6	91
76.5032768	6	92
82.9546451	6	93
78.2139301	6	94
82.6652050	6	95
79.0798664	6	96
79.7276496	6	97
77.5794982	6	98
82.1981430	6	99
79.2722702	6	100
77.0318508	6	101
85.8411788	6	102
77.9335498	6	103
80.9040069	6	104
76.7593383	6	105
82.1485519	6	106
76.8339633	6	107
80.8954238	6	108
76.7462253	6	109
78.3300399	6	110
82.7653408	6	111
78.7615776	6	112
76.7688751	6	113
80.0447463	6	114
84.8159790	6	115
248.744010	16	117
243.471622	16	118
230.449199	16	120
228.871345	16	125
241.790533	16	126
245.842933	16	127
301.999330	16	124
270.401239	16	129
314.737319	16	132
334.212064	16	133
455.422163	16	122
521.751403	16	116
320.121526	16	140
504.844427	16	121
363.337993	16	137
384.046554	16	136
567.658424	16	119
387.513637	16	141
356.513261	16	145
493.178844	16	130
320.106029	16	150
473.308086	16	134
368.956804	16	146
555.795907	16	128
517.498731	16	135
628.770589	16	123
516.464710	16	138
425.940513	16	148
418.697834	16	155
375.450849	16	160
422.408103	16	157
666.679143	16	131
574.248552	16	142
515.094280	16	151
86.8601799	6	195
452.810287	16	158
84.6052169	6	196
90.2523994	6	197
87.2876644	6	198
86.9078636	6	199
87.2144699	6	200
87.6624584	6	201
557.171344	16	154
85.1347446	6	202
629.356384	16	147
88.0217552	6	203
84.0315818	6	204
79.8428058	6	205
507.627248	16	162
80.2905559	6	206
685.533761	16	144
642.179489	16	149
617.550373	16	152
83.6043357	6	207
81.8812847	6	208
82.2696685	6	209
82.3876857	6	210
81.8002223	6	211
81.3863277	6	212
80.4388523	6	213
80.6505680	6	214
815.087318	16	139
85.8037471	6	215
79.9357891	6	216
534.739971	16	172
84.9537849	6	217
81.7232131	6	218
648.311614	16	161
608.446836	16	166
82.6423168	6	219
736.491918	16	153
83.0142498	6	220
81.1753273	6	221
496.414422	16	180
79.5783996	6	222
706.039667	16	159
858.715057	16	143
83.2037925	6	223
613.216161	16	170
501.520156	16	181
456.678867	16	186
77.9783725	6	224
754.666328	16	156
559.519767	16	176
531.251192	16	179
82.6413631	6	225
82.3438167	6	226
80.1789760	6	227
578.739404	16	178
608.018159	16	175
80.6145668	6	228
461.595296	16	190
83.6310386	6	229
742.088794	16	163
546.159744	16	183
78.7551403	6	230
609.980821	16	177
559.523582	16	182
695.813417	16	169
496.190309	16	189
84.6836566	6	231
79.0414810	6	232
85.1657390	6	233
766.303300	16	165
82.2570323	6	234
78.9148807	6	235
785.767793	16	164
591.528654	16	184
696.265935	16	174
81.1452865	6	236
768.541574	16	167
81.2368392	6	237
78.6936283	6	238
517.299652	16	194
590.504646	16	187
79.6511173	6	239
619.585275	16	185
82.1480751	6	240
81.0222625	6	241
77.4862766	6	242
812.121391	16	168
611.781358	16	188
577.345848	16	192
76.8489837	6	243
80.6894302	6	244
805.336236	16	171
603.278636	16	191
786.619663	16	173
589.232206	16	193
86.1742496	6	245
78.0150890	6	246
78.0076980	6	247
77.1703720	6	248
83.1954479	6	249
77.8305530	6	250
78.7882804	6	251
78.6368846	6	252
85.3128433	6	253
80.7144641	6	254
78.2825946	6	255
77.5036811	6	256
84.1302871	6	257
79.8356533	6	258
77.3005485	6	259
76.9386291	6	260
82.6928615	6	261
80.7971954	6	262
77.1155357	6	263
76.8373012	6	264
79.3304443	6	265
82.6940536	6	266
76.8377780	6	267
78.6254405	6	268
78.9861679	6	269
84.4948291	6	270
77.5265693	6	271
78.5300731	6	272
77.1100521	6	273
85.5531692	6	274
80.4328918	6	275
79.0123939	6	276
77.3882865	6	277
81.6547870	6	278
79.2379379	6	279
78.3371925	6	280
77.9664516	6	281
76.3225555	6	282
81.8500518	6	283
78.1259536	6	284
76.6794681	6	285
77.5406360	6	286
83.9650630	6	287
77.3077011	6	288
77.0392417	6	289
83.0264091	6	290
80.7802677	6	291
244.901657	16	294
235.295534	16	297
249.867677	16	296
247.807741	16	302
305.358886	16	300
265.671014	16	307
290.459871	16	310
299.678087	16	311
495.988845	16	293
455.075502	16	298
514.294147	16	292
495.750427	16	295
445.280551	16	301
453.430652	16	304
358.129739	16	315
398.159742	16	312
347.408533	16	318
488.655090	16	306
556.391477	16	299
526.843070	16	303
553.217887	16	305
566.946029	16	309
591.523408	16	308
385.358095	16	331
491.942882	16	320
432.701349	16	327
496.827363	16	321
571.251153	16	313
588.972330	16	314
566.420316	16	317
539.907932	16	324
500.874757	16	328
464.696407	16	334
428.282499	16	338
88.0527496	6	375
87.1176719	6	376
648.957014	16	322
89.5760059	6	377
86.9684219	6	378
630.678176	16	325
716.615438	16	316
650.778055	16	323
84.1112136	6	379
632.851123	16	326
84.8107337	6	380
87.2261524	6	381
85.6022834	6	382
635.624408	16	329
578.083992	16	335
87.7604484	6	383
88.2837772	6	384
79.2133808	6	385
534.249067	16	341
586.400270	16	336
79.6213150	6	386
768.148183	16	319
79.6985626	6	387
78.7675380	6	388
425.510883	16	355
88.3300304	6	389
382.409334	16	361
81.7101001	6	390
82.1237564	6	391
76.6632556	6	392
714.960813	16	330
80.2919864	6	393
659.910202	16	337
78.6156654	6	394
708.408117	16	333
84.0461254	6	395
604.902267	16	344
82.1466445	6	396
85.6559276	6	397
427.746057	16	364
79.6456336	6	398
657.936811	16	342
506.552457	16	357
83.6694240	6	399
777.500152	16	332
79.8716545	6	400
78.4099102	6	401
82.2234153	6	402
548.343181	16	358
508.120059	16	362
86.9710445	6	403
682.016611	16	345
82.4003219	6	404
82.6570987	6	405
80.4686546	6	406
82.0536613	6	407
610.347270	16	356
81.8920135	6	408
687.505006	16	349
80.7521343	6	409
530.887126	16	365
729.324340	16	346
528.607368	16	366
82.7670097	6	410
81.3541412	6	411
77.3839950	6	412
741.400718	16	347
538.284301	16	367
783.582448	16	343
618.553400	16	360
821.862936	16	340
710.587263	16	351
81.6988945	6	413
534.513473	16	369
78.2105922	6	414
604.792594	16	363
846.087932	16	339
644.615411	16	359
527.945041	16	371
82.0744037	6	415
762.686014	16	348
561.940431	16	368
78.8590908	6	416
753.846168	16	350
553.093910	16	370
78.5191059	6	417
79.5967578	6	418
80.4977416	6	419
78.2332420	6	420
780.017375	16	352
81.5505981	6	421
776.465892	16	353
78.8154602	6	422
81.2859535	6	423
598.152399	16	372
590.195894	16	373
79.3313980	6	424
789.562225	16	354
583.546161	16	374
80.1568031	6	425
80.2285671	6	426
78.2396793	6	427
77.9757499	6	428
84.3985080	6	429
79.9477100	6	430
76.5311717	6	431
80.1227092	6	432
80.2943706	6	433
81.7332267	6	434
77.1291255	6	435
77.2707462	6	436
78.2136917	6	437
81.4051628	6	438
76.5945911	6	439
77.3813724	6	440
76.4656066	6	441
76.7245292	6	442
83.8458538	6	443
77.9647827	6	444
76.4839649	6	445
77.0514011	6	446
83.9769840	6	447
78.6488056	6	448
77.3067474	6	449
78.7951946	6	450
78.0315399	6	451
86.0090255	6	452
77.4605274	6	453
78.4957408	6	454
82.0119380	6	455
80.8334350	6	456
78.6027908	6	457
77.4426460	6	458
76.7734050	6	459
77.1188735	6	460
82.6671123	6	461
77.6631832	6	462
79.4708728	6	463
76.6844749	6	464
77.4741172	6	465
77.4376392	6	466
79.5388221	6	467
78.0866146	6	468
79.8363685	6	469
82.4816226	6	470
78.7000656	6	471
77.3627758	6	472
79.2472362	6	473
78.5944461	6	474
78.5481929	6	475
230.581283	16	479
248.904466	16	480
231.746673	16	484
251.826524	16	483
254.714965	16	488
323.244810	16	487
423.472881	16	477
432.919740	16	476
353.766679	16	486
370.604515	16	490
492.731571	16	478
469.813823	16	482
369.447946	16	498
329.376220	16	503
523.076534	16	485
607.086896	16	481
394.712209	16	505
530.405998	16	492
523.013114	16	493
521.872043	16	495
522.282123	16	496
423.336982	16	507
372.729063	16	513
511.972188	16	500
598.535776	16	491
406.312227	16	512
371.522426	16	516
583.204269	16	494
638.523817	16	489
567.047595	16	497
384.441614	16	517
469.732046	16	509
605.181694	16	499
429.207086	16	518
590.413331	16	504
89.7009372	6	556
84.2201709	6	557
85.7839584	6	558
636.426687	16	502
587.794303	16	508
88.3429050	6	559
88.7198448	6	560
85.6802463	6	561
85.6547355	6	562
87.8021717	6	563
87.3403549	6	564
80.2428722	6	565
82.3638439	6	566
497.475862	16	525
593.411922	16	515
79.8668861	6	567
398.875713	16	536
429.341316	16	533
78.3348083	6	568
563.487291	16	520
82.7984809	6	569
79.1168212	6	570
78.7963867	6	571
447.846174	16	535
565.443754	16	523
81.4900398	6	572
688.101291	16	511
81.1469554	6	573
416.962385	16	540
796.000242	16	501
81.8939208	6	574
461.690902	16	537
81.3150405	6	575
728.693008	16	510
81.9277763	6	576
79.3108940	6	577
706.809282	16	514
645.356416	16	521
82.2980403	6	578
679.183006	16	519
83.1348896	6	579
79.9813270	6	580
77.4564743	6	581
84.9997997	6	582
82.3106765	6	583
534.792661	16	538
531.091928	16	539
81.8471908	6	584
649.158477	16	528
83.4619998	6	585
77.4955749	6	586
78.8044929	6	587
474.698066	16	548
714.442968	16	524
692.589759	16	527
494.047641	16	547
86.1816406	6	588
533.993959	16	544
524.937391	16	545
81.9301605	6	589
84.2442512	6	590
79.4677734	6	591
779.761314	16	522
583.511590	16	542
78.1555175	6	592
683.625459	16	532
485.114812	16	552
80.5993080	6	593
78.4039497	6	594
82.4761390	6	595
485.609531	16	555
507.663488	16	553
80.0395011	6	596
620.548963	16	543
87.7661705	6	597
78.7117481	6	598
993.858098	16	506
78.6166191	6	599
80.8866024	6	600
675.669908	16	541
823.694705	16	526
782.186985	16	530
625.276565	16	546
584.509849	16	550
79.3259143	6	601
79.0643692	6	602
769.631385	16	534
80.2261829	6	603
827.898979	16	529
630.951642	16	549
86.0445499	6	604
816.802024	16	531
618.214368	16	551
587.573528	16	554
80.1587104	6	605
76.6661167	6	606
80.6834697	6	607
84.8946571	6	608
82.6995372	6	609
77.3532390	6	610
81.0215473	6	611
77.8925418	6	612
84.6149921	6	613
77.5189399	6	614
78.4380435	6	615
76.8864154	6	616
83.5130214	6	617
77.3010253	6	618
78.3078670	6	619
80.8563232	6	620
78.2754421	6	621
82.9062461	6	622
77.8634548	6	623
77.2967338	6	624
77.3501396	6	625
80.3530216	6	626
79.3201923	6	627
78.3419609	6	628
83.8224887	6	629
77.8808593	6	630
81.6607475	6	631
78.2461166	6	632
78.0642032	6	633
78.8211822	6	634
83.8987827	6	635
76.4539241	6	636
78.8872241	6	637
84.1245651	6	638
77.9891014	6	639
77.4173736	6	640
78.1431198	6	641
77.5260925	6	642
77.2564411	6	643
86.4779949	6	644
79.4429779	6	645
77.8176784	6	646
82.9384326	6	647
79.0767669	6	648
78.4919261	6	649
83.5177898	6	650
78.2489776	6	651
79.1785717	6	652
83.2669734	6	653
229.527473	16	654
228.858947	16	656
230.407238	16	660
251.298189	16	658
261.475324	16	657
230.994462	16	661
232.537031	16	662
244.859695	16	663
264.873743	16	664
312.258958	16	672
477.177619	16	659
451.979160	16	669
473.962306	16	667
474.641084	16	668
347.337722	16	683
607.028722	16	655
454.299926	16	674
449.484109	16	675
541.099786	16	665
361.112594	16	685
325.227260	16	689
541.237354	16	671
589.948177	16	666
85.9723091	6	719
400.917053	16	688
86.2400531	6	720
498.291730	16	679
87.1758460	6	721
85.2077007	6	722
87.8086090	6	723
534.766674	16	678
86.9255065	6	724
87.8653526	6	725
363.362789	16	699
84.7213268	6	726
380.557537	16	698
86.4338874	6	727
81.4266204	6	728
632.462263	16	673
85.9854221	6	729
574.780702	16	680
453.400611	16	693
81.1514854	6	730
525.028944	16	687
81.9501876	6	731
81.3934803	6	732
382.665872	16	703
641.022205	16	676
566.448926	16	684
81.3851356	6	733
706.190109	16	670
603.183746	16	682
81.4886093	6	734
437.779903	16	700
657.959699	16	677
80.6009769	6	735
405.976295	16	704
354.979276	16	709
545.761108	16	690
629.715442	16	681
435.200214	16	702
81.8216800	6	736
389.956951	16	707
80.3263187	6	737
421.268463	16	705
84.0606689	6	738
524.241447	16	696
81.1524391	6	739
520.763397	16	697
85.2818489	6	740
493.868589	16	701
80.7366371	6	741
78.7553787	6	742
561.453104	16	695
78.5250663	6	743
452.859878	16	708
85.1376056	6	744
79.9257755	6	745
81.7153453	6	746
644.258260	16	691
81.8560123	6	747
80.1432132	6	748
83.5402011	6	749
77.8415203	6	750
82.3714733	6	751
736.908674	16	686
544.149398	16	706
491.889715	16	711
81.1324119	6	752
430.551528	16	718
482.922315	16	713
83.7147235	6	753
701.693058	16	692
79.1194438	6	754
79.6098709	6	755
77.8079032	6	756
519.087076	16	712
80.0302028	6	757
82.5812816	6	758
79.8637866	6	759
570.711612	16	710
82.4728012	6	760
80.7521343	6	761
80.9805393	6	762
760.958194	16	694
556.879281	16	714
78.4058570	6	763
544.339179	16	716
77.6698589	6	764
539.749860	16	717
78.1567096	6	765
77.0888328	6	766
582.100629	16	715
83.9109420	6	767
79.0650844	6	768
80.7230472	6	769
77.5930881	6	770
82.7047824	6	771
77.0573616	6	772
78.0494213	6	773
77.0986080	6	774
77.7280330	6	775
85.3366851	6	776
78.6008834	6	777
83.4236145	6	778
77.6526927	6	779
80.9192657	6	780
77.9926776	6	781
77.9907703	6	782
78.4900188	6	783
77.9533386	6	784
82.6451778	6	785
77.2166252	6	786
80.7123184	6	787
77.5442123	6	788
81.5215110	6	789
81.0322761	6	790
80.9350013	6	791
76.7412185	6	792
77.5516033	6	793
79.5233249	6	794
77.1679878	6	795
77.6672363	6	797
94.4540500	6	796
79.5443058	6	799
81.1493396	6	800
79.6358585	6	801
109.629869	6	798
234.721183	16	802
238.595962	16	803
249.314546	16	808
232.392311	16	811
246.837377	16	812
276.384830	16	810
286.570549	16	809
245.378017	16	814
235.723972	16	816
264.989614	16	817
86.5411758	6	837
84.2454433	6	838
88.7527465	6	839
285.706281	16	818
86.7705345	6	840
419.430732	16	804
83.3539962	6	841
84.4206809	6	842
296.719789	16	820
84.8760604	6	843
442.463636	16	805
294.899940	16	822
87.2571468	6	844
444.674730	16	806
84.1267108	6	845
81.3479423	6	846
343.568086	16	819
81.3419818	6	847
301.545381	16	824
331.402778	16	821
81.4509391	6	848
80.8923244	6	849
311.012983	16	825
79.8642635	6	850
313.156127	16	826
80.7805061	6	851
494.575738	16	807
79.3771743	6	852
78.0787467	6	853
333.263397	16	827
78.5672664	6	854
338.992118	16	828
386.848926	16	823
85.3736400	6	855
80.8978080	6	856
318.035602	16	832
327.288866	16	831
80.6982517	6	857
339.201688	16	830
81.6631317	6	858
293.947696	16	836
365.466594	16	829
80.7631015	6	859
323.225736	16	834
79.1158676	6	860
78.5210132	6	861
521.066427	16	815
82.4644565	6	862
79.6222686	6	863
551.353454	16	813
354.394435	16	835
86.7369174	6	864
79.5395374	6	865
387.115001	16	833
81.7587375	6	866
78.8857936	6	867
77.8512954	6	868
78.2585144	6	869
78.9117813	6	870
76.6236782	6	871
77.1954059	6	872
82.7775001	6	873
77.3606300	6	874
80.1992416	6	875
79.2338848	6	876
77.7790546	6	877
80.0845623	6	878
79.5440673	6	879
78.0987739	6	880
78.2704353	6	881
83.5177898	6	882
77.0676136	6	883
76.8961906	6	884
76.7881870	6	885
77.1980285	6	886
82.8211307	6	887
80.9116363	6	888
76.9436359	6	889
78.3464908	6	890
83.9800834	6	891
77.5246620	6	892
81.3112258	6	893
78.2830715	6	894
76.2007236	6	895
85.0996971	6	896
232.793092	16	897
229.593276	16	902
243.474245	16	901
276.880025	16	900
242.558002	16	905
254.020929	16	906
272.942781	16	904
256.233692	16	907
254.568099	16	911
408.328294	16	903
309.753179	16	916
296.241760	16	921
379.203081	16	913
478.289604	16	908
86.4489078	6	951
590.354919	16	898
89.6978378	6	952
495.755910	16	910
88.2391929	6	953
306.704998	16	931
85.6115818	6	954
86.0908031	6	955
86.0178470	6	956
86.9734287	6	957
542.936801	16	909
375.298738	16	928
89.7595882	6	958
87.1479511	6	959
79.7283649	6	960
381.296396	16	930
667.057991	16	899
85.7536792	6	961
555.830001	16	912
80.0387859	6	962
536.755800	16	915
80.1634788	6	963
78.9573192	6	964
489.345788	16	922
522.750616	16	919
81.4940929	6	965
547.934293	16	917
81.5842151	6	966
79.6256065	6	967
506.019592	16	923
424.496412	16	932
79.1006088	6	968
377.001047	16	937
399.844884	16	935
609.385728	16	914
401.121139	16	936
82.2329521	6	969
336.595535	16	943
346.481323	16	942
80.9097290	6	970
78.5436630	6	971
77.6345729	6	972
380.974054	16	941
85.3016376	6	973
536.525964	16	927
79.5028209	6	974
469.274044	16	934
565.516710	16	925
78.1557559	6	975
620.641946	16	920
430.354118	16	940
365.875244	16	947
500.788688	16	933
79.2541503	6	976
596.410036	16	924
78.6702632	6	977
406.034231	16	944
589.266777	16	926
87.2223377	6	978
81.5205574	6	979
421.530246	16	945
79.2388916	6	980
418.440580	16	946
83.2037925	6	981
76.7495632	6	982
81.7983150	6	983
80.7557106	6	984
419.994115	16	950
727.037906	16	918
442.703008	16	948
535.190582	16	938
82.0517539	6	985
80.8351039	6	986
86.1575603	6	987
78.8791179	6	988
653.802156	16	929
560.132980	16	939
79.1771411	6	989
483.825683	16	949
83.2831859	6	990
79.2431831	6	991
77.1570205	6	992
77.0783424	6	993
83.1930637	6	994
76.9109725	6	995
81.8727016	6	996
77.9013633	6	997
76.5838623	6	998
82.1735858	6	999
76.7605304	6	1000
78.3715248	6	1001
77.1934986	6	1002
84.4635963	6	1003
78.1705379	6	1004
80.6128978	6	1005
78.8362026	6	1006
78.8419246	6	1007
82.7543735	6	1008
84.0699672	6	1020
84.9006175	6	1021
86.0030651	6	1022
87.6083374	6	1023
86.8203639	6	1024
228.627443	16	1009
84.1000080	6	1025
228.082895	16	1010
85.2754116	6	1026
228.110551	16	1011
85.9594345	6	1027
228.425502	16	1012
88.3815288	6	1028
229.012966	16	1013
86.3847732	6	1029
82.3333263	6	1030
228.645086	16	1014
80.8770656	6	1031
228.498220	16	1015
228.264093	16	1016
81.1614990	6	1032
228.245973	16	1017
81.2342166	6	1033
77.2645473	6	1034
229.180335	16	1018
79.5788764	6	1035
228.327989	16	1019
80.2636146	6	1036
79.0741443	6	1037
77.1286487	6	1038
77.2163867	6	1039
77.0084857	6	1040
83.1632614	6	1041
230.633974	16	1042
240.684270	16	1050
311.647653	16	1044
268.282413	16	1049
290.313959	16	1047
238.736867	16	1055
256.674289	16	1054
86.4121913	6	1074
250.580072	16	1057
85.5348110	6	1075
86.3320827	6	1076
85.0412845	6	1077
86.8155956	6	1078
86.6868495	6	1079
304.513216	16	1056
288.795948	16	1058
84.2702388	6	1080
273.183107	16	1060
87.8672599	6	1081
414.038419	16	1046
87.4760150	6	1082
77.8739452	6	1083
307.796239	16	1059
77.1462917	6	1084
302.228450	16	1061
84.4693183	6	1085
78.0158042	6	1086
308.706760	16	1062
444.001674	16	1048
79.3795585	6	1087
284.670114	16	1066
494.675159	16	1043
481.554508	16	1045
82.5796127	6	1088
278.175592	16	1068
80.9078216	6	1089
333.693742	16	1063
80.6462764	6	1090
78.5529613	6	1091
279.130220	16	1070
344.813346	16	1064
81.3107490	6	1092
83.3468437	6	1093
348.651170	16	1065
482.856512	16	1051
465.161323	16	1053
83.4500789	6	1094
320.694446	16	1069
81.1154842	6	1095
79.2164802	6	1096
298.916339	16	1073
76.5273571	6	1097
366.227388	16	1067
78.3455371	6	1098
78.7894725	6	1099
344.636440	16	1071
529.365539	16	1052
86.3339900	6	1100
78.3386230	6	1101
81.3450813	6	1102
362.231492	16	1072
80.0197124	6	1103
76.6885280	6	1104
78.7463188	6	1105
82.1390151	6	1106
78.5868167	6	1107
77.9542922	6	1108
85.3896141	6	1109
77.6929855	6	1110
81.5782546	6	1111
76.2453079	6	1112
77.8136253	6	1113
77.1508216	6	1114
84.4476222	6	1115
77.6667594	6	1116
77.3193836	6	1117
81.5043449	6	1118
78.5324573	6	1119
80.4154872	6	1120
235.150337	16	1123
242.786407	16	1126
279.720544	16	1122
290.241956	16	1121
247.612714	16	1129
243.978500	16	1134
246.470451	16	1135
85.6013298	6	1155
86.8334770	6	1156
86.8599414	6	1157
88.1795883	6	1158
85.0353240	6	1159
329.156875	16	1133
410.690307	16	1124
85.8428478	6	1160
304.524183	16	1137
315.606832	16	1136
305.110931	16	1138
87.5999927	6	1161
83.3082199	6	1162
420.061588	16	1127
84.6614837	6	1163
77.5191783	6	1164
422.051429	16	1128
77.3906707	6	1165
318.042278	16	1140
282.023191	16	1144
328.617095	16	1139
80.7132720	6	1166
79.9269676	6	1167
81.6490650	6	1168
287.440061	16	1147
79.4239044	6	1169
76.6701698	6	1170
290.715932	16	1148
311.794996	16	1146
77.7676105	6	1171
455.489397	16	1131
78.0415534	6	1172
300.888299	16	1149
477.331399	16	1130
462.573528	16	1132
79.8511505	6	1173
291.637659	16	1151
372.451782	16	1143
313.920974	16	1150
82.6511383	6	1174
300.337076	16	1152
79.7479152	6	1175
398.041486	16	1142
414.196968	16	1141
80.8134078	6	1176
559.956789	16	1125
78.4072875	6	1177
79.3435573	6	1178
311.040639	16	1154
401.714324	16	1145
81.9833278	6	1179
80.4710388	6	1180
81.3050270	6	1181
79.3461799	6	1182
77.8410434	6	1183
367.630004	16	1153
79.6105861	6	1184
78.1033039	6	1185
79.4622898	6	1186
78.8531303	6	1187
82.7026367	6	1188
76.5426158	6	1189
80.8358192	6	1190
77.9027938	6	1191
82.2629928	6	1192
82.1189880	6	1193
77.4946212	6	1194
76.4722824	6	1195
77.1105289	6	1196
85.5319499	6	1197
77.1565437	6	1198
78.1636238	6	1199
78.0956745	6	1200
83.3637714	6	1201
231.060266	16	1202
228.793859	16	1203
241.173744	16	1204
229.287147	16	1206
228.239536	16	1208
232.794523	16	1209
232.019662	16	1211
234.658241	16	1212
315.787553	16	1205
245.708703	16	1213
86.8511199	6	1228
247.461080	16	1214
232.101202	16	1216
240.778923	16	1215
84.7859382	6	1229
316.178798	16	1207
292.949914	16	1210
86.5981578	6	1230
84.4733715	6	1231
241.802215	16	1217
87.5201225	6	1232
86.0428810	6	1233
85.8740806	6	1234
84.4709873	6	1235
83.8327407	6	1236
77.3279666	6	1237
77.9495239	6	1238
83.1406116	6	1239
280.421257	16	1221
79.9598693	6	1240
248.350620	16	1222
313.905477	16	1218
312.085866	16	1219
80.2853107	6	1241
77.4338245	6	1242
312.496423	16	1220
257.783651	16	1223
77.9721736	6	1243
248.224020	16	1226
82.7543735	6	1244
269.157886	16	1224
80.7023048	6	1245
79.3616771	6	1246
79.8094272	6	1247
82.7798843	6	1248
80.2102088	6	1249
76.4114856	6	1250
319.269895	16	1225
78.7932872	6	1251
78.4661769	6	1252
321.281671	16	1227
85.9293937	6	1253
77.0130157	6	1254
80.1057815	6	1255
81.2869071	6	1256
82.3059082	6	1257
76.5721797	6	1258
78.0472755	6	1259
81.8839073	6	1260
76.9658088	6	1261
82.0872783	6	1262
77.5184631	6	1263
81.6645622	6	1264
78.8221359	6	1265
79.6911716	6	1266
77.8598785	6	1267
77.0051479	6	1268
81.5331935	6	1269
77.6298046	6	1270
79.7646045	6	1271
77.4006843	6	1272
230.482578	16	1275
245.442867	16	1274
243.233680	16	1276
235.842704	16	1278
249.712228	16	1277
251.072406	16	1279
240.359306	16	1284
251.845121	16	1283
234.544754	16	1285
235.869646	16	1286
235.289096	16	1287
83.7955474	6	1304
287.693023	16	1282
86.1368179	6	1305
86.1685276	6	1306
86.6296291	6	1307
268.057107	16	1288
342.505216	16	1280
88.1681442	6	1308
85.3695869	6	1309
84.6891403	6	1310
87.5203609	6	1311
86.6320133	6	1312
78.0744552	6	1313
295.863628	16	1290
316.282510	16	1289
87.1245861	6	1314
77.4874687	6	1315
305.975675	16	1291
300.710201	16	1292
79.9679756	6	1316
76.5869617	6	1317
77.1410465	6	1318
303.048133	16	1294
76.4546394	6	1319
303.631782	16	1295
85.4511260	6	1320
314.387321	16	1296
522.014141	16	1273
80.9485912	6	1321
287.769317	16	1299
80.4119110	6	1322
311.645269	16	1298
322.672367	16	1297
364.304065	16	1293
84.0084552	6	1323
79.5898437	6	1324
279.193401	16	1303
78.3293247	6	1325
79.2787075	6	1326
80.7795524	6	1327
320.176839	16	1302
79.4532299	6	1328
514.808654	16	1281
332.984447	16	1301
84.7368240	6	1329
76.5333175	6	1330
77.1820545	6	1331
83.8634967	6	1332
76.8959522	6	1333
383.938550	16	1300
77.5380134	6	1334
83.7814807	6	1335
78.5448551	6	1336
77.0862102	6	1337
83.5893154	6	1338
77.5122642	6	1339
79.6968936	6	1340
81.1164379	6	1341
78.5753726	6	1342
78.0127048	6	1343
83.9836597	6	1344
230.658054	16	1351
229.879617	16	1353
240.227699	16	1352
235.526323	16	1354
228.976726	16	1355
87.0401859	6	1371
87.7432823	6	1372
231.986284	16	1357
85.6525897	6	1373
322.877883	16	1348
85.9711170	6	1374
240.701913	16	1358
234.862327	16	1359
83.9293003	6	1375
85.7369899	6	1376
87.3622894	6	1377
249.251604	16	1360
84.4266414	6	1378
76.6613483	6	1380
87.5287055	6	1379
308.354854	16	1356
409.873485	16	1345
77.6548385	6	1381
76.6892433	6	1382
77.4936676	6	1383
78.4158706	6	1384
292.112112	16	1362
77.8925418	6	1385
307.614564	16	1361
78.1121253	6	1386
280.133724	16	1365
306.370258	16	1363
78.2313346	6	1387
300.755977	16	1364
436.073541	16	1349
435.923576	16	1350
84.6121311	6	1388
81.4027786	6	1389
275.333881	16	1369
80.6822776	6	1390
272.940158	16	1370
80.7373523	6	1391
502.903938	16	1346
324.998855	16	1366
496.739864	16	1347
82.0610523	6	1392
78.1917572	6	1393
336.924791	16	1367
84.9127769	6	1394
79.4429779	6	1395
82.8926563	6	1396
80.2109241	6	1397
356.706142	16	1368
79.9651145	6	1398
78.7258148	6	1399
77.8172016	6	1400
78.2835483	6	1401
78.9067745	6	1402
84.2552185	6	1403
79.1404247	6	1404
83.2505226	6	1405
76.7507553	6	1406
76.7147541	6	1407
77.6028633	6	1408
80.2690982	6	1409
76.9610404	6	1410
84.7573280	6	1411
235.396862	16	1413
236.219644	16	1415
254.812479	16	1416
236.145734	16	1419
228.446483	16	1420
244.415283	16	1421
232.650518	16	1423
244.895458	16	1422
85.6723785	6	1440
84.8684310	6	1441
86.8873596	6	1442
251.985788	16	1425
86.6701602	6	1443
246.825695	16	1426
239.416837	16	1427
85.6928825	6	1444
86.8852138	6	1445
85.9813690	6	1446
86.3127708	6	1447
305.555105	16	1424
85.2327346	6	1448
77.8322219	6	1449
77.9147148	6	1450
287.488222	16	1429
86.1535072	6	1451
79.3032646	6	1452
309.211730	16	1428
282.683134	16	1431
79.5707702	6	1453
422.964096	16	1417
80.2881717	6	1454
81.3291072	6	1455
290.842294	16	1433
318.873882	16	1430
79.3662071	6	1456
81.3326835	6	1457
79.6539783	6	1458
511.016845	16	1412
79.0967941	6	1459
290.511846	16	1437
312.626123	16	1435
274.001359	16	1439
306.092262	16	1436
82.5693607	6	1460
511.028528	16	1414
333.278656	16	1434
79.3914794	6	1461
351.490736	16	1432
484.113693	16	1418
79.0309906	6	1462
78.6252021	6	1463
322.369098	16	1438
82.2257995	6	1464
77.6255130	6	1465
79.0729522	6	1466
76.8482685	6	1467
77.8160095	6	1468
84.4001770	6	1469
76.6746997	6	1470
77.2650241	6	1471
77.0108699	6	1472
85.8373641	6	1473
77.8419971	6	1474
77.1563053	6	1475
79.5638561	6	1476
231.193780	16	1478
230.992555	16	1481
233.618021	16	1483
236.108303	16	1484
232.722997	16	1485
293.855667	16	1480
234.990835	16	1487
84.8686695	6	1505
236.676454	16	1489
268.349170	16	1486
86.8608951	6	1506
85.4673385	6	1507
84.1705799	6	1508
272.398471	16	1488
85.5891704	6	1509
264.078140	16	1490
250.542879	16	1492
86.9536399	6	1510
86.4589214	6	1511
279.540538	16	1491
87.3625278	6	1512
84.1696262	6	1513
77.0869255	6	1514
78.1884193	6	1515
416.102647	16	1479
77.1989822	6	1516
284.758329	16	1494
77.0990848	6	1517
77.9821872	6	1518
322.187185	16	1493
82.8924179	6	1519
299.915552	16	1496
310.714006	16	1495
80.7352066	6	1520
79.4370174	6	1521
285.221576	16	1499
79.6422958	6	1522
305.063247	16	1498
79.7357559	6	1523
79.2946815	6	1524
302.151203	16	1501
79.3068408	6	1525
290.631771	16	1503
481.222867	16	1482
79.0758132	6	1526
529.110431	16	1477
351.465702	16	1497
78.5372257	6	1527
321.644306	16	1502
339.773654	16	1500
304.219245	16	1504
81.2962055	6	1528
77.0294666	6	1529
80.5711746	6	1530
81.6946029	6	1531
82.3864936	6	1532
77.2945880	6	1533
77.1722793	6	1534
77.6321887	6	1535
77.3551464	6	1536
82.3786258	6	1537
77.3701667	6	1538
76.7886638	6	1539
77.3341655	6	1540
84.7580432	6	1541
78.0310630	6	1542
79.1528224	6	1543
77.4114131	6	1544
85.2818489	6	1545
81.6714763	6	1546
78.2992839	6	1547
77.9533386	6	1548
78.1624317	6	1549
83.1038951	6	1550
77.5003433	6	1551
249.702215	16	1552
242.885589	16	1555
231.130838	16	1557
269.282579	16	1554
228.358983	16	1559
241.833448	16	1558
228.703975	16	1560
84.8162174	6	1577
230.732202	16	1562
85.9413146	6	1578
85.7186317	6	1579
85.8561992	6	1580
246.366500	16	1563
86.4617824	6	1581
272.068023	16	1561
246.366500	16	1564
85.7510566	6	1582
84.6192836	6	1583
238.219738	16	1567
86.8129730	6	1584
83.3075046	6	1585
262.464284	16	1566
82.6060771	6	1586
77.6722431	6	1587
82.7217102	6	1588
303.408861	16	1565
80.8136463	6	1589
273.537635	16	1569
77.1653652	6	1590
83.9724540	6	1591
281.961441	16	1570
301.256179	16	1568
77.6774883	6	1592
284.057378	16	1571
82.1721553	6	1593
77.1861076	6	1594
80.4846286	6	1595
293.814420	16	1572
81.1336040	6	1596
77.5277614	6	1597
284.102439	16	1575
77.5644779	6	1598
495.873451	16	1553
311.184406	16	1574
81.1011791	6	1599
336.218118	16	1573
86.3885879	6	1600
494.073152	16	1556
80.2302360	6	1601
313.943862	16	1576
76.9951343	6	1602
80.8324813	6	1603
77.4595737	6	1604
77.8739452	6	1605
77.8565406	6	1606
77.0230293	6	1607
78.1188011	6	1608
83.6091041	6	1609
77.2895812	6	1610
77.7127742	6	1611
83.6586952	6	1612
77.0313739	6	1613
77.3324966	6	1614
77.2647857	6	1615
78.0627727	6	1616
81.1839103	6	1617
80.0995826	6	1618
228.972673	16	1620
229.221105	16	1621
240.559577	16	1625
297.675371	16	1619
239.037036	16	1626
234.202146	16	1627
239.693164	16	1628
302.700042	16	1623
237.718582	16	1632
245.701074	16	1633
86.3609313	6	1653
264.513015	16	1634
88.0010128	6	1654
85.8230590	6	1655
86.7152214	6	1656
283.491134	16	1635
87.2030258	6	1657
85.7257843	6	1658
87.1069431	6	1659
296.571493	16	1637
86.7116451	6	1660
309.244155	16	1636
84.8183631	6	1661
83.8413238	6	1662
79.6205997	6	1663
77.5549411	6	1664
322.355747	16	1638
310.264825	16	1640
81.8963050	6	1665
77.6095390	6	1666
79.1776180	6	1667
437.525987	16	1629
284.712076	16	1646
501.268386	16	1622
76.8766403	6	1668
339.979410	16	1641
77.8372287	6	1669
313.797473	16	1645
276.341438	16	1649
78.6023139	6	1670
344.105482	16	1642
78.8223743	6	1671
80.8572769	6	1672
355.065345	16	1643
468.386411	16	1631
323.521614	16	1647
315.686941	16	1648
82.4031829	6	1673
77.8167247	6	1674
416.399717	16	1639
80.0740718	6	1675
306.833982	16	1651
551.478385	16	1624
299.621820	16	1652
78.0427455	6	1676
80.0700187	6	1677
393.933296	16	1644
79.0457725	6	1678
78.6180496	6	1679
534.779548	16	1630
353.806018	16	1650
79.4641971	6	1680
77.4307250	6	1681
76.9014358	6	1682
80.5609226	6	1683
76.6212940	6	1684
77.1903991	6	1685
76.7717361	6	1686
77.1441459	6	1687
78.9000988	6	1688
77.9519081	6	1689
79.4854164	6	1690
78.6035060	6	1691
77.4977207	6	1692
79.6613693	6	1693
231.402873	16	1694
235.203266	16	1696
231.032133	16	1703
238.812208	16	1704
267.375707	16	1702
86.7002010	6	1723
236.022233	16	1707
94.9265956	6	1724
241.013050	16	1708
85.8726501	6	1725
85.3250026	6	1726
245.912075	16	1709
327.057361	16	1700
278.076648	16	1706
289.093732	16	1705
87.5244140	6	1727
86.5583419	6	1728
83.9817523	6	1729
86.5805149	6	1730
85.1833820	6	1731
79.4074535	6	1732
283.328771	16	1712
79.2353153	6	1733
281.721830	16	1713
78.1574249	6	1734
314.854860	16	1710
423.826932	16	1698
82.7894210	6	1735
410.160064	16	1701
448.923587	16	1697
84.8379135	6	1736
79.7657966	6	1737
333.970069	16	1711
291.185617	16	1716
85.8840942	6	1738
79.9763202	6	1739
458.072900	16	1699
76.8549442	6	1740
328.223466	16	1714
294.127464	16	1718
277.616739	16	1721
81.1331272	6	1741
298.089742	16	1719
319.027423	16	1717
80.8551311	6	1742
79.2472362	6	1743
79.9336433	6	1744
302.030324	16	1722
546.647787	16	1695
77.7053833	6	1745
367.888927	16	1715
85.1981639	6	1746
77.2893428	6	1747
79.2768001	6	1748
85.0324630	6	1749
78.2773494	6	1750
368.671894	16	1720
78.2880783	6	1751
78.0160427	6	1752
76.9579410	6	1753
84.2826366	6	1754
80.7783603	6	1755
78.0036449	6	1756
77.1141052	6	1757
84.0299129	6	1758
78.2690048	6	1759
78.0832767	6	1760
77.6443481	6	1761
78.9434909	6	1762
83.1189155	6	1763
79.5450210	6	1764
79.0431499	6	1765
77.7482986	6	1766
83.2960605	6	1767
77.8114795	6	1768
76.9436359	6	1769
230.573177	16	1772
244.121074	16	1773
230.022907	16	1776
285.038948	16	1770
228.887557	16	1777
246.713876	16	1775
231.418371	16	1778
229.223489	16	1779
87.3074531	6	1796
233.090877	16	1780
87.0378017	6	1797
88.2174968	6	1798
87.8329277	6	1799
81.2933444	6	1800
85.4799747	6	1801
271.452426	16	1781
256.688833	16	1783
84.7129821	6	1802
247.304916	16	1785
85.0780010	6	1803
83.6808681	6	1804
287.055253	16	1782
87.6908302	6	1805
80.6748867	6	1806
79.4742107	6	1807
294.208288	16	1784
275.218248	16	1787
79.6017646	6	1808
77.8131484	6	1809
78.1161785	6	1810
309.015750	16	1786
448.034286	16	1771
77.7680873	6	1811
286.021947	16	1789
300.119161	16	1788
78.7787437	6	1812
439.070940	16	1774
77.8310298	6	1813
289.973974	16	1791
76.8396854	6	1814
284.165382	16	1793
278.071165	16	1794
80.4281234	6	1815
301.431655	16	1792
80.0120830	6	1816
79.6513557	6	1817
291.142940	16	1795
79.3516635	6	1818
342.221975	16	1790
79.2534351	6	1819
79.6484947	6	1820
78.5291194	6	1821
80.0766944	6	1822
78.9937973	6	1823
77.5589942	6	1824
77.1474838	6	1825
77.4435997	6	1826
78.2890319	6	1827
76.8435001	6	1828
76.9696235	6	1829
78.9787769	6	1830
85.4046344	6	1831
77.5682926	6	1832
232.794284	16	1834
240.359067	16	1835
258.625268	16	1836
243.625879	16	1838
276.328802	16	1837
250.959634	16	1840
243.055343	16	1841
260.093450	16	1843
246.028900	16	1846
242.111444	16	1847
254.363775	16	1848
323.815584	16	1842
86.0247611	6	1874
84.7551822	6	1875
291.347503	16	1854
88.1443023	6	1876
339.508533	16	1849
86.2441062	6	1877
343.641519	16	1850
88.7007713	6	1878
86.6696834	6	1879
85.4935646	6	1880
282.418251	16	1860
313.396930	16	1857
85.5035781	6	1881
81.8519592	6	1882
433.971166	16	1845
84.2149257	6	1883
324.326515	16	1858
498.840093	16	1839
77.9199600	6	1884
461.179018	16	1844
351.126670	16	1856
78.3860683	6	1885
78.7148475	6	1886
581.800222	16	1833
77.7201652	6	1887
329.368829	16	1861
389.316082	16	1855
297.605752	16	1865
290.325880	16	1866
82.9946994	6	1888
77.3122310	6	1889
365.004062	16	1859
423.283576	16	1853
326.237201	16	1864
78.1602859	6	1890
85.5107307	6	1891
79.2911052	6	1892
359.131336	16	1863
77.4526596	6	1893
336.762905	16	1867
83.3826065	6	1894
77.0220756	6	1895
394.772291	16	1862
346.280574	16	1868
80.5666446	6	1896
77.9995918	6	1897
80.8250904	6	1898
79.4799327	6	1899
83.0783843	6	1900
79.0514945	6	1901
389.087915	16	1869
550.803184	16	1852
79.4975757	6	1902
391.891956	16	1870
83.4970474	6	1903
80.4402828	6	1904
77.0783424	6	1905
78.7391662	6	1906
602.795839	16	1851
78.1118869	6	1907
413.938045	16	1872
85.7038497	6	1908
436.801433	16	1871
80.0845623	6	1909
77.8024196	6	1910
77.4743556	6	1911
81.5336704	6	1912
77.4281024	6	1913
460.178852	16	1873
78.7341594	6	1914
77.7542591	6	1915
78.4273147	6	1916
80.7926654	6	1917
82.1189880	6	1918
77.8317451	6	1919
80.3093910	6	1920
83.7824344	6	1921
80.2848339	6	1922
78.1164169	6	1923
79.0805816	6	1924
77.1434307	6	1925
82.7291011	6	1926
80.4283618	6	1927
78.9294242	6	1928
80.4073810	6	1929
231.925010	16	1934
230.864524	16	1935
268.141508	16	1932
235.919713	16	1936
84.5911502	6	1953
276.617765	16	1933
86.1473083	6	1954
228.868484	16	1939
85.1395130	6	1955
231.315135	16	1940
86.2140655	6	1956
83.9092731	6	1957
233.842372	16	1941
261.442184	16	1938
276.382446	16	1937
85.3970050	6	1958
232.983112	16	1942
233.443260	16	1943
87.0537757	6	1959
87.2926712	6	1960
86.7471694	6	1961
248.358011	16	1944
243.621587	16	1945
86.7297649	6	1962
79.9968242	6	1963
77.1465301	6	1964
80.9786319	6	1965
77.1534442	6	1966
83.0285549	6	1967
79.9911022	6	1968
274.516582	16	1947
424.053668	16	1931
289.966821	16	1946
79.2424678	6	1969
80.5990695	6	1970
291.589021	16	1948
80.3215503	6	1971
77.5489807	6	1972
300.106763	16	1949
81.1178684	6	1973
292.079925	16	1951
81.9494724	6	1974
78.7394046	6	1975
76.5511989	6	1976
502.047300	16	1930
77.9082775	6	1977
316.584825	16	1952
76.9796371	6	1978
342.118501	16	1950
76.4310359	6	1979
76.9498348	6	1980
236.973762	16	1984
233.725309	16	1985
234.666585	16	1986
296.717882	16	1982
235.530138	16	1989
228.519916	16	1990
285.476684	16	1987
87.5759124	6	2009
83.7910175	6	2010
85.6614112	6	2011
254.673480	16	1993
237.727165	16	1995
88.3233547	6	2012
87.9607200	6	2013
246.267080	16	1996
288.180589	16	1992
85.3025913	6	2014
302.595376	16	1991
83.6691856	6	2015
289.368391	16	1994
86.3838195	6	2016
86.7016315	6	2017
83.4770202	6	2018
81.6061496	6	2019
77.6512622	6	2020
437.958240	16	1981
420.334577	16	1983
289.565563	16	1998
78.9184570	6	2021
285.656213	16	1999
314.008712	16	1997
82.8604698	6	2022
280.667066	16	2001
78.8688659	6	2023
295.624256	16	2000
76.9248008	6	2024
83.2958221	6	2025
291.067838	16	2003
425.424337	16	1988
79.7312259	6	2026
78.1157016	6	2027
79.4799327	6	2028
306.034564	16	2004
79.6132087	6	2029
306.265354	16	2005
298.368692	16	2006
79.6329975	6	2030
294.377088	16	2008
83.1265449	6	2031
79.2009830	6	2032
79.1325569	6	2033
371.260881	16	2002
76.3337612	6	2034
78.5467624	6	2035
341.460466	16	2007
78.1621932	6	2036
78.2351493	6	2037
77.1257877	6	2038
78.0801773	6	2039
84.8784446	6	2040
80.6198120	6	2041
77.8808593	6	2042
78.2568454	6	2043
77.6085853	6	2044
77.4798393	6	2045
77.5315761	6	2046
79.6549320	6	2047
78.4194469	6	2048
83.8248729	6	2049
77.0790576	6	2050
77.7628421	6	2051
78.6025524	6	2052
77.8236389	6	2053
77.7170658	6	2054
79.2689323	6	2055
82.7219486	6	2056
77.3458480	6	2057
84.1653347	6	2058
77.3472785	6	2059
230.351686	16	2061
231.314420	16	2063
229.953527	16	2064
251.707553	16	2062
247.235059	16	2065
232.973098	16	2067
253.142356	16	2066
242.335081	16	2075
84.9153995	6	2094
326.159238	16	2068
81.5460681	6	2095
85.6370925	6	2096
84.9606990	6	2097
282.719850	16	2077
87.3963832	6	2098
87.9249572	6	2099
83.8451385	6	2100
333.728790	16	2074
82.6187133	6	2101
472.497940	16	2060
85.6008529	6	2102
79.9927711	6	2103
299.116849	16	2081
80.8789730	6	2104
322.434663	16	2079
333.870172	16	2078
78.9740085	6	2105
423.341751	16	2069
79.5543193	6	2106
80.3611278	6	2107
326.175451	16	2082
344.597339	16	2080
418.667793	16	2072
77.8286457	6	2108
322.145223	16	2084
440.752029	16	2071
81.2733173	6	2109
333.432435	16	2083
80.9569358	6	2110
406.482458	16	2076
290.383100	16	2089
318.976879	16	2086
79.1447162	6	2111
320.542812	16	2087
80.5277824	6	2112
453.071355	16	2073
79.3738365	6	2113
282.598257	16	2092
489.535331	16	2070
308.965206	16	2090
79.2534351	6	2114
306.120395	16	2091
79.9100399	6	2115
79.4134140	6	2116
375.650405	16	2085
79.4632434	6	2117
77.8732299	6	2118
317.752838	16	2093
76.6880512	6	2119
375.392675	16	2088
79.0896415	6	2120
79.7107219	6	2121
79.3914794	6	2122
78.9921283	6	2123
78.6030292	6	2124
79.3528556	6	2125
79.6508789	6	2126
78.2759189	6	2127
79.5812606	6	2128
78.5412788	6	2129
78.4370899	6	2130
235.917806	16	2131
229.548931	16	2134
242.591381	16	2135
238.899230	16	2136
243.436336	16	2140
235.178470	16	2142
262.160539	16	2139
251.392364	16	2141
236.003637	16	2145
272.938013	16	2144
255.384683	16	2146
86.0171318	6	2164
85.7172012	6	2165
85.7720375	6	2166
84.9027633	6	2167
86.0357284	6	2168
87.0680809	6	2169
85.4101181	6	2170
290.617465	16	2149
85.4177474	6	2171
86.5809917	6	2172
413.438081	16	2138
86.8287086	6	2173
79.0419578	6	2174
335.538625	16	2147
270.349979	16	2154
302.784442	16	2151
81.6462039	6	2175
77.8927803	6	2176
350.445508	16	2148
82.4749469	6	2177
81.0339450	6	2178
467.122316	16	2137
289.145708	16	2156
299.330472	16	2155
77.2247314	6	2179
275.466918	16	2158
515.684604	16	2133
331.869602	16	2153
77.3966312	6	2180
532.712936	16	2132
368.767738	16	2150
82.0872783	6	2181
80.0371170	6	2182
367.253303	16	2152
78.9425373	6	2183
286.910295	16	2161
328.830718	16	2157
283.709526	16	2162
78.5195827	6	2184
316.947460	16	2159
80.2979469	6	2185
314.853191	16	2160
81.3078880	6	2186
78.5942077	6	2187
83.3196640	6	2188
83.2638740	6	2189
83.2827091	6	2190
80.7039737	6	2191
80.5468559	6	2192
77.1636962	6	2193
85.4482650	6	2194
80.6546211	6	2195
578.062772	16	2143
83.0497741	6	2196
387.128829	16	2163
80.6474685	6	2197
79.3616771	6	2198
79.5683860	6	2199
76.9584178	6	2200
83.4124088	6	2201
80.2173614	6	2202
80.5783271	6	2203
78.5238742	6	2204
80.6624889	6	2205
79.2310237	6	2206
76.9138336	6	2207
76.7071247	6	2208
77.8849124	6	2209
76.8933296	6	2211
86.0083103	6	2210
82.3242664	6	2212
78.2077312	6	2213
76.2598514	6	2214
76.6606330	6	2215
77.7878761	6	2216
78.3085823	6	2217
87.2209072	6	2218
80.3201198	6	2219
230.805635	16	2221
230.716943	16	2222
229.657411	16	2223
84.1715335	6	2239
228.740930	16	2224
86.1778259	6	2240
229.360342	16	2225
85.0265026	6	2241
276.787996	16	2220
228.960752	16	2226
84.9089622	6	2242
228.661060	16	2227
83.3153724	6	2243
83.9493274	6	2244
228.123664	16	2229
83.9099884	6	2245
83.8735103	6	2246
238.823413	16	2230
230.340719	16	2231
260.355710	16	2228
83.9071273	6	2247
77.1818161	6	2248
229.832887	16	2232
77.0688056	6	2249
231.636047	16	2233
76.6835212	6	2250
76.9281387	6	2251
234.216690	16	2235
78.9918899	6	2252
79.0221691	6	2253
77.8977870	6	2254
270.307064	16	2234
78.4256458	6	2255
78.3052444	6	2256
81.0985565	6	2257
283.705472	16	2236
80.5914402	6	2258
79.8850059	6	2259
288.867712	16	2237
281.450986	16	2238
80.2330970	6	2260
77.8820514	6	2261
233.411788	16	2265
238.732337	16	2269
262.487888	16	2268
250.215530	16	2273
86.1401557	6	2298
85.3598117	6	2299
87.6350402	6	2300
86.2309932	6	2301
292.352199	16	2279
302.187919	16	2278
87.3825550	6	2302
86.9090557	6	2303
88.7017250	6	2304
314.839601	16	2280
85.8676433	6	2305
85.9065055	6	2306
78.6025524	6	2307
420.782089	16	2270
78.9787769	6	2308
333.142280	16	2281
493.418931	16	2263
415.477752	16	2272
462.847471	16	2267
84.6600532	6	2309
81.0470581	6	2310
337.460041	16	2283
80.0025463	6	2311
78.9561271	6	2312
541.176557	16	2262
291.908502	16	2290
532.774925	16	2264
82.7846527	6	2313
356.903314	16	2284
285.491466	16	2292
334.119081	16	2287
81.7434787	6	2314
356.775760	16	2285
323.235034	16	2289
387.884855	16	2282
78.0069828	6	2315
498.535633	16	2271
81.0441970	6	2316
473.553180	16	2275
81.8767547	6	2317
79.6160697	6	2318
80.9988975	6	2319
377.583265	16	2288
312.233209	16	2295
77.6107311	6	2320
511.498928	16	2274
485.800504	16	2277
499.755620	16	2276
369.071960	16	2291
594.091415	16	2266
419.022083	16	2286
86.5383148	6	2321
359.834432	16	2293
77.8286457	6	2322
349.799633	16	2294
322.767972	16	2297
337.109327	16	2296
78.7796974	6	2323
77.1768093	6	2324
78.8495540	6	2325
84.3977928	6	2326
78.1242847	6	2327
84.2342376	6	2328
80.6972980	6	2329
78.0568122	6	2330
78.5665512	6	2331
79.1287422	6	2332
80.0704956	6	2333
78.8142681	6	2334
84.3296051	6	2335
78.9854526	6	2336
80.7979106	6	2337
76.3714313	6	2338
79.7469615	6	2339
77.1012306	6	2340
76.7581462	6	2341
82.5693607	6	2342
77.8996944	6	2343
82.8936100	6	2344
77.5682926	6	2345
76.9751071	6	2346
78.7279605	6	2347
78.0961513	6	2348
77.6865482	6	2349
78.6013603	6	2350
76.9908428	6	2351
77.3372650	6	2352
84.5983028	6	2353
79.0770053	6	2354
78.5102844	6	2355
77.5218009	6	2356
77.9674053	6	2357
76.3881206	6	2359
85.2704048	6	2358
78.1543254	6	2360
77.0840644	6	2361
231.005907	16	2363
232.011318	16	2366
230.653047	16	2367
232.144117	16	2369
245.509862	16	2368
306.521892	16	2362
250.755548	16	2372
235.845088	16	2375
255.028963	16	2373
263.382196	16	2374
86.2774848	6	2395
263.011932	16	2377
86.2798690	6	2396
84.0063095	6	2397
86.2357616	6	2398
86.3699913	6	2399
84.5866203	6	2400
318.872213	16	2376
86.6625308	6	2401
311.501741	16	2378
83.8208198	6	2402
293.564796	16	2381
278.366804	16	2383
85.2355957	6	2403
78.0181884	6	2404
320.839166	16	2379
79.3294906	6	2405
325.353860	16	2380
79.7038078	6	2406
277.750968	16	2386
77.8677463	6	2407
429.874897	16	2370
77.2712230	6	2408
78.1180858	6	2409
341.032028	16	2382
306.536674	16	2387
85.6585502	6	2410
78.9017677	6	2411
518.097400	16	2365
341.117382	16	2385
292.617559	16	2390
316.044807	16	2389
559.038400	16	2364
347.210407	16	2388
312.171697	16	2392
512.706041	16	2371
301.245927	16	2394
400.808095	16	2384
347.352027	16	2391
358.083724	16	2393
84.1515064	6	2429
87.2678756	6	2430
230.267524	16	2415
86.0450267	6	2431
229.366540	16	2416
85.1178169	6	2432
85.3774547	6	2433
232.906103	16	2417
228.791713	16	2418
86.7824554	6	2434
227.541923	16	2419
88.0212783	6	2435
231.060504	16	2420
84.0878486	6	2436
228.255510	16	2421
87.6030921	6	2437
228.750944	16	2422
84.2087268	6	2438
83.1985473	6	2439
78.5515308	6	2440
77.8522491	6	2441
229.182243	16	2425
350.658655	16	2412
334.243297	16	2414
254.672288	16	2423
80.2772045	6	2442
246.785640	16	2424
231.131553	16	2426
79.8308849	6	2443
79.2582035	6	2444
237.984895	16	2428
81.2208652	6	2445
79.5865058	6	2446
77.5589942	6	2447
81.0384750	6	2448
77.6727199	6	2449
79.3709754	6	2450
420.724630	16	2413
292.252779	16	2427
84.1276645	6	2451
76.7736434	6	2452
79.6680450	6	2453
76.9093036	6	2454
76.9970417	6	2455
77.4979591	6	2456
76.9016742	6	2457
78.0336856	6	2458
76.5728950	6	2459
84.2828750	6	2460
77.6605606	6	2461
76.9126415	6	2462
77.7502059	6	2463
78.5813331	6	2464
85.6320858	6	2465
77.7559280	6	2466
77.5349140	6	2467
78.1598091	6	2468
85.8919620	6	2469
77.5623321	6	2470
77.5120258	6	2471
78.4969329	6	2472
84.7606658	6	2473
81.5098285	6	2474
77.7733325	6	2475
78.0830383	6	2476
78.4611701	6	2477
83.0411911	6	2478
76.9493579	6	2479
77.0933628	6	2480
76.7960548	6	2481
83.5998058	6	2482
78.3030986	6	2483
79.2679786	6	2484
79.9074172	6	2485
80.0542831	6	2486
80.7969570	6	2487
240.985631	16	2492
251.311779	16	2491
235.373497	16	2493
229.537248	16	2494
229.239702	16	2495
228.215456	16	2496
229.628801	16	2497
232.321023	16	2501
235.501766	16	2503
295.771360	16	2498
293.042898	16	2499
297.698020	16	2504
287.585973	16	2506
306.303739	16	2507
470.603942	16	2489
234.311342	16	2512
234.479904	16	2513
91.4235115	6	2529
314.289093	16	2511
86.0581398	6	2530
84.4728946	6	2531
354.526758	16	2509
546.478271	16	2488
86.4698886	6	2532
87.4934196	6	2533
459.557771	16	2500
86.1256122	6	2534
551.498889	16	2490
87.1844291	6	2535
83.6164951	6	2536
290.563344	16	2515
84.5279693	6	2537
415.536642	16	2508
83.4655761	6	2538
482.311248	16	2502
284.146070	16	2517
311.488389	16	2514
79.5238018	6	2539
415.570974	16	2510
266.652345	16	2520
257.418632	16	2521
80.6217193	6	2540
309.756278	16	2516
77.3899555	6	2541
76.9453048	6	2542
79.0736675	6	2543
286.501646	16	2522
319.835186	16	2519
86.4460468	6	2544
82.4263095	6	2545
280.644178	16	2524
76.8094062	6	2546
266.790390	16	2526
78.1850814	6	2547
352.076053	16	2518
80.6126594	6	2548
546.559333	16	2505
319.811344	16	2523
303.748846	16	2525
290.782928	16	2527
85.2341651	6	2549
228.477716	16	2550
230.767250	16	2551
86.2636566	6	2570
82.3702812	6	2571
250.323295	16	2553
83.4021568	6	2572
231.736898	16	2556
229.469537	16	2557
86.0323905	6	2573
228.760004	16	2558
84.5518112	6	2574
288.311719	16	2552
86.2219333	6	2575
278.978347	16	2554
230.895280	16	2560
277.390718	16	2555
86.9419574	6	2576
85.5846405	6	2577
235.496759	16	2561
84.5181941	6	2578
265.619516	16	2559
231.783390	16	2563
241.762876	16	2562
85.6213569	6	2579
77.4166584	6	2580
78.1507492	6	2581
82.5412273	6	2582
583.460807	16	2528
77.5620937	6	2583
258.729219	16	2564
83.7717056	6	2584
79.9305438	6	2585
80.0542831	6	2586
282.931089	16	2565
80.6596279	6	2587
271.639585	16	2567
262.863397	16	2568
80.4247856	6	2588
78.7711143	6	2589
79.4341564	6	2590
303.422212	16	2566
77.2364139	6	2591
293.843507	16	2569
83.9459896	6	2592
81.4123153	6	2593
78.4547328	6	2594
77.2802829	6	2595
77.3670673	6	2596
77.0153999	6	2597
76.7946243	6	2598
76.5273571	6	2599
77.7091979	6	2600
78.9203643	6	2601
80.3360939	6	2602
78.5732269	6	2603
79.8096656	6	2604
77.9025554	6	2605
79.0565013	6	2606
79.0975093	6	2607
78.4709453	6	2608
78.3982276	6	2609
77.9950618	6	2610
86.4613056	6	2611
78.0479907	6	2612
77.4726867	6	2613
78.7966251	6	2614
76.8074989	6	2615
85.5691432	6	2616
76.9619941	6	2617
76.9102573	6	2618
77.2922039	6	2619
80.8808803	6	2620
78.7336826	6	2621
77.5973796	6	2622
78.2101154	6	2623
77.7299404	6	2624
83.0783843	6	2625
77.2707462	6	2626
79.3950557	6	2627
79.5402526	6	2628
238.413572	16	2630
229.920148	16	2631
229.853630	16	2632
228.744029	16	2633
84.8865509	6	2650
229.128360	16	2634
228.965282	16	2635
86.2038135	6	2651
81.9194316	6	2652
229.004621	16	2636
229.278564	16	2637
86.2023830	6	2653
228.358507	16	2638
84.8960876	6	2654
230.932474	16	2639
87.9726409	6	2655
86.4946842	6	2656
83.0199718	6	2657
86.4560604	6	2658
77.5628089	6	2659
246.957063	16	2641
77.3119926	6	2660
77.6348114	6	2661
241.631269	16	2644
282.187461	16	2640
77.1658420	6	2662
77.2807598	6	2663
276.161909	16	2642
271.513462	16	2643
77.5113105	6	2664
77.3150920	6	2665
79.2419910	6	2666
279.918909	16	2645
76.9281387	6	2667
282.311677	16	2646
79.4148445	6	2668
270.216226	16	2648
286.953926	16	2647
79.8060894	6	2669
79.5149803	6	2670
81.2644958	6	2671
79.8521041	6	2672
80.0774097	6	2673
487.359523	16	2629
308.607101	16	2649
79.5521736	6	2674
79.0920257	6	2675
79.7326564	6	2676
77.6782035	6	2677
83.9996337	6	2678
81.0492038	6	2679
236.804485	16	2680
255.906105	16	2685
242.816448	16	2688
232.676029	16	2690
260.587930	16	2689
257.963418	16	2691
241.210699	16	2693
258.012771	16	2692
246.453285	16	2694
261.672496	16	2696
289.587974	16	2698
304.911851	16	2697
445.211410	16	2682
301.824092	16	2700
354.089975	16	2695
463.919401	16	2686
458.598136	16	2687
542.637825	16	2681
85.8376026	6	2730
87.3072147	6	2731
85.1652622	6	2732
540.244579	16	2684
289.629220	16	2712
354.613542	16	2705
87.0871543	6	2733
353.116750	16	2706
89.3976688	6	2734
85.5181217	6	2735
388.813495	16	2704
86.5428447	6	2736
85.8554840	6	2737
86.2100124	6	2738
82.5810432	6	2739
619.748115	16	2683
81.0708999	6	2740
356.545686	16	2713
81.4752578	6	2741
81.7694664	6	2742
390.499114	16	2711
363.759517	16	2714
78.0181884	6	2743
349.980115	16	2716
413.643598	16	2710
80.8506011	6	2744
77.6469707	6	2745
78.1633853	6	2746
370.984792	16	2717
77.0080089	6	2747
80.6808471	6	2748
79.5655250	6	2749
390.751361	16	2718
79.9608230	6	2750
426.241159	16	2715
80.7702541	6	2751
389.405250	16	2720
80.9512138	6	2752
566.221714	16	2702
378.995180	16	2722
80.2597999	6	2753
83.3539962	6	2754
595.659971	16	2701
80.5387496	6	2755
624.924659	16	2699
82.1926593	6	2756
550.960540	16	2708
428.016424	16	2721
390.075683	16	2725
79.0171623	6	2757
455.842018	16	2719
79.9126625	6	2758
379.850625	16	2728
81.2275409	6	2759
584.766387	16	2707
573.873519	16	2709
80.8961391	6	2760
418.291807	16	2726
79.7555446	6	2761
413.205862	16	2727
447.127819	16	2724
81.4893245	6	2762
401.873826	16	2729
80.8873176	6	2763
78.8779258	6	2764
80.5118083	6	2765
80.2092552	6	2766
694.383859	16	2703
80.6190967	6	2767
81.4678668	6	2768
525.435447	16	2723
77.7359008	6	2769
80.4409980	6	2770
78.5458087	6	2771
78.8133144	6	2772
79.4994831	6	2773
78.5770416	6	2774
77.6753425	6	2775
77.4233341	6	2776
84.3870639	6	2777
79.2491436	6	2778
76.7588615	6	2779
78.6628723	6	2780
77.1002769	6	2781
77.4860382	6	2782
86.8933200	6	2783
81.4714431	6	2784
78.4149169	6	2785
82.5636386	6	2786
78.4833431	6	2787
81.3930034	6	2788
77.4936676	6	2789
78.4261226	6	2790
77.3701667	6	2791
84.6569538	6	2792
77.5618553	6	2793
78.2949924	6	2794
81.1581611	6	2795
77.2497653	6	2796
81.3462734	6	2797
79.3845653	6	2798
77.3298740	6	2799
78.5558223	6	2800
83.5309028	6	2801
78.1066417	6	2802
77.3692131	6	2803
77.3255825	6	2804
78.2959461	6	2805
77.6953697	6	2806
76.6694545	6	2807
78.1781673	6	2808
230.377912	16	2810
244.498729	16	2809
247.591495	16	2811
232.861995	16	2814
266.909599	16	2813
269.515037	16	2815
259.266853	16	2823
270.124435	16	2826
326.984405	16	2822
308.243274	16	2825
409.086704	16	2816
457.203149	16	2812
447.184801	16	2817
411.411285	16	2821
422.911882	16	2820
363.717555	16	2827
344.738483	16	2832
300.444602	16	2841
310.627222	16	2840
474.194049	16	2824
395.398139	16	2833
413.110733	16	2834
553.599834	16	2819
339.398384	16	2846
464.521646	16	2836
522.190809	16	2830
86.1690044	6	2877
87.1715545	6	2878
366.164684	16	2850
415.527343	16	2845
499.452114	16	2837
88.3822441	6	2879
87.1937274	6	2880
90.0743007	6	2881
85.1705074	6	2882
89.5884037	6	2883
87.6102447	6	2884
496.942520	16	2843
85.0872993	6	2885
732.555866	16	2818
550.608634	16	2838
82.5135707	6	2886
371.143341	16	2857
80.1007747	6	2887
80.6279182	6	2888
82.1449756	6	2889
662.893295	16	2831
83.1799507	6	2890
509.447336	16	2847
682.735443	16	2829
354.217052	16	2863
385.915756	16	2860
697.540283	16	2828
83.3847522	6	2891
77.7320861	6	2892
390.389919	16	2861
80.1506042	6	2893
527.673006	16	2848
83.0707550	6	2894
79.2264938	6	2895
77.4035453	6	2896
652.718782	16	2839
82.3390483	6	2897
608.255147	16	2844
80.4810523	6	2898
703.845977	16	2835
506.003856	16	2856
83.6870670	6	2899
418.964385	16	2866
80.8711051	6	2900
392.196178	16	2870
84.6147537	6	2901
504.071235	16	2859
82.9715728	6	2902
463.130235	16	2864
79.7853469	6	2903
355.246067	16	2876
82.1979045	6	2904
80.9273719	6	2905
81.4657211	6	2906
487.296581	16	2865
80.3472995	6	2907
624.627351	16	2852
431.110620	16	2872
727.381229	16	2842
78.6201953	6	2908
532.145738	16	2862
79.3054103	6	2909
81.3694000	6	2910
599.012136	16	2858
82.9422473	6	2911
85.0336551	6	2912
79.5185565	6	2913
698.084592	16	2851
474.062204	16	2874
670.627117	16	2854
544.230937	16	2867
85.6077671	6	2914
79.3731212	6	2915
82.6432704	6	2916
79.7660350	6	2917
562.055349	16	2868
754.076004	16	2849
79.5230865	6	2918
78.3185958	6	2919
707.935810	16	2855
551.645994	16	2871
77.0492553	6	2920
579.912900	16	2869
532.526016	16	2875
85.1783752	6	2921
750.293016	16	2853
554.326772	16	2873
84.3303203	6	2922
85.7081413	6	2923
77.7952671	6	2924
77.8610706	6	2925
82.1793079	6	2926
78.8857936	6	2927
79.9639225	6	2928
78.1905651	6	2929
83.0698013	6	2930
79.6451568	6	2931
76.8101215	6	2932
78.9616107	6	2933
80.1987648	6	2934
85.9999656	6	2935
79.0042877	6	2936
78.3445835	6	2937
79.2367458	6	2938
76.6708850	6	2939
78.4103870	6	2940
80.1467895	6	2941
79.1611671	6	2942
77.2767066	6	2943
83.1949710	6	2944
78.1726837	6	2945
77.6703357	6	2946
76.8823623	6	2947
78.7003040	6	2948
77.4528980	6	2949
77.0177841	6	2950
78.8273811	6	2951
78.8962841	6	2952
83.5368633	6	2953
78.1202316	6	2954
78.4523487	6	2955
79.8156261	6	2956
77.6731967	6	2957
78.3879756	6	2958
78.4606933	6	2959
76.7452716	6	2960
77.7089595	6	2961
84.4099521	6	2962
79.1494846	6	2963
77.1095752	6	2964
83.3594799	6	2965
80.9755325	6	2966
77.6071548	6	2967
77.1901607	6	2968
234.791040	16	2974
262.472152	16	2973
242.403268	16	2982
298.470258	16	2978
310.900449	16	2985
289.441585	16	2994
509.514331	16	2970
460.018634	16	2977
510.165929	16	2972
460.747480	16	2979
556.146621	16	2969
514.830350	16	2975
509.181976	16	2976
438.372135	16	2984
480.849742	16	2981
573.626995	16	2971
349.608182	16	2996
499.775648	16	2987
563.513755	16	2980
527.121543	16	2988
408.662319	16	3002
597.605228	16	2983
574.633121	16	2986
389.343500	16	3007
443.108320	16	3005
559.003829	16	2993
478.007793	16	3003
374.666690	16	3014
85.9889984	6	3043
594.278097	16	2992
86.8096351	6	3044
545.921087	16	2999
87.9101753	6	3045
639.750957	16	2989
632.352590	16	2990
86.8139266	6	3046
432.630777	16	3012
488.073587	16	3006
402.630805	16	3016
87.7902507	6	3047
85.6430530	6	3048
379.914999	16	3019
648.783922	16	2991
90.5179977	6	3049
607.543706	16	2997
86.1282348	6	3050
83.9099884	6	3051
81.6438198	6	3052
605.468511	16	3001
81.8235874	6	3053
80.6541442	6	3054
589.455842	16	3004
79.7939300	6	3055
682.405948	16	2995
80.6124210	6	3056
571.772098	16	3008
422.208309	16	3024
79.0734291	6	3057
80.6686878	6	3058
81.3596248	6	3059
85.4384899	6	3060
80.3818702	6	3061
80.8427333	6	3062
730.205774	16	2998
433.983325	16	3028
716.636657	16	3000
81.1572074	6	3063
604.266166	16	3013
84.6312046	6	3064
395.648002	16	3034
81.8498134	6	3065
494.248151	16	3025
551.852226	16	3020
80.8658599	6	3066
525.288105	16	3023
79.7247886	6	3067
85.1750373	6	3068
449.802875	16	3033
82.0889472	6	3069
423.139333	16	3036
396.413564	16	3039
80.0137519	6	3070
84.2034816	6	3071
80.8205604	6	3072
81.4709663	6	3073
552.490472	16	3027
736.124753	16	3009
536.828994	16	3029
663.992404	16	3017
80.5146694	6	3074
84.3069553	6	3075
749.491453	16	3010
80.6648731	6	3076
548.594236	16	3030
528.557538	16	3032
646.309137	16	3021
593.046188	16	3026
79.3230533	6	3077
79.3571472	6	3078
82.1199417	6	3079
507.145881	16	3037
78.6318778	6	3080
77.8155326	6	3081
488.884925	16	3041
84.6223831	6	3082
811.818599	16	3011
81.4375877	6	3083
610.914945	16	3031
79.8449516	6	3084
78.4811973	6	3085
77.1069526	6	3086
594.840764	16	3035
800.459384	16	3015
83.4753513	6	3087
80.9853076	6	3088
570.332288	16	3040
81.4731121	6	3089
80.1522731	6	3090
77.3124694	6	3091
77.2759914	6	3092
581.401109	16	3042
787.465095	16	3022
828.957080	16	3018
624.315023	16	3038
78.3960819	6	3093
78.3455371	6	3094
79.1511535	6	3095
83.7342739	6	3096
76.7533779	6	3097
77.0385265	6	3098
82.0665359	6	3099
79.1177749	6	3100
78.4151554	6	3101
78.7963867	6	3102
84.7535133	6	3103
78.7062644	6	3104
81.5141201	6	3105
78.7434577	6	3106
77.4240493	6	3107
83.5502147	6	3108
76.8907070	6	3109
77.2988796	6	3110
76.8330097	6	3111
81.4847946	6	3112
76.6050815	6	3113
82.3256969	6	3114
77.0206451	6	3115
77.7232646	6	3116
83.0042362	6	3117
78.6139965	6	3118
78.9239406	6	3119
77.0907402	6	3120
84.0861797	6	3121
78.6933898	6	3122
79.8816680	6	3123
79.4751644	6	3124
79.1165828	6	3125
81.1009407	6	3126
77.4233341	6	3127
78.0456066	6	3128
79.7312259	6	3129
85.1907730	6	3130
79.0317058	6	3131
79.9849033	6	3132
78.4502029	6	3133
83.6663246	6	3134
76.8604278	6	3135
78.1705379	6	3136
245.846271	16	3137
240.267992	16	3143
255.098104	16	3142
238.301277	16	3144
239.707708	16	3145
289.175510	16	3141
245.986461	16	3146
256.211042	16	3147
243.379592	16	3149
246.430873	16	3150
316.790342	16	3153
351.394891	16	3151
329.836845	16	3157
295.053005	16	3162
503.631114	16	3140
542.979240	16	3138
347.330808	16	3160
314.761161	16	3166
492.075443	16	3148
297.511816	16	3170
340.720415	16	3168
502.530097	16	3154
561.581134	16	3152
524.679660	16	3156
690.079927	16	3139
547.348499	16	3155
372.520685	16	3174
517.816066	16	3159
500.308752	16	3164
374.009609	16	3177
391.020774	16	3176
88.6468887	6	3206
88.7906551	6	3207
90.2700424	6	3208
85.8676433	6	3209
548.290729	16	3163
85.5920314	6	3210
526.150465	16	3167
89.1296863	6	3211
88.0618095	6	3212
86.7264270	6	3213
85.3171348	6	3214
77.5289535	6	3215
615.484476	16	3161
643.836498	16	3158
82.4046134	6	3216
77.8274536	6	3217
382.682800	16	3187
357.764005	16	3190
449.305534	16	3181
79.0414810	6	3218
389.970541	16	3188
78.2043933	6	3219
411.867856	16	3186
79.4227123	6	3220
552.417993	16	3173
637.961387	16	3165
79.2465209	6	3221
78.7427425	6	3222
81.7680358	6	3223
593.388795	16	3172
80.2841186	6	3224
77.9736042	6	3225
646.301746	16	3169
78.4447193	6	3226
78.9833068	6	3227
80.0256729	6	3228
450.459957	16	3192
395.309686	16	3197
78.1948566	6	3229
79.9591541	6	3230
499.968767	16	3189
431.023120	16	3196
641.142845	16	3175
76.9026279	6	3231
78.2237052	6	3232
467.228651	16	3194
79.0584087	6	3233
462.033510	16	3195
80.0197124	6	3234
602.770805	16	3183
80.7578563	6	3235
77.3913860	6	3236
77.5279998	6	3237
688.096523	16	3178
86.4148139	6	3238
78.2070159	6	3239
653.296709	16	3182
449.561357	16	3202
682.349920	16	3180
446.111440	16	3203
83.9333534	6	3240
77.2342681	6	3241
476.819753	16	3201
781.034708	16	3171
588.292837	16	3191
496.953248	16	3200
83.8913917	6	3242
581.383228	16	3193
81.0005664	6	3243
537.482738	16	3198
81.1319351	6	3244
77.6050090	6	3245
83.2729339	6	3246
698.565959	16	3185
76.7261981	6	3247
80.4014205	6	3248
78.5546302	6	3249
514.743804	16	3205
80.2211761	6	3250
586.581945	16	3199
791.446447	16	3179
77.5971412	6	3251
756.464719	16	3184
80.7604789	6	3252
78.3629417	6	3253
79.6210765	6	3254
77.1925449	6	3255
80.9159278	6	3256
77.6948928	6	3257
599.456310	16	3204
78.1631469	6	3258
77.5055885	6	3259
78.0482292	6	3260
77.4292945	6	3262
86.8892669	6	3261
77.1601200	6	3263
78.6974430	6	3264
78.0515670	6	3265
78.1106948	6	3266
77.1024227	6	3267
77.4674415	6	3268
77.7139663	6	3269
84.6526622	6	3270
77.5244235	6	3271
78.2749652	6	3272
77.0947933	6	3273
76.7538547	6	3274
78.6538124	6	3275
76.9786834	6	3276
77.1706104	6	3277
76.4164924	6	3278
82.5216770	6	3279
77.7680873	6	3280
77.0821571	6	3281
83.2884311	6	3282
77.9943466	6	3283
77.5527954	6	3284
77.5153636	6	3285
77.3375034	6	3286
77.5535106	6	3287
84.7787857	6	3288
78.5717964	6	3289
78.2074928	6	3290
81.4189910	6	3291
77.3839950	6	3292
82.8838348	6	3293
77.5644779	6	3294
78.6223411	6	3295
78.2954692	6	3296
85.4101181	6	3297
79.2064666	6	3298
78.5453319	6	3299
77.7544975	6	3300
231.882333	16	3301
229.606389	16	3304
247.723817	16	3305
260.191917	16	3311
283.023834	16	3310
239.061832	16	3315
256.006956	16	3314
441.698074	16	3306
445.429325	16	3307
325.728893	16	3321
371.478796	16	3318
462.207555	16	3309
489.835023	16	3308
376.297950	16	3323
561.419248	16	3303
340.997219	16	3329
311.007738	16	3334
310.785770	16	3335
614.727258	16	3302
383.514881	16	3328
466.207981	16	3319
500.808954	16	3317
456.687450	16	3322
581.530094	16	3313
520.166397	16	3320
568.640708	16	3316
441.300630	16	3330
434.458494	16	3331
624.395132	16	3312
548.498868	16	3326
415.960311	16	3340
416.223287	16	3341
574.488639	16	3325
370.641469	16	3346
90.8000469	6	3377
87.1682167	6	3378
89.3814563	6	3379
434.145689	16	3345
87.4660015	6	3380
352.741479	16	3354
627.403974	16	3327
87.8579616	6	3381
416.238784	16	3349
86.1999988	6	3382
454.168558	16	3347
88.9925956	6	3383
85.2954387	6	3384
609.642744	16	3333
85.9656333	6	3385
82.0975303	6	3386
708.216667	16	3324
81.8240642	6	3387
79.9050331	6	3388
488.436937	16	3348
83.4560394	6	3389
82.4470520	6	3390
628.168582	16	3337
85.5960845	6	3391
78.5787105	6	3392
628.278493	16	3339
665.676832	16	3336
84.4779014	6	3393
464.782953	16	3356
81.9559097	6	3394
80.0387859	6	3395
473.421573	16	3357
81.9957256	6	3396
85.6685638	6	3397
81.7334651	6	3398
81.6724300	6	3399
703.902721	16	3338
491.517782	16	3359
485.195398	16	3360
81.6185474	6	3400
429.424285	16	3366
774.201393	16	3332
86.8191719	6	3401
82.5238227	6	3402
83.7485790	6	3403
435.884475	16	3369
84.5932960	6	3404
550.698757	16	3358
83.7743282	6	3405
77.5246620	6	3406
407.150745	16	3374
606.215476	16	3355
80.5237293	6	3407
508.062124	16	3365
79.3936252	6	3408
742.255210	16	3343
566.302776	16	3361
80.1331996	6	3409
78.8433551	6	3410
747.011899	16	3344
689.480543	16	3350
560.762405	16	3363
81.5370082	6	3411
79.5447826	6	3412
453.422546	16	3375
504.831075	16	3370
568.450689	16	3364
528.826951	16	3368
79.9756050	6	3413
693.082332	16	3353
77.5699615	6	3414
81.1719894	6	3415
562.565088	16	3367
79.4577598	6	3416
511.438369	16	3373
81.3992023	6	3417
79.6797275	6	3418
550.947904	16	3371
757.644414	16	3351
848.072528	16	3342
647.470951	16	3362
79.7111988	6	3419
78.3281326	6	3420
517.184734	16	3376
78.7343978	6	3421
80.0690650	6	3422
77.3220062	6	3423
77.1918296	6	3424
78.2310962	6	3425
78.4051418	6	3426
77.0916938	6	3427
84.3765735	6	3428
78.7317752	6	3429
77.4447917	6	3430
852.421522	16	3352
648.895740	16	3372
76.6494274	6	3431
78.2020092	6	3432
78.0980587	6	3433
77.6214599	6	3434
77.5501728	6	3435
80.4395675	6	3436
86.9944095	6	3437
78.5415172	6	3438
77.0840644	6	3439
76.8833160	6	3440
76.7562389	6	3441
77.7263641	6	3442
84.3157768	6	3443
77.2831439	6	3444
76.8895149	6	3445
82.9660892	6	3446
76.5252113	6	3447
80.3260803	6	3448
77.5449275	6	3449
78.2749652	6	3450
83.6431980	6	3451
81.7830562	6	3452
77.1574974	6	3453
76.7736434	6	3454
83.1665992	6	3455
77.4388313	6	3456
80.3308486	6	3457
80.4467201	6	3458
76.2848854	6	3459
83.3430290	6	3460
78.3948898	6	3461
77.3465633	6	3462
78.3472061	6	3463
83.2154750	6	3464
77.0266056	6	3465
83.6601257	6	3466
76.6010284	6	3467
79.4746875	6	3468
81.1445713	6	3469
77.0943164	6	3470
78.1042575	6	3471
77.6484012	6	3472
84.5704078	6	3473
79.3728828	6	3474
81.6872119	6	3475
78.0827999	6	3476
77.3735046	6	3477
76.8105983	6	3478
230.666160	16	3479
243.660211	16	3481
246.844768	16	3484
259.946584	16	3483
229.473352	16	3487
260.854244	16	3485
237.335443	16	3488
230.325460	16	3490
306.988000	16	3482
246.392250	16	3491
259.757757	16	3492
309.962749	16	3489
317.841529	16	3493
328.088283	16	3495
314.334630	16	3497
335.460186	16	3496
501.650571	16	3480
317.709684	16	3501
288.790941	16	3507
373.164415	16	3499
522.351264	16	3486
370.612621	16	3503
363.744258	16	3504
390.026330	16	3505
505.198478	16	3494
371.377468	16	3512
391.250371	16	3513
453.911304	16	3509
423.740386	16	3514
542.367696	16	3502
609.371662	16	3500
408.588171	16	3522
639.375209	16	3498
554.085731	16	3508
454.301118	16	3521
485.244274	16	3518
395.755290	16	3528
482.038736	16	3520
578.934907	16	3510
576.465845	16	3511
86.7462158	6	3561
85.3538513	6	3562
512.953281	16	3519
89.2128944	6	3563
87.9926681	6	3564
658.855199	16	3506
91.5651321	6	3565
86.1971378	6	3566
456.297874	16	3530
90.2760028	6	3567
83.9042663	6	3568
616.762161	16	3515
86.4169597	6	3569
540.429830	16	3524
85.7589244	6	3570
81.6025733	6	3571
455.284595	16	3535
83.7166309	6	3572
78.3057212	6	3573
79.1339874	6	3574
81.5639495	6	3575
80.0113677	6	3576
82.1990966	6	3577
79.8196792	6	3578
697.393655	16	3517
79.7088146	6	3579
79.9980163	6	3580
487.604379	16	3541
81.1939239	6	3581
82.4170112	6	3582
612.037658	16	3531
80.0747871	6	3583
655.375242	16	3527
694.765090	16	3523
83.9028358	6	3584
77.5198936	6	3585
567.595481	16	3537
520.120382	16	3543
79.1387557	6	3586
706.627845	16	3525
489.008665	16	3547
513.372182	16	3545
82.3194980	6	3587
462.966680	16	3551
79.2412757	6	3588
78.5298347	6	3589
510.032653	16	3548
78.1438350	6	3590
580.059289	16	3542
79.9067020	6	3591
723.649024	16	3529
529.395818	16	3549
85.8573913	6	3592
81.0368061	6	3593
598.594903	16	3544
81.1901092	6	3594
79.2183876	6	3595
549.429893	16	3550
796.368837	16	3526
598.876714	16	3546
508.940458	16	3555
83.8937759	6	3596
78.4952640	6	3597
907.454252	16	3516
79.8735618	6	3598
720.111131	16	3536
82.7789306	6	3599
83.7807655	6	3600
768.357515	16	3534
569.536209	16	3554
780.204772	16	3533
582.379341	16	3553
805.489063	16	3532
610.430002	16	3552
543.198347	16	3560
742.636442	16	3540
583.562850	16	3557
578.330755	16	3559
777.577161	16	3539
646.634817	16	3558
849.518060	16	3538
740.458488	16	3556
avg:  218.44036175145044
std:  190.09769323708642
p95:  607.5674295425414
p99:  768.5524725913999
com:  105.83620639774655
thg:  10.583620639774654
FCT:  34.014824628829956
que:  78.50817726718054
los:  0.0
2084 1516
**********************
