[4 7 6 ... 9 4 9]
85.8938694	6	1
85.0212574	6	2
86.0004425	6	3
85.3672027	6	4
84.6576690	6	5
85.0489139	6	6
86.9939327	6	7
84.2466354	6	8
84.8295688	6	9
86.9274139	6	10
82.4139118	6	16
104.562759	6	14
82.4782848	6	18
116.094589	6	13
95.2873229	6	17
113.802671	6	15
92.2005176	6	19
155.884742	6	12
164.065122	6	11
102.676153	6	21
122.096538	6	20
113.558530	6	22
110.667228	6	23
96.8301296	6	27
121.454954	6	24
120.905876	6	25
93.6138629	6	29
117.372989	6	26
113.390445	6	28
97.7427959	6	33
91.3798809	6	34
119.298219	6	30
116.498470	6	31
113.539934	6	32
239.470005	16	37
232.865333	16	41
234.845638	16	47
85.8347415	6	74
265.243768	16	49
259.669542	16	50
86.8322849	6	75
85.7551097	6	76
354.736328	16	39
88.3231163	6	77
87.5914096	6	78
267.235994	16	54
88.0122184	6	79
86.3089561	6	80
86.7214202	6	81
84.3935012	6	82
84.3205451	6	83
86.4486694	6	85
99.2586612	6	84
79.7047615	6	87
79.9393653	6	88
414.114236	16	43
99.5635986	6	86
476.629495	16	35
79.3473720	6	89
86.8334770	6	90
350.404500	16	55
88.3195400	6	91
369.373559	16	53
83.3780765	6	92
85.3660106	6	93
510.246515	16	36
440.786600	16	46
505.805253	16	38
93.4288501	6	94
370.493412	16	57
92.1587944	6	95
333.981752	16	63
385.042667	16	56
503.879785	16	40
91.8788909	6	96
86.1885547	6	97
359.067440	16	61
381.527900	16	58
83.5986137	6	98
452.418088	16	48
80.7347297	6	99
86.1954689	6	100
350.946426	16	66
80.2669525	6	102
91.1073684	6	101
409.428119	16	60
359.642028	16	67
92.4029350	6	103
362.321615	16	68
357.891559	16	69
94.1143035	6	104
77.7173042	6	106
94.3214893	6	105
362.391233	16	70
551.013469	16	44
545.130729	16	45
87.0387554	6	107
80.4004669	6	108
451.394319	16	59
80.3701877	6	109
429.418325	16	64
591.402053	16	42
87.4598026	6	110
91.6707515	6	111
471.206426	16	62
452.530860	16	65
97.3658561	6	112
91.2985801	6	114
562.011718	16	51
81.7391872	6	116
107.146501	6	113
82.4427604	6	117
98.5522270	6	115
89.2078876	6	118
91.5231704	6	119
441.030263	16	73
594.484329	16	52
454.164981	16	72
95.1819419	6	120
470.263242	16	71
83.3706855	6	123
88.7279510	6	124
111.758947	6	121
96.1329936	6	126
86.0683917	6	128
131.832599	6	122
117.438793	6	125
90.5756950	6	129
95.0934886	6	130
84.7849845	6	133
104.806661	6	132
121.055364	6	131
156.256437	6	127
89.7881984	6	139
130.309104	6	134
121.740579	6	136
116.008520	6	138
106.966257	6	140
79.6709060	6	144
107.887268	6	141
149.592876	6	135
137.897014	6	137
104.857921	6	142
95.1280593	6	145
113.517284	6	143
106.908082	6	146
106.732606	6	147
83.9042663	6	169
83.8828086	6	170
229.531288	16	149
239.304065	16	150
238.134622	16	155
82.3483467	6	185
85.8433246	6	186
268.720388	16	161
85.9560966	6	187
86.0619544	6	188
84.8827362	6	189
302.611351	16	160
87.0351791	6	190
90.3513431	6	191
84.9320888	6	192
288.264274	16	165
84.9099159	6	193
84.9947929	6	194
81.5842151	6	195
319.749593	16	164
84.6729278	6	196
84.7535133	6	197
419.714212	16	151
345.910787	16	162
86.8608951	6	198
328.781127	16	166
83.0726623	6	199
87.3575210	6	200
410.606622	16	156
340.963840	16	167
87.1796607	6	201
86.3454341	6	202
446.815967	16	153
79.4942378	6	204
92.0186042	6	203
334.291696	16	171
82.1614265	6	205
331.228733	16	173
478.016376	16	152
342.523813	16	172
86.4903926	6	206
81.8858146	6	207
323.555946	16	176
78.9034366	6	209
458.292484	16	158
91.0527706	6	208
535.783767	16	148
497.941493	16	154
86.3990783	6	210
361.862659	16	174
355.134725	16	175
485.870599	16	157
80.1644325	6	212
340.605497	16	178
419.568300	16	168
96.2996482	6	211
88.3116722	6	213
368.111371	16	177
79.8470973	6	215
494.544744	16	159
89.2620086	6	214
483.132123	16	163
88.6266231	6	216
340.009927	16	183
358.630895	16	181
86.3659381	6	217
82.1802616	6	219
387.360095	16	180
81.4249515	6	221
91.2442207	6	220
404.733180	16	179
111.294746	6	218
82.4842453	6	222
79.2834758	6	226
419.141054	16	182
110.966920	6	223
104.351043	6	224
405.882120	16	184
109.973430	6	225
87.6250267	6	229
97.1484184	6	228
108.989238	6	227
98.3316898	6	230
104.943752	6	231
85.2012634	6	236
94.2103862	6	235
117.678642	6	232
97.7392196	6	237
131.621360	6	233
109.087228	6	238
103.256940	6	240
150.394201	6	234
123.080253	6	239
87.3901844	6	246
115.349292	6	242
87.2273445	6	247
114.045381	6	243
103.579044	6	245
110.571861	6	244
136.962890	6	241
102.047681	6	248
107.112646	6	249
86.0331058	6	275
231.027841	16	255
85.8278274	6	276
229.809284	16	256
86.2085819	6	277
88.2346630	6	278
229.347467	16	258
238.374233	16	257
85.4289531	6	279
86.4553451	6	280
234.910488	16	259
86.8084430	6	281
303.281784	16	251
88.7236595	6	282
311.780691	16	250
91.1996364	6	283
86.7009162	6	284
244.133234	16	263
241.421937	16	264
85.2141380	6	286
262.519836	16	261
98.5903739	6	285
83.3930969	6	287
251.249551	16	265
90.2173519	6	288
82.9730033	6	291
303.172111	16	260
82.9813480	6	293
305.248260	16	262
115.459918	6	289
110.986232	6	290
98.6058712	6	292
84.7611427	6	294
281.408786	16	267
83.8587284	6	295
86.9753360	6	297
93.4600830	6	296
316.400051	16	266
310.800552	16	268
96.2159633	6	298
309.119224	16	269
443.105459	16	252
112.037181	6	299
435.712814	16	254
107.191324	6	300
104.755640	6	301
450.890064	16	253
83.1940174	6	305
91.1231040	6	304
327.285766	16	272
101.476907	6	303
319.220542	16	274
333.852767	16	273
128.672599	6	302
102.123975	6	306
95.5047607	6	309
111.797332	6	307
113.061666	6	308
100.394010	6	310
88.2406234	6	313
106.282472	6	312
409.691333	16	270
82.2436809	6	316
409.570932	16	271
120.946407	6	311
99.6339321	6	315
114.397525	6	314
97.0094203	6	317
94.5541858	6	318
243.494510	16	321
234.652996	16	327
258.511304	16	324
248.491525	16	326
263.867855	16	325
308.001518	16	319
253.566741	16	334
86.3597393	6	362
86.0903263	6	363
344.618320	16	328
342.952728	16	329
86.2984657	6	364
87.0301723	6	365
84.8252773	6	366
300.641536	16	338
87.3544216	6	367
89.1480445	6	368
323.508024	16	337
85.9246253	6	369
88.2751941	6	370
86.1704349	6	371
92.2987461	6	372
77.6386260	6	374
90.0554656	6	373
86.3897800	6	375
86.8179798	6	376
485.411882	16	323
80.1970958	6	378
441.758394	16	330
91.3612842	6	377
346.756219	16	344
368.176937	16	341
83.5435390	6	379
513.017892	16	322
83.2891464	6	380
449.068546	16	332
81.1889171	6	381
537.230014	16	320
83.7252140	6	382
454.937934	16	333
83.1255912	6	383
411.400556	16	340
77.4369239	6	384
481.429100	16	331
350.524902	16	350
80.6496143	6	385
83.2178592	6	386
424.884796	16	342
356.088161	16	352
83.7972164	6	387
426.569938	16	343
76.8156051	6	388
411.335706	16	346
77.8913497	6	389
79.0977478	6	390
388.736963	16	351
80.2514553	6	391
384.991407	16	353
81.9044113	6	392
426.484346	16	348
77.2516727	6	393
427.141904	16	349
77.6214599	6	394
459.447145	16	345
450.409650	16	347
78.0692100	6	395
81.1681747	6	396
422.852754	16	354
85.1922035	6	397
77.0242214	6	398
78.4864425	6	399
79.6124935	6	400
409.898757	16	358
583.443880	16	335
81.3608169	6	401
82.4489593	6	402
80.0731182	6	403
460.949420	16	355
80.6548595	6	404
84.7096443	6	405
77.8298377	6	407
465.611696	16	357
97.0034599	6	406
82.7898979	6	408
629.632711	16	336
447.020292	16	361
78.1538486	6	410
473.062753	16	359
623.466491	16	339
92.8034782	6	409
505.846977	16	356
475.316762	16	360
86.4317417	6	411
92.1432971	6	412
92.7984714	6	413
92.8719043	6	414
81.2704563	6	416
97.8560447	6	415
80.4760456	6	419
89.2713069	6	418
96.4858531	6	417
97.6922512	6	420
104.360580	6	421
87.8283977	6	424
88.9227390	6	425
87.9387855	6	426
115.925550	6	422
120.167970	6	423
94.4371223	6	428
104.429483	6	427
99.4510650	6	431
116.980314	6	429
120.025873	6	430
93.3783054	6	434
82.9722881	6	436
84.1212272	6	437
113.302469	6	433
124.836921	6	432
113.062858	6	435
97.7199077	6	439
98.7944602	6	440
116.163253	6	438
247.309923	16	448
312.242031	16	441
86.1320495	6	477
86.6212844	6	478
86.8566036	6	479
86.7271423	6	480
85.8421325	6	481
363.528251	16	443
323.420047	16	450
88.4113311	6	482
88.3758068	6	483
89.6701812	6	484
292.048931	16	457
87.9976749	6	485
87.9709720	6	486
311.459302	16	459
81.1681747	6	490
103.810071	6	487
101.333379	6	488
82.1909904	6	491
81.6600322	6	492
104.939699	6	489
329.242706	16	460
345.261335	16	458
430.340766	16	446
91.9733047	6	493
93.0027961	6	494
79.6656608	6	496
93.5232639	6	495
417.116403	16	452
440.886020	16	449
496.795415	16	442
97.1982479	6	497
82.8914642	6	500
420.520305	16	455
343.230009	16	466
100.227117	6	498
82.9067230	6	501
104.717254	6	499
85.3624343	6	502
446.599006	16	454
471.932172	16	451
324.732303	16	472
89.4734859	6	503
502.229690	16	447
349.497795	16	469
524.562120	16	444
466.361999	16	453
521.565914	16	445
325.216293	16	473
408.383846	16	462
83.2712650	6	506
457.380294	16	456
81.4933776	6	507
326.300621	16	475
409.584283	16	464
404.010295	16	465
106.181144	6	505
114.620447	6	504
333.204984	16	476
86.3935947	6	509
354.192972	16	474
97.7482795	6	508
379.354238	16	471
413.745641	16	467
91.6495323	6	510
461.958646	16	461
413.124322	16	468
401.179790	16	470
88.2244110	6	513
464.929819	16	463
105.366706	6	511
104.388952	6	512
92.5681591	6	514
90.3282165	6	515
92.2174453	6	516
85.3450298	6	517
90.8322334	6	518
246.254444	16	528
239.679098	16	531
258.067369	16	530
307.114839	16	526
86.5089893	6	558
82.7729701	6	559
85.8917236	6	560
85.2150917	6	561
87.3420238	6	562
85.0768089	6	563
87.0115756	6	564
84.5744609	6	565
293.279170	16	538
85.1809978	6	566
87.0344638	6	567
428.115367	16	521
83.5893154	6	568
412.937641	16	524
87.4433517	6	569
455.690145	16	519
78.9208412	6	571
79.0276527	6	572
100.718736	6	570
80.0552368	6	573
436.244249	16	525
79.6933174	6	575
93.5411453	6	574
343.606710	16	541
324.393033	16	544
392.844915	16	535
85.2196216	6	576
367.487907	16	539
383.872509	16	537
420.333623	16	532
92.3318862	6	577
82.5629234	6	578
85.7014656	6	579
347.583532	16	545
82.1492671	6	580
82.1907520	6	581
77.2731304	6	583
84.2583179	6	582
323.820829	16	552
468.131303	16	533
86.6014957	6	584
81.0387134	6	585
573.543787	16	520
82.9656124	6	586
438.564777	16	540
341.884851	16	553
357.989788	16	551
569.887638	16	522
431.807994	16	542
87.4843597	6	587
79.4398784	6	588
496.333599	16	534
487.745523	16	536
82.6852321	6	589
80.7628631	6	590
425.966024	16	546
80.5437564	6	591
371.937751	16	554
416.460752	16	548
404.755592	16	550
360.346317	16	556
559.021949	16	529
83.7604999	6	592
600.711345	16	523
77.0695209	6	593
463.100910	16	543
83.7950706	6	594
78.8233280	6	595
435.389757	16	549
82.1282863	6	596
83.0140113	6	598
91.5226936	6	597
79.3550014	6	600
627.370595	16	527
487.064599	16	547
91.0561084	6	599
83.2526683	6	601
80.6577205	6	603
456.480979	16	555
97.4075794	6	602
81.9089412	6	605
90.7413959	6	604
462.130069	16	557
89.8284912	6	607
82.1201801	6	609
115.454435	6	606
81.1834335	6	611
110.119104	6	608
95.8845615	6	610
97.0342159	6	612
84.1321945	6	615
85.9704017	6	616
116.011619	6	613
106.170177	6	617
118.429660	6	619
155.481338	6	614
130.787849	6	618
100.928306	6	623
82.03125	6	626
125.205993	6	620
103.670597	6	624
131.950616	6	621
144.520044	6	622
95.1378345	6	630
121.670961	6	627
142.949342	6	625
105.031251	6	631
97.4655151	6	633
107.298135	6	632
91.2556648	6	635
134.200811	6	629
141.775608	6	628
86.6570472	6	636
121.603488	6	634
103.803634	6	637
242.717266	16	639
84.3746662	6	665
230.254650	16	645
85.1671695	6	666
85.2489471	6	667
237.068653	16	646
83.6236476	6	668
230.858087	16	648
85.5076313	6	669
87.4137878	6	670
88.3326530	6	671
238.168954	16	651
265.721321	16	647
90.1651382	6	672
85.5121612	6	673
238.301277	16	652
234.075784	16	653
263.194084	16	649
88.3154869	6	674
320.764541	16	642
79.2558193	6	676
321.617364	16	643
95.9632396	6	675
284.508943	16	650
80.7495117	6	679
80.7793140	6	680
105.388641	6	677
82.6039314	6	681
110.964298	6	678
82.9839706	6	682
283.179998	16	655
87.1219635	6	683
297.219753	16	656
92.2956466	6	684
294.075727	16	657
318.177700	16	654
81.0222625	6	688
110.800027	6	685
98.0479717	6	687
428.542852	16	641
83.9221477	6	690
99.8454093	6	689
87.7802371	6	691
134.144783	6	686
442.014217	16	644
91.2373065	6	693
103.514194	6	692
346.769094	16	659
95.2601432	6	694
338.430404	16	661
501.403570	16	638
321.836233	16	664
496.269702	16	640
359.546661	16	660
385.191202	16	658
119.947671	6	695
92.5838947	6	699
128.914594	6	696
102.231264	6	701
83.7564468	6	704
139.564990	6	697
138.410329	6	698
108.484745	6	703
397.541999	16	663
408.051967	16	662
133.316993	6	700
128.115177	6	702
108.634471	6	705
103.026866	6	706
104.329347	6	707
104.153394	6	709
116.215944	6	708
102.428913	6	711
109.738349	6	710
96.2409973	6	712
105.345487	6	713
104.236602	6	714
230.228185	16	718
251.260519	16	716
287.898540	16	717
313.661336	16	715
296.483755	16	720
311.006546	16	725
332.463979	16	732
418.162107	16	722
427.509069	16	721
419.909715	16	723
395.383119	16	728
423.382520	16	724
357.750654	16	736
409.259319	16	730
445.072889	16	726
373.101711	16	738
511.628627	16	719
444.732189	16	729
479.836702	16	731
378.170251	16	746
528.792858	16	727
85.5982303	6	788
90.1553630	6	789
511.314868	16	735
88.0746841	6	790
86.4188671	6	791
88.2344245	6	792
86.8711471	6	793
87.3596668	6	794
85.4010581	6	795
517.416238	16	741
87.6312255	6	796
574.459314	16	734
80.9888839	6	798
88.6261463	6	797
83.7867259	6	799
82.2196006	6	800
86.1423015	6	801
86.8556499	6	802
81.9270610	6	803
83.4603309	6	804
566.314458	16	743
80.4936885	6	805
647.644042	16	733
83.7974548	6	806
82.7381610	6	807
86.6591930	6	808
81.1703205	6	809
82.0431709	6	810
81.4714431	6	811
80.3644657	6	812
677.079439	16	737
590.716123	16	749
83.2703113	6	813
82.1492671	6	814
80.3132057	6	815
594.403982	16	751
624.368429	16	747
80.3174972	6	816
81.8576812	6	817
78.1464576	6	818
77.6352882	6	819
80.8804035	6	820
715.016365	16	740
569.183588	16	760
77.5551795	6	821
690.039157	16	744
78.5245895	6	822
690.301418	16	745
515.040397	16	769
78.2661437	6	823
632.410049	16	754
502.473592	16	771
79.5199871	6	824
80.8598995	6	825
80.4245471	6	826
772.978305	16	739
80.7023048	6	827
79.5505046	6	828
527.769327	16	774
81.4492702	6	829
81.5360546	6	830
645.036220	16	761
488.037347	16	781
80.5478096	6	831
82.9207897	6	832
80.1122188	6	833
81.5222263	6	834
78.8888931	6	835
78.3231258	6	836
77.6896476	6	837
800.351858	16	748
654.766321	16	768
81.7353725	6	838
849.625825	16	742
772.061586	16	753
77.8505802	6	839
546.246290	16	782
706.704616	16	762
619.037866	16	773
79.5397758	6	840
588.426351	16	778
746.640920	16	758
76.7869949	6	841
79.3144702	6	842
80.2454948	6	843
817.836999	16	752
662.089586	16	772
738.992452	16	763
80.5075168	6	844
78.2718658	6	845
79.1597366	6	846
808.555126	16	756
653.673410	16	776
600.347518	16	783
78.8848400	6	847
656.893253	16	777
813.765525	16	757
78.2542228	6	848
78.1226158	6	849
645.955085	16	780
78.7875652	6	850
821.861982	16	759
77.9614448	6	851
893.397092	16	750
741.538763	16	770
77.4385929	6	852
79.3380737	6	853
783.341407	16	767
77.0304203	6	854
621.641874	16	787
794.095993	16	766
630.111217	16	786
77.5027275	6	855
823.183298	16	764
80.4281234	6	856
662.414073	16	784
80.6162357	6	857
713.646650	16	779
827.189445	16	765
665.298938	16	785
81.2942981	6	858
80.9361934	6	859
80.4049968	6	860
81.6318988	6	861
81.4235210	6	862
85.6540203	6	863
81.2556743	6	864
84.2089653	6	865
959.851980	16	755
807.419538	16	775
79.2961120	6	868
80.9075832	6	871
111.327171	6	867
97.0358848	6	869
83.0650329	6	872
96.9917774	6	870
81.3884735	6	873
140.578031	6	866
78.0498981	6	877
85.3579044	6	876
111.163377	6	874
112.606525	6	875
111.207485	6	878
111.432075	6	879
95.8626270	6	882
86.4684581	6	885
127.274751	6	880
109.062671	6	883
103.137016	6	884
108.860015	6	886
160.589694	6	881
102.347135	6	890
129.399061	6	889
136.771202	6	888
145.016670	6	887
134.591102	6	892
125.211715	6	894
136.083841	6	893
149.863719	6	891
106.942892	6	898
126.782178	6	896
92.0462608	6	903
135.043144	6	897
148.185491	6	895
113.239288	6	901
127.177715	6	899
121.948480	6	900
114.306926	6	902
112.480401	6	904
99.8241901	6	906
113.050460	6	905
248.044729	16	908
293.388605	16	914
292.179584	16	916
251.268625	16	922
86.3738059	6	948
87.1655941	6	949
86.2083435	6	950
87.4238014	6	951
311.942100	16	920
89.3354415	6	952
86.6360664	6	953
86.9061946	6	954
87.5942707	6	955
408.855915	16	911
325.104951	16	923
85.7410430	6	956
91.2036895	6	957
88.6168479	6	958
415.374517	16	913
439.783096	16	910
90.8317565	6	959
87.4841213	6	960
80.1336765	6	962
319.794654	16	930
334.565401	16	928
353.960275	16	926
320.016860	16	931
366.283178	16	925
82.0088386	6	964
94.2118167	6	963
80.9731483	6	965
114.199876	6	961
80.5728435	6	966
326.600790	16	933
465.226650	16	915
81.0711383	6	968
526.902437	16	907
96.6584682	6	967
86.0826969	6	969
543.997764	16	909
523.483753	16	912
361.671686	16	935
486.359119	16	921
454.389095	16	929
523.375272	16	919
372.507810	16	941
470.698356	16	927
559.051752	16	918
517.913103	16	924
435.011386	16	938
589.966058	16	917
408.580303	16	944
432.472467	16	942
489.672899	16	939
307.162046	16	970
525.703907	16	945
616.266965	16	934
652.471780	16	932
552.616834	16	946
290.353536	16	981
373.204946	16	974
644.182920	16	940
287.688970	16	988
717.837810	16	937
396.906375	16	980
509.653806	16	971
88.0217552	6	1027
85.6308937	6	1028
86.8661403	6	1029
90.5017852	6	1030
88.0501270	6	1031
87.5899791	6	1032
403.563976	16	991
825.727462	16	936
89.5023345	6	1033
88.7553691	6	1034
87.9123210	6	1035
804.647922	16	943
579.281330	16	973
81.7689895	6	1037
90.5029773	6	1036
80.3658962	6	1038
514.478921	16	983
579.276323	16	975
79.5168876	6	1039
611.734390	16	972
82.9834938	6	1040
80.0235271	6	1041
77.9669284	6	1042
79.9837112	6	1043
80.1606178	6	1044
478.339433	16	995
603.134155	16	979
81.1662673	6	1045
81.7902088	6	1046
578.294038	16	984
83.7495326	6	1047
81.8738937	6	1048
82.8487873	6	1049
416.373014	16	1008
79.9610614	6	1050
82.5796127	6	1051
580.721378	16	989
671.340227	16	978
81.1388492	6	1052
81.6695690	6	1053
82.1554660	6	1054
603.091001	16	990
82.0116996	6	1055
82.1447372	6	1056
83.4319591	6	1057
686.932086	16	982
84.0170383	6	1058
662.867307	16	986
79.4029235	6	1059
490.655422	16	1009
79.6051025	6	1060
77.2831439	6	1062
500.373363	16	1010
86.1616134	6	1061
496.492862	16	1011
77.9089927	6	1063
82.4911594	6	1064
78.0799388	6	1065
704.376220	16	987
77.4431228	6	1066
678.789615	16	993
84.1314792	6	1067
79.5981884	6	1068
82.1459293	6	1069
78.8371562	6	1070
707.871198	16	992
80.3847312	6	1071
771.183013	16	985
833.269834	16	977
78.9167881	6	1072
848.448276	16	976
690.620899	16	997
572.865247	16	1012
78.1052112	6	1073
557.442188	16	1015
572.681427	16	1013
80.7240009	6	1074
77.8801441	6	1075
721.940994	16	996
79.1416168	6	1076
85.3228569	6	1077
80.4526805	6	1078
733.383178	16	998
79.9176692	6	1079
723.725318	16	1000
79.6966552	6	1080
693.349838	16	1004
570.637702	16	1020
80.1877975	6	1081
780.360221	16	994
628.965854	16	1014
77.8896808	6	1082
599.904775	16	1018
558.527231	16	1024
80.9843540	6	1083
80.1048278	6	1084
77.2013664	6	1085
77.3282051	6	1086
84.1927528	6	1087
78.2029628	6	1088
785.636186	16	1001
80.3189277	6	1089
632.356405	16	1021
78.6345005	6	1090
79.9570083	6	1091
1221.24767	16	947
77.6522159	6	1092
79.8017978	6	1093
813.829898	16	1002
79.8766613	6	1094
784.591436	16	1006
659.557104	16	1022
777.362585	16	1007
629.848241	16	1026
811.654567	16	1003
79.9021720	6	1095
80.5146694	6	1096
677.656412	16	1023
85.6010913	6	1097
78.3255100	6	1098
81.7914009	6	1099
80.6548595	6	1100
754.602909	16	1017
81.9854736	6	1101
741.247653	16	1019
895.927429	16	999
79.9102783	6	1102
80.8281898	6	1103
80.0993442	6	1104
787.275075	16	1016
81.1290740	6	1105
80.6889533	6	1106
885.562658	16	1005
731.346845	16	1025
82.6025009	6	1108
89.5898342	6	1107
80.5537700	6	1110
96.1568355	6	1109
83.4841728	6	1112
78.2563686	6	1115
106.296777	6	1111
93.6477184	6	1113
97.7642536	6	1114
102.062463	6	1116
85.5162143	6	1119
105.968475	6	1117
84.4972133	6	1122
113.873243	6	1118
86.6336822	6	1123
115.327835	6	1121
132.334947	6	1120
110.289812	6	1124
107.361555	6	1127
103.883266	6	1128
137.784719	6	1126
118.339776	6	1129
95.3121185	6	1133
96.0707664	6	1135
138.583660	6	1130
134.265422	6	1131
131.245851	6	1134
145.546674	6	1132
223.911523	6	1125
151.292324	6	1136
141.194343	6	1138
139.526844	6	1139
164.670228	6	1137
133.365392	6	1142
148.084640	6	1141
127.725839	6	1145
164.470911	6	1140
148.319005	6	1143
133.168458	6	1146
147.228240	6	1144
113.311529	6	1149
110.440969	6	1151
138.049125	6	1147
135.540962	6	1148
94.9561595	6	1154
122.956752	6	1150
113.171100	6	1152
118.423700	6	1153
115.010023	6	1155
249.738931	16	1159
246.878862	16	1162
294.302463	16	1156
238.745212	16	1165
293.833732	16	1158
240.206003	16	1167
341.543436	16	1164
410.483121	16	1161
411.127328	16	1163
361.612319	16	1175
339.904785	16	1181
376.771926	16	1179
440.434694	16	1171
538.503170	16	1157
521.797418	16	1160
427.511215	16	1177
526.668310	16	1169
506.950378	16	1173
552.367210	16	1168
423.194408	16	1188
488.745927	16	1180
604.539394	16	1166
604.059457	16	1170
467.394351	16	1190
551.509857	16	1182
608.302831	16	1174
87.1758460	6	1240
87.7692699	6	1241
87.9397392	6	1242
568.693876	16	1183
85.6347084	6	1243
662.395477	16	1172
94.6013927	6	1244
87.7540111	6	1245
587.301969	16	1185
86.9555473	6	1246
530.154705	16	1194
87.9404544	6	1247
666.979789	16	1176
88.5684490	6	1248
79.2498588	6	1249
569.737195	16	1192
78.0367851	6	1251
89.9825096	6	1250
77.0156383	6	1252
84.2378139	6	1253
705.032587	16	1178
84.4635963	6	1254
79.7009468	6	1255
81.9766521	6	1256
78.7715911	6	1257
78.9847373	6	1258
597.815513	16	1198
85.3071212	6	1259
80.5304050	6	1260
83.4946632	6	1261
85.4175090	6	1262
82.7398300	6	1263
80.3599357	6	1264
83.2288265	6	1265
80.0156593	6	1266
733.033895	16	1189
84.1720104	6	1267
81.8870067	6	1268
78.3758163	6	1269
676.021814	16	1199
780.916690	16	1186
80.0476074	6	1270
79.7388553	6	1271
738.619565	16	1193
78.2599449	6	1272
688.820123	16	1201
527.077913	16	1221
79.4916152	6	1273
803.067445	16	1187
694.411039	16	1202
687.670707	16	1203
83.4562778	6	1274
77.7776241	6	1275
739.525079	16	1197
79.5037746	6	1276
78.2258510	6	1277
559.012889	16	1222
80.0707340	6	1278
689.954996	16	1207
80.2738666	6	1279
82.4055671	6	1280
798.229217	16	1195
81.2914371	6	1281
589.124441	16	1223
654.218912	16	1215
80.3818702	6	1282
808.129787	16	1196
82.0975303	6	1283
80.5239677	6	1284
79.4150829	6	1285
77.9471397	6	1286
83.8997364	6	1287
79.6942710	6	1288
896.804571	16	1191
83.7471485	6	1289
606.469869	16	1228
777.075052	16	1208
79.4265270	6	1290
81.6488265	6	1291
807.468652	16	1206
78.6118507	6	1292
77.5778293	6	1293
80.3930759	6	1294
80.8627605	6	1295
79.6945095	6	1296
821.637392	16	1209
79.2109966	6	1297
78.9210796	6	1298
693.339824	16	1226
877.314567	16	1204
1030.53712	16	1184
80.8768272	6	1299
825.073719	16	1211
662.150382	16	1231
79.0278911	6	1300
79.7162055	6	1301
888.950824	16	1205
724.385738	16	1225
738.257408	16	1224
79.4920921	6	1302
702.076196	16	1229
79.2832374	6	1303
793.179750	16	1219
77.3549079	6	1304
81.4201831	6	1305
77.9492855	6	1306
855.350255	16	1214
686.673164	16	1234
646.233797	16	1239
724.321126	16	1230
890.837907	16	1210
971.860170	16	1200
77.1436691	6	1307
754.650592	16	1227
879.662990	16	1213
718.944072	16	1232
712.525606	16	1233
888.006448	16	1212
81.2506675	6	1308
77.1822929	6	1309
831.143140	16	1220
856.436967	16	1217
691.383361	16	1237
78.0255794	6	1310
78.3035755	6	1311
79.3077945	6	1312
725.197792	16	1235
77.6937007	6	1313
78.9194107	6	1314
83.2087993	6	1315
80.0132751	6	1316
78.5341262	6	1317
82.5893878	6	1318
80.3885459	6	1319
938.178062	16	1216
771.461725	16	1236
758.900403	16	1238
925.018787	16	1218
81.5501213	6	1320
81.2840461	6	1321
82.6802253	6	1322
84.2723846	6	1323
82.4537277	6	1324
91.8595790	6	1325
80.5726051	6	1327
90.5802249	6	1326
89.6453857	6	1329
105.099916	6	1328
85.5991840	6	1332
92.2801494	6	1331
81.5937519	6	1333
113.960504	6	1330
97.8159904	6	1334
84.0635299	6	1337
100.298166	6	1335
110.063076	6	1336
92.3452377	6	1340
110.809087	6	1338
92.5896167	6	1343
131.530046	6	1339
131.425857	6	1341
125.005483	6	1342
112.493753	6	1345
105.841636	6	1348
106.900930	6	1351
155.380249	6	1344
146.549463	6	1346
152.013540	6	1347
145.654916	6	1349
99.6749401	6	1356
90.4061794	6	1358
119.737386	6	1354
137.842655	6	1352
151.564121	6	1350
92.1287536	6	1359
139.407634	6	1353
135.467529	6	1355
94.7928428	6	1361
90.1796817	6	1362
126.979351	6	1357
113.743305	6	1360
236.879825	16	1365
232.366323	16	1369
291.761159	16	1363
86.4961147	6	1393
240.766286	16	1372
87.2738361	6	1395
98.4795093	6	1394
86.7481231	6	1396
242.035865	16	1374
86.0314369	6	1397
86.7407321	6	1398
84.2032432	6	1399
271.637201	16	1373
245.090723	16	1377
84.4802856	6	1400
250.340223	16	1378
269.728422	16	1376
86.2948894	6	1402
97.3410606	6	1401
325.566053	16	1370
94.5057868	6	1403
92.9362773	6	1404
84.9289894	6	1405
80.1632404	6	1407
310.923814	16	1375
101.022720	6	1406
304.742336	16	1379
81.0794830	6	1410
95.8278179	6	1408
80.0986289	6	1411
100.611925	6	1409
297.463178	16	1382
312.281847	16	1380
79.1108608	6	1413
420.228004	16	1367
100.157737	6	1412
91.5274620	6	1414
337.409496	16	1381
464.631795	16	1364
326.062440	16	1385
437.865018	16	1371
333.398342	16	1387
496.812820	16	1368
534.795045	16	1366
379.376888	16	1391
450.136184	16	1386
248.133420	16	1416
442.929983	16	1390
85.7295989	6	1438
86.0085487	6	1439
84.9812030	6	1440
253.119468	16	1419
84.6834182	6	1441
87.7416133	6	1442
86.6374969	6	1443
246.871232	16	1422
89.1599655	6	1444
291.640520	16	1418
88.9763832	6	1445
87.5205993	6	1446
86.2324237	6	1447
561.061143	16	1384
84.4955444	6	1448
85.6525897	6	1449
515.760183	16	1392
86.6882801	6	1450
87.1262550	6	1451
323.798418	16	1420
81.5324783	6	1453
94.5479869	6	1452
299.547910	16	1425
311.666488	16	1424
337.688922	16	1421
82.7000141	6	1455
262.586832	16	1432
97.2013473	6	1454
255.941867	16	1434
637.911319	16	1383
89.5674228	6	1456
86.9913101	6	1457
83.4486484	6	1458
610.479593	16	1389
84.8042964	6	1459
86.5068435	6	1460
338.102102	16	1427
86.8098735	6	1461
303.102016	16	1433
89.3831253	6	1462
388.165712	16	1423
81.9158554	6	1464
359.038114	16	1429
82.9024314	6	1466
108.795881	6	1463
389.165878	16	1426
99.8294353	6	1465
80.2471637	6	1468
89.8921489	6	1467
470.591068	16	1417
335.291624	16	1436
372.386932	16	1431
381.672382	16	1430
699.990272	16	1388
402.149677	16	1428
339.647531	16	1437
92.0472145	6	1471
521.581411	16	1415
125.884294	6	1470
97.6290702	6	1474
133.233308	6	1469
390.455722	16	1435
110.189199	6	1473
122.434854	6	1472
82.4263095	6	1479
103.694200	6	1476
111.091613	6	1478
144.427776	6	1475
114.413022	6	1480
143.301725	6	1477
121.634960	6	1482
100.959062	6	1485
123.118638	6	1483
145.061492	6	1481
128.700017	6	1484
118.404150	6	1489
139.891386	6	1486
135.030984	6	1487
102.729082	6	1492
131.054401	6	1488
119.775772	6	1490
98.8173484	6	1494
101.191043	6	1495
134.208917	6	1491
87.7699851	6	1498
123.471021	6	1493
103.692770	6	1496
118.374109	6	1497
105.892658	6	1499
242.136478	16	1502
85.0267410	6	1533
234.006404	16	1513
266.178369	16	1509
85.8473777	6	1534
87.5768661	6	1535
86.0044956	6	1536
253.576993	16	1514
87.4459743	6	1537
88.7789726	6	1538
264.657020	16	1515
89.3430709	6	1539
86.8968963	6	1540
85.7868194	6	1541
341.688156	16	1507
85.3314399	6	1542
89.8609161	6	1543
92.7243232	6	1544
79.9257755	6	1547
311.371326	16	1516
95.4334735	6	1545
90.9855365	6	1546
82.4141502	6	1548
313.417673	16	1517
308.725595	16	1519
95.8302021	6	1549
90.2295112	6	1551
88.8392925	6	1552
105.761051	6	1550
321.633577	16	1522
351.559638	16	1518
84.9046707	6	1554
480.206489	16	1500
462.368011	16	1503
96.5194702	6	1553
93.9812660	6	1555
86.5709781	6	1556
360.439538	16	1520
86.9874954	6	1557
340.263843	16	1523
86.0576629	6	1558
458.082914	16	1508
433.861494	16	1512
515.251636	16	1501
377.406835	16	1521
449.779748	16	1511
89.0018939	6	1560
335.283994	16	1528
104.692697	6	1559
87.4300003	6	1561
510.518312	16	1504
507.033109	16	1505
87.5420570	6	1562
325.685739	16	1531
344.292163	16	1529
82.7467441	6	1564
94.9072837	6	1563
389.541387	16	1524
491.040468	16	1510
385.401964	16	1525
337.865352	16	1532
88.3638858	6	1565
82.1800231	6	1566
81.3126564	6	1567
367.598056	16	1530
543.162822	16	1506
94.8388576	6	1568
91.6833877	6	1569
421.676397	16	1526
427.560567	16	1527
90.0642871	6	1572
82.5853347	6	1575
119.256734	6	1570
104.130983	6	1573
119.697093	6	1571
84.8333835	6	1576
100.996255	6	1574
89.5459651	6	1578
105.943202	6	1577
77.4748325	6	1582
86.3754749	6	1581
111.573457	6	1579
88.4962081	6	1583
114.524126	6	1580
88.6127948	6	1585
100.993394	6	1584
92.1237468	6	1586
237.329959	16	1595
232.190608	16	1600
261.914014	16	1596
306.181430	16	1591
250.975131	16	1603
329.124450	16	1598
318.385362	16	1601
319.192886	16	1606
426.752090	16	1592
432.295083	16	1593
493.313312	16	1589
86.5006446	6	1645
88.5801315	6	1646
511.229991	16	1588
88.8822078	6	1647
92.2455787	6	1648
87.9611968	6	1649
394.291400	16	1609
86.3575935	6	1650
380.003690	16	1612
83.7745666	6	1651
85.2828025	6	1652
87.9595279	6	1653
81.1564922	6	1655
536.350727	16	1594
564.388036	16	1590
93.6245918	6	1654
84.5704078	6	1656
411.458730	16	1614
531.119346	16	1597
81.9926261	6	1657
520.989656	16	1599
82.6098918	6	1658
86.2858295	6	1659
80.6462764	6	1660
468.418598	16	1610
484.185934	16	1608
80.3945064	6	1661
82.5865268	6	1662
523.801803	16	1605
87.5337123	6	1663
83.5840702	6	1664
77.2881507	6	1665
408.645153	16	1623
79.5230865	6	1666
78.8671970	6	1667
564.686536	16	1604
77.8193473	6	1668
415.845870	16	1626
492.119073	16	1616
80.5220603	6	1669
429.112195	16	1625
79.1234970	6	1670
78.7754058	6	1671
454.014301	16	1624
76.8122673	6	1672
83.4176540	6	1673
80.9972286	6	1674
601.876974	16	1607
79.9117088	6	1675
650.246143	16	1602
85.9317779	6	1676
81.6736221	6	1677
79.6258449	6	1678
78.1533718	6	1679
81.0353755	6	1680
506.015300	16	1627
79.3557167	6	1681
475.693225	16	1632
81.3438892	6	1682
78.9477825	6	1683
513.051509	16	1629
79.5073509	6	1684
76.6370296	6	1685
591.993808	16	1620
81.2795162	6	1686
611.948251	16	1619
80.3890228	6	1687
462.616920	16	1640
77.7838230	6	1688
555.367469	16	1628
670.297622	16	1613
521.792411	16	1633
79.2868137	6	1689
523.752212	16	1634
79.9529552	6	1690
78.7682533	6	1691
680.266141	16	1615
79.7336101	6	1692
669.898509	16	1617
520.360708	16	1637
714.808702	16	1611
566.912889	16	1631
665.264844	16	1618
515.849828	16	1638
78.1605243	6	1693
511.350154	16	1639
481.748580	16	1643
79.9102783	6	1694
551.903009	16	1635
78.2766342	6	1695
596.781253	16	1630
81.1805725	6	1696
677.199602	16	1621
79.6647071	6	1697
525.100708	16	1641
77.8243541	6	1698
78.4816741	6	1699
80.8165073	6	1700
80.4040431	6	1701
602.093219	16	1636
82.6928615	6	1702
545.397043	16	1644
81.5477371	6	1703
83.6253166	6	1704
80.6047916	6	1705
83.4336280	6	1706
78.1068801	6	1709
80.5258750	6	1710
102.693557	6	1707
773.512840	16	1622
621.639966	16	1642
106.057643	6	1708
80.9459686	6	1712
94.5737361	6	1711
86.8575572	6	1713
88.7441635	6	1714
99.3056297	6	1715
98.6244678	6	1717
80.6381702	6	1721
89.0381336	6	1720
98.0310440	6	1719
123.096942	6	1716
88.3393287	6	1723
127.864122	6	1718
117.287158	6	1724
135.403633	6	1722
92.3783779	6	1729
148.589134	6	1725
87.0485305	6	1734
135.594844	6	1728
116.984128	6	1731
114.146232	6	1732
157.560586	6	1726
152.595758	6	1727
101.986646	6	1736
144.582986	6	1730
127.326965	6	1733
113.878488	6	1738
114.308834	6	1740
150.012254	6	1735
116.985321	6	1741
96.0519313	6	1744
151.461362	6	1737
147.494792	6	1739
127.323150	6	1742
106.269836	6	1745
131.671667	6	1743
119.784593	6	1747
115.169763	6	1748
129.420042	6	1746
103.984594	6	1750
97.3703861	6	1751
97.7139472	6	1752
121.198654	6	1749
296.123743	16	1754
251.056432	16	1761
289.294958	16	1758
241.608142	16	1765
245.623350	16	1767
286.265134	16	1768
425.473690	16	1753
457.244634	16	1756
374.056339	16	1772
387.613534	16	1771
487.104654	16	1757
434.656858	16	1766
89.1463756	6	1813
86.3962173	6	1814
88.8359546	6	1815
83.6646556	6	1816
388.809680	16	1777
85.9484672	6	1817
523.029804	16	1759
88.3455276	6	1818
513.305425	16	1763
91.8064117	6	1819
86.3618850	6	1820
86.4155292	6	1821
538.968563	16	1762
492.258787	16	1770
87.3787403	6	1822
80.9464454	6	1823
543.300151	16	1764
80.5764198	6	1824
83.0578804	6	1825
78.2246589	6	1826
589.558839	16	1760
627.960681	16	1755
425.559282	16	1784
83.8389396	6	1827
77.8117179	6	1828
77.4908065	6	1829
423.227310	16	1788
78.8416862	6	1830
79.1747570	6	1831
568.088293	16	1769
82.3292732	6	1832
78.6437988	6	1833
78.6263942	6	1834
548.371315	16	1775
79.3144702	6	1835
464.164018	16	1789
557.278871	16	1776
79.9982547	6	1836
78.1905651	6	1837
565.164089	16	1778
81.6628932	6	1838
522.065639	16	1785
84.4175815	6	1839
82.2272300	6	1840
620.515346	16	1773
479.625463	16	1793
81.2444686	6	1841
79.6160697	6	1842
466.804504	16	1796
79.2503356	6	1843
84.7153663	6	1844
81.6740989	6	1845
481.225967	16	1797
81.5334320	6	1846
80.8329582	6	1847
425.182819	16	1805
78.8524150	6	1848
80.8298587	6	1849
79.7860622	6	1850
598.314523	16	1787
693.874359	16	1774
83.2064151	6	1851
80.4815292	6	1852
82.3538303	6	1853
624.946355	16	1786
649.546146	16	1783
85.6027603	6	1854
82.9238891	6	1855
626.661539	16	1790
598.251104	16	1794
465.674400	16	1810
491.270303	16	1808
708.936214	16	1782
513.832807	16	1807
559.367656	16	1802
735.821485	16	1779
528.510332	16	1806
628.707885	16	1795
598.705291	16	1799
695.161819	16	1792
533.672571	16	1812
795.878171	16	1781
675.452470	16	1798
851.181507	16	1780
777.493238	16	1791
698.988676	16	1801
262.498140	16	1856
735.427618	16	1800
754.910469	16	1804
253.603458	16	1868
261.249780	16	1870
86.5855216	6	1893
86.6832733	6	1894
807.733297	16	1803
85.3002071	6	1895
85.2296352	6	1896
87.1818065	6	1897
383.620023	16	1859
88.1719589	6	1898
86.7667198	6	1899
291.743516	16	1873
84.6297740	6	1900
285.293579	16	1874
278.434276	16	1875
87.7585411	6	1901
375.541210	16	1864
86.5962505	6	1902
83.5504531	6	1903
328.567981	16	1872
82.1607112	6	1904
78.7577629	6	1905
80.1367759	6	1906
82.3342800	6	1907
82.7956199	6	1908
79.6780586	6	1909
78.3259868	6	1910
881.688117	16	1809
79.3426036	6	1911
438.728094	16	1866
81.5911293	6	1912
516.574382	16	1857
425.127029	16	1869
78.8722038	6	1913
377.922773	16	1876
900.388717	16	1811
80.0480842	6	1914
80.3718566	6	1915
387.707471	16	1877
79.1280269	6	1916
444.415569	16	1871
79.6222686	6	1917
477.117300	16	1867
79.1647434	6	1918
528.080940	16	1862
78.2506465	6	1919
80.5788040	6	1920
79.1580677	6	1921
338.353633	16	1890
77.0702362	6	1922
78.9146423	6	1923
374.785661	16	1887
78.0806541	6	1924
77.1129131	6	1925
424.149990	16	1882
450.376033	16	1879
79.0145397	6	1926
77.9581069	6	1927
591.446876	16	1863
78.0811309	6	1928
406.699657	16	1888
77.6150226	6	1929
640.117883	16	1858
489.468097	16	1878
77.4269104	6	1930
388.729572	16	1892
76.9674777	6	1931
78.7026882	6	1932
614.557266	16	1865
78.0518054	6	1933
479.100465	16	1884
488.482475	16	1883
78.2024860	6	1934
664.177894	16	1861
509.989976	16	1881
78.9089202	6	1935
481.847047	16	1885
77.2185325	6	1936
80.7764530	6	1937
77.7485370	6	1938
697.266340	16	1860
544.269561	16	1880
78.3877372	6	1939
77.3851871	6	1940
512.644767	16	1886
76.8902301	6	1941
498.966455	16	1889
79.1907310	6	1942
81.8700790	6	1943
82.7424526	6	1944
83.7230682	6	1945
517.295122	16	1891
81.2983512	6	1946
78.7661075	6	1948
89.1234874	6	1947
81.7182064	6	1949
82.2212696	6	1950
82.7026367	6	1951
86.9135856	6	1952
89.0843868	6	1953
81.8035602	6	1955
103.023052	6	1954
97.3651409	6	1956
86.7543220	6	1958
80.3949832	6	1959
82.8940868	6	1960
121.488809	6	1957
99.2684364	6	1962
95.5030918	6	1964
85.1485729	6	1968
134.604454	6	1961
103.272914	6	1966
128.223180	6	1963
91.1173820	6	1969
94.7048664	6	1970
123.693227	6	1967
139.048099	6	1965
111.086130	6	1972
118.320941	6	1971
105.966806	6	1974
114.235162	6	1976
93.2703018	6	1980
167.336702	6	1973
128.306388	6	1979
161.078691	6	1975
155.936956	6	1977
153.741836	6	1978
138.625621	6	1981
141.215562	6	1983
148.333787	6	1982
143.229246	6	1985
162.112474	6	1984
150.800704	6	1987
102.758884	6	1994
132.453441	6	1990
120.189666	6	1992
163.358211	6	1986
149.774312	6	1988
145.891904	6	1989
140.263557	6	1991
116.730928	6	1995
96.2867736	6	1998
141.065120	6	1993
114.416837	6	1997
125.328779	6	1996
111.651897	6	1999
114.851713	6	2000
237.792253	16	2005
246.816873	16	2006
234.807729	16	2009
294.286966	16	2002
251.000165	16	2014
246.164321	16	2015
272.592544	16	2013
293.451547	16	2011
352.841138	16	2003
425.563335	16	2001
432.003021	16	2008
442.631244	16	2007
345.400810	16	2021
357.416391	16	2020
370.610237	16	2026
354.511260	16	2029
376.527070	16	2028
524.124860	16	2010
355.714559	16	2034
504.233360	16	2016
372.910737	16	2035
518.934011	16	2018
567.015647	16	2012
626.076698	16	2004
450.633049	16	2033
85.1759910	6	2081
443.284511	16	2036
543.326139	16	2023
537.485122	16	2024
87.2082710	6	2082
448.164463	16	2038
88.8423919	6	2083
88.2546901	6	2084
88.0639553	6	2085
615.915060	16	2017
85.2401256	6	2086
556.265354	16	2027
85.9820842	6	2087
86.7216587	6	2088
85.4592323	6	2089
85.0627422	6	2090
80.8770656	6	2091
82.4539661	6	2092
80.8150768	6	2093
86.0300064	6	2094
81.8071365	6	2095
80.6064605	6	2096
79.8640251	6	2097
79.5762538	6	2098
80.0242424	6	2099
79.1330337	6	2100
82.5622081	6	2101
77.6171684	6	2102
736.630678	16	2019
78.3727169	6	2103
79.3490409	6	2104
77.2702693	6	2105
80.3928375	6	2106
81.2597274	6	2107
737.982988	16	2025
79.4632434	6	2108
81.9714069	6	2109
80.7321071	6	2110
78.8013935	6	2111
80.3303718	6	2112
80.6725025	6	2113
664.836883	16	2041
85.9818458	6	2114
84.2361450	6	2115
85.0136280	6	2116
76.5392780	6	2117
78.5946846	6	2118
554.919719	16	2061
665.029764	16	2047
529.210329	16	2067
799.608469	16	2032
83.5347175	6	2122
706.520795	16	2046
550.056934	16	2066
82.2296142	6	2123
82.8983783	6	2124
82.7353000	6	2125
840.823650	16	2031
82.0300579	6	2126
84.5367908	6	2127
79.3862342	6	2128
733.484268	16	2048
90.0588035	6	2129
707.674741	16	2054
86.3802433	6	2130
597.351312	16	2068
824.052095	16	2040
79.8664093	6	2132
89.4267559	6	2131
742.910861	16	2051
567.579507	16	2074
79.6008110	6	2133
861.568450	16	2037
80.2237987	6	2134
79.2431831	6	2135
784.922361	16	2049
844.594001	16	2042
599.750757	16	2073
79.1630744	6	2136
990.625381	16	2022
693.718910	16	2062
763.097524	16	2053
843.345642	16	2043
77.0919322	6	2137
691.314458	16	2063
80.2719593	6	2138
649.565219	16	2069
595.622062	16	2076
759.106874	16	2056
82.0944309	6	2139
777.204275	16	2055
79.7650814	6	2140
615.871191	16	2075
80.7416439	6	2141
77.8872966	6	2142
879.882812	16	2044
725.602149	16	2064
79.5977115	6	2143
79.0119171	6	2144
78.5937309	6	2145
895.280361	16	2045
741.694927	16	2065
78.7425041	6	2146
79.3502330	6	2147
77.9328346	6	2148
1025.66266	16	2030
295.679807	16	2121
967.680215	16	2039
80.2280902	6	2149
821.007013	16	2059
78.9134502	6	2150
896.570444	16	2050
736.589193	16	2070
80.4152488	6	2151
77.1422386	6	2152
80.0366401	6	2153
79.7355175	6	2154
80.1668167	6	2155
756.491184	16	2072
872.030258	16	2058
918.293714	16	2052
80.9688568	6	2156
82.5943946	6	2157
875.757932	16	2060
726.011753	16	2078
83.4734439	6	2158
901.768684	16	2057
83.0161571	6	2159
79.0021419	6	2160
804.786205	16	2071
81.1367034	6	2161
79.2388916	6	2162
81.0315608	6	2163
82.7856063	6	2164
786.564588	16	2077
86.7922306	6	2165
437.700748	16	2120
89.3864631	6	2166
82.7524662	6	2169
98.0188846	6	2168
105.718135	6	2167
77.9774188	6	2171
86.7779254	6	2170
79.6971321	6	2172
81.7062854	6	2175
84.3534469	6	2176
84.5158100	6	2177
106.208562	6	2174
115.212678	6	2173
879.886865	16	2079
96.6842174	6	2181
113.459825	6	2179
108.930349	6	2180
96.2643623	6	2183
134.025812	6	2178
99.8032093	6	2185
130.987167	6	2182
105.540990	6	2188
98.2072353	6	2191
154.351234	6	2184
144.004106	6	2186
141.586780	6	2187
102.110624	6	2193
983.536958	16	2080
117.712259	6	2192
115.737915	6	2194
152.486324	6	2189
151.474237	6	2190
109.474182	6	2198
116.527080	6	2197
156.945705	6	2195
149.668693	6	2196
132.285594	6	2199
126.241207	6	2201
108.960866	6	2204
119.368076	6	2203
149.751901	6	2200
136.464834	6	2202
104.434251	6	2207
128.870010	6	2205
125.274658	6	2206
111.956357	6	2208
85.1061344	6	2212
771.612405	16	2119
101.987123	6	2211
114.156246	6	2210
96.3306427	6	2213
129.973173	6	2209
304.941654	16	2215
251.580953	16	2225
247.115850	16	2227
268.357992	16	2224
451.589107	16	2220
348.672628	16	2236
490.390300	16	2216
332.642316	16	2240
485.766410	16	2219
396.548032	16	2232
515.834808	16	2218
467.064857	16	2226
507.434844	16	2221
576.801061	16	2214
365.847587	16	2244
394.882202	16	2241
451.428413	16	2234
552.482366	16	2222
511.365652	16	2228
517.126083	16	2229
617.849349	16	2217
478.496551	16	2238
552.500009	16	2230
545.088768	16	2233
89.8082256	6	2296
89.0612602	6	2297
90.2326107	6	2298
90.1644229	6	2299
641.609907	16	2231
489.279270	16	2252
90.8775329	6	2300
85.7439041	6	2301
707.290649	16	2223
89.9796485	6	2302
88.4718894	6	2303
619.803905	16	2239
650.778055	16	2235
89.3797874	6	2304
85.7274532	6	2305
80.4648399	6	2306
79.6482563	6	2307
80.2552700	6	2308
79.7827243	6	2309
603.105783	16	2247
83.6999416	6	2310
79.3750286	6	2311
605.305671	16	2249
617.815256	16	2248
84.0201377	6	2312
78.9763927	6	2313
571.312904	16	2255
83.5795402	6	2314
80.7123184	6	2315
80.2376270	6	2316
671.834230	16	2246
82.7791690	6	2317
83.0178260	6	2318
83.1568241	6	2319
81.2957286	6	2320
81.7406177	6	2321
82.5545787	6	2322
675.037384	16	2253
82.3361873	6	2323
698.562383	16	2250
81.9075107	6	2324
83.2958221	6	2325
83.7073326	6	2326
819.987297	16	2237
78.5672664	6	2327
78.5472393	6	2328
725.744962	16	2251
79.7541141	6	2329
79.3874263	6	2330
79.1547298	6	2331
79.2570114	6	2332
77.3718357	6	2333
83.9633941	6	2334
841.003417	16	2243
80.8191299	6	2335
77.8934955	6	2336
727.872848	16	2260
774.852991	16	2254
761.650085	16	2256
596.579551	16	2276
563.262701	16	2280
80.3833007	6	2337
624.340534	16	2274
84.7978591	6	2338
80.7619094	6	2339
78.6559581	6	2340
899.079322	16	2242
775.251865	16	2259
82.7124118	6	2341
77.3744583	6	2342
769.259214	16	2262
623.566865	16	2279
601.969003	16	2282
82.1297168	6	2343
82.7472209	6	2344
79.8437595	6	2345
800.534725	16	2261
81.8946361	6	2346
933.556318	16	2245
83.5132598	6	2347
80.3565979	6	2348
653.077125	16	2281
80.7442665	6	2349
781.742095	16	2267
776.257753	16	2268
84.1600894	6	2350
78.1967639	6	2351
78.0210494	6	2352
651.219844	16	2285
823.992013	16	2265
82.1027755	6	2353
82.6601982	6	2354
801.165103	16	2269
77.8253078	6	2355
682.513475	16	2284
854.998111	16	2264
78.7773132	6	2356
660.967826	16	2287
80.9910297	6	2357
657.032728	16	2288
79.9119472	6	2358
796.662092	16	2273
623.443126	16	2293
77.4753093	6	2359
760.812044	16	2278
929.008483	16	2258
937.555074	16	2257
868.238449	16	2266
697.673320	16	2286
838.319540	16	2270
80.6813240	6	2360
678.376436	16	2289
80.4688930	6	2361
790.593147	16	2277
671.114683	16	2291
845.556020	16	2271
79.3437957	6	2362
683.913946	16	2290
77.0919322	6	2363
77.5349140	6	2364
78.0229568	6	2365
77.8219699	6	2366
678.225040	16	2294
76.7004489	6	2367
76.5719413	6	2368
959.633111	16	2263
710.352897	16	2292
884.867906	16	2272
77.6979923	6	2369
82.3550224	6	2370
809.869766	16	2283
79.9679756	6	2371
80.7161331	6	2372
893.657684	16	2275
720.969915	16	2295
81.7031860	6	2373
81.8245410	6	2374
83.4686756	6	2375
81.4666748	6	2376
83.3928585	6	2377
82.4546813	6	2378
83.3823680	6	2381
99.8432636	6	2379
80.0421237	6	2382
81.0546875	6	2383
92.4348831	6	2384
90.1336669	6	2385
83.9996337	6	2386
132.289886	6	2380
84.2952728	6	2388
104.400396	6	2387
84.2003822	6	2392
94.2456722	6	2391
116.711616	6	2390
131.377458	6	2389
105.414390	6	2393
92.4301147	6	2395
103.308200	6	2394
132.961511	6	2396
120.013713	6	2398
127.715110	6	2397
132.242202	6	2400
139.836549	6	2399
99.2815494	6	2406
145.805120	6	2401
133.957624	6	2403
141.007184	6	2402
117.691516	6	2407
152.678966	6	2404
147.485733	6	2405
106.027364	6	2411
87.9669189	6	2414
130.445480	6	2408
117.243289	6	2410
115.780830	6	2412
93.9011573	6	2415
142.596960	6	2409
116.782426	6	2413
87.4576568	6	2418
107.038497	6	2417
116.616010	6	2416
306.343317	16	2430
339.466571	16	2432
324.731588	16	2435
431.312084	16	2423
470.020055	16	2419
352.627992	16	2436
423.794984	16	2426
349.071502	16	2439
502.480030	16	2420
427.999258	16	2431
451.078653	16	2429
429.662942	16	2433
514.477968	16	2422
451.730489	16	2434
519.196748	16	2425
501.732110	16	2428
558.137416	16	2421
526.884555	16	2427
434.354305	16	2441
382.108449	16	2449
446.178674	16	2442
591.567754	16	2424
455.287456	16	2444
473.959207	16	2445
461.261034	16	2447
579.486131	16	2437
550.172567	16	2446
595.035314	16	2440
580.298423	16	2443
465.412378	16	2459
497.052431	16	2457
478.984117	16	2463
580.752372	16	2451
674.054384	16	2438
428.392887	16	2471
609.509706	16	2448
482.710123	16	2466
602.915525	16	2454
673.355579	16	2450
549.092769	16	2468
672.661304	16	2453
516.446828	16	2474
84.5093727	6	2527
85.8855247	6	2528
588.792800	16	2470
90.5697345	6	2529
91.5362834	6	2530
87.5585079	6	2531
88.5605812	6	2532
90.4338359	6	2533
85.2963924	6	2534
90.5911922	6	2535
80.2297592	6	2536
734.899520	16	2460
90.2993679	6	2537
84.5701694	6	2538
84.2897891	6	2539
80.4929733	6	2540
795.561075	16	2458
83.0800533	6	2541
821.673154	16	2455
87.5611305	6	2542
547.275781	16	2489
79.0209770	6	2543
82.4887752	6	2544
78.7951946	6	2545
850.612878	16	2456
81.4793109	6	2546
704.986095	16	2475
616.400241	16	2485
84.9208831	6	2547
836.189985	16	2461
669.137239	16	2481
84.2649936	6	2548
81.5968513	6	2549
79.6647071	6	2550
85.0815773	6	2551
79.0793895	6	2552
81.0887813	6	2553
78.7889957	6	2554
853.709220	16	2465
83.8656425	6	2555
78.8123607	6	2556
85.2117538	6	2557
77.9342651	6	2558
892.034769	16	2464
727.820396	16	2484
82.0167064	6	2559
79.4486999	6	2560
85.2072238	6	2561
935.639142	16	2462
79.0083408	6	2562
778.202772	16	2482
79.4470310	6	2563
79.2670249	6	2564
80.4123878	6	2565
81.4244747	6	2566
78.2635211	6	2567
934.396266	16	2469
78.4430503	6	2569
86.2748622	6	2568
81.8116664	6	2570
81.3381671	6	2571
669.348239	16	2503
902.171134	16	2477
79.6475410	6	2572
729.804515	16	2497
785.219669	16	2491
77.9819488	6	2573
617.381095	16	2511
832.804679	16	2486
664.519071	16	2506
641.977787	16	2509
735.630989	16	2498
83.9405059	6	2574
80.3997516	6	2575
82.5240612	6	2576
79.4816017	6	2577
986.246109	16	2473
970.515012	16	2476
82.1936130	6	2578
80.0464153	6	2579
79.5142650	6	2580
781.867027	16	2499
1060.79840	16	2467
87.9466533	6	2581
83.3871364	6	2582
81.6278457	6	2583
921.614408	16	2487
79.9424648	6	2584
1059.97109	16	2472
82.1185111	6	2585
771.260261	16	2507
81.2292098	6	2586
1236.51289	16	2452
79.3101787	6	2587
84.0480327	6	2588
80.7805061	6	2589
80.7843208	6	2590
82.4773311	6	2591
79.5495510	6	2592
983.176708	16	2488
82.8516483	6	2593
1038.30909	16	2483
79.8203945	6	2594
983.484268	16	2490
832.057714	16	2508
82.4270248	6	2595
82.6025009	6	2596
835.348129	16	2510
80.4605484	6	2597
79.7348022	6	2598
1109.16376	16	2480
80.9984207	6	2599
994.767665	16	2494
745.966672	16	2523
826.054811	16	2514
77.5020122	6	2600
80.5938243	6	2601
81.2017917	6	2602
1161.99731	16	2478
1014.44983	16	2495
842.631101	16	2515
78.7465572	6	2603
800.482749	16	2521
970.562696	16	2501
80.0373554	6	2604
1050.45628	16	2493
1173.26259	16	2479
880.773544	16	2513
834.673404	16	2518
83.4045410	6	2605
79.8006057	6	2606
79.3967247	6	2607
1000.45228	16	2500
833.800554	16	2520
846.927642	16	2519
83.8105678	6	2608
77.9414176	6	2609
875.511884	16	2517
78.9451599	6	2610
823.411941	16	2525
83.0383300	6	2611
994.783639	16	2505
818.759441	16	2526
84.5532417	6	2612
81.1729431	6	2613
1118.18599	16	2492
1084.22541	16	2496
85.2735042	6	2614
80.4164409	6	2616
970.922470	16	2512
934.562921	16	2516
91.8838977	6	2615
83.7438106	6	2617
87.1958732	6	2618
1074.37276	16	2502
81.1364650	6	2619
904.681921	16	2522
1059.76080	16	2504
889.970302	16	2524
81.2218189	6	2620
91.0191535	6	2622
79.4351100	6	2624
100.383996	6	2621
97.5089073	6	2623
92.2992229	6	2625
78.3243179	6	2627
97.7318286	6	2626
104.807376	6	2628
102.160215	6	2629
98.0494022	6	2630
86.1136913	6	2634
104.667901	6	2632
114.868164	6	2631
103.629112	6	2633
103.666543	6	2635
107.816934	6	2638
86.6410732	6	2643
129.421710	6	2637
120.921134	6	2640
80.1723003	6	2646
162.589311	6	2636
144.411563	6	2639
114.376783	6	2644
131.948709	6	2642
143.626928	6	2641
119.301795	6	2647
150.146007	6	2645
137.999773	6	2648
139.229536	6	2649
155.124902	6	2650
151.161432	6	2652
158.557653	6	2651
148.435831	6	2653
135.169267	6	2655
151.345729	6	2654
131.889820	6	2657
136.854410	6	2658
162.971973	6	2656
142.922639	6	2659
138.448238	6	2660
130.548954	6	2663
129.557132	6	2664
152.951478	6	2661
119.449377	6	2666
120.069503	6	2667
156.976461	6	2662
141.292095	6	2665
117.497205	6	2669
137.540102	6	2668
105.890512	6	2673
115.350961	6	2672
101.401090	6	2674
131.962060	6	2670
127.907037	6	2671
232.393264	16	2688
267.018318	16	2687
346.028804	16	2677
415.988445	16	2682
445.088624	16	2678
412.420988	16	2683
410.563707	16	2684
401.233911	16	2686
475.224494	16	2676
464.996337	16	2679
386.670827	16	2692
474.635601	16	2680
357.897520	16	2698
329.516887	16	2702
380.608797	16	2696
366.396665	16	2699
497.643470	16	2681
339.817523	16	2703
413.572072	16	2694
347.867012	16	2704
582.357406	16	2675
484.786987	16	2689
519.978046	16	2685
392.931699	16	2708
383.371829	16	2709
551.476955	16	2691
588.871240	16	2690
467.737913	16	2707
585.566520	16	2693
440.967321	16	2713
590.431213	16	2701
641.405820	16	2700
679.574251	16	2710
674.509525	16	2711
809.111833	16	2695
712.593793	16	2712
92.3261642	6	2787
772.945642	16	2705
88.8545513	6	2788
89.7643566	6	2789
849.060535	16	2697
87.1937274	6	2790
695.683240	16	2718
694.371461	16	2719
90.2571678	6	2791
85.5319499	6	2792
86.4717960	6	2793
86.0900878	6	2794
686.582803	16	2724
79.2188644	6	2796
90.8870697	6	2795
732.464790	16	2721
82.1819305	6	2797
850.782394	16	2706
775.020122	16	2716
81.0966491	6	2798
78.1893730	6	2799
706.337213	16	2727
80.6441307	6	2800
732.528924	16	2725
753.180265	16	2723
79.7553062	6	2801
549.139738	16	2748
645.813465	16	2736
78.1786441	6	2802
78.1395435	6	2803
736.290931	16	2728
78.6120891	6	2804
85.6716632	6	2805
81.6586017	6	2806
82.0982456	6	2807
686.800003	16	2740
851.920366	16	2720
84.1386318	6	2808
82.1516513	6	2809
84.7032070	6	2810
88.8710021	6	2811
86.3690376	6	2812
81.5422534	6	2813
755.157232	16	2739
822.519779	16	2731
84.5613479	6	2814
86.7435932	6	2815
863.673686	16	2729
789.104461	16	2738
86.2410068	6	2816
87.9762172	6	2817
81.6311836	6	2818
939.643859	16	2722
879.208803	16	2730
82.1406841	6	2819
709.602832	16	2751
84.8815441	6	2820
616.917848	16	2764
83.8091373	6	2821
79.9913406	6	2822
80.2848339	6	2823
78.1941413	6	2824
730.840921	16	2753
905.524015	16	2732
78.9539813	6	2825
80.3143978	6	2826
1071.93255	16	2714
915.700674	16	2733
909.030437	16	2734
81.8874835	6	2827
79.7951221	6	2828
82.8251838	6	2829
659.699916	16	2768
78.3512592	6	2830
82.1390151	6	2831
81.4874172	6	2832
1038.62595	16	2726
84.7549438	6	2833
85.1957798	6	2834
81.1226367	6	2835
80.8169841	6	2837
89.6694660	6	2836
84.0175151	6	2838
81.4781188	6	2839
904.435396	16	2749
84.3567848	6	2840
82.1177959	6	2841
80.0163745	6	2842
78.1881809	6	2843
80.5175304	6	2844
864.373922	16	2759
987.284660	16	2744
698.299646	16	2779
784.813642	16	2769
85.4990482	6	2845
1023.54717	16	2741
78.9058208	6	2846
776.559114	16	2771
83.4717750	6	2847
732.983350	16	2778
904.517173	16	2758
81.1634063	6	2848
82.7498435	6	2849
703.057050	16	2784
85.8500003	6	2850
81.4123153	6	2851
912.278413	16	2761
742.513895	16	2781
79.7164440	6	2852
78.7670612	6	2853
916.925907	16	2762
1011.76285	16	2752
84.8660469	6	2854
846.197366	16	2772
80.2390575	6	2855
1101.06253	16	2742
768.398523	16	2782
1142.70639	16	2737
82.3502540	6	2856
985.367774	16	2757
851.687431	16	2773
1313.23623	16	2717
81.4251899	6	2857
78.7162780	6	2858
1344.24185	16	2715
892.883062	16	2770
78.0954360	6	2859
1061.44762	16	2750
1032.02414	16	2754
79.8723697	6	2860
78.2909393	6	2861
1111.82665	16	2746
79.0100097	6	2862
80.2495479	6	2863
78.6588191	6	2864
1065.68884	16	2756
897.146224	16	2776
916.187047	16	2774
79.3457031	6	2865
77.6567459	6	2866
1248.01397	16	2735
1090.71111	16	2755
84.0883255	6	2867
79.5147418	6	2868
81.0899734	6	2869
1205.60741	16	2743
1010.72382	16	2767
1174.97587	16	2747
77.3019790	6	2870
79.8289775	6	2871
78.1359672	6	2872
76.9891738	6	2873
1223.81734	16	2745
78.1435966	6	2874
915.563106	16	2783
1088.07826	16	2763
79.9069404	6	2875
79.4734954	6	2876
907.703161	16	2785
1084.05423	16	2765
81.9799900	6	2877
77.7688026	6	2878
77.9933929	6	2879
1146.83055	16	2760
77.5365829	6	2880
976.488351	16	2780
80.6441307	6	2881
79.3583393	6	2882
77.7521133	6	2883
83.0664634	6	2884
81.9351673	6	2885
82.2384357	6	2886
1062.57271	16	2777
85.0920677	6	2887
78.4051418	6	2888
78.1097412	6	2889
76.8611431	6	2890
80.4061889	6	2892
88.0820751	6	2891
80.9361934	6	2893
86.4775180	6	2894
1212.39113	16	2766
1040.83871	16	2786
86.4412784	6	2895
1149.67131	16	2775
84.6936702	6	2898
98.2217788	6	2896
78.6793231	6	2900
99.6875762	6	2897
76.5719413	6	2901
104.463338	6	2899
80.5172920	6	2903
99.5821952	6	2902
107.637166	6	2904
97.4664688	6	2906
109.814167	6	2905
101.283073	6	2909
123.563766	6	2907
101.682186	6	2911
123.527765	6	2908
125.506639	6	2910
101.104021	6	2915
108.297348	6	2914
124.486684	6	2912
121.388912	6	2913
141.449928	6	2916
123.779535	6	2919
105.564832	6	2922
126.242399	6	2920
100.602626	6	2924
123.081922	6	2921
151.409626	6	2917
146.203517	6	2918
131.603240	6	2923
122.345209	6	2925
106.771469	6	2928
120.927095	6	2926
114.969730	6	2927
107.306718	6	2930
115.003824	6	2929
105.959653	6	2931
103.036403	6	2932
100.726366	6	2933
257.689476	16	2937
250.998973	16	2939
244.392633	16	2940
249.066829	16	2942
237.505197	16	2946
277.948617	16	2949
323.378801	16	2943
337.384462	16	2950
459.868431	16	2936
367.897272	16	2951
488.615274	16	2935
364.614486	16	2953
502.068758	16	2938
382.805824	16	2955
457.593441	16	2947
395.517826	16	2956
517.024755	16	2941
389.106035	16	2961
347.047090	16	2967
486.648082	16	2948
407.411098	16	2960
422.444581	16	2958
405.707836	16	2962
630.912303	16	2934
542.580604	16	2952
617.484569	16	2944
612.211704	16	2945
478.041172	16	2964
520.972728	16	2959
497.869014	16	2965
87.6090526	6	3024
88.3498191	6	3025
84.8307609	6	3026
85.7343673	6	3027
85.5450630	6	3028
88.5837078	6	3029
89.8561477	6	3030
87.8715515	6	3031
85.5793952	6	3032
87.4459743	6	3033
80.8103084	6	3034
78.7298679	6	3035
697.005033	16	2957
80.9001922	6	3036
640.509128	16	2966
80.5552005	6	3037
80.6770324	6	3038
81.8958282	6	3039
82.6797485	6	3040
703.696966	16	2963
82.0100307	6	3041
89.1757011	6	3042
85.1125717	6	3043
798.199415	16	2954
80.9700489	6	3044
691.321134	16	2969
83.5187435	6	3045
680.881261	16	2972
79.7147750	6	3046
81.3038349	6	3047
645.246744	16	2979
80.5635452	6	3048
77.2812366	6	3049
79.7510147	6	3050
80.6176662	6	3051
744.193077	16	2970
526.784658	16	2999
85.1876735	6	3052
79.8661708	6	3053
81.5739631	6	3054
80.7871818	6	3055
770.903825	16	2971
800.077199	16	2968
82.2026729	6	3056
79.2794227	6	3057
632.223606	16	2991
761.018514	16	2975
81.6354751	6	3058
728.774309	16	2981
84.9680900	6	3059
82.4360847	6	3060
82.2982788	6	3061
694.431304	16	2988
77.9957771	6	3062
84.1486454	6	3063
759.019374	16	2982
80.5418491	6	3064
737.871646	16	2985
83.2464694	6	3065
81.9773674	6	3066
83.7628841	6	3067
81.3181400	6	3068
81.7911624	6	3069
784.696817	16	2986
82.6172828	6	3070
851.227045	16	2978
881.315469	16	2974
78.6018371	6	3071
753.231048	16	2992
83.4600925	6	3072
780.739307	16	2989
82.7369689	6	3073
80.1723003	6	3074
78.5284042	6	3075
760.447025	16	2994
663.480043	16	3007
821.711778	16	2987
80.5671215	6	3076
678.793430	16	3006
78.3703327	6	3077
80.9352397	6	3078
708.965778	16	3004
864.695310	16	2984
649.373531	16	3012
81.4228057	6	3079
884.023904	16	2983
687.449693	16	3009
81.4101696	6	3080
81.6211700	6	3081
624.947547	16	3019
853.760957	16	2990
79.9844264	6	3082
82.9343795	6	3083
77.6693820	6	3084
718.627929	16	3010
77.8689384	6	3085
79.0545940	6	3086
77.7840614	6	3087
84.8808288	6	3088
746.294498	16	3011
835.725307	16	3000
78.4084796	6	3090
882.668733	16	2995
724.097967	16	3015
89.1358852	6	3089
1056.20408	16	2973
77.0757198	6	3091
904.351234	16	2993
746.689558	16	3013
1011.78240	16	2980
697.667837	16	3020
78.6976814	6	3092
79.3187618	6	3093
77.9669284	6	3094
829.921722	16	3005
78.8793563	6	3095
78.8576602	6	3096
827.881813	16	3008
80.2431106	6	3097
1084.49554	16	2977
80.7349681	6	3098
925.748109	16	2998
1100.38352	16	2976
84.1038227	6	3099
78.9251327	6	3100
814.580678	16	3014
786.053180	16	3018
78.9525508	6	3101
925.282955	16	3001
767.732143	16	3021
77.6560306	6	3102
918.070554	16	3002
763.225317	16	3022
77.4309635	6	3103
77.9452323	6	3104
976.734876	16	2997
818.100690	16	3017
77.9361724	6	3105
995.562553	16	2996
836.732625	16	3016
78.0923366	6	3106
77.8195858	6	3107
80.5561542	6	3108
83.7583541	6	3109
80.4672241	6	3110
79.5657634	6	3111
78.1702995	6	3112
80.4979801	6	3113
1000.26035	16	3003
843.490123	16	3023
79.2295932	6	3114
80.1224708	6	3115
81.7174911	6	3116
85.5777263	6	3117
84.1090679	6	3118
83.9414596	6	3120
77.2314071	6	3121
95.5870151	6	3119
79.6537399	6	3124
79.6310901	6	3125
102.465152	6	3122
111.533641	6	3123
80.6186199	6	3129
96.0831642	6	3127
77.6221752	6	3130
117.018699	6	3126
89.9291038	6	3133
131.299972	6	3128
112.539052	6	3131
87.2318744	6	3135
112.897634	6	3132
95.2866077	6	3138
113.812208	6	3136
117.341279	6	3137
90.9812450	6	3141
140.627145	6	3134
113.012075	6	3140
142.071247	6	3139
118.283748	6	3143
127.091884	6	3142
115.715503	6	3144
103.490352	6	3146
118.005514	6	3145
105.405092	6	3148
138.678789	6	3147
125.456809	6	3149
113.369226	6	3152
102.190017	6	3154
131.394386	6	3151
144.060611	6	3150
104.488611	6	3156
92.1006202	6	3158
128.475666	6	3153
110.368967	6	3157
133.719444	6	3155
110.997915	6	3159
94.4437980	6	3162
108.721494	6	3160
102.294921	6	3161
256.871938	16	3166
313.450098	16	3167
283.208847	16	3171
252.938270	16	3178
302.137851	16	3177
350.140810	16	3173
333.713769	16	3180
456.934928	16	3164
356.545209	16	3179
427.805185	16	3172
418.953418	16	3175
431.642770	16	3174
380.949258	16	3182
435.838460	16	3176
400.850296	16	3186
553.113698	16	3165
516.922235	16	3170
378.415822	16	3191
588.131189	16	3163
362.812995	16	3196
406.693458	16	3190
578.438282	16	3168
476.294755	16	3183
578.035593	16	3169
493.386745	16	3185
434.777021	16	3197
553.032875	16	3181
458.905220	16	3201
560.194253	16	3194
593.455553	16	3192
597.942113	16	3195
670.133352	16	3187
475.152254	16	3214
685.654401	16	3188
491.776943	16	3215
761.286258	16	3184
671.199560	16	3198
93.8794612	6	3274
90.0032520	6	3275
92.5664901	6	3276
86.7221355	6	3277
90.5380249	6	3278
767.786026	16	3199
813.035249	16	3193
760.776519	16	3200
89.9682044	6	3279
87.2488021	6	3280
90.6293392	6	3281
679.563522	16	3213
85.9434604	6	3282
635.365724	16	3219
87.0368480	6	3283
789.316177	16	3202
81.9873809	6	3284
755.705118	16	3207
77.5573253	6	3285
78.8626670	6	3286
906.511306	16	3189
645.575761	16	3222
80.6941986	6	3287
742.017030	16	3212
78.5501003	6	3289
584.478139	16	3232
89.2355442	6	3288
781.441688	16	3209
84.3238830	6	3290
81.5608501	6	3291
85.1259231	6	3292
81.3543796	6	3293
851.267099	16	3205
688.562154	16	3225
83.1775665	6	3294
83.4243297	6	3295
84.1174125	6	3296
80.7449817	6	3297
77.9049396	6	3299
89.5366668	6	3298
901.619434	16	3206
85.5028629	6	3300
752.510070	16	3226
81.2501907	6	3301
824.129104	16	3218
80.5718898	6	3302
815.325736	16	3220
920.620441	16	3208
86.6801738	6	3303
898.831844	16	3211
82.6361179	6	3304
858.988523	16	3217
743.023395	16	3231
81.4495086	6	3305
761.530399	16	3230
703.989505	16	3237
79.0295600	6	3306
929.741144	16	3210
679.055929	16	3241
88.4637832	6	3307
80.0020694	6	3308
1020.03121	16	3203
84.6807956	6	3309
859.921932	16	3223
82.1919441	6	3310
80.7461738	6	3311
83.3613872	6	3312
80.0681114	6	3313
83.9922428	6	3314
956.117630	16	3216
82.8695297	6	3315
83.3415985	6	3316
79.8058509	6	3317
816.150426	16	3236
82.7164649	6	3318
641.516685	16	3256
78.4540176	6	3319
78.8514614	6	3320
82.7016830	6	3321
78.2546997	6	3322
79.8232555	6	3323
934.458494	16	3228
85.0651264	6	3324
79.1380405	6	3325
77.8279304	6	3326
79.6532630	6	3327
80.0433158	6	3328
84.4423770	6	3329
79.3011188	6	3330
996.459245	16	3227
82.0548534	6	3331
79.2887210	6	3332
79.4885158	6	3333
958.525657	16	3235
83.2436084	6	3334
781.149387	16	3255
790.687084	16	3254
969.129800	16	3234
1221.45056	16	3204
81.6195011	6	3335
894.262552	16	3244
83.9242935	6	3336
785.564422	16	3257
79.0486335	6	3337
847.929239	16	3251
77.2223472	6	3338
962.625265	16	3239
1119.23766	16	3221
787.279844	16	3259
79.7312259	6	3339
82.6919078	6	3340
794.981479	16	3261
807.597398	16	3260
83.8465690	6	3341
984.139204	16	3240
80.7089805	6	3342
1086.75026	16	3229
904.419898	16	3250
735.234260	16	3270
915.322542	16	3249
731.688976	16	3271
1024.38020	16	3238
88.9580249	6	3343
846.444606	16	3258
81.4545154	6	3344
79.1275501	6	3345
78.3672332	6	3346
77.8880119	6	3347
79.0474414	6	3349
89.8132324	6	3348
77.2068500	6	3350
1015.84482	16	3245
77.7912139	6	3351
843.116283	16	3265
999.005079	16	3247
79.4863700	6	3352
1131.07252	16	3233
965.006113	16	3252
794.201374	16	3272
1060.66989	16	3242
85.9158039	6	3353
1032.10306	16	3246
858.193635	16	3266
80.9164047	6	3354
78.1576633	6	3355
77.6112079	6	3356
1239.30907	16	3224
909.982681	16	3262
77.9120922	6	3357
1035.66884	16	3248
867.968320	16	3268
878.621101	16	3267
83.3380222	6	3358
81.2571048	6	3359
78.0560970	6	3360
79.2975425	6	3361
78.6752700	6	3362
941.229581	16	3264
87.7888202	6	3363
82.3907852	6	3364
80.3792476	6	3365
79.8232555	6	3366
79.5042514	6	3367
86.0297679	6	3368
1003.31592	16	3263
87.9759788	6	3369
81.2423229	6	3370
82.1003913	6	3371
80.7037353	6	3372
969.389677	16	3269
82.3349952	6	3374
77.6777267	6	3375
96.9295501	6	3373
82.8697681	6	3376
1225.13461	16	3243
87.1853828	6	3377
91.2568569	6	3378
85.3276252	6	3379
82.0651054	6	3380
82.5979709	6	3381
77.0635604	6	3383
1187.69478	16	3253
1018.72348	16	3273
80.4662704	6	3385
93.2011604	6	3384
121.576070	6	3382
89.1041755	6	3387
98.5722541	6	3386
89.8280143	6	3388
93.5101509	6	3389
93.2455062	6	3390
90.1689529	6	3391
91.1030769	6	3393
108.577013	6	3392
112.262010	6	3394
92.7557945	6	3398
112.859249	6	3396
82.7119350	6	3402
96.4713096	6	3400
137.005329	6	3395
134.981632	6	3397
106.072187	6	3403
138.668537	6	3399
113.050460	6	3404
107.788562	6	3407
149.932146	6	3401
135.640382	6	3405
136.574029	6	3406
135.384082	6	3408
126.161098	6	3410
136.986732	6	3409
110.155105	6	3415
125.387430	6	3413
148.998737	6	3411
148.050546	6	3412
121.840000	6	3416
143.431663	6	3414
128.311395	6	3417
116.256237	6	3419
112.759351	6	3420
87.0954990	6	3424
131.168842	6	3418
113.286018	6	3422
95.0615406	6	3425
122.903823	6	3421
116.142034	6	3423
231.043338	16	3426
291.242599	16	3430
252.164602	16	3438
263.627767	16	3440
354.913234	16	3431
317.616462	16	3442
427.055120	16	3429
336.260080	16	3443
341.657638	16	3445
430.774450	16	3435
356.022834	16	3449
417.764663	16	3441
475.584030	16	3433
487.220048	16	3434
533.565759	16	3428
508.917570	16	3432
478.715896	16	3437
496.994495	16	3436
585.318088	16	3427
374.540567	16	3461
454.522609	16	3452
426.423549	16	3456
549.529790	16	3444
455.553054	16	3458
431.202173	16	3464
657.100439	16	3439
544.286012	16	3455
578.075647	16	3454
653.655767	16	3446
618.331909	16	3459
638.401985	16	3457
619.356155	16	3462
742.095708	16	3447
86.8182182	6	3527
659.349203	16	3460
84.2835903	6	3528
718.780517	16	3453
737.358331	16	3451
747.810602	16	3450
86.8802070	6	3529
586.451768	16	3471
86.8203639	6	3530
91.4728641	6	3531
88.9079570	6	3532
89.4248485	6	3533
90.4102325	6	3534
88.6085033	6	3535
80.6281566	6	3536
82.1201801	6	3537
89.0116691	6	3538
83.8627815	6	3539
81.9747447	6	3540
752.350807	16	3463
591.945886	16	3483
79.7770023	6	3541
82.3187828	6	3542
79.4527530	6	3543
81.7549228	6	3544
82.1318626	6	3545
82.1511745	6	3546
82.5870037	6	3547
78.3774852	6	3548
84.1805934	6	3549
742.207288	16	3474
78.3643722	6	3550
82.8468799	6	3551
79.4746875	6	3552
81.9764137	6	3553
81.7370414	6	3554
737.663507	16	3481
90.6374454	6	3555
841.393709	16	3469
687.759160	16	3489
87.1496200	6	3556
579.925537	16	3502
81.9871425	6	3557
78.3498287	6	3558
80.1672935	6	3559
710.091352	16	3490
86.2050056	6	3560
82.6306343	6	3561
80.3487300	6	3562
614.033460	16	3504
83.6832523	6	3563
81.4056396	6	3564
795.149326	16	3484
78.1526565	6	3565
81.1145305	6	3566
948.395967	16	3467
81.0060501	6	3567
966.817617	16	3466
86.9445800	6	3568
1115.04745	16	3448
812.348127	16	3487
81.9113254	6	3569
79.3025493	6	3570
877.744436	16	3480
905.050516	16	3477
79.2582035	6	3571
926.062822	16	3476
80.2116394	6	3572
780.333280	16	3494
79.3793201	6	3574
87.2941017	6	3573
790.739536	16	3495
82.0119380	6	3575
798.877000	16	3496
87.8682136	6	3576
888.264179	16	3486
80.8033943	6	3577
924.945592	16	3482
77.4290561	6	3578
987.026453	16	3475
655.384302	16	3514
79.3194770	6	3579
973.890781	16	3478
81.2041759	6	3580
664.748430	16	3515
80.7588100	6	3581
82.8590393	6	3582
79.7204971	6	3583
621.583700	16	3522
81.5610885	6	3584
920.558214	16	3491
945.443630	16	3488
680.250406	16	3518
88.1733894	6	3585
82.7746391	6	3586
760.428905	16	3511
84.5804214	6	3587
77.7320861	6	3588
884.273290	16	3498
1096.34685	16	3472
79.2665481	6	3590
86.9104862	6	3589
79.2472362	6	3591
1116.87016	16	3473
955.908775	16	3493
780.126333	16	3513
81.4528465	6	3592
816.933155	16	3509
903.911352	16	3500
79.9713134	6	3593
977.403402	16	3492
801.547050	16	3512
78.6683559	6	3594
1163.75064	16	3470
825.598239	16	3510
946.369409	16	3497
81.3314914	6	3595
743.357419	16	3520
79.0307521	6	3596
78.5298347	6	3597
930.198669	16	3501
876.447200	16	3507
751.835346	16	3521
789.538860	16	3517
719.966888	16	3524
80.8868408	6	3598
85.7255458	6	3599
79.2047977	6	3600
77.5687694	6	3601
81.0346603	6	3602
81.0894966	6	3603
80.3527832	6	3604
80.6608200	6	3605
77.8827667	6	3606
950.623273	16	3506
769.568443	16	3526
866.735696	16	3516
989.425659	16	3503
80.0335407	6	3607
805.969238	16	3523
1030.41839	16	3499
1281.66127	16	3468
78.7131786	6	3608
82.1442604	6	3609
78.1726837	6	3610
1217.64779	16	3479
76.7817497	6	3611
871.173143	16	3519
76.6322612	6	3612
78.3109664	6	3613
79.8833370	6	3614
998.323440	16	3508
1200.22797	16	3485
82.5114250	6	3615
80.1155567	6	3616
82.1831226	6	3617
81.0768604	6	3618
85.3691101	6	3619
82.1971893	6	3620
80.4064273	6	3621
82.1983814	6	3622
83.9190483	6	3623
1097.85938	16	3505
1429.39519	16	3465
914.609432	16	3525
86.5013599	6	3624
89.8275375	6	3625
83.1308364	6	3626
93.5740470	6	3627
91.7513370	6	3628
96.9734191	6	3629
100.290775	6	3630
100.517511	6	3631
96.7230796	6	3632
90.8045768	6	3633
79.5373916	6	3636
97.8446006	6	3634
86.8248939	6	3639
114.177227	6	3635
103.422164	6	3637
100.662708	6	3642
91.2687778	6	3644
84.5510959	6	3645
136.381149	6	3638
132.694482	6	3641
140.276670	6	3640
85.9689712	6	3650
135.606050	6	3643
119.536399	6	3647
125.177383	6	3649
121.503591	6	3651
118.584156	6	3652
160.447359	6	3646
113.387584	6	3653
148.167371	6	3648
112.247943	6	3657
139.871835	6	3656
154.315948	6	3655
162.700176	6	3654
107.604503	6	3662
142.518043	6	3659
132.102489	6	3661
156.315803	6	3658
123.838663	6	3664
152.949333	6	3660
96.0762500	6	3668
132.234334	6	3663
121.439456	6	3667
107.464075	6	3669
136.476516	6	3665
93.7840938	6	3673
118.741750	6	3670
150.426387	6	3666
119.846820	6	3671
118.679285	6	3672
100.553989	6	3675
114.068269	6	3674
243.432521	16	3676
306.574344	16	3680
272.087574	16	3690
330.763339	16	3693
432.516336	16	3681
432.257413	16	3682
437.953472	16	3683
440.082073	16	3685
346.474647	16	3701
455.290794	16	3686
444.411277	16	3689
523.022651	16	3678
402.212381	16	3696
485.737085	16	3687
467.848539	16	3692
401.973962	16	3703
423.544168	16	3700
490.178346	16	3691
576.137542	16	3679
604.498624	16	3677
533.588409	16	3688
415.183782	16	3706
585.970401	16	3684
541.235923	16	3695
568.508625	16	3694
497.463464	16	3704
435.225248	16	3715
564.795970	16	3702
643.301486	16	3699
586.129903	16	3707
609.186649	16	3705
512.111186	16	3722
88.2935523	6	3771
621.745109	16	3709
88.1297588	6	3772
615.605831	16	3711
87.6123905	6	3773
485.211849	16	3729
725.305318	16	3698
85.5062007	6	3774
90.4502868	6	3775
86.2007141	6	3776
88.7823104	6	3777
85.9653949	6	3778
84.8820209	6	3779
87.1710777	6	3780
79.2346000	6	3781
82.8399658	6	3782
80.4858207	6	3783
84.3613147	6	3784
81.4208984	6	3785
85.6578350	6	3786
80.9090137	6	3787
724.563837	16	3714
81.9618701	6	3788
80.0926685	6	3789
82.4496746	6	3790
886.450767	16	3697
585.416316	16	3736
87.5499248	6	3791
804.862499	16	3710
761.071681	16	3716
79.4963836	6	3793
87.4924659	6	3792
761.675119	16	3717
82.0198059	6	3794
82.3178291	6	3795
84.2261314	6	3796
84.0640068	6	3797
81.1324119	6	3798
77.1429538	6	3799
799.588680	16	3718
84.8000049	6	3800
81.0463428	6	3801
78.0892372	6	3802
780.668020	16	3725
728.640794	16	3732
83.9710235	6	3803
79.8575878	6	3804
935.925722	16	3708
789.418220	16	3727
85.3261947	6	3805
781.118392	16	3728
78.3443450	6	3806
81.3612937	6	3807
82.9219818	6	3808
850.951433	16	3723
80.8730125	6	3809
78.3822536	6	3810
79.8747539	6	3811
86.5921974	6	3812
77.4765014	6	3813
715.854883	16	3744
884.218215	16	3724
841.390132	16	3730
84.3298435	6	3814
923.087835	16	3721
82.4847221	6	3815
81.6318988	6	3816
80.4402828	6	3817
597.950220	16	3761
778.355836	16	3741
78.5028934	6	3818
78.9990425	6	3819
970.092773	16	3720
78.8214206	6	3820
796.932220	16	3742
618.892431	16	3762
686.467885	16	3755
861.776828	16	3735
896.621942	16	3731
725.258588	16	3751
87.3200893	6	3821
80.9957981	6	3822
888.869285	16	3734
715.353727	16	3754
87.4288082	6	3823
78.7613391	6	3824
867.731332	16	3738
77.0745277	6	3825
78.3200263	6	3826
80.6341171	6	3827
733.820676	16	3756
79.9343585	6	3828
844.262123	16	3745
80.3916454	6	3829
740.895509	16	3758
84.4354629	6	3830
79.6163082	6	3831
689.288616	16	3765
83.9576721	6	3832
77.2564411	6	3833
80.9402465	6	3834
994.392633	16	3733
81.8557739	6	3835
823.891401	16	3753
1157.39989	16	3713
877.297163	16	3747
870.311260	16	3748
703.426837	16	3767
79.7650814	6	3836
924.167871	16	3743
76.8182277	6	3837
870.888471	16	3749
686.856508	16	3769
78.1445503	6	3838
713.479042	16	3768
79.1652202	6	3839
765.586853	16	3763
1141.08586	16	3719
804.485559	16	3759
982.782602	16	3739
85.0822925	6	3840
79.0462493	6	3841
1211.75360	16	3712
880.868196	16	3752
82.1492671	6	3842
78.1424045	6	3843
1119.46392	16	3726
790.359258	16	3764
79.4336795	6	3844
81.2742710	6	3845
80.7986259	6	3846
78.5489082	6	3847
77.6612758	6	3848
1037.81509	16	3740
77.4960517	6	3849
997.915983	16	3746
1076.61151	16	3737
902.242183	16	3757
822.397232	16	3766
81.0244083	6	3850
780.399560	16	3770
880.101203	16	3760
968.023061	16	3750
77.9552459	6	3851
79.3073177	6	3852
76.9593715	6	3853
79.1099071	6	3854
80.3437232	6	3855
83.7948322	6	3856
81.5546512	6	3857
80.8568000	6	3858
84.0487480	6	3859
90.2373790	6	3860
86.6649150	6	3861
78.4678459	6	3863
89.5357131	6	3862
84.5737457	6	3864
88.2840156	6	3865
95.0605869	6	3866
99.6158123	6	3867
85.4558944	6	3870
92.0579433	6	3871
106.085300	6	3869
91.2213325	6	3873
100.673913	6	3872
131.418943	6	3868
107.445478	6	3876
136.080503	6	3875
122.967004	6	3877
143.177509	6	3874
116.406679	6	3878
157.345533	6	3879
103.842020	6	3887
146.677732	6	3881
113.620519	6	3886
154.982328	6	3880
142.917871	6	3882
145.619153	6	3883
118.892669	6	3890
130.950212	6	3889
120.368003	6	3891
103.930473	6	3895
174.739599	6	3885
128.698110	6	3893
132.957458	6	3894
158.895492	6	3892
127.642869	6	3897
108.042001	6	3900
195.965528	6	3888
141.967535	6	3896
227.280378	6	3884
130.095005	6	3898
127.689599	6	3899
111.834526	6	3903
135.226488	6	3901
132.270574	6	3902
108.024120	6	3906
95.0391292	6	3908
126.741886	6	3904
108.044385	6	3907
134.289979	6	3905
253.205537	16	3910
245.178461	16	3911
260.895013	16	3909
262.414455	16	3914
243.667125	16	3922
269.030809	16	3920
296.760320	16	3916
262.881755	16	3921
250.701189	16	3923
261.335134	16	3924
302.953958	16	3918
300.951004	16	3919
421.366214	16	3912
417.652845	16	3913
351.982831	16	3927
366.952180	16	3926
358.317375	16	3933
489.018917	16	3917
436.680555	16	3925
393.989562	16	3934
524.707317	16	3915
332.489490	16	3943
366.276502	16	3941
461.637735	16	3935
479.703187	16	3938
465.516090	16	3940
562.978506	16	3928
560.998916	16	3932
490.019321	16	3948
527.793407	16	3944
609.210729	16	3939
88.2639884	6	4004
91.9470787	6	4005
89.9908542	6	4006
87.8481864	6	4007
705.128669	16	3931
87.8655910	6	4008
634.213447	16	3942
91.4406776	6	4009
87.7640247	6	4010
92.4570560	6	4011
752.379894	16	3930
704.255580	16	3937
91.3004875	6	4012
79.6442031	6	4014
88.9258384	6	4013
81.2695026	6	4015
79.7560214	6	4016
80.5029869	6	4017
80.6658267	6	4018
84.5186710	6	4019
79.7772407	6	4020
80.5993080	6	4021
81.1662673	6	4022
80.6615352	6	4023
82.8807353	6	4024
81.4845561	6	4025
83.0681324	6	4026
79.9617767	6	4027
87.1465206	6	4028
82.7646255	6	4029
85.8569145	6	4030
81.5012454	6	4031
610.128641	16	3972
889.698743	16	3936
774.314880	16	3952
84.4917297	6	4032
749.646902	16	3956
82.0138454	6	4033
81.7711353	6	4034
604.703187	16	3976
835.235834	16	3947
850.560903	16	3945
81.1088085	6	4035
689.380407	16	3967
78.3200263	6	4036
726.000308	16	3963
987.996578	16	3929
84.4051837	6	4037
754.496097	16	3961
574.343442	16	3983
83.1317901	6	4038
83.7213993	6	4039
609.903097	16	3981
791.893959	16	3959
80.1413059	6	4040
835.973978	16	3954
83.2748413	6	4041
81.0837745	6	4042
84.4273567	6	4043
82.7767848	6	4044
81.1545848	6	4045
78.125	6	4047
88.9196395	6	4046
927.986145	16	3950
80.9469223	6	4048
78.9890289	6	4049
84.1081142	6	4050
83.2180976	6	4051
80.1486968	6	4052
856.132030	16	3964
78.3829689	6	4053
882.195949	16	3962
78.4664154	6	4054
77.5828361	6	4055
714.575767	16	3984
81.9077491	6	4056
78.5574913	6	4057
951.369047	16	3957
78.7830352	6	4058
880.007266	16	3968
984.344005	16	3955
82.0784568	6	4059
714.820146	16	3988
79.6887874	6	4060
655.044794	16	3996
78.4082412	6	4061
79.7629356	6	4062
78.6745548	6	4063
942.318201	16	3965
80.5406570	6	4064
886.635303	16	3973
1046.54955	16	3953
81.3310146	6	4065
702.307939	16	3995
632.831335	16	4003
83.2133293	6	4066
1112.10370	16	3946
959.674119	16	3966
79.7014236	6	4067
855.386018	16	3979
79.5099735	6	4068
744.878292	16	3993
896.716356	16	3975
78.0694484	6	4069
1094.41781	16	3951
816.345691	16	3986
824.201822	16	3985
80.0087451	6	4070
709.718465	16	3999
79.0359973	6	4071
77.9521465	6	4072
979.411840	16	3969
79.5590877	6	4073
714.345455	16	4001
796.491861	16	3992
81.0351371	6	4074
1068.13549	16	3960
904.124021	16	3980
1153.29027	16	3949
831.287384	16	3989
846.819162	16	3987
82.4792385	6	4075
81.6044807	6	4076
81.3038349	6	4077
77.9752731	6	4078
1009.35745	16	3971
843.266248	16	3991
77.9056549	6	4079
951.989173	16	3978
1026.53884	16	3970
80.0418853	6	4080
1004.74429	16	3974
83.8966369	6	4081
836.655855	16	3994
78.7615776	6	4082
1139.79315	16	3958
806.390762	16	3998
947.713136	16	3982
80.2090167	6	4083
81.3703536	6	4084
793.397665	16	4002
81.8533897	6	4085
905.812978	16	3990
81.9058418	6	4086
83.9056968	6	4087
81.0170173	6	4088
1030.07650	16	3977
79.2577266	6	4089
81.8576812	6	4090
879.342079	16	3997
80.9078216	6	4092
89.9438858	6	4091
84.7113132	6	4093
79.3666839	6	4096
99.0235805	6	4094
93.6059951	6	4095
79.7219276	6	4097
85.0903987	6	4099
98.2573032	6	4098
87.9447460	6	4100
81.1316967	6	4103
105.422019	6	4101
89.0352725	6	4104
105.066537	6	4102
959.453105	16	4000
89.3859863	6	4107
108.586311	6	4105
101.767778	6	4106
93.9517021	6	4110
98.8776683	6	4111
91.4638042	6	4113
83.8878154	6	4115
133.806228	6	4108
99.7579097	6	4114
97.8672504	6	4116
149.745702	6	4109
129.008769	6	4112
115.007638	6	4118
124.767541	6	4117
100.074291	6	4122
151.589632	6	4120
147.130727	6	4123
133.258342	6	4125
163.168907	6	4121
133.902072	6	4126
149.202823	6	4124
147.049665	6	4127
128.595829	6	4130
144.921541	6	4128
118.233680	6	4133
146.915674	6	4129
219.253778	6	4119
139.283418	6	4131
135.833501	6	4132
125.717163	6	4138
120.767593	6	4139
143.470764	6	4136
158.593654	6	4134
160.345792	6	4135
150.717020	6	4137
120.402336	6	4142
124.352931	6	4143
147.442102	6	4140
114.493370	6	4145
88.3984565	6	4149
109.412431	6	4146
126.030206	6	4144
150.339603	6	4141
113.701105	6	4147
109.232902	6	4150
123.656749	6	4148
245.945930	16	4160
261.537790	16	4159
247.104644	16	4164
322.627305	16	4158
357.048511	16	4161
335.977077	16	4167
450.339078	16	4151
324.389219	16	4170
430.438280	16	4157
485.477447	16	4153
368.907690	16	4171
493.845939	16	4155
517.571210	16	4152
442.916870	16	4165
517.416477	16	4156
466.748237	16	4163
410.532474	16	4175
563.703536	16	4154
412.916660	16	4176
362.389802	16	4183
451.864957	16	4172
524.752140	16	4162
518.543720	16	4177
525.789499	16	4180
608.285188	16	4169
520.361185	16	4181
542.021751	16	4184
88.4668827	6	4241
86.8904590	6	4242
86.8818759	6	4243
87.2814655	6	4244
717.941761	16	4166
84.5456123	6	4246
94.1667556	6	4245
580.455064	16	4186
679.639577	16	4173
88.3007049	6	4247
604.860544	16	4185
451.016187	16	4205
85.8311653	6	4248
81.0804367	6	4250
94.5572853	6	4249
78.6767005	6	4251
80.7409286	6	4252
82.3159217	6	4253
786.492586	16	4168
79.0886878	6	4254
684.283256	16	4182
85.4713916	6	4255
726.975440	16	4179
85.0908756	6	4256
79.7574520	6	4257
81.3455581	6	4258
79.7500610	6	4259
798.965692	16	4174
81.4728736	6	4260
614.093065	16	4200
81.2120437	6	4261
86.5604877	6	4262
82.4840068	6	4263
82.7002525	6	4264
84.0094089	6	4265
81.4616680	6	4266
830.652475	16	4178
83.8067531	6	4267
81.0942649	6	4268
773.975133	16	4187
649.987220	16	4203
79.5500278	6	4269
758.405923	16	4190
78.0007839	6	4270
703.793764	16	4198
77.7201652	6	4271
82.8533172	6	4272
77.1689414	6	4273
82.9794406	6	4274
523.402452	16	4223
694.524765	16	4204
80.6033611	6	4275
526.406764	16	4224
84.4666957	6	4276
782.636880	16	4195
81.7520618	6	4277
694.108009	16	4207
80.6932449	6	4278
82.0455551	6	4279
80.5683135	6	4280
81.5620422	6	4281
653.334856	16	4215
82.4241638	6	4282
82.8843116	6	4283
78.6445140	6	4284
869.438171	16	4192
81.4397335	6	4285
708.990573	16	4212
805.748224	16	4202
80.5261135	6	4286
77.3355960	6	4287
917.002439	16	4189
78.6173343	6	4288
627.691268	16	4225
79.0109634	6	4289
900.828838	16	4193
658.494710	16	4222
79.2427062	6	4290
783.951520	16	4208
884.979248	16	4197
80.6300640	6	4291
774.692058	16	4210
714.282512	16	4217
553.335666	16	4237
877.347469	16	4199
78.5071849	6	4292
77.4481296	6	4293
915.293931	16	4196
79.1583061	6	4294
726.644992	16	4219
78.1993865	6	4295
993.251323	16	4188
77.8961181	6	4296
663.688421	16	4228
828.833103	16	4209
658.974647	16	4229
654.824972	16	4230
573.692560	16	4240
737.677812	16	4220
79.4441699	6	4297
80.4860591	6	4298
83.7416648	6	4299
80.2495479	6	4300
78.5946846	6	4301
78.9411067	6	4302
79.5540809	6	4303
80.5163383	6	4304
78.5737037	6	4305
77.7697563	6	4306
803.441047	16	4221
981.620073	16	4201
82.2808742	6	4307
768.855094	16	4226
943.195343	16	4206
82.3714733	6	4308
78.5739421	6	4310
90.7027721	6	4309
79.7786712	6	4311
792.665481	16	4227
82.2439193	6	4312
731.060504	16	4235
80.7690620	6	4313
936.310291	16	4211
762.534856	16	4232
82.5347900	6	4314
80.9681415	6	4315
1123.47531	16	4191
790.443181	16	4231
80.5137157	6	4316
1103.39236	16	4194
916.332483	16	4216
80.1475048	6	4319
96.9164371	6	4317
91.0151004	6	4318
85.8349800	6	4320
971.949338	16	4213
809.611797	16	4233
84.0711593	6	4321
84.1825008	6	4322
801.251649	16	4236
84.2015743	6	4323
77.4881839	6	4325
785.626411	16	4239
91.4158821	6	4324
1002.26211	16	4214
837.671995	16	4234
84.9878787	6	4326
99.9243259	6	4327
84.7945213	6	4329
93.4453010	6	4328
79.6456336	6	4331
841.384649	16	4238
1009.18769	16	4218
90.8608436	6	4330
86.7168903	6	4332
81.8405151	6	4335
104.746341	6	4334
123.988151	6	4333
104.813337	6	4336
101.123809	6	4337
85.2005481	6	4341
122.536659	6	4338
116.566419	6	4339
118.602037	6	4340
113.430976	6	4342
99.5671749	6	4345
82.6725959	6	4349
140.558242	6	4343
128.955125	6	4346
125.595331	6	4347
89.5357131	6	4353
160.600423	6	4344
88.8853073	6	4357
136.117219	6	4352
146.015644	6	4351
158.762216	6	4350
134.679794	6	4354
135.690689	6	4355
140.758275	6	4356
216.504096	6	4348
170.099020	6	4358
162.983655	6	4359
142.926454	6	4362
154.511928	6	4361
157.067298	6	4364
185.997486	6	4360
155.438184	6	4365
150.302171	6	4366
106.804847	6	4373
145.405769	6	4368
183.362722	6	4363
148.472309	6	4369
137.424707	6	4372
153.044700	6	4370
120.052576	6	4375
175.525188	6	4367
86.5311622	6	4380
129.699230	6	4374
158.438444	6	4371
99.9243259	6	4381
129.024267	6	4377
140.299797	6	4376
136.425256	6	4379
115.434885	6	4382
145.470142	6	4378
246.669769	16	4383
236.541032	16	4387
254.660606	16	4394
300.899028	16	4392
317.881584	16	4395
386.291503	16	4388
455.149412	16	4386
443.002700	16	4389
433.950185	16	4391
445.960044	16	4390
426.189184	16	4393
494.498729	16	4385
354.205131	16	4406
370.131492	16	4409
369.193792	16	4410
369.606018	16	4411
360.690116	16	4413
86.3723754	6	4448
583.965539	16	4384
86.3001346	6	4449
85.5371952	6	4450
86.5011215	6	4452
93.5351848	6	4451
86.7147445	6	4453
524.733066	16	4398
541.279554	16	4396
85.5016708	6	4454
89.6010398	6	4455
88.6611938	6	4456
78.2785415	6	4458
91.6788578	6	4457
79.8985958	6	4459
79.3702602	6	4460
81.9888114	6	4461
79.9922943	6	4462
77.6510238	6	4463
593.410015	16	4399
470.956802	16	4416
537.353992	16	4407
79.7994136	6	4464
587.632656	16	4401
79.5485973	6	4465
78.7549018	6	4466
599.642992	16	4402
638.644695	16	4397
81.3982486	6	4467
422.137022	16	4427
79.0929794	6	4468
81.4294815	6	4469
602.769613	16	4405
83.9855670	6	4470
82.0975303	6	4471
565.518379	16	4414
81.7360877	6	4472
454.325914	16	4429
81.4654827	6	4473
80.6472301	6	4474
686.924219	16	4400
427.127361	16	4434
83.5828781	6	4475
79.1847705	6	4476
80.6100368	6	4477
77.9180526	6	4478
87.2585773	6	4479
79.2982578	6	4480
509.551286	16	4430
80.1279544	6	4481
80.0538063	6	4482
78.5377025	6	4483
80.2781581	6	4484
744.099378	16	4403
80.3909301	6	4485
747.807502	16	4404
80.9721946	6	4486
80.2030563	6	4487
77.2416591	6	4488
704.690217	16	4412
550.749063	16	4433
85.1116180	6	4489
79.1039466	6	4490
529.452085	16	4436
565.989494	16	4432
82.7741622	6	4491
78.2477855	6	4492
78.8586139	6	4493
468.228816	16	4447
80.8107852	6	4494
604.632854	16	4431
711.325407	16	4418
80.2605152	6	4495
709.341049	16	4419
79.3604850	6	4496
746.706962	16	4415
583.990812	16	4435
802.075386	16	4408
649.518013	16	4428
564.296483	16	4438
79.5328617	6	4497
703.006505	16	4422
560.764551	16	4439
78.3741474	6	4498
675.526857	16	4426
506.690263	16	4446
759.257555	16	4417
84.1035842	6	4499
79.1966915	6	4500
79.2734622	6	4501
77.8281688	6	4502
716.103076	16	4425
547.890424	16	4445
613.450765	16	4437
756.438970	16	4421
78.9699554	6	4503
589.050531	16	4441
583.353757	16	4442
79.0133476	6	4504
77.4047374	6	4505
78.7808895	6	4506
78.2456398	6	4507
76.4608383	6	4508
81.8834304	6	4509
77.4712562	6	4510
79.7450542	6	4511
828.022241	16	4420
662.160396	16	4440
79.9076557	6	4512
81.4950466	6	4513
82.7813148	6	4514
79.4191360	6	4515
840.910434	16	4423
83.5585594	6	4516
81.4414024	6	4517
82.3767185	6	4518
846.822500	16	4424
680.710554	16	4444
87.4488353	6	4519
82.6437473	6	4520
89.0667438	6	4521
76.4906406	6	4523
722.206830	16	4443
78.7277221	6	4524
102.121353	6	4522
77.5151252	6	4526
94.5351123	6	4525
79.7181129	6	4528
91.1452770	6	4527
88.2196426	6	4530
103.341817	6	4532
95.9177017	6	4533
125.492334	6	4529
112.505197	6	4531
92.7233695	6	4534
91.1774635	6	4535
85.6578350	6	4538
112.069606	6	4536
112.249135	6	4537
107.317686	6	4539
90.9588336	6	4543
115.525960	6	4540
109.433412	6	4542
91.0477638	6	4545
121.103763	6	4541
117.195367	6	4544
111.088037	6	4546
101.240873	6	4548
94.8646068	6	4550
105.245828	6	4549
120.205163	6	4547
92.7152633	6	4551
89.4546508	6	4552
239.472627	16	4553
233.309984	16	4557
229.999303	16	4558
253.965616	16	4561
248.157739	16	4564
308.540582	16	4559
89.2117023	6	4608
483.248949	16	4555
89.2455577	6	4609
509.532690	16	4554
95.5145359	6	4610
380.780935	16	4573
89.1492366	6	4611
461.710929	16	4562
357.735633	16	4577
93.9183235	6	4612
436.359882	16	4567
468.767404	16	4563
86.7309570	6	4614
96.4963436	6	4613
88.1202220	6	4616
99.4277000	6	4615
87.4884128	6	4617
493.985652	16	4566
88.0649089	6	4618
382.762908	16	4582
79.4806480	6	4619
418.140172	16	4578
516.749143	16	4565
83.5666656	6	4620
80.5661678	6	4621
375.965118	16	4587
81.0210704	6	4622
403.455734	16	4586
86.8837833	6	4623
461.916923	16	4579
548.869848	16	4568
89.1518592	6	4624
641.716003	16	4556
616.648435	16	4560
90.3484821	6	4625
550.270318	16	4570
86.4853858	6	4626
454.205036	16	4584
430.015087	16	4588
88.3185863	6	4627
423.338651	16	4590
81.7296504	6	4628
573.864459	16	4572
88.6304378	6	4629
80.7769298	6	4630
587.436914	16	4571
87.7969264	6	4631
85.9184265	6	4632
593.252658	16	4575
85.2687358	6	4633
641.455888	16	4569
84.9428176	6	4634
484.879732	16	4591
80.2450180	6	4635
485.867977	16	4592
622.246026	16	4574
81.4955234	6	4636
463.461160	16	4597
86.9174003	6	4637
509.682178	16	4593
82.8192234	6	4638
542.371749	16	4589
498.592853	16	4595
85.2479934	6	4639
82.2875499	6	4640
523.168087	16	4594
84.5353603	6	4641
625.856399	16	4583
82.9694271	6	4642
445.836544	16	4607
84.3398571	6	4643
81.8381309	6	4644
528.273820	16	4598
490.522384	16	4603
535.462617	16	4599
82.1716785	6	4646
515.955924	16	4602
92.1139717	6	4645
85.8707427	6	4647
498.363494	16	4606
79.5161724	6	4648
516.914844	16	4604
80.6405544	6	4649
681.347370	16	4585
85.7982635	6	4650
720.177173	16	4581
728.274583	16	4580
567.244052	16	4601
86.4121913	6	4651
81.4876556	6	4652
545.819282	16	4605
766.043663	16	4576
79.0147781	6	4653
593.520641	16	4600
84.7606658	6	4654
636.401653	16	4596
77.0790576	6	4655
78.6008834	6	4656
78.7889957	6	4657
78.6516666	6	4658
78.8471698	6	4660
86.5080356	6	4659
79.2109966	6	4661
82.2355747	6	4662
80.0039768	6	4663
79.3101787	6	4664
77.6824951	6	4665
76.9605636	6	4666
77.5704383	6	4667
80.6949138	6	4668
79.5400142	6	4670
90.5089378	6	4669
81.0587406	6	4671
82.7751159	6	4672
82.0295810	6	4673
79.2014598	6	4674
78.3917903	6	4675
79.8835754	6	4676
78.3038139	6	4677
82.9455852	6	4678
90.4018878	6	4679
79.9624919	6	4681
78.4838199	6	4682
102.485418	6	4680
81.8438529	6	4684
80.5761814	6	4685
100.381374	6	4683
88.4346961	6	4686
239.276170	16	4691
245.412826	16	4692
239.342451	16	4694
265.132665	16	4695
340.047121	16	4687
253.541707	16	4700
267.007589	16	4701
86.6675376	6	4729
84.7914218	6	4730
88.9043807	6	4731
89.8227691	6	4732
87.4471664	6	4733
91.7451381	6	4734
90.0332927	6	4735
88.1743431	6	4736
330.715894	16	4704
87.3103141	6	4737
83.7724208	6	4738
84.5644474	6	4739
341.912984	16	4705
83.3930969	6	4740
464.198112	16	4688
85.2346420	6	4741
441.091537	16	4693
87.6488685	6	4742
87.6657962	6	4743
324.717283	16	4713
78.7494182	6	4745
493.781089	16	4689
90.8756256	6	4744
87.7981185	6	4746
354.472160	16	4712
83.2135677	6	4747
81.3169479	6	4748
79.1847705	6	4749
376.227378	16	4711
78.9580345	6	4750
525.395870	16	4690
353.794336	16	4715
402.921915	16	4708
82.1530818	6	4751
84.4986438	6	4752
382.966995	16	4714
418.889999	16	4709
83.5270881	6	4753
84.6986770	6	4754
80.8787345	6	4755
438.351392	16	4710
84.7587585	6	4756
541.744709	16	4696
84.4008922	6	4757
376.744031	16	4720
80.4529190	6	4758
544.408082	16	4697
78.0608654	6	4759
533.699035	16	4699
78.5291194	6	4760
424.892663	16	4716
81.8109512	6	4761
427.431344	16	4717
414.917945	16	4719
568.936347	16	4698
431.826353	16	4718
89.3869400	6	4762
544.755458	16	4702
538.484573	16	4703
413.428783	16	4721
79.3902873	6	4764
90.8825397	6	4763
425.493001	16	4722
92.2677516	6	4765
79.1068077	6	4767
414.734125	16	4724
92.6866531	6	4766
81.6590785	6	4768
81.2692642	6	4769
447.053194	16	4723
84.7735404	6	4770
433.074712	16	4725
578.501701	16	4706
99.6758937	6	4771
94.0692424	6	4772
79.3113708	6	4774
91.4185047	6	4773
455.156803	16	4726
94.2900180	6	4775
87.6898765	6	4776
91.1915302	6	4777
471.281051	16	4728
79.7286033	6	4780
104.681015	6	4778
111.413240	6	4779
101.691007	6	4781
100.805282	6	4782
102.612733	6	4784
119.476079	6	4786
99.6086597	6	4789
140.700101	6	4783
85.1790904	6	4791
127.236127	6	4785
708.667278	16	4707
121.808767	6	4787
126.650571	6	4788
583.437919	16	4727
121.139764	6	4790
89.2767906	6	4795
114.653587	6	4792
104.250192	6	4794
114.412784	6	4793
101.014137	6	4797
98.6125469	6	4798
116.361379	6	4796
105.755329	6	4799
102.960824	6	4800
avg:  290.27175972873556
std:  285.7053409119633
p95:  880.7830095291138
p99:  1084.230818748474
com:  129.8229369424996
thg:  12.982293694249963
FCT:  36.96573281288147
que:  154.30014350558847
los:  0.020833333333328596
2931 1868
**********************
