[7 7 9 ... 7 3 5]
84.0091705	6	1
83.5793018	6	2
84.4109058	6	3
85.7012271	6	4
84.4004154	6	5
85.8521461	6	6
85.4032039	6	7
82.7522277	6	8
85.9045982	6	10
105.467796	6	9
100.822925	6	11
83.2676887	6	15
95.9646701	6	13
103.379726	6	12
94.8166847	6	14
235.327482	16	16
233.519554	16	20
87.2797966	6	44
87.7776145	6	45
83.9517116	6	46
231.823205	16	25
91.2513732	6	47
263.187885	16	21
88.9172554	6	48
236.679077	16	26
233.518838	16	27
230.738162	16	28
90.1298522	6	49
232.306241	16	29
91.0844802	6	50
85.2668285	6	51
298.302888	16	22
93.7688350	6	52
92.5452709	6	53
90.8484458	6	54
84.7084522	6	55
270.542860	16	31
85.3281021	6	56
81.1345577	6	57
82.8690528	6	58
338.396549	16	24
293.572425	16	33
297.812938	16	35
330.123186	16	30
310.271024	16	34
329.681634	16	32
83.9469432	6	63
92.3292636	6	64
86.9712829	6	65
85.6370925	6	66
81.5901756	6	67
460.972547	16	17
355.816602	16	37
88.7677669	6	68
363.865375	16	36
340.603828	16	40
86.0805511	6	69
85.4454040	6	70
491.359233	16	19
368.090867	16	39
80.1999568	6	71
78.0670642	6	72
474.081277	16	23
360.396385	16	41
514.394521	16	18
391.216516	16	38
86.2045288	6	73
367.349147	16	43
78.6800384	6	74
78.8557529	6	75
83.9138031	6	76
399.742841	16	42
80.6643962	6	77
84.6278667	6	78
82.5643539	6	79
78.5267353	6	80
79.9968242	6	81
79.4088840	6	82
86.0455036	6	84
93.7287807	6	83
77.9571533	6	86
95.3140258	6	85
89.4005298	6	87
100.506067	6	88
139.092922	6	89
114.931106	6	93
387.594699	16	60
132.700443	6	91
96.8966484	6	98
110.695123	6	96
158.412933	6	90
152.039766	6	92
140.418291	6	94
425.025463	16	59
413.588523	16	61
145.037412	6	97
140.996694	6	100
123.521566	6	103
155.082702	6	99
122.623443	6	105
150.036811	6	101
451.550483	16	62
172.496557	6	102
216.104984	6	95
150.869607	6	107
144.793272	6	108
170.757770	6	104
160.123348	6	109
127.483844	6	115
172.111988	6	110
159.739494	6	113
213.037014	6	106
177.951812	6	112
186.050415	6	111
131.001949	6	120
181.751251	6	114
169.148445	6	116
172.375440	6	118
180.574178	6	117
171.219348	6	119
153.511762	6	123
152.173280	6	126
177.463531	6	124
195.075750	6	122
210.323572	6	121
160.320758	6	129
123.944759	6	135
183.275461	6	127
160.095214	6	133
138.250589	6	137
219.810962	6	125
202.855825	6	128
178.357362	6	132
165.734052	6	134
198.828220	6	131
139.631271	6	140
178.307771	6	136
162.222146	6	139
235.228061	6	130
157.457351	6	143
121.350049	6	149
170.696735	6	142
152.967691	6	146
207.502841	6	138
189.129829	6	141
156.368732	6	147
149.222612	6	148
169.893503	6	145
176.922082	6	144
162.699460	6	151
186.997413	6	150
244.834184	16	156
247.812747	16	160
281.675100	16	157
255.416870	16	163
308.884620	16	159
269.320964	16	168
344.139099	16	164
335.071086	16	170
454.418897	16	153
355.811595	16	172
87.8539085	6	209
85.8128070	6	210
87.4319076	6	211
383.420467	16	173
87.8353118	6	212
522.163629	16	154
468.282222	16	162
89.9658203	6	213
437.386989	16	167
87.5027179	6	214
378.676176	16	177
88.5875225	6	215
516.983509	16	158
91.3720130	6	216
422.262430	16	174
85.1581096	6	217
516.610622	16	161
86.0421657	6	218
82.4232101	6	219
76.7560005	6	220
80.6517601	6	221
80.3112983	6	222
519.757270	16	165
80.2583694	6	223
488.269805	16	171
81.8817615	6	224
88.0174636	6	225
617.877244	16	155
81.8986892	6	226
453.231573	16	181
81.8221569	6	227
463.316917	16	180
84.1596126	6	228
78.7768363	6	229
77.7935981	6	230
77.3260593	6	231
82.1089744	6	232
433.722496	16	190
86.0676765	6	233
79.2689323	6	235
440.340042	16	191
91.8421745	6	234
614.506483	16	166
598.342657	16	169
90.2845859	6	236
467.189550	16	192
97.7346897	6	237
85.0186347	6	239
92.5168991	6	238
82.3237895	6	240
80.9316635	6	241
534.595012	16	186
516.377210	16	189
564.783811	16	182
91.5942192	6	242
82.0143222	6	244
94.1267013	6	243
84.4075679	6	245
427.239656	16	202
93.6203002	6	246
92.0805931	6	247
85.1991176	6	249
85.2017402	6	250
106.416463	6	248
667.715072	16	176
96.5192317	6	251
561.508417	16	193
686.506748	16	175
614.627838	16	187
532.000541	16	196
450.082302	16	207
529.021024	16	197
81.0604095	6	256
503.240346	16	201
113.564252	6	254
128.282785	6	252
100.831985	6	257
601.312398	16	194
122.805356	6	255
602.724552	16	195
89.8907184	6	260
105.690240	6	258
690.853118	16	183
553.470373	16	200
535.668611	16	203
662.934064	16	188
722.512722	16	179
567.896127	16	199
117.287874	6	259
585.673093	16	198
742.396116	16	178
98.9384651	6	263
706.161022	16	184
547.349691	16	204
171.492815	6	253
514.843702	16	208
121.581315	6	261
125.388860	6	262
113.893985	6	264
722.368478	16	185
558.982133	16	205
119.985103	6	268
128.313302	6	267
141.943931	6	266
154.385566	6	265
596.484661	16	206
119.468688	6	272
149.553298	6	270
149.392366	6	271
167.571544	6	269
111.261844	6	278
131.130218	6	275
139.700412	6	277
144.126176	6	279
179.728507	6	274
192.560672	6	273
147.764205	6	281
147.789001	6	282
136.181831	6	284
160.733461	6	280
189.024686	6	276
160.366773	6	283
138.473749	6	288
161.682605	6	285
162.916898	6	287
132.901668	6	292
157.767534	6	290
157.583713	6	291
189.951181	6	286
129.739522	6	298
190.315485	6	289
154.301643	6	295
142.876386	6	297
169.250965	6	293
136.484384	6	299
118.570804	6	303
154.154539	6	300
143.452167	6	302
181.832790	6	296
156.338930	6	301
202.776193	6	294
134.791851	6	305
144.249916	6	304
135.723114	6	307
150.180816	6	306
239.009618	16	312
235.900402	16	313
246.957540	16	318
287.386655	16	315
312.428712	16	319
342.311620	16	322
451.477050	16	310
471.279144	16	309
360.979080	16	327
442.386150	16	317
417.790174	16	321
527.156829	16	308
87.2011184	6	373
88.6235237	6	374
382.537603	16	333
86.5712165	6	375
361.600875	16	337
417.261123	16	329
86.8990421	6	376
85.0572586	6	377
556.662082	16	311
355.821847	16	341
86.9455337	6	378
88.2458686	6	379
555.215597	16	314
92.8943157	6	380
89.7698402	6	381
86.7280960	6	382
525.645732	16	320
91.3853645	6	383
567.573070	16	316
94.8586463	6	384
523.156404	16	324
94.5289134	6	385
85.4671001	6	386
82.6058387	6	387
89.6482467	6	388
86.2689018	6	389
419.631958	16	344
555.876970	16	325
87.1214866	6	390
462.681531	16	340
553.042173	16	326
87.0952606	6	391
79.7562599	6	392
86.7240428	6	393
516.995906	16	336
79.8518657	6	395
88.6387825	6	394
562.705278	16	330
79.3316364	6	396
465.597391	16	345
81.0530185	6	397
84.2339992	6	398
86.1489772	6	399
579.095125	16	332
83.8546752	6	400
643.571615	16	323
85.9150886	6	401
80.8384418	6	402
85.0343704	6	403
83.7259292	6	405
601.450443	16	335
93.2488441	6	404
84.9971771	6	406
427.743911	16	361
83.1654071	6	407
92.8242206	6	408
86.6239070	6	409
515.844583	16	353
84.5499038	6	411
514.763355	16	355
80.9347629	6	413
91.6783809	6	412
105.096340	6	410
507.306337	16	357
718.170166	16	328
95.3309535	6	414
87.1791839	6	415
85.4718685	6	416
86.8024826	6	417
86.7123603	6	418
89.5814895	6	419
82.4861526	6	421
553.663015	16	359
695.387363	16	339
752.836942	16	331
522.228240	16	364
99.5137691	6	420
592.923164	16	356
703.006029	16	342
577.927589	16	360
737.000942	16	338
691.738605	16	346
666.996002	16	351
782.574415	16	334
648.156166	16	358
592.038154	16	366
708.908319	16	350
704.375743	16	352
643.683671	16	362
610.196352	16	367
629.662513	16	365
593.763828	16	370
694.651126	16	363
850.366830	16	343
86.6560935	6	452
87.8708362	6	453
874.887228	16	348
732.035398	16	368
87.1136188	6	454
91.5083885	6	455
86.1902236	6	456
887.113571	16	349
233.175039	16	436
747.380495	16	369
260.091304	16	433
96.0927009	6	457
88.9158248	6	458
85.8943462	6	459
242.527961	16	437
89.3294811	6	460
88.0184173	6	461
98.1321334	6	462
85.0250720	6	464
363.936662	16	426
99.0822315	6	463
93.6253070	6	465
264.575958	16	441
102.047681	6	466
92.2110080	6	468
307.153701	16	438
100.899457	6	467
85.3571891	6	469
80.1393985	6	470
340.086936	16	435
818.923711	16	372
1012.63856	16	347
383.062601	16	432
326.983213	16	440
97.9826450	6	472
105.187416	6	471
84.5663547	6	474
338.521957	16	439
437.429904	16	427
987.294673	16	354
91.0060405	6	475
86.0712528	6	477
469.734430	16	425
403.500318	16	434
81.1543464	6	479
440.976858	16	430
89.6670818	6	478
131.878614	6	473
119.097709	6	476
102.537155	6	482
96.0443019	6	483
88.8645648	6	484
126.924037	6	480
514.807701	16	428
101.469278	6	486
140.306949	6	481
83.6727619	6	489
523.056745	16	429
114.936351	6	485
110.304594	6	488
120.845556	6	487
583.262205	16	424
434.333801	16	444
433.850049	16	446
106.446266	6	492
129.599809	6	4901014.60957	16	371
123.337268	6	491

557.351112	16	431
637.202501	16	422
116.891384	6	494
490.331649	16	442
108.191490	6	497
130.823612	6	496
166.093349	6	493
153.962612	6	495
514.339685	16	447
148.588418	6	498
695.152997	16	423
545.181035	16	443
535.593032	16	445
153.853416	6	499
147.971391	6	501
517.908573	16	450
140.688419	6	503
162.321805	6	500
168.877363	6	502
144.010782	6	506
137.265205	6	507
125.384092	6	509
163.608789	6	504
158.126354	6	505
133.978843	6	511
592.408657	16	448
145.192146	6	512
167.111396	6	510
124.388217	6	517
182.982683	6	508
600.480556	16	449
155.251026	6	514
168.331384	6	513
154.892444	6	516
170.300960	6	515
154.397487	6	518
143.628120	6	521
159.113407	6	519
640.559911	16	451
159.702777	6	523
175.909042	6	525
209.096908	6	520
150.383234	6	529
168.484687	6	527
143.392562	6	531
179.599523	6	526
200.505733	6	524
146.046400	6	537
247.757434	6	522
209.150552	6	528
172.415733	6	534
143.148183	6	539
192.534446	6	532
151.705741	6	541
214.251995	6	533
197.251796	6	536
112.396240	6	551
168.386459	6	543
204.225301	6	538
163.490295	6	546
273.317337	6	530
179.706335	6	545
164.037466	6	549
210.989236	6	542
255.948543	6	535
186.009407	6	547
150.417089	6	554
218.898296	6	544
174.195051	6	552
207.770586	6	548
149.026870	6	557
167.510986	6	555
186.292171	6	553
210.779428	6	550
135.758161	6	561
149.562120	6	559
180.131435	6	556
176.527738	6	558
302.188634	6	540
173.138141	6	560
247.431993	16	565
258.441448	16	571
338.008642	16	564
300.869703	16	578
350.783348	16	575
309.803485	16	581
373.471736	16	579
439.537048	16	570
465.599775	16	568
502.503156	16	563
489.440202	16	566
491.472005	16	567
535.018682	16	562
480.632305	16	574
501.683712	16	572
377.445220	16	590
404.855251	16	588
495.530605	16	577
382.742643	16	594
465.629816	16	582
559.413909	16	569
443.588733	16	586
540.742635	16	576
525.193452	16	580
86.3268375	6	639
90.4207229	6	640
87.4006748	6	641
485.654830	16	589
86.5333080	6	642
86.0369205	6	643
615.184307	16	573
88.1149768	6	644
88.3107185	6	645
88.1929397	6	646
89.1191959	6	647
88.4792804	6	648
86.8284702	6	649
90.8041000	6	650
86.0910415	6	651
79.5128345	6	653
543.172359	16	593
103.140592	6	652
83.2953453	6	655
573.966503	16	591
92.2167301	6	654
79.6325206	6	657
579.297542	16	592
96.7638492	6	656
626.592159	16	587
86.9524478	6	658
83.8937759	6	659
83.8844776	6	660
82.4134349	6	661
83.9722156	6	662
594.711542	16	597
592.836856	16	598
84.6645832	6	663
81.4070701	6	664
706.994533	16	583
81.3550949	6	665
79.4348716	6	666
84.2378139	6	667
77.2840976	6	668
82.7202796	6	669
81.8870067	6	670
81.1634063	6	671
81.4831256	6	672
88.0682468	6	673
81.7780494	6	674
670.143365	16	600
518.316984	16	620
84.9442481	6	675
82.5693607	6	676
84.4647884	6	677
722.544908	16	596
82.8306674	6	678
80.0130367	6	679
81.7084312	6	680
78.6962509	6	681
817.511796	16	585
80.6100368	6	683
90.3267860	6	682
770.289421	16	595
84.1894149	6	684
85.3140354	6	685
84.6767425	6	686
89.7650718	6	687
83.0926895	6	688
719.252109	16	607
696.976423	16	611
768.152236	16	601
79.9279212	6	690
80.0111293	6	691
701.360702	16	612
636.620521	16	621
108.836174	6	689
92.6609039	6	692
78.7374973	6	694
555.073022	16	632
610.038757	16	627
95.3817367	6	693
79.5097351	6	696
579.816579	16	631
590.659618	16	630
756.568670	16	610
92.4954414	6	695
79.1716575	6	697
839.738607	16	599
83.9478969	6	698
829.604864	16	602
678.022384	16	622
556.970834	16	638
719.838380	16	618
710.479259	16	619
87.7690315	6	699
94.8164463	6	700
90.4552936	6	701
85.4289531	6	702
824.009656	16	608
818.417310	16	609
612.421751	16	634
667.560815	16	628
754.237890	16	617
779.749631	16	614
593.423604	16	637
84.2037200	6	703
659.143209	16	629
92.7321910	6	704
88.2897377	6	705
87.0580673	6	706
78.9554119	6	707
890.045166	16	603
85.5257511	6	708
756.464004	16	623
90.2776718	6	710
102.564096	6	709
1059.47947	16	584
915.920734	16	605
87.4812602	6	712
101.112604	6	711
84.6488475	6	714
779.752016	16	625
81.7444324	6	716
943.384408	16	606
88.1350040	6	717
787.263870	16	626
83.7328433	6	718
878.985643	16	615
873.504161	16	616
124.938726	6	713
970.110654	16	604
818.082332	16	624
734.600305	16	635
730.710744	16	636
97.9266166	6	722
120.209932	6	719
147.298336	6	715
116.259336	6	721
80.9524059	6	726
147.425174	6	720
972.397327	16	613
804.929018	16	633
126.236915	6	724
135.190486	6	723
146.217584	6	725
100.213050	6	734
134.288549	6	729
133.276224	6	732
140.880823	6	731
165.469408	6	728
154.405355	6	730
139.056205	6	733
198.539495	6	727
156.805992	6	736
150.134086	6	738
137.613534	6	741
148.662328	6	740
155.052900	6	739
179.860591	6	737
193.233013	6	735
154.110908	6	742
149.876117	6	743
123.950719	6	747
133.933067	6	746
148.985385	6	748
178.778886	6	744
175.800085	6	745
149.004220	6	750
146.035194	6	751
128.473281	6	754
161.376953	6	749
146.698474	6	753
128.723144	6	756
155.203342	6	752
119.069576	6	761
162.769556	6	755
137.346506	6	759
134.121894	6	760
154.558420	6	757
149.791240	6	758
125.718355	6	762
250.396728	16	763
246.531009	16	770
250.245809	16	772
314.801216	16	776
311.083316	16	782
370.065689	16	775
348.536252	16	779
92.2858715	6	815
85.5772495	6	816
87.2170925	6	817
457.286119	16	764
87.7890586	6	818
428.678274	16	769
87.6562595	6	819
87.2695446	6	820
92.4515724	6	821
461.510658	16	768
87.9073143	6	822
89.2386436	6	823
395.180940	16	780
88.8640880	6	824
461.921215	16	771
398.341894	16	781
508.438110	16	765
82.8220844	6	828
441.811800	16	778
472.693204	16	774
96.9431400	6	827
105.560302	6	826
113.814592	6	825
83.7168693	6	829
459.899902	16	777
82.0703506	6	830
86.0536098	6	831
88.3796215	6	832
415.736675	16	788
570.513010	16	767
374.077558	16	797
367.423772	16	798
102.362155	6	834
112.335920	6	833
91.9487476	6	836
101.354122	6	835
93.5378074	6	837
89.3247127	6	838
80.1157951	6	840
604.142189	16	766
91.0179615	6	839
576.053142	16	773
425.760507	16	796
98.4516143	6	842
91.9144153	6	844
83.4062099	6	846
109.846115	6	843
127.457141	6	841
81.4051628	6	848
88.5426998	6	847
446.695089	16	799
422.413587	16	802
81.0267925	6	849
121.857643	6	845
505.141258	16	795
109.834194	6	851
117.827653	6	850
101.122379	6	853
578.730583	16	789
107.678890	6	854
622.677564	16	783
452.831029	16	809
139.831781	6	852
500.372409	16	803
527.313470	16	800
633.207321	16	785
121.131181	6	856
94.8085784	6	860
109.334468	6	858
111.187934	6	859
141.026496	6	855
538.022994	16	801
611.976861	16	791
467.387199	16	811
674.015760	16	784
145.490646	6	857
103.557825	6	863
533.317565	16	804
508.592367	16	808
629.661798	16	792
540.067434	16	805
132.166147	6	862
629.958629	16	794
141.726255	6	864
658.886671	16	793
162.369012	6	861
127.096652	6	866
503.978490	16	814
707.269191	16	786
118.241071	6	869
530.054330	16	812
154.275894	6	865
531.505346	16	813
719.830036	16	787
575.018882	16	807
585.825920	16	806
144.648313	6	867
709.102869	16	790
155.782222	6	868
146.286725	6	870
141.535043	6	871
584.887266	16	810
143.153905	6	873
132.341384	6	875
155.165910	6	872
147.067070	6	874
148.726701	6	876
139.617204	6	879
160.839796	6	877
162.583112	6	880
157.169818	6	881
163.085460	6	882
148.872613	6	885
137.817144	6	888
173.555135	6	883
145.890235	6	887
154.467344	6	889
157.355308	6	890
239.593267	6	878
196.457147	6	886
123.070240	6	899
185.174703	6	891
172.595500	6	893
157.829284	6	896
241.329431	6	884
179.440975	6	894
181.162595	6	895
201.438188	6	892
168.087482	6	898
160.607099	6	900
183.927059	6	897
132.832050	6	906
164.858818	6	901
166.007280	6	902
121.734857	6	909
166.395187	6	904
147.992849	6	907
173.999309	6	903
167.937517	6	905
150.343894	6	908
143.670082	6	910
147.423028	6	911
145.701408	6	912
146.056652	6	913
249.073743	16	918
244.216442	16	919
261.906147	16	920
290.820360	16	916
268.129110	16	924
246.784687	16	928
252.819538	16	929
87.3696804	6	960
86.4133834	6	961
88.1412029	6	962
87.3818397	6	963
315.367698	16	930
89.1788005	6	964
86.0970020	6	965
87.8663063	6	966
87.0690345	6	967
85.2556228	6	968
87.4121189	6	969
452.915430	16	917
90.4304981	6	970
398.818731	16	926
86.3969326	6	971
87.3074531	6	972
84.2461585	6	973
441.098928	16	923
88.7432098	6	974
504.321813	16	915
85.0965976	6	975
390.076875	16	933
81.6683769	6	976
330.233812	16	943
82.4153423	6	977
452.137708	16	925
82.7419757	6	978
81.3100337	6	979
341.814756	16	945
81.6967487	6	980
463.996171	16	927
81.4876556	6	981385.365009	16	940

424.557447	16	935
83.7345123	6	982
81.2580585	6	983
344.471216	16	948
83.9321613	6	984
532.888412	16	922
80.3678035	6	985
78.7000656	6	986
380.738496	16	947
81.6314220	6	987
421.921491	16	942
86.4238739	6	988
77.6402950	6	990
618.274927	16	914
489.140033	16	934
93.6737060	6	989
430.407524	16	944
85.3915214	6	991
593.277215	16	921
81.8526744	6	993
416.645765	16	949
82.8142166	6	994
537.734031	16	932
104.005575	6	992
481.843948	16	941
83.0106735	6	996
92.2446250	6	995
88.8245105	6	997
85.6904983	6	999
451.043844	16	950
84.7167968	6	1001
108.538866	6	998
451.615333	16	952
99.5678901	6	1000
101.406097	6	1002
518.374919	16	946
622.382164	16	931
78.3662796	6	1007
583.617925	16	937
482.923507	16	953
80.6190967	6	1008
100.392341	6	1006
108.299970	6	1005
507.813453	16	951
591.474771	16	939
470.245599	16	957
124.505996	6	1004
501.775503	16	955
473.432779	16	959
95.5183506	6	1011
152.066946	6	1003
637.432098	16	936
487.403154	16	958
626.832008	16	938
121.433734	6	1009
103.796958	6	1012
520.769834	16	956
127.776384	6	1010
98.3507633	6	1015
94.0473079	6	1016
117.389202	6	1013
93.0588245	6	1017
89.5826816	6	1019
121.587991	6	1014
109.294652	6	1018
578.456401	16	954
247.720479	16	1023
249.167680	16	1024
280.098676	16	1022
286.105871	16	1028
262.007236	16	1032
265.128850	16	1035
85.8576297	6	1066
85.8728885	6	1067
87.8546237	6	1068
350.786685	16	1029
89.0076160	6	1069
87.4226093	6	1070
423.379659	16	1021
89.4851684	6	1071
90.1713371	6	1072
87.9588127	6	1073
87.4907970	6	1074
85.8511924	6	1075
89.5640850	6	1076
443.608522	16	1026
449.831962	16	1025
90.1861190	6	1078
98.5825061	6	1077
84.7456455	6	1080
96.7736244	6	1079
445.958137	16	1031
103.916168	6	1081
98.5298156	6	1082
91.8285846	6	1083
90.0778770	6	1084
87.5265598	6	1085
403.905391	16	1041
339.432001	16	1051
374.801397	16	1046
94.8216915	6	1086
88.2432460	6	1087
470.998764	16	1033
87.7125263	6	1088
90.5401706	6	1089
522.777795	16	1027
87.2523784	6	1090
424.821615	16	1043
362.127780	16	1053
527.011632	16	1030
90.7261371	6	1092
85.2558612	6	1093
85.9186649	6	1094
118.366241	6	1091
448.332071	16	1047
88.5131359	6	1096
395.817756	16	1055
82.8359127	6	1097
99.5399951	6	1095
440.896034	16	1049
82.2954177	6	1098
525.111198	16	1038
82.2017192	6	1099
448.452234	16	1050
81.4023017	6	1100
538.550853	16	1039
88.1676673	6	1102
460.239410	16	1052
84.2940807	6	1103
99.9953746	6	1101
588.202476	16	1034
500.044107	16	1048
438.389301	16	1058
584.644317	16	1037
475.950479	16	1054
79.9837112	6	1107
106.070518	6	1104
93.7380790	6	1106
450.761318	16	1059
82.5974941	6	1108
107.980489	6	1105
558.432340	16	1045
85.1719379	6	1109
82.6659202	6	1110
578.105688	16	1044
438.042640	16	1065
497.479677	16	1057
87.8515243	6	1113
457.916736	16	1064
88.3500576	6	1114
110.960483	6	1111
660.054922	16	1036
525.904893	16	1056
99.5056629	6	1115
93.1754112	6	1116
87.8057479	6	1118
498.387336	16	1063
515.227794	16	1061
134.175062	6	1112
83.9023590	6	1120
790.999650	16	1020
549.356698	16	1060
686.586618	16	1040
132.350444	6	1117
682.332992	16	1042
542.653322	16	1062
128.092050	6	1119
80.8501243	6	1127
118.145704	6	1122
106.433629	6	1124
129.696369	6	1123
146.944761	6	1121
158.643960	6	1125
144.327878	6	1129
151.187181	6	1128
110.315799	6	1136
131.365299	6	1133
149.211168	6	1131
135.413408	6	1135
165.509223	6	1132
209.351062	6	1126
102.151632	6	1143
110.470771	6	1142
163.094997	6	1134
147.601127	6	1137
136.491298	6	1139
153.374671	6	1138
140.926837	6	1140
116.616249	6	1144
207.717418	6	1130
100.634574	6	1147
150.016784	6	1141
116.759300	6	1146
111.870050	6	1149
147.822856	6	1145
115.134477	6	1150
128.050804	6	1148
254.690408	16	1153
89.8246765	6	1187
97.2540378	6	1186
84.1546058	6	1188
261.183023	16	1163
88.3738994	6	1189
249.225854	16	1166
85.0017070	6	1190
290.541410	16	1161
362.986803	16	1155
292.499780	16	1169
138.672828	6	1191
380.712985	16	1156
83.5013389	6	1192
86.6312980	6	1193
80.4533958	6	1194
81.5134048	6	1195
317.836046	16	1170
338.639974	16	1167
82.8776359	6	1196
433.737993	16	1154
87.5675678	6	1197
84.3276977	6	1198
412.496089	16	1160
85.4666233	6	1199
84.5417976	6	1200
84.8317146	6	1201
377.394676	16	1168
358.795881	16	1173
353.780031	16	1174
96.9188213	6	1202
91.3178920	6	1203
87.7332687	6	1204
85.3993892	6	1205
470.613241	16	1158
327.854156	16	1180
93.0325984	6	1206
532.132148	16	1151
403.207063	16	1171
91.1679267	6	1207
360.821723	16	1178
86.5957736	6	1209
539.904594	16	1152
476.482629	16	1162
411.876916	16	1172
497.231960	16	1159
343.530654	16	1182
364.927053	16	1179
513.072967	16	1157
467.854738	16	1164
106.558084	6	1208
93.5380458	6	1210
98.1421470	6	1211
402.143239	16	1177
352.678060	16	1184
92.9675102	6	1213
99.6003150	6	1212
497.460842	16	1165
379.137516	16	1183
91.5675163	6	1216
104.129791	6	1215
120.296716	6	1214
383.249998	16	1185
412.009954	16	1181
456.375122	16	1175
107.254266	6	1217
98.4520912	6	1219
100.851058	6	1220
117.201089	6	1218
91.4404392	6	1222
477.558374	16	1176
99.9360084	6	1223
81.9742679	6	1226
113.793611	6	1221
106.836795	6	1224
101.194620	6	1225
230.409383	16	1228
85.6876373	6	1254
236.465215	16	1232
234.886884	16	1234
85.9472751	6	1257
99.6532440	6	1255
93.2409763	6	1256
89.2503261	6	1259
236.515998	16	1237
85.7384204	6	1260
303.098440	16	1227
103.752851	6	1258
250.427722	16	1236
238.818168	16	1238
90.1196002	6	1261
88.0167484	6	1262
232.510805	16	1241
86.5690708	6	1263
276.739358	16	1235
252.116918	16	1239
303.658485	16	1231
94.2540168	6	1264
85.1819515	6	1268
263.056993	16	1242
97.6500511	6	1267
107.781887	6	1266
121.485948	6	1265
81.4657211	6	1271
87.4431133	6	1273
312.091827	16	1240
123.767375	6	1270
98.2587337	6	1274
133.987426	6	1269
305.927038	16	1244
311.999320	16	1243
303.348541	16	1245
80.2366733	6	1280
133.581876	6	1272
317.952156	16	1246
103.529453	6	1279
161.694288	6	1275
158.976793	6	1276
153.301477	6	1277
470.819234	16	1229
359.772443	16	1248
138.138532	6	1281
159.792661	6	1278
120.909214	6	1284
462.061643	16	1233
364.531755	16	1249
335.833072	16	1253
138.403415	6	1283
148.640632	6	1282
359.263658	16	1252
504.769325	16	1230
380.374908	16	1250
404.989957	16	1247
148.426532	6	1285
151.215076	6	1286
392.816305	16	1251
119.481563	6	1292
129.837036	6	1291
157.320261	6	1288
145.973682	6	1290
140.322923	6	1293
168.288230	6	1289
146.131515	6	1295
207.554817	6	1287
130.962133	6	1300
147.024631	6	1299
133.654117	6	1302
127.391576	6	1303
161.760807	6	1298
178.172588	6	1296
188.717842	6	1297
162.513732	6	1301
146.644830	6	1304
215.960025	6	1294
148.664712	6	1307
157.622814	6	1311
192.481279	6	1306
154.573440	6	1312
148.855447	6	1313
149.235725	6	1315
196.675300	6	1308
184.577226	6	1310
196.711301	6	1309
166.002511	6	1314
117.778062	6	1322
233.934640	6	1305
139.499187	6	1320
150.798082	6	1319
122.900485	6	1324
133.148908	6	1323
179.883480	6	1317
175.127983	6	1318
119.534015	6	1327
190.049648	6	1316
168.411731	6	1321
146.958112	6	1325
150.595664	6	1328
162.836551	6	1326
161.212444	6	1329
230.895757	16	1333
264.486789	16	1337
284.113407	16	1340
417.380571	16	1332
342.561721	16	1346
89.0567302	6	1384
89.6096229	6	1385
459.130048	16	1331
87.8427028	6	1386
88.2709026	6	1387
482.191085	16	1330
89.0016555	6	1388
86.3661766	6	1389
412.501811	16	1342
87.4338150	6	1390
361.562490	16	1352
87.7094268	6	1391
85.2396488	6	1392
399.066209	16	1348
88.1805419	6	1393
81.4106464	6	1394
483.510255	16	1338
87.5399112	6	1395
83.3244323	6	1396
81.9823741	6	1397
486.902475	16	1341
83.7528705	6	1398
86.7285728	6	1399
472.272634	16	1345
80.3909301	6	1400
543.942451	16	1336
79.2438983	6	1401
526.798248	16	1339
381.911277	16	1362
77.3456096	6	1402
425.358295	16	1356
80.3904533	6	1403
515.410661	16	1344
80.3136825	6	1404
79.3108940	6	1405
595.638751	16	1334
392.214775	16	1365
437.959909	16	1359
83.4484100	6	1406
80.1017284	6	1407
77.7947902	6	1408
460.544824	16	1358
77.8107643	6	1409
562.035322	16	1343
81.4232826	6	1410
79.4286727	6	1411
78.6120891	6	1412
445.515155	16	1364
79.2627334	6	1413
553.526639	16	1349
574.126720	16	1347
79.7491073	6	1414
80.2333354	6	1415
444.943666	16	1369
83.5478305	6	1416
81.9082260	6	1417
83.1580162	6	1418
80.3771018	6	1419
505.731344	16	1363
486.959934	16	1366
82.6354026	6	1420
83.5900306	6	1421
497.114419	16	1367
78.7739753	6	1422
615.731000	16	1351
80.4393291	6	1423
623.732805	16	1350
82.5488567	6	1424
82.8001499	6	1425
510.583877	16	1370
750.130891	16	1335
537.310600	16	1368
99.0521907	6	1426
96.7166423	6	1427
602.885484	16	1360
77.8193473	6	1430
93.0595397	6	1428
459.748744	16	1380
528.874397	16	1371
79.5001983	6	1431
531.394720	16	1372
98.3150005	6	1429
617.148160	16	1361
469.567775	16	1382
648.502826	16	1357
675.901174	16	1353
510.449886	16	1377
82.2205543	6	1434
97.4748134	6	1433
496.278047	16	1381
533.336877	16	1376
558.207511	16	1373
687.165260	16	1355
549.567461	16	1375
98.5872745	6	1435
91.2230014	6	1437
127.139091	6	1432
100.075483	6	1436
553.809881	16	1378
82.2291374	6	1442
104.118824	6	1440
81.1431407	6	1444
567.118644	16	1379
116.496562	6	1439
741.820096	16	1354
604.667901	16	1374
109.501123	6	1441
139.189720	6	1438
106.971740	6	1446
579.149007	16	1383
106.831550	6	1447
114.207983	6	1448
134.363651	6	1445
151.408910	6	1443
106.535434	6	1453
116.627693	6	1452
108.496665	6	1454
133.870363	6	1451
151.960134	6	1449
147.979259	6	1450
110.261201	6	1457
124.734163	6	1455
99.4088649	6	1459
120.539426	6	1456
95.2835083	6	1460
118.665218	6	1458
104.856729	6	1461
111.217260	6	1462
230.670690	16	1463
232.539415	16	1464
86.1937999	6	1492
85.9661102	6	1493
86.5759849	6	1494
86.3449573	6	1495
86.0159397	6	1496
86.6205692	6	1497
238.400697	16	1473
86.6055488	6	1498
251.494407	16	1472
236.599445	16	1475
89.3893241	6	1499
86.2376689	6	1500
87.3374938	6	1501
264.424562	16	1474
250.798225	16	1478
86.2362384	6	1504
103.170156	6	1502
97.6397991	6	1503
333.404541	16	1468
84.6734046	6	1506
82.2303295	6	1507
101.488113	6	1505
328.527688	16	1471
309.443712	16	1476
96.9483852	6	1508
93.4145450	6	1509
98.1626510	6	1511
106.204748	6	1510
303.598880	16	1481
329.789876	16	1477
304.539918	16	1482
87.4571800	6	1515
333.313941	16	1479
111.459016	6	1512
423.282623	16	1466
112.727165	6	1513
97.8298187	6	1516
343.769788	16	1480
93.8181877	6	1517
113.890409	6	1514
421.149253	16	1469
336.107969	16	1483
331.537723	16	1484
455.977916	16	1465
103.094339	6	1518
330.837011	16	1485
433.884620	16	1470
114.302158	6	1519
346.680164	16	1486
81.6264152	6	1524
470.064401	16	1467
344.346284	16	1487
106.647253	6	1521
103.387355	6	1522
123.565912	6	1520
343.065023	16	1489
91.7942523	6	1525
356.524467	16	1490
127.022743	6	1523
111.958265	6	1526
90.0926589	6	1532
124.635934	6	1530
133.135080	6	1529
148.365020	6	1528
434.047460	16	1488
168.334484	6	1527
423.210859	16	1491
151.221990	6	1531
150.680541	6	1533
119.413614	6	1540
158.660888	6	1535
154.358386	6	1536
145.741462	6	1538
143.372774	6	1539
155.966520	6	1542
125.382423	6	1547
155.773162	6	1543
157.142400	6	1545
229.742050	6	1534
152.972936	6	1546
140.290021	6	1549
148.687124	6	1548
178.925037	6	1544
152.471542	6	1550
142.753839	6	1552
158.890724	6	1551
257.781744	6	1537
112.993717	6	1560
87.3572826	6	1564
159.725904	6	1553
238.107681	6	1541
150.351285	6	1556
160.284280	6	1555
169.783353	6	1554
149.684906	6	1559
158.826351	6	1558
167.041063	6	1557
119.131326	6	1565
147.740602	6	1561
115.540504	6	1566
139.847517	6	1563
155.323028	6	1562
231.106042	16	1567
231.189966	16	1568
231.150388	16	1569
292.090892	16	1571
289.854049	16	1581
86.8053436	6	1611
85.8979225	6	1612
87.7315998	6	1613
86.4024162	6	1614
89.1089439	6	1615
87.3467922	6	1616
93.6172008	6	1617
87.5115394	6	1618
86.8601799	6	1619
87.9025459	6	1620
87.1965885	6	1621
351.881742	16	1585
84.6683979	6	1622
460.007429	16	1570
88.5782241	6	1623
79.4050693	6	1624
81.1240673	6	1625
464.796781	16	1572
82.4937820	6	1626
365.842580	16	1590
95.3147411	6	1627
466.398000	16	1575
355.962276	16	1592
92.1809673	6	1628
86.2371921	6	1629
438.187360	16	1580
390.483140	16	1589
84.0790271	6	1631
96.3346958	6	1630
81.6643238	6	1632
472.214460	16	1579
82.3869705	6	1634
335.213184	16	1600
95.7822799	6	1633
386.353492	16	1595
502.667188	16	1578
89.5535945	6	1636
479.715108	16	1582
422.019243	16	1591
104.691743	6	1635
533.647537	16	1576
85.2034091	6	1639
94.8083400	6	1638
82.5352668	6	1640
104.123592	6	1637
390.976667	16	1599
559.538364	16	1574
80.4846286	6	1642
512.311697	16	1583
94.7580337	6	1641
397.033929	16	1601
422.349929	16	1598
395.945787	16	1602
568.420171	16	1577
503.638982	16	1588
449.615478	16	1596
542.392730	16	1584
431.359052	16	1604
685.670614	16	1573
608.074426	16	1586
567.178726	16	1593
628.865242	16	1587
82.0503234	6	1665
84.5248699	6	1666
520.668268	16	1606
86.2019062	6	1667
535.492181	16	1605
88.5989665	6	1668
86.2593650	6	1669
85.1128101	6	1671
85.9489440	6	1672
84.5024585	6	1673
105.277061	6	1670
247.110366	16	1651
90.9452438	6	1674
83.0996036	6	1676
259.346485	16	1652
108.717441	6	1675
102.854013	6	1677
98.1781482	6	1678
247.066736	16	1656
701.403617	16	1594
101.673364	6	1679
688.252210	16	1597
244.398593	16	1659
89.2341136	6	1682
104.443073	6	1681
93.1279659	6	1685
285.574674	16	1658
94.8760509	6	1686
386.384487	16	1644
123.161792	6	1683
320.146560	16	1654
301.330566	16	1657
654.632329	16	1610
101.326704	6	1688
287.544965	16	1661
159.594297	6	1680
98.8209247	6	1689
713.399648	16	1603
672.209739	16	1609
295.462369	16	1662
342.196702	16	1655
153.002500	6	1684
362.031936	16	1653
132.244586	6	1687
318.699121	16	1660
439.274787	16	1643
112.640619	6	1693
411.509990	16	1650
104.719877	6	1695
426.507949	16	1649
149.042367	6	1690
150.448322	6	1691
144.780397	6	1692
136.063814	6	1694
136.529922	6	1696
481.874227	16	1646
496.777534	16	1645
141.325712	6	1698
790.915489	16	1607
165.436267	6	1697
141.372203	6	1702
157.596826	6	1700
517.634630	16	1647
168.909788	6	1699
173.325061	6	1701
163.742542	6	1703
143.919944	6	1706
130.639553	6	1709
158.660173	6	1705
150.119304	6	1707
179.473638	6	1704
159.054279	6	1708
157.399654	6	1710
470.446109	16	1664
135.836124	6	1714
879.468202	16	1608
586.584568	16	1648
148.619890	6	1713
168.611764	6	1711
162.771701	6	1712
136.302947	6	1718
171.054124	6	1716
529.245853	16	1663
180.949211	6	1715
167.841434	6	1717
151.458024	6	1722
172.022819	6	1720
180.369853	6	1719
135.041475	6	1729
167.069435	6	1726
177.827596	6	1725
166.161060	6	1727
150.501489	6	1730
179.297208	6	1728
216.127634	6	1723
157.219648	6	1733
162.281274	6	1734
186.034440	6	1731
140.415668	6	1738
190.185785	6	1732
265.177011	6	1721
171.581745	6	1736
165.999650	6	1737
168.728351	6	1740
283.298015	6	1724
110.962629	6	1750
154.391050	6	1745
206.408739	6	1739
118.126392	6	1753
157.720804	6	1747
190.394163	6	1742
147.391319	6	1749
200.306892	6	1741
142.948150	6	1751
166.412591	6	1748
197.329044	6	1744
206.744909	6	1743
266.049861	6	1735
190.742492	6	1746
157.725811	6	1752
148.227214	6	1754
172.246217	6	1755
246.109962	16	1756
241.204023	16	1759
244.719743	16	1766
260.682821	16	1768
332.329750	16	1761
283.345937	16	1774
330.520391	16	1770
330.653667	16	1772
442.114353	16	1758
82.2279453	6	1815
488.422870	16	1757
441.087961	16	1765
88.5827541	6	1816
90.1815891	6	1817
88.7849330	6	1818
94.1138267	6	1819
87.4953269	6	1820
87.4590873	6	1821
505.931377	16	1762
446.616888	16	1771
506.490230	16	1763
372.459411	16	1783
87.8517627	6	1822
90.2059078	6	1823
85.3517055	6	1824
87.9528522	6	1825
81.8240642	6	1826
83.7516784	6	1827
85.5014324	6	1828
86.3025188	6	1830
79.5562267	6	1831
561.958789	16	1764
99.0481376	6	1829
394.500970	16	1791
90.8136367	6	1832
88.3643627	6	1833
85.8585834	6	1834
85.4241847	6	1835
79.9076557	6	1836
576.794147	16	1769
654.256105	16	1760
553.488492	16	1775
479.194164	16	1786
593.262195	16	1773
651.461124	16	1767
470.317602	16	1795
477.203369	16	1794
87.1315002	6	1845
81.7792415	6	1846
618.454217	16	1776
86.1582756	6	1847
608.034372	16	1778
83.0318927	6	1848
85.4625701	6	1849
84.1553211	6	1850
83.7113857	6	1851
650.438070	16	1777
598.112821	16	1785
85.2932929	6	1852
581.032991	16	1788
85.5486392	6	1853
86.5614414	6	1854
623.532056	16	1784
83.3876132	6	1855
660.541057	16	1779
545.282125	16	1796
78.3042907	6	1856
84.1858386	6	1857
81.4750194	6	1858
79.6389579	6	1859
508.323192	16	1805
491.680860	16	1808
474.636554	16	1811
87.4829292	6	1860
77.7542591	6	1862
538.870096	16	1804
576.761484	16	1799
94.9697494	6	1861
83.8828086	6	1864
708.724498	16	1782
79.9987316	6	1865
100.805521	6	1863
81.3424587	6	1866
656.031131	16	1792
516.516208	16	1812
673.299789	16	1790
78.1772136	6	1868
592.988967	16	1802
91.9318199	6	1867
80.6882381	6	1869
554.374694	16	1810
78.8013935	6	1871
92.5085544	6	1870
601.394414	16	1806
85.6318473	6	1874
791.245460	16	1781
678.640127	16	1798
599.402904	16	1809
801.241159	16	1780
740.596294	16	1789
80.9307098	6	1876
108.621358	6	1873
118.085622	6	1872
674.361944	16	1801
100.956916	6	1875
81.3665390	6	1878
92.9388999	6	1877
601.735115	16	1814
99.0722179	6	1879
756.229162	16	1793
612.923860	16	1813
97.7034568	6	1880
412.635803	16	1838
718.747138	16	1800
746.140956	16	1797
105.818510	6	1881
715.450525	16	1803
102.436065	6	1884
110.893964	6	1883
836.606025	16	1787
698.892593	16	1807
109.575271	6	1885
419.377326	16	1843
91.7105674	6	1888
135.185480	6	1882
481.152534	16	1837
129.092693	6	1886
448.281288	16	1844
487.265825	16	1839
121.392250	6	1889
114.791631	6	1890
121.664285	6	1892
157.379388	6	1887
504.593372	16	1842
157.508134	6	1891
126.361131	6	1896
115.548133	6	1898
152.316093	6	1893
141.022920	6	1895
151.040315	6	1894
142.262220	6	1899
145.006179	6	1901
585.154294	16	1841
174.877405	6	1900
155.202388	6	1903
624.921321	16	1840
214.731454	6	1897
133.509159	6	1910
148.976087	6	1909
120.385646	6	1915
199.562311	6	1904
219.589233	6	1902
161.706686	6	1913
197.324514	6	1908
180.915594	6	1912
220.237493	6	1906
227.262735	6	1905
215.223550	6	1907
126.595020	6	1921
162.015438	6	1916
187.741518	6	1914
174.109458	6	1918
139.050483	6	1925
191.758394	6	1917
153.892993	6	1923
181.551456	6	1919
166.750192	6	1922
157.772302	6	1924
137.104272	6	1930
151.089429	6	1929
273.125410	6	1911
135.521650	6	1933
190.115213	6	1926
236.591815	6	1920
149.772167	6	1935
170.810222	6	1932
156.061887	6	1936
103.235006	6	1944
217.819929	6	1927
189.721345	6	1934
146.744966	6	1941
135.614395	6	1943
216.943979	6	1931
172.676324	6	1938
237.851381	6	1928
126.962184	6	1945
169.086217	6	1939
186.768293	6	1937
171.401023	6	1942
150.346279	6	1946
199.612379	6	1940
240.643739	16	1949
249.801397	16	1952
253.502368	16	1955
256.841897	16	1962
336.035490	16	1959
323.966026	16	1965
344.912052	16	1964
364.586830	16	1963
488.969802	16	1950
484.065294	16	1951
382.822751	16	1966
461.464643	16	1957
529.157161	16	1948
442.601203	16	1961
380.884647	16	1971
461.132287	16	1960
88.0630016	6	2012
87.2125625	6	2013
420.444488	16	1968
87.5210762	6	2014
495.789527	16	1958
85.7203006	6	2015
534.440994	16	1954
89.2901420	6	2016
85.3409767	6	2017
86.5235328	6	2018
91.0980701	6	2019
84.1765403	6	2020
619.868040	16	1947
396.885871	16	1980
87.7027511	6	2021
81.0410976	6	2022
421.861886	16	1978
81.8321704	6	2023
601.487159	16	1953
82.7965736	6	2024
82.8192234	6	2025
81.9392204	6	2026
81.6993713	6	2027
80.2910327	6	2028
79.7169208	6	2029
78.8788795	6	2030
79.5142650	6	2031
77.7654647	6	2032
78.7487030	6	2033
595.030307	16	1969
586.500167	16	1972
583.988428	16	1975
547.024011	16	1981
635.834932	16	1970
738.757133	16	1956
621.234178	16	1977
579.601526	16	1990
707.032680	16	1976
577.774047	16	1996
655.990362	16	1987
757.285356	16	1973
757.989168	16	1974
591.542959	16	1998
810.804605	16	1967
746.922969	16	1983
626.348733	16	2000
672.159671	16	1994
735.976696	16	1986
717.394113	16	1989
592.140674	16	2006
782.336473	16	1982
86.1375331	6	2070
770.921230	16	1984
769.608974	16	1985
813.445568	16	1979
88.0272388	6	2071
707.044124	16	1995
643.223285	16	2004
89.2143249	6	2072
87.5208377	6	2073
86.1845016	6	2074
87.7420902	6	2075
626.512765	16	2009
759.978771	16	1992
87.7304077	6	2076
90.0137424	6	2077
817.556142	16	1988
94.9118137	6	2078
81.9439888	6	2080
91.0439491	6	2079
803.834199	16	1991
82.1926593	6	2081
737.297534	16	2001
656.373977	16	2011
83.6477279	6	2082
335.260391	16	2052
86.6737365	6	2083
83.2030773	6	2084
83.0678939	6	2085
80.8217525	6	2086
85.1755142	6	2087
83.1108093	6	2088
79.4327259	6	2089
81.7716121	6	2090
841.854333	16	1997
84.4941139	6	2091
80.2266597	6	2092
80.1036357	6	2093
902.189016	16	1993
84.6903324	6	2094
82.0956230	6	2095
77.4590969	6	2096
445.169925	16	2053
81.2234878	6	2097
82.4973583	6	2098
81.7770957	6	2099
870.319843	16	2003
79.3116092	6	2100
615.821361	16	2035
81.4466476	6	2101
79.4148445	6	2102
81.5043449	6	2103
87.0866775	6	2104
82.2827816	6	2105
79.0808200	6	2106
507.186174	16	2055
84.9800109	6	2107
86.1015319	6	2108
82.1847915	6	2109
81.9790363	6	2110
90.2624130	6	2111
83.4460258	6	2112
80.3730487	6	2113
701.772212	16	2036
933.305978	16	2008
670.735120	16	2041
593.182325	16	2051
87.6994132	6	2114
81.8998813	6	2115
79.1120529	6	2116
85.1454734	6	2117
535.845279	16	2061
83.5137367	6	2118
78.8402557	6	2119
596.220493	16	2056
79.4200897	6	2120
80.7895660	6	2121
77.9149532	6	2122
990.821361	16	2010
80.2860260	6	2123
81.2730789	6	2124
674.883127	16	2050
79.0534019	6	2125
80.0728797	6	2126
792.906045	16	2037
638.680219	16	2057
85.6430530	6	2127
82.0126533	6	2128
79.9710750	6	2129
841.824054	16	2034
687.884092	16	2054
81.7613601	6	2130
81.8879604	6	2131
605.427503	16	2066
764.770269	16	2046
824.165105	16	2039
831.933736	16	2038
84.9292278	6	2132
1150.73108	16	1999
676.870346	16	2058
670.652866	16	2059
821.517944	16	2040
665.287017	16	2060
1135.00642	16	2002
87.0003700	6	2133
88.3233547	6	2134
81.6524028	6	2135
654.232263	16	2064
808.892250	16	2044
82.1831226	6	2136
1138.79394	16	2005
81.0568332	6	2138
93.1510925	6	2137
798.538208	16	2049
643.452405	16	2069
858.177661	16	2043
82.4873447	6	2142
708.009004	16	2063
100.791215	6	2140
110.396862	6	2139
828.247785	16	2048
79.1931152	6	2144
103.146076	6	2141
857.176542	16	2045
700.588703	16	2065
80.7633399	6	2146
90.0454521	6	2145
693.031787	16	2068
904.679059	16	2042
751.543045	16	2062
99.2918014	6	2149
110.149383	6	2148
92.3767089	6	2151
151.115894	6	2143
136.265277	6	2147
103.179693	6	2155
125.763893	6	2152
126.657247	6	2153
161.233663	6	2150
824.901342	16	2067
1310.11009	16	2007
983.839750	16	2047
136.369466	6	2158
163.761377	6	2154
152.362346	6	2156
147.333145	6	2157
137.511968	6	2162
144.667148	6	2161
128.942489	6	2165
161.065816	6	2160
169.108152	6	2159
156.897783	6	2163
154.033184	6	2164
137.932777	6	2171
163.958549	6	2167
133.320331	6	2172
153.250217	6	2169
122.791528	6	2175
143.720626	6	2173
200.915098	6	2168
217.329740	6	2166
211.019277	6	2170
193.048238	6	2174
181.791543	6	2176
155.083656	6	2181
169.416427	6	2180
194.493770	6	2177
130.579948	6	2188
187.972068	6	2179
137.536525	6	2189
208.815813	6	2178
159.094333	6	2186
187.807798	6	2182
170.522689	6	2185
188.271045	6	2183
139.187812	6	2191
168.683528	6	2187
137.279748	6	2192
192.638874	6	2184
129.165649	6	2195
142.835378	6	2193
145.118951	6	2194
145.395994	6	2196
187.171220	6	2190
149.286031	6	2197
154.690980	6	2198
151.296138	6	2199
250.438451	16	2204
237.880706	16	2206
246.836900	16	2209
273.288249	16	2212
294.325113	16	2211
306.298017	16	2213
408.672809	16	2203
425.961971	16	2201
435.127019	16	2205
362.663030	16	2221
377.815485	16	2224
374.837875	16	2225
490.791320	16	2208
545.063972	16	2202
564.852237	16	2200
508.473396	16	2214
459.767580	16	2229
608.697891	16	2210
452.244520	16	2234
561.706781	16	2218
585.682392	16	2215
545.099020	16	2223
573.525667	16	2219
591.314792	16	2217
476.477622	16	2239
87.3997211	6	2290
510.215282	16	2237
96.8756675	6	2291
89.6089076	6	2292
638.769865	16	2220
90.5606746	6	2293
86.9662761	6	2294
578.258514	16	2232
89.9205207	6	2295
86.1074924	6	2296
86.4410400	6	2297
701.637744	16	2216
639.484405	16	2226
86.7784023	6	2298
84.9008560	6	2299
529.416561	16	2245
82.0126533	6	2301
78.3810615	6	2302
82.8366279	6	2303
78.5415172	6	2304
78.4003734	6	2305
826.383113	16	2207
79.7929763	6	2306
83.0478668	6	2307
80.7132720	6	2308
84.9492549	6	2309
737.941503	16	2228
80.4533958	6	2310
734.175682	16	2230
83.6176872	6	2311
707.743644	16	2235
80.1708698	6	2312
772.969484	16	2227
86.2734317	6	2313
80.2917480	6	2314
817.107439	16	2222
678.122282	16	2243
85.9203338	6	2315
80.6992053	6	2316
82.2875499	6	2317
84.1519832	6	2318
79.6265602	6	2319
563.694000	16	2264
717.492580	16	2244
83.3415985	6	2320
82.4885368	6	2321
87.1036052	6	2322
83.6207866	6	2323
86.9982242	6	2324
78.5725116	6	2325
849.815845	16	2231
84.5398902	6	2326
79.7221660	6	2327
81.4690589	6	2328
79.2436599	6	2329
777.965068	16	2246
79.8656940	6	2330
750.684499	16	2251
82.1049213	6	2331
81.1092853	6	2333
89.4250869	6	2332
654.294490	16	2266
862.763166	16	2240
84.4712257	6	2334
77.8439044	6	2335
857.316493	16	2241
87.0394706	6	2336
725.653409	16	2261
85.2546691	6	2337
78.4859657	6	2338
83.3253860	6	2339
79.5032978	6	2340
919.567584	16	2238
88.5186195	6	2341
837.386846	16	2252
86.5437984	6	2343
94.6595668	6	2342
801.199436	16	2258
86.6160392	6	2344
87.1546268	6	2345
702.271223	16	2272
898.318529	16	2247
777.306795	16	2263
83.0256938	6	2347
92.7429199	6	2346
854.147434	16	2254
666.449546	16	2278
80.1084041	6	2348
80.7902812	6	2349
1005.98931	16	2236
79.2250633	6	2350
1031.72850	16	2233
893.903017	16	2253
738.602399	16	2273
81.8400382	6	2351
653.949975	16	2284
664.057731	16	2283
717.522859	16	2277
81.3524723	6	2352
880.486249	16	2257
747.030973	16	2274
82.1180343	6	2353
78.4308910	6	2354
78.6769390	6	2355
78.7222385	6	2356
81.5250873	6	2357
930.810689	16	2256
82.8735828	6	2358
768.760204	16	2276
81.0823440	6	2359
987.019538	16	2250
78.0208110	6	2360
951.857805	16	2255
796.884775	16	2275
85.7644081	6	2361
850.700616	16	2270
87.0189666	6	2362
779.172420	16	2279
941.973686	16	2259
85.4332447	6	2363
80.4221630	6	2364
865.268230	16	2271
85.3707790	6	2365
84.1746330	6	2366
88.1457328	6	2367
801.362037	16	2281
760.985851	16	2286
77.8689384	6	2369
90.0378227	6	2368
82.8492641	6	2370
952.172517	16	2265
790.039539	16	2285
87.3594284	6	2371
1135.45584	16	2242
82.8125476	6	2373
85.7763290	6	2374
102.272748	6	2372
82.9744338	6	2376
93.2853221	6	2375
1027.92501	16	2262
864.760398	16	2282
98.1810092	6	2377
1138.27657	16	2249
93.1642055	6	2379
110.377550	6	2378
1163.76590	16	2248
102.267503	6	2380
98.2341766	6	2381
1010.15758	16	2269
94.2277908	6	2382
864.701271	16	2287
1028.11527	16	2267
91.8965339	6	2383
863.645553	16	2288
1032.03964	16	2268
1095.51596	16	2260
868.219852	16	2289
95.3643321	6	2387
135.460853	6	2384
109.314203	6	2388
125.161647	6	2386
135.279417	6	2385
99.1227626	6	2392
126.804351	6	2391
157.287836	6	2389
152.353525	6	2390
1034.31606	16	2280
859.488248	16	2300
138.166427	6	2393
129.784822	6	2395
152.828216	6	2394
113.749742	6	2400
134.029150	6	2397
151.254415	6	2396
119.709014	6	2401
156.310558	6	2398
157.689809	6	2399
155.794143	6	2402
130.399942	6	2406
156.082630	6	2403
152.805089	6	2404
137.662887	6	2408
153.732299	6	2407
154.572010	6	2410
189.240932	6	2405
144.894838	6	2412
134.867429	6	2414
162.607669	6	2411
136.226177	6	2417
95.6077575	6	2425
162.228107	6	2415
158.624410	6	2416
140.356540	6	2419
180.377244	6	2413
136.838436	6	2421
143.986701	6	2420
98.7429618	6	2428
139.593601	6	2422
169.866561	6	2418
120.001554	6	2426
139.754056	6	2423
129.701614	6	2427
155.076742	6	2424
280.061244	6	2409
148.654460	6	2429
286.953449	16	2435
295.699834	16	2434
284.542083	16	2436
262.519359	16	2442
277.038812	16	2444
279.119253	16	2445
433.084011	16	2433
435.886859	16	2437
369.788885	16	2453
522.825002	16	2431
495.119094	16	2438
498.013496	16	2441
591.280221	16	2430
447.874784	16	2452
408.697366	16	2458
544.985055	16	2439
594.360351	16	2432
558.475971	16	2440
513.433694	16	2448
555.588006	16	2443
464.200258	16	2459
452.598333	16	2462
584.379434	16	2446
449.797630	16	2468
489.991664	16	2463
583.766222	16	2449
620.347261	16	2447
575.742721	16	2457
626.167535	16	2451
665.849208	16	2450
638.473510	16	2455
552.346706	16	2469
543.202877	16	2471
705.139875	16	2456
660.872936	16	2464
694.766759	16	2461
726.250171	16	2465
90.7855033	6	2544
93.8241481	6	2545
86.4882469	6	2546
785.273790	16	2460
89.3967151	6	2547
88.7856483	6	2548
86.7598056	6	2549
761.809825	16	2466
86.6301059	6	2550
767.446756	16	2467
88.6037349	6	2551
92.2582149	6	2552
81.7875862	6	2554
92.0507907	6	2553
82.5805664	6	2555
80.2371501	6	2556
775.674581	16	2473
81.0244083	6	2557
83.6513042	6	2558
913.859844	16	2454
82.5443267	6	2559
696.453094	16	2486
85.8755111	6	2560
83.4090709	6	2561
737.389564	16	2484
83.5337638	6	2562
793.175220	16	2477
79.0443420	6	2563
830.752372	16	2474
84.4836235	6	2564
80.8374881	6	2565
85.0892066	6	2566
625.059366	16	2502
793.260574	16	2482
84.6970081	6	2567
751.515865	16	2488
83.0085277	6	2568
791.473388	16	2485
826.512098	16	2481
83.4355354	6	2569
82.3397636	6	2570
82.5004577	6	2571
876.172780	16	2478
717.071294	16	2498
79.9655914	6	2572
685.609102	16	2503
84.4166278	6	2573
888.938665	16	2479
82.3707580	6	2574
83.0957889	6	2575
80.2912712	6	2576
86.3680839	6	2577
83.9564800	6	2578
753.289461	16	2501
79.7486305	6	2579
84.5985412	6	2580
84.3360424	6	2581
77.6782035	6	2582
80.0120830	6	2583
79.3716907	6	2584
78.9830684	6	2585
1033.56051	16	2472
84.4168663	6	2586
896.142244	16	2492
85.2320194	6	2587
930.905818	16	2489
79.1461467	6	2588
86.2464904	6	2589
80.1537036	6	2590
83.4653377	6	2591
79.8473358	6	2592
83.9419364	6	2593
1088.61994	16	2475
84.4843387	6	2594
78.3686637	6	2595
77.5318145	6	2596
952.646732	16	2496
85.8139991	6	2597
79.0798664	6	2598
789.457798	16	2515
82.5066566	6	2599
78.8850784	6	2600
870.899438	16	2508
79.7214508	6	2601
914.722681	16	2504
742.512941	16	2524
80.7309150	6	2602
1191.28680	16	2470
81.4845561	6	2603
730.811119	16	2528
875.766515	16	2511
85.3676795	6	2604
83.2030773	6	2605
79.3917179	6	2606
1164.16049	16	2480
84.3822956	6	2607
78.2692432	6	2608
1016.16144	16	2499
83.1782817	6	2609
942.457199	16	2509
83.5304260	6	2610
84.5127105	6	2611
82.8883647	6	2612
80.4023742	6	2613
81.6576480	6	2614
1013.11039	16	2505
79.9915790	6	2615
82.4353694	6	2616
821.563959	16	2529
859.116077	16	2525
1182.65414	16	2487
84.6853256	6	2617
855.698108	16	2526
1029.15310	16	2506
79.4627666	6	2619
89.0913009	6	2618
84.9742889	6	2620
78.9401531	6	2621
82.6196670	6	2622
1127.56204	16	2500
86.6355895	6	2623
83.7662220	6	2624
77.9309272	6	2625
1193.76969	16	2493
1024.97410	16	2513
859.100580	16	2533
963.338613	16	2520
1018.68414	16	2514
912.175893	16	2527
1087.57710	16	2507
80.6539058	6	2626
78.4537792	6	2627
77.9085159	6	2628
1241.98174	16	2491
78.8624286	6	2629
1213.68622	16	2495
1037.98818	16	2516
80.8715820	6	2630
80.1362991	6	2631
893.957376	16	2535
77.4464607	6	2632
1275.04181	16	2490
1391.63494	16	2476
898.593425	16	2536
81.8760395	6	2633
848.854541	16	2542
1012.92848	16	2522
81.8603038	6	2634
1067.76309	16	2517
952.024698	16	2531
1059.97419	16	2518
79.7679424	6	2635
79.7207355	6	2636
78.4916877	6	2637
1065.44494	16	2519
924.957036	16	2537
1265.01941	16	2497
1383.00538	16	2483
80.4767608	6	2638
1043.21146	16	2523
82.5152397	6	2639
77.5685310	6	2640
926.624298	16	2539
1002.28118	16	2530
1178.26509	16	2510
900.421380	16	2543
1080.89971	16	2521
919.142246	16	2541
945.613861	16	2538
80.8651447	6	2641
80.5470943	6	2642
80.3096294	6	2643
76.8690109	6	2644
78.8700580	6	2645
78.7799358	6	2646
78.4974098	6	2647
77.3663520	6	2648
1369.19879	16	2494
81.1123847	6	2649
77.4555206	6	2650
1227.03576	16	2512
1059.40651	16	2532
84.1610431	6	2651
80.2352428	6	2653
1017.22002	16	2540
80.1651477	6	2654
96.2820053	6	2652
1079.67901	16	2534
82.6172828	6	2656
100.966930	6	2655
87.5589847	6	2657
96.7142581	6	2658
86.0428810	6	2660
100.561380	6	2661
106.800794	6	2663
93.7817096	6	2665
133.892536	6	2659
93.3859348	6	2666
124.766588	6	2662
139.720439	6	2664
111.930370	6	2669
133.848667	6	2667
152.551412	6	2670
158.846378	6	2672
151.799917	6	2677
145.829200	6	2678
189.998865	6	2671
163.115262	6	2676
212.668657	6	2668
130.512475	6	2682
151.293039	6	2680
190.210103	6	2674
132.781982	6	2683
147.708415	6	2681
202.854156	6	2673
136.944293	6	2685
203.230857	6	2675
184.606790	6	2679
154.645681	6	2684
128.596782	6	2690
142.938852	6	2688
139.670610	6	2689
114.168405	6	2693
155.917644	6	2687
162.889480	6	2686
117.927551	6	2695
144.283771	6	2692
165.996074	6	2691
120.406150	6	2698
127.514839	6	2697
143.372058	6	2696
157.787799	6	2694
127.394676	6	2700
144.981145	6	2699
251.115083	16	2703
246.599912	16	2707
297.410488	16	2710
442.697048	16	2701
433.558702	16	2704
380.206108	16	2721
462.970018	16	2709
457.783222	16	2711
521.554708	16	2702
457.218408	16	2713
514.708280	16	2708
482.350349	16	2715
380.034446	16	2731
520.176649	16	2714
389.697551	16	2733
572.519540	16	2706
510.272741	16	2716
591.872215	16	2705
434.962511	16	2728
578.059911	16	2712
532.301425	16	2723
602.490901	16	2717
591.802358	16	2720
635.593414	16	2718
562.047243	16	2729
625.073909	16	2722
671.968221	16	2727
613.674879	16	2736
534.073591	16	2747
503.991127	16	2751
625.507354	16	2735
750.680208	16	2719
738.321542	16	2726
602.835178	16	2746
809.568405	16	2725
832.899093	16	2724
87.3100757	6	2815
87.4252319	6	2816
87.7571105	6	2817
796.299695	16	2732
761.442184	16	2737
89.2064571	6	2818
86.7881774	6	2819
751.972913	16	2742
91.3891792	6	2820
789.627790	16	2738
776.499271	16	2740
89.1053676	6	2821
681.522607	16	2754
87.2597694	6	2822
832.509994	16	2734
79.8571109	6	2824
91.1016464	6	2823
77.9707431	6	2825
85.4651927	6	2826
766.467094	16	2749
90.7454490	6	2827
89.0526771	6	2828
87.8341197	6	2829
934.749126	16	2730
85.9625339	6	2830
83.4083557	6	2831
79.1723728	6	2832
869.162321	16	2743
86.1136913	6	2833
79.5943737	6	2834
81.2757015	6	2835
720.257997	16	2766
840.770483	16	2750
82.8623771	6	2836
861.005783	16	2748
816.597700	16	2755
88.8803005	6	2837
80.2428722	6	2838
80.5296897	6	2839
80.8014869	6	2840
83.8599205	6	2841
960.529088	16	2741
939.177989	16	2745
86.0445499	6	2842
777.574777	16	2768
85.1178169	6	2843
849.632740	16	2760
87.2213840	6	2844
87.2523784	6	2845
83.1053256	6	2846
80.8582305	6	2847
87.1405601	6	2848
712.563991	16	2781
84.2692852	6	2849
85.9439373	6	2850
81.7162990	6	2851
78.5253047	6	2852
78.3970355	6	2853
77.8245925	6	2854
1049.96204	16	2744
907.086372	16	2764
1000.79607	16	2752
83.9085578	6	2855
79.8163414	6	2856
880.450487	16	2769
928.038597	16	2763
84.9587917	6	2857
979.347944	16	2758
83.2526683	6	2858
79.8091888	6	2859
995.992898	16	2757
1030.33208	16	2753
79.8766613	6	2860
80.4069042	6	2861
1141.65186	16	2739
84.4919681	6	2862
759.976148	16	2789
88.2270336	6	2863
79.6904563	6	2864
796.949148	16	2787
1062.48068	16	2756
85.0892066	6	2865
900.671005	16	2776
81.9799900	6	2866
941.138029	16	2773
81.7203521	6	2867
81.6631317	6	2868
934.419631	16	2775
755.494832	16	2795
793.522834	16	2791
80.9733867	6	2869
1052.62160	16	2762
82.0088386	6	2870
760.394811	16	2796
990.966320	16	2771
82.2908878	6	2871
80.6169509	6	2872
749.300003	16	2800
84.9742889	6	2873
78.2394409	6	2874
84.8739147	6	2875
944.410324	16	2780
82.2310447	6	2876
86.0705375	6	2877
81.5536975	6	2878
80.7242393	6	2879
1129.75454	16	2761
790.893316	16	2801
79.7445774	6	2880
1152.35519	16	2759
84.2347145	6	2881
80.6016921	6	2882
83.3184719	6	2883
81.3641548	6	2884
80.2228450	6	2886
87.5878334	6	2885
991.361379	16	2784
1000.99492	16	2783
1055.13358	16	2777
84.3229293	6	2887
1152.24313	16	2767
83.8065147	6	2888
80.4972648	6	2889
903.393507	16	2797
857.116699	16	2803
81.5246105	6	2890
85.1514339	6	2891
80.4908275	6	2892
84.3732357	6	2893
954.158782	16	2794
819.468259	16	2809
877.239942	16	2804
80.7640552	6	2894
1100.45838	16	2778
844.022989	16	2807
82.3297500	6	2895
78.6554813	6	2896
1178.08914	16	2772
945.439100	16	2798
85.3247642	6	2897
81.5703868	6	2898
1004.41265	16	2793
78.3703327	6	2899
836.437225	16	2811
1101.80640	16	2782
1015.79666	16	2792
82.0157527	6	2900
80.5497169	6	2901
837.726354	16	2813
953.277826	16	2802
908.353805	16	2806
1089.93959	16	2786
79.2133808	6	2902
81.3817977	6	2903
1162.13440	16	2779
1116.16444	16	2785
1285.72607	16	2765
940.953493	16	2805
82.6604366	6	2904
84.9792957	6	2905
80.8644294	6	2906
88.7219905	6	2907
82.1044445	6	2908
81.2592506	6	2909
945.470094	16	2808
1129.20022	16	2788
1290.54713	16	2770
1117.36726	16	2790
933.361768	16	2810
1037.97769	16	2799
85.5305194	6	2910
78.1867504	6	2912
89.8194313	6	2911
85.3815078	6	2913
79.1029930	6	2917
1310.95051	16	2774
112.824440	6	2914
82.7627182	6	2919
90.0275707	6	2918
110.740900	6	2915
114.201784	6	2916
80.7631015	6	2922
991.805553	16	2814
122.889757	6	2920
121.096849	6	2921
97.3029136	6	2926
115.102529	6	2925
122.703790	6	2924
105.119943	6	2928
1053.38931	16	2812
120.366573	6	2930
143.604040	6	2927
131.494283	6	2929
148.769617	6	2931
143.562793	6	2933
151.626110	6	2932
215.021848	6	2923
147.756814	6	2934
153.820514	6	2935
141.385078	6	2937
153.716325	6	2936
153.110265	6	2940
149.420738	6	2941
137.937545	6	2943
169.109344	6	2938
148.915767	6	2942
143.195152	6	2945
184.080839	6	2939
159.996986	6	2944
149.318218	6	2946
149.569988	6	2948
168.351888	6	2947
151.570796	6	2950
180.364847	6	2949
159.528255	6	2953
189.121723	6	2951
185.799837	6	2952
156.798839	6	2960
196.145057	6	2955
152.454376	6	2962
160.299062	6	2961
155.602693	6	2964
149.623870	6	2965
161.276817	6	2966
220.675945	6	2957
184.075593	6	2963
158.274888	6	2967
231.956243	6	2956
140.894889	6	2970
221.204757	6	2958
129.001855	6	2973
257.371187	6	2954
164.826154	6	2968
235.046625	6	2959
168.921709	6	2969
160.503149	6	2971
140.634775	6	2976
132.748603	6	2978
173.315286	6	2972
166.846275	6	2974
141.507148	6	2979
170.132637	6	2975
171.467781	6	2977
235.326290	16	2981
246.322393	16	2980
238.133430	16	2982
244.449377	16	2983
255.223989	16	2990
274.634361	16	2995
320.783138	16	2992
331.941127	16	2991
391.034126	16	2987
443.470954	16	2985
436.469793	16	2989
445.560693	16	2993
535.243988	16	2984
435.967206	16	3001
491.290569	16	2994
444.033145	16	3003
548.763036	16	2988
393.126964	16	3013
380.460262	16	3015
534.124851	16	2996
443.901777	16	3010
532.028198	16	2997
616.797685	16	2986
572.816371	16	3000
553.395032	16	3005
609.358787	16	2999
622.948169	16	2998
605.832815	16	3002
596.972703	16	3004
529.167652	16	3019
630.877971	16	3007
524.776935	16	3024
86.6224765	6	3083
94.6190357	6	3084
87.1875286	6	3085
685.627937	16	3009
92.6506519	6	3086
509.402036	16	3035
92.2913551	6	3087
92.1752452	6	3088
86.9984626	6	3089
91.2549495	6	3090
711.259126	16	3011
89.2436504	6	3091
693.487644	16	3014
576.882123	16	3031
85.4845046	6	3092
740.855693	16	3008
81.6752910	6	3093
81.5603733	6	3094
618.543148	16	3028
80.5711746	6	3095
736.109972	16	3012
686.357736	16	3020
715.325593	16	3016
81.9737911	6	3096
80.5249214	6	3097
82.9265117	6	3098
740.859031	16	3017
84.0697288	6	3099
80.1408290	6	3100
84.9003791	6	3101
84.0313434	6	3102
638.902187	16	3036
85.2522850	6	3103
79.3638229	6	3104
81.6562175	6	3105
793.139934	16	3018
82.9954147	6	3106
82.3748111	6	3108
90.3372764	6	3107
79.3058872	6	3109
794.640779	16	3022
82.7810764	6	3110
82.1928977	6	3111
81.5179347	6	3112
80.2192687	6	3113
80.5165767	6	3114
81.8676948	6	3115
952.449083	16	3006
826.864480	16	3025
79.3490409	6	3117
84.0122699	6	3118
80.6143283	6	3119
104.758501	6	3116
78.9358615	6	3120
807.329416	16	3032
872.684240	16	3023
726.037740	16	3043
80.0313949	6	3121
77.0821571	6	3122
852.601051	16	3029
82.1695327	6	3123
82.1247100	6	3124
891.475200	16	3026
83.1789970	6	3125
83.3237171	6	3126
78.9742469	6	3128
88.6466503	6	3127
78.1998634	6	3129
746.975183	16	3049
78.9229869	6	3130
82.7276706	6	3131
78.3050060	6	3132
82.5138092	6	3133
86.2214565	6	3134
672.107458	16	3064
827.599525	16	3044
85.0884914	6	3135
870.324373	16	3040
82.5769901	6	3136
84.2518806	6	3137
78.4742832	6	3138
934.058427	16	3034
82.6742649	6	3139
78.8164138	6	3140
80.7781219	6	3141
79.1580677	6	3142
81.6504955	6	3143
81.2499523	6	3144
80.9721946	6	3145
81.5808773	6	3146
1032.19556	16	3030
78.4735679	6	3147
82.0436477	6	3148
77.3868560	6	3149
990.873098	16	3038
803.298473	16	3062
961.224317	16	3042
80.7471275	6	3150
900.640249	16	3051
866.154909	16	3055
790.238142	16	3065
946.727514	16	3045
741.418123	16	3071
711.138963	16	3075
998.954057	16	3039
80.7178020	6	3151
952.851533	16	3046
82.8905105	6	3152
81.0430049	6	3153
1155.63535	16	3021
925.055980	16	3052
80.7595252	6	3154
82.8659534	6	3155
847.419261	16	3063
78.9818763	6	3156
1087.49651	16	3033
931.424379	16	3053
79.2572498	6	3157
81.0954570	6	3158
846.518754	16	3066
80.2321434	6	3159
82.4668407	6	3160
816.359281	16	3072
77.5985717	6	3161
80.2145004	6	3162
1020.99895	16	3048
859.752416	16	3068
79.7135829	6	3163
78.2883167	6	3164
82.5445652	6	3165
80.5482864	6	3166
78.6032676	6	3167
882.502555	16	3069
952.083826	16	3061
1115.78726	16	3041
994.684696	16	3056
1149.89113	16	3037
838.660240	16	3076
79.9417495	6	3168
80.3351402	6	3169
929.157972	16	3067
82.1087360	6	3170
847.466945	16	3077
1009.78112	16	3057
80.7077884	6	3171
81.7959308	6	3172
1001.87158	16	3060
1051.91540	16	3054
892.165660	16	3074
839.992523	16	3080
84.2924118	6	3173
82.0906162	6	3174
1027.20236	16	3058
1097.71728	16	3050
85.1206779	6	3175
81.8879604	6	3176
872.073888	16	3079
1287.99533	16	3027
79.4014930	6	3177
885.850906	16	3078
1137.06779	16	3047
957.888603	16	3070
864.502429	16	3082
85.6981277	6	3178
1056.33068	16	3059
83.7552547	6	3179
86.2643718	6	3180
82.3795795	6	3181
77.2199630	6	3183
92.8440093	6	3182
83.2545757	6	3184
90.0540351	6	3185
81.7866325	6	3186
80.6508064	6	3187
1007.18331	16	3073
84.5172405	6	3188
79.4019699	6	3190
95.4599380	6	3189
96.5549945	6	3191
111.695289	6	3192
106.487035	6	3193
96.1074829	6	3195
83.4076404	6	3198
1014.99748	16	3081
128.292798	6	3194
122.129678	6	3196
118.644952	6	3197
106.579542	6	3201
149.687767	6	3200
138.806581	6	3203
148.884773	6	3202
145.653963	6	3204
144.841909	6	3205
145.871639	6	3207
154.896736	6	3206
143.177509	6	3208
213.769435	6	3199
154.904603	6	3209
150.637865	6	3210
153.773069	6	3211
148.882865	6	3212
145.869731	6	3214
156.408071	6	3215
144.987344	6	3217
152.327537	6	3216
177.717924	6	3213
138.296842	6	3221
154.980659	6	3219
147.965908	6	3224
177.248954	6	3220
144.554138	6	3226
201.446294	6	3218
149.860858	6	3227
164.768218	6	3225
152.304649	6	3228
136.007785	6	3231
135.752916	6	3232
158.401966	6	3229
127.377033	6	3234
202.589750	6	3223
160.205364	6	3230
220.551967	6	3222
145.529031	6	3235
141.156435	6	3236
122.477293	6	3239
136.421680	6	3237
170.184373	6	3233
137.611865	6	3240
154.176950	6	3238
240.686893	16	3246
244.159221	16	3249
269.851922	16	3253
343.984127	16	3248
415.938615	16	3245
487.499952	16	3242
432.552099	16	3250
482.834339	16	3243
388.722181	16	3257
348.241090	16	3265
382.579088	16	3262
391.299962	16	3264
524.020195	16	3244
554.320096	16	3241
509.077310	16	3251
489.872455	16	3255
422.058343	16	3266
359.775543	16	3275
503.658056	16	3256
417.384862	16	3271
419.315338	16	3273
521.765708	16	3258
558.949708	16	3254
517.017126	16	3261
442.116975	16	3274
615.548849	16	3252
455.825328	16	3276
666.791200	16	3247
531.124353	16	3268
563.098430	16	3270
560.129642	16	3272
648.006916	16	3260
650.794982	16	3263
637.400388	16	3269
511.054515	16	3289
774.371385	16	3267
589.192867	16	3293
740.282535	16	3278
677.184343	16	3290
724.171400	16	3285
805.090904	16	3280
801.142215	16	3282
86.9717597	6	3368
708.569765	16	3295
689.675092	16	3298
556.735277	16	3315
851.267099	16	3277
90.5754566	6	3369
664.488315	16	3302
88.8133049	6	3370
649.087190	16	3305
85.6001377	6	3371
720.377922	16	3299
90.3532505	6	3372
95.3304767	6	3373
87.3303413	6	3374
898.484945	16	3279
94.9699878	6	3375
88.8428688	6	3376
84.1531753	6	3377
1054.06022	16	3259
82.8197002	6	3378
83.3375453	6	3379
82.6563835	6	3380
84.3231678	6	3381
842.643260	16	3294
82.0569992	6	3382
689.488172	16	3314
82.1516513	6	3383
82.8547477	6	3384
80.5485248	6	3385
81.2168121	6	3386
83.8840007	6	3387
773.951530	16	3310
81.9270610	6	3388
80.5459022	6	3389
987.079143	16	3284
80.2330970	6	3390
947.973489	16	3291
87.8908634	6	3391
86.6827964	6	3392
924.868345	16	3296
921.735763	16	3297
81.1085700	6	3394
91.6962623	6	3393
83.9755535	6	3395
882.769107	16	3304
1022.65954	16	3287
83.1952095	6	3396
83.2438468	6	3397
78.1774520	6	3398
806.919097	16	3317
82.3199748	6	3399
81.7689895	6	3400
83.3275318	6	3401
82.2880268	6	3402
85.1621627	6	3403
81.6898345	6	3404
83.3544731	6	3405
81.3326835	6	3406
948.885679	16	3307
79.8349380	6	3407
87.8174304	6	3408
83.1830501	6	3409
80.8954238	6	3410
1037.99724	16	3301
88.3948802	6	3411
82.0941925	6	3412
85.8554840	6	3413
82.4916362	6	3414
1218.43695	16	3281
825.202226	16	3330
82.6373100	6	3415
1092.07296	16	3300
84.0444564	6	3416
79.9605846	6	3417
981.113910	16	3316
83.7481021	6	3418
81.6483497	6	3419
1037.34230	16	3311
79.4587135	6	3420
709.123849	16	3350
958.461284	16	3321
83.8513374	6	3421
84.0928554	6	3422
885.432243	16	3331
82.0891857	6	3423
1108.97827	16	3306
79.9818038	6	3424
1271.11840	16	3286
1096.58694	16	3309
706.043481	16	3355
81.2067985	6	3425
973.675727	16	3324
873.023271	16	3335
80.6918144	6	3426
1010.96296	16	3322
88.2606506	6	3427
83.6215019	6	3428
78.3681869	6	3429
1148.34094	16	3308
1307.03711	16	3288
83.7931632	6	3430
1055.49478	16	3320
82.8611850	6	3431
994.544744	16	3328
81.0370445	6	3432
1028.63812	16	3325
1366.13297	16	3283
78.8235664	6	3433
1220.94726	16	3303
1310.96601	16	3292
82.6427936	6	3434
81.5176963	6	3435
86.1036777	6	3436
80.4765224	6	3437
80.6710720	6	3438
83.9114189	6	3439
1199.77927	16	3312
83.2955837	6	3440
80.6803703	6	3441
84.9802494	6	3442
80.0967216	6	3443
79.8261165	6	3444
81.5229415	6	3445
1101.40633	16	3329
80.5392265	6	3446
1024.10006	16	3338
1205.98411	16	3318
1203.02820	16	3319
79.6992778	6	3447
79.8840522	6	3448
1007.64060	16	3342
77.0642757	6	3449
880.300521	16	3358
79.0567398	6	3450
77.9538154	6	3451
977.575063	16	3349
81.1374187	6	3452
82.9536914	6	3453
1195.24979	16	3326
79.0421962	6	3454
1028.63788	16	3345
887.560844	16	3362
77.9752731	6	3455
964.090108	16	3354
1130.70940	16	3334
81.1271667	6	3456
79.5249938	6	3457
1128.82900	16	3336
964.177608	16	3356
1247.22981	16	3323
77.1770477	6	3458
1066.07961	16	3344
897.291421	16	3364
1013.43607	16	3351
85.1497650	6	3459
77.5506496	6	3460
1068.29166	16	3346
909.032106	16	3365
78.2020092	6	3461
1063.93194	16	3348
1127.57730	16	3340
83.0612182	6	3462
1197.43943	16	3333
83.2769870	6	3463
78.5040855	6	3464
1120.31245	16	3343
954.053878	16	3363
79.0505409	6	3465
985.738277	16	3360
1394.23203	16	3313
1021.10743	16	3357
1053.85351	16	3353
82.4635028	6	3466
1187.51168	16	3337
82.2448730	6	3467
80.8391571	6	3468
82.7136039	6	3469
81.1493396	6	3470
86.0860347	6	3471
83.6958885	6	3472
1278.93519	16	3332
79.5202255	6	3474
89.3299579	6	3473
83.2333564	6	3475
1133.13245	16	3352
79.3330669	6	3477
1068.72439	16	3361
1235.26310	16	3341
93.3282375	6	3476
87.6803398	6	3478
1102.44226	16	3359
1267.16947	16	3339
86.4119529	6	3479
85.8638286	6	3480
85.1869583	6	3481
85.3545665	6	3482
87.8643989	6	3483
79.6811580	6	3484
78.2372951	6	3487
93.7292575	6	3485
91.2411212	6	3486
82.3085308	6	3490
78.5958766	6	3491
1124.19271	16	3366
98.7732410	6	3489
83.2216739	6	3492
114.079236	6	3488
84.4902992	6	3493
94.1267013	6	3495
91.4556980	6	3496
107.322216	6	3494
1340.43073	16	3347
97.4702835	6	3497
95.7763195	6	3499
105.474948	6	3498
80.1243782	6	3501
1537.12821	16	3327
1191.31088	16	3367
78.7696838	6	3502
104.104995	6	3500
100.419282	6	3503
85.2913856	6	3506
83.0571651	6	3508
106.978178	6	3505
111.258029	6	3507
98.3731746	6	3509
96.5368747	6	3510
144.940614	6	3504
107.951879	6	3511
109.091520	6	3513
119.228839	6	3512
118.711948	6	3514
149.307727	6	3515
143.592357	6	3516
144.030809	6	3517
139.219522	6	3518
146.287679	6	3519
145.540714	6	3520
146.333932	6	3521
142.678260	6	3522
138.803005	6	3523
117.513179	6	3527
132.846117	6	3525
133.217096	6	3526
125.073432	6	3528
91.8412208	6	3533
119.522094	6	3529
152.007341	6	3524
122.931241	6	3530
125.571489	6	3531
120.717287	6	3532
109.644174	6	3534
250.553131	16	3536
244.078397	16	3545
282.811403	16	3541
263.952970	16	3544
250.709533	16	3546
428.224802	16	3537
339.665174	16	3553
470.136642	16	3535
426.755905	16	3543
378.479480	16	3552
369.343757	16	3555
415.896654	16	3548
380.097389	16	3557
430.425643	16	3550
482.156515	16	3542
395.092248	16	3556
513.689279	16	3538
342.727899	16	3568
537.763357	16	3539
354.804992	16	3570
552.098035	16	3540
482.493638	16	3551
521.118640	16	3547
479.335784	16	3554
456.687450	16	3559
535.629749	16	3549
467.309951	16	3569
483.180999	16	3567
468.915939	16	3573
587.462902	16	3562
88.2177352	6	3637
542.095422	16	3582
93.8992500	6	3638
94.5420265	6	3639
87.4977111	6	3640
88.6793136	6	3641
687.223911	16	3566
89.1797542	6	3642
661.059141	16	3571
756.175041	16	3558
93.5721397	6	3643
744.655609	16	3560
92.7820205	6	3644
89.1919136	6	3645
84.8491191	6	3646
81.3670158	6	3647
82.4236869	6	3648
81.6233158	6	3649
82.3776721	6	3650
80.5511474	6	3651
686.476230	16	3578
82.6418399	6	3652
788.036346	16	3564
78.0646800	6	3653
80.7247161	6	3654
802.017927	16	3565
80.7292461	6	3655
79.9715518	6	3656
629.194974	16	3592
686.582088	16	3585
85.6044292	6	3657
847.050666	16	3563
704.349994	16	3584
714.204549	16	3583
85.5731964	6	3658
82.3743343	6	3659
615.437984	16	3597
773.987293	16	3576
769.436836	16	3577
85.7536792	6	3660
81.2280178	6	3661
800.732851	16	3575
80.8255672	6	3662
82.9081535	6	3663
659.682989	16	3596
912.742137	16	3561
84.7351551	6	3664
82.3702812	6	3665
81.3982486	6	3666
747.661590	16	3588
81.4270973	6	3667
78.2220363	6	3668
77.8229236	6	3669
746.882200	16	3590
872.068643	16	3574
82.6225280	6	3670
80.2822113	6	3671
79.2195796	6	3672
77.7573585	6	3673
77.1472454	6	3674
83.4295749	6	3675
82.1309089	6	3676
885.493040	16	3580
78.3190727	6	3677
82.8239917	6	3678
80.7163715	6	3679
79.4560909	6	3680
84.0988159	6	3681
87.7025127	6	3682
792.994022	16	3599
81.4056396	6	3683
87.0697498	6	3684
81.3765525	6	3685
774.898290	16	3603
81.2213420	6	3686
81.4969539	6	3687
77.3100852	6	3688
632.071971	16	3623
687.983989	16	3617
83.3919048	6	3689
86.5957736	6	3690
81.6287994	6	3691
79.5075893	6	3692
79.2548656	6	3693
1013.03791	16	3581
81.6061496	6	3694
78.3450603	6	3695
82.5057029	6	3696
79.2522430	6	3697
843.337535	16	3608
77.7459144	6	3699
89.1597270	6	3698
955.833435	16	3595
80.0385475	6	3700
996.682643	16	3591
81.3353061	6	3701
847.182035	16	3610
702.840089	16	3628
79.3962478	6	3702
1052.81853	16	3586
79.9922943	6	3703
872.999906	16	3609
1035.65692	16	3589
77.7642726	6	3704
78.7303447	6	3705
83.6992263	6	3706
762.012243	16	3626
735.657691	16	3630
933.734655	16	3606
85.6857299	6	3707
79.3514251	6	3708
896.231889	16	3611
77.2678852	6	3709
739.912271	16	3631
80.7673931	6	3710
81.3479423	6	3711
77.5904655	6	3712
958.206653	16	3607
1120.67294	16	3587
1180.40919	16	3579
1085.20197	16	3593
85.4103565	6	3713
79.3104171	6	3714
882.330656	16	3619
79.6284675	6	3715
79.5845985	6	3716
867.853164	16	3622
1032.73320	16	3602
79.3199539	6	3717
895.596981	16	3620
1061.52606	16	3600
1080.99913	16	3598
914.412975	16	3618
79.6923637	6	3718
1121.93489	16	3594
957.131385	16	3614
1034.72852	16	3605
80.7194709	6	3719
872.899293	16	3625
1294.28720	16	3572
950.883865	16	3616
80.6152820	6	3720
793.926477	16	3636
77.6345729	6	3721
982.237815	16	3613
825.925350	16	3633
904.757022	16	3624
1070.02782	16	3604
81.8290710	6	3722
77.8083801	6	3723
1109.85136	16	3601
83.6813449	6	3724
1024.19185	16	3612
81.9282531	6	3725
868.892908	16	3632
80.4147720	6	3726
78.3174037	6	3727
960.405349	16	3621
79.9958705	6	3728
80.6131362	6	3729
78.9713859	6	3731
90.1434421	6	3730
86.4775180	6	3732
943.418979	16	3629
85.2344036	6	3733
83.0600261	6	3735
93.5657024	6	3734
1077.98457	16	3615
919.395685	16	3635
86.7230892	6	3736
83.3990573	6	3737
93.2066440	6	3738
85.3614807	6	3741
102.599143	6	3739
82.2639465	6	3742
1024.32656	16	3627
106.782197	6	3740
85.6564044	6	3743
86.0133171	6	3745
92.2369956	6	3746
1021.69132	16	3634
107.216358	6	3749
104.708433	6	3750
127.202272	6	3747
124.389410	6	3748
127.517223	6	3751
132.960557	6	3753
114.197731	6	3757
205.219268	6	3744
91.9132232	6	3762
158.468961	6	3752
152.142286	6	3754
146.620035	6	3755
171.562433	6	3756
116.285800	6	3765
150.824785	6	3760
146.520614	6	3761
161.430120	6	3759
137.693643	6	3769
173.537015	6	3764
160.656690	6	3766
154.455184	6	3767
133.501052	6	3770
223.772764	6	3758
142.010450	6	3771
132.529735	6	3773
175.701856	6	3768
129.812955	6	3777
225.828409	6	3763
111.921787	6	3782
156.321525	6	3776
135.390281	6	3780
148.474216	6	3778
176.829814	6	3774
199.492692	6	3772
157.484292	6	3779
107.305288	6	3788
192.181587	6	3775
129.819631	6	3785
159.524679	6	3781
155.800342	6	3783
134.164333	6	3787
123.863697	6	3790
151.635408	6	3786
134.222745	6	3789
121.376752	6	3791
167.629003	6	3784
230.199337	16	3794
250.485181	16	3796
256.062746	16	3801
310.815095	16	3795
488.493680	16	3793
361.107110	16	3813
460.105180	16	3798
479.554891	16	3799
443.894386	16	3805
552.295207	16	3792
382.984399	16	3819
508.737802	16	3802
535.790920	16	3800
530.550479	16	3803
585.238456	16	3797
533.522605	16	3807
453.894376	16	3820
526.520729	16	3810
579.439878	16	3806
469.563722	16	3823
563.870191	16	3809
611.320972	16	3804
613.661050	16	3808
516.891956	16	3824
573.826313	16	3818
654.157161	16	3816
608.391284	16	3825
525.474548	16	3838
696.010589	16	3814
636.384487	16	3827
542.018175	16	3845
753.048419	16	3815
685.371875	16	3826
93.4476852	6	3902
91.6447639	6	3903
794.160604	16	3812
648.456096	16	3835
92.9329395	6	3904
87.9507064	6	3905
88.2284641	6	3906
578.069686	16	3847
701.471567	16	3830
86.7292881	6	3907
87.8999233	6	3908
574.909925	16	3850
798.699617	16	3817
91.2406444	6	3909
86.2579345	6	3910
88.9036655	6	3911
753.545761	16	3829
85.6404304	6	3912
80.5590152	6	3913
715.038299	16	3836
81.2220573	6	3914
79.8978805	6	3915
711.926460	16	3839
87.4524116	6	3916
88.0103111	6	3917
779.927015	16	3833
86.4682197	6	3918
83.6594104	6	3919
824.026584	16	3828
82.4263095	6	3920
79.8580646	6	3921
941.211462	16	3811
79.8971652	6	3922
85.3869915	6	3923
84.7764015	6	3924
80.5079936	6	3925
79.5609951	6	3926
742.535114	16	3848
83.5158824	6	3927
869.423151	16	3831
81.3224315	6	3928
942.578792	16	3821
81.5503597	6	3929
813.159704	16	3841
661.884784	16	3861
80.4688930	6	3930
78.8741111	6	3931
891.430139	16	3832
763.942003	16	3851
82.7741622	6	3932
80.9807777	6	3933
79.3566703	6	3934
78.9747238	6	3935
80.1217555	6	3936
88.1366729	6	3937
82.3214054	6	3938
80.6870460	6	3939
860.867023	16	3846
83.2116603	6	3940
82.5543403	6	3941
79.0753364	6	3942
734.397172	16	3866
83.4147930	6	3943
938.983678	16	3840
848.206281	16	3853
914.193630	16	3844
82.5533866	6	3944
985.697507	16	3834
77.8555870	6	3945
78.8900852	6	3946
82.2899341	6	3947
80.1746845	6	3948
1098.92559	16	3822
81.2139511	6	3949
78.5553455	6	3950
81.9742679	6	3951
83.7600231	6	3952
83.0626487	6	3953
888.630867	16	3857
1046.49901	16	3837
82.0581912	6	3954
81.9587707	6	3955
77.1462917	6	3956
1022.45831	16	3842
81.2792778	6	3957
80.8794498	6	3958
81.4571380	6	3959
903.138637	16	3862
80.9700489	6	3960
80.6376934	6	3961
79.0224075	6	3962
901.675462	16	3865
81.7120075	6	3963
85.4752063	6	3964
750.540494	16	3885
81.9520950	6	3965
82.1652412	6	3966
923.711538	16	3867
81.5925598	6	3967
754.265069	16	3887
859.248638	16	3875
79.4713497	6	3968
80.1331996	6	3969
1048.61640	16	3854
923.204898	16	3870
752.393722	16	3890
81.4425945	6	3970
79.7953605	6	3971
81.1102390	6	3972
1095.53623	16	3852
83.7852954	6	3973
78.8149833	6	3974
77.0730972	6	3975
79.0143013	6	3976
1016.89219	16	3864
79.3533325	6	3977
837.403059	16	3886
79.5202255	6	3978
78.1862735	6	3979
1118.13449	16	3856
82.5228691	6	3980
79.8354148	6	3981
78.6516666	6	3982
897.949218	16	3884
78.0560970	6	3983
83.3239555	6	3984
80.6059837	6	3985
79.6923637	6	3986
79.2021751	6	3987
1223.91676	16	3849
896.017313	16	3889
79.1029930	6	3988
1072.59607	16	3869
868.480443	16	3893
1036.71050	16	3873
84.3093395	6	3989
1017.36283	16	3876
847.396612	16	3896
83.0371379	6	3990
1010.35523	16	3878
842.443227	16	3898
1181.22673	16	3858
1297.38616	16	3843
82.9288959	6	3991
971.907854	16	3883
1143.53823	16	3863
997.362852	16	3881
828.541040	16	3901
79.2837142	6	3993
91.9146537	6	3992
1226.58991	16	3855
86.4772796	6	3995
93.7554836	6	3994
1012.66860	16	3882
907.773256	16	3895
1117.24781	16	3871
945.643186	16	3891
88.8547897	6	3996
87.9566669	6	3997
78.7668228	6	3999
89.9074077	6	3998
1224.70927	16	3860
84.5234394	6	4000
1174.54671	16	3868
1004.78863	16	3888
85.2632522	6	4001
1259.59300	16	3859
1090.09933	16	3879
919.458389	16	3899
87.3932838	6	4002
90.6496047	6	4004
1171.55003	16	3872
79.7834396	6	4006
100.635766	6	4003
1159.68203	16	3874
998.130798	16	3894
90.9509658	6	4007
88.0134105	6	4008
109.210729	6	4005
77.7335166	6	4010
1161.19790	16	3877
992.170572	16	3897
82.5037956	6	4011
101.916551	6	4009
1051.89037	16	3892
1154.19650	16	3880
984.125614	16	3900
90.4440879	6	4012
87.0127677	6	4014
95.5460071	6	4013
79.9405574	6	4018
103.912591	6	4015
89.0285968	6	4017
130.640745	6	4016
109.537124	6	4019
103.672742	6	4020
96.7526435	6	4022
92.8323268	6	4024
105.838537	6	4023
115.955352	6	4025
147.370100	6	4021
146.706342	6	4026
151.391506	6	4027
145.959854	6	4028
115.679740	6	4033
122.875690	6	4032
144.904136	6	4030
124.307394	6	4034
158.681154	6	4029
109.726905	6	4037
123.740196	6	4036
179.909944	6	4031
151.559591	6	4038
150.683403	6	4039
134.126186	6	4042
179.719448	6	4035
153.001070	6	4040
145.247220	6	4043
164.650917	6	4045
145.061969	6	4048
207.533121	6	4041
107.211112	6	4056
183.023691	6	4046
155.652999	6	4050
136.658430	6	4053
151.634931	6	4051
185.193061	6	4047
172.888994	6	4049
215.780735	6	4044
121.826887	6	4058
162.432193	6	4052
132.431745	6	4057
159.426212	6	4054
118.432283	6	4062
134.931564	6	4060
118.936300	6	4063
169.186592	6	4055
148.199796	6	4059
122.708320	6	4064
166.724920	6	4061
231.903314	16	4072
267.755985	16	4071
318.010807	16	4066
266.668319	16	4075
366.986036	16	4065
356.499195	16	4081
449.316263	16	4069
443.354368	16	4070
375.051498	16	4084
348.160266	16	4090
461.062908	16	4073
361.029148	16	4089
470.306158	16	4074
468.736886	16	4076
365.271091	16	4096
388.299226	16	4093
558.348655	16	4068
568.537712	16	4067
444.380044	16	4088
497.635602	16	4082
424.623966	16	4094
537.807941	16	4079
557.203054	16	4078
571.706056	16	4077
435.778141	16	4098
445.691108	16	4099
594.758272	16	4080
453.572034	16	4102
629.983663	16	4083
560.926198	16	4101
691.080093	16	4092
733.468770	16	4087
685.902595	16	4095
747.437000	16	4086
766.275405	16	4091
699.113607	16	4104
555.889844	16	4124
654.052734	16	4111
735.383749	16	4100
633.289098	16	4115
90.1169776	6	4182
88.1373882	6	4183
93.2157039	6	4184
90.3527736	6	4185
95.5717563	6	4186
88.4120464	6	4187
89.1535282	6	4188
85.2222442	6	4189
910.358190	16	4085
87.1934890	6	4190
763.730764	16	4109
89.1444683	6	4191
861.769914	16	4097
82.6554298	6	4193
92.3740863	6	4192
81.2265872	6	4194
768.693208	16	4112
77.5673389	6	4195
810.264587	16	4107
647.604465	16	4129
83.4162235	6	4196
78.5055160	6	4197
784.366130	16	4113
847.817659	16	4105
79.3311595	6	4198
732.691764	16	4122
642.101049	16	4133
870.629072	16	4103
88.7739658	6	4199
80.3115367	6	4200
90.2345180	6	4201
82.0269584	6	4202
683.800220	16	4132
85.6981277	6	4203
86.7159366	6	4204
83.1124782	6	4205
85.0651264	6	4206
82.9951763	6	4207
652.539968	16	4142
83.8990211	6	4208
841.869592	16	4119
81.6404819	6	4209
82.4222564	6	4210
79.6983242	6	4211
959.397077	16	4108
83.5158824	6	4213
93.8589572	6	4212
82.9083919	6	4214
84.8016738	6	4215
85.8781337	6	4216
79.0963172	6	4217
778.362512	16	4136
78.7751674	6	4218
928.462028	16	4118
855.665206	16	4128
81.6278457	6	4219
82.3419094	6	4220
81.1612606	6	4221
946.002483	16	4121
85.2398872	6	4222
78.6297321	6	4223
994.430065	16	4116
674.944877	16	4156
81.3798904	6	4224
828.022241	16	4138
81.9044113	6	4225
86.1001014	6	4226
81.0453891	6	4227
976.693153	16	4123
1024.65319	16	4117
927.160978	16	4130
81.2890529	6	4229
89.4808769	6	4228
865.131378	16	4139
959.176540	16	4127
85.7245922	6	4230
84.3551158	6	4231
924.066543	16	4134
83.3694934	6	4232
84.3873023	6	4233
713.897228	16	4162
642.741441	16	4170
83.9793682	6	4234
1128.24821	16	4110
813.993453	16	4150
78.7553787	6	4235
1013.87715	16	4126
82.1323394	6	4236
82.8940868	6	4237
79.4024467	6	4238
1204.01930	16	4106
80.8284282	6	4240
87.1722698	6	4239
81.2835693	6	4241
84.7315788	6	4242
79.4596672	6	4243
80.9807777	6	4244
81.7468166	6	4245
1152.86970	16	4120
997.483015	16	4140
79.3597698	6	4247
86.4839553	6	4246
78.2251358	6	4248
80.0032615	6	4249
1010.73598	16	4141
78.7026882	6	4251
85.3528976	6	4250
761.400461	16	4173
85.2508544	6	4252
934.661149	16	4153
81.4812183	6	4253
1019.18172	16	4144
78.3836841	6	4254
857.889652	16	4164
753.791570	16	4176
83.6679935	6	4255
89.1146659	6	4256
80.6128978	6	4257
1122.91979	16	4135
83.6489200	6	4258
79.3018341	6	4259
79.0064334	6	4260
79.6015262	6	4261
77.2716999	6	4262
1041.98288	16	4149
877.843856	16	4169
80.4483890	6	4263
1113.45100	16	4143
918.036699	16	4167
80.6756019	6	4264
954.914808	16	4163
1085.09063	16	4147
80.8095932	6	4265
80.6217193	6	4266
82.7734470	6	4267
80.6708335	6	4268
1118.56102	16	4146
907.050371	16	4172
1081.82621	16	4152
82.6416015	6	4269
82.3295116	6	4270
975.194692	16	4166
78.1123638	6	4271
1039.43800	16	4159
862.315654	16	4179
1041.60189	16	4160
81.7894935	6	4272
77.4750709	6	4273
80.5110931	6	4274
878.014087	16	4180
79.0593624	6	4275
998.962163	16	4168
1163.23900	16	4148
83.1899642	6	4276
85.4620933	6	4277
82.1204185	6	4278
84.7156047	6	4279
81.8111896	6	4280
947.840213	16	4178
86.8949890	6	4281
1127.90393	16	4158
1156.71467	16	4155
89.0941619	6	4282
76.7805576	6	4284
1117.68770	16	4161
91.0685062	6	4283
1000.42772	16	4175
91.6965007	6	4285
1508.59045	16	4114
953.953742	16	4181
86.6584777	6	4286
1266.49808	16	4145
97.1248149	6	4287
85.4160785	6	4289
92.9889678	6	4288
85.2065086	6	4290
81.7477703	6	4291
1230.35573	16	4154
1060.88113	16	4174
1145.77889	16	4165
1468.04189	16	4125
1259.50050	16	4151
87.5163078	6	4292
77.0249366	6	4294
1388.21911	16	4137
94.6273803	6	4293
1440.46783	16	4131
1114.01152	16	4171
82.0140838	6	4295
79.8487663	6	4296
84.2683315	6	4297
78.8972377	6	4298
77.9337882	6	4299
1276.58796	16	4157
1100.04997	16	4177
81.7265510	6	4300
77.7518749	6	4301
86.5533351	6	4302
82.3907852	6	4303
82.1578502	6	4306
84.1171741	6	4307
110.722303	6	4304
79.8144340	6	4311
109.335660	6	4308
98.4601974	6	4312
83.7531089	6	4315
100.972414	6	4314
93.7108993	6	4316
165.556669	6	4305
131.085872	6	4313
157.158613	6	4309
119.920015	6	4317
136.379957	6	4318
127.704858	6	4320
141.557693	6	4319
221.568584	6	4310
154.143571	6	4321
142.445325	6	4323
149.362325	6	4322
148.948907	6	4324
144.042253	6	4326
150.066614	6	4327
147.776365	6	4328
149.081945	6	4330
136.239290	6	4332
181.153535	6	4325
164.333105	6	4329
140.362262	6	4333
116.204500	6	4337
136.166810	6	4334
134.267807	6	4335
160.011053	6	4331
95.9219932	6	4342
143.007278	6	4336
134.899616	6	4338
115.472793	6	4341
125.802516	6	4340
133.832931	6	4339
243.977069	16	4351
294.112682	16	4346
259.671211	16	4358
318.157434	16	4354
412.040472	16	4347
349.349975	16	4362
469.515800	16	4344
470.554828	16	4345
423.668384	16	4353
432.873725	16	4352
491.849660	16	4348
442.455291	16	4356
492.271900	16	4350
395.845651	16	4365
450.685977	16	4361
396.285295	16	4370
509.015798	16	4355
425.158023	16	4368
389.619350	16	4375
588.042259	16	4349
410.405158	16	4378
544.685125	16	4359
662.249088	16	4343
503.207206	16	4369
595.385551	16	4357
570.292949	16	4364
598.150968	16	4367
625.812053	16	4363
562.125205	16	4373
534.760475	16	4377
522.683620	16	4384
585.871458	16	4376
707.386732	16	4360
688.739538	16	4371
88.6790752	6	4454
93.8000679	6	4455
85.0567817	6	4457
92.3736095	6	4456
698.351860	16	4379
87.3172283	6	4458
91.0730361	6	4459
586.999893	16	4399
92.0069217	6	4460
789.503812	16	4372
89.0913009	6	4461
684.481382	16	4387
87.0821475	6	4462
87.3434543	6	4463
82.0453166	6	4464
666.651725	16	4392
79.1902542	6	4465
742.690801	16	4382
80.6894302	6	4466
79.0705680	6	4467
86.6694450	6	4468
79.4880390	6	4469
840.560197	16	4374
684.350252	16	4396
81.7117691	6	4470
82.4327468	6	4471
79.2121887	6	4472
84.5797061	6	4473
79.1263580	6	4474
744.138717	16	4393
86.0891342	6	4475
743.830919	16	4395
82.4778079	6	4476
869.801044	16	4380
88.3035659	6	4477
82.3757648	6	4478
77.6524543	6	4479
831.174135	16	4389
87.7170562	6	4480
724.442958	16	4405
86.2898826	6	4481
872.714996	16	4385
84.0713977	6	4482
84.7897529	6	4483
84.0604305	6	4484
84.2857360	6	4485
667.139291	16	4418
83.5306644	6	4486
80.6412696	6	4487
79.9846649	6	4488
812.320232	16	4402
86.3218307	6	4489
784.017086	16	4407
80.5547237	6	4490
78.1316757	6	4491
794.222354	16	4408
79.4355869	6	4492
898.516178	16	4394
1094.71535	16	4366
82.6060771	6	4493
79.3802738	6	4494
81.6483497	6	4495
961.968183	16	4388
78.1569480	6	4496
759.322643	16	4417
907.443761	16	4397
83.5230350	6	4497
80.9576511	6	4498
78.2113075	6	4499
80.0650119	6	4500
994.388103	16	4391
83.2779407	6	4501
86.9152545	6	4502
1063.64345	16	4383
81.8450450	6	4503
860.517501	16	4413
951.060056	16	4401
84.3079090	6	4504
82.9322338	6	4505
1102.60701	16	4381
83.1406116	6	4506
78.1109333	6	4507
83.8112831	6	4508
81.1622142	6	4509
883.066415	16	4416
79.3747901	6	4510
81.6154479	6	4511
80.4276466	6	4512
746.432065	16	4436
921.730995	16	4415
80.2147388	6	4513
80.5850028	6	4514
974.909305	16	4409
1057.69562	16	4398
81.2714099	6	4515
79.2050361	6	4516
1151.65495	16	4386
83.1687450	6	4517
83.2321643	6	4518
83.1317901	6	4519
78.1195163	6	4520
1042.74678	16	4406
789.634943	16	4438
81.0418128	6	4521
79.5352458	6	4522
78.2265663	6	4523
843.808650	16	4435
77.8799057	6	4524
1190.79279	16	4390
78.1924724	6	4525
1051.55158	16	4410
1023.08940	16	4414
1044.99268	16	4412
926.403284	16	4427
753.025770	16	4447
79.3294906	6	4526
1110.57591	16	4404
829.200744	16	4439
997.120857	16	4419
788.360357	16	4444
961.346149	16	4424
885.693550	16	4434
81.4268589	6	4527
81.9110870	6	4528
78.3016681	6	4529
80.6350708	6	4530
78.6406993	6	4531
890.195608	16	4437
79.4193744	6	4532
1167.00148	16	4403
79.1518688	6	4533
79.2641639	6	4534
81.2580585	6	4535
77.0363807	6	4536
1137.12096	16	4411
983.855009	16	4431
82.7615261	6	4537
1058.10332	16	4422
894.015073	16	4442
78.3419609	6	4538
80.3999900	6	4539
80.4157257	6	4540
884.535074	16	4445
1061.75756	16	4425
80.2817344	6	4541
79.3547630	6	4542
1037.97984	16	4429
77.3379802	6	4543
1021.23355	16	4433
1127.95233	16	4420
79.0674686	6	4544
84.4705104	6	4545
858.168601	16	4453
78.0398845	6	4546
981.063365	16	4440
1299.82066	16	4400
79.5643329	6	4547
911.902427	16	4449
82.2834968	6	4548
79.5757770	6	4549
1117.00177	16	4426
946.441173	16	4446
80.2991390	6	4550
82.0133686	6	4551
79.1254043	6	4552
82.9265117	6	4553
1104.96044	16	4432
84.2690467	6	4554
83.2481384	6	4555
81.4695358	6	4556
945.736885	16	4452
84.5689773	6	4557
998.277187	16	4448
89.6089076	6	4558
1174.52120	16	4428
86.4245891	6	4559
1167.79017	16	4430
992.561340	16	4450
81.3679695	6	4561
94.9873924	6	4560
88.3643627	6	4562
80.8839797	6	4564
97.1512794	6	4563
1273.22793	16	4421
1107.50913	16	4441
92.2191143	6	4565
86.5855216	6	4566
1030.55357	16	4451
1281.13555	16	4423
1115.38672	16	4443
90.4617309	6	4569
83.8084220	6	4570
103.548526	6	4567
85.3719711	6	4571
85.0565433	6	4572
124.077320	6	4568
93.0874347	6	4573
98.3328819	6	4576
85.9603881	6	4578
96.0209369	6	4580
139.667034	6	4574
115.649938	6	4579
154.233694	6	4575
150.055170	6	4577
138.092994	6	4582
156.640529	6	4581
147.361993	6	4584
153.779029	6	4583
144.421577	6	4585
113.811969	6	4591
156.071186	6	4587
147.056341	6	4589
119.577884	6	4596
159.214019	6	4590
147.547721	6	4592
149.308919	6	4593
128.884792	6	4598
167.987823	6	4594
130.592823	6	4600
161.417245	6	4597
149.007320	6	4599
136.628866	6	4603
234.433889	6	4588
193.221807	6	4595
155.235528	6	4601
152.077436	6	4602
153.197288	6	4604
148.042440	6	4605
136.688947	6	4607
110.210657	6	4613
150.413751	6	4608
149.251461	6	4609
297.924280	6	4586
144.894361	6	4610
137.069225	6	4611
172.533988	6	4606
133.265018	6	4612
123.824596	6	4614
144.304990	6	4615
247.812032	16	4619
236.971139	16	4622
234.975814	16	4627
254.050970	16	4625
250.579118	16	4628
363.611936	16	4623
324.552774	16	4635
344.017028	16	4633
459.347486	16	4616
452.469587	16	4618
444.313764	16	4620
403.553009	16	4630
331.370830	16	4640
366.943120	16	4638
408.174514	16	4634
504.841327	16	4621
545.372486	16	4617
514.037609	16	4624
510.516166	16	4626
485.588788	16	4631
426.112890	16	4644
400.103569	16	4648
515.459537	16	4632
586.868762	16	4629
470.799684	16	4646
563.458442	16	4636
507.141113	16	4649
622.921228	16	4641
498.334646	16	4658
585.495710	16	4647
713.706970	16	4637
550.769090	16	4660
688.030242	16	4645
691.235065	16	4652
88.6731147	6	4710
94.2797660	6	4711
702.132463	16	4655
94.1591262	6	4712
740.522146	16	4651
91.2442207	6	4713
99.4651317	6	4714
86.5242481	6	4715
566.560745	16	4672
754.168987	16	4654
97.7449417	6	4716
92.5014019	6	4717
81.0945034	6	4718
750.771999	16	4656
83.3950042	6	4719
80.8978080	6	4720
88.7918472	6	4721
837.749242	16	4650
90.2173519	6	4722
768.310308	16	4661
90.9826755	6	4723
911.498069	16	4642
93.8024520	6	4724
83.9662551	6	4725
932.174205	16	4643
89.5128250	6	4726
788.914203	16	4663
88.5324478	6	4727
81.5684795	6	4728
575.932741	16	4683
870.383977	16	4657
96.9917774	6	4729
84.2239856	6	4730
780.948162	16	4667
86.6501331	6	4731
631.604433	16	4682
87.2371196	6	4732
88.5138511	6	4733
903.433322	16	4659
748.629570	16	4674
805.637359	16	4669
83.3218097	6	4734
884.352922	16	4662
88.1130695	6	4735
622.534275	16	4687
91.0165309	6	4736
763.153791	16	4675
1086.82656	16	4639
84.4137668	6	4737
84.7685337	6	4738
765.774726	16	4676
562.690496	16	4694
828.368663	16	4671
711.939573	16	4681
82.3416709	6	4739
870.419025	16	4668
89.5748138	6	4740
82.8421115	6	4741
589.933156	16	4695
82.0572376	6	4742
592.406034	16	4696
1053.86948	16	4653
647.503137	16	4691
770.612955	16	4680
90.4850959	6	4743
562.269449	16	4700
956.520318	16	4664
84.4707489	6	4744
741.616249	16	4684
572.679758	16	4701
88.5117053	6	4745
83.2064151	6	4746
660.391092	16	4693
892.929792	16	4673
82.0424556	6	4747
683.433532	16	4692
978.227376	16	4666
83.7535858	6	4748
86.4076614	6	4749
870.490550	16	4678
656.082868	16	4698
86.0588550	6	4750
1018.93615	16	4665
612.856388	16	4703
980.905294	16	4670
89.2479419	6	4751
91.0887718	6	4752
79.0090560	6	4753
776.515722	16	4689
769.228219	16	4690
80.6834697	6	4754
614.770650	16	4706
81.0563564	6	4755
830.666780	16	4686
88.1087779	6	4756
82.2646617	6	4757
868.791103	16	4685
609.120368	16	4709
83.4200382	6	4758
965.846776	16	4677
662.510395	16	4705
79.0674686	6	4759
694.926261	16	4702
79.3979167	6	4760
78.2077312	6	4761
660.508155	16	4707
959.501981	16	4679
769.670248	16	4697
80.3043842	6	4762
78.3913135	6	4763
874.159812	16	4688
765.414476	16	4699
79.9543857	6	4764
686.202526	16	4708
79.1473388	6	4766
88.7820720	6	4765
81.1798572	6	4767
747.332334	16	4704
79.9674987	6	4768
82.1404457	6	4769
79.2427062	6	4770
77.4405002	6	4771
86.0018730	6	4772
81.3558101	6	4773
81.3040733	6	4774
88.6099338	6	4775
87.1021747	6	4776
80.3139209	6	4778
82.0226669	6	4781
108.357667	6	4777
102.787017	6	4779
98.3474254	6	4782
116.363763	6	4780
102.551698	6	4783
100.194931	6	4784
104.027271	6	4790
118.044853	6	4788
150.762319	6	4785
149.631261	6	4786
153.777122	6	4787
155.886411	6	4789
152.604579	6	4791
119.120836	6	4799
152.675867	6	4794
146.799325	6	4795
149.983882	6	4796
157.043933	6	4797
153.620719	6	4798
152.091026	6	4802
217.138290	6	4793
223.518848	6	4792
131.709098	6	4808
182.904958	6	4801
173.525333	6	4803
146.314620	6	4810
176.193237	6	4807
202.232122	6	4804
204.009056	6	4805
243.095159	6	4800
205.692052	6	4806
163.894891	6	4814
176.518201	6	4812
172.573089	6	4813
136.732339	6	4819
163.295269	6	4815
207.980394	6	4809
169.586896	6	4816
209.591627	6	4811
151.758193	6	4822
178.452730	6	4818
185.881853	6	4817
157.407045	6	4824
116.301774	6	4830
188.264846	6	4820
144.866228	6	4828
190.205335	6	4821
116.623163	6	4833
164.944887	6	4827
178.068399	6	4826
184.680938	6	4825
138.559579	6	4832
203.237771	6	4823
138.166427	6	4834
167.403459	6	4831
183.613061	6	4829
247.865676	16	4840
287.992477	16	4850
312.767982	16	4848
429.165601	16	4836
457.584857	16	4835
427.371501	16	4842
464.742422	16	4837
351.123332	16	4854
391.388416	16	4852
363.232851	16	4857
504.097223	16	4838
511.143684	16	4841
491.423130	16	4845
379.250764	16	4862
488.281726	16	4849
514.312982	16	4846
565.513372	16	4839
514.214038	16	4847
446.150541	16	4858
418.927907	16	4865
413.107872	16	4866
525.161504	16	4851
429.290533	16	4867
481.507062	16	4861
611.270666	16	4843
493.157148	16	4863
460.238933	16	4871
575.405359	16	4855
521.630525	16	4875
696.785449	16	4856
718.734502	16	4853
779.509782	16	4844
691.689014	16	4859
633.383750	16	4869
642.212867	16	4870
86.3745212	6	4940
89.7803306	6	4941
89.2624855	6	4942
88.6530876	6	4943
739.903450	16	4860
88.0353450	6	4944
87.5215530	6	4945
539.852142	16	4890
89.4701480	6	4946
88.5775089	6	4947
88.2813930	6	4948
77.4652957	6	4950
86.9853496	6	4949
86.2274169	6	4951
85.4532718	6	4952
83.3055973	6	4953
82.2744369	6	4954
81.9587707	6	4955
83.1711292	6	4956
79.9844264	6	4957
81.9826126	6	4958
84.9041938	6	4959
786.075115	16	4872
80.6767940	6	4960
819.299697	16	4868
83.2240581	6	4961
77.8932571	6	4962
656.112670	16	4892
688.232660	16	4888
81.1681747	6	4963
80.7313919	6	4964
83.5673809	6	4965
603.601694	16	4902
893.977642	16	4864
85.6540203	6	4966
83.1661224	6	4967
79.5650482	6	4968
82.2861194	6	4969
853.322505	16	4874
79.8714160	6	4970
83.1856727	6	4971
690.022468	16	4897
85.3121280	6	4972
772.560119	16	4889
88.4449481	6	4973
83.7647914	6	4974
77.8303146	6	4975
640.350103	16	4907
806.653022	16	4887
80.3372859	6	4976
80.1448822	6	4977
660.606861	16	4906
824.829339	16	4886
641.334533	16	4909
81.6872119	6	4978
861.724138	16	4883
80.8100700	6	4979
79.6611309	6	4980
904.216527	16	4879
929.543495	16	4876
82.3316574	6	4981
79.8017978	6	4982
785.273075	16	4896
932.233810	16	4878
82.4532508	6	4983
79.4281959	6	4984
985.569238	16	4873
82.8430652	6	4985
939.374685	16	4880
81.8977355	6	4986
800.153255	16	4899
81.1467170	6	4987
79.8501968	6	4988
952.591419	16	4882
718.563556	16	4911
881.539821	16	4891
82.9360485	6	4989
77.4874687	6	4991
779.067993	16	4905
87.0642662	6	4990
84.4912528	6	4992
82.9052925	6	4993
888.240337	16	4894
78.8297653	6	4994
1032.26089	16	4877
82.8278064	6	4995
80.5225372	6	4996
685.414791	16	4922
82.7732086	6	4997
79.2512893	6	4998
1004.76002	16	4885
80.9979438	6	4999
683.736085	16	4925
87.3253345	6	5000
79.6148777	6	5001
80.3735256	6	5002
80.2896022	6	5003
76.8585205	6	5004
80.6427001	6	5005
703.715562	16	4929
79.9348354	6	5006
78.9713859	6	5007
81.2461376	6	5008
1109.49516	16	4881
743.873357	16	4927
81.5739631	6	5009
882.999658	16	4910
90.0595188	6	5010
82.1580886	6	5011
804.136753	16	4921
972.388505	16	4901
775.110006	16	4926
82.8747749	6	5012
746.836185	16	4930
80.5063247	6	5013
79.8056125	6	5014
1017.65155	16	4898
85.3993892	6	5015
81.9411277	6	5016
79.0348052	6	5018
88.0861282	6	5017
785.719871	16	4931
80.7857513	6	5019
1016.05200	16	4903
1054.73279	16	4900
81.4387798	6	5021
871.965885	16	4923
94.7146415	6	5020
80.0321102	6	5022
1117.30432	16	4893
1107.46288	16	4895
942.856788	16	4915
786.461114	16	4935
79.5845985	6	5023
79.3306827	6	5024
78.9778232	6	5025
79.4742107	6	5026
935.372352	16	4920
82.3662281	6	5027
79.7095298	6	5028
78.4463882	6	5029
999.768257	16	4914
844.050168	16	4934
821.403741	16	4937
982.722520	16	4917
86.1001014	6	5030
82.7176570	6	5033
1049.91149	16	4912
78.8190364	6	5034
896.921396	16	4932
81.9306373	6	5035
1129.47773	16	4904
80.1930427	6	5036
84.1832160	6	5038
93.1305885	6	5037
79.5509815	6	5039
80.2922248	6	5040
1125.99515	16	4908
966.301679	16	4928
147.220134	6	5032
156.387567	6	5031
1342.09108	16	4884
1014.46795	16	4924
1087.05782	16	4916
109.044075	6	5041
104.867219	6	5042
917.217016	16	4939
1128.11326	16	4913
1077.62408	16	4919
106.941223	6	5043
101.710557	6	5044
101.167440	6	5045
99.3573665	6	5046
1103.20615	16	4918
976.130247	16	4936
100.459337	6	5049
963.155269	16	4938
1020.26987	16	4933
132.140874	6	5047
138.327598	6	5048
90.1603698	6	5057
141.991376	6	5050
147.796154	6	5051
155.062913	6	5052
135.264396	6	5055
145.786523	6	5054
154.269456	6	5053
153.439521	6	5058
121.003627	6	5066
161.827325	6	5060
111.853837	6	5068
136.972904	6	5064
153.758764	6	5062
160.822153	6	5061
175.616502	6	5059
200.154066	6	5056
159.827709	6	5063
151.987314	6	5067
175.065755	6	5065
149.393320	6	5070
170.293092	6	5069
151.585817	6	5074
181.972980	6	5072
176.495075	6	5073
163.144111	6	5075
190.179109	6	5071
150.179862	6	5081
122.807979	6	5086
178.432941	6	5078
148.227453	6	5083
142.613410	6	5084
206.247091	6	5076
204.054832	6	5077
190.180301	6	5079
184.168100	6	5080
147.960424	6	5088
139.801025	6	5090
202.191352	6	5082
196.058034	6	5085
184.953689	6	5087
129.029750	6	5096
174.632787	6	5089
158.336639	6	5093
153.278112	6	5094
175.333738	6	5092
150.214910	6	5097
162.879705	6	5095
151.582956	6	5098
196.565151	6	5091
141.346931	6	5100
136.898040	6	5101
166.818618	6	5099
166.430234	6	5102
243.229627	16	5108
265.249490	16	5105
254.672765	16	5107
231.620073	16	5112
251.689195	16	5116
347.910881	16	5111
487.776994	16	5104
376.538038	16	5121
451.447010	16	5110
489.356756	16	5106
491.099357	16	5109
410.633087	16	5124
570.120334	16	5103
499.788761	16	5114
499.310255	16	5115
480.527877	16	5118
396.968603	16	5132
444.665193	16	5125
396.106719	16	5135
528.741836	16	5119
567.302703	16	5113
427.607774	16	5138
514.239549	16	5127
549.209356	16	5122
591.783046	16	5120
622.934341	16	5117
495.471239	16	5137
556.670904	16	5130
525.941133	16	5136
615.047931	16	5128
607.070446	16	5134
663.110017	16	5129
500.883579	16	5154
589.754819	16	5149
611.598968	16	5146
746.509790	16	5126
712.710142	16	5133
802.452802	16	5123
87.9166126	6	5218
673.516511	16	5144
611.071825	16	5153
90.9805297	6	5219
89.9841785	6	5220
84.9728584	6	5221
703.866243	16	5143
87.6255035	6	5222
719.156265	16	5142
86.2233638	6	5223
588.131904	16	5162
92.0538902	6	5224
89.1962051	6	5225
827.432394	16	5131
94.5000648	6	5226
88.6199474	6	5227
772.566080	16	5141
82.6077461	6	5228
657.706737	16	5158
80.4576873	6	5229
80.9834003	6	5230
732.197999	16	5150
82.6110839	6	5231
82.3106765	6	5232
83.1422805	6	5233
86.3413810	6	5234
79.9210071	6	5235
80.5537700	6	5236
79.1966915	6	5237
829.776763	16	5145
78.0787467	6	5238
81.9475650	6	5239
78.9971351	6	5240
81.7453861	6	5241
85.5317115	6	5242
83.0631256	6	5243
845.159530	16	5152
82.2255611	6	5244
84.8674774	6	5245
82.9892158	6	5246
80.6241035	6	5247
909.109592	16	5148
81.5036296	6	5248
981.851816	16	5139
736.484050	16	5172
87.0122909	6	5249
82.0643901	6	5250
872.183322	16	5156
85.0164890	6	5251
82.6718807	6	5252
79.2410373	6	5253
80.7671546	6	5254
80.2426338	6	5255
892.121076	16	5159
78.2127380	6	5256
82.5011730	6	5257
862.198352	16	5165
1002.06875	16	5147
90.3382301	6	5258
82.7429294	6	5259
79.3044567	6	5260
80.2471637	6	5261
946.619987	16	5161
84.7909450	6	5262
81.8727016	6	5263
80.2772045	6	5264
1013.64517	16	5155
1122.41029	16	5140
85.1464271	6	5265
87.2251987	6	5266
89.0588760	6	5267
85.7090950	6	5268
82.3550224	6	5269
80.6057453	6	5270
81.8569660	6	5271
81.6371440	6	5272
81.8393230	6	5273
82.2665691	6	5274
80.8131694	6	5275
88.7436866	6	5276
80.6992053	6	5278
929.094314	16	5179
91.7186737	6	5277
77.6555538	6	5279
1035.18104	16	5166
79.9822807	6	5280
81.7334651	6	5281
925.482988	16	5182
766.485929	16	5202
85.2923393	6	5282
1139.18828	16	5157
87.1500968	6	5283
1006.35647	16	5174
1196.10214	16	5151
815.107345	16	5199
78.7720680	6	5286
825.820684	16	5198
93.8086509	6	5284
993.653774	16	5178
82.5057029	6	5287
101.784706	6	5285
81.7112922	6	5288
81.1810493	6	5289
82.9625129	6	5290
1042.05489	16	5177
79.7047615	6	5291
1050.38714	16	5176
77.7688026	6	5292
910.607814	16	5194
80.2264213	6	5293
1020.52855	16	5181
757.371902	16	5214
896.156311	16	5197
1202.89087	16	5160
80.5778503	6	5295
89.3340110	6	5294
883.399248	16	5201
1132.30752	16	5170
88.8137817	6	5296
83.0955505	6	5297
77.7733325	6	5298
82.6582908	6	5299
80.6999206	6	5300
77.3713588	6	5301
802.819013	16	5216
964.718341	16	5196
77.9247283	6	5302
1191.61391	16	5168
1060.88829	16	5185
1021.26216	16	5190
896.784305	16	5205
1143.45479	16	5175
859.074115	16	5210
83.4228992	6	5303
1116.43838	16	5180
954.375982	16	5200
1250.59151	16	5164
928.437948	16	5204
90.5735492	6	5304
1092.58627	16	5184
76.8814086	6	5306
1190.81711	16	5173
1030.01189	16	5193
95.9136486	6	5305
78.4451961	6	5308
90.6617641	6	5307
1027.61864	16	5195
1286.47541	16	5163
868.697166	16	5215
85.7858657	6	5309
85.3331089	6	5310
80.7857513	6	5311
80.1467895	6	5312
1149.33371	16	5183
987.919807	16	5203
1118.84021	16	5189
89.3564224	6	5313
1147.03345	16	5186
86.1217975	6	5315
972.613096	16	5209
1294.19350	16	5169
106.087207	6	5314
91.7279720	6	5316
78.9041519	6	5318
1003.11994	16	5206
92.7398204	6	5317
1167.50192	16	5187
94.1815376	6	5319
86.8222713	6	5321
81.2299251	6	5322
98.4807014	6	5320
950.268507	16	5217
1175.08053	16	5191
104.290485	6	5323
1180.51266	16	5192
1213.36364	16	5188
88.2084369	6	5325
1020.21455	16	5212
101.113080	6	5324
1032.42468	16	5211
1354.21562	16	5171
88.6132717	6	5327
1391.11042	16	5167
1072.03984	16	5207
115.415096	6	5326
87.3000621	6	5330
101.820230	6	5328
87.4099731	6	5332
1096.94123	16	5208
119.549274	6	5329
116.648674	6	5331
1095.81804	16	5213
133.039236	6	5333
105.289220	6	5337
127.662897	6	5334
128.797292	6	5335
108.953714	6	5338
106.572866	6	5341
121.361017	6	5339
152.942180	6	5336
141.689300	6	5340
147.495031	6	5343
162.523269	6	5346
129.882574	6	5351
169.812679	6	5345
150.158166	6	5349
154.105901	6	5350
146.589517	6	5352
144.325971	6	5355
164.105892	6	5353
227.169036	6	5344
200.762033	6	5348
146.150588	6	5357
244.926929	6	5342
152.074813	6	5358
132.661342	6	5361
224.604606	6	5347
151.696205	6	5359
170.379638	6	5356
186.208486	6	5354
146.259069	6	5363
167.917490	6	5360
155.616760	6	5368
168.329954	6	5367
188.214778	6	5364
179.985523	6	5366
189.199686	6	5365
154.270172	6	5371
168.320417	6	5370
223.830223	6	5362
95.6623554	6	5383
176.909685	6	5375
183.598279	6	5374
142.461538	6	5381
193.483591	6	5373
155.863761	6	5379
167.796373	6	5378
158.070564	6	5380
218.989133	6	5372
187.261819	6	5377
201.874256	6	5376
248.682498	6	5369
149.058341	6	5386
166.014909	6	5384
150.263786	6	5387
148.472547	6	5388
137.004137	6	5390
190.444946	6	5382
173.401117	6	5385
158.039808	6	5389
228.818178	16	5391
228.774309	16	5392
228.594779	16	5393
229.368209	16	5394
231.745243	16	5395
227.938413	16	5396
228.641271	16	5397
230.655193	16	5399
236.661911	16	5398
227.401733	16	5400
avg:  331.2527644543719
std:  325.5795260047214
p95:  1018.7093496322631
p99:  1199.8415040969835
com:  133.81597966285003
thg:  13.381597966285002
FCT:  40.34645199775696
que:  196.01307137848426
los:  0.018518518518519045
3303 2096
**********************
