[16 21 16 ... 15 15 14]
95.3648090	6	1
94.2082405	6	2
99.3247032	6	3
95.2990055	6	4
96.0187911	6	5
95.6411361	6	6
95.2510833	6	7
91.3653373	6	8
96.7247486	6	20
83.7745666	6	21
294.862270	16	9
290.396451	16	10
85.9222412	6	22
293.727874	16	11
88.6812210	6	23
291.934490	16	12
86.4634513	6	24
86.0521793	6	25
294.992446	16	13
82.0183753	6	26
294.968128	16	14
79.2608261	6	27
295.389175	16	15
294.422149	16	16
87.2652530	6	28
291.423082	16	17
88.6161327	6	29
289.980411	16	18
93.1010246	6	30
289.219856	16	19
93.2183265	6	31
96.9781875	6	32
96.9443321	6	33
94.5913791	6	34
91.2115573	6	35
91.3498401	6	36
90.5401706	6	37
91.9051170	6	38
94.6843624	6	39
84.9218368	6	40
82.4775695	6	41
81.8932056	6	42
84.1093063	6	43
80.7569026	6	44
86.3811969	6	45
81.3124179	6	46
87.0938301	6	47
83.9519500	6	48
80.4417133	6	49
79.4606208	6	50
80.6870460	6	51
86.9140625	6	52
78.1099796	6	53
82.3020935	6	54
85.9551429	6	55
84.3534469	6	56
81.6669464	6	57
82.2315216	6	58
80.8568000	6	59
84.7482681	6	60
293.834209	16	61
289.530992	16	62
295.236587	16	63
291.111469	16	64
292.858600	16	65
230.656147	16	69
292.829513	16	66
230.880498	16	70
231.302022	16	71
300.460338	16	67
296.731948	16	68
234.144210	16	72
229.893445	16	73
241.320848	16	74
233.143568	16	75
245.338439	16	76
248.998880	16	77
239.479303	16	78
244.157791	16	79
239.478826	16	81
231.612920	16	82
230.063438	16	83
298.707723	16	80
230.581521	16	84
229.292631	16	85
86.9104862	6	94
230.504035	16	86
86.9538784	6	95
228.848695	16	87
83.7082862	6	96
229.085206	16	88
85.0656032	6	97
229.788780	16	89
86.7354869	6	98
229.182720	16	90
77.9922008	6	99
228.957653	16	91
86.5395069	6	100
229.524850	16	92
82.9701423	6	101
228.291273	16	93
77.1591663	6	102
86.3614082	6	103
80.9235572	6	104
83.5595130	6	105
84.0942859	6	106
86.6076946	6	107
77.6712894	6	108
80.8041095	6	109
87.4762535	6	110
79.3814659	6	111
82.1058750	6	112
81.9721221	6	113
79.4091224	6	114
85.3693485	6	115
81.7589759	6	116
78.9420604	6	117
84.3410491	6	118
87.0428085	6	119
78.0870914	6	120
84.6378803	6	121
83.2409858	6	122
85.1616859	6	123
85.3629112	6	124
81.8829536	6	125
81.6643238	6	126
87.3951911	6	127
84.4490528	6	128
85.4110717	6	129
85.7994556	6	130
230.984687	16	131
229.048490	16	132
229.350805	16	133
228.385448	16	134
230.053186	16	135
230.412960	16	136
231.268405	16	137
229.218721	16	138
228.969573	16	139
229.172945	16	140
230.027437	16	141
228.649377	16	142
228.954553	16	143
230.173587	16	144
230.084419	16	145
230.459928	16	146
230.326414	16	147
229.499340	16	148
231.359243	16	149
230.455875	16	150
229.202747	16	151
230.442285	16	152
86.5294933	6	161
228.120565	16	153
84.1226577	6	162
230.049848	16	154
87.7835750	6	163
228.229522	16	155
86.8332386	6	164
228.634595	16	156
86.0240459	6	165
229.531526	16	157
85.8533382	6	166
230.232477	16	158
81.7117691	6	167
229.465007	16	159
80.1029205	6	168
230.998039	16	160
82.3533535	6	169
81.8355083	6	170
77.1450996	6	171
80.4967880	6	172
80.4235935	6	173
81.4428329	6	174
80.1067352	6	175
80.4812908	6	176
87.2211456	6	177
81.3841819	6	178
80.3253650	6	179
85.2215290	6	180
80.6910991	6	181
77.1157741	6	182
80.6908607	6	183
80.8258056	6	184
77.0125389	6	185
86.2009525	6	186
84.2909812	6	187
80.1610946	6	188
80.0831317	6	189
86.9510173	6	190
77.4271488	6	191
78.9508819	6	192
79.4835090	6	193
79.5445442	6	194
85.5405330	6	195
81.2556743	6	196
82.7522277	6	197
82.1638107	6	198
230.817556	16	199
230.936288	16	200
231.227159	16	201
229.569196	16	202
230.996370	16	203
229.896306	16	204
229.088306	16	205
230.650663	16	206
229.284048	16	207
229.563474	16	208
231.604576	16	209
229.479789	16	210
229.356050	16	212
230.981826	16	213
229.047298	16	214
292.153120	16	211
229.500293	16	215
228.856801	16	216
228.734254	16	217
230.866432	16	218
228.931665	16	219
230.659484	16	220
84.4855308	6	229
232.980966	16	221
83.7500095	6	230
230.882167	16	222
85.5572223	6	231
229.335546	16	223
84.5646858	6	232
229.465007	16	224
86.1279964	6	233
231.364727	16	225
80.0559520	6	234
230.489969	16	226
79.4508457	6	235
229.257345	16	227
84.9237442	6	236
228.332281	16	228
81.2656879	6	237
80.9302330	6	238
80.0838470	6	239
80.8346271	6	240
77.8083801	6	241
82.0198059	6	242
80.4114341	6	243
80.8501243	6	244
81.0031890	6	245
81.8517208	6	246
85.2015018	6	247
81.9058418	6	248
82.8049182	6	249
86.1136913	6	259
86.2243175	6	260
274.529695	16	250
85.1945877	6	261
84.7733020	6	262
228.992700	16	254
272.278070	16	252
293.060541	16	251
85.2634906	6	263
229.610443	16	255
271.525382	16	253
85.3013992	6	264
77.8534412	6	265
229.294538	16	257
86.7569446	6	266
271.082401	16	256
80.3871154	6	267
84.6209526	6	268
79.9124240	6	269
288.403987	16	258
84.5389366	6	270
79.4649124	6	271
82.1514129	6	272
79.6911716	6	273
85.5615139	6	274
85.0439071	6	275
81.1722278	6	276
86.2526893	6	277
87.3322486	6	278
229.794740	16	280
273.030996	16	279
228.932619	16	282
293.598890	16	281
276.984214	16	283
232.122182	16	286
274.492263	16	284
272.291183	16	285
227.843761	16	288
232.273340	16	289
228.977441	16	290
288.377285	16	287
87.3119831	6	301
229.902505	16	294
84.0964317	6	302
290.751218	16	291
276.996612	16	292
228.511333	16	295
85.7622623	6	303
273.488759	16	293
85.1309299	6	304
87.9476070	6	305
86.2598419	6	306
77.0027637	6	307
273.900032	16	296
275.108814	16	297
87.1703624	6	308
232.213973	16	300
81.3643932	6	309
80.5647373	6	310
294.542789	16	298
278.733491	16	299
84.4771862	6	311
80.6217193	6	312
83.5313796	6	313
80.1913738	6	314
78.0816078	6	315
83.4922790	6	316
79.9622535	6	317
86.9934558	6	318
80.7697772	6	319
82.1335315	6	320
79.3082714	6	321
80.3763866	6	322
83.0888748	6	323
80.9395313	6	324
78.5341262	6	325
79.7965526	6	326
80.8055400	6	327
86.2965583	6	328
86.2209796	6	329
82.0722579	6	330
83.4960937	6	331
82.8864574	6	332
81.2246799	6	333
77.7683258	6	334
86.0502719	6	335
80.4548263	6	336
80.5127620	6	337
81.3953876	6	338
229.057073	16	341
271.073818	16	339
296.248912	16	340
231.514453	16	344
273.112535	16	342
228.877067	16	345
273.547172	16	343
232.342958	16	347
289.517402	16	346
228.655099	16	350
275.939226	16	348
274.938106	16	349
232.054233	16	352
231.067895	16	353
233.334541	16	354
289.073467	16	351
228.888750	16	355
229.767322	16	357
84.3343734	6	366
269.454002	16	356
86.0543251	6	367
229.353904	16	359
82.1413993	6	368
86.4386558	6	369
292.698621	16	358
85.3071212	6	370
79.4782638	6	371
228.718280	16	363
77.7864456	6	372
294.041156	16	360
78.9775848	6	373
298.350811	16	361
229.686021	16	365
282.046794	16	362
76.7655372	6	374
272.397279	16	364
83.8849544	6	375
83.1987857	6	376
81.7632675	6	377
80.9426307	6	378
81.1734199	6	379
78.2682895	6	380
78.2368183	6	381
85.7868194	6	382
81.1135768	6	383
83.6033821	6	384
82.1015834	6	385
81.1076164	6	386
77.2144794	6	387
78.9599418	6	388
77.7645111	6	389
78.0646800	6	390
79.8928737	6	391
86.5132808	6	392
81.8483829	6	393
85.9398841	6	394
83.4503173	6	395
81.2401771	6	396
76.8756866	6	397
85.2954387	6	398
80.9657573	6	399
80.8267593	6	400
81.5989971	6	401
271.784543	16	402
228.724479	16	405
272.170066	16	403
273.014783	16	404
228.992700	16	408
292.446851	16	406
230.685472	16	410
291.705369	16	407
273.555278	16	409
230.134963	16	412
233.633041	16	413
228.634595	16	414
286.785125	16	411
228.543996	16	415
276.849508	16	416
275.862216	16	417
228.598594	16	420
277.639150	16	419
295.779705	16	418
230.141401	16	422
234.645128	16	423
294.539690	16	421
85.2060317	6	433
86.9240760	6	434
275.823354	16	424
86.1294269	6	435
273.470401	16	425
85.5658054	6	436
228.179216	16	428
86.9247913	6	437
77.6138305	6	438
298.201799	16	426
84.7303867	6	439
293.549299	16	427
77.3308277	6	440
282.581567	16	429
77.5289535	6	441
279.881477	16	430
82.8876495	6	442
81.8769931	6	443
273.453235	16	432
296.975612	16	431
78.4850120	6	444
81.2165737	6	445
87.1334075	6	446
77.8300762	6	447
79.0560245	6	448
80.9342861	6	449
80.7294845	6	450
87.3785018	6	451
86.8096351	6	452
83.3280086	6	453
85.3633880	6	454
79.3542861	6	455
85.3579044	6	456
82.1571350	6	457
80.6457996	6	461
85.5960845	6	462
86.6444110	6	463
85.9267711	6	464
85.5734348	6	465
81.0356140	6	466
77.9752731	6	467
85.0112438	6	468
80.6210041	6	469
78.1486034	6	470
290.596485	16	458
272.316694	16	459
86.8084430	6	471
290.483236	16	460
84.0787887	6	472
78.2737731	6	473
79.8923969	6	474
85.8242511	6	475
85.1280689	6	476
80.7740688	6	477
81.2873840	6	478
81.8412303	6	479
83.1537246	6	480
81.6009044	6	481
229.636669	16	482
229.306459	16	485
270.926952	16	483
273.813486	16	484
232.707500	16	489
296.751260	16	486
230.129718	16	490
293.496370	16	487
276.692390	16	488
230.275154	16	492
229.767560	16	493
233.390092	16	494
288.020610	16	491
233.568429	16	495
230.749368	16	496
235.766172	16	497
229.536533	16	500
85.5910778	6	509
230.200290	16	501
273.521423	16	499
291.381597	16	498
86.1778259	6	510
232.528209	16	502
85.3753089	6	511
86.9808197	6	512
230.469226	16	504
86.6537094	6	513
77.3181915	6	514
269.369125	16	503
85.1840972	6	515
78.4640312	6	516
271.286487	16	505
81.7565917	6	517
81.1774730	6	518
295.001983	16	506
82.3943614	6	519
273.669004	16	508
294.202327	16	507
79.7479152	6	520
84.1557979	6	521
85.0393772	6	522
82.8762054	6	523
84.3732357	6	524
81.6247463	6	525
86.6625308	6	526
80.3029537	6	527
83.7962627	6	528
81.2518596	6	529
79.2272090	6	530
83.3535194	6	531
81.4797878	6	532
84.0382575	6	533
83.7280750	6	534
80.6932449	6	535
78.7889957	6	536
79.4956684	6	537
86.7736339	6	538
83.7309360	6	539
83.6896896	6	540
79.7019004	6	541
231.652259	16	544
271.705865	16	542
230.122327	16	545
272.675275	16	543
229.715824	16	547
232.915878	16	549
290.292024	16	546
228.500843	16	550
272.581338	16	548
229.996204	16	554
286.573171	16	551
272.444963	16	552
230.893135	16	555
274.096965	16	553
238.540172	16	556
230.258941	16	559
277.432680	16	557
294.377326	16	558
240.392684	16	562
229.984760	16	563
292.572259	16	560
228.638410	16	564
290.402889	16	561
88.0453586	6	573
232.386112	16	566
87.1772766	6	574
86.3890647	6	575
276.548147	16	565
86.4429473	6	576
84.9885940	6	577
77.1162509	6	578
230.190992	16	570
291.491270	16	567
273.735761	16	568
86.2321853	6	579
231.249094	16	571
275.159120	16	569
84.9204063	6	580
77.1183967	6	581
84.4554901	6	582
268.954753	16	572
81.2618732	6	583
77.2321224	6	584
79.4343948	6	585
80.5692672	6	586
79.0843963	6	587
80.5654525	6	588
80.1620483	6	589
80.2350044	6	590
85.8561992	6	591
86.2669944	6	592
84.1114521	6	593
86.0686302	6	594
82.3998451	6	595
77.8305530	6	596
85.7410430	6	603
84.7849845	6	604
84.8824977	6	605
228.999614	16	597
85.7200622	6	606
228.682518	16	598
86.2040519	6	607
228.882551	16	599
77.4590969	6	608
85.1333141	6	609
81.6528797	6	610
78.3140659	6	611
85.3245258	6	612
294.625759	16	600
79.5845985	6	613
270.938158	16	602
289.916276	16	601
83.1964015	6	614
85.7243537	6	615
79.2596340	6	616
82.9963684	6	617
81.3651084	6	618
79.5285701	6	619
228.404045	16	621
288.806200	16	620
273.611307	16	622
230.524301	16	625
273.139953	16	623
231.015920	16	626
271.862983	16	624
229.690790	16	627
230.460405	16	630
275.740385	16	628
273.603677	16	629
83.0352306	6	642
231.339216	16	634
273.586511	16	632
295.476675	16	631
86.5597724	6	643
227.949857	16	635
272.218942	16	633
84.7094058	6	644
232.866764	16	636
85.9327316	6	645
84.4926834	6	646
79.0791511	6	647
229.227066	16	639
77.7270793	6	648
275.245428	16	637
78.3128738	6	649
229.070425	16	641
77.7511596	6	650
299.305200	16	638
77.6357650	6	651
80.7905197	6	652
291.487455	16	640
81.3226699	6	653
86.1246585	6	654
80.9214115	6	655
79.0174007	6	656
87.2542858	6	657
87.0215892	6	658
79.6632766	6	659
85.2956771	6	660
84.6960544	6	661
80.0800323	6	662
85.7174396	6	663
81.2876224	6	664
84.3713283	6	665
81.5780162	6	666
86.0414505	6	667
84.7249031	6	668
81.0887813	6	669
78.5334110	6	670
79.1835784	6	671
85.3381156	6	672
77.3458480	6	673
83.9967727	6	674
227.935791	16	675
229.891538	16	678
272.770643	16	676
228.991031	16	679
272.383928	16	677
231.436967	16	680
228.925704	16	681
230.011463	16	682
231.292009	16	685
270.305395	16	683
229.337692	16	686
269.547462	16	684
231.111764	16	687
231.681585	16	689
272.058486	16	688
230.324029	16	692
272.052288	16	690
290.751934	16	691
228.973627	16	695
272.411823	16	693
85.0379467	6	704
228.660345	16	696
272.555112	16	694
84.2919349	6	705
231.423854	16	697
86.8859291	6	706
229.891300	16	698
85.1910114	6	707
229.933023	16	699
84.4547748	6	708
229.687213	16	700
78.6375999	6	709
78.1736373	6	710
229.691743	16	702
87.6166820	6	711
80.6982517	6	712
77.8567790	6	713
290.427446	16	701
80.8813571	6	714
270.805835	16	703
83.7924480	6	715
82.7906131	6	716
81.7263126	6	717
81.5126895	6	718
79.5471668	6	719
79.4568061	6	720
80.0237655	6	721
80.3976058	6	722
79.8707008	6	723
86.3471031	6	724
80.2650451	6	725
83.0042362	6	726
82.7255249	6	727
82.5014114	6	728
84.8231315	6	729
80.7645320	6	730
83.8339328	6	731
80.3399085	6	732
80.8532238	6	733
82.4496746	6	734
80.2106857	6	735
84.3396186	6	736
78.3076286	6	737
80.6131362	6	738
229.395151	16	740
270.949363	16	739
231.047868	16	744
274.793863	16	742
292.577028	16	741
272.950649	16	743
229.753971	16	746
273.852586	16	745
230.527400	16	749
293.421983	16	747
276.190757	16	748
230.333328	16	752
274.405002	16	750
87.3947143	6	762
230.976581	16	754
291.124343	16	751
85.8614444	6	763
228.390216	16	755
272.839784	16	753
84.9788188	6	764
231.090307	16	756
81.7670822	6	765
84.0139389	6	766
228.779792	16	758
85.9074592	6	767
229.700088	16	759
81.6187858	6	768
276.046991	16	757
78.2968997	6	769
86.1814022	6	770
84.4309329	6	771
291.550636	16	760
84.2788219	6	772
79.6275138	6	773
290.580272	16	761
84.0835571	6	774
85.3817462	6	775
78.1776905	6	776
83.1472873	6	777
81.6445350	6	778
77.5611400	6	779
80.6109905	6	780
86.2593650	6	781
80.0628662	6	782
85.7436656	6	783
86.9848728	6	784
84.7430229	6	785
81.3593864	6	786
81.3715457	6	787
78.0851840	6	788
85.6637954	6	789
84.7692489	6	790
81.0108184	6	791
83.8716030	6	792
81.7229747	6	793
83.1525325	6	794
78.4161090	6	795
79.7991752	6	796
86.1845016	6	797
229.084968	16	800
280.276536	16	799
230.280160	16	802
302.345991	16	798
235.789775	16	804
294.979333	16	801
273.421525	16	803
230.326175	16	806
230.419158	16	807
271.825790	16	805
230.756044	16	808
273.896932	16	809
246.068000	16	811
273.565530	16	810
237.293481	16	813
83.5583209	6	822
232.388734	16	814
271.178007	16	812
84.7337245	6	823
234.207153	16	815
86.2367153	6	824
229.974746	16	816
86.2615108	6	825
84.9645137	6	826
230.422735	16	818
78.4513950	6	827
270.770549	16	817
79.0412425	6	828
87.1472358	6	829
77.2230625	6	830
272.441625	16	819
82.1073055	6	831
80.3515911	6	832
293.334960	16	820
80.1811218	6	833
291.059017	16	821
85.0222110	6	834
83.2185745	6	835
83.8980674	6	836
85.4964256	6	837
82.8406810	6	838
80.5759429	6	839
79.9303054	6	840
78.6571502	6	841
77.7866840	6	842
80.8951854	6	843
80.6159973	6	844
85.3965282	6	845
81.6471576	6	846
83.1830501	6	847
84.3832492	6	848
80.7836055	6	849
76.9495964	6	850
86.6081714	6	851
81.9885730	6	852
230.039596	16	853
228.861093	16	855
270.472526	16	854
85.0579738	6	866
272.302865	16	856
86.4138603	6	867
274.124622	16	857
85.9475135	6	868
229.359865	16	860
86.7762565	6	869
290.177345	16	858
273.264646	16	859
86.5504741	6	870
228.701829	16	862
78.9730548	6	871
77.3351192	6	872
292.619228	16	861
86.9271755	6	873
229.072093	16	865
274.285316	16	863
83.2107067	6	874
272.767066	16	864
81.5742015	6	875
81.6464424	6	876
80.7952880	6	877
83.7953090	6	878
81.5162658	6	879
79.6394348	6	880
82.5879573	6	881
80.6400775	6	882
79.8900127	6	883
80.2657604	6	884
81.8030834	6	885
79.0147781	6	886
81.0146331	6	887
84.4027996	6	888
81.4034938	6	889
83.0607414	6	890
81.3248157	6	891
79.5514583	6	892
79.7173976	6	893
87.8758430	6	894
83.2335948	6	895
80.1434516	6	896
80.5468559	6	897
228.937625	16	899
229.100227	16	900
289.916753	16	898
230.742931	16	904
292.934417	16	901
276.004791	16	902
274.214506	16	903
274.953365	16	905
295.526981	16	906
230.216264	16	910
291.487455	16	907
276.032686	16	908
274.574756	16	909
245.766162	16	911
229.004383	16	914
282.638311	16	912
233.798503	16	915
271.530866	16	913
84.8183631	6	926
231.034040	16	918
81.9830894	6	927
286.772489	16	916
236.156463	16	919
275.490045	16	917
85.7717990	6	928
229.000568	16	920
84.1417312	6	929
84.4986438	6	930
77.8152942	6	931
80.1930427	6	932
229.869127	16	924
88.7184143	6	933
298.266649	16	921
283.310174	16	922
79.8382759	6	934
275.047779	16	923
84.0158462	6	935
270.848035	16	925
81.1042785	6	936
80.3964138	6	937
83.5347175	6	938
81.2098979	6	939
78.6650180	6	940
80.7771682	6	941
82.6177597	6	942
80.9817314	6	943
80.2106857	6	944
85.9744548	6	945
81.9821357	6	946
86.2271785	6	947
78.9780616	6	948
84.8145484	6	949
84.8174095	6	950
80.9261798	6	951
81.8357467	6	952
81.9025039	6	953
77.5012969	6	954
82.9477310	6	955
78.4335136	6	956
80.6403160	6	957
80.5647373	6	958
86.9152545	6	959
79.6234607	6	960
82.2007656	6	961
86.4102840	6	962
83.6236476	6	963
228.514671	16	964
229.231119	16	965
230.103731	16	967
229.312658	16	968
288.763523	16	966
230.263948	16	971
272.320747	16	969
270.891666	16	970
273.263216	16	972
228.247165	16	975
271.935462	16	973
228.697061	16	976
270.890474	16	974
235.337495	16	977
229.735851	16	979
230.007648	16	980
289.431095	16	978
232.201814	16	982
232.690811	16	984
290.217638	16	981
231.160163	16	985
278.514862	16	983
86.2596035	6	996
85.3199958	6	997
230.060338	16	989
84.6121311	6	998
293.794870	16	986
230.779409	16	990
274.608850	16	988
294.505834	16	987
85.6673717	6	999
229.204654	16	991
87.0568752	6	1000
77.8763294	6	1001
79.4968605	6	1002
272.631883	16	992
79.8554420	6	1003
229.434251	16	995
77.8248310	6	1004
273.047208	16	993
272.651910	16	994
82.2794437	6	1005
80.1091194	6	1006
80.8539390	6	1007
81.8068981	6	1008
80.1303386	6	1009
79.5693397	6	1010
80.6372165	6	1011
81.7725658	6	1012
81.0520648	6	1013
80.1999568	6	1014
86.1809253	6	1015
81.6018581	6	1016
82.0481777	6	1017
78.7346363	6	1018
81.2754631	6	1019
85.1693153	6	1020
79.8647403	6	1021
85.1135253	6	1022
81.1622142	6	1023
84.2573642	6	1024
80.4715156	6	1025
81.1703205	6	1026
83.2631587	6	1027
81.2966823	6	1028
83.1613540	6	1029
83.5862159	6	1030
81.5849304	6	1031
229.873180	16	1034
272.851228	16	1032
228.190422	16	1035
272.214412	16	1033
230.932950	16	1036
230.003833	16	1037
230.428695	16	1039
290.876150	16	1038
229.238033	16	1042
292.725801	16	1040
300.343990	16	1041
231.476545	16	1045
278.782844	16	1043
274.962186	16	1044
230.920791	16	1049
294.249296	16	1046
274.119138	16	1048
85.4928493	6	1059
297.563076	16	1047
230.426311	16	1051
84.2540264	6	1060
87.7740383	6	1061
281.458854	16	1050
229.928016	16	1053
86.8520736	6	1062
231.773614	16	1054
271.945953	16	1052
86.8752002	6	1063
229.712486	16	1055
77.4705410	6	1064
229.353666	16	1056
79.2255401	6	1065
233.883619	16	1057
83.8980674	6	1066
229.352712	16	1058
76.7896175	6	1067
83.7223529	6	1068
81.6743373	6	1069
82.9255580	6	1070
82.7393531	6	1071
81.7086696	6	1072
82.6950073	6	1073
80.6791782	6	1074
80.8267593	6	1075
80.1448822	6	1076
85.7086181	6	1077
80.2617073	6	1078
81.1498165	6	1079
81.5660953	6	1080
79.8890590	6	1081
85.3283405	6	1082
81.2880992	6	1083
80.1384449	6	1084
81.8293094	6	1085
79.8161029	6	1086
77.1062374	6	1087
79.6985626	6	1088
80.3663730	6	1089
80.1553726	6	1090
229.969978	16	1091
83.3566188	6	1100
86.5011215	6	1101
230.913400	16	1093
86.5921974	6	1102
229.164123	16	1094
269.464969	16	1092
228.440999	16	1095
232.254028	16	1096
228.633642	16	1098
270.233631	16	1097
273.239612	16	1099
271.617889	16	1103
229.774236	16	1106
275.509834	16	1104
272.625684	16	1105
273.921489	16	1108
294.157743	16	1107
228.984355	16	1111
273.614168	16	1109
231.261253	16	1112
272.998094	16	1110
85.4785442	6	1121
228.394985	16	1113
87.5449180	6	1122
83.6443901	6	1123
227.736473	16	1115
85.0179195	6	1124
271.696805	16	1114
84.4278335	6	1125
229.442834	16	1117
86.4083766	6	1126
271.914243	16	1116
85.9658718	6	1127
230.967998	16	1119
81.2501907	6	1128
78.6263942	6	1129
84.2010974	6	1130
79.4723033	6	1131
305.695056	16	1118
290.749311	16	1120
85.6046676	6	1132
79.0166854	6	1133
83.8537216	6	1134
84.0029716	6	1135
85.2134227	6	1136
81.9575786	6	1137
82.0159912	6	1138
85.5979919	6	1139
83.0473899	6	1140
84.4712257	6	1141
83.4920406	6	1142
80.2004337	6	1143
84.4841003	6	1144
80.7416439	6	1145
81.8057060	6	1146
85.1097106	6	1147
80.2512168	6	1148
84.9738121	6	1149
83.3683013	6	1150
80.7807445	6	1151
85.8709812	6	1160
229.514837	16	1152
85.5209827	6	1161
228.524923	16	1153
84.4490528	6	1162
228.256702	16	1155
230.176925	16	1156
269.128322	16	1154
272.017717	16	1157
85.1919651	6	1169
272.338151	16	1159
86.9252681	6	1170
297.319173	16	1158
86.0068798	6	1171
86.2510204	6	1172
229.227066	16	1164
84.8536491	6	1173
273.227930	16	1163
229.316473	16	1166
273.205995	16	1165
230.649709	16	1168
289.590597	16	1167
230.082511	16	1175
231.832265	16	1176
272.240161	16	1174
85.6697559	6	1185
87.9426002	6	1186
84.4833850	6	1187
231.490612	16	1179
272.464036	16	1177
87.3789787	6	1188
87.2519016	6	1189
229.166746	16	1181
78.4213542	6	1190
292.622327	16	1178
78.5539150	6	1191
230.905771	16	1183
80.7840824	6	1192
298.066616	16	1180
275.339841	16	1182
86.6796970	6	1193
79.2458057	6	1194
272.533416	16	1184
81.0379981	6	1195
81.8705558	6	1196
86.3826274	6	1197
78.2179832	6	1198
81.1238288	6	1199
83.7633609	6	1200
81.1588764	6	1201
86.4336490	6	1202
82.3569297	6	1203
83.9831829	6	1204
84.9840641	6	1205
85.2859020	6	1206
82.4396610	6	1207
81.3140869	6	1208
79.0987014	6	1209
77.6932239	6	1210
82.4906826	6	1211
80.8722972	6	1212
229.598999	16	1215
272.819042	16	1213
230.452060	16	1216
271.872043	16	1214
230.764865	16	1219
274.240732	16	1217
294.162511	16	1218
86.1675739	6	1231
231.365680	16	1223
84.4693183	6	1232
295.966625	16	1220
233.855962	16	1224
273.721694	16	1222
85.9375	6	1233
296.500682	16	1221
89.0979766	6	1234
230.305671	16	1226
86.7009162	6	1235
78.0861377	6	1236
272.803068	16	1225
232.590675	16	1228
78.8736343	6	1237
78.2108306	6	1238
230.189561	16	1230
289.834499	16	1227
85.1669311	6	1239
269.890069	16	1229
81.3970565	6	1240
80.8198451	6	1241
81.3355445	6	1242
80.4448127	6	1243
79.3259143	6	1244
85.4232311	6	1245
228.966712	16	1247
85.4756832	6	1257
291.064977	16	1246
84.7647190	6	1258
274.141073	16	1248
86.6923332	6	1259
229.366064	16	1251
273.724317	16	1249
84.6159458	6	1260
271.745204	16	1250
87.2015953	6	1261
231.118440	16	1253
77.1787166	6	1262
273.178100	16	1252
84.8751068	6	1263
228.346824	16	1255
78.7224769	6	1264
230.427980	16	1256
270.889759	16	1254
83.4655761	6	1265
88.8795852	6	1266
80.9929370	6	1267
86.6608619	6	1268
80.7042121	6	1269
78.3202648	6	1270
84.2428207	6	1271
84.9554538	6	1272
83.7171077	6	1273
84.7353935	6	1274
84.2797756	6	1275
80.1975727	6	1276
87.0883464	6	1277
80.3420543	6	1278
79.8895359	6	1279
80.4405212	6	1280
83.5654735	6	1281
80.5401802	6	1282
235.378026	16	1285
272.183656	16	1283
228.758811	16	1286
272.687911	16	1284
229.405164	16	1289
289.393663	16	1287
274.013042	16	1288
85.2572917	6	1298
84.3095779	6	1299
230.774164	16	1291
86.5907669	6	1300
228.746891	16	1292
269.920110	16	1290
85.8840942	6	1301
87.8105163	6	1302
229.034185	16	1295
275.044441	16	1293
229.050159	16	1296
272.427320	16	1294
230.494976	16	1297
232.072114	16	1303
84.7647190	6	1312
231.446981	16	1304
81.0298919	6	1313
87.3992443	6	1314
86.7943763	6	1315
272.008180	16	1305
85.9096050	6	1316
232.823610	16	1308
84.8810672	6	1317
230.712413	16	1309
81.5539360	6	1318
291.577816	16	1306
85.8747959	6	1319
293.039321	16	1307
232.923507	16	1311
84.1917991	6	1320
271.297693	16	1310
83.4860801	6	1321
77.2166252	6	1322
84.0280055	6	1323
80.8737277	6	1324
80.9242725	6	1325
85.3617191	6	1326
84.8443508	6	1327
78.8099765	6	1328
80.3346633	6	1329
80.9392929	6	1330
77.9342651	6	1331
86.5218639	6	1332
81.3896656	6	1333
81.0916423	6	1334
84.5484733	6	1335
84.1932296	6	1336
77.9597759	6	1337
86.7083072	6	1338
85.2277278	6	1339
85.3664875	6	1340
82.2069644	6	1341
80.7983875	6	1342
83.8007926	6	1343
87.9294872	6	1344
77.5737762	6	1345
230.161190	16	1348
230.486154	16	1349
293.983697	16	1346
296.027421	16	1347
233.044624	16	1351
230.348587	16	1352
273.926496	16	1350
229.450225	16	1353
230.281591	16	1354
229.940652	16	1355
233.163118	16	1357
273.736238	16	1356
228.654384	16	1359
87.6677036	6	1368
87.5554084	6	1369
84.8531723	6	1370
296.258926	16	1358
231.980085	16	1362
85.1442813	6	1371
228.819370	16	1363
296.937465	16	1360
232.613563	16	1364
228.413581	16	1365
298.864126	16	1361
233.469247	16	1366
81.0117721	6	1375
81.9950103	6	1376
85.9715938	6	1377
82.7071666	6	1378
290.654659	16	1367
84.4838619	6	1379
86.6751670	6	1380
231.373310	16	1372
80.3592205	6	1381
83.9476585	6	1382
79.1237354	6	1383
79.4093608	6	1384
85.7083797	6	1385
280.749082	16	1374
303.401231	16	1373
79.9055099	6	1386
83.1253528	6	1387
84.5637321	6	1388
87.1160030	6	1389
81.2013149	6	1390
79.5450210	6	1391
79.0660381	6	1392
77.7313709	6	1393
77.5189399	6	1394
80.6097984	6	1395
80.9307098	6	1396
79.9083709	6	1397
85.0682258	6	1403
83.8913917	6	1404
82.6609134	6	1405
83.8491916	6	1406
229.876041	16	1398
83.6760997	6	1407
229.313373	16	1399
86.1361026	6	1408
229.311466	16	1400
81.6676616	6	1409
231.336116	16	1401
79.2396068	6	1410
83.3592414	6	1411
81.8514823	6	1412
271.337032	16	1402
84.1944217	6	1413
80.1324844	6	1414
83.0273628	6	1415
83.7087631	6	1416
228.593826	16	1418
229.481220	16	1419
269.946813	16	1417
228.174924	16	1420
231.179475	16	1422
229.802370	16	1423
228.867053	16	1424
290.146350	16	1421
230.268001	16	1426
236.495494	16	1427
274.198293	16	1425
231.735706	16	1428
277.452707	16	1429
276.749372	16	1430
85.5383872	6	1441
230.768203	16	1433
86.9412422	6	1442
274.596691	16	1432
85.3126049	6	1443
298.508405	16	1431
229.527235	16	1435
85.6885910	6	1444
233.771324	16	1436
272.470951	16	1434
86.9269371	6	1445
78.4826278	6	1446
229.290723	16	1438
84.2425823	6	1447
234.138011	16	1439
271.069049	16	1437
81.2704563	6	1448
231.410980	16	1440
81.3353061	6	1449
80.2695751	6	1450
81.5265178	6	1451
87.0888233	6	1452
83.5230350	6	1453
80.2910327	6	1454
84.3572616	6	1455
80.2597999	6	1456
84.1484069	6	1457
78.6404609	6	1458
79.1969299	6	1459
81.0332298	6	1460
82.0083618	6	1461
77.7714252	6	1462
79.7355175	6	1463
80.4429054	6	1464
79.9200534	6	1465
85.5541229	6	1466
80.1131725	6	1467
85.3927135	6	1468
84.4728946	6	1469
80.0349712	6	1470
230.668544	16	1473
230.551958	16	1474
274.402856	16	1472
295.370578	16	1471
228.779315	16	1475
85.3700637	6	1485
228.665113	16	1477
86.0261917	6	1486
228.822708	16	1478
269.292116	16	1476
81.8469524	6	1487
228.888750	16	1479
229.546546	16	1480
231.558084	16	1481
228.722333	16	1483
230.321407	16	1484
269.877195	16	1482
228.852510	16	1488
229.377985	16	1490
229.180097	16	1491
271.540880	16	1489
228.541374	16	1492
84.0492248	6	1501
228.590488	16	1493
83.0965042	6	1502
229.502677	16	1494
88.0382061	6	1503
228.777885	16	1495
86.5592956	6	1504
86.3451957	6	1505
228.344440	16	1497
79.5643329	6	1506
229.036092	16	1498
79.5376300	6	1507
270.947933	16	1496
228.461027	16	1499
83.8358402	6	1508
227.938175	16	1500
80.8818340	6	1509
79.5025825	6	1510
81.6166400	6	1511
81.1088085	6	1512
84.5570564	6	1513
79.4339179	6	1514
81.8243026	6	1515
86.9061946	6	1516
79.7441005	6	1517
84.2437744	6	1518
81.4850330	6	1519
84.2325687	6	1520
82.9799175	6	1521
82.8449726	6	1522
78.9222717	6	1523
82.6044082	6	1524
86.0428810	6	1525
78.2473087	6	1526
84.2313766	6	1527
228.801965	16	1528
232.779741	16	1529
230.209827	16	1531
228.896141	16	1532
270.609617	16	1530
230.769395	16	1533
230.217218	16	1534
229.346752	16	1535
86.5554809	6	1544
228.950977	16	1536
86.6150856	6	1545
228.377342	16	1537
86.7879390	6	1546
228.579521	16	1538
86.4846706	6	1547
228.258609	16	1539
86.0834121	6	1548
228.587150	16	1540
87.2149467	6	1549
229.035615	16	1541
81.2191963	6	1550
229.561567	16	1542
85.6175422	6	1551
228.178977	16	1543
80.3260803	6	1552
81.1305046	6	1553
80.2114009	6	1554
78.3345699	6	1555
84.4817161	6	1556
85.0408077	6	1557
82.7431678	6	1558
139.429330	6	1560
158.281326	6	1559
228.460788	16	1561
228.249549	16	1562
228.153467	16	1563
84.1131210	6	1572
228.200674	16	1564
84.4480991	6	1573
228.856801	16	1565
86.9269371	6	1574
85.8345031	6	1575
85.6268405	6	1576
229.225397	16	1568
84.8007202	6	1577
230.264663	16	1569
81.0997486	6	1578
294.044017	16	1566
231.243371	16	1570
80.9884071	6	1579
294.526576	16	1567
229.076385	16	1571
76.8461227	6	1580
78.0432224	6	1581
77.8379440	6	1582
81.3271999	6	1583
78.2074928	6	1584
81.9919109	6	1585
86.8775844	6	1586
79.0553092	6	1587
83.6222171	6	1588
80.4512500	6	1589
84.1071605	6	1590
85.2005481	6	1591
81.2838077	6	1592
228.754758	16	1593
228.404998	16	1594
228.196382	16	1595
229.166984	16	1596
228.305101	16	1597
230.510711	16	1598
228.643178	16	1599
228.764057	16	1600
83.3714008	6	1609
229.975461	16	1601
86.7843627	6	1610
229.945898	16	1602
86.2624645	6	1611
229.126930	16	1603
83.8215351	6	1612
228.445768	16	1604
85.6316089	6	1613
228.657484	16	1605
86.7586135	6	1614
230.441570	16	1606
78.1323909	6	1615
79.5907974	6	1616
228.902816	16	1608
79.4014930	6	1617
78.7999629	6	1618
287.856340	16	1607
85.0968360	6	1619
80.9221267	6	1620
81.9697380	6	1621
85.1318836	6	1622
86.5457057	6	1623
78.0084133	6	1624
80.5783271	6	1625
80.0645351	6	1626
230.279922	16	1627
229.185819	16	1628
229.161500	16	1630
85.0474834	6	1639
230.256080	16	1631
271.778821	16	1629
85.3936672	6	1640
230.004549	16	1632
86.4369869	6	1641
229.423761	16	1633
86.3423347	6	1642
229.574441	16	1634
84.4917297	6	1643
229.902505	16	1635
88.1123542	6	1644
230.659484	16	1636
79.1025161	6	1645
228.573322	16	1637
85.2041244	6	1646
228.804826	16	1638
85.3474140	6	1647
88.7370109	6	1648
87.3303413	6	1649
83.7132930	6	1650
83.2276344	6	1651
84.4249725	6	1652
79.3633460	6	1653
84.1352939	6	1654
82.4174880	6	1655
84.0959548	6	1656
79.9145698	6	1657
82.3936462	6	1658
228.686571	16	1659
85.5174064	6	1668
228.505373	16	1660
87.6011848	6	1669
228.899478	16	1661
84.4080448	6	1670
229.538440	16	1662
85.1304531	6	1671
228.524446	16	1663
87.5093936	6	1672
229.013204	16	1664
77.8663158	6	1673
230.530261	16	1665
85.2942466	6	1674
229.384660	16	1666
81.4955234	6	1675
229.160785	16	1667
80.1682472	6	1676
83.3539962	6	1677
80.6846618	6	1678
79.1759490	6	1679
86.2166881	6	1680
79.9219608	6	1681
81.1975002	6	1682
81.9034576	6	1683
86.7147445	6	1684
83.7082862	6	1685
86.7998600	6	1686
229.757785	16	1687
228.131771	16	1688
229.079246	16	1689
228.288173	16	1690
230.603933	16	1691
228.709936	16	1692
229.395866	16	1693
229.319095	16	1694
85.1802825	6	1703
228.643655	16	1695
87.7265930	6	1704
231.153249	16	1696
85.3757858	6	1705
229.258060	16	1697
227.649927	16	1698
87.0285034	6	1706
227.970123	16	1699
87.8019332	6	1707
228.996992	16	1700
85.6842994	6	1708
229.491710	16	1701
83.7700366	6	1709
229.373455	16	1702
86.1804485	6	1710
83.3675861	6	1711
80.6570053	6	1712
81.2394618	6	1713
81.0761451	6	1714
87.9275798	6	1715
82.0555686	6	1716
79.5462131	6	1717
81.3665390	6	1718
85.7801437	6	1719
86.6103172	6	1720
80.8570384	6	1721
229.135751	16	1722
228.318691	16	1723
228.497266	16	1724
228.489875	16	1725
228.823184	16	1726
229.042768	16	1727
87.2378349	6	1736
228.761672	16	1728
86.2514972	6	1737
229.745149	16	1729
86.8756771	6	1738
229.546308	16	1730
86.9510173	6	1739
228.708267	16	1731
85.4835510	6	1740
229.364156	16	1732
77.5306224	6	1741
228.289604	16	1733
86.6250991	6	1742
228.532075	16	1734
78.3705711	6	1743
231.099605	16	1735
86.7261886	6	1744
79.3783664	6	1745
81.2473297	6	1746
84.6550464	6	1747
80.3747177	6	1748
78.8700580	6	1749
82.0546150	6	1750
80.8541774	6	1751
78.3107280	6	1752
79.9038410	6	1753
229.013919	16	1754
228.148460	16	1755
229.395866	16	1756
228.894472	16	1757
228.853225	16	1758
228.459119	16	1759
228.163003	16	1760
230.371475	16	1761
86.6122245	6	1770
229.042530	16	1762
86.2126350	6	1771
228.384017	16	1763
86.0142707	6	1772
229.123830	16	1764
88.2310867	6	1773
228.989362	16	1765
85.7923030	6	1774
228.885173	16	1766
85.3731632	6	1775
230.062246	16	1767
81.3906192	6	1776
228.062391	16	1768
84.1984748	6	1777
229.774713	16	1769
79.0684223	6	1778
84.7024917	6	1779
84.0735435	6	1780
83.0261707	6	1781
81.5737247	6	1782
85.4411125	6	1783
83.6560726	6	1784
80.1866054	6	1785
83.7848186	6	1786
82.6995372	6	1787
87.5089168	6	1788
80.7342529	6	1789
228.716135	16	1790
229.638338	16	1791
229.479789	16	1792
229.433298	16	1793
229.180097	16	1794
230.237007	16	1795
230.452060	16	1796
229.466915	16	1797
231.215238	16	1798
245.961666	16	1799
228.221654	16	1800
avg:  154.00896151860556
std:  84.23636364104286
p95:  290.4880881309509
p99:  296.73214197158813
com:  56.48661694086775
thg:  5.648661694086774
FCT:  31.865955114364624
que:  13.117558558781942
los:  0.0
1035 765
**********************
