[ 92  96 100 107 107  86 106 112  92 103 109 101 108  96 103  96 101  96
  94 100 105 100  90  96  96 106 123  82  92 116  93 106 107  88  94 108
 100 111 115  85 117 120  97  94  85  95  80 111 101 111  98  93 109 101
 100 114 109  94  97  88  99  90  98  77 120  89 105 106 118 100  85 111
 113 102 106  86  94  91  88 104  97 105 101 103  96  92  88  90  89 104
 103  90 103  99  89 111  81 111  90 110  96 111 102 117 104 112  91 106
 113 113  97 107 106  87 106  91  98 103  89  91  91  96 114  84 110  93
  85  94 100  91  96 103  80 104 114  92  85 113  81 118  72  95  98 103
 105  83  94  90 104  97  98 100 118  89 100  97  91  96 110 108 128 101
  97 107  98 111 101  74  92 106 127 117  97 103  96 103 107 108 101  91
 118 103 113 111  96 109 118 103 119  99  97  84 107  81  91 107  94 111
  95  93  96 104  94  99 107 103 120  77 110 118  97 103  95  94  78  81
 106 100 110 102  95 104 106 107  82 100  84  99  90  94  96  91  93  85
  97  94 105  97  95 100 103 101 104 101 103 104 117  96  96  90 106  92
 110 101 102 113  89  97 102 120 100  98  84  99  99 108 100 112 106  97
  92 112  97 104 100 116  95 119  99 106 107 102  95 102  86  95 103 102
 111 100 101  97  95  97  89  97  98  94  97 106]
The transmit rate is 10.0
207.827806	6	1
209.618806	6	2
176.858425	6	4
316.764354	6	3
195.428848	6	14
190.957069	6	15
1273.28658	16	5
195.279598	6	16
231.936216	6	17
245.471715	6	18
1288.33365	16	8
1525.11262	16	6
1459.22994	16	7
1271.14915	16	9
267.378807	6	19
223.648309	6	20
1192.42572	16	11
1409.96813	16	10
1213.60611	16	12
309.002399	6	21
231.130838	6	22
1242.75398	16	13
272.782802	6	23
225.784540	6	24
236.044406	6	25
202.584981	6	39
1508.60166	16	27
208.903789	6	40
1679.30459	16	26
247.480630	6	41
224.812030	6	42
217.362165	6	43
209.481716	6	44
1814.60785	16	29
1907.40561	16	28
202.857017	6	46
370.376586	6	45
1934.32092	16	30
1845.48592	16	31
321.579456	6	47
1570.47438	16	35
1508.72087	16	36
195.979595	6	49
1818.81809	16	33
336.720466	6	48
1999.47142	16	32
1477.43535	16	38
1897.06492	16	34
1603.87945	16	37
329.239368	6	50
270.667552	6	51
276.364088	6	52
201.960802	6	67
1615.04769	16	53
199.640512	6	68
236.341238	6	69
241.205692	6	70
214.596033	6	71
1733.94346	16	56
2016.07155	16	54
235.259771	6	72
213.029623	6	73
2051.96237	16	55
1764.47081	16	58
258.166313	6	74
212.215900	6	75
2038.22422	16	57
260.790586	6	76
231.429338	6	77
2103.22546	16	59
1673.48194	16	64
246.583223	6	78
2067.21305	16	60
1496.70243	16	66
2012.45737	16	61
260.756492	6	79
1986.29641	16	62
1925.67133	16	63
1743.70336	16	65
245.513439	6	80
224.601507	6	81
242.555856	6	82
213.029623	6	83
198.237180	6	98
201.580524	6	99
1608.33716	16	85
198.016643	6	100
240.999937	6	101
1957.65137	16	84
195.166826	6	102
248.129367	6	103
212.612152	6	104
2052.66070	16	86
219.770193	6	105
194.014310	6	106
1777.30774	16	91
2188.20023	16	87
2137.94016	16	88
218.458890	6	107
2153.20444	16	89
233.371496	6	108
2137.19153	16	90
204.356908	6	109
1575.32930	16	96
1509.06658	16	97
1926.16605	16	93
2056.18071	16	92
183.349847	6	110
1918.33424	16	94
1874.15027	16	95
228.163719	6	111
228.152513	6	112
205.560684	6	113
1259.83977	16	114
197.102546	6	128
210.830688	6	129
236.338853	6	130
197.106361	6	131
228.153944	6	132
227.784872	6	133
2013.45920	16	115
252.995967	6	134
204.941511	6	135
1780.04217	16	119
2130.69081	16	116
227.859973	6	136
1804.79717	16	120
250.202417	6	137
2120.70322	16	118
2257.56621	16	117
213.818311	6	138
1580.44767	16	125
259.880304	6	139
220.994234	6	140
2109.37094	16	121
1616.73736	16	126
2064.51940	16	122
221.980094	6	141
1988.57474	16	123
1640.38014	16	127
1941.10965	16	124
304.167747	6	142
255.796670	6	143
230.397701	6	144
198.468208	6	158
196.902036	6	159
230.641841	6	160
217.478513	6	161
1915.40694	16	145
1651.90386	16	148
219.928503	6	162
202.812433	6	163
1954.72478	16	146
190.133810	6	164
2025.70939	16	147
204.869270	6	165
216.348648	6	166
2012.07113	16	149
1609.74454	16	153
1946.60568	16	150
1861.14692	16	151
1543.18380	16	155
224.496364	6	168
323.285818	6	167
1930.65500	16	152
258.570194	6	169
1833.54210	16	154
1689.20898	16	156
268.309831	6	170
1659.55877	16	157
209.310054	6	171
1248.20113	16	172
201.064109	6	184
1371.90222	16	173
189.616203	6	185
236.139297	6	186
216.744899	6	187
230.460166	6	188
190.463304	6	189
1832.65733	16	174
1469.24638	16	178
209.625959	6	190
1842.65685	16	175
1797.65152	16	176
207.913637	6	191
1771.65031	16	177
257.812261	6	192
1232.77568	16	183
200.723648	6	193
1717.20647	16	179
1694.66543	16	180
245.032310	6	194
1626.96671	16	181
1536.59772	16	182
260.209083	6	195
225.930929	6	196
243.779420	6	197
1208.22620	16	198
193.392038	6	212
207.558393	6	213
271.924972	6	214
216.194391	6	215
263.799190	6	216
1964.37668	16	199
244.952201	6	217
2008.21352	16	200
265.892028	6	218
2016.20936	16	201
237.869024	6	219
263.038635	6	220
2096.92454	16	202
234.225273	6	221
2076.86042	16	203
1930.98902	16	205
2046.90313	16	204
310.196876	6	222
1447.74556	16	211
1987.08772	16	206
1881.15787	16	207
209.666252	6	224
1738.57331	16	209
336.117029	6	223
1872.78938	16	208
1712.26239	16	210
288.673162	6	225
287.135601	6	226
227.655649	6	227
196.594953	6	241
208.662748	6	242
226.571798	6	243
199.803829	6	244
223.423957	6	245
1888.29970	16	228
1660.12525	16	231
208.646297	6	246
1966.77207	16	229
247.963190	6	247
1950.38390	16	230
1689.48960	16	233
216.767311	6	248
217.510700	6	249
1940.22822	16	232
246.737003	6	250
1436.18679	16	239
208.796262	6	251
1988.42096	16	234
1949.02777	16	235
1910.77470	16	236
312.173604	6	252
1851.35602	16	237
223.488092	6	253
1792.23632	16	238
200.978040	6	254
1661.54003	16	240
221.510171	6	255
194.780826	6	269
195.575714	6	270
250.498533	6	271
234.481811	6	272
1873.31676	16	256
210.811138	6	273
1763.00334	16	258
1920.40276	16	257
1651.43513	16	260
270.161867	6	274
1829.94508	16	259
236.937999	6	275
262.884855	6	276
236.581087	6	277
1867.36893	16	262
224.236249	6	278
1992.58446	16	261
1623.86465	16	265
207.047462	6	279
1593.07646	16	266
1906.56232	16	263
1861.04273	16	264
1520.59960	16	268
273.076772	6	280
1675.83084	16	267
215.460062	6	281
247.376918	6	282
216.653108	6	283
1265.10405	16	284
199.739933	6	295
1521.08454	16	285
1427.34885	16	286
204.976081	6	296
1445.97554	16	288
199.361562	6	298
309.425115	6	297
1650.21443	16	287
220.944643	6	299
1340.77596	16	291
221.518278	6	300
1389.07480	16	292
1742.49982	16	289
1687.05177	16	290
1383.40353	16	293
1065.45042	16	294
avg:  941.538393497467
std:  779.2094368257423
p95:  2051.9972920417786
p99:  2138.0928111076355
com:  9.667234750327992
thg:  30.065100073520053
que:  350.0036994616191
los:  0.0
160 140
**********************
