[496 441 518 519 548 502 489 538 513 512 467 483 525 498 517 524 497 499
 509 487 480 474 472 572 478 478 521 482 471 522 501 491 518 480 519 512
 537 468 497 530 451 522 513 528 495 517 452 498 509 488 546 524 484 555
 501 516 534 490 517 456]
The transmit rate is 2.0
198.090791	6	1
826.292753	16	2
838.716506	16	3
195.040702	6	5
830.675363	16	4
831.038475	16	6
190.152168	6	8
835.570335	16	7
831.730842	16	9
835.820198	16	10
194.499254	6	12
832.252979	16	11
826.190471	16	13
840.485334	16	14
196.044445	6	16
831.943511	16	15
826.964139	16	17
193.758964	6	19
832.810640	16	18
825.051546	16	20
195.776939	6	22
836.631536	16	21
827.584743	16	23
195.525169	6	25
831.571817	16	24
827.116250	16	26
838.267564	16	27
190.812349	6	29
832.180023	16	28
194.178581	6	30
828.405857	16	31
835.800886	16	32
195.087909	6	34
834.732770	16	33
190.897703	6	35
828.484773	16	36
188.130140	6	38
830.394268	16	37
883.054733	16	39
1002.15291	16	40
195.881843	6	42
956.428527	16	41
823.716402	16	43
830.831050	16	44
190.342664	6	46
834.689140	16	45
821.503400	16	47
196.891546	6	49
834.276676	16	48
828.998804	16	50
195.871114	6	52
827.420473	16	51
820.337772	16	53
834.560871	16	54
187.821626	6	56
831.575870	16	55
823.086261	16	57
194.495201	6	59
832.401514	16	58
186.201810	6	60
avg:  624.1208155949911
std:  305.9060175095304
p95:  842.6138043403624
p99:  975.175528526306
com:  1.9699465125174436
thg:  6.12653365392925
que:  15.161697069803873
los:  0.0
20 40
**********************
