[55 67 49 67 55 66 74 57 53 52 57 81 62 64 61 61 63 61 70 60 45 71 59 56
 63 62 69 58 58 59 51 63 48 74 66 69 60 72 53 66 73 61 74 57 62 63 78 73
 69 66 74 52 51 67 61 51 71 57 60 64 76 61 75 59 58 63 68 75 67 59 63 68
 57 56 67 60 53 64 74 66 64 53 82 73 51 55 72 62 58 58 47 79 61 58 69 62
 63 63 63 55 59 64 60 60 61 60 74 66 59 68 52 51 63 76 53 66 67 66 65 49
 60 59 75 65 58 70 67 72 53 43 67 51 58 71 49 54 71 65 68 62 72 57 58 60
 46 64 61 67 71 77 67 69 59 52 61 59 60 54 57 61 70 54 65 60 65 82 59 59
 60 56 62 67 54 68 63 69 63 65 55 61 61 66 72 61 75 68 58 70 65 67 84 66
 61 59 44 77 64 60 63 65 79 71 61 76 71 72 56 78 65 61 61 68 54 58 52 58
 56 57 56 71 73 70 60 81 71 60 64 69 63 59 55 55 69 63 76 63 54 52 55 76
 75 61 54 56 69 65 57 67 59 59 64 46 56 55 62 76 51 62 65 80 63 63 57 58
 64 66 44 52 55 68 61 76 58 56 59 67 59 68 63 53 61 56 65 69 59 55 56 86
 75 60 52 56 47 63 67 51 64 74 58 67 53 58 70 62 67 61 51 60 66 63 67 69
 75 68 69 62 64 62 63 62 57 57 61 57 63 56 73 55 62 55 72 68 74 73 53 76
 63 66 57 65 58 58 58 64 65 62 74 73 61 66 62 60 53 57 51 79 68 54 51 51
 62 59 58 73 57 53 51 64 69 68 73 78 67 54 57 62 71 60 72 76 61 72 79 47
 64 54 66 69 64 65 65 58 60 75 66 69 60 68 77 70 80 68 58 73 63 63 62 64
 78 59 69 55 59 65 61 69 64 67 69 59 65 72 61 58 55 63 73 56 45 61 64 62
 56 68 56 65 46 77 53 57 49 57 50 75 61 76 61 76 59 66 66 72 55 57 56 56
 60 69 57 71 61 44 67 52 60 75 61 56 74 49 66 52 71 62 61 76 75 67 59 67]
The transmit rate is 16.0
213.126659	6	1
241.385698	6	2
250.489711	6	3
232.113361	6	4
303.162097	6	5
236.931562	6	8
241.742134	6	10
294.635295	6	9
341.795682	6	11
323.318958	6	13
424.993038	6	12
255.472660	6	16
350.921154	6	15
457.630634	6	14
1085.66856	16	6
1088.30618	16	7
322.818756	6	20
401.393413	6	19
324.228763	6	21
408.570766	6	22
373.816967	6	23
377.265214	6	24
897.474527	16	17
895.922183	16	18
412.394285	6	26
502.633094	6	25
402.623653	6	27
353.114843	6	30
408.814668	6	31
356.791257	6	32
296.444416	6	35
413.403749	6	34
353.301763	6	36
879.778146	16	28
606.641769	6	33
335.983753	6	38
931.336641	16	29
453.306913	6	37
417.125940	6	41
450.607538	6	42
378.226280	6	43
345.309734	6	44
344.669580	6	45
335.982084	6	46
894.869327	16	39
845.988512	16	40
397.532701	6	47
338.698387	6	48
364.560365	6	49
295.002698	6	52
271.624803	6	54
347.673892	6	53
349.759340	6	55
348.774671	6	57
295.741796	6	58
439.138889	6	56
369.889974	6	59
347.371101	6	60
1087.96143	16	50
208.226680	6	64
1084.41233	16	51
379.395008	6	63
238.181114	6	66
333.639860	6	65
373.631715	6	67
340.127468	6	69
424.932956	6	68
333.910703	6	70
370.350837	6	71
1125.44298	16	61
1120.94688	16	62
291.729688	6	75
371.929168	6	74
363.710165	6	76
349.426984	6	77
386.060476	6	78
411.504745	6	79
347.095012	6	80
410.486698	6	81
299.440383	6	85
1138.34285	16	72
521.394014	6	82
1132.55333	16	73
305.597305	6	86
378.196954	6	87
327.562093	6	89
295.065164	6	90
530.970811	6	88
364.131212	6	91
868.021249	16	83
869.047641	16	84
380.050659	6	92
408.281564	6	93
319.122791	6	97
420.440435	6	96
419.268369	6	98
353.345870	6	100
414.708852	6	99
359.398365	6	101
858.743429	16	94
327.965736	6	103
407.116413	6	102
856.772899	16	95
443.195104	6	104
338.043928	6	107
265.298366	6	109
418.671607	6	108
360.174417	6	110
332.750797	6	112
432.882547	6	111
852.415561	16	105
850.101709	16	106
438.886404	6	113
385.342836	6	115
467.323541	6	114
330.924987	6	118
289.053678	6	121
404.121637	6	119
454.316139	6	120
316.990613	6	123
852.039575	16	116
491.578817	6	122
420.033216	6	124
871.582031	16	117
317.268133	6	126
483.993291	6	125
292.654037	6	129
299.000740	6	131
393.798112	6	130
353.058576	6	132
346.916437	6	134
360.506534	6	135
848.734855	16	127
529.406547	6	133
293.990135	6	137
874.280214	16	128
448.379516	6	136
408.239364	6	140
346.861362	6	141
383.990764	6	142
360.753536	6	143
394.771337	6	145
452.476501	6	144
851.284027	16	138
367.541074	6	146
902.119874	16	139
420.718908	6	147
354.453802	6	148
289.384365	6	152
367.044687	6	151
393.004417	6	153
381.168365	6	154
404.532432	6	155
348.042011	6	157
437.573909	6	156
901.587486	16	149
854.895591	16	150
370.136022	6	159
443.070650	6	158
349.717855	6	162
377.080440	6	163
271.667718	6	166
463.886260	6	164
451.086997	6	165
358.524799	6	167
852.718114	16	160
211.893081	6	170
856.642961	16	161
461.156845	6	168
426.967382	6	169
301.338672	6	173
234.363794	6	174
471.281051	6	175
439.807176	6	176
369.927167	6	178
470.877408	6	177
877.358675	16	171
397.900819	6	179
853.586912	16	172
378.569841	6	181
466.713905	6	180
377.605915	6	184
416.235446	6	185
369.506835	6	187
436.925649	6	186
321.419239	6	189
447.168827	6	188
875.645875	16	182
851.265668	16	183
411.706447	6	190
284.387826	6	192
393.640756	6	191
306.657075	6	195
346.192836	6	196
361.449003	6	197
322.165489	6	198
318.524837	6	199
355.226516	6	200
848.121166	16	193
357.554435	6	201
316.325902	6	202
851.313591	16	194
356.483459	6	203
240.445613	6	207
300.806760	6	206
271.945953	6	208
262.893438	6	209
312.131166	6	211
280.360221	6	212
848.958492	16	204
478.631496	6	210
853.525638	16	205
332.858562	6	213
353.470087	6	214
303.999185	6	218
415.340662	6	217
313.348770	6	219
312.343120	6	221
386.814832	6	220
336.892843	6	223
853.635549	16	215
417.186975	6	222
848.481655	16	216
341.287851	6	224
364.366531	6	225
217.584609	6	228
312.523841	6	229
326.187133	6	230
277.749776	6	232
443.773031	6	231
352.292776	6	233
379.411935	6	234
307.826042	6	235
360.220432	6	236
235.179424	6	239
1098.96135	16	226
1099.37524	16	227
335.504293	6	240
274.970531	6	242
379.898309	6	241
348.780870	6	243
333.910703	6	244
307.025671	6	246
384.993314	6	245
896.034002	16	237
896.185159	16	238
333.997011	6	247
359.881877	6	250
376.480817	6	251
393.577814	6	252
416.619777	6	253
416.652441	6	254
353.430509	6	255
259.867906	6	258
876.698493	16	248
435.691356	6	256
412.994146	6	257
930.253505	16	249
336.119174	6	261
259.376049	6	263
367.113828	6	262
322.741270	6	265
435.449600	6	264
343.513488	6	267
327.207803	6	268
904.012203	16	259
853.335142	16	260
337.877511	6	269
577.799320	6	266
297.271251	6	272
296.233177	6	273
354.571104	6	275
469.054222	6	274
413.281679	6	276
354.037523	6	277
343.450307	6	278
287.271738	6	280
412.405967	6	279
1102.46872	16	270
294.568538	6	283
1100.40712	16	271
336.672544	6	284
274.744033	6	286
450.984239	6	285
351.059913	6	288
440.248727	6	287
300.462007	6	290
395.337820	6	289
377.120971	6	291
1131.81829	16	281
338.453769	6	294
277.429103	6	295
1126.31535	16	282
355.834245	6	296
299.743413	6	297
334.289073	6	299
324.376821	6	300
258.129119	6	302
380.576848	6	301
601.789236	6	298
1147.74584	16	292
1140.10787	16	293
396.203041	6	305
283.553838	6	308
388.777256	6	307
490.522623	6	306
295.099735	6	310
441.993236	6	309
865.225315	16	303
406.693220	6	311
866.896629	16	304
304.927349	6	313
442.587375	6	312
292.285442	6	316
306.248903	6	317
338.710069	6	318
281.854152	6	319
355.183601	6	320
394.403457	6	321
855.102539	16	314
377.134084	6	322
854.386329	16	315
348.405599	6	324
498.923778	6	323
310.614585	6	327
302.814722	6	328
340.622186	6	329
405.900955	6	330
423.926353	6	331
402.981281	6	332
851.202011	16	325
299.632310	6	334
381.961345	6	333
851.968765	16	326
360.158681	6	335
256.728410	6	338
255.858898	6	339
288.289546	6	340
377.811431	6	341
352.970600	6	342
297.110795	6	344
843.946695	16	336
416.880130	6	343
865.283727	16	337
367.894411	6	345
437.944412	6	346
291.051149	6	349
289.436340	6	351
361.474514	6	350
365.236997	6	352
287.924051	6	354
402.903318	6	353
847.916603	16	347
386.657714	6	355
869.621038	16	348
364.634990	6	357
437.973976	6	356
257.714748	6	360
255.323886	6	361
433.377981	6	362
394.905805	6	364
339.663982	6	365
521.877765	6	363
363.075256	6	366
370.849370	6	367
473.531246	6	368
1117.77997	16	358
256.316423	6	372
1118.90530	16	359
422.770023	6	371
361.658096	6	373
328.183412	6	374
385.422945	6	375
292.904853	6	377
399.111270	6	376
871.285915	16	369
320.081710	6	378
865.286350	16	370
386.654615	6	379
259.204149	6	382
287.126779	6	383
275.851011	6	385
355.223417	6	384
252.862691	6	387
447.254419	6	386
847.955226	16	380
298.285961	6	389
365.239858	6	388
848.319053	16	381
323.558807	6	390
356.155157	6	393
314.811706	6	394
291.583299	6	395
295.949697	6	396
334.962606	6	397
298.655986	6	399
860.348939	16	391
401.591300	6	398
847.002744	16	392
369.647264	6	400
296.796560	6	401
309.591054	6	404
294.487953	6	405
277.866840	6	406
271.507024	6	407
243.977546	6	408
328.585147	6	410
262.136936	6	411
861.276388	16	402
406.341552	6	409
847.266435	16	403
338.233470	6	412
266.744136	6	415
233.049392	6	416
301.496028	6	417
267.815589	6	419
366.234779	6	418
262.279748	6	421
389.770269	6	420
852.563381	16	413
852.640390	16	414
325.541496	6	422
324.804306	6	423
406.064033	6	426
368.428707	6	427
340.400695	6	428
333.537578	6	429
380.106449	6	430
297.451496	6	433
852.794647	16	424
263.432741	6	434
858.864307	16	425
435.165166	6	432
516.427516	6	431
384.731769	6	437
379.562854	6	438
327.692270	6	441
438.263416	6	439
449.267148	6	440
855.910301	16	435
398.964166	6	443
852.243661	16	436
533.243417	6	442
394.697904	6	445
580.520868	6	444
310.442447	6	448
337.851524	6	451
485.051155	6	449
459.480762	6	450
404.460430	6	452
388.900279	6	454
451.600313	6	453
403.504133	6	455
1108.18505	16	446
1104.64620	16	447
544.111251	6	456
435.632228	6	459
431.303024	6	461
494.215726	6	460
459.710121	6	462
442.064285	6	463
263.076066	6	467
894.185781	16	457
423.137903	6	465
893.608570	16	458
416.562318	6	466
583.249807	6	464
366.869688	6	471
479.739904	6	470
431.084632	6	472
376.052141	6	473
388.156175	6	474
386.423349	6	475
877.775907	16	468
290.935277	6	477
305.284023	6	478
475.407361	6	476
923.564910	16	469
885.519981	16	479
840.751171	16	480
avg:  465.491679807504
std:  230.29241456226617
p95:  902.21449136734
p99:  1127.4709725379944
com:  15.250407591521284
thg:  47.428767609631194
que:  141.3021758198738
los:  0.0
392 88
**********************
