[515 474 545 501 504 507 480 492 511 496 492 504 474 535 501 489 517 466
 555 523 477 498 461 509 503 524 492 481 514 472 526 540 526 501 494 543
 500 478 507 543 484 499 481 482 487 476 514 494 514 494 462 481 537 499
 492 507 493 498 465 513]
The transmit rate is 2.0
197.989463	6	1
182.673931	6	2
820.120573	16	3
189.260244	6	5
830.229043	16	4
189.358234	6	6
190.542459	6	7
189.927816	6	8
191.555261	6	9
189.293861	6	10
188.131332	6	11
185.423612	6	12
187.011003	6	13
825.296163	16	14
190.785884	6	16
830.570459	16	15
184.453010	6	17
184.186697	6	18
184.625864	6	19
186.297416	6	20
186.301708	6	21
184.052467	6	22
185.322046	6	23
188.225030	6	24
820.615291	16	25
194.484233	6	27
826.647043	16	26
184.128761	6	28
183.699846	6	29
186.754226	6	30
185.377836	6	31
185.109853	6	32
195.425271	6	33
187.021732	6	34
185.935974	6	35
822.312593	16	36
194.196462	6	38
830.695867	16	37
191.070795	6	39
194.606542	6	40
184.654474	6	41
186.469793	6	42
183.752536	6	43
188.306331	6	44
189.378976	6	45
183.624744	6	46
823.568582	16	47
194.736957	6	49
829.115152	16	48
183.735609	6	50
188.651084	6	51
187.389373	6	52
185.022830	6	53
185.546398	6	54
187.239646	6	55
186.757087	6	56
187.354087	6	57
826.807975	16	58
189.418792	6	60
829.140901	16	59
avg:  315.5064543088277
std:  255.40226996870305
p95:  829.1953086853027
p99:  830.6218767166138
com:  1.9685956191267917
thg:  6.122332375484322
que:  5.343194802602132
los:  0.0
48 12
**********************
