[34 19 25 ... 23 26 26]
89.6253585	6	1
87.0831012	6	2
160.097837	6	3
160.763025	6	4
62.3197555	6	9
183.281898	6	5
196.797847	6	6
95.6454277	6	11
198.450326	6	7
150.119066	6	10
208.555459	6	8
148.262023	6	12
193.372964	6	13
200.547218	6	14
180.628299	6	16
162.696123	6	18
260.919094	6	15
212.366342	6	17
204.060077	6	19
113.831043	6	24
163.410663	6	22
208.685398	6	20
206.877231	6	21
124.026536	6	25
122.708320	6	26
203.660726	6	23
187.930345	6	27
196.243286	6	28
161.861896	6	30
201.163530	6	29
165.120601	6	31
147.873878	6	32
178.810834	6	33
155.522108	6	35
168.695449	6	36
117.643594	6	38
149.482250	6	37
114.415407	6	39
102.274894	6	40
264.254570	6	34
72.5913047	6	43
120.031833	6	41
115.775108	6	42
97.8174209	6	45
121.778249	6	44
72.0114707	6	46
104.245662	6	48
80.6908607	6	50
161.458492	6	47
84.4428539	6	51
141.638040	6	49
75.7660865	6	53
117.938995	6	52
95.0481891	6	54
93.5740470	6	57
95.8344936	6	58
202.702760	6	55
114.155530	6	59
147.093057	6	60
249.711990	6	56
118.105649	6	62
146.993398	6	61
118.438720	6	63
125.165224	6	64
99.1225242	6	65
107.660531	6	67
186.378479	6	66
155.761480	6	69
139.064073	6	70
137.717247	6	71
251.174449	6	68
162.430047	6	72
127.109766	6	75
94.5949554	6	77
188.381195	6	73
127.148151	6	76
91.7408466	6	78
202.322244	6	74
143.610239	6	79
142.104387	6	80
155.186176	6	81
181.456089	6	82
156.373500	6	84
184.815406	6	83
155.460119	6	85
150.379180	6	87
82.1578502	6	92
106.544256	6	91
188.039064	6	88
253.737688	6	86
91.3343429	6	93
258.126497	6	89
105.100393	6	96
256.781339	6	90
112.834215	6	97
186.010837	6	94
174.655199	6	95
119.849205	6	98
115.364074	6	99
76.7173767	6	101
104.602575	6	100
93.2872295	6	102
58.4788322	6	104
144.993305	6	103
123.120546	6	105
95.7999229	6	107
126.952409	6	106
101.418495	6	109
127.754926	6	111
124.704122	6	112
123.042106	6	113
210.791349	6	110
52.2959232	6	117
124.867439	6	114
268.722772	6	108
150.602340	6	115
81.0751914	6	118
130.429267	6	116
143.869400	6	120
188.025236	6	119
120.604276	6	122
122.542858	6	123
101.686477	6	124
185.592651	6	121
88.9003276	6	125
81.6750526	6	126
106.841802	6	128
92.2732353	6	129
94.8359966	6	130
185.447692	6	127
138.163805	6	132
206.578493	6	133
115.044832	6	137
263.862133	6	131
187.705278	6	134
152.353286	6	136
135.186433	6	138
127.941131	6	139
135.302305	6	140
251.769065	6	135
117.440938	6	143
98.3259677	6	144
95.3567028	6	145
128.853559	6	146
251.631736	6	141
132.215023	6	147
253.098726	6	142
160.897254	6	150
217.301368	6	148
228.130340	6	149
185.036659	6	151
147.541999	6	153
202.308893	6	152
90.0444984	6	158
118.187665	6	157
208.157539	6	154
219.554901	6	155
132.067203	6	159
127.578020	6	162
285.457611	6	156
214.839220	6	161
121.886491	6	165
278.590202	6	160
239.268064	6	163
179.034709	6	166
137.512683	6	170
285.212039	6	164
219.354152	6	167
213.694334	6	168
151.890754	6	171
221.494436	6	169
50.8279800	6	177
98.3383655	6	175
177.660465	6	172
89.7250175	6	176
136.117696	6	174
183.860778	6	173
47.2996234	6	179
94.1708087	6	178
155.450344	6	180
118.477582	6	182
141.479253	6	181
71.9242095	6	185
145.774602	6	183
153.681755	6	184
76.7116546	6	188
113.565683	6	187
137.888431	6	186
137.966156	6	189
95.5321788	6	192
141.073942	6	193
105.719327	6	196
257.576704	6	190
256.138324	6	191
219.425201	6	194
217.008590	6	195
139.396429	6	200
217.650175	6	199
109.968662	6	204
89.6573066	6	205
277.809858	6	197
190.321445	6	201
277.863264	6	198
189.435005	6	202
183.827161	6	203
166.285753	6	206
149.367570	6	207
124.810934	6	212
193.316221	6	211
123.909235	6	214
305.763959	6	208
145.700216	6	215
301.445007	6	209
97.0368385	6	218
152.016639	6	216
227.085828	6	213
91.6574001	6	219
310.142278	6	210
141.296386	6	221
137.728929	6	222
202.343463	6	220
144.550561	6	223
120.542764	6	224
304.173231	6	217
132.140874	6	226
161.067485	6	225
103.755474	6	229
116.539239	6	230
200.607299	6	227
178.160667	6	228
115.049123	6	231
101.742982	6	232
105.125188	6	233
115.500450	6	235
147.813081	6	234
116.611242	6	236
144.882440	6	237
135.074138	6	238
130.597829	6	240
179.456233	6	239
109.484195	6	242
169.361829	6	241
149.779796	6	244
176.320314	6	245
231.312274	6	243
154.266357	6	248
244.874477	6	246
200.730085	6	249
247.577190	6	247
188.574552	6	250
126.332283	6	253
180.476427	6	251
194.350481	6	252
152.388811	6	254
123.824834	6	257
153.801679	6	256
196.047067	6	255
119.601011	6	260
172.815322	6	258
173.917531	6	259
142.541170	6	261
143.050432	6	262
153.221130	6	263
119.637489	6	265
149.651050	6	264
145.049095	6	268
215.731620	6	266
95.2703952	6	271
152.899503	6	269
238.662719	6	267
73.4548568	6	274
183.929204	6	270
136.954069	6	272
89.5364284	6	277
151.843547	6	276
112.588167	6	278
186.627149	6	275
117.895603	6	279
117.311000	6	280
295.821428	6	273
159.843206	6	281
129.141330	6	284
178.560256	6	283
144.399166	6	285
134.303808	6	286
230.410575	6	282
120.401382	6	288
168.680667	6	287
113.257646	6	290
99.1430282	6	291
87.2204303	6	294
82.8533172	6	295
162.853002	6	292
248.062133	6	289
162.149906	6	293
99.6816158	6	297
177.981138	6	296
197.419404	6	298
131.635427	6	301
157.591581	6	300
257.343530	6	299
190.680265	6	302
165.101528	6	306
103.453159	6	309
270.212650	6	303
256.570339	6	304
241.687059	6	305
135.791540	6	310
218.590974	6	307
107.210636	6	313
176.807880	6	311
248.505830	6	308
170.312404	6	312
139.535188	6	314
148.506879	6	317
111.900091	6	319
158.856153	6	318
141.869306	6	320
267.376661	6	315
135.298490	6	321
270.919322	6	316
139.508485	6	322
184.923171	6	323
187.345027	6	324
235.067605	6	325
220.300912	6	326
221.561431	6	327
174.438953	6	329
140.842437	6	331
181.681394	6	330
238.443136	6	328
143.800973	6	333
97.5499153	6	336
199.014902	6	332
139.774322	6	339
243.767261	6	335
134.440898	6	340
121.625900	6	341
297.819614	6	334
120.410442	6	342
223.513126	6	338
130.696058	6	345
183.973312	6	343
121.749401	6	346
171.996593	6	344
342.492103	6	337
154.520988	6	347
116.265058	6	349
151.216983	6	348
120.245933	6	350
131.420135	6	351
180.576562	6	352
198.375701	6	353
175.323247	6	355
206.104040	6	354
183.071136	6	356
228.222846	6	357
199.832439	6	358
175.418615	6	360
173.751831	6	361
155.969858	6	362
237.207174	6	359
135.104656	6	364
191.256999	6	363
186.226844	6	365
106.499433	6	369
95.5326557	6	370
177.688837	6	367
104.783773	6	371
180.580854	6	368
230.878114	6	366
134.592533	6	372
127.096176	6	373
121.224641	6	374
114.149332	6	375
133.321046	6	379
210.866928	6	376
208.552837	6	377
196.637392	6	378
94.6288108	6	385
268.466949	6	380
175.264835	6	384
225.127696	6	382
270.748853	6	381
233.509540	6	383
98.6618995	6	389
172.796249	6	387
206.502437	6	386
112.140655	6	390
111.003637	6	391
243.518114	6	388
62.4227523	6	396
159.142971	6	392
148.030281	6	393
125.075817	6	394
65.2270317	6	397
143.896341	6	395
79.6935558	6	399
104.364871	6	398
85.1411819	6	401
117.048501	6	400
122.725963	6	402
114.735841	6	403
140.095710	6	404
127.948045	6	406
155.389547	6	405
165.422916	6	407
167.645931	6	408
164.637327	6	409
123.145341	6	411
108.412027	6	412
217.198610	6	410
151.720046	6	415
213.718891	6	413
203.860998	6	414
171.764850	6	416
168.180227	6	417
162.296772	6	418
124.998569	6	421
152.834415	6	420
189.773082	6	419
123.233795	6	422
114.608764	6	423
133.021116	6	424
134.745597	6	425
83.9805603	6	427
108.449935	6	426
97.6212024	6	428
89.5719528	6	430
130.929231	6	429
85.1383209	6	431
121.418237	6	432
133.263111	6	433
71.3598728	6	437
137.026309	6	436
236.512660	6	434
143.393278	6	438
108.412981	6	440
260.995864	6	435
93.7073230	6	442
95.4821109	6	444
93.7454700	6	445
248.445510	6	439
180.425405	6	443
107.531309	6	446
143.097877	6	447
298.001050	6	441
209.742069	6	449
224.236011	6	450
231.263875	6	451
188.122987	6	453
216.028690	6	452
130.709648	6	457
108.346939	6	458
353.715658	6	448
174.851894	6	456
226.692676	6	454
212.123155	6	455
147.270202	6	459
108.156919	6	461
80.5816650	6	463
156.565427	6	460
128.197669	6	462
90.6856060	6	464
101.395130	6	465
131.354808	6	467
109.397888	6	468
156.160354	6	466
130.415201	6	469
108.426094	6	470
106.452703	6	472
147.124528	6	471
85.5326652	6	475
74.2232799	6	476
160.446405	6	473
89.5717144	6	477
103.454113	6	478
92.8382873	6	479
85.0286483	6	480
263.780355	6	474
106.920719	6	482
142.501831	6	481
113.131046	6	483
114.948034	6	484
96.7185497	6	485
82.2014808	6	486
97.7168083	6	488
160.484313	6	487
189.218282	6	489
131.536006	6	493
195.796966	6	491
224.352121	6	490
108.647108	6	495
140.956163	6	494
118.614912	6	496
114.028930	6	497
231.692790	6	492
113.280057	6	498
66.6139125	6	501
57.8379631	6	502
167.258501	6	500
221.764326	6	499
137.228488	6	504
185.318708	6	503
147.054672	6	505
153.391838	6	506
133.835554	6	507
122.797489	6	508
118.634939	6	511
201.949357	6	509
194.145441	6	510
94.6764945	6	516
213.684558	6	512
89.3023014	6	517
171.000957	6	514
216.678380	6	513
170.567750	6	515
86.5166187	6	519
144.666671	6	518
111.332178	6	520
184.079408	6	521
163.802862	6	522
115.274906	6	526
188.275098	6	523
171.627521	6	524
159.650325	6	525
137.455224	6	527
139.166355	6	528
192.460775	6	529
131.193399	6	534
118.048906	6	536
115.000724	6	537
278.545379	6	530
260.316133	6	532
122.992038	6	538
286.377191	6	531
265.345573	6	533
219.801187	6	535
140.359163	6	540
130.794525	6	541
210.589885	6	539
161.951303	6	542
152.834892	6	543
104.418277	6	546
120.613574	6	547
216.822147	6	544
204.871654	6	545
140.436649	6	548
156.137228	6	549
101.066827	6	552
153.305053	6	550
130.622386	6	551
167.193174	6	553
97.3250865	6	556
181.766033	6	554
188.432693	6	555
170.162200	6	557
171.566247	6	558
124.689102	6	562
88.8297557	6	564
166.802167	6	561
123.157978	6	563
125.011444	6	566
295.862674	6	559
122.353076	6	567
291.984319	6	560
82.9520225	6	570
127.189874	6	569
80.9230804	6	572
253.872871	6	565
98.3147621	6	573
146.252393	6	571
103.778600	6	574
281.998634	6	568
115.579366	6	576
146.187543	6	575
144.086837	6	577
98.3946323	6	579
163.768291	6	578
85.7298374	6	582
71.0403919	6	583
89.4021987	6	584
182.107925	6	581
66.3130283	6	586
210.683107	6	580
135.982513	6	585
129.851102	6	587
147.924661	6	588
132.040977	6	589
140.756845	6	590
128.286361	6	592
172.995567	6	591
169.953584	6	594
209.596633	6	593
229.170322	6	595
241.182088	6	596
237.539291	6	597
224.346637	6	598
165.025472	6	601
198.003768	6	600
226.904869	6	599
169.355869	6	602
170.153379	6	604
201.986551	6	603
152.412652	6	608
233.247280	6	605
212.441444	6	606
139.489889	6	609
139.639377	6	610
129.049539	6	611
225.687265	6	607
164.310455	6	612
161.077976	6	613
140.795469	6	615
137.374401	6	617
215.816259	6	614
132.127285	6	618
127.649068	6	619
228.088378	6	616
138.048171	6	620
116.662263	6	622
110.967159	6	623
93.6744213	6	624
243.679523	6	621
201.839447	6	625
134.335041	6	628
191.692829	6	626
185.951232	6	627
150.441884	6	629
113.484859	6	632
159.667491	6	631
143.646717	6	633
126.518726	6	634
227.237701	6	630
144.467353	6	635
202.826976	6	636
193.158388	6	637
122.462511	6	641
141.267776	6	642
237.390995	6	639
271.003484	6	638
250.141143	6	640
200.398445	6	643
126.088857	6	647
151.629209	6	646
122.417926	6	648
217.617273	6	645
261.512041	6	644
70.0690746	6	653
140.363931	6	651
78.7296295	6	654
141.828775	6	652
77.2614479	6	655
239.289760	6	649
221.908092	6	650
82.0891857	6	656
96.3683128	6	657
116.558790	6	658
164.412021	6	659
137.250185	6	662
186.200141	6	660
177.121162	6	661
129.608631	6	664
143.250942	6	665
145.630121	6	666
133.321523	6	667
240.538120	6	663
139.945983	6	669
138.016939	6	670
206.040143	6	668
85.0489139	6	673
152.780055	6	671
131.907939	6	672
102.785110	6	677
178.914308	6	674
90.4705524	6	678
116.023540	6	679
66.6382312	6	681
291.039943	6	675
293.879270	6	676
204.641580	6	680
140.296697	6	684
178.116559	6	683
213.391542	6	682
118.901491	6	688
189.594984	6	687
216.084003	6	686
178.406476	6	689
303.818464	6	685
236.979007	6	690
220.307826	6	692
174.320697	6	695
278.464317	6	691
262.619256	6	693
201.925992	6	696
256.340503	6	694
176.191568	6	698
211.574316	6	697
188.844680	6	699
140.316009	6	703
138.934850	6	705
141.435146	6	706
212.424278	6	704
260.026216	6	702
129.937410	6	708
298.769235	6	701
96.4221954	6	710
152.923822	6	709
125.988245	6	713
264.410972	6	707
445.438861	6	700
128.586769	6	714
150.352239	6	716
276.595115	6	711
146.875619	6	717
125.593423	6	718
196.568965	6	715
277.256727	6	712
99.6420383	6	720
158.050298	6	719
143.399238	6	721
130.323171	6	722
128.175020	6	723
102.879047	6	725
197.710514	6	724
109.762430	6	730
162.718296	6	729
226.986646	6	727
262.065410	6	726
160.269260	6	731
283.002853	6	728
129.671096	6	735
186.103820	6	733
144.628286	6	736
190.644502	6	734
129.048347	6	737
112.748622	6	738
286.837100	6	732
140.142917	6	740
80.7766914	6	743
179.013490	6	739
65.4575824	6	744
157.522678	6	741
69.6761608	6	745
173.916578	6	742
105.370044	6	747
129.050493	6	746
96.7600345	6	748
108.868837	6	749
96.7249870	6	750
107.338428	6	751
108.808755	6	753
111.777782	6	754
134.965419	6	755
211.636066	6	752
145.009279	6	756
150.872707	6	757
153.461217	6	759
197.128057	6	758
154.539823	6	761
189.232349	6	760
153.922319	6	762
142.637729	6	764
249.535083	6	763
207.118988	6	765
193.001985	6	766
158.350467	6	768
227.921485	6	767
112.583637	6	772
103.975057	6	773
251.061201	6	769
155.263185	6	775
274.259805	6	770
252.136230	6	771
152.190446	6	776
165.030956	6	777
236.475467	6	774
143.764495	6	779
120.248317	6	780
74.2881298	6	782
159.471988	6	781
270.910978	6	778
140.950918	6	784
167.263269	6	783
131.574153	6	785
129.862070	6	788
198.967933	6	786
138.703346	6	789
202.370882	6	787
156.235218	6	790
88.9220237	6	793
150.534152	6	791
123.071432	6	792
109.502792	6	794
121.903181	6	795
99.3175506	6	796
91.0594463	6	797
118.261098	6	798
120.398998	6	799
76.7080783	6	801
143.744707	6	802
147.706508	6	803
138.816118	6	804
256.314516	6	800
158.972501	6	805
74.2664337	6	809
104.723691	6	808
152.603387	6	806
90.4688835	6	810
164.435625	6	807
79.9345970	6	812
95.0815677	6	813
114.482164	6	814
68.5961246	6	817
244.934082	6	811
73.3416080	6	818
136.872291	6	816
205.960512	6	815
116.286277	6	819
114.831686	6	820
77.5742530	6	824
179.212093	6	821
117.114782	6	825
218.946695	6	822
98.7653732	6	827
227.295160	6	823
164.317846	6	826
144.352197	6	828
118.782520	6	829
116.257429	6	831
191.436052	6	830
107.012748	6	834
173.780679	6	832
102.661371	6	835
156.775951	6	833
75.1249790	6	838
172.829627	6	836
168.812274	6	837
166.561365	6	840
72.8290081	6	845
174.284458	6	841
260.595798	6	839
108.772754	6	846
108.130693	6	848
164.562940	6	847
57.1494102	6	852
300.058126	6	842
112.968444	6	850
287.241935	6	843
263.925790	6	844
84.2995643	6	853
134.348154	6	851
94.1834449	6	854
235.068321	6	849
94.3074226	6	856
87.9874229	6	857
170.275211	6	855
98.7987518	6	858
94.1162109	6	859
157.844066	6	860
135.430335	6	861
139.150857	6	862
131.873369	6	863
108.129739	6	865
138.510942	6	864
93.1341648	6	866
122.870922	6	867
67.2764778	6	870
116.253376	6	868
68.6101913	6	871
173.128128	6	869
122.835397	6	874
179.345369	6	873
159.190177	6	875
174.110889	6	877
298.823595	6	872
74.8541355	6	882
155.309677	6	879
232.219696	6	876
167.599439	6	880
106.353998	6	884
138.591527	6	883
231.688737	6	881
319.101333	6	878
209.621429	6	885
189.014911	6	886
189.536333	6	887
159.181833	6	889
110.113620	6	893
186.913013	6	890
168.092727	6	891
135.907649	6	894
130.080223	6	895
123.957872	6	896
315.647363	6	888
234.898805	6	892
158.495903	6	897
143.456697	6	899
184.039354	6	898
152.641773	6	900
108.657598	6	904
184.246540	6	902
186.105012	6	903
115.788221	6	906
141.175746	6	905
251.800775	6	901
100.178956	6	909
139.105558	6	908
126.930952	6	912
113.296031	6	913
278.439044	6	907
235.767602	6	910
95.7520008	6	916
215.296506	6	911
182.104110	6	915
249.845266	6	914
139.626026	6	921
139.299869	6	922
121.815681	6	923
102.571964	6	924
87.2786045	6	925
281.754970	6	917
239.985227	6	919
303.849458	6	918
137.473344	6	926
97.7025032	6	928
142.611742	6	927
349.356651	6	920
84.1195583	6	933
171.390533	6	931
169.130802	6	932
227.225542	6	930
263.331174	6	929
183.690547	6	934
143.542289	6	936
111.707210	6	939
94.9361324	6	940
269.603967	6	935
237.999200	6	938
175.720930	6	942
169.119119	6	944
343.191146	6	937
206.084251	6	943
281.269550	6	941
186.364412	6	945
96.6594219	6	949
132.047414	6	948
177.732229	6	946
183.912515	6	947
93.8363075	6	951
80.2297592	6	952
137.083768	6	953
138.730287	6	954
230.349302	6	950
154.997110	6	957
184.091806	6	956
216.218471	6	955
151.687383	6	958
129.182815	6	959
130.333423	6	960
116.669178	6	962
180.872678	6	961
141.251325	6	963
187.441587	6	964
138.211965	6	967
163.291215	6	966
205.021619	6	965
94.9163436	6	970
119.148015	6	969
142.509698	6	968
176.923513	6	971
173.336982	6	972
180.794239	6	974
277.109384	6	973
138.615369	6	978
80.9900760	6	981
217.757701	6	976
196.104049	6	977
216.413736	6	979
129.982233	6	983
122.946977	6	984
238.732337	6	980
374.209880	6	975
231.850147	6	982
187.003850	6	985
98.0732440	6	989
144.630432	6	987
136.898994	6	988
106.991291	6	992
275.234460	6	986
101.039886	6	994
182.658195	6	991
226.230859	6	990
161.368608	6	993
150.487899	6	996
59.2834949	6	1000
196.547508	6	995
98.8729000	6	999
103.455066	6	1001
203.688144	6	997
182.629346	6	998
86.1999988	6	1003
113.144874	6	1002
146.636009	6	1004
118.965148	6	1006
158.002138	6	1005
72.4861621	6	1010
79.0326595	6	1011
189.386367	6	1008
171.214818	6	1009
89.8296833	6	1014
145.497322	6	1012
263.669967	6	1007
135.495662	6	1013
106.750249	6	1016
93.9955711	6	1017
183.503150	6	1015
129.895925	6	1018
155.729293	6	1020
148.322820	6	1022
127.870082	6	1023
190.536260	6	1021
141.893863	6	1024
143.447875	6	1025
294.877529	6	1019
127.559423	6	1026
149.639844	6	1029
141.076564	6	1032
273.891925	6	1027
180.256605	6	1031
145.195722	6	1033
267.999172	6	1028
73.9519596	6	1037
66.2939548	6	1038
271.152257	6	1030
153.766393	6	1035
166.936159	6	1036
228.034019	6	1034
109.509229	6	1041
140.357971	6	1040
87.4848365	6	1045
186.005830	6	1042
260.147094	6	1039
155.063629	6	1044
123.363733	6	1046
217.260599	6	1043
135.094881	6	1048
81.7182064	6	1051
186.964273	6	1047
125.126838	6	1050
160.878181	6	1049
94.5293903	6	1052
84.4919681	6	1053
112.769603	6	1056
144.792079	6	1058
155.870914	6	1059
292.526006	6	1054
292.011737	6	1055
249.379396	6	1057
169.728040	6	1062
169.285774	6	1063
243.986606	6	1060
125.481605	6	1066
253.865718	6	1061
114.423036	6	1068
195.582628	6	1065
182.518005	6	1067
265.953779	6	1064
147.639989	6	1070
186.707735	6	1069
149.095296	6	1071
138.985872	6	1072
142.605543	6	1074
150.815010	6	1076
139.281988	6	1078
262.912273	6	1073
144.295215	6	1079
283.760547	6	1075
242.404222	6	1077
106.126070	6	1084
190.394401	6	1081
171.226978	6	1082
174.739360	6	1083
271.026611	6	1080
133.441686	6	1086
121.533393	6	1087
174.682855	6	1085
94.0902233	6	1089
120.369911	6	1090
127.893686	6	1091
118.392944	6	1094
99.6508598	6	1095
272.146463	6	1088
195.373535	6	1092
193.785905	6	1093
143.922090	6	1096
126.885652	6	1099
195.361137	6	1097
103.683710	6	1101
94.3663120	6	1103
123.916864	6	1102
91.5694236	6	1104
89.9267196	6	1107
118.721961	6	1106
271.084308	6	1100
153.340816	6	1105
350.951194	6	1098
121.281623	6	1108
99.3247032	6	1110
89.1647338	6	1111
142.360925	6	1112
155.112266	6	1113
262.861251	6	1109
63.7426376	6	1118
182.881593	6	1114
200.633049	6	1115
100.854158	6	1120
213.901281	6	1116
157.678365	6	1119
214.852809	6	1117
149.485349	6	1121
195.729255	6	1122
199.900150	6	1123
173.063755	6	1125
167.506217	6	1127
249.275922	6	1124
219.315528	6	1126
204.749584	6	1128
114.680290	6	1133
162.117004	6	1131
214.455127	6	1129
211.370468	6	1130
129.524230	6	1134
124.111413	6	1135
194.979190	6	1132
189.815759	6	1136
200.363636	6	1137
161.011219	6	1139
200.228452	6	1138
165.098190	6	1140
153.308153	6	1141
185.194969	6	1142
153.625965	6	1144
108.345746	6	1147
162.954092	6	1145
143.770933	6	1146
113.697290	6	1148
112.321376	6	1149
270.934820	6	1143
122.188091	6	1150
72.8406906	6	1152
115.541934	6	1151
121.727228	6	1153
100.322246	6	1154
77.6374340	6	1155
110.363006	6	1157
78.6936283	6	1159
162.343740	6	1156
83.8065147	6	1160
151.781797	6	1158
81.0508728	6	1162
132.416486	6	1161
92.5815105	6	1163
101.687908	6	1166
100.553274	6	1167
193.638801	6	1164
117.048025	6	1168
148.392677	6	1169
251.643896	6	1165
138.507366	6	1170
117.586851	6	1171
127.079725	6	1172
102.016448	6	1174
126.584053	6	1173
110.939741	6	1176
193.178892	6	1175
156.404733	6	1178
140.329599	6	1179
134.776115	6	1180
252.826929	6	1177
166.546583	6	1181
128.771543	6	1184
189.861059	6	1182
124.140977	6	1185
97.4726676	6	1186
88.9656543	6	1187
198.283910	6	1183
140.612602	6	1188
145.792484	6	1189
153.353214	6	1190
183.061122	6	1191
179.867982	6	1192
157.650947	6	1193
153.379678	6	1194
147.949218	6	1196
105.466604	6	1200
182.119846	6	1197
93.6582088	6	1201
75.4299163	6	1202
262.886047	6	1195
261.246681	6	1198
103.823184	6	1205
258.127927	6	1199
97.8507995	6	1206
178.514242	6	1203
168.928861	6	1204
123.350381	6	1207
114.083528	6	1208
81.5050601	6	1210
110.090494	6	1209
96.9240665	6	1211
57.3012828	6	1213
140.317678	6	1212
125.814914	6	1214
97.8047847	6	1216
124.737739	6	1215
110.753297	6	1218
131.999492	6	1220
124.807119	6	1221
255.309343	6	1217
121.715545	6	1222
209.949970	6	1219
55.3851127	6	1226
127.930164	6	1223
144.033193	6	1224
123.906135	6	1225
85.0129127	6	1227
145.977973	6	1229
185.909986	6	1228
129.203796	6	1231
124.456644	6	1232
100.791215	6	1233
178.738594	6	1230
89.9493694	6	1234
84.9077701	6	1235
109.955787	6	1237
88.0084037	6	1238
95.6506729	6	1239
184.901714	6	1236
137.713670	6	1241
114.652156	6	1246
209.850788	6	1242
188.889026	6	1243
142.666101	6	1245
273.561954	6	1240
135.342359	6	1247
127.282142	6	1248
248.038053	6	1244
131.999969	6	1249
118.912696	6	1252
101.082563	6	1253
98.4394550	6	1254
245.018720	6	1250
139.739036	6	1255
252.310514	6	1251
132.817506	6	1256
162.802696	6	1259
226.746797	6	1257
228.946924	6	1258
180.320024	6	1260
143.478870	6	1262
201.366424	6	1261
87.0227813	6	1267
117.572069	6	1266
219.817638	6	1263
218.806505	6	1264
132.608175	6	1268
129.195690	6	1271
275.613784	6	1265
209.317445	6	1270
126.073360	6	1274
285.689115	6	1269
238.914966	6	1272
178.819179	6	1275
140.765666	6	1279
284.876585	6	1273
222.544670	6	1276
214.733839	6	1277
165.514945	6	1280
218.886613	6	1278
93.4085845	6	1284
53.1849861	6	1286
88.2158279	6	1285
180.292606	6	1281
141.685485	6	1283
178.095102	6	1282
50.0264167	6	1288
95.0400829	6	1287
159.092903	6	1289
141.359567	6	1290
125.851392	6	1291
78.3746242	6	1294
146.562814	6	1292
146.484136	6	1293
82.8747749	6	1297
123.646020	6	1296
147.081136	6	1295
140.573263	6	1298
104.015588	6	1301
135.353565	6	1302
249.929189	6	1299
102.422714	6	1305
261.359930	6	1300
215.975046	6	1303
209.316015	6	1304
138.750076	6	1309
210.780143	6	1308
265.020608	6	1306
176.573038	6	1310
92.2482013	6	1314
118.942737	6	1313
188.093185	6	1311
287.518501	6	1307
173.494100	6	1312
168.850898	6	1315
153.440237	6	1316
123.646020	6	1321
193.494081	6	1320
131.688356	6	1323
295.835018	6	1317
151.395320	6	1324
302.876472	6	1318
94.7127342	6	1327
146.741867	6	1325
226.156949	6	1322
93.1131839	6	1328
311.621189	6	1319
127.350807	6	1330
138.090133	6	1331
207.231283	6	1329
136.208295	6	1332
123.828172	6	1333
315.336942	6	1326
127.328634	6	1335
158.600091	6	1334
111.468315	6	1338
104.577064	6	1339
103.496313	6	1340
181.927919	6	1337
210.046529	6	1336
102.182388	6	1341
99.5604991	6	1342
119.052171	6	1344
148.214817	6	1343
105.429649	6	1345
133.843183	6	1346
134.991407	6	1347
134.047031	6	1349
161.105632	6	1348
151.196241	6	1350
avg:  158.5603936513265
std:  57.51604351350793
p95:  270.50756216049194
p99:  304.01458263397217
com:  41.215513224857844
thg:  2060.7756612428925
FCT:  32.75465703010559
que:  111.26077016194661
los:  0.0
1350 0
**********************
