[12 13  9 ... 14 13 24]
93.0953025	6	1
88.2122516	6	2
61.5062713	6	9
154.323816	6	3
161.095857	6	4
182.332277	6	5
106.552124	6	11
216.124534	6	6
208.374977	6	7
164.117097	6	10
166.428565	6	12
230.285167	6	8
252.951622	6	13
215.383529	6	16
198.907136	6	18
267.979145	6	14
321.089029	6	15
343.271255	6	17
291.707515	6	22
325.797557	6	21
289.828538	6	24
286.484241	6	25
381.903171	6	19
283.847808	6	26
316.425800	6	30
478.712558	6	20
243.280172	6	39
395.204782	6	29
460.130691	6	27
299.122571	6	38
330.498695	6	37
362.008094	6	35
291.652917	6	40
414.011240	6	32
447.039604	6	31
567.391633	6	23
308.900356	6	41
297.886610	6	43
265.995740	6	46
298.789739	6	44
555.149078	6	28
216.532707	6	51
232.333183	6	50
309.205055	6	45
389.962673	6	42
336.340665	6	48
265.794754	6	53
586.115121	6	33
258.075237	6	57
579.079151	6	36
306.903839	6	54
259.459495	6	58
393.785715	6	52
204.798221	6	65
700.268030	6	34
290.771722	6	61
486.017227	6	49
519.018650	6	47
284.835338	6	63
356.876850	6	59
283.562183	6	64
284.002542	6	67
262.932300	6	70
428.344964	6	60
287.947177	6	71
460.917472	6	62
247.873067	6	77
603.188037	6	55
274.878025	6	78
507.180929	6	69
435.192108	6	75
616.090059	6	66
240.800380	6	93
505.379676	6	76
461.553812	6	80
560.830116	6	74
497.916460	6	79
591.041564	6	73
340.967893	6	91
458.400249	6	84
344.408035	6	92
658.406972	6	72
902.991056	6	56
174.717903	6	104
526.927232	6	82
311.699867	6	97
471.568346	6	87
502.726078	6	85
548.423290	6	83
304.898977	6	101
616.886854	6	81
817.396879	6	68
399.967193	6	96
355.017900	6	102
410.248756	6	99
416.337966	6	100
154.842615	6	117
675.972461	6	88
374.643564	6	109
551.588058	6	98
421.260356	6	107
274.528026	6	118
463.515043	6	106
649.116039	6	94
492.403984	6	105
673.680543	6	95
412.442684	6	112
557.479858	6	103
405.244112	6	113
840.305328	6	86
248.355388	6	125
435.657262	6	114
285.015344	6	124
282.097101	6	126
489.345312	6	116
579.722166	6	111
517.281055	6	115
424.317121	6	122
511.075496	6	120
999.922037	6	89
395.843029	6	128
390.238046	6	130
405.538797	6	129
504.168272	6	123
1024.48463	6	90
323.019981	6	138
428.439855	6	132
350.045204	6	137
318.711996	6	139
257.470369	6	144
789.270639	6	110
654.222965	6	119
635.918140	6	121
263.255834	6	145
299.618005	6	143
849.623203	6	108
350.663185	6	140
437.525033	6	136
473.538875	6	134
594.138383	6	127
513.434886	6	133
591.912269	6	131
541.196823	6	135
446.565866	6	142
466.610193	6	141
124.993324	6	170
144.663095	6	171
56.6651821	6	177
94.1882133	6	175
203.033685	6	169
100.163936	6	176
58.0348968	6	179
141.930103	6	174
175.145387	6	172
101.307392	6	178
182.170152	6	173
70.9557533	6	185
161.092758	6	180
130.228757	6	182
151.560544	6	181
517.350673	16	158
152.766227	6	183
149.330615	6	184
88.9418125	6	188
129.958152	6	187
149.468898	6	186
106.324195	6	192
155.373334	6	189
147.416591	6	193
108.398914	6	196
762.335538	16	157
273.679256	6	190
245.998144	6	194
298.229217	6	191
804.337263	16	159
217.533588	6	199
209.118366	6	200
200.029850	6	202
1016.63756	16	150
184.249162	6	205
349.144697	6	195
223.844289	6	204
882.123470	16	162
306.807518	6	201
404.746294	6	197
282.861232	6	207
424.176454	6	198
230.600595	6	212
377.515792	6	203
351.217985	6	206
240.886449	6	214
1216.58515	16	152
1205.49249	16	153
1019.20390	16	165
264.673709	6	216
232.874870	6	218
219.161510	6	219
305.639028	6	215
1394.23584	16	146
393.376350	6	211
1335.59679	16	151
203.334331	6	224
272.257089	6	221
276.106834	6	222
222.970962	6	226
1389.33515	16	154
334.644079	6	223
1529.60443	16	147
1313.62271	16	161
585.615396	6	208
273.436069	6	229
260.315656	6	230
1455.00564	16	155
625.926733	6	210
383.608818	6	225
654.167652	6	209
1624.82643	16	149
269.177675	6	235
523.540258	6	220
263.666629	6	236
341.050863	6	232
655.199289	6	213
377.150297	6	231
283.092260	6	238
393.644332	6	233
273.770570	6	242
412.283182	6	234
545.225858	6	227
1695.08504	16	156
377.226829	6	240
1698.82655	16	160
1685.82773	16	163
517.325162	6	237
666.167020	6	228
1652.92119	16	166
408.513545	6	248
967.652559	6	217
539.630889	6	244
575.066804	6	243
551.535844	6	245
452.672243	6	253
657.628059	6	241
521.339654	6	251
756.729125	6	239
583.345174	6	250
429.753303	6	260
562.483310	6	252
554.014444	6	254
511.192560	6	257
1958.76288	16	167
590.485095	6	255
358.906507	6	271
611.075878	6	256
330.918312	6	274
2078.97758	16	164
807.206153	6	246
624.486446	6	258
606.924533	6	261
598.363876	6	262
847.779512	6	249
598.798274	6	265
709.161758	6	259
652.753829	6	263
678.129196	6	264
489.516019	6	277
473.698616	6	278
968.716382	6	247
485.531806	6	279
660.301685	6	268
657.071113	6	269
2571.43497	16	148
501.377820	6	280
666.744709	6	272
317.167043	6	295
636.931180	6	276
356.111526	6	294
560.766458	6	284
464.808225	6	291
826.937675	6	270
611.012220	6	285
569.904565	6	288
551.254034	6	290
2492.72227	16	168
633.456468	6	286
769.734382	6	281
514.835119	6	297
1024.53160	6	266
611.142873	6	292
935.071229	6	275
549.998283	6	301
878.358840	6	283
828.365802	6	287
462.442874	6	310
546.532869	6	306
1179.77857	6	267
460.622310	6	312
437.121868	6	314
391.522407	6	317
542.114734	6	309
354.987859	6	321
777.448177	6	296
413.127899	6	319
639.677286	6	305
1010.64896	6	282
579.507589	6	311
872.301578	6	293
760.655164	6	300
558.356285	6	313
813.476324	6	298
753.316402	6	302
805.677175	6	299
759.531497	6	303
680.811405	6	308
987.936258	6	289
522.199869	6	318
505.860090	6	320
770.552396	6	304
725.816488	6	307
1285.31908	6	273
636.074304	6	316
661.132574	6	315
187.298059	6	358
163.215398	6	362
135.259151	6	364
204.172611	6	360
191.812515	6	361
238.730192	6	359
201.560497	6	363
122.258424	6	369
118.194341	6	370
196.655511	6	365
127.714157	6	371
201.212882	6	367
243.644237	6	366
167.886257	6	372
158.426046	6	373
239.853858	6	368
147.713899	6	374
141.676425	6	375
169.121503	6	379
224.006891	6	377
104.736566	6	385
255.607128	6	376
222.469091	6	378
146.806478	6	389
297.248363	6	380
259.413242	6	383
296.475648	6	381
155.305862	6	390
946.955204	16	341
66.9784545	6	397
249.083995	6	386
997.250795	16	340
180.161952	6	391
102.639436	6	396
299.981832	6	384
284.535884	6	387
366.502046	6	382
176.267623	6	394
133.455514	6	399
157.786369	6	398
260.783672	6	392
224.664926	6	395
130.377054	6	401
146.693468	6	400
261.995792	6	393
1218.19686	16	336
171.954154	6	402
161.173105	6	403
445.850849	6	388
152.268648	6	406
171.254396	6	405
191.823959	6	404
1276.77798	16	339
195.520401	6	407
166.049003	6	409
138.689756	6	411
1561.69366	16	322
123.761653	6	412
224.634408	6	410
270.865201	6	408
187.885999	6	415
204.242706	6	416
241.910934	6	414
151.185035	6	420
262.297391	6	413
222.703456	6	417
193.787097	6	419
212.024450	6	418
147.458076	6	422
167.037010	6	421
1606.69374	16	333
92.7360057	6	427
160.029649	6	424
182.089328	6	423
143.095254	6	426
123.158216	6	428
97.5081920	6	430
174.976587	6	425
1709.58685	16	331
1426.69320	16	349
1742.85435	16	329
99.6272563	6	431
164.212942	6	429
140.381336	6	432
1606.66751	16	342
73.2777118	6	437
138.158082	6	433
139.779806	6	436
108.388900	6	440
1636.99531	16	346
155.950069	6	438
99.5118618	6	442
257.401943	6	434
105.204820	6	444
103.693723	6	445
267.454624	6	435
1842.05341	16	338
1642.41218	16	351
119.857788	6	446
196.472644	6	443
276.553153	6	439
152.312755	6	447
321.944713	6	441
1716.36581	16	356
1832.83472	16	350
244.818925	6	449
1929.16917	16	345
246.735334	6	450
2253.88813	16	326
2199.39255	16	330
228.971242	6	453
2330.48820	16	323
1942.58856	16	348
264.797687	6	452
284.334421	6	451
2355.02576	16	324
179.283142	6	459
1910.62188	16	353
235.260963	6	457
221.755504	6	458
269.087314	6	455
157.663822	6	464
177.090644	6	463
213.664531	6	461
242.707252	6	460
200.734615	6	465
377.369403	6	454
2111.55176	16	347
371.668338	6	456
2185.47320	16	344
173.975706	6	469
296.321392	6	462
248.518943	6	466
238.318204	6	467
2493.54100	16	327
162.205696	6	472
134.305477	6	475
217.635631	6	470
118.349552	6	477
135.389089	6	476
585.354328	6	448
222.373008	6	471
2593.82772	16	325
2315.02771	16	343
2551.36203	16	328
113.421201	6	480
138.531684	6	479
313.512325	6	468
235.328674	6	473
173.347711	6	478
2527.70781	16	332
123.649597	6	482
140.475749	6	483
129.382610	6	484
106.361865	6	486
128.924131	6	485
216.577053	6	481
116.077423	6	488
2349.63417	16	352
185.288429	6	487
135.297775	6	493
110.485076	6	495
116.065502	6	496
222.951650	6	489
234.110116	6	490
69.3726539	6	501
60.1453781	6	502
231.681585	6	491
2416.30911	16	355
232.543468	6	492
505.628108	6	474
179.514646	6	498
199.692964	6	497
2832.75103	16	335
290.148496	6	494
228.271484	6	500
172.394275	6	504
274.551391	6	499
162.203550	6	507
229.211091	6	503
189.689874	6	506
148.247718	6	511
195.390939	6	508
267.316818	6	505
220.459222	6	509
113.236188	6	516
98.4013080	6	519
167.989730	6	517
181.798219	6	518
237.629175	6	515
2807.09075	16	354
258.426666	6	514
295.975685	6	512
282.796621	6	513
183.040857	6	520
157.456398	6	526
3268.16534	16	334
193.143129	6	528
493.510961	6	510
325.008630	6	522
312.732934	6	523
301.437616	6	524
296.214818	6	527
392.944574	6	521
348.616600	6	525
238.090991	6	534
320.631504	6	529
3078.12094	16	357
246.468067	6	536
246.655225	6	537
255.423307	6	538
260.295867	6	540
183.108091	6	546
463.445186	6	535
305.028438	6	548
3657.72557	16	337
350.116252	6	547
247.470617	6	556
649.317979	6	530
492.000341	6	541
491.794824	6	542
480.640172	6	543
395.686626	6	550
659.889459	6	533
380.698680	6	552
414.146661	6	551
608.146429	6	539
744.990587	6	531
554.250955	6	544
175.420284	6	570
501.630306	6	549
800.326347	6	532
343.457221	6	564
389.581203	6	562
659.598112	6	545
250.244379	6	572
402.674436	6	563
571.142673	6	553
279.627561	6	573
392.353534	6	566
591.332912	6	554
366.432905	6	569
491.204023	6	561
406.289815	6	567
291.536331	6	576
325.621604	6	574
374.818086	6	571
634.438276	6	557
670.749664	6	555
353.100299	6	577
324.743270	6	579
388.219356	6	575
653.756856	6	558
574.731111	6	565
328.453063	6	581
386.188507	6	578
573.220968	6	568
716.611146	6	559
396.190166	16	586
499.129295	6	580
869.125604	6	560
157.768726	6	608
141.944885	6	610
203.921318	6	606
130.121469	6	611
224.864482	6	605
163.555145	6	609
578.463077	16	583
228.226661	6	607
182.652711	6	613
228.780031	6	612
155.252695	6	617
193.843126	6	615
140.928268	6	619
156.292676	6	618
244.148731	6	614
150.908946	6	620
158.517837	6	622
137.912273	6	624
156.765222	6	623
280.947208	6	616
803.656339	16	584
167.090177	6	628
807.999372	16	587
114.707946	6	632
206.512928	6	627
238.674402	6	626
190.632581	6	629
265.082120	6	625
947.866916	16	582
848.780155	16	589
172.634363	6	633
373.080253	6	621
240.721225	6	631
909.421205	16	590
222.849130	6	635
248.796224	6	634
257.255315	6	637
961.624860	16	592
376.321077	6	630
219.569444	6	642
1137.02702	16	585
344.650745	6	636
282.145023	6	641
1054.73470	16	594
251.283645	6	646
237.133502	6	647
151.975393	6	653
366.602659	6	640
1152.70376	16	591
173.594713	6	654
266.206979	6	648
181.765079	6	655
249.904155	6	652
196.372270	6	656
185.051441	6	657
1271.67320	16	588
323.786020	6	651
427.333593	6	645
476.205110	6	643
578.310251	6	639
1181.03098	16	601
256.636857	6	662
494.428634	6	649
1278.81264	16	600
394.647121	6	658
705.306291	6	638
1398.48756	16	595
372.308015	6	661
546.867609	6	650
210.365533	6	673
1470.37553	16	593
385.628461	6	665
376.538991	6	666
714.241266	6	644
406.646728	6	664
1377.63786	16	602
1478.77192	16	596
480.762481	6	660
516.800642	6	659
1492.67196	16	597
348.299741	6	671
411.344766	6	667
207.650184	6	681
1411.32473	16	604
387.025356	6	670
407.737970	6	669
298.553228	6	678
321.189880	6	677
1488.40785	16	603
422.090053	6	672
324.066638	6	679
1573.42457	16	599
1612.23959	16	598
594.526052	6	668
795.078516	6	663
487.367391	6	684
429.004192	6	688
673.178434	6	674
724.127054	6	683
850.008010	6	675
673.416614	6	687
638.642311	6	690
797.048568	6	686
897.361993	6	680
450.024843	6	710
775.788784	6	689
911.965370	6	682
710.967540	6	695
620.778560	6	706
666.314840	6	703
645.900964	6	705
622.363567	6	708
795.239210	6	698
869.724035	6	696
874.154806	6	699
667.826890	6	713
595.279216	6	718
1268.09382	6	676
765.670776	6	709
1038.75136	6	692
587.909698	6	722
737.335205	6	714
1005.49077	6	697
668.763875	6	720
962.752819	6	702
1233.17766	6	685
616.580009	6	725
318.245649	6	744
1152.02593	6	691
578.488111	6	730
337.995767	6	745
1156.70871	6	694
1180.54866	6	693
414.463758	6	742
486.591577	6	738
831.910371	6	717
805.768728	6	719
1051.74279	6	704
454.051256	6	743
817.131280	6	721
611.983776	6	735
916.328191	6	716
816.732883	6	723
556.993961	6	739
757.779836	6	729
981.465816	6	715
634.896993	6	737
662.359952	6	736
711.328268	6	734
878.132104	6	724
608.603715	6	741
1244.18687	6	701
745.874166	6	733
783.974170	6	731
647.909641	6	740
1183.13097	6	707
1121.74558	6	712
1147.59373	6	711
915.267467	6	726
900.920867	6	728
933.186531	6	727
877.078294	6	732
1411.06414	6	700
92.5807952	6	793
117.094516	6	792
144.838333	6	791
119.076013	6	794
112.426757	6	796
96.9970226	6	797
135.103225	6	795
82.0107460	6	801
131.609439	6	798
130.748987	6	799
155.998706	6	802
154.144287	6	803
146.392822	6	804
84.4898223	6	809
112.801313	6	808
173.738479	6	805
162.509441	6	806
266.879796	6	800
106.051683	6	810
82.8337669	6	812
174.413442	6	807
99.4613170	6	813
1111.05966	16	753
122.663021	6	814
77.0549774	6	817
71.8991756	6	818
141.510725	6	816
123.533725	6	819
1255.05065	16	751
272.755622	6	811
129.769563	6	820
218.189239	6	815
90.4831886	6	824
1253.12399	16	754
123.648166	6	825
189.638853	6	821
98.0517864	6	827
1421.05293	16	748
238.303661	6	822
129.449367	6	829
150.811910	6	828
183.904886	6	826
1050.71735	16	773
248.597860	6	823
1475.87132	16	749
134.614944	6	831
1477.28085	16	750
114.904880	6	834
1552.68931	16	747
116.262435	6	835
209.267616	6	830
81.0348987	6	838
171.684026	6	833
197.702407	6	832
175.450086	6	837
195.501089	6	836
78.6669254	6	845
189.287185	6	840
177.602291	6	841
118.769884	6	846
1200.76870	16	782
64.9251937	6	852
1659.90591	16	755
140.947580	6	848
290.547370	6	839
180.260896	6	847
146.930456	6	850
153.496265	6	851
123.400926	6	853
311.152696	6	842
129.261970	6	854
307.964563	6	843
125.746488	6	856
316.828012	6	844
107.690095	6	858
131.550073	6	857
281.716108	6	849
135.383605	6	859
237.550497	6	855
148.172616	6	861
154.262781	6	862
188.018560	6	860
115.664958	6	865
104.719877	6	866
158.777952	6	863
149.216413	6	864
2084.36989	16	746
77.1775245	6	870
136.127471	6	867
73.9820003	6	871
130.439281	6	868
1880.51128	16	762
1713.03796	16	772
2033.28585	16	756
200.118064	6	869
134.736537	6	874
2043.25127	16	757
2012.12549	16	761
158.564090	6	875
198.779344	6	873
75.0923156	6	882
187.516927	6	877
161.765098	6	879
239.532947	6	876
117.398977	6	884
2072.95894	16	764
325.389862	6	872
204.387664	6	880
197.633743	6	883
1880.92994	16	780
264.125823	6	881
2083.84752	16	771
361.374855	6	878
202.536344	6	889
2038.21134	16	776
2330.55162	16	759
2073.96483	16	775
197.919130	6	893
1972.91684	16	784
301.370620	6	887
241.049051	6	891
2374.61209	16	760
326.286077	6	886
2106.75883	16	777
2520.78199	16	752
322.844266	6	890
403.862953	6	885
2204.98061	16	774
2108.74223	16	781
2148.92911	16	779
266.487836	6	896
251.508951	6	897
293.728351	6	895
328.769445	6	894
2595.05701	16	758
223.133802	6	904
320.780277	6	899
243.663787	6	906
341.344594	6	900
2207.93128	16	785
478.074550	6	892
275.491237	6	905
388.059616	6	898
2266.00337	16	783
233.330965	6	909
222.825050	6	916
453.007936	6	902
2291.37420	16	789
460.468053	6	903
325.324773	6	912
2709.19561	16	765
2695.20139	16	768
761.719703	6	888
2419.08979	16	788
220.939636	6	924
2839.78319	16	763
490.616798	6	908
250.349760	6	925
631.104469	6	901
445.882797	6	913
470.184087	6	915
2489.70103	16	790
382.520675	6	922
571.784019	6	911
319.109439	6	928
399.438142	6	923
656.459093	6	907
359.428405	6	926
465.910673	6	921
301.055669	6	933
702.775001	6	910
708.680629	6	914
501.083612	6	927
696.177005	6	917
361.263990	6	940
377.702951	6	939
2980.82137	16	778
3196.63453	16	766
3150.83050	16	769
3157.42135	16	770
756.074428	6	919
512.478113	6	936
2953.49097	16	787
324.582576	6	951
3298.75612	16	767
653.735399	6	931
323.750257	6	952
3023.16141	16	786
413.676261	6	949
654.615879	6	934
730.812072	6	932
492.437839	6	948
1051.36966	6	918
1125.56815	6	920
601.190805	6	953
791.639328	6	942
766.789197	6	944
1070.92380	6	929
1056.45155	6	930
612.562179	6	959
702.595949	6	954
980.885505	6	938
666.075944	6	958
858.386993	6	946
843.981504	6	947
882.015943	6	945
499.020338	6	970
730.119466	6	957
648.858785	6	962
691.918134	6	960
371.760368	6	981
1005.06210	6	943
807.729721	6	956
627.315521	6	969
1089.32662	6	941
776.443958	6	963
542.361497	6	978
732.745170	6	967
1009.10305	6	950
835.366487	6	961
384.861707	6	989
724.419116	6	968
1311.36178	6	935
1294.04973	6	937
735.504150	6	972
411.453962	6	992
853.825330	6	966
584.229230	6	983
658.223390	6	979
746.653079	6	974
585.475206	6	984
336.707115	16	1000
541.075229	6	988
736.768007	6	976
934.477567	6	964
1086.60054	6	955
741.442918	6	977
587.327957	6	987
945.671319	6	965
863.197803	6	971
643.148899	6	985
694.563627	6	982
738.683462	6	980
579.672574	6	990
598.883390	6	991
713.680028	6	986
936.171293	6	975
130.273818	6	1032
1109.30943	6	973
782.397031	6	993
75.7989883	6	1037
177.287578	6	1031
70.0664520	6	1038
146.864652	6	1035
258.291959	6	1030
175.446271	6	1036
234.050750	6	1034
264.890432	6	1033
134.541749	6	1041
161.026477	6	1040
102.270126	6	1045
829.533100	16	1003
170.600891	6	1044
140.761375	6	1046
223.140001	6	1042
730.910778	16	1011
144.399166	6	1048
291.049480	6	1039
240.210533	6	1043
137.537479	6	1050
134.436607	6	1051
106.923818	6	1053
173.539400	6	1049
131.810188	6	1052
216.112375	6	1047
960.327386	16	1001
1012.48860	16	999
855.596303	16	1010
141.568660	6	1056
1169.54541	16	994
163.747072	6	1058
165.986537	6	1059
920.702457	16	1013
261.846542	6	1057
180.076122	6	1063
998.760938	16	1012
331.790685	6	1055
262.933254	6	1061
194.505691	6	1066
262.789487	6	1062
339.734315	6	1060
437.364578	6	1054
209.451675	6	1070
256.542921	6	1068
213.230133	6	1071
206.349849	6	1072
1278.78022	16	1006
1345.03054	16	1002
1023.43177	16	1023
1182.81030	16	1014
244.041919	6	1074
384.485483	6	1067
434.532880	6	1065
1259.89222	16	1017
1613.95168	16	996
517.283678	6	1064
434.916496	6	1069
293.533086	6	1078
316.936492	6	1079
280.772447	6	1084
410.405397	6	1076
247.441291	6	1089
1293.12729	16	1026
403.138875	6	1081
378.386020	6	1083
332.404375	6	1086
1477.96225	16	1016
288.547515	6	1090
428.071260	6	1082
511.411190	6	1077
1432.61265	16	1020
255.178451	6	1094
367.242813	6	1087
327.712535	6	1091
640.029668	6	1073
316.673517	6	1095
229.083538	6	1101
209.634304	6	1103
1517.81153	16	1022
682.931900	6	1075
1951.00879	16	997
1578.81140	16	1021
367.016315	6	1096
266.172885	6	1104
223.047256	6	1107
1890.92898	16	1004
684.665679	6	1080
388.438701	6	1099
231.123924	6	1110
644.066572	6	1085
309.362411	6	1106
373.650550	6	1102
286.020517	6	1111
1693.69339	16	1024
601.946830	6	1092
605.186939	6	1093
424.560546	6	1105
221.415996	6	1118
2159.81578	16	998
1981.68039	16	1009
2237.35308	16	995
1863.75737	16	1018
2083.93597	16	1005
1781.82077	16	1025
383.655071	6	1112
464.146852	6	1108
682.432413	6	1097
363.686323	6	1120
387.495994	6	1119
1877.40421	16	1029
534.852266	6	1114
2130.93662	16	1015
961.405754	6	1088
642.752408	6	1109
2310.15086	16	1008
579.921007	6	1116
645.775318	6	1113
721.768379	6	1115
640.743970	6	1121
2290.71640	16	1019
557.374715	6	1127
472.872734	6	1133
457.885503	6	1134
622.435092	6	1125
505.265951	6	1135
739.541769	6	1123
644.966125	6	1130
263.161659	6	1155
1148.49805	6	1100
1184.31162	6	1098
353.834867	6	1150
341.561794	6	1152
678.939342	6	1131
552.767038	6	1139
438.891649	6	1147
409.892082	6	1149
773.953676	6	1126
746.054410	6	1128
738.295316	6	1129
438.155889	6	1148
698.731184	6	1132
495.679378	6	1146
975.286722	6	1117
386.028528	6	1154
634.969711	6	1138
610.816240	6	1140
599.647521	6	1141
450.604915	6	1151
883.363246	6	1124
916.733503	6	1122
425.762176	6	1153
566.571950	6	1144
694.154739	6	1136
572.539091	6	1145
632.083892	6	1142
449.450969	6	1157
467.322826	6	1156
772.029638	6	1137
701.632022	6	1143
142.115116	6	1189
162.715435	6	1190
190.854072	6	1191
171.552896	6	1193
188.551664	6	1192
677.785873	16	1162
166.360855	6	1194
174.924850	6	1196
778.081178	16	1159
94.6373939	6	1202
779.923200	16	1160
124.582052	6	1201
203.349590	6	1197
171.339511	6	1200
275.853395	6	1195
137.483835	6	1206
154.181480	6	1205
652.731418	16	1174
275.218009	6	1198
199.321269	6	1203
121.146917	6	1209
208.368778	6	1204
287.438154	6	1199
124.009609	6	1210
82.9987525	6	1213
175.412178	6	1208
192.119121	6	1207
859.150648	16	1166
151.177644	6	1211
117.552280	6	1216
195.839881	6	1212
151.831388	6	1215
167.354583	6	1214
109.806060	6	1218
1008.62312	16	1163
145.133018	6	1220
130.078315	6	1221
62.0760917	6	1226
926.206350	16	1172
131.348609	6	1222
132.657766	6	1223
88.1843566	6	1227
219.790458	6	1219
1023.15759	16	1169
152.864217	6	1224
138.237714	6	1225
289.640188	6	1217
1056.59317	16	1170
834.797382	16	1186
129.032135	6	1231
161.436557	6	1229
102.632761	6	1233
91.0263061	6	1234
127.834558	6	1232
93.6179161	6	1235
1040.78865	16	1176
189.881324	6	1230
225.578546	6	1228
123.129606	6	1237
107.886075	6	1238
1142.78650	16	1173
100.737094	6	1239
1355.09347	16	1161
1204.97083	16	1171
213.882684	6	1236
147.712945	6	1241
1135.50686	16	1179
120.532751	6	1246
144.941091	6	1245
222.947359	6	1242
137.550830	6	1248
166.010379	6	1247
229.485273	6	1243
280.539989	6	1240
160.543441	6	1249
266.367673	6	1244
148.439884	6	1252
1365.99063	16	1175
129.240512	6	1254
145.581960	6	1253
1310.06574	16	1180
1321.96187	16	1182
1722.67866	16	1158
167.100906	6	1256
275.521039	6	1250
236.493587	6	1255
3870.77093	16	1028
180.244207	6	1259
315.739870	6	1251
98.2708930	6	1267
228.620052	6	1260
220.550775	6	1262
309.105396	6	1257
318.126440	6	1258
220.933675	6	1266
1567.16299	16	1181
187.285184	6	1271
1588.08779	16	1183
366.566419	6	1261
270.509243	6	1268
1613.88134	16	1184
1716.09616	16	1178
1646.24476	16	1185
275.377511	6	1274
455.877542	6	1263
138.926029	6	1286
2008.96883	16	1168
505.165815	6	1264
497.168064	6	1265
140.403747	6	1288
282.397270	6	1280
4678.01880	16	1007
226.237773	6	1287
299.155950	6	1284
331.345081	6	1282
523.076772	6	1270
293.716907	6	1285
2218.59169	16	1164
405.093908	6	1279
481.808423	6	1275
2030.33518	16	1177
472.049236	6	1276
394.104480	6	1283
234.847068	6	1294
289.496183	6	1291
586.385726	6	1272
494.493246	6	1278
541.826248	6	1277
263.603210	6	1296
506.442308	6	1281
278.465509	6	1297
425.141572	6	1290
2382.41577	16	1167
2052.26969	16	1188
2444.61345	16	1165
298.434257	6	1301
742.059707	6	1273
810.333013	6	1269
447.286128	6	1293
417.354583	6	1295
2150.29788	16	1187
552.774667	6	1289
514.777660	6	1292
344.962120	6	1305
4774.33753	16	1027
408.982992	6	1302
512.233972	6	1298
360.018730	6	1314
414.933919	6	1311
399.966716	6	1313
497.429132	6	1309
278.234243	6	1327
388.104915	6	1321
601.640462	6	1308
687.410354	6	1303
499.886751	6	1316
329.501628	6	1328
537.783861	6	1315
628.300666	6	1310
640.558719	6	1312
489.137649	6	1323
844.705820	6	1304
568.247795	6	1324
502.776384	6	1331
522.812366	6	1330
645.259380	6	1325
444.817781	6	1338
526.407957	6	1333
549.332380	6	1332
974.947214	6	1307
995.040655	6	1306
1134.40537	6	1299
500.950574	6	1340
1131.14857	6	1300
501.728057	6	1341
842.362642	6	1320
554.806709	6	1339
624.927520	6	1335
587.601661	6	1342
485.330343	6	1351
1044.67129	6	1318
794.803619	6	1334
648.965120	6	1344
1027.18973	6	1322
675.922632	6	1345
674.703121	6	1347
543.658733	6	1360
822.336435	6	1343
778.427124	6	1346
1064.76497	6	1329
751.322984	6	1349
553.034067	6	1362
747.067928	6	1350
557.464361	6	1364
501.486063	6	1369
743.261814	6	1354
683.312654	6	1358
764.339685	6	1353
859.163284	6	1348
441.642761	6	1374
580.841779	6	1366
518.196582	6	1370
566.663265	6	1367
508.455753	6	1371
1060.18376	6	1337
1383.42285	6	1317
1088.20295	6	1336
660.132646	6	1363
1268.64147	6	1326
1384.64045	6	1319
650.384902	6	1365
783.747673	6	1357
753.973484	6	1359
736.277580	6	1361
541.337013	6	1373
623.482942	6	1368
519.124031	6	1377
612.862110	6	1372
938.459157	6	1352
955.636978	6	1356
975.093126	6	1355
576.591491	16	1383
763.677120	6	1375
100.718021	6	1418
135.246515	6	1419
231.233358	6	1414
116.503953	6	1422
872.748851	6	1376
180.953741	6	1420
270.495653	6	1415
176.366806	6	1421
244.200468	6	1417
164.759159	6	1423
926.623821	16	1380
186.187744	6	1426
146.619319	6	1430
208.607435	6	1427
193.526506	6	1428
400.308132	6	1416
627.761840	16	1403
246.517658	6	1429
312.324047	6	1425
334.759473	6	1424
215.058326	6	1432
234.535694	6	1431
1017.82464	16	1386
270.793914	6	1433
195.592164	6	1439
171.570777	6	1445
1034.93595	16	1396
340.107679	6	1440
1323.37927	16	1381
336.750507	6	1442
1021.80409	16	1400
438.365459	6	1438
295.600891	6	1448
423.645257	6	1441
540.025949	6	1434
291.718482	6	1449
268.411397	6	1451
1042.63472	16	1404
421.606540	6	1443
307.888746	6	1450
523.797273	6	1437
1336.89355	16	1387
566.820621	6	1436
584.769725	6	1435
1058.56108	16	1406
1257.70497	16	1395
1331.65860	16	1394
485.254526	6	1447
1431.05149	16	1389
288.368701	6	1459
1618.13092	16	1378
1330.12175	16	1397
570.818424	6	1444
452.682733	6	1452
445.071220	6	1453
433.904409	6	1454
336.711168	6	1460
378.842353	6	1458
433.902025	6	1455
422.094583	6	1457
1584.11598	16	1388
1506.86311	16	1393
1464.63990	16	1399
570.371389	6	1456
345.635414	6	1470
498.233795	6	1462
1784.43121	16	1384
262.157917	6	1479
1540.27199	16	1401
1915.74597	16	1379
579.478740	6	1461
536.167383	6	1464
464.187860	6	1473
609.451293	6	1465
643.435239	6	1463
399.830341	6	1478
518.821477	6	1471
1939.36324	16	1385
389.986276	6	1481
1598.27160	16	1409
409.717559	6	1483
459.367275	6	1480
643.198013	6	1469
464.054584	6	1482
1063.35473	6	1446
436.555624	6	1484
1989.91918	16	1390
665.738344	6	1472
1682.88493	16	1410
793.652534	6	1467
633.231401	6	1477
2040.72833	16	1392
311.485052	6	1498
408.384084	6	1494
732.904672	6	1474
703.424453	6	1476
841.380834	6	1468
1835.88743	16	1407
881.888628	6	1466
255.126714	6	1506
278.765439	6	1505
586.084604	6	1488
514.827966	6	1500
2070.97792	16	1405
942.407608	6	1475
556.780576	6	1499
501.209020	6	1503
423.686742	6	1508
460.943698	6	1507
822.324514	6	1486
659.858703	6	1496
549.486637	6	1504
450.162649	6	1510
747.970819	6	1493
904.226064	6	1485
2337.09526	16	1398
2280.64513	16	1402
915.449142	6	1487
553.872585	6	1509
710.795402	6	1502
728.261470	6	1501
2196.51031	16	1413
592.451095	6	1512
461.610078	6	1520
486.034631	6	1521
971.377372	6	1492
600.447893	6	1515
667.047262	6	1511
1005.90372	6	1491
2362.67518	16	1408
656.705141	6	1513
998.221874	6	1495
1125.67520	6	1489
713.258504	6	1514
379.632949	6	1536
489.244937	6	1532
1204.77557	6	1490
572.434663	6	1529
458.768367	6	1537
505.837917	6	1534
567.847728	6	1531
1123.19159	6	1497
812.549829	6	1516
444.232702	6	1539
432.635068	6	1540
692.681074	6	1524
337.204217	6	1546
602.213144	6	1530
716.412782	6	1523
527.131080	6	1535
819.405317	6	1517
811.919212	6	1518
684.771060	6	1526
570.630311	6	1533
660.236358	6	1528
689.221858	6	1527
828.133344	6	1519
481.555223	6	1541
533.166170	6	1538
763.212442	6	1525
2624.41778	16	1411
478.226661	6	1543
502.699851	6	1542
2970.95727	16	1391
458.404541	6	1545
432.232856	6	1547
847.283840	6	1522
538.574457	6	1544
2696.49028	16	1412
483.517408	6	1548
3227.48780	16	1382
83.3680629	6	1584
79.1110992	6	1585
93.4410095	6	1586
162.969350	6	1582
112.778663	6	1587
98.2201099	6	1588
91.5582180	6	1589
114.193439	6	1591
145.555257	6	1590
118.113756	6	1592
275.023937	6	1583
112.745285	6	1593
103.563785	6	1594
91.0642147	6	1595
106.571674	6	1597
179.882764	6	1596
981.709241	16	1549
108.573198	6	1604
203.623533	6	1598
140.979290	6	1602
144.958734	6	1603
120.346069	6	1605
199.202299	6	1600
121.378421	6	1606
71.1987018	6	1610
119.961977	6	1607
245.989799	6	1599
64.0268325	6	1611
1007.78651	16	1553
243.272304	6	1601
784.750223	16	1567
1037.78338	16	1555
209.231853	6	1609
155.352115	6	1613
149.969577	6	1614
163.545131	6	1615
148.787498	6	1616
141.039133	6	1617
222.044944	6	1612
1155.01570	16	1554
307.544708	6	1608
972.963809	16	1568
149.625301	6	1620
1015.74349	16	1566
213.273525	6	1618
103.562831	6	1625
94.5405960	6	1626
214.054346	6	1619
103.082180	6	1628
189.306259	6	1624
211.960554	6	1623
262.374162	6	1621
167.074441	6	1627
150.625467	6	1629
269.794702	6	1622
1228.46865	16	1565
201.634168	6	1631
219.928979	6	1630
1130.85389	16	1574
204.319953	6	1632
188.479661	6	1634
174.049854	6	1635
206.211090	6	1633
162.279605	6	1636
160.557508	6	1637
1341.32218	16	1564
1265.42329	16	1570
1244.29631	16	1573
145.027875	6	1643
1450.08397	16	1562
115.443468	6	1646
141.999483	6	1645
124.829769	6	1647
288.820981	6	1638
1356.91881	16	1572
1700.53148	16	1551
1422.85990	16	1569
1529.51455	16	1563
183.090209	6	1649
1384.16671	16	1575
1689.85748	16	1556
360.428333	6	1642
244.534254	6	1651
203.665971	6	1655
295.501708	6	1650
395.398378	6	1644
474.526882	6	1639
363.227367	6	1648
317.497491	6	1652
1455.95717	16	1581
545.399188	6	1640
1646.36015	16	1571
542.719125	6	1641
307.435989	6	1656
1604.25877	16	1576
378.246545	6	1654
345.881938	6	1657
319.799900	6	1659
243.619203	6	1665
1611.15932	16	1579
343.302011	6	1661
359.416723	6	1660
403.042078	6	1658
483.589649	6	1653
1718.10650	16	1577
234.227895	6	1672
2157.99641	16	1552
284.808874	6	1671
414.230585	6	1663
1772.73917	16	1578
443.038225	6	1662
290.725708	6	1673
216.464281	6	1679
266.832828	6	1676
432.203054	6	1666
2106.09316	16	1561
419.742584	6	1670
529.186248	6	1664
507.969141	6	1667
290.181636	6	1681
351.033449	6	1678
273.986816	6	1683
2250.58293	16	1559
2267.35663	16	1558
315.840721	6	1682
171.939134	6	1692
441.062450	6	1675
241.899013	6	1688
1952.49152	16	1580
329.751491	6	1685
253.821849	6	1691
195.403337	6	1695
228.128671	6	1693
2495.20587	16	1550
442.538499	6	1680
434.005022	6	1686
477.495670	6	1684
751.524686	6	1668
2472.69964	16	1560
535.021543	6	1687
366.297006	6	1701
399.300336	6	1699
482.078075	6	1694
460.485219	6	1696
564.634323	6	1690
770.365238	6	1677
905.835628	6	1669
835.536956	6	1674
467.963933	6	1698
617.317676	6	1697
628.091812	6	1700
820.600271	6	1689
658.602714	6	1703
2984.46893	16	1557
635.239601	6	1707
572.226285	6	1711
599.209070	6	1710
474.472999	6	1718
560.718536	6	1713
753.447055	6	1702
689.611434	6	1709
573.814153	6	1717
586.765289	6	1719
559.123754	6	1720
847.532033	6	1706
776.548862	6	1712
914.604663	6	1704
451.546192	6	1733
870.140790	6	1708
647.260189	6	1721
497.366905	6	1731
340.973138	6	1741
499.183654	6	1732
625.289916	6	1724
605.828523	6	1726
669.900655	6	1722
596.424341	6	1727
971.028327	6	1705
853.527307	6	1715
624.608039	6	1729
658.361673	6	1728
536.526203	6	1737
312.196493	6	1751
525.132417	6	1738
503.489017	6	1740
621.303796	6	1735
524.794340	6	1742
509.855270	6	1743
993.184089	6	1714
480.344772	6	1746
514.187812	6	1744
980.714082	6	1716
417.241573	6	1750
821.318864	6	1725
599.606513	6	1739
872.194528	6	1723
545.994758	6	1745
704.706430	6	1736
516.060590	6	1749
761.378288	6	1734
829.492568	6	1730
542.323827	6	1748
570.131778	6	1747
94.7012901	6	1786
83.4019184	6	1787
504.972457	16	1762
69.7500705	6	1790
108.937263	6	1788
144.452095	6	1793
212.703466	6	1789
184.778213	6	1792
227.899789	6	1791
132.785558	6	1797
225.620031	6	1795
215.535163	6	1796
253.606081	6	1798
317.725658	6	1794
257.907629	6	1799
791.717529	16	1766
256.333589	6	1801
849.412679	16	1765
594.846248	16	1782
927.900314	16	1763
291.732788	6	1805
376.626253	6	1802
251.230716	6	1812
419.296026	6	1804
231.129884	6	1817
1075.41823	16	1764
284.607172	6	1814
212.617635	6	1819
304.198741	6	1815
414.815664	6	1808
440.155744	6	1807
1255.00130	16	1757
1128.17287	16	1767
518.845319	6	1806
373.142957	6	1818
1133.23974	16	1771
636.404037	6	1803
691.792011	6	1800
222.776412	6	1834
365.403652	6	1826
1487.78367	16	1756
578.129291	6	1813
337.497234	6	1829
404.140472	6	1825
437.513828	6	1823
651.739835	6	1810
651.565313	6	1811
497.532844	6	1822
1377.34484	16	1768
439.425468	6	1827
278.456687	6	1839
430.464744	6	1831
1461.22837	16	1770
530.604362	6	1830
1745.57423	16	1755
515.919685	6	1832
1664.19672	16	1761
607.359886	6	1828
818.819284	6	1816
1466.48597	16	1776
344.989538	6	1847
266.746997	6	1852
1741.53804	16	1760
723.662853	6	1824
1607.68580	16	1769
255.088090	6	1854
537.121295	6	1840
344.562530	6	1853
1630.55086	16	1775
908.856153	6	1821
1546.46754	16	1781
540.432453	6	1844
644.253969	6	1838
950.056552	6	1820
1536.47804	16	1783
529.372692	6	1846
1670.83501	16	1778
653.406620	6	1842
625.914573	6	1845
550.230264	6	1850
452.091217	6	1858
1797.26171	16	1774
472.993850	6	1857
1738.94095	16	1779
629.201412	6	1849
2187.24131	16	1752
1785.39514	16	1777
1746.36459	16	1780
614.729404	6	1851
470.720291	6	1860
495.707511	6	1859
1304.38017	6	1809
555.039644	6	1856
2193.09020	16	1754
815.821886	6	1843
1027.53472	6	1833
683.657169	6	1855
997.958183	6	1836
579.566478	6	1862
582.253217	6	1863
860.458612	6	1848
2300.43172	16	1759
2078.19771	16	1773
626.531839	6	1864
1067.82436	6	1837
609.372138	6	1866
2381.47163	16	1758
669.490575	6	1865
1232.96451	6	1835
679.393529	6	1870
499.449014	6	1882
2091.38154	16	1785
670.806169	6	1873
396.969318	6	1891
811.286211	6	1868
806.360721	6	1871
2734.65108	16	1753
741.519212	6	1877
919.425249	6	1867
687.826395	6	1881
597.894430	6	1889
1402.74238	6	1841
2515.51079	16	1772
462.462902	6	1902
1152.65035	6	1861
1025.70962	6	1869
774.861812	6	1884
763.305187	6	1885
954.608678	6	1874
758.404493	6	1886
736.453533	6	1888
603.502511	6	1897
652.689218	6	1894
590.225458	6	1898
992.637157	6	1875
598.445415	6	1899
491.810321	6	1906
933.252096	6	1879
2477.91600	16	1784
432.293653	6	1910
557.287693	6	1904
544.322252	6	1905
788.241624	6	1890
742.948293	6	1893
587.659358	6	1903
999.831438	6	1878
512.723207	6	1908
633.203983	6	1901
660.743951	6	1900
971.264839	6	1883
1026.38268	6	1880
521.086215	6	1911
490.061759	6	1913
1098.68431	6	1876
481.331348	6	1914
809.151887	6	1895
1193.71032	6	1872
501.729249	6	1915
886.582374	6	1892
650.142669	6	1907
476.530551	16	1918
632.881402	6	1909
608.896493	6	1912
1027.25696	6	1887
921.350955	6	1896
624.557971	6	1916
549.984216	16	1921
71.3782310	6	1954
158.209562	6	1950
109.200239	6	1955
113.215446	6	1957
625.478744	16	1926
605.446815	16	1927
67.6321983	6	1961
124.541521	6	1959
85.7107639	6	1962
136.595964	6	1960
206.235647	6	1956
102.940797	6	1963
283.177852	6	1952
271.113395	6	1953
303.834438	6	1951
108.983516	6	1966
126.099586	6	1965
251.201152	6	1958
115.033388	6	1967
110.657930	6	1968
922.008752	16	1919
205.240726	6	1964
141.270637	6	1970
748.954772	16	1933
1020.68352	16	1917
177.176237	6	1969
152.580499	6	1971
140.322446	6	1972
98.6909866	6	1975
115.544557	6	1974
149.869680	6	1973
78.2449245	6	1979
135.056734	6	1976
72.4301338	6	1980
127.643108	6	1977
611.634254	16	1947
821.436166	16	1934
1062.66522	16	1922
189.935684	6	1978
134.018182	6	1983
877.979993	16	1938
919.489383	16	1936
156.844854	6	1984
196.491956	6	1982
77.7575969	6	1991
179.229974	6	1986
179.761409	6	1988
242.079973	6	1985
188.982486	6	1989
322.528600	6	1981
161.678314	6	1992
150.964260	6	1993
1098.86622	16	1935
1333.72235	16	1923
1236.86933	16	1930
209.754228	6	1996
328.105926	6	1990
136.619806	6	2002
279.805898	6	1995
245.082616	6	1999
463.886499	6	1987
204.956531	6	2004
312.425374	6	1998
389.364957	6	1994
254.840612	6	2003
307.260274	6	2000
1218.09840	16	1943
1469.90776	16	1928
300.594329	6	2001
238.924503	6	2005
1274.30486	16	1941
1359.38239	16	1937
265.542030	6	2009
321.440458	6	2006
1317.44623	16	1946
251.541376	6	2013
1688.81988	16	1925
1625.26702	16	1929
214.572668	6	2018
374.375104	6	2008
1437.86334	16	1942
402.870178	6	2007
307.593584	6	2015
1524.14894	16	1940
345.394134	6	2014
1684.29183	16	1931
241.255283	6	2022
1492.59161	16	1944
202.779769	6	2025
460.363388	6	2010
284.518718	6	2021
1595.49403	16	1939
445.695877	6	2012
465.624332	6	2011
1738.66724	16	1932
320.878028	6	2024
195.364236	6	2034
789.146184	6	1997
230.945110	6	2033
490.152120	6	2017
321.388244	6	2031
313.786029	6	2032
546.178817	6	2020
1772.22061	16	1945
444.401741	6	2030
401.977062	6	2035
300.244808	6	2042
1782.84835	16	1949
636.245965	6	2023
417.574882	6	2037
439.030885	6	2036
2273.92721	16	1924
2378.06701	16	1920
354.850292	6	2049
688.141584	6	2028
845.254182	6	2019
897.346496	6	2016
447.872877	6	2045
540.364742	6	2041
484.641313	6	2048
839.446067	6	2026
317.517280	6	2061
687.661409	6	2040
408.765077	6	2058
430.619478	6	2060
2224.28488	16	1948
490.978956	6	2057
640.408992	6	2051
767.191648	6	2043
1103.23858	6	2027
675.821065	6	2055
948.237180	6	2038
1018.60332	6	2039
659.683942	6	2062
822.872400	6	2053
405.715942	6	2079
541.543483	6	2071
944.246292	6	2047
596.765041	6	2069
805.866479	6	2056
844.128847	6	2054
703.186511	6	2063
701.697826	6	2067
844.362735	6	2059
1333.48822	6	2029
721.165895	6	2068
985.536575	6	2052
383.710622	6	2090
623.555660	6	2077
837.891578	6	2065
758.130550	6	2073
464.652776	6	2093
365.006923	6	2099
897.274732	6	2066
585.345029	6	2087
1272.47595	6	2044
1201.04837	6	2050
750.758886	6	2078
710.602998	6	2081
891.672372	6	2070
796.559333	6	2076
467.269182	6	2097
881.876707	6	2072
519.192218	6	2096
725.671529	6	2083
494.076728	6	2098
654.797315	6	2089
613.954544	6	2092
889.197826	6	2075
686.606884	6	2088
741.156101	6	2085
1085.27779	6	2064
674.515485	6	2091
831.758737	6	2082
883.777618	6	2080
1453.04036	6	2046
820.613384	6	2086
1039.08324	6	2074
621.782302	6	2100
722.202539	6	2094
725.219011	6	2095
906.167745	6	2084
avg:  625.0834675062271
std:  577.9298170799018
p95:  1929.678881168365
p99:  2696.6173410415618
com:  61.53850023363987
thg:  3076.9250116819935
FCT:  34.12497854232788
que:  524.4116959117707
los:  0.0
1770 330
**********************
