[11  4 12 ... 12 10 10]
99.0717411	6	1
91.0553932	6	2
61.0418319	6	9
174.439907	6	3
164.387464	6	4
184.032201	6	5
114.718914	6	11
215.075492	6	6
164.017677	6	10
216.796875	6	7
165.910005	6	12
222.415208	6	8
307.525873	6	13
167.341709	6	25
364.531278	6	14
249.989271	6	24
396.831989	6	18
438.776016	6	16
321.554899	6	26
411.601305	6	21
438.408613	6	20
419.305562	6	22
512.808084	6	19
614.654779	6	15
255.153417	6	43
547.599792	6	23
438.286542	6	32
368.604660	6	38
494.336366	6	30
238.198757	6	50
683.571100	6	17
295.810937	6	46
568.936109	6	27
397.416353	6	40
434.300661	6	39
444.555282	6	41
416.609525	6	45
552.942991	6	35
342.319488	6	51
474.294662	6	42
557.729959	6	37
686.892032	6	29
660.713672	6	31
720.987081	6	28
380.565404	6	53
460.412979	6	48
699.376106	6	33
415.296792	6	54
556.735038	6	44
674.541473	6	36
507.655143	6	52
441.653251	6	57
501.224517	6	58
497.920274	6	63
518.583059	6	64
553.040504	6	62
737.030267	6	49
600.709438	6	59
596.387624	6	60
559.259891	6	65
399.966239	6	77
635.755062	6	61
393.517971	6	78
845.498561	6	47
583.203554	6	67
1050.47607	6	34
606.998443	6	70
605.814695	6	71
863.076448	6	55
584.990978	6	75
409.043312	6	92
666.861057	6	76
439.078330	6	93
838.443756	6	66
853.600740	6	69
570.419549	6	91
393.784761	6	104
731.427907	6	80
483.721017	6	101
893.025159	6	72
794.316768	6	79
595.069885	6	97
941.557645	6	73
854.286193	6	81
809.976816	6	85
601.203680	6	100
813.026905	6	87
874.486446	6	83
410.769701	6	117
1036.31830	6	74
729.262828	6	96
693.056344	6	99
578.186511	6	107
723.774671	6	98
682.520866	6	102
945.818901	6	84
1402.47821	6	56
524.119377	6	118
756.195545	6	103
892.761230	6	95
1005.63979	6	88
734.047889	6	109
549.914360	6	123
825.200080	6	105
1349.74980	6	68
1159.92283	6	82
549.715042	6	125
753.839492	6	112
783.213615	6	111
758.443832	6	113
750.151634	6	114
895.172119	6	106
603.914499	6	126
1076.41124	6	94
686.009407	6	124
830.497503	6	115
425.687789	6	143
497.349262	6	138
621.895313	6	130
458.070039	6	144
705.346584	6	129
1322.34144	6	86
460.231781	6	146
735.602617	6	128
925.769567	6	116
516.076803	6	145
888.941526	6	120
641.790151	6	137
869.873285	6	122
712.327241	6	134
643.604278	6	139
1366.71590	6	90
1387.75730	6	89
937.610864	6	121
729.689121	6	136
794.652223	6	132
676.444053	6	140
1124.86839	6	110
1010.13088	6	119
560.473918	6	150
605.397224	6	147
934.302330	6	127
740.915298	6	141
838.265657	6	135
639.162302	6	149
605.899095	6	152
594.958305	6	153
911.868810	6	133
648.288726	6	151
790.023565	6	142
985.539436	6	131
1335.22534	6	108
777.727127	6	148
84.7015380	6	205
101.529359	6	204
165.750980	6	203
165.803194	6	206
869.057416	16	158
153.779745	6	207
132.800817	6	214
164.678096	6	212
153.945922	6	215
162.472963	6	216
140.382289	6	218
273.472547	6	211
161.160707	6	219
329.856157	6	210
295.595407	6	213
457.864761	6	208
465.491056	6	209
250.038862	6	224
226.896286	6	226
165.115356	6	230
338.880538	6	220
331.456422	6	221
316.190958	6	222
312.940120	6	223
180.597543	6	231
288.598299	6	225
267.101764	6	229
155.446290	6	236
229.690074	6	232
1058.78973	16	177
188.606023	6	235
471.203088	6	217
229.759216	6	233
408.397674	6	227
210.846900	6	240
314.844608	6	234
421.077251	6	228
239.630460	6	241
246.200084	6	242
324.627876	6	238
365.932464	6	237
1282.55105	16	179
311.189889	6	245
1636.89565	16	157
335.377931	6	244
426.061153	6	239
1254.62865	16	185
233.700752	6	253
350.658655	6	248
1617.44832	16	165
524.859905	6	243
434.737920	6	251
390.905857	6	254
358.128309	6	256
303.419113	6	260
496.309995	6	250
530.713796	6	249
1880.35750	16	159
1601.06992	16	178
445.710659	6	255
425.654172	6	257
1476.94873	16	188
518.112897	6	252
381.928205	6	261
270.545482	6	271
684.043407	6	246
260.685920	6	274
1784.03234	16	175
419.611454	6	265
539.200067	6	258
712.809562	6	247
491.507768	6	262
461.328506	6	264
453.281402	6	268
599.354267	6	259
582.740306	6	263
383.706808	6	277
496.912956	6	272
548.951148	6	269
2109.38596	16	166
1737.82444	16	192
419.328927	6	279
410.460948	6	280
440.604925	6	278
1988.70944	16	176
2115.08631	16	170
511.181831	6	276
439.203977	6	281
315.711021	6	291
294.482231	6	294
740.821599	6	266
683.976173	6	270
447.661161	6	286
417.915344	6	288
1961.05122	16	187
1993.70622	16	186
2220.67713	16	171
339.477539	6	295
427.283525	6	290
528.531074	6	284
667.087316	6	275
320.123672	6	297
1991.20998	16	189
561.336517	6	287
868.132591	6	267
2133.58306	16	184
628.052711	6	285
716.987848	6	283
2404.52861	16	172
773.365974	6	282
2514.66059	16	167
2304.59475	16	183
2624.16720	16	162
512.608766	6	301
405.865430	6	309
2561.04040	16	169
2581.83813	16	168
711.594104	6	292
651.674747	6	296
2201.50995	16	196
468.791723	6	313
2783.72812	16	163
697.526931	6	300
539.051055	6	311
2938.13705	16	155
2312.36934	16	199
859.906911	6	293
676.206350	6	306
700.567007	6	307
2471.55427	16	193
608.570098	6	314
857.531309	6	298
509.934902	6	321
1268.21374	6	273
691.086530	6	310
2458.56857	16	197
1054.62718	6	289
592.494010	6	319
905.057907	6	302
638.331890	6	320
732.435226	6	318
372.155189	6	341
681.342840	6	322
457.013130	6	336
903.525352	6	308
846.819877	6	312
773.433208	6	317
2860.32557	16	182
1068.99976	6	299
3009.11879	16	173
653.596639	6	327
613.420009	6	331
438.604116	6	342
1059.24654	6	303
593.488693	6	333
754.928588	6	323
670.843362	6	329
516.380071	6	339
677.766799	6	330
774.218082	6	324
765.446424	6	326
1093.67966	6	305
558.634281	6	340
1121.18101	6	304
751.844882	6	328
691.038131	6	332
946.946144	6	316
610.078334	6	338
834.825992	6	325
1024.61218	6	315
742.080688	6	334
743.589639	6	335
730.919122	6	337
94.2232608	6	385
191.904067	6	384
223.352432	6	382
3093.78361	16	198
124.580860	6	389
123.531103	6	390
117.262125	6	391
275.930404	6	381
183.818101	6	387
249.721527	6	383
215.406417	6	386
3495.04637	16	174
76.5287876	6	396
82.0457935	6	397
158.814668	6	394
194.623470	6	393
177.360534	6	395
132.484674	6	398
114.667892	6	399
231.462955	6	392
98.3550548	6	401
310.697555	6	388
124.600172	6	400
135.138750	6	402
142.254114	6	403
120.173454	6	406
146.255970	6	405
173.503398	6	404
3384.93537	16	200
175.435781	6	407
3925.33540	16	164
121.953487	6	411
179.612398	6	408
113.964557	6	412
3690.54102	16	181
165.812730	6	409
228.500604	6	410
167.114973	6	415
192.973613	6	416
158.308029	6	418
228.238105	6	414
192.441940	6	417
275.319337	6	413
147.251605	6	421
182.276487	6	419
3675.27961	16	195
188.222646	6	420
4312.89124	16	154
3764.02449	16	191
170.583724	6	423
186.207294	6	422
112.466812	6	427
109.704971	6	428
177.857160	6	424
164.903163	6	426
107.409238	6	430
183.074712	6	425
110.410928	6	431
154.555082	6	429
72.6008415	6	437
1505.88583	16	345
166.635513	6	432
156.297206	6	433
142.120361	6	436
3964.38574	16	190
3813.75288	16	202
110.750913	6	440
162.708997	6	438
103.673219	6	442
104.412555	6	444
265.148401	6	434
109.962463	6	445
4499.44996	16	161
276.351690	6	435
117.870092	6	446
197.946786	6	443
4645.04742	16	156
163.750171	6	447
291.266918	6	439
1750.64420	16	346
238.520383	6	449
413.588523	6	441
267.251014	6	452
201.187610	6	457
168.995618	6	463
358.018398	6	451
1938.19427	16	349
300.790309	6	456
1992.56658	16	347
192.496538	6	464
281.644344	6	458
4302.98161	16	201
435.189247	6	450
218.663454	6	465
312.815189	6	459
289.907693	6	461
390.166282	6	455
316.919088	6	460
438.351869	6	453
1846.51374	16	362
4666.83459	16	180
324.679374	6	462
245.673179	6	470
169.238090	6	475
305.265903	6	467
182.497262	6	476
510.718107	6	454
1821.18487	16	369
296.880483	6	469
2169.16966	16	348
1833.39166	16	370
171.871662	6	480
221.604824	6	477
393.878221	6	466
330.348491	6	471
232.409477	6	478
260.266780	6	479
215.528964	6	482
365.888357	6	472
423.368215	6	468
2238.28339	16	350
2353.26027	16	343
722.681999	6	448
1860.88109	16	375
200.256824	6	485
2051.88226	16	364
244.577646	6	483
211.722612	6	486
246.913909	6	484
294.540882	6	481
2063.33875	16	365
1986.04607	16	371
440.110206	6	473
235.601186	6	488
2390.69414	16	351
2509.48858	16	344
112.728834	6	501
2058.57372	16	373
213.006258	6	495
2179.94236	16	367
142.893075	6	502
2400.48766	16	355
235.607862	6	497
251.175165	6	496
411.770582	6	487
281.012058	6	498
2100.49605	16	379
386.690616	6	492
372.781753	6	493
2354.03871	16	363
396.425962	6	494
479.829549	6	489
2276.67713	16	372
2451.87997	16	361
2595.62897	16	352
2362.24102	16	368
539.610624	6	491
348.256111	6	504
560.256719	6	490
2446.40922	16	366
2666.61906	16	353
817.251205	6	474
434.398174	6	500
372.215509	6	506
244.926929	6	516
380.069971	6	507
371.749401	6	508
415.800571	6	505
270.219087	6	517
381.294250	6	511
2741.85276	16	359
5346.17066	16	194
372.909307	6	519
679.675817	6	499
504.696607	6	514
452.073812	6	518
504.318475	6	515
437.335491	6	520
688.224554	6	503
386.306285	6	526
2920.54510	16	358
600.714921	6	512
660.378456	6	510
413.362741	6	528
647.533655	6	513
6050.55570	16	160
3025.36797	16	357
325.844049	6	538
746.119022	6	509
386.157035	6	536
429.658174	6	534
416.948080	6	535
422.742605	6	537
612.624406	6	524
644.465446	6	522
395.818233	6	540
619.691133	6	525
509.453296	6	533
595.229148	6	527
2900.29430	16	374
462.238788	6	539
368.013620	6	546
754.768610	6	521
493.475914	6	541
394.727230	6	548
419.631242	6	547
493.803739	6	542
466.414213	6	544
642.610311	6	532
467.406272	6	545
790.721416	6	523
516.933917	6	543
3333.95981	16	356
3005.03945	16	377
747.964859	6	529
718.755006	6	531
475.135087	6	550
492.043733	6	549
803.052425	6	530
3146.82435	16	378
150.254249	6	588
136.574983	6	589
147.763967	6	590
131.818532	6	592
193.351507	6	591
189.162969	6	594
590.496778	16	570
249.793767	6	595
177.630901	6	601
307.278156	6	593
243.979692	6	598
295.148372	6	597
349.380970	6	596
980.313539	16	552
312.609910	6	602
169.544219	6	611
291.168212	6	604
373.739004	6	599
374.527215	6	600
208.904981	6	610
259.434461	6	609
386.793851	6	603
352.541923	6	608
1008.69965	16	564
271.171808	6	615
229.341983	6	618
466.410160	6	606
373.579978	6	612
990.757465	16	572
319.999694	6	617
521.261692	6	605
255.622386	6	623
241.740703	6	624
407.132148	6	613
531.041860	6	607
347.242832	6	620
194.312572	6	632
922.913074	16	584
413.337469	6	619
389.956235	6	622
1248.75783	16	569
1053.75313	16	583
379.117012	6	628
1366.80197	16	562
601.839065	6	614
1120.14937	16	582
420.686960	6	629
1078.99475	16	586
408.972024	6	631
4211.16161	16	376
1462.60643	16	563
409.397602	6	635
1422.49822	16	567
1660.43734	16	551
612.130880	6	625
1504.95457	16	566
498.168468	6	634
4589.60008	16	360
531.075954	6	633
237.801074	6	653
696.307182	6	626
1408.57338	16	579
847.902059	6	616
552.568674	6	637
305.102825	6	654
725.548505	6	627
816.007852	6	621
686.031341	6	630
529.060363	6	641
528.374433	6	642
324.689626	6	655
334.511280	6	657
517.544507	6	648
1654.60419	16	573
414.983749	6	656
1916.61024	16	556
1494.69971	16	587
757.853746	6	636
534.049510	6	651
601.893424	6	647
2036.88335	16	553
1793.47300	16	571
5042.68717	16	354
499.000072	6	658
707.194328	6	646
1754.39524	16	577
629.060268	6	652
771.574258	6	643
2043.68734	16	561
1851.71222	16	576
381.648540	6	673
2182.25622	16	557
801.336526	6	650
952.424526	6	640
1948.49085	16	574
336.570978	6	681
2054.89969	16	568
654.966354	6	662
1038.73944	6	639
958.456516	6	645
643.957853	6	665
456.178188	6	678
2314.41807	16	555
565.371274	6	672
2046.23103	16	575
671.322345	6	667
1045.44949	6	644
732.451677	6	664
529.544591	6	677
654.446601	6	669
645.044803	6	670
801.828145	6	661
2000.36001	16	585
771.699905	6	666
571.721315	6	679
882.952928	6	659
699.380636	6	671
2113.29579	16	581
1301.43022	6	638
1002.16412	6	660
1201.26748	6	649
2569.83995	16	559
632.817506	6	688
2659.00754	16	554
713.432550	6	684
2634.03153	16	558
2353.27267	16	578
1000.87785	6	668
920.527458	6	674
436.761856	6	710
2665.59314	16	565
1278.58185	6	663
988.560438	6	683
621.051311	6	708
822.354316	6	699
1142.92359	6	680
764.150381	6	706
555.418252	6	720
649.285078	6	714
826.083183	6	703
676.909446	6	713
824.901819	6	705
1085.24274	6	689
633.481740	6	719
1071.35534	6	690
990.189313	6	698
1210.34407	6	686
724.324464	6	718
619.039535	6	725
1194.58055	6	687
1281.05521	6	682
1093.92523	6	694
697.604656	6	721
888.037443	6	709
708.683252	6	723
723.129987	6	722
1120.96619	6	696
1002.50029	6	704
1182.13963	6	692
1295.90845	6	685
1180.30810	6	693
835.163831	6	716
825.074911	6	717
1129.72736	6	697
1175.30965	6	695
1086.58814	6	702
682.740926	6	729
1498.26502	6	676
788.685560	6	724
1287.93883	6	691
1148.31066	6	701
1565.80305	6	675
972.126483	6	715
793.256282	6	728
1044.50607	6	711
549.548864	16	744
1032.52983	6	712
553.502082	16	745
863.178730	6	726
1294.05283	6	700
1191.61820	6	707
71.7034339	6	782
156.399965	6	781
1014.36805	6	727
140.107870	6	785
154.467582	6	784
174.690246	6	783
150.047063	6	788
148.886919	6	789
204.904317	6	786
93.6908721	6	793
128.473043	6	792
168.305635	6	790
163.011074	6	791
129.012823	6	794
270.605564	6	787
108.428478	6	797
127.036809	6	796
144.703149	6	795
83.1604003	6	801
133.107662	6	798
135.345935	6	799
156.121969	6	802
150.140762	6	803
146.878957	6	804
83.7879180	6	809
110.197544	6	808
177.859067	6	805
165.124654	6	806
111.152172	6	810
1160.68744	16	743
83.8389396	6	812
276.856184	6	800
175.675392	6	807
101.989984	6	813
1409.38496	16	730
120.369672	6	814
76.5879154	6	817
81.3848972	6	818
149.784088	6	816
124.717473	6	819
132.176160	6	820
1259.54103	16	748
283.011674	6	811
217.189073	6	815
85.9816074	6	824
192.990064	6	821
101.203441	6	827
135.003805	6	825
177.831172	6	826
145.034551	6	829
261.190176	6	822
250.355482	6	823
135.367155	6	831
180.945158	6	828
115.874052	6	834
124.871492	6	835
91.2199020	6	838
213.856935	6	830
182.409524	6	833
1677.18911	16	737
214.114189	6	832
1515.79713	16	749
215.595245	6	836
74.9795436	6	845
202.491760	6	837
183.270931	6	840
1775.85983	16	738
117.664813	6	846
205.294609	6	841
286.340951	6	839
99.6575355	6	853
1932.33466	16	735
183.866500	6	848
129.482507	6	852
214.303493	6	847
161.987543	6	851
1783.84518	16	747
192.212820	6	850
156.064510	6	854
329.574584	6	843
119.580984	6	857
136.045217	6	856
331.373214	6	844
148.756265	6	858
141.076564	6	859
295.384168	6	849
1571.35462	16	768
1659.88731	16	764
263.896942	6	855
478.035449	6	842
182.160854	6	861
1972.57828	16	746
119.967222	6	866
139.579296	6	865
1923.89750	16	750
162.176370	6	864
186.652660	6	863
234.413146	6	860
87.4919891	6	871
142.916917	6	868
118.724584	6	870
178.813695	6	867
254.899263	6	862
152.733802	6	874
242.268800	6	869
7649.31988	16	380
166.830539	6	875
2321.64740	16	736
246.334552	6	873
170.772552	6	879
146.198272	6	882
179.559946	6	880
2499.13096	16	731
139.024496	6	884
291.035175	6	877
381.788730	6	872
344.476222	6	876
2093.94669	16	765
1993.05796	16	772
319.635391	6	883
2322.19767	16	755
219.539880	6	893
271.873950	6	891
305.229663	6	889
2576.51019	16	742
432.830095	6	881
359.855413	6	886
2450.15931	16	751
2113.63506	16	773
2607.69057	16	741
2372.43723	16	757
2244.21620	16	766
2439.64004	16	754
274.856567	6	895
394.816637	6	887
2466.26472	16	753
490.043401	6	885
2837.96763	16	733
339.998245	6	896
369.001388	6	894
2400.23207	16	762
287.020206	6	900
360.294580	6	897
464.095830	6	890
2236.32359	16	775
2360.81194	16	767
346.524715	6	899
2480.46970	16	761
2236.41324	16	777
2364.96925	16	769
321.017026	6	904
289.052009	6	909
3027.35352	16	734
407.115459	6	906
822.988986	6	878
630.055427	6	892
2754.28962	16	756
2647.43113	16	763
483.558177	6	905
248.258352	6	925
2619.81105	16	770
401.365041	6	916
2540.39978	16	776
459.271192	6	913
821.241617	6	888
530.344963	6	908
695.307731	6	898
335.631847	6	924
544.569492	6	912
345.103263	6	928
3255.61714	16	739
766.162395	6	902
776.687145	6	903
574.498653	6	921
716.218471	6	911
548.485279	6	923
565.653085	6	922
409.518480	6	933
728.098392	6	915
2948.46677	16	771
598.534584	6	926
589.081048	6	927
1006.47187	6	901
513.647556	6	939
516.203165	6	940
619.087934	6	936
402.444124	6	952
1070.35732	6	907
1034.25908	6	910
454.974174	6	951
3173.59995	16	774
3102.14400	16	779
3412.36448	16	759
833.942890	6	931
572.283983	6	949
655.311346	6	948
1083.63628	6	919
899.471998	6	932
359.439611	6	970
742.940664	6	945
1007.47442	6	930
583.924055	6	959
858.028650	6	942
3639.48082	16	758
3751.89614	16	752
567.445039	6	962
995.912790	6	934
841.216802	6	946
1274.23572	6	917
1319.05698	6	914
795.773744	6	950
732.058048	6	954
886.185884	6	944
767.033576	6	953
707.288265	6	960
758.961439	6	957
772.654771	6	956
973.234415	6	943
699.516296	6	961
917.654037	6	947
613.116979	6	968
691.347837	6	963
1359.74168	6	918
1036.30757	6	941
644.633531	6	967
796.052217	6	958
1228.16109	6	929
634.434700	6	969
683.544635	6	966
610.646963	6	971
699.956178	6	965
602.840900	6	972
1383.78167	6	920
1129.21214	6	938
735.353231	6	964
1156.35347	6	937
1238.62361	6	935
946.224927	6	955
4354.03537	16	732
124.437808	6	1023
153.555631	6	1022
139.354228	6	1024
134.670019	6	1025
130.719900	6	1026
165.443420	6	1029
150.187492	6	1033
202.668428	6	1031
193.848609	6	1032
293.554067	6	1027
128.875732	6	1038
155.901670	6	1037
181.071758	6	1036
200.365543	6	1035
342.834234	6	1028
1038.17176	16	981
191.794633	6	1040
176.207065	6	1041
346.403837	6	1030
118.570089	6	1045
104.654312	6	1051
7244.87781	16	580
188.927650	6	1046
391.673803	6	1034
331.667900	6	1039
148.995161	6	1052
199.366807	6	1049
156.066656	6	1053
202.687263	6	1050
317.861318	6	1043
309.128046	6	1044
268.575906	6	1048
372.030973	6	1042
307.629585	6	1047
1183.18653	16	989
191.151380	6	1056
248.025417	6	1059
282.038211	6	1058
1082.63897	16	1010
346.038818	6	1060
305.692195	6	1063
287.300348	6	1066
380.395650	6	1062
301.795721	6	1068
480.240106	6	1057
382.632493	6	1065
476.881980	6	1061
1641.94917	16	983
365.599632	6	1069
349.791765	6	1072
400.471210	6	1070
383.864402	6	1071
1320.27125	16	1011
473.809957	6	1067
1494.63534	16	1001
333.278894	6	1078
1473.19149	16	1003
400.127410	6	1076
360.370874	6	1082
276.988029	6	1087
1797.61528	16	987
527.182102	6	1074
858.359336	6	1054
491.282701	6	1079
450.658798	6	1084
781.096696	6	1064
489.446640	6	1083
949.550628	6	1055
495.205640	6	1086
452.271938	6	1089
5136.27958	16	780
422.140359	6	1091
379.915952	6	1094
2074.93209	16	984
481.767177	6	1090
581.009149	6	1085
434.067010	6	1095
284.475326	6	1104
340.886592	6	1101
2042.17004	16	992
2022.89962	16	994
346.366643	6	1103
856.127738	6	1073
736.016750	6	1081
754.670619	6	1080
1779.01768	16	1014
419.953584	6	1102
347.311973	6	1107
484.625339	6	1099
2151.92770	16	991
1944.53930	16	1006
561.997413	6	1096
880.543708	6	1077
411.539793	6	1106
2293.77174	16	985
2250.01573	16	988
1964.58125	16	1009
256.812572	6	1118
385.326385	6	1111
2093.75071	16	1002
438.649654	6	1110
1013.22269	6	1075
683.761835	6	1097
776.686191	6	1093
2600.84915	16	974
807.080268	6	1092
2236.77682	16	999
552.178621	6	1108
370.141506	6	1120
1934.45873	16	1021
2231.21118	16	1004
2044.08431	16	1017
2118.58940	16	1012
683.142662	6	1105
559.932470	6	1112
2257.99536	16	1005
2485.62669	16	990
626.196384	6	1113
6330.92331	16	740
1069.83733	6	1088
569.498538	6	1119
631.305694	6	1121
983.049869	6	1100
2801.72085	16	982
756.786346	6	1114
2908.49494	16	977
5949.60999	16	778
787.622690	6	1116
2495.68128	16	1008
521.842479	6	1133
2523.28872	16	1007
837.312936	6	1115
547.486782	6	1135
754.818916	6	1125
639.290809	6	1134
341.314792	6	1155
460.106134	6	1149
762.925148	6	1131
439.149141	6	1152
997.279644	6	1117
914.363145	6	1122
854.039192	6	1127
543.191194	6	1148
1357.03730	6	1098
462.598323	6	1154
865.093946	6	1128
670.175552	6	1141
955.504417	6	1123
540.031433	6	1150
849.680185	6	1130
591.233253	6	1147
700.993537	6	1140
538.037776	6	1151
836.173534	6	1132
688.386917	6	1142
2921.77820	16	1000
741.165637	6	1139
433.004379	6	1159
912.621498	6	1129
540.033817	6	1153
672.844171	6	1145
966.950178	6	1126
1254.27317	6	1109
813.952684	6	1136
702.815055	6	1144
1011.09409	6	1124
498.352050	6	1157
2724.52902	16	1016
673.966646	6	1146
798.077821	6	1138
827.721834	6	1137
549.678325	6	1156
519.053220	6	1158
781.545400	6	1143
3243.50929	16	986
3248.54707	16	996
88.2694721	6	1201
109.283685	6	1200
81.4270973	6	1202
112.881660	6	1205
117.168664	6	1206
125.409126	6	1207
190.202474	6	1203
176.711559	6	1204
118.743896	6	1208
94.7132110	6	1210
259.461879	6	1199
830.730199	16	1162
59.7524642	6	1213
122.875928	6	1209
111.284732	6	1211
169.367790	6	1212
104.507923	6	1216
146.770715	6	1214
132.936239	6	1215
107.554197	6	1218
133.278369	6	1221
149.323225	6	1220
67.4593448	6	1226
137.619256	6	1222
132.358551	6	1223
92.6911830	6	1227
139.403104	6	1225
3683.33888	16	997
229.831933	6	1219
156.012058	6	1224
283.245563	6	1217
106.279373	6	1233
92.3242568	6	1234
137.666225	6	1231
176.051855	6	1229
134.459257	6	1232
93.9919948	6	1235
3568.32289	16	1013
225.632190	6	1228
196.136713	6	1230
119.588851	6	1237
4119.71759	16	979
1248.06427	16	1163
126.872062	6	1238
113.619804	6	1239
3944.27561	16	993
216.940164	6	1236
4214.26177	16	978
148.322582	6	1241
4260.71262	16	976
1402.73261	16	1161
120.481252	6	1246
149.700403	6	1245
203.955650	6	1243
152.933835	6	1247
137.228965	6	1248
235.954046	6	1242
286.473751	6	1240
1304.02231	16	1174
262.069702	6	1244
119.377613	6	1253
142.669916	6	1252
120.132923	6	1254
209.686279	6	1249
161.473512	6	1255
157.284259	6	1256
284.859418	6	1250
1573.94289	16	1167
207.800865	6	1259
202.374458	6	1260
1607.88846	16	1168
345.548868	6	1251
150.639772	6	1267
246.217727	6	1261
206.965446	6	1266
257.355451	6	1264
355.672836	6	1258
1463.43946	16	1187
341.648817	6	1262
1764.12963	16	1169
1753.71694	16	1171
288.977861	6	1268
11108.4780	16	560
254.767417	6	1271
231.670856	6	1274
498.898983	6	1257
1798.51055	16	1172
1941.16401	16	1166
128.763198	6	1286
1729.73442	16	1182
1681.10322	16	1186
516.950130	6	1263
229.634523	6	1284
286.167860	6	1280
177.917242	6	1288
4393.81361	16	1018
1618.70670	16	1194
483.043670	6	1270
465.847969	6	1272
362.587213	6	1279
1744.76242	16	1189
301.896572	6	1285
1863.52992	16	1183
181.353330	6	1294
290.518999	6	1287
387.441635	6	1281
489.617824	6	1275
1926.61380	16	1181
276.922225	6	1291
1922.11675	16	1184
2046.79059	16	1176
441.698312	6	1283
652.978420	6	1269
558.644294	6	1278
1999.87840	16	1185
438.034057	6	1290
644.726753	6	1276
328.229904	6	1297
269.626140	6	1301
820.278882	6	1265
1985.85247	16	1188
671.142816	6	1277
519.069194	6	1289
2322.09205	16	1170
630.375385	6	1282
475.045680	6	1293
2459.51819	16	1164
523.999691	6	1292
460.385799	6	1296
2055.60064	16	1191
498.810529	6	1295
382.979631	6	1305
2057.23166	16	1196
894.645214	6	1273
484.512805	6	1302
551.476240	6	1298
2387.75277	16	1179
342.491865	6	1314
2218.31130	16	1192
401.954174	6	1313
2309.77630	16	1190
8930.75704	16	760
522.365570	6	1309
290.032863	6	1328
687.874555	6	1304
5133.97717	16	1019
2826.18212	16	1165
386.416435	6	1327
667.758464	6	1310
5510.63108	16	998
5558.14313	16	995
796.436548	6	1303
5907.42826	16	973
706.673145	6	1311
629.486083	6	1316
554.531097	6	1321
709.214210	6	1312
659.318685	6	1315
520.781278	6	1324
5338.47451	16	1015
929.119586	6	1300
811.894178	6	1308
614.922285	6	1323
3141.38698	16	1160
3001.80196	16	1173
1084.86008	6	1299
681.751966	6	1325
2640.96713	16	1197
649.189710	6	1330
640.945196	6	1331
612.238883	6	1333
635.894775	6	1332
543.221712	6	1339
514.577150	6	1342
577.185630	6	1338
677.304506	6	1334
594.202518	6	1340
673.913240	6	1335
1114.00389	6	1307
543.014526	6	1345
452.745437	6	1351
1148.75197	6	1306
613.864421	6	1341
933.082818	6	1320
599.180936	6	1344
538.954257	6	1350
983.531951	6	1322
637.488842	6	1347
912.488460	6	1329
434.131145	6	1360
615.843534	6	1349
587.613821	6	1353
457.307815	6	1362
702.579975	6	1348
635.553359	6	1352
1158.27965	6	1318
745.530605	6	1346
790.765285	6	1343
638.184309	6	1354
588.920593	6	1358
641.158342	6	1355
620.338916	6	1357
931.375980	6	1337
525.889873	6	1363
557.478189	6	1361
1099.82943	6	1326
1242.48766	6	1317
956.750869	6	1336
1227.56409	6	1319
631.032943	6	1359
724.417209	6	1356
98.0949401	6	1399
104.326963	6	1400
90.0304317	6	1403
84.0013027	6	1404
91.9895172	6	1406
175.295829	6	1401
165.065288	6	1402
181.554079	6	1405
124.339342	6	1410
220.076799	6	1407
193.117618	6	1409
3531.47053	16	1193
617.618560	16	1383
176.337718	6	1415
242.434501	6	1411
272.189140	6	1412
337.664365	6	1408
181.453943	6	1419
3916.38445	16	1177
246.258497	6	1418
191.673278	6	1422
233.323574	6	1420
348.042964	6	1413
240.270614	6	1423
384.527683	6	1414
6523.88525	16	1020
924.438476	16	1381
254.174470	6	1426
220.043659	6	1430
423.539161	6	1417
450.121879	6	1416
397.327184	6	1421
291.094303	6	1428
314.585685	6	1427
4131.49619	16	1178
288.263797	6	1431
334.971904	6	1429
338.959693	6	1432
298.426866	6	1440
431.634426	6	1433
412.159204	6	1438
650.111198	6	1424
4388.47470	16	1180
333.056926	6	1445
683.782339	6	1425
1544.70539	16	1369
1603.82580	16	1366
494.580507	6	1437
471.266269	6	1439
302.734613	6	1451
474.079847	6	1442
369.102478	6	1450
419.907331	6	1448
631.174087	6	1435
666.863918	6	1434
1408.33544	16	1387
1687.99972	16	1371
487.981081	6	1449
1735.47863	16	1370
705.461740	6	1436
463.985204	6	1454
661.898136	6	1441
449.303865	6	1455
1549.50284	16	1386
1669.07501	16	1379
1514.66751	16	1389
456.819057	6	1458
1926.16152	16	1365
1911.28468	16	1367
480.881214	6	1459
1594.67482	16	1388
7911.00072	16	980
1835.16097	16	1374
521.460056	6	1460
633.211135	6	1453
575.627326	6	1457
1936.12837	16	1372
651.826381	6	1456
2024.92213	16	1368
726.768255	6	1452
1853.30033	16	1380
863.309860	6	1444
837.144136	6	1447
457.401752	6	1479
1820.38116	16	1390
483.725309	6	1478
692.973136	6	1464
620.578765	6	1470
577.100753	6	1473
1976.59277	16	1385
521.667242	6	1480
2353.39188	16	1364
1125.99396	6	1443
1900.66838	16	1394
556.057214	6	1483
834.697008	6	1465
775.468587	6	1469
1955.76071	16	1392
875.673770	6	1463
1922.74951	16	1397
795.639991	6	1471
2255.75852	16	1377
2195.40309	16	1382
958.641529	6	1462
431.031227	6	1498
688.168764	6	1482
493.309497	6	1494
1012.22419	6	1461
664.797306	6	1484
717.612743	6	1481
2035.92228	16	1396
887.913465	6	1472
878.322601	6	1474
2116.38784	16	1393
2461.15016	16	1373
1014.24694	6	1467
433.910846	6	1505
904.287338	6	1477
2220.61252	16	1391
740.173578	6	1488
2386.04235	16	1384
2524.01733	16	1376
509.732961	6	1506
628.864526	6	1499
996.473312	6	1476
1146.50750	6	1468
658.159494	6	1500
565.262794	6	1508
1234.66396	6	1466
1541.35441	6	1446
618.785858	6	1507
696.553945	6	1503
621.133089	6	1511
927.684545	6	1493
510.152339	6	1520
506.675243	6	1521
669.957637	6	1512
1064.68772	6	1487
806.203126	6	1504
858.200788	6	1501
726.548910	6	1510
404.003143	6	1531
1024.22237	6	1491
458.767175	6	1528
763.809442	6	1509
890.342950	6	1502
1164.68691	6	1486
660.342454	6	1519
1016.15571	6	1496
774.193286	6	1513
562.520980	6	1527
579.075574	6	1526
703.039169	6	1518
1381.82020	6	1475
1128.33833	6	1492
491.898775	6	1533
517.740964	6	1532
466.406345	6	1536
1261.99269	6	1485
808.597087	6	1514
659.338712	6	1524
819.360733	6	1515
694.849491	6	1523
812.872409	6	1516
542.336225	6	1534
689.728021	6	1525
765.083551	6	1522
1179.23283	6	1495
644.987344	6	1530
583.250522	6	1535
1287.18352	6	1490
871.260643	6	1517
1192.60287	6	1497
708.720207	6	1529
1340.90900	6	1489
554.362297	16	1546
131.432056	6	1576
116.561412	6	1577
107.273340	6	1579
133.450984	6	1578
109.686374	6	1581
9481.27889	16	975
90.6076431	6	1584
152.822494	6	1580
81.0718536	6	1585
91.8426513	6	1586
182.694435	6	1582
93.2917594	6	1588
111.226081	6	1587
98.9711284	6	1589
888.585567	16	1539
115.370750	6	1591
147.431850	6	1590
127.229690	6	1592
118.921995	6	1593
89.1253948	6	1595
106.209516	6	1594
298.943758	6	1583
110.561609	6	1597
3487.49041	16	1378
1041.49913	16	1537
185.487508	6	1596
141.432285	6	1602
114.963769	6	1604
212.031126	6	1598
1102.56743	16	1540
120.079517	6	1606
164.290189	6	1603
208.852052	6	1600
141.281127	6	1605
242.270946	6	1599
71.6006755	6	1611
137.904644	6	1607
96.4021682	6	1610
259.499788	6	1601
6529.49190	16	1198
223.193168	6	1609
1019.70982	16	1556
179.917335	6	1614
196.716308	6	1613
170.183420	6	1615
286.283016	6	1608
188.407897	6	1616
185.384988	6	1617
268.393039	6	1612
212.183713	6	1618
190.080165	6	1620
95.0686931	6	1626
138.444185	6	1625
231.190443	6	1619
1268.95618	16	1551
1250.66947	16	1553
126.250267	6	1628
1237.67900	16	1554
1463.31262	16	1541
255.118846	6	1623
293.558359	6	1621
172.269821	6	1629
257.795810	6	1624
1387.95471	16	1549
310.171842	6	1622
232.274293	6	1627
1159.72757	16	1566
1552.46686	16	1542
238.540649	6	1630
1516.40748	16	1545
244.145870	6	1635
297.463893	6	1632
351.967573	6	1631
1215.69538	16	1573
299.958467	6	1636
323.886871	6	1637
198.406934	6	1646
256.711006	6	1645
1306.34379	16	1574
308.775901	6	1643
266.675472	6	1647
466.268539	6	1633
408.357381	6	1638
467.407226	6	1634
266.169309	6	1649
1423.45547	16	1571
1437.59918	16	1570
273.455381	6	1650
1465.41905	16	1572
1512.77041	16	1569
7592.50378	16	1175
1907.45353	16	1547
315.299749	6	1655
1661.51404	16	1565
1636.62886	16	1567
411.273717	6	1652
529.324054	6	1644
1786.38577	16	1559
307.282924	6	1661
458.421945	6	1651
1801.93543	16	1562
663.214206	6	1639
322.262048	6	1665
459.826231	6	1656
461.374282	6	1657
1904.69026	16	1561
724.209070	6	1641
523.585557	6	1658
313.131332	6	1673
773.370981	6	1642
288.562774	6	1679
565.588712	6	1660
276.564359	6	1681
771.726846	6	1648
446.634769	6	1671
924.337387	6	1640
2254.28175	16	1552
448.791265	6	1675
789.544343	6	1653
2044.00491	16	1568
618.973731	6	1666
725.921630	6	1659
650.721549	6	1664
2186.38539	16	1560
545.602798	6	1672
809.801340	6	1654
725.527524	6	1662
499.082803	6	1678
661.298751	6	1667
535.233497	6	1676
439.849376	6	1682
434.191226	6	1683
318.644046	6	1692
352.100372	6	1693
794.128179	6	1663
371.073722	6	1695
476.342678	6	1688
436.536073	6	1691
525.341749	6	1685
606.591463	6	1680
772.636651	6	1670
589.656114	6	1684
618.593692	6	1686
2642.43793	16	1550
555.478811	6	1696
5145.29824	16	1395
526.932716	6	1701
570.596456	6	1698
827.364206	6	1687
2909.45553	16	1548
778.265714	6	1694
1201.32780	6	1668
3068.79878	16	1543
820.510149	6	1699
734.540462	6	1708
433.080673	6	1728
900.023221	6	1697
866.625308	6	1700
3000.98967	16	1557
2898.59175	16	1564
624.463558	6	1720
1077.81863	6	1690
782.917261	6	1710
631.412982	6	1721
685.446262	6	1718
691.311836	6	1719
1370.67079	6	1674
488.560199	6	1733
791.188716	6	1713
948.511838	6	1703
996.834039	6	1702
546.522617	6	1732
3051.01394	16	1563
871.338129	6	1711
627.321481	6	1727
649.235010	6	1726
575.957536	6	1731
870.057582	6	1712
797.895669	6	1717
711.044788	6	1724
746.627330	6	1722
3494.05837	16	1538
1028.00512	6	1704
987.783670	6	1707
1007.71665	6	1706
1271.02613	6	1689
1459.69748	6	1677
544.416666	6	1738
981.216430	6	1709
1580.36208	6	1669
1042.72508	6	1705
567.222595	6	1737
695.226907	6	1729
934.257030	6	1714
804.446458	6	1723
919.349670	6	1716
643.841743	6	1736
805.987834	6	1725
741.144895	6	1730
976.375102	6	1715
692.203998	6	1734
719.633102	6	1735
5956.40516	16	1398
87.7211093	6	1787
68.7253475	6	1790
103.787422	6	1788
146.938800	6	1793
211.422443	6	1789
189.780712	6	1792
135.723590	6	1797
229.824542	6	1791
203.333139	6	1796
226.819753	6	1795
233.092069	6	1798
265.715837	6	1799
4126.65414	16	1544
3970.68810	16	1555
9517.30394	16	1195
331.302404	6	1804
321.288824	6	1805
411.244153	6	1800
1335.80732	16	1741
200.613737	6	1819
260.080337	6	1817
615.038871	6	1794
405.869483	6	1808
360.594511	6	1812
531.627416	6	1801
502.086877	6	1806
551.555395	6	1803
581.170558	6	1802
511.713266	6	1807
1404.29091	16	1750
417.828321	6	1815
331.890344	6	1822
470.125913	6	1814
1274.57690	16	1762
295.185804	6	1829
503.575325	6	1818
433.341026	6	1823
479.910373	6	1825
1614.70627	16	1751
681.902408	6	1813
499.286413	6	1827
514.937162	6	1826
764.878511	6	1811
453.722238	6	1831
480.550289	6	1830
425.205230	6	1834
376.314878	6	1839
627.116680	6	1824
539.310932	6	1832
798.613071	6	1816
269.539594	6	1852
244.647026	6	1854
958.716392	6	1810
2013.52047	16	1742
1397.67432	16	1782
431.514978	6	1846
339.879989	6	1853
443.582534	6	1847
741.622924	6	1828
1768.09000	16	1763
1857.42211	16	1757
1737.77675	16	1765
580.934047	6	1842
643.998622	6	1838
572.544574	6	1844
645.279407	6	1840
1966.75539	16	1756
1766.63422	16	1771
670.248746	6	1845
1068.36652	6	1820
411.756038	6	1862
1855.62205	16	1770
526.715517	6	1858
543.470382	6	1857
563.764810	6	1856
925.468206	6	1833
661.821603	6	1850
550.366163	6	1860
741.859436	6	1849
2096.77314	16	1764
884.822368	6	1843
1955.26146	16	1773
628.640890	6	1859
1242.75350	6	1821
554.795742	6	1863
829.381942	6	1848
1033.81919	6	1836
747.748374	6	1855
1980.77011	16	1776
605.109930	6	1864
592.685699	6	1865
5246.44875	16	1558
1516.05582	6	1809
879.160642	6	1851
633.644819	6	1866
2588.29188	16	1743
405.524730	6	1882
2489.10927	16	1752
2272.68385	16	1766
2376.59645	16	1761
478.544712	6	1881
309.838533	6	1891
2731.88424	16	1740
2108.14023	16	1781
1264.61291	6	1837
718.533992	6	1871
2362.68544	16	1767
699.723958	6	1873
1338.49310	6	1835
8367.84720	16	1375
832.059860	6	1868
802.089214	6	1870
1329.31184	6	1841
2336.37857	16	1777
2225.18110	16	1786
2430.25517	16	1774
364.276885	6	1902
2892.45390	16	1744
683.194398	6	1884
1086.01713	6	1861
803.451061	6	1877
1030.97558	6	1867
2841.33481	16	1753
697.325468	6	1889
2862.55455	16	1754
754.152774	6	1888
2672.33943	16	1768
1092.86832	6	1869
438.068866	6	1907
806.391716	6	1886
460.421085	6	1906
825.719833	6	1885
668.312549	6	1894
557.515382	6	1901
1040.67254	6	1874
423.964977	6	1910
532.691001	6	1904
530.081748	6	1905
982.330083	6	1880
3066.32781	16	1748
650.406837	6	1900
1084.94567	6	1875
841.696262	6	1890
432.647228	6	1914
681.686162	6	1899
825.624227	6	1893
551.846742	6	1908
1068.81618	6	1879
754.559516	6	1897
660.171508	6	1903
412.801027	6	1918
2968.26481	16	1760
945.868492	6	1887
748.959064	6	1898
1142.84276	6	1876
3194.86117	16	1746
442.111253	6	1917
1037.57023	6	1883
547.024250	6	1911
520.797967	6	1913
1145.04003	6	1878
514.905929	6	1915
854.223012	6	1895
2848.50454	16	1772
649.539709	6	1909
967.450618	6	1892
3298.37369	16	1745
1311.29932	6	1872
907.247066	6	1896
645.186424	6	1912
599.215984	6	1916
5886.22760	16	1575
2885.42056	16	1778
76.4870643	6	1954
98.2887744	6	1955
105.177402	6	1957
61.7547035	6	1961
116.569519	6	1959
172.131538	6	1956
83.8713645	6	1962
138.561487	6	1960
94.3851470	6	1963
254.804372	6	1953
94.0606594	6	1965
96.3652133	6	1966
783.895730	16	1921
104.785203	6	1967
246.872186	6	1958
104.093313	6	1968
182.322263	6	1964
661.167144	16	1933
3117.10882	16	1783
142.188310	6	1970
659.250974	16	1936
169.705867	6	1969
156.347751	6	1971
112.758874	6	1974
99.5967388	6	1975
147.027969	6	1972
153.767824	6	1973
78.1803131	6	1979
73.8785266	6	1980
141.083240	6	1976
137.321710	6	1977
193.623065	6	1978
135.258674	6	1983
3378.78990	16	1780
1107.51271	16	1922
171.746969	6	1984
211.618423	6	1982
85.2403640	6	1991
1103.59978	16	1926
232.318401	6	1985
189.150333	6	1989
260.213851	6	1986
174.198389	6	1992
231.601953	6	1988
191.258430	6	1993
1106.78505	16	1934
282.252073	6	1990
463.705062	6	1981
390.035867	6	1987
1138.52834	16	1937
219.696521	6	2002
340.457439	6	1994
332.090377	6	1996
342.727661	6	1998
1431.44965	16	1927
424.796342	6	1995
279.503822	6	2005
304.152727	6	2004
396.285057	6	2000
4406.64482	16	1747
377.521991	6	2003
442.800521	6	1999
4273.17500	16	1758
398.477315	6	2006
288.734674	6	2014
377.243041	6	2009
1322.41177	16	1947
341.316461	6	2013
436.829090	6	2008
571.054935	6	2001
1680.63545	16	1928
371.005296	6	2015
1481.20474	16	1941
275.959730	6	2022
247.846126	6	2025
1491.35875	16	1942
353.753328	6	2018
545.142650	6	2007
1591.42851	16	1938
4547.96981	16	1755
4186.98596	16	1779
525.356531	6	2011
4292.67978	16	1775
214.245557	6	2034
1536.84401	16	1946
1891.02053	16	1923
418.313741	6	2021
245.000839	6	2033
784.480333	6	1997
499.885559	6	2017
1609.81440	16	1943
4442.71087	16	1769
4763.40699	16	1749
619.427204	6	2012
257.444143	6	2042
416.179418	6	2032
346.041917	6	2037
544.600963	6	2024
1832.32665	16	1940
507.293224	6	2031
844.664096	6	2010
566.455125	6	2030
2095.30806	16	1930
538.018941	6	2035
622.976303	6	2036
2025.89035	16	1944
318.981647	6	2058
473.998546	6	2048
470.993995	6	2049
933.890819	6	2020
2050.44960	16	1950
1019.75083	6	2019
5432.75356	16	1739
2287.20116	16	1935
412.518262	6	2061
1028.35226	6	2023
467.370748	6	2060
716.427087	6	2045
1009.95826	6	2026
1059.63826	6	2027
857.248544	6	2041
1252.74562	6	2016
1100.68941	6	2028
868.743419	6	2043
2607.17248	16	1929
2834.32507	16	1919
1006.33096	6	2040
759.618043	6	2057
2405.36427	16	1948
615.661144	6	2067
831.974267	6	2055
872.041702	6	2053
975.115776	6	2047
778.892517	6	2063
835.814237	6	2062
2914.28899	16	1925
3004.57835	16	1920
1050.93264	6	2051
1253.29804	6	2038
788.693904	6	2068
2866.18900	16	1931
1246.78349	6	2039
1028.16343	6	2054
804.081678	6	2069
788.691997	6	2071
699.279069	6	2079
1110.20278	6	2052
2668.33972	16	1949
559.197664	6	2090
1114.25614	6	2056
891.315460	6	2072
5840.37160	16	1759
651.673316	6	2092
874.866008	6	2078
1055.90415	6	2066
749.816179	6	2087
394.757270	6	2112
987.810850	6	2075
485.623121	6	2109
1000.96940	6	2076
991.105556	6	2077
1502.83479	6	2044
731.041193	6	2098
1231.61506	6	2065
494.040966	6	2115
1199.67126	6	2070
861.782789	6	2093
1318.57657	6	2064
728.999376	6	2103
1855.80921	6	2029
665.026664	6	2108
770.916700	6	2101
525.177717	6	2119
883.714675	6	2096
523.059844	6	2120
1251.06430	6	2073
1604.75945	6	2050
927.464962	6	2095
780.271053	6	2105
1163.64669	6	2080
1483.47020	6	2059
709.253549	6	2110
914.551019	6	2097
3401.18861	16	1932
1153.33938	6	2083
1092.01908	6	2089
1173.86579	6	2085
1237.44273	6	2081
960.540533	6	2100
768.074750	6	2113
941.945552	6	2102
1155.34067	6	2088
712.460756	6	2117
698.878049	6	2118
1196.12073	6	2086
1798.68340	6	2046
1382.20739	6	2074
818.989753	6	2111
902.599573	6	2107
687.160253	6	2121
961.512804	6	2104
1116.99438	6	2094
1320.33228	6	2082
1064.92662	6	2099
1188.66562	6	2091
963.690042	6	2106
827.141523	6	2116
857.833623	6	2114
1359.49516	6	2084
6158.27298	16	1784
115.558385	6	2175
107.107162	6	2177
173.794269	6	2176
151.027679	6	2179
149.172544	6	2180
134.882688	6	2181
185.895919	6	2178
1047.19996	16	2123
142.256975	6	2183
167.754173	6	2185
163.290262	6	2187
1097.71990	16	2126
183.344602	6	2188
150.209426	6	2193
179.525852	6	2191
274.439334	6	2186
182.317733	6	2192
240.855693	6	2190
4289.17527	16	1924
380.247592	6	2182
146.122932	6	2198
4010.32853	16	1945
6603.62577	16	1785
233.468770	6	2195
999.820709	16	2146
143.512725	6	2203
386.114597	6	2189
464.012145	6	2184
287.697792	6	2196
270.456314	6	2199
355.682849	6	2194
286.959648	6	2200
241.361141	6	2204
220.221042	6	2210
298.422813	6	2205
218.218803	6	2212
281.492233	6	2208
204.808235	6	2213
387.384414	6	2201
4372.08700	16	1939
214.121818	6	2215
205.024003	6	2216
1274.59883	16	2147
287.016630	6	2211
290.628194	6	2214
485.642671	6	2202
239.467620	6	2219
221.789360	6	2220
479.482889	6	2206
158.051490	6	2227
346.926450	6	2217
536.491632	6	2207
306.264638	6	2223
726.368188	6	2197
397.128105	6	2221
4505.89537	16	1951
314.218282	6	2228
1375.71692	16	2160
299.924373	6	2229
345.094680	6	2230
452.769756	6	2224
1733.97064	16	2141
1962.91780	16	2127
509.247541	6	2222
715.239048	6	2209
650.135040	6	2218
1571.01726	16	2161
2158.40220	16	2122
586.745023	6	2225
476.012229	6	2232
640.243053	6	2226
1768.64552	16	2154
602.686882	6	2231
562.130212	6	2234
472.153425	6	2240
442.669391	6	2243
428.153991	6	2244
561.135768	6	2236
465.902328	6	2242
2188.20977	16	2134
2126.08885	16	2138
2192.75021	16	2135
4962.51797	16	1952
281.538963	6	2261
595.246553	6	2241
663.876771	6	2239
375.086784	6	2258
716.353178	6	2237
699.204683	6	2238
792.093753	6	2233
429.619789	6	2256
768.013477	6	2235
2007.17163	16	2157
482.810258	6	2257
386.034727	6	2264
2028.22947	16	2159
1901.22127	16	2167
2545.87125	16	2125
645.205736	6	2248
480.950355	6	2259
717.617273	6	2245
2084.34700	16	2158
508.016347	6	2260
391.394853	6	2268
688.200235	6	2250
647.343397	6	2253
500.153779	6	2263
754.966735	6	2247
387.663125	6	2271
2531.14128	16	2133
493.142604	6	2266
452.632665	6	2269
2457.80444	16	2140
771.547317	6	2249
697.118282	6	2255
840.358972	6	2246
2167.22822	16	2162
448.055744	6	2272
624.224185	6	2262
794.046163	6	2251
2333.11843	16	2155
465.076446	6	2276
566.774845	6	2270
502.846479	6	2275
628.848791	6	2267
478.872299	6	2277
843.098878	6	2254
390.323162	6	2283
2597.57089	16	2142
460.771322	6	2280
2814.73374	16	2129
981.259346	6	2252
555.290222	6	2281
834.777116	6	2265
625.697612	6	2279
577.343225	6	2282
543.274879	6	2285
2659.79170	16	2150
2285.27569	16	2174
668.786764	6	2278
516.534328	6	2288
2465.53969	16	2165
2983.84022	16	2132
2473.93441	16	2166
440.717458	6	2296
590.207099	6	2287
472.176790	6	2295
594.888210	6	2289
2989.46571	16	2137
538.242340	6	2294
491.428136	6	2297
916.699647	6	2273
603.384494	6	2293
756.187438	6	2284
354.275703	6	2310
678.505420	6	2290
341.629743	6	2311
573.278427	6	2298
569.581031	6	2299
408.926486	6	2309
698.355197	6	2292
2944.99945	16	2149
309.016704	6	2317
499.500036	6	2305
741.172075	6	2291
565.090417	6	2303
383.864879	6	2315
401.726245	6	2314
625.859498	6	2300
611.045837	6	2301
379.626274	6	2316
1063.07935	6	2274
611.330509	6	2302
452.404499	6	2312
582.340478	6	2304
3118.80350	16	2145
567.701339	6	2307
483.566284	6	2313
604.505300	6	2306
951.843261	6	2286
596.475839	6	2308
3403.10525	16	2131
450.566053	16	2322
386.676788	16	2335
115.809440	6	2355
139.755725	6	2354
3297.69754	16	2153
138.473749	6	2356
131.194591	6	2357
139.967441	6	2358
112.583398	6	2362
250.418424	6	2353
108.122587	6	2363
138.196229	6	2361
142.966270	6	2364
141.418933	6	2365
257.241964	6	2359
3638.52024	16	2144
284.318447	6	2360
260.049819	6	2366
248.573780	6	2367
239.171028	6	2368
194.284677	6	2371
3558.11667	16	2156
268.552303	6	2369
160.469055	6	2376
258.596897	6	2370
196.392536	6	2375
3862.01643	16	2139
238.447189	6	2373
189.675331	6	2377
270.651817	6	2372
761.842489	16	2342
1118.23248	16	2320
166.765451	6	2383
1185.47844	16	2318
214.615583	6	2384
300.430297	6	2380
119.484901	6	2395
157.917022	6	2393
1154.22892	16	2327
1058.10165	16	2334
397.993087	6	2379
149.291992	6	2397
303.777456	6	2388
216.809511	6	2394
310.406208	6	2389
378.771066	6	2385
554.380178	6	2374
374.208927	6	2386
362.732410	6	2387
228.210449	6	2396
308.257579	6	2391
459.372520	6	2381
297.101497	6	2392
345.030784	6	2390
545.154333	6	2378
227.548360	6	2400
248.834133	6	2399
514.586687	6	2382
4350.40402	16	2136
294.496536	6	2398
4295.98259	16	2143
1126.17492	16	2347
3865.24176	16	2172
1585.17169	16	2319
1319.18764	16	2336
1292.44995	16	2340
4585.60109	16	2130
1386.75212	16	2337
1421.91934	16	2338
1737.92934	16	2325
4168.32232	16	2171
5084.56087	16	2124
2015.32626	16	2321
1763.47899	16	2341
1807.62028	16	2346
4657.18460	16	2173
2050.95911	16	2339
5086.80176	16	2151
2045.59993	16	2345
2237.93506	16	2333
2143.90110	16	2343
5023.27275	16	2169
5359.15493	16	2152
2350.67677	16	2344
5126.10840	16	2168
2681.15186	16	2331
2719.26569	16	2329
2783.13565	16	2326
2705.33227	16	2332
2873.81267	16	2323
2888.59701	16	2330
5597.26428	16	2163
3199.29528	16	2324
5631.06250	16	2170
2842.49782	16	2350
2870.36848	16	2352
2984.00259	16	2351
6018.48435	16	2164
3168.51568	16	2348
3320.24526	16	2349
7339.75839	16	2128
7143.40829	16	2148
4566.49708	16	2328
avg:  955.2913068731626
std:  1125.2956352768906
p95:  3025.467252731323
p99:  5597.602272033683
com:  59.85294281682724
thg:  2992.6471408413618
FCT:  40.09827899932861
que:  826.4760791261991
los:  0.0
1893 507
**********************
