[17 12 20 ... 15 10 18]
115.042209	6	1
118.918180	6	3
168.275594	6	2
159.233331	6	4
160.614013	6	5
141.114473	6	7
158.959150	6	6
139.460563	6	8
132.101774	6	10
152.017354	6	9
141.659498	6	11
141.623020	6	14
139.507770	6	15
204.708814	6	13
192.287445	6	16
213.274478	6	17
201.406478	6	18
310.596227	6	12
200.883626	6	19
199.207305	6	22
221.556901	6	20
239.235639	6	21
222.279071	6	23
276.979446	6	24
281.356573	6	25
262.079000	6	27
234.028100	6	29
257.199048	6	28
286.717891	6	33
323.302745	6	34
433.724403	6	26
260.728120	6	40
216.201066	6	44
318.843603	6	37
419.653177	6	30
436.004161	6	31
447.595119	6	32
407.756090	6	36
337.869644	6	42
450.172424	6	35
419.017314	6	38
401.487350	6	41
479.572772	6	39
273.467063	6	53
442.507743	6	43
439.602136	6	45
424.669504	6	48
431.025028	6	49
434.076070	6	50
505.055189	6	46
380.813598	6	54
493.177652	6	47
425.231218	6	52
321.916580	6	61
477.876186	6	56
579.852819	6	51
328.280925	6	65
506.913185	6	55
405.342817	6	60
390.873908	6	64
489.008188	6	59
539.713621	6	57
373.082637	6	72
595.483303	6	58
501.554012	6	66
407.138347	6	75
473.959207	6	71
627.565383	6	62
619.741678	6	63
474.888086	6	76
662.361621	6	67
483.069181	6	80
636.631250	6	70
672.996282	6	68
512.905836	6	82
643.321752	6	74
563.511133	6	81
557.905912	6	84
570.759534	6	85
809.571743	6	69
681.695222	6	78
672.305107	6	79
568.781375	6	87
606.960773	6	86
490.830421	6	95
478.240489	6	98
795.410633	6	77
482.254028	6	100
917.986631	6	73
625.137567	6	94
549.101114	6	99
862.531185	6	83
732.878684	6	92
768.529176	6	90
784.783840	6	89
663.159370	6	97
609.815597	6	101
833.445310	6	96
654.389142	6	109
761.296510	6	102
782.448053	6	103
1011.28959	6	88
522.047758	6	120
713.088512	6	110
1006.49738	6	91
841.893434	6	104
809.847593	6	106
835.347890	6	105
704.280376	6	114
828.352451	6	108
579.764127	6	123
770.428657	6	112
1077.31270	6	93
571.379899	6	125
561.156511	6	126
672.317981	6	121
528.573513	6	128
739.724159	6	118
765.550613	6	117
954.892396	6	107
822.050571	6	116
501.028060	6	134
632.628202	6	127
822.699785	6	119
729.324817	6	124
959.778547	6	111
518.157958	6	136
929.241657	6	113
791.364669	6	122
908.607959	6	115
657.590389	6	129
596.626758	6	133
538.571834	6	137
472.940206	6	141
645.565986	6	131
624.963998	6	132
521.629095	6	139
678.419828	6	130
506.027698	6	140
548.030614	6	138
588.593721	6	135
157.136201	6	180
171.611309	6	179
162.662029	6	181
176.181554	6	182
161.319732	6	183
169.489622	6	185
195.829153	6	184
188.903331	6	186
186.540842	6	187
168.624401	6	190
218.829393	6	188
171.893596	6	192
237.757921	6	189
239.750146	6	191
231.091976	6	193
209.221363	6	196
212.729454	6	197
259.435892	6	194
206.400632	6	198
166.531562	6	201
307.940959	6	195
224.734544	6	202
219.666004	6	203
312.512397	6	199
212.313890	6	205
307.474374	6	200
182.294845	6	207
246.414899	6	204
226.326704	6	208
1340.02232	16	144
245.267868	6	210
334.747314	6	206
285.542249	6	209
220.921993	6	214
267.100811	6	211
260.358095	6	212
259.967803	6	213
1492.48313	16	142
269.911289	6	218
329.149007	6	215
315.626144	6	216
230.830430	6	223
325.662851	6	217
314.753055	6	219
253.566980	6	224
325.733900	6	220
1607.26451	16	143
328.894376	6	221
327.783346	6	222
331.830501	6	225
324.795484	6	226
273.398876	6	229
242.007255	6	233
277.811765	6	232
384.467363	6	227
278.069734	6	234
250.745058	6	236
379.582166	6	230
397.367954	6	231
466.262102	6	228
304.980516	6	238
340.640306	6	239
287.684917	6	243
432.610034	6	235
373.703718	6	240
319.879531	6	244
380.682706	6	241
1996.40274	16	145
270.533800	6	249
240.042209	6	253
513.032197	6	237
361.854076	6	247
2048.64287	16	149
330.613613	6	252
470.588207	6	245
395.607233	6	250
260.164499	6	259
329.195737	6	256
548.055887	6	242
1992.99454	16	156
275.622129	6	265
1843.48106	16	172
628.704071	6	246
558.881998	6	251
503.199577	6	255
476.966857	6	257
279.296398	6	269
399.090528	6	263
454.358339	6	260
482.367277	6	261
712.744712	6	248
496.781110	6	262
476.028203	6	264
561.139345	6	258
432.845115	6	267
329.783201	6	273
684.460401	6	254
312.442302	6	281
508.529663	6	271
410.981655	6	277
2579.63323	16	147
573.882818	6	268
592.123270	6	270
559.305191	6	272
514.388084	6	276
583.939075	6	274
737.683534	6	266
449.413061	6	283
472.616434	6	282
2337.68391	16	170
607.782602	6	275
441.266536	6	285
351.714372	6	291
2585.69335	16	157
440.034389	6	287
2681.58173	16	153
462.801933	6	288
645.509481	6	278
2767.96841	16	151
628.057718	6	279
2499.23992	16	167
2373.62098	16	177
408.866405	6	296
2922.25599	16	146
323.034763	6	303
538.780450	6	289
528.508663	6	290
706.948041	6	280
459.097623	6	297
569.544076	6	292
2709.18893	16	164
553.578376	6	295
752.743959	6	284
529.753446	6	299
610.990524	6	294
632.458925	6	293
415.817022	6	308
769.716024	6	286
380.888700	6	312
2713.38009	16	171
562.906742	6	301
489.027976	6	306
416.569709	6	311
558.445930	6	302
626.386165	6	298
521.110057	6	305
403.572559	6	313
492.760896	6	307
541.586160	6	304
454.060316	6	310
605.262994	6	300
481.343984	6	309
403.418540	6	314
3126.26528	16	154
2819.61369	16	173
3186.44332	16	152
3236.99903	16	150
3390.64717	16	148
3083.93597	16	166
135.452032	6	346
129.832744	6	347
3113.50774	16	168
140.195608	6	348
145.902872	6	349
3288.05875	16	159
177.237033	6	350
163.493633	6	351
126.344919	6	353
190.096378	6	352
167.793989	6	355
184.077024	6	354
181.894302	6	356
185.391664	6	357
185.588836	6	358
207.326650	6	359
204.724788	6	360
186.002731	6	363
239.472389	6	361
242.672204	6	362
226.830482	6	364
210.773468	6	365
3584.30314	16	160
209.403038	6	367
256.448984	6	369
278.292179	6	370
299.475431	6	368
267.727851	6	371
344.960451	6	366
265.733003	6	374
307.905673	6	372
242.194175	6	376
3833.25815	16	158
274.771451	6	375
320.257902	6	373
263.710737	6	380
331.711053	6	377
310.838699	6	378
229.606866	6	384
327.888727	6	379
3900.09832	16	161
3857.39398	16	165
226.289510	6	388
3750.06055	16	174
341.194391	6	381
327.734470	6	382
270.740747	6	386
3965.67344	16	162
372.599601	6	383
3789.66021	16	176
4025.08687	16	163
402.619123	6	385
326.632261	6	389
276.158332	6	392
270.273685	6	393
251.595973	6	395
401.440382	6	387
332.997322	6	391
319.832563	6	394
413.822889	6	390
4307.17253	16	155
308.641910	6	398
3996.50931	16	175
314.907073	6	399
3963.68813	16	178
374.229669	6	397
4171.84185	16	169
354.000329	6	401
385.859251	6	400
442.189693	6	396
371.577501	6	402
267.058849	6	411
395.537137	6	403
379.782676	6	407
386.304140	6	409
449.670076	6	406
348.057746	6	413
497.642517	6	404
422.370195	6	410
297.089576	6	421
554.494857	6	405
549.739360	6	408
375.393390	6	422
345.041513	6	424
535.235643	6	412
516.916275	6	414
556.694746	6	415
549.067497	6	416
506.532430	6	420
562.516212	6	419
451.902389	6	426
456.730127	6	427
393.416881	6	432
459.353446	6	429
429.957866	6	431
506.091833	6	430
629.296541	6	423
632.981538	6	428
802.289485	6	417
811.915636	6	418
712.727546	6	425
442.689895	6	440
570.676326	6	434
604.291915	6	433
427.795171	6	443
514.818906	6	439
588.877677	6	436
434.934139	6	445
621.583700	6	435
2608.26063	16	315
392.024755	6	450
539.718866	6	441
2484.79151	16	324
546.259164	6	442
512.413024	6	444
546.455383	6	446
470.282793	6	452
720.738410	6	437
2481.94313	16	332
562.767744	6	449
505.698680	6	455
635.951042	6	448
495.636940	6	459
830.371856	6	438
455.010414	6	465
2838.72747	16	322
792.136669	6	447
645.335674	6	457
581.048011	6	461
2884.36937	16	321
668.364286	6	456
757.899761	6	451
740.564584	6	453
2800.89378	16	329
568.526744	6	466
536.711454	6	469
2644.74916	16	343
542.520284	6	472
724.080085	6	462
717.117786	6	464
874.287843	6	454
525.244712	6	476
3017.52138	16	325
861.739635	6	458
3097.26691	16	323
723.236322	6	468
878.726720	6	460
776.777505	6	467
3186.20586	16	320
3279.07943	16	316
656.483650	6	477
695.677757	6	475
2806.89096	16	345
661.247968	6	479
599.302530	6	484
797.931909	6	473
970.061779	6	463
3347.72038	16	319
3177.86121	16	330
703.403234	6	481
3134.01222	16	333
3422.86992	16	317
848.447799	6	474
755.586385	6	480
3417.90103	16	318
947.436571	6	470
3134.16242	16	337
847.970485	6	478
3351.34315	16	326
629.489898	6	493
3115.12327	16	341
811.713457	6	482
1000.49591	6	471
3072.65639	16	344
3123.08454	16	342
803.755044	6	485
3409.42764	16	328
821.547269	6	486
766.256332	6	490
800.413846	6	488
3374.65333	16	331
702.049255	6	495
847.018003	6	487
621.703624	6	502
697.645425	6	497
710.318088	6	496
930.995702	6	483
3335.39581	16	336
727.395772	6	500
3370.70751	16	338
3433.75349	16	334
767.401456	6	498
3419.42381	16	335
3350.70443	16	339
877.554178	6	492
3361.08517	16	340
3599.77102	16	327
786.050558	6	501
940.901517	6	491
906.138658	6	494
1014.39476	6	489
744.709014	6	508
871.351957	6	504
778.012037	6	511
926.410675	6	503
885.095596	6	507
935.665845	6	505
827.123165	6	514
708.916664	6	520
845.081090	6	513
877.907276	6	512
1100.55732	6	499
810.869455	6	517
955.618619	6	510
889.222621	6	515
582.690238	6	534
880.793809	6	518
733.921051	6	528
680.388212	6	532
937.566757	6	516
706.083059	6	531
810.030460	6	525
859.610319	6	522
696.363210	6	533
846.868038	6	524
688.679456	6	535
1134.49931	6	509
472.457885	6	548
590.066432	6	542
811.571598	6	530
974.498510	6	519
1205.47008	6	506
831.890344	6	529
918.291330	6	523
721.984386	6	536
875.735759	6	527
966.819286	6	521
698.430061	6	539
689.317464	6	540
733.415126	6	538
676.409244	6	541
629.070043	6	544
759.927034	6	537
644.177436	6	543
616.455793	6	545
943.903207	6	526
599.641799	6	546
142.495870	6	595
135.598897	6	596
159.771919	6	597
176.302194	6	598
163.913726	6	599
182.961940	6	600
173.085927	6	601
177.492141	6	602
183.133840	6	603
173.209428	6	604
167.952537	6	605
176.176786	6	606
161.775827	6	608
166.208267	6	609
150.442123	6	611
185.089111	6	610
193.547487	6	612
195.443630	6	613
180.774450	6	614
174.457550	6	616
197.677373	6	615
178.595781	6	617
202.759027	6	618
185.194969	6	621
233.750343	6	620
252.471923	6	619
241.989135	6	622
195.917844	6	625
237.194538	6	623
226.668119	6	624
200.080633	6	627
200.456380	6	629
238.669395	6	626
243.978023	6	628
280.795574	6	630
264.689683	6	631
260.439634	6	632
269.692420	6	633
251.274347	6	634
282.179117	6	635
256.317138	6	637
268.876075	6	636
259.182453	6	638
253.427743	6	639
246.799468	6	642
331.170797	6	640
324.262380	6	641
258.626461	6	646
311.602354	6	643
281.766653	6	647
1792.23179	16	555
309.350013	6	648
296.256780	6	650
380.498886	6	644
270.005941	6	652
1897.23944	16	553
397.748947	6	645
255.390644	6	657
1998.24094	16	549
364.635944	6	651
364.691019	6	653
438.642978	6	649
334.559202	6	656
237.955331	6	665
363.962411	6	658
248.160839	6	666
2102.28061	16	552
463.127613	6	654
384.547710	6	660
344.805240	6	664
450.304031	6	659
428.307056	6	661
2182.20281	16	554
411.275625	6	663
2259.86218	16	550
321.905851	6	671
2172.28913	16	558
479.177713	6	662
602.983951	6	655
345.342874	6	672
338.890314	6	675
342.597484	6	677
520.179033	6	667
528.939008	6	668
342.207908	6	680
419.901132	6	678
495.555162	6	673
344.897985	6	683
583.179712	6	669
502.544403	6	674
482.133150	6	676
363.252878	6	685
364.886283	6	686
436.817884	6	684
315.474510	6	691
389.963626	6	687
710.544109	6	670
371.497869	6	692
609.212398	6	679
579.366683	6	681
392.860889	6	693
2575.23965	16	560
305.613756	6	700
411.384820	6	699
402.915000	6	701
634.755611	6	688
481.513023	6	698
362.926006	6	707
542.731523	6	697
2640.01441	16	570
810.242414	6	682
585.814476	6	696
723.097801	6	689
461.046934	6	705
2815.01936	16	566
330.909967	6	717
782.889842	6	690
803.180694	6	694
793.556213	6	695
592.346668	6	708
512.469530	6	714
540.274620	6	713
726.491689	6	703
708.644628	6	704
626.239061	6	711
782.896995	6	702
654.595136	6	710
757.392644	6	706
720.881700	6	709
2996.97732	16	572
475.491046	6	723
624.916315	6	716
526.931524	6	724
618.567228	6	719
3164.95275	16	565
3120.15867	16	569
537.759304	6	726
642.284393	6	721
3088.62233	16	575
514.066457	6	730
3370.07951	16	556
644.122362	6	722
758.193016	6	718
3176.41973	16	573
3245.41425	16	568
825.843334	6	715
529.457569	6	737
681.619405	6	729
624.887704	6	733
348.474502	6	750
573.568820	6	739
1018.44716	6	712
809.163808	6	725
3328.97090	16	574
3428.47132	16	567
902.191162	6	720
798.931121	6	728
823.001861	6	727
3179.20947	16	587
757.843017	6	732
787.933349	6	731
3247.99442	16	585
649.541139	6	741
766.038656	6	734
3492.04039	16	571
639.198303	6	743
690.782070	6	740
688.889741	6	742
767.081260	6	738
806.468725	6	736
3693.87888	16	563
3679.33750	16	564
583.725929	6	752
900.561094	6	735
663.463115	6	749
543.561935	6	756
3949.47195	16	551
3557.95931	16	580
778.922080	6	746
3830.16562	16	561
3636.98792	16	576
834.644794	6	744
551.780223	6	761
365.864038	6	772
474.825143	6	769
905.334472	6	745
593.453884	6	765
883.507728	6	748
837.449550	6	751
812.365531	6	753
3987.70904	16	562
3736.90581	16	581
795.098781	6	757
873.331785	6	754
989.738464	6	747
4120.77546	16	557
3740.06199	16	584
737.531185	6	764
588.057279	6	773
4181.79678	16	559
900.401115	6	759
899.502038	6	760
3725.57497	16	592
946.715116	6	758
335.951089	6	793
3765.23303	16	591
3826.63297	16	588
4002.07066	16	577
1029.11901	6	755
3919.55113	16	583
900.654792	6	763
922.605991	6	762
3736.84120	16	594
3821.13051	16	590
692.829847	6	777
4036.03243	16	579
4056.23197	16	578
869.796752	6	768
3811.09428	16	593
4009.48786	16	582
3966.87459	16	586
913.633584	6	767
750.371217	6	776
3916.16654	16	589
703.961372	6	780
863.196134	6	771
988.658428	6	766
767.684221	6	778
890.756368	6	774
596.360683	6	791
528.248786	6	798
648.096323	6	790
794.446945	6	783
952.727556	6	775
842.752695	6	782
862.504005	6	781
1065.45329	6	770
919.061183	6	779
628.623723	6	796
828.906536	6	784
631.601810	6	797
842.502117	6	785
694.859504	6	794
792.682409	6	788
834.110975	6	787
643.602132	6	800
754.098653	6	792
628.345012	6	802
719.083070	6	795
813.484430	6	789
614.077806	6	804
563.032150	6	807
605.864048	6	805
910.396814	6	786
659.638643	6	803
689.851999	6	801
573.573589	6	808
719.098806	6	799
555.702447	6	809
615.705251	6	806
549.290180	6	810
125.402688	6	849
148.797988	6	848
129.249811	6	850
115.616321	6	852
145.126819	6	853
212.712764	6	854
160.594701	6	858
204.178810	6	855
200.987100	6	857
219.153404	6	856
192.028045	6	859
199.612855	6	860
203.027248	6	861
203.678369	6	864
233.628273	6	862
239.008665	6	866
197.872638	6	870
313.175439	6	863
214.925527	6	869
230.198383	6	868
290.704488	6	865
289.119958	6	867
243.337869	6	872
289.061307	6	873
274.122476	6	874
268.512964	6	877
376.311063	6	871
308.372259	6	876
262.009143	6	878
328.914403	6	875
238.564968	6	881
257.477998	6	880
281.751155	6	879
252.763986	6	882
1192.32535	16	825
315.018653	6	883
299.202203	6	887
293.445348	6	888
258.754968	6	890
357.669353	6	885
356.544971	6	886
257.874250	6	892
316.833972	6	889
283.439636	6	893
449.824810	6	884
345.784187	6	891
1355.77702	16	831
332.806825	6	894
1435.19091	16	826
1427.27088	16	829
358.034372	6	895
251.761674	6	903
367.375850	6	897
412.452220	6	896
366.675853	6	900
248.207569	6	910
235.974311	6	911
456.507205	6	899
365.215539	6	905
480.722188	6	898
1626.74880	16	828
1599.45607	16	830
461.267232	6	901
371.474981	6	907
438.532590	6	904
546.171188	6	902
380.526542	6	913
1762.30621	16	827
368.175029	6	914
424.386739	6	912
506.285190	6	906
419.520139	6	915
1743.32284	16	833
1707.68976	16	836
411.187887	6	916
535.699129	6	909
337.692737	6	921
264.929771	6	927
418.325662	6	918
394.767284	6	920
1775.99763	16	835
1851.89318	16	832
635.748147	6	908
1791.85581	16	837
397.037982	6	925
536.597728	6	917
1721.88591	16	844
357.683897	6	929
538.735866	6	919
455.073356	6	924
361.664533	6	930
1854.69508	16	840
522.153377	6	922
351.569652	6	933
1772.68958	16	847
529.535055	6	923
2014.36781	16	834
1843.24216	16	845
1960.00933	16	838
1954.47254	16	839
403.926134	6	934
523.134231	6	928
1850.74567	16	846
1906.70728	16	843
1930.26852	16	842
1958.39619	16	841
505.901336	6	931
443.302392	6	936
237.339496	6	950
463.951826	6	938
610.821008	6	932
737.833261	6	926
277.132272	6	954
537.306308	6	941
350.061893	6	952
600.871562	6	939
655.229568	6	937
624.118328	6	940
713.032007	6	935
487.066030	6	949
534.991741	6	947
625.368118	6	944
625.356912	6	945
449.025869	6	956
477.571725	6	955
504.765272	6	953
723.566532	6	942
610.857963	6	948
440.534353	6	961
503.890752	6	958
529.170989	6	957
787.912845	6	943
465.980291	6	962
759.858846	6	946
672.008514	6	951
546.347856	6	959
572.867631	6	960
455.140590	6	969
483.982086	6	968
538.735628	6	965
509.413003	6	972
495.712757	6	973
603.531599	6	966
366.373300	6	981
423.840045	6	978
451.223611	6	977
652.356386	6	964
553.337574	6	971
520.496845	6	974
343.801736	6	984
502.952814	6	975
646.492481	6	967
706.308364	6	963
403.712034	6	982
441.806077	6	980
393.197774	6	983
621.572017	6	970
530.472278	6	976
484.558343	6	979
165.253639	6	1020
183.517694	6	1021
222.525596	6	1019
174.675941	6	1024
195.136070	6	1023
226.210594	6	1022
823.612928	16	986
205.588579	6	1025
219.305515	6	1026
222.629785	6	1027
202.947378	6	1030
229.120254	6	1029
245.184659	6	1028
186.966896	6	1032
971.423864	16	985
228.316783	6	1033
209.405899	6	1034
271.047353	6	1031
212.523221	6	1035
217.562437	6	1036
230.001211	6	1038
232.411384	6	1040
260.654687	6	1039
322.818756	6	1037
229.908227	6	1042
251.071929	6	1041
215.960264	6	1045
252.184152	6	1043
224.050998	6	1046
260.450124	6	1047
323.065996	6	1044
264.901638	6	1048
259.845972	6	1049
252.875328	6	1050
262.069225	6	1052
249.734401	6	1053
279.672861	6	1054
329.438924	6	1051
269.053459	6	1056
256.155729	6	1057
319.092273	6	1055
268.507480	6	1058
230.149269	6	1061
274.495124	6	1060
232.746124	6	1064
275.899887	6	1065
384.766817	6	1059
249.639034	6	1067
351.970195	6	1062
317.645311	6	1066
290.435552	6	1068
246.540546	6	1071
1639.71781	16	988
393.347740	6	1063
298.997402	6	1069
299.585580	6	1070
267.541408	6	1075
308.685541	6	1073
213.374137	6	1081
291.250944	6	1077
314.458370	6	1076
392.089605	6	1072
374.958753	6	1074
313.148975	6	1082
1911.28492	16	987
368.035793	6	1079
385.446786	6	1078
325.380563	6	1083
309.597730	6	1084
1869.71879	16	991
268.480300	6	1088
1765.04087	16	1001
323.935031	6	1087
249.137163	6	1092
260.610103	6	1093
522.917985	6	1080
375.159978	6	1090
451.359748	6	1086
496.767044	6	1085
235.696077	6	1101
298.454761	6	1100
2167.03820	16	989
517.884254	6	1089
392.099142	6	1097
454.218387	6	1094
418.773412	6	1096
509.031295	6	1091
334.235668	6	1102
404.594182	6	1098
453.906059	6	1095
415.791273	6	1099
2164.07752	16	995
328.629493	6	1105
2216.11046	16	994
2245.64123	16	993
385.779380	6	1104
404.757261	6	1103
2104.85744	16	1005
2190.56224	16	1000
454.420089	6	1106
361.277818	6	1111
252.777099	6	1117
293.210029	6	1115
336.051702	6	1114
503.385305	6	1107
470.675230	6	1110
361.544132	6	1116
453.330755	6	1112
531.273365	6	1108
359.085083	6	1118
542.007207	6	1109
2543.38765	16	992
313.126087	6	1125
378.920793	6	1121
2602.94914	16	990
2351.99308	16	1008
567.935705	6	1113
323.450565	6	1129
511.179447	6	1120
338.248729	6	1131
457.186460	6	1123
461.804866	6	1124
427.535057	6	1126
2657.21535	16	997
364.728212	6	1133
543.169736	6	1122
603.939294	6	1119
439.131736	6	1130
479.009151	6	1127
2670.92323	16	999
2667.53911	16	1002
391.636610	6	1135
2766.97206	16	996
2524.39808	16	1012
2539.71385	16	1011
381.716489	6	1138
478.055000	6	1132
555.008411	6	1128
327.229261	6	1143
292.752265	6	1146
471.082448	6	1134
311.651945	6	1145
302.655220	6	1147
2553.55811	16	1016
2751.96886	16	1004
347.885131	6	1148
338.027477	6	1149
421.325683	6	1144
2634.42516	16	1014
339.943170	6	1151
374.706029	6	1150
243.988990	6	1161
347.077846	6	1155
387.218236	6	1153
3004.83226	16	998
380.794525	6	1154
428.961992	6	1152
2889.46151	16	1007
218.476057	6	1165
2776.27396	16	1017
2893.00751	16	1010
377.226829	6	1158
346.366643	6	1160
2853.68394	16	1013
293.248176	6	1163
2937.14904	16	1009
259.737014	6	1166
310.328960	6	1164
2867.74444	16	1015
2843.84751	16	1018
363.725900	6	1162
3097.99766	16	1003
3037.65225	16	1006
309.967756	6	1169
373.707294	6	1167
215.045690	6	1178
343.791961	6	1170
376.782655	6	1168
873.244047	16	1140
863.366127	16	1142
223.355770	6	1182
369.371414	6	1173
324.856996	6	1176
414.772510	6	1172
431.107997	6	1171
437.250852	6	1174
433.367967	6	1175
422.633171	6	1177
228.625774	6	1190
443.955183	6	1179
437.779664	6	1180
396.958827	6	1185
348.247289	6	1188
457.216739	6	1183
310.225248	6	1192
454.096555	6	1184
374.495029	6	1189
496.875762	6	1181
433.607578	6	1186
341.032981	6	1191
313.463211	6	1193
312.335014	6	1194
446.580410	6	1187
295.505523	6	1196
318.754196	6	1195
126.804590	6	1232
124.374151	6	1233
137.748479	6	1234
168.983936	6	1236
183.463573	6	1235
169.332981	6	1237
157.347679	6	1238
151.143789	6	1239
159.958600	6	1240
202.378034	6	1242
225.447893	6	1241
186.095714	6	1243
165.834426	6	1245
152.813673	6	1246
209.050416	6	1244
197.083711	6	1247
197.924613	6	1248
184.288978	6	1249
189.419031	6	1250
168.156147	6	1253
216.170787	6	1251
224.385738	6	1252
186.056137	6	1255
207.078695	6	1254
196.985006	6	1257
186.263322	6	1258
251.779556	6	1256
197.461366	6	1259
200.491428	6	1261
241.088628	6	1260
189.846277	6	1263
200.911521	6	1264
235.899925	6	1262
181.095361	6	1265
183.356046	6	1267
220.035076	6	1266
220.192432	6	1270
1384.02628	16	1199
263.639211	6	1269
279.856920	6	1268
252.614974	6	1271
214.816331	6	1273
218.086481	6	1274
260.306119	6	1272
193.596839	6	1277
1479.54630	16	1198
250.018119	6	1275
239.100933	6	1276
1570.07265	16	1197
276.465177	6	1278
264.526367	6	1279
250.091075	6	1283
251.593351	6	1284
285.696983	6	1282
327.995777	6	1281
348.846435	6	1280
264.103174	6	1286
281.313180	6	1285
256.175041	6	1288
214.775085	6	1293
302.936553	6	1287
285.424947	6	1289
331.001043	6	1290
313.196659	6	1292
369.643211	6	1291
301.008462	6	1295
278.708934	6	1297
315.545082	6	1296
267.900466	6	1300
272.941589	6	1302
411.349773	6	1294
311.065435	6	1303
337.086200	6	1301
401.152133	6	1298
253.678083	6	1307
410.281419	6	1299
321.421384	6	1305
348.195314	6	1304
1983.63924	16	1205
2080.75094	16	1200
247.290611	6	1314
346.416473	6	1309
266.726016	6	1315
2014.51492	16	1210
275.089025	6	1316
324.484586	6	1313
409.758329	6	1308
2158.12659	16	1202
361.306667	6	1312
278.483867	6	1318
2180.52673	16	1203
507.767200	6	1306
431.365251	6	1311
471.452236	6	1310
327.178239	6	1321
2207.37814	16	1211
309.035778	6	1324
458.533763	6	1317
399.849653	6	1320
365.953445	6	1322
325.849294	6	1325
261.788368	6	1329
315.409660	6	1326
483.286857	6	1319
291.926860	6	1330
422.786712	6	1323
2349.66301	16	1209
351.908445	6	1328
2408.62774	16	1208
2444.72599	16	1206
358.928442	6	1331
354.625463	6	1332
460.803031	6	1327
321.383714	6	1338
2435.53733	16	1214
423.389196	6	1334
2628.36503	16	1204
428.176879	6	1336
408.036231	6	1339
508.765935	6	1333
485.468149	6	1335
2515.21492	16	1216
423.829078	6	1341
354.053258	6	1347
490.926980	6	1340
439.891099	6	1344
500.563621	6	1342
319.115161	6	1354
506.229877	6	1343
482.401132	6	1346
629.849910	6	1337
322.198629	6	1355
426.494121	6	1349
415.162324	6	1350
515.005350	6	1345
287.498474	6	1358
2836.61961	16	1207
2588.49382	16	1227
2680.64451	16	1220
2773.01955	16	1215
444.113016	6	1353
388.607263	6	1357
2777.39214	16	1218
2855.39031	16	1213
546.957254	6	1351
2798.19107	16	1219
615.534305	6	1348
502.205848	6	1356
2793.91217	16	1223
2894.84643	16	1217
434.503793	6	1362
355.134725	6	1367
3000.62632	16	1212
462.879896	6	1363
676.403522	6	1352
378.045797	6	1369
475.039720	6	1364
418.832540	6	1368
2901.97634	16	1225
2947.20506	16	1222
2928.67922	16	1224
2876.20759	16	1229
2925.00448	16	1226
422.391176	6	1372
2913.91563	16	1228
2886.09337	16	1230
462.941884	6	1370
3012.79497	16	1221
2890.40660	16	1231
470.486640	6	1371
569.468498	6	1365
648.905515	6	1361
706.171751	6	1360
479.627370	6	1381
457.194566	6	1383
643.078804	6	1373
858.732461	6	1359
563.546895	6	1377
550.070047	6	1378
344.993591	6	1392
785.313844	6	1366
442.915439	6	1388
427.916049	6	1389
705.009222	6	1374
678.763389	6	1375
522.856473	6	1386
695.254802	6	1376
429.874420	6	1393
407.778024	6	1395
568.110704	6	1387
307.705640	6	1403
519.559383	6	1391
541.002988	6	1390
375.675678	6	1401
732.193231	6	1380
467.705011	6	1396
516.262769	6	1394
717.209815	6	1382
757.708549	6	1379
450.243949	6	1398
695.188045	6	1384
683.440208	6	1385
488.924026	6	1397
442.581176	6	1400
467.609167	6	1399
421.900510	6	1402
386.445283	6	1404
125.480175	6	1433
153.935670	6	1434
156.816005	6	1435
148.496150	6	1436
172.611951	6	1437
158.872604	6	1438
178.338289	6	1439
163.609027	6	1440
160.438776	6	1441
155.933856	6	1443
173.970460	6	1442
160.967826	6	1444
141.961336	6	1445
168.497800	6	1446
157.608985	6	1447
161.989927	6	1448
152.472496	6	1449
161.532402	6	1452
196.155548	6	1450
193.953037	6	1451
189.534902	6	1453
1015.07663	16	1405
183.836460	6	1454
188.433885	6	1455
187.540769	6	1456
165.318727	6	1458
230.318784	6	1457
1119.39048	16	1406
229.922056	6	1459
182.383775	6	1461
155.514955	6	1463
256.566524	6	1460
217.605829	6	1462
204.929590	6	1465
231.379032	6	1464
209.387302	6	1466
191.969394	6	1468
1206.57730	16	1409
211.903333	6	1469
296.568155	6	1467
243.643760	6	1471
269.048690	6	1472
246.038913	6	1475
255.921125	6	1476
331.413269	6	1470
264.220476	6	1477
278.590679	6	1478
402.288913	6	1473
324.669361	6	1479
416.391372	6	1474
329.917430	6	1481
342.644214	6	1480
241.598129	6	1486
321.024894	6	1482
220.243453	6	1488
315.318584	6	1484
364.494562	6	1483
352.780103	6	1485
336.419582	6	1487
1623.89945	16	1412
335.744857	6	1490
357.640743	6	1489
302.003145	6	1493
1779.16932	16	1407
371.442794	6	1491
306.405782	6	1495
384.670734	6	1492
295.453071	6	1498
318.515539	6	1497
1713.33360	16	1415
421.726465	6	1494
1870.49269	16	1408
315.729856	6	1501
413.914442	6	1496
352.210044	6	1500
372.817516	6	1499
346.281766	6	1502
332.842111	6	1503
251.859664	6	1508
242.841243	6	1511
375.352621	6	1507
2028.31077	16	1410
285.847902	6	1516
315.863847	6	1514
459.292411	6	1505
2068.16148	16	1411
479.195833	6	1506
2004.32062	16	1417
2019.53625	16	1416
292.152166	6	1520
543.992757	6	1504
325.979471	6	1519
2099.23458	16	1414
463.390588	6	1512
465.846538	6	1513
520.623922	6	1509
450.274705	6	1515
2084.77497	16	1419
576.738119	6	1510
390.658855	6	1522
425.508022	6	1521
528.785228	6	1517
358.353376	6	1526
419.140338	6	1524
2330.43313	16	1413
483.804941	6	1523
2103.26457	16	1429
2085.61515	16	1431
483.129739	6	1525
433.063745	6	1529
2203.14788	16	1426
2350.45385	16	1418
678.606271	6	1518
2289.82257	16	1423
538.187026	6	1528
2382.10177	16	1420
405.491113	6	1538
498.189449	6	1532
377.300739	6	1541
2347.14746	16	1424
2379.40812	16	1422
449.532985	6	1537
554.329395	6	1530
2284.62338	16	1428
2219.55060	16	1432
2266.69549	16	1430
2425.40049	16	1421
466.286897	6	1539
2395.32709	16	1425
665.584325	6	1527
613.502025	6	1531
2378.14807	16	1427
608.961582	6	1533
436.596155	6	1545
550.996303	6	1543
327.814102	6	1558
412.821531	6	1553
526.787519	6	1547
703.778743	6	1535
669.323682	6	1540
542.996644	6	1548
594.727277	6	1546
291.406631	6	1565
575.668096	6	1549
327.064752	6	1566
606.544017	6	1550
857.174396	6	1534
329.829692	6	1568
842.910528	6	1536
473.005533	6	1560
345.145940	6	1567
615.365028	6	1551
734.433174	6	1544
560.128211	6	1555
556.302785	6	1557
655.453681	6	1552
603.387117	6	1556
545.438051	6	1561
513.969182	6	1563
849.217891	6	1542
496.235847	6	1564
583.499670	6	1559
677.353858	6	1554
554.886102	6	1562
430.696010	6	1569
388.136148	6	1572
422.978878	6	1570
415.270805	6	1571
163.582563	6	1608
143.746376	6	1609
146.304130	6	1610
168.295860	6	1611
153.338193	6	1612
180.341005	6	1614
178.965568	6	1615
191.482543	6	1616
192.768096	6	1617
177.533388	6	1620
222.121477	6	1618
170.259475	6	1622
194.803476	6	1621
230.792522	6	1619
187.898397	6	1623
192.780256	6	1625
201.317787	6	1626
195.830345	6	1627
260.376691	6	1624
214.064836	6	1629
234.567165	6	1628
213.303327	6	1630
201.486587	6	1631
205.629348	6	1632
223.939657	6	1633
218.626260	6	1634
256.462812	6	1635
254.696130	6	1636
219.009399	6	1639
224.983930	6	1642
274.613142	6	1640
324.182987	6	1637
1308.10594	16	1576
285.543680	6	1641
345.200538	6	1638
299.575090	6	1643
284.044027	6	1645
233.617544	6	1650
273.468494	6	1648
303.204774	6	1646
339.981555	6	1644
1495.71418	16	1574
333.209276	6	1649
270.628452	6	1654
331.719398	6	1652
416.531324	6	1647
320.219039	6	1655
301.645994	6	1658
321.753501	6	1660
359.003067	6	1659
404.937267	6	1656
306.553125	6	1662
500.902891	6	1651
478.322505	6	1653
400.609254	6	1661
471.931934	6	1657
343.654870	6	1664
351.450204	6	1665
340.451478	6	1666
406.867265	6	1663
290.451526	6	1671
360.592842	6	1668
403.807401	6	1667
350.022315	6	1670
368.722200	6	1669
272.890329	6	1677
379.580974	6	1674
407.764673	6	1672
370.290994	6	1675
378.855466	6	1676
332.962036	6	1679
452.853679	6	1673
1984.22741	16	1579
259.600877	6	1685
415.036678	6	1678
383.309602	6	1681
384.418010	6	1682
469.926834	6	1680
255.441427	6	1692
347.165346	6	1687
427.491903	6	1683
328.309059	6	1689
323.087453	6	1690
2102.71668	16	1582
443.390846	6	1684
2234.17019	16	1575
346.284151	6	1691
319.000005	6	1693
418.898582	6	1688
2122.12967	16	1584
2068.28093	16	1589
359.194993	6	1695
535.690546	6	1686
2124.71580	16	1591
416.441440	6	1694
326.508045	6	1700
395.513772	6	1698
440.429925	6	1696
2405.80463	16	1580
485.260963	6	1697
355.527639	6	1705
408.675909	6	1703
489.595174	6	1699
398.436307	6	1707
497.130393	6	1701
490.934371	6	1702
433.117389	6	1706
2342.55719	16	1592
468.752145	6	1704
2591.54534	16	1577
426.803827	6	1708
331.991195	6	1714
441.942930	6	1709
437.937021	6	1710
386.730909	6	1716
2526.34358	16	1588
2366.71376	16	1602
537.416934	6	1712
2457.41295	16	1598
523.682832	6	1713
2420.64166	16	1601
2503.13711	16	1596
439.783096	6	1720
593.693256	6	1711
2778.84292	16	1581
469.408035	6	1722
305.499315	6	1732
600.419759	6	1715
515.593528	6	1721
424.120187	6	1726
2682.53469	16	1593
470.469951	6	1725
617.228031	6	1717
602.554798	6	1718
590.945482	6	1719
2824.02801	16	1585
523.617744	6	1723
490.026235	6	1728
458.317518	6	1731
2652.63891	16	1603
3048.41637	16	1578
616.037368	6	1724
2735.38684	16	1599
2672.46246	16	1604
2744.02666	16	1600
610.285043	6	1727
573.853254	6	1729
2686.30433	16	1605
537.510633	6	1733
3043.68042	16	1583
3002.07686	16	1586
646.706104	6	1730
439.057350	6	1744
3013.58008	16	1590
2966.25924	16	1594
3078.73725	16	1587
2793.82371	16	1606
2942.25525	16	1597
473.788022	6	1745
647.832155	6	1735
2795.60256	16	1607
550.424337	6	1741
2986.24229	16	1595
457.592964	6	1747
397.948026	6	1751
451.396942	6	1749
675.890684	6	1737
734.418869	6	1734
521.428346	6	1748
672.991037	6	1739
473.885774	6	1752
598.020076	6	1750
721.350669	6	1743
674.768447	6	1746
788.522958	6	1742
438.459873	6	1764
512.382268	6	1761
451.535224	6	1765
859.907627	6	1740
644.501209	6	1753
898.295402	6	1738
355.061054	6	1772
399.018287	6	1769
961.702823	6	1736
390.674352	6	1770
438.015460	6	1768
612.929344	6	1760
386.456966	6	1773
505.318880	6	1767
683.819532	6	1756
646.190404	6	1759
719.639539	6	1754
665.565013	6	1758
709.812641	6	1755
682.720899	6	1757
540.295124	6	1766
611.978769	6	1762
449.304103	6	1771
605.319023	6	1763
130.632162	6	1809
129.587650	6	1810
710.141420	16	1775
131.363630	6	1811
117.504596	6	1813
152.971267	6	1812
148.623228	6	1815
132.486104	6	1816
126.554250	6	1817
126.768350	6	1818
138.405799	6	1819
152.748823	6	1820
185.671567	6	1821
172.173500	6	1822
150.302648	6	1823
963.737010	16	1776
157.876968	6	1824
154.096603	6	1825
177.633047	6	1826
166.081190	6	1827
175.969123	6	1828
187.685966	6	1830
181.554555	6	1831
217.333793	6	1829
165.666580	6	1832
171.959161	6	1833
182.739973	6	1834
201.058864	6	1835
215.032339	6	1837
168.941497	6	1841
220.291376	6	1838
197.724342	6	1840
265.766143	6	1836
185.585737	6	1843
247.427225	6	1839
210.284233	6	1844
251.276493	6	1842
231.297016	6	1846
298.832893	6	1845
267.417192	6	1848
245.478630	6	1849
295.216083	6	1847
1491.68539	16	1777
234.733104	6	1854
239.403724	6	1855
306.556463	6	1851
318.131446	6	1852
355.827569	6	1850
299.959897	6	1856
198.263883	6	1862
312.566995	6	1857
1616.35303	16	1779
390.418767	6	1853
274.351596	6	1861
316.490650	6	1859
344.680070	6	1858
256.250619	6	1864
284.100770	6	1865
413.654804	6	1860
241.207838	6	1871
345.415592	6	1866
1726.31669	16	1784
310.836791	6	1869
282.377481	6	1873
333.702802	6	1870
257.575988	6	1875
445.982694	6	1863
402.155637	6	1867
395.128011	6	1868
242.758512	6	1877
332.984447	6	1876
381.084442	6	1874
413.069725	6	1872
1966.77422	16	1780
278.516530	6	1882
269.531488	6	1884
370.501518	6	1878
339.411735	6	1880
1982.11669	16	1783
364.655733	6	1881
269.870042	6	1888
420.015335	6	1879
378.614187	6	1885
383.116245	6	1886
350.208997	6	1889
2237.62321	16	1778
396.568059	6	1891
343.312501	6	1896
400.978326	6	1894
310.468912	6	1899
489.281415	6	1890
388.205051	6	1897
617.967844	6	1883
388.377428	6	1898
501.598596	6	1892
459.659099	6	1895
370.819807	6	1901
515.916347	6	1893
626.073360	6	1887
2159.33704	16	1796
2302.89459	16	1787
340.623140	6	1908
2299.03364	16	1789
431.666135	6	1904
2286.77248	16	1792
2336.74311	16	1790
445.222616	6	1905
429.576635	6	1907
335.920333	6	1913
374.807119	6	1911
324.706077	6	1915
563.112974	6	1900
564.466238	6	1902
424.443483	6	1912
2603.35397	16	1781
333.517313	6	1919
2548.31027	16	1786
2470.60608	16	1791
2659.22427	16	1782
390.091896	6	1920
609.214067	6	1909
2507.60555	16	1795
702.404975	6	1903
2675.22835	16	1785
713.464736	6	1906
419.529914	6	1924
434.911489	6	1923
297.901630	6	1932
2421.30279	16	1806
2541.58353	16	1801
2629.82034	16	1798
2613.08169	16	1800
779.350757	6	1910
688.785791	6	1916
673.661708	6	1917
2603.38878	16	1802
2730.35168	16	1793
2655.34639	16	1799
608.849287	6	1921
563.237667	6	1925
2590.17038	16	1804
284.222841	6	1943
783.960342	6	1914
2854.92873	16	1788
424.176931	6	1936
2796.02122	16	1794
2754.93836	16	1797
618.178606	6	1926
601.619482	6	1929
632.957220	6	1927
724.467515	6	1922
2695.33824	16	1805
2736.13953	16	1803
2647.34792	16	1808
648.220300	6	1928
844.014883	6	1918
563.174247	6	1935
386.719226	6	1949
647.874593	6	1933
552.040338	6	1941
577.367544	6	1940
773.142814	6	1930
405.092716	6	1955
677.537918	6	1937
420.857667	6	1956
609.675884	6	1946
800.878286	6	1934
573.804378	6	1950
670.305013	6	1944
628.205776	6	1947
417.736053	6	1961
529.256343	6	1957
606.503725	6	1953
945.786714	6	1931
624.553918	6	1952
714.913368	6	1948
539.017677	6	1959
854.623079	6	1939
401.689767	6	1968
819.104194	6	1942
896.308898	6	1938
493.274688	6	1964
674.922466	6	1954
820.600032	6	1945
409.937381	6	1970
552.765846	6	1962
590.327024	6	1960
547.179937	6	1963
506.872653	6	1966
495.933532	6	1967
764.849901	6	1951
531.965255	6	1965
458.255767	6	1969
658.723831	6	1958
408.333301	16	1973
459.541320	6	1971
119.273424	6	2011
120.865583	6	2013
149.524211	6	2014
130.667924	6	2015
170.644760	6	2016
155.317068	6	2018
197.411537	6	2017
170.613765	6	2019
162.006378	6	2020
195.409536	6	2021
176.627397	6	2022
170.295476	6	2025
214.525699	6	2023
202.099323	6	2024
207.029581	6	2026
163.389682	6	2029
192.381858	6	2030
236.136198	6	2028
266.240119	6	2027
193.493604	6	2032
256.832361	6	2031
197.685241	6	2034
223.469495	6	2033
208.369731	6	2035
187.371969	6	2036
201.640844	6	2039
262.119531	6	2038
223.325729	6	2040
283.850908	6	2037
238.089323	6	2041
212.937831	6	2043
204.798221	6	2045
246.591091	6	2044
302.720785	6	2042
180.408716	6	2049
240.807771	6	2046
1401.97992	16	1977
266.479015	6	2048
248.519659	6	2050
310.985803	6	2047
219.501733	6	2054
206.547975	6	2055
277.605533	6	2051
1470.78514	16	1979
262.001991	6	2053
301.072359	6	2052
218.908071	6	2057
1616.95671	16	1974
278.222084	6	2056
235.998392	6	2058
238.450527	6	2059
255.384683	6	2060
256.214141	6	2062
316.391468	6	2061
225.621223	6	2067
301.630258	6	2065
300.724983	6	2066
334.908962	6	2064
339.112520	6	2068
469.074726	6	2063
1772.47953	16	1984
327.636480	6	2073
359.722852	6	2071
240.339040	6	2082
353.888034	6	2074
380.952835	6	2072
275.759220	6	2081
455.388069	6	2069
1916.34130	16	1981
461.981296	6	2070
371.593952	6	2077
2038.55514	16	1975
420.946598	6	2075
352.995395	6	2080
269.524097	6	2086
1930.04369	16	1983
303.898096	6	2085
463.851690	6	2076
422.830820	6	2079
328.406095	6	2089
311.002254	6	2092
401.019096	6	2087
553.547620	6	2078
465.842962	6	2084
368.431091	6	2091
509.091377	6	2083
253.114938	6	2099
302.596092	6	2096
414.903640	6	2090
452.070236	6	2088
368.128776	6	2093
313.784599	6	2098
367.540121	6	2095
387.654781	6	2094
336.590051	6	2097
288.129568	6	2100
2338.13524	16	1982
2292.50383	16	1986
2113.93547	16	2000
2537.06026	16	1976
2308.53319	16	2002
2574.09238	16	1985
2506.56437	16	1996
2831.99644	16	1978
2721.48919	16	1992
2646.70062	16	1998
2810.32657	16	1988
2764.70017	16	1999
2933.41827	16	1995
2946.61712	16	1994
3195.87135	16	1980
2931.30540	16	1997
3067.57092	16	1989
2900.35390	16	2001
2976.38249	16	2004
3000.21100	16	2003
2917.12188	16	2008
3194.94104	16	1991
2974.20382	16	2007
3192.52109	16	1993
3025.52294	16	2005
3273.13375	16	1990
3036.25750	16	2006
2993.67356	16	2010
3015.04659	16	2009
avg:  788.2279371603942
std:  880.6172226769108
p95:  2945.308566093444
p99:  3827.8340768814087
com:  47.86592009029348
thg:  2393.296004514674
que:  625.0842857545392
los:  1.5714285714285694
1728 339
**********************
