[14 11  8 ... 11 12 11]
83.2064151	6	1
84.8581790	6	2
85.2530002	6	3
83.7900638	6	4
86.8699550	6	5
83.5123062	6	6
86.0741138	6	7
85.5803489	6	8
80.2586078	6	9
78.3467292	6	10
83.3630561	6	11
78.9685249	6	12
83.3234786	6	13
79.4663429	6	14
84.0241909	6	15
81.0811519	6	16
79.1845321	6	17
79.1869163	6	18
76.9667625	6	19
79.3511867	6	20
77.4157047	6	21
79.2629718	6	22
77.8243541	6	23
77.5055885	6	24
80.3477764	6	25
79.2634487	6	26
80.0585746	6	27
79.9953937	6	28
80.2693367	6	29
79.8795223	6	30
80.6632041	6	31
79.7622203	6	32
79.6275138	6	33
80.0068378	6	34
79.2534351	6	35
78.4811973	6	36
78.4711837	6	37
78.3960819	6	38
77.8751373	6	39
79.1740417	6	40
78.1893730	6	41
78.7179470	6	42
79.8299312	6	43
81.0494422	6	44
81.0639858	6	45
80.4507732	6	46
80.6927680	6	47
80.7514190	6	48
81.4547538	6	49
80.4955959	6	50
81.6116333	6	51
81.2013149	6	52
81.0863971	6	53
80.4743766	6	54
79.2601108	6	55
79.3495178	6	56
77.9967308	6	57
78.7825584	6	58
79.0894031	6	59
79.4334411	6	60
79.7281265	6	61
79.7371864	6	62
81.1359882	6	63
78.7470340	6	64
79.4751644	6	65
80.7595252	6	66
79.0765285	6	67
79.1893005	6	68
78.5775184	6	69
79.1685581	6	70
79.1201591	6	71
79.1590213	6	72
78.9809226	6	73
77.8465270	6	74
80.0080299	6	75
79.1885852	6	76
80.1086425	6	77
79.0491104	6	78
79.3395042	6	79
80.4846286	6	80
79.1239738	6	81
82.3857784	6	82
79.6854496	6	83
78.9437294	6	84
80.4069042	6	85
80.5821418	6	86
79.8940658	6	87
80.4264545	6	88
79.8854827	6	89
79.8141956	6	90
80.4851055	6	91
80.5680751	6	92
80.0631046	6	93
79.8668861	6	94
79.3669223	6	95
78.8712501	6	96
80.1544189	6	97
80.9726715	6	98
78.2225131	6	99
79.9186229	6	100
82.8323364	6	101
79.2329311	6	102
80.6219577	6	103
82.0395946	6	104
79.4105529	6	105
79.4653892	6	106
81.4445018	6	107
80.1434516	6	108
78.4928798	6	109
79.4317722	6	110
79.8230171	6	111
78.6883831	6	112
78.6619186	6	113
78.7587165	6	114
78.7005424	6	115
79.9074172	6	116
80.2431106	6	117
80.1928043	6	118
79.9272060	6	119
79.9021720	6	120
80.9087753	6	121
80.6026458	6	122
80.3298950	6	123
79.2098045	6	124
79.9360275	6	125
79.0250301	6	126
78.9132118	6	127
79.3101787	6	128
78.0520439	6	129
80.1162719	6	130
79.7286033	6	131
79.8969268	6	132
79.6918869	6	133
80.2516937	6	134
79.7026157	6	135
80.2052021	6	136
81.5880298	6	137
79.8892974	6	138
80.1854133	6	139
79.9319744	6	140
79.8099040	6	141
79.2646408	6	142
79.4627666	6	143
78.0913829	6	144
77.3820877	6	145
77.7723789	6	146
77.8369903	6	147
78.0498981	6	148
78.2418251	6	149
78.6097049	6	150
79.9248218	6	151
79.4732570	6	152
79.9717903	6	153
79.4999599	6	154
80.2483558	6	155
80.4500579	6	156
81.2759399	6	157
79.7536373	6	158
79.7595977	6	159
78.6473751	6	160
79.1492462	6	161
78.2053470	6	162
79.2560577	6	163
83.7662220	6	164
79.8597335	6	165
79.2789459	6	166
83.5845470	6	167
82.6761722	6	168
82.6468467	6	169
80.8422565	6	170
79.4932842	6	171
77.6472091	6	172
80.4798603	6	173
81.4476013	6	174
78.5057544	6	175
78.7301063	6	176
78.8781642	6	177
80.8608531	6	178
79.8001289	6	179
80.8157920	6	180
80.2073478	6	181
81.4588069	6	182
80.6066989	6	183
84.9428176	6	184
80.2609920	6	185
80.6956291	6	186
78.9365768	6	187
78.2241821	6	188
78.4573554	6	189
78.4373283	6	190
78.2699584	6	191
85.9053134	6	192
78.2432556	6	193
80.1608562	6	194
78.7706375	6	195
80.2986621	6	196
80.4848670	6	197
80.5611610	6	198
83.5733413	6	199
80.2659988	6	200
80.4162025	6	201
81.3286304	6	202
81.2079906	6	203
79.0729522	6	204
78.4895420	6	205
78.2794952	6	206
77.1594047	6	207
79.5702934	6	208
78.2179832	6	209
77.4335861	6	210
78.4218311	6	211
79.5295238	6	212
81.3555717	6	213
80.6813240	6	214
79.7238349	6	215
79.1985988	6	216
80.6927680	6	217
80.2903175	6	218
79.4215202	6	219
79.3926715	6	220
79.5710086	6	221
79.0750980	6	222
79.6093940	6	223
80.1122188	6	224
78.9403915	6	225
80.8951854	6	226
80.2924633	6	227
80.1141262	6	228
80.0795555	6	229
80.1916122	6	230
79.7824859	6	231
80.2488327	6	232
78.8538455	6	233
79.4687271	6	234
79.4558525	6	235
79.0619850	6	236
79.2353153	6	237
81.1331272	6	238
81.0465812	6	239
79.5197486	6	240
79.2858600	6	241
79.7476768	6	242
78.2933235	6	243
80.0523757	6	244
79.8597335	6	245
80.2433490	6	246
80.3487300	6	247
79.4970989	6	248
80.5110931	6	249
81.3403129	6	250
84.1786861	6	251
79.5860290	6	252
82.7603340	6	253
78.7265300	6	254
82.6349258	6	255
80.2104473	6	256
79.3321132	6	257
77.2085189	6	258
77.2902965	6	259
79.2212486	6	264
100.673198	6	262
89.9055004	6	263
111.372947	6	261
122.253894	6	260
80.1835060	6	265
79.9081325	6	266
127.711057	6	267
83.7290287	6	268
81.6922187	6	269
81.4731121	6	270
85.3409767	6	271
83.7044715	6	272
84.1977596	6	273
85.1871967	6	274
79.4565677	6	275
79.0221691	6	276
79.5865058	6	277
79.8480510	6	278
84.2835903	6	279
77.2047042	6	280
80.8448791	6	281
80.3191661	6	282
79.3497562	6	283
78.5245895	6	284
78.5233974	6	285
79.6141624	6	286
77.9883861	6	287
80.7814598	6	288
79.0708065	6	289
78.9799690	6	290
79.8659324	6	291
79.8883438	6	292
79.4894695	6	293
78.8948535	6	294
81.2683105	6	295
79.9334049	6	296
79.4417858	6	297
79.7851085	6	298
79.7312259	6	299
79.1618824	6	300
78.8574218	6	301
80.5122852	6	302
77.9199600	6	303
79.1287422	6	304
80.5461406	6	305
79.8542499	6	306
80.5876255	6	307
80.3432464	6	308
80.8527469	6	309
80.1157951	6	310
80.2898406	6	311
81.3860893	6	312
80.0843238	6	313
80.6198120	6	314
80.9688568	6	315
81.5343856	6	316
78.4268379	6	317
79.4954299	6	318
79.1358947	6	319
79.3833732	6	320
79.3113708	6	321
79.0500640	6	322
79.2098045	6	323
80.1210403	6	324
81.2230110	6	325
78.9828300	6	326
80.8191299	6	327
79.4606208	6	328
79.8013210	6	329
79.5562267	6	330
81.0666084	6	331
78.2630443	6	332
78.9783000	6	333
78.7258148	6	334
77.9044628	6	335
79.2090892	6	336
79.4827938	6	337
78.3071517	6	338
78.6254405	6	339
80.0023078	6	340
80.3678035	6	341
79.7646045	6	342
80.1799297	6	343
79.7348022	6	344
81.3357830	6	345
80.3899765	6	346
80.2195072	6	347
79.8254013	6	348
79.3695449	6	349
80.3313255	6	350
80.3828239	6	351
79.9930095	6	352
78.7212848	6	353
79.6451568	6	354
80.2857875	6	355
79.4336795	6	356
81.3107490	6	357
79.5762538	6	358
79.9932479	6	359
80.6813240	6	360
79.5211791	6	361
79.0350437	6	362
78.5620212	6	363
86.4646434	6	364
78.5925388	6	365
78.4349441	6	366
77.8553485	6	367
79.0214538	6	368
78.8943767	6	369
79.4715881	6	370
81.8545818	6	371
85.6227874	6	372
80.5737972	6	373
79.6651840	6	374
80.3723335	6	375
80.3766250	6	376
81.4628601	6	377
78.7880420	6	378
77.8865814	6	379
83.5995674	6	380
78.6967277	6	381
79.5588493	6	382
79.2806148	6	383
79.3304443	6	384
79.1645050	6	385
80.6860923	6	386
81.3887119	6	387
78.3224105	6	388
81.1855792	6	389
79.3421268	6	390
80.7332992	6	391
79.2837142	6	392
80.6615352	6	393
79.0705680	6	394
78.5276889	6	395
79.3113708	6	396
78.9270401	6	397
82.5538635	6	398
77.9666900	6	399
79.9055099	6	400
79.7054767	6	401
79.7281265	6	402
79.5304775	6	403
79.2963504	6	404
79.5636177	6	405
78.7355899	6	406
80.6448459	6	407
79.5128345	6	408
79.1957378	6	409
79.3824195	6	410
80.1959037	6	411
79.4384479	6	412
79.9911022	6	413
81.0563564	6	414
79.5016288	6	415
79.5602798	6	416
79.8082351	6	417
84.8064422	6	418
80.6765556	6	419
79.7979831	6	420
78.7775516	6	421
79.0922641	6	422
81.1097621	6	423
79.9663066	6	424
81.0680389	6	425
76.5562057	6	426
79.1378021	6	427
80.0771713	6	428
81.1836719	6	429
80.6579589	6	430
80.8732509	6	431
78.8893699	6	432
79.8830986	6	433
81.2597274	6	434
79.2024135	6	435
80.1281929	6	436
78.5784721	6	437
81.6557407	6	438
79.1864395	6	439
78.9544582	6	440
79.3859958	6	441
78.3324241	6	442
78.5388946	6	443
78.0704021	6	444
80.7609558	6	445
78.1297683	6	446
79.8401832	6	447
80.3658962	6	448
80.0263881	6	449
81.1040401	6	450
81.4294815	6	451
80.0943374	6	452
78.9725780	6	453
78.6230564	6	454
79.0503025	6	455
78.8271427	6	456
79.7352790	6	457
80.0294876	6	458
78.2718658	6	459
78.6476135	6	460
80.8639526	6	461
80.2259445	6	462
81.0399055	6	463
80.2292823	6	464
80.2767276	6	465
79.6024799	6	466
82.2370052	6	467
81.4340114	6	468
79.9260139	6	469
80.2357196	6	470
79.6997547	6	471
79.4453620	6	472
80.7476043	6	473
79.4947147	6	474
78.2716274	6	475
79.9114704	6	476
79.0271759	6	477
79.1966915	6	478
78.5498619	6	479
79.7615051	6	480
80.1658630	6	481
78.6476135	6	482
80.9791088	6	483
81.0623168	6	484
79.4491767	6	485
79.9059867	6	486
79.3693065	6	487
81.0153484	6	488
79.5249938	6	489
79.3471336	6	490
79.2927742	6	491
79.5228481	6	492
80.4622173	6	493
80.3894996	6	494
79.2684555	6	495
78.8412094	6	496
79.5824527	6	497
80.0187587	6	498
78.9859294	6	499
78.5021781	6	500
78.3233642	6	501
77.7945518	6	502
79.6272754	6	503
80.6813240	6	504
78.4690380	6	505
79.2279243	6	506
79.2875289	6	507
81.1138153	6	508
80.7564258	6	509
80.4264545	6	510
80.7349681	6	511
78.8934230	6	512
80.1954269	6	513
79.8764228	6	514
83.8649272	6	515
79.5013904	6	516
78.4375667	6	517
78.5999298	6	518
77.3549079	6	519
79.2300701	6	520
79.1888236	6	521
81.1610221	6	522
78.1517028	6	523
79.6852111	6	524
81.2537670	6	525
80.2872180	6	526
80.4107189	6	527
81.8295478	6	528
81.1152458	6	529
80.2474021	6	530
80.3155899	6	531
78.4757137	6	532
78.1033039	6	533
78.3786773	6	534
79.6518325	6	535
79.0441036	6	536
78.6995887	6	537
79.4026851	6	538
79.7400474	6	539
79.5943737	6	540
79.4949531	6	541
80.3496837	6	542
79.6566009	6	543
80.4409980	6	544
79.9098014	6	545
79.2829990	6	546
79.3910026	6	547
78.9093971	6	548
79.4045925	6	549
79.9088478	6	550
78.2830715	6	551
78.8443088	6	552
80.8568000	6	553
80.2409648	6	554
79.5612335	6	555
79.6980857	6	556
79.5149803	6	557
79.5383453	6	558
80.6415081	6	559
79.6217918	6	560
78.8884162	6	561
78.8671970	6	562
78.9785385	6	563
79.7789096	6	564
81.4673900	6	565
79.8254013	6	566
77.6879787	6	567
78.6497592	6	568
79.7278881	6	569
79.8714160	6	570
78.9220333	6	571
78.9468288	6	572
79.6983242	6	573
79.8168182	6	574
80.3833007	6	575
80.3079605	6	576
80.9047222	6	577
79.7743797	6	578
80.5141925	6	579
80.1453590	6	580
80.6183815	6	581
80.0151824	6	582
78.9515972	6	583
79.9596309	6	584
80.0874233	6	585
79.4060230	6	586
81.1240673	6	587
83.1162929	6	588
79.3690681	6	589
80.4479122	6	590
80.1305770	6	591
79.2150497	6	592
79.8699855	6	593
80.3482532	6	594
79.0619850	6	595
79.6403884	6	596
81.8386077	6	597
79.2770385	6	598
80.0735950	6	599
80.1336765	6	600
78.1931877	6	601
85.0493907	6	602
79.0791511	6	603
79.2586803	6	604
77.3622989	6	605
81.1519622	6	606
79.5497894	6	607
78.9358615	6	608
80.2757740	6	609
85.3598117	6	610
80.6541442	6	611
79.7467231	6	612
79.6711444	6	613
79.0829658	6	614
81.2315940	6	615
78.9346694	6	616
80.9066295	6	617
84.3758583	6	618
81.5460681	6	619
78.8176059	6	620
78.6399841	6	621
81.6466808	6	622
78.5984992	6	623
79.5140266	6	624
79.0612697	6	625
79.0052413	6	626
77.9876708	6	627
81.5401077	6	628
81.4697742	6	629
80.8210372	6	630
81.3829898	6	631
80.5950164	6	632
79.7834396	6	633
80.1551342	6	634
80.7483196	6	635
78.8166522	6	636
78.9036750	6	637
78.3026218	6	638
78.4101486	6	639
78.2942771	6	640
81.4232826	6	641
79.1394710	6	642
79.4007778	6	643
80.2092552	6	644
79.8809528	6	645
80.3945064	6	646
80.3623199	6	647
80.4448127	6	648
79.1854858	6	649
79.6005725	6	650
79.7066688	6	651
79.4203281	6	652
79.8366069	6	653
80.6641578	6	654
78.8702964	6	655
78.9780616	6	656
79.3182849	6	657
79.1909694	6	658
78.6068439	6	659
79.2353153	6	660
78.8335800	6	661
79.4060230	6	662
80.1331996	6	663
78.6724090	6	664
78.7665843	6	665
79.2119503	6	666
79.8516273	6	667
81.2230110	6	668
81.0503959	6	669
80.5039405	6	670
78.5570144	6	671
79.7355175	6	672
80.3642272	6	673
78.8254737	6	674
79.0126323	6	675
79.6353816	6	676
78.8915157	6	677
79.1342258	6	678
81.0129642	6	679
79.5443058	6	680
80.1179409	6	681
80.3658962	6	682
79.3030261	6	683
79.6263217	6	684
79.9422264	6	685
78.2837867	6	686
77.7597427	6	687
79.5249938	6	688
78.8481235	6	689
78.9527893	6	690
79.7567367	6	691
80.0809860	6	692
81.1221599	6	693
80.1634788	6	694
80.3289413	6	695
80.0938606	6	696
80.2006721	6	697
81.4268589	6	698
79.2431831	6	699
78.9413452	6	700
85.2878093	6	701
80.2874565	6	702
78.7870883	6	703
79.0102481	6	704
79.1976451	6	705
85.8838558	6	706
81.3651084	6	707
80.9657573	6	708
83.8971138	6	709
79.4122219	6	710
83.7762355	6	711
80.0735950	6	712
78.5923004	6	713
83.4970474	6	714
77.6634216	6	715
81.6147327	6	716
82.5748443	6	717
79.3306827	6	718
80.8207988	6	719
79.4749259	6	720
78.4828662	6	721
81.2549591	6	722
80.7144641	6	723
84.3014717	6	724
81.7208290	6	725
80.0855159	6	726
77.9259204	6	727
80.5778503	6	728
79.9272060	6	729
77.5406360	6	730
79.1482925	6	731
77.2995948	6	732
78.1209468	6	733
79.0438652	6	734
81.2029838	6	735
78.6437988	6	736
79.2946815	6	737
79.4525146	6	738
81.0654163	6	739
80.0328254	6	740
80.5201530	6	741
80.4216861	6	742
78.4332752	6	743
80.1723003	6	744
79.7364711	6	745
80.0738334	6	746
80.0330638	6	747
78.2372951	6	748
80.3925991	6	749
79.2136192	6	750
79.9002647	6	751
78.5248279	6	752
79.3006420	6	753
79.3166160	6	754
80.4877281	6	755
81.1362266	6	756
79.7941684	6	757
80.8787345	6	758
80.1420211	6	759
79.3735980	6	760
80.3179740	6	761
80.2941322	6	762
79.6616077	6	763
77.5282382	6	764
79.6258449	6	765
78.1815052	6	766
79.7579288	6	767
81.0236930	6	768
78.8815021	6	769
80.1725387	6	770
79.4770717	6	771
80.9211730	6	772
81.5379619	6	773
80.1334381	6	774
80.3956985	6	775
78.6514282	6	776
80.4686546	6	777
83.4286212	6	778
81.1414718	6	779
78.0303478	6	780
78.9210796	6	781
78.4962177	6	782
78.7010192	6	783
80.7485580	6	784
78.7646770	6	785
84.2068195	6	786
78.0246257	6	787
79.8785686	6	788
80.4333686	6	789
80.4553031	6	790
79.8621177	6	791
78.1013965	6	792
81.5718173	6	793
84.4402313	6	794
80.5327892	6	795
79.7734260	6	796
79.5512199	6	797
79.6899795	6	798
79.9851417	6	799
79.7452926	6	800
78.7971019	6	801
86.0810279	6	802
79.2148113	6	803
80.2946090	6	804
78.9248943	6	805
79.2379379	6	806
80.4026126	6	807
79.3604850	6	808
84.6259593	6	809
77.6185989	6	810
80.1353454	6	811
80.5487632	6	812
80.5850028	6	813
79.0767669	6	814
80.0921916	6	815
79.6103477	6	816
76.5562057	6	817
80.1925659	6	818
79.9424648	6	819
78.9825916	6	820
79.8037052	6	821
80.6806087	6	822
79.3392658	6	823
81.2656879	6	824
79.8127651	6	825
79.1192054	6	826
80.8172225	6	827
80.8665752	6	828
79.2644023	6	829
79.8156261	6	830
80.8334350	6	831
79.4343948	6	832
80.2905559	6	833
80.5981159	6	834
84.8739147	6	835
79.4892311	6	836
79.4956684	6	837
79.4889926	6	838
80.3380012	6	839
78.7992477	6	840
79.9028873	6	841
78.1137943	6	842
77.4159431	6	843
79.9784660	6	844
80.0106525	6	845
79.3480873	6	846
79.6797275	6	847
81.2509059	6	848
79.6468257	6	849
81.1007022	6	850
80.3480148	6	851
79.4568061	6	852
80.5196762	6	853
81.2525749	6	854
80.8427333	6	855
79.6904563	6	856
78.9747238	6	857
78.5107612	6	858
80.3966522	6	859
81.3949108	6	860
79.7140598	6	861
79.6668529	6	862
78.1278610	6	863
80.3217887	6	864
79.8614025	6	865
78.6974430	6	866
80.7890892	6	867
79.1194438	6	868
79.3507099	6	869
79.6210765	6	870
80.8193683	6	871
78.3877372	6	872
79.9784660	6	873
80.6207656	6	874
78.5501003	6	875
80.1320075	6	876
80.1146030	6	877
81.2673568	6	878
79.3390274	6	879
81.0048580	6	880
79.8580646	6	881
79.9002647	6	882
80.1708698	6	883
81.6264152	6	884
79.4646739	6	885
78.6280632	6	886
80.2569389	6	887
78.3376693	6	888
78.6995887	6	889
79.6630382	6	890
78.0920982	6	891
79.8525810	6	892
80.5015563	6	893
81.2222957	6	894
78.7389278	6	895
80.8279514	6	896
81.0911655	6	897
79.8764228	6	898
79.3528556	6	899
80.3556442	6	900
78.1214237	6	901
79.3592929	6	902
79.3757438	6	903
79.3709754	6	904
79.9763202	6	905
80.1219940	6	906
78.7408351	6	907
80.6317329	6	908
78.9620876	6	909
79.3623924	6	910
85.2119922	6	911
79.0209770	6	912
80.0571441	6	913
79.4687271	6	914
79.7197818	6	915
78.9542198	6	916
79.6840190	6	917
79.2815685	6	918
82.6909542	6	919
79.9365043	6	920
78.1581401	6	921
79.2641639	6	922
78.7980556	6	923
79.3921947	6	924
79.0891647	6	925
78.8555145	6	926
85.0784778	6	927
77.8021812	6	928
79.7760486	6	929
79.7815322	6	930
80.3725719	6	931
78.4263610	6	932
78.9637565	6	933
79.4670581	6	934
84.4511985	6	935
80.2226066	6	936
78.7141323	6	937
79.4143676	6	938
82.8676223	6	939
81.5083980	6	940
81.0434818	6	941
81.1188220	6	942
83.1670761	6	943
78.5405635	6	944
78.9577960	6	945
83.6753845	6	946
83.0459594	6	947
78.5894393	6	948
78.4983634	6	949
78.3300399	6	950
83.0340385	6	951
79.6859264	6	952
79.7700881	6	953
77.3546695	6	954
80.1537036	6	955
80.6012153	6	956
80.5926322	6	957
80.6565284	6	958
78.7134170	6	959
80.3494453	6	960
79.9562931	6	961
81.1097621	6	962
82.7634334	6	963
77.9366493	6	964
78.3054828	6	965
77.5086879	6	966
78.4049034	6	967
77.7425765	6	968
78.4893035	6	969
78.5043239	6	970
78.8340568	6	971
79.5774459	6	972
79.3118476	6	973
80.2812576	6	974
85.6060981	6	975
81.0971260	6	976
80.9457302	6	977
83.0674171	6	978
80.0962448	6	979
79.4312953	6	980
82.6036930	6	981
77.9621601	6	982
83.3613872	6	983
78.6736011	6	984
81.2869071	6	985
77.2874355	6	986
79.0185928	6	987
79.8828601	6	988
78.9229869	6	989
81.7296504	6	990
78.3512592	6	991
80.6422233	6	992
80.6612968	6	993
81.9430351	6	994
80.8072090	6	995
80.4431438	6	996
80.5561542	6	997
79.7226428	6	998
80.3313255	6	999
81.4394950	6	1000
80.7657241	6	1001
79.4875621	6	1002
80.8510780	6	1003
80.8038711	6	1004
78.6337852	6	1005
79.6759128	6	1006
80.7111263	6	1007
81.4776420	6	1008
79.0319442	6	1009
81.9365978	6	1010
80.5089473	6	1011
81.1529159	6	1012
81.2237262	6	1013
81.4647674	6	1014
79.7080993	6	1015
79.6961784	6	1016
81.8436145	6	1017
78.8729190	6	1018
80.3489685	6	1019
79.9636840	6	1020
77.9879093	6	1021
77.9488086	6	1022
77.7249336	6	1023
85.6795310	6	1024
78.8693428	6	1025
81.8789005	6	1026
78.6113739	6	1027
80.2574157	6	1028
79.7586441	6	1029
81.1274051	6	1030
80.6431770	6	1031
83.0619335	6	1032
79.8795223	6	1033
77.4343013	6	1034
79.9133777	6	1035
79.0033340	6	1036
78.3579349	6	1037
77.9759883	6	1038
78.6976814	6	1039
76.8921375	6	1040
79.5676708	6	1041
80.9910297	6	1042
78.9575576	6	1043
80.3081989	6	1044
80.0616741	6	1045
80.5745124	6	1046
81.1998844	6	1047
80.9743404	6	1048
80.0480842	6	1049
79.5977115	6	1050
81.3434123	6	1051
78.4258842	6	1052
78.0341625	6	1053
79.1816711	6	1054
78.8271427	6	1055
78.4189701	6	1056
79.2672634	6	1057
79.7681808	6	1058
78.4618854	6	1059
79.9462795	6	1060
78.8738727	6	1061
80.3117752	6	1062
80.3744792	6	1063
80.8782577	6	1064
81.3293457	6	1065
84.0003490	6	1066
80.3163051	6	1067
80.2824497	6	1068
80.1126956	6	1069
79.2856216	6	1070
80.4443359	6	1071
79.2794227	6	1072
79.9472332	6	1073
77.0645141	6	1074
79.8337459	6	1075
79.7953605	6	1076
79.8754692	6	1077
80.5552005	6	1078
79.1354179	6	1079
80.0871849	6	1080
80.2981853	6	1081
81.0060501	6	1082
81.1076164	6	1083
80.0704956	6	1084
80.4262161	6	1085
80.9619426	6	1086
80.5604457	6	1087
83.3427906	6	1088
81.5095901	6	1089
80.8539390	6	1090
80.2657604	6	1091
79.5300006	6	1092
79.0321826	6	1093
79.2813301	6	1094
80.3365707	6	1095
77.8076648	6	1096
79.5173645	6	1097
79.4105529	6	1098
79.6287059	6	1099
79.1532993	6	1100
80.5509090	6	1101
80.4464817	6	1102
78.0608654	6	1103
80.8331966	6	1104
78.3486366	6	1105
80.2516937	6	1106
80.3253650	6	1107
80.7497501	6	1108
78.4609317	6	1109
79.4112682	6	1110
80.0075531	6	1111
79.8254013	6	1112
78.8564682	6	1113
78.2804489	6	1114
79.0891647	6	1115
79.1678428	6	1116
78.1946182	6	1117
78.4897804	6	1118
78.4113407	6	1119
78.8445472	6	1120
79.4825553	6	1121
80.6059837	6	1122
80.2500247	6	1123
80.8849334	6	1124
80.2390575	6	1125
79.2534351	6	1126
80.0828933	6	1127
79.6518325	6	1128
80.0092220	6	1129
79.9970626	6	1130
80.0313949	6	1131
79.9944400	6	1132
79.5130729	6	1133
80.2166461	6	1134
78.5570144	6	1135
79.7636508	6	1136
79.1430473	6	1137
78.2020092	6	1138
79.4909000	6	1139
79.0252685	6	1140
79.5035362	6	1141
79.8385143	6	1142
81.3250541	6	1143
80.2896022	6	1144
80.3196430	6	1145
80.6944370	6	1146
80.4350376	6	1147
80.1789760	6	1148
80.4405212	6	1149
78.4282684	6	1150
78.3216953	6	1151
78.9442062	6	1152
79.4186592	6	1153
78.4924030	6	1154
79.5052051	6	1155
79.2801380	6	1156
78.1822204	6	1157
80.5954933	6	1158
79.7057151	6	1159
81.3677310	6	1160
80.0185203	6	1161
79.5314311	6	1162
80.0600051	6	1163
79.7767639	6	1164
79.9543857	6	1165
77.9080390	6	1166
78.9315700	6	1167
78.2854557	6	1168
78.8764953	6	1169
79.5338153	6	1170
79.0603160	6	1171
79.4470310	6	1172
80.4085731	6	1173
79.5745849	6	1174
81.0289382	6	1175
79.7982215	6	1176
79.9832344	6	1177
80.3689956	6	1178
79.3154239	6	1179
79.7929763	6	1180
79.3671607	6	1181
80.9340476	6	1182
80.1477432	6	1183
79.6635150	6	1184
78.6876678	6	1185
78.2237052	6	1186
80.6417465	6	1187
79.3147087	6	1188
80.2733898	6	1189
80.1806449	6	1190
79.4453620	6	1191
79.9632072	6	1192
80.0588130	6	1193
81.1617374	6	1194
78.1524181	6	1195
79.4830322	6	1196
78.5520076	6	1197
87.0003700	6	1198
80.0039768	6	1199
79.1168212	6	1200
83.4774971	6	1201
77.2101879	6	1202
79.0057182	6	1203
79.3919563	6	1204
78.7670612	6	1205
83.4612846	6	1206
79.5774459	6	1207
81.1989307	6	1208
82.6125144	6	1209
80.7433128	6	1210
79.1954994	6	1211
79.3433189	6	1212
79.6031951	6	1213
85.1895809	6	1214
78.0546665	6	1215
78.1264305	6	1216
77.0576000	6	1217
77.4419307	6	1218
79.4360637	6	1219
80.3079605	6	1220
80.3730487	6	1221
77.8043270	6	1222
80.7049274	6	1223
79.1997909	6	1224
80.6570053	6	1225
81.0101032	6	1226
81.2697410	6	1227
79.8068046	6	1228
84.1679573	6	1229
80.5711746	6	1230
79.6980857	6	1231
81.5832614	6	1232
78.8128376	6	1233
78.3672332	6	1234
77.6097774	6	1235
78.7754058	6	1236
85.4980945	6	1237
77.9402256	6	1238
81.1359882	6	1239
78.0165195	6	1240
80.4231166	6	1241
80.6899070	6	1242
80.6763172	6	1243
79.6754360	6	1244
85.6096744	6	1245
80.1291465	6	1246
80.8296203	6	1247
81.2547206	6	1248
79.9183845	6	1249
79.7491073	6	1250
79.1728496	6	1251
80.2114009	6	1252
86.3790512	6	1253
80.3956985	6	1254
79.2994499	6	1255
79.3695449	6	1256
80.7116031	6	1257
79.0598392	6	1258
79.4920921	6	1259
79.2086124	6	1260
85.2401256	6	1261
78.6976814	6	1262
82.6871395	6	1263
80.4207324	6	1264
78.4475803	6	1265
81.1524391	6	1266
80.3782939	6	1267
81.5291404	6	1268
83.9643478	6	1269
80.0368785	6	1270
80.4021358	6	1271
79.6477794	6	1272
81.8808078	6	1273
78.7489414	6	1274
80.0569057	6	1275
79.6911716	6	1276
77.1677494	6	1277
80.2934169	6	1278
80.0273418	6	1279
79.5960426	6	1280
79.4160366	6	1281
80.2452564	6	1282
78.3441066	6	1283
79.5927047	6	1284
79.5996189	6	1285
80.1575183	6	1286
79.0581703	6	1287
79.6535015	6	1288
79.3266296	6	1289
78.6998271	6	1290
79.3638229	6	1291
79.3828964	6	1292
82.5352668	6	1293
79.1265964	6	1294
79.9293518	6	1295
79.5252323	6	1296
79.2233943	6	1297
80.1386833	6	1298
81.3639163	6	1299
79.2400836	6	1300
81.1793804	6	1301
80.8053016	6	1302
81.2327861	6	1303
82.2019577	6	1304
79.5569419	6	1305
81.3872814	6	1306
79.8642635	6	1307
81.8278789	6	1308
80.9903144	6	1309
78.0460834	6	1310
79.5001983	6	1311
79.1225433	6	1312
83.0316543	6	1313
77.9588222	6	1314
79.8435211	6	1315
79.2284011	6	1316
79.2660713	6	1317
79.6699523	6	1318
79.7290802	6	1319
79.9062252	6	1320
78.2165527	6	1321
80.4510116	6	1322
81.5184116	6	1323
80.2655220	6	1324
80.2893638	6	1325
79.8108577	6	1326
80.1508426	6	1327
80.1506042	6	1328
80.5892944	6	1329
80.4781913	6	1330
78.6349773	6	1331
79.2138576	6	1332
78.7537097	6	1333
78.7639617	6	1334
80.2488327	6	1335
80.9078216	6	1336
79.5030593	6	1337
80.0008773	6	1338
78.6025524	6	1339
81.0914039	6	1340
79.3437957	6	1341
80.1177024	6	1342
79.9078941	6	1343
80.3501605	6	1344
78.3758163	6	1345
82.7889442	6	1346
83.5282802	6	1347
79.0123939	6	1348
78.8285732	6	1349
77.9705047	6	1350
79.8027515	6	1351
78.8130760	6	1352
82.8862190	6	1353
78.1497955	6	1354
77.4106979	6	1355
80.2109241	6	1356
80.5053710	6	1357
80.7573795	6	1358
78.6833763	6	1359
80.8033943	6	1360
80.4657936	6	1361
78.9287090	6	1362
80.3358554	6	1363
79.6544551	6	1364
79.7748565	6	1365
78.5448551	6	1366
80.5480480	6	1367
81.8586349	6	1368
78.0203342	6	1369
79.4022083	6	1370
78.5953998	6	1371
80.0402164	6	1372
79.0269374	6	1373
80.7332992	6	1374
79.9391269	6	1375
79.4386863	6	1376
81.5808773	6	1377
80.7509422	6	1378
80.1193714	6	1379
85.7999324	6	1380
80.8892250	6	1381
79.5805454	6	1382
79.3786048	6	1383
78.3176422	6	1384
79.1423320	6	1385
79.8873901	6	1386
80.0776481	6	1387
86.7493152	6	1388
81.0308456	6	1389
79.9202919	6	1390
79.9367427	6	1391
81.1815261	6	1392
79.9005031	6	1393
80.4462432	6	1394
80.4712772	6	1395
84.0833187	6	1396
80.3639888	6	1397
80.3496837	6	1398
83.8809013	6	1399
79.8299312	6	1400
82.8948020	6	1401
80.5089473	6	1402
79.9722671	6	1403
77.2724151	6	1404
80.4038047	6	1405
78.1071186	6	1406
78.0582427	6	1407
78.5837173	6	1408
78.6211490	6	1409
80.5149078	6	1410
79.4148445	6	1411
81.5477371	6	1412
80.5158615	6	1413
79.7815322	6	1414
80.4290771	6	1415
79.5638561	6	1416
79.0660381	6	1417
79.7281265	6	1418
78.4969329	6	1419
80.0468921	6	1420
79.4777870	6	1421
78.4409046	6	1422
78.5107612	6	1423
79.6136856	6	1424
79.5214176	6	1425
79.6251296	6	1426
80.0895690	6	1427
79.6830654	6	1428
81.3000202	6	1429
79.3955326	6	1430
80.6481838	6	1431
79.5302391	6	1432
80.6407928	6	1433
80.8579921	6	1434
80.9137821	6	1435
80.3654193	6	1436
80.8353424	6	1437
80.3205966	6	1438
84.6190452	6	1439
81.0399055	6	1440
79.3974399	6	1441
78.6502361	6	1442
80.2400112	6	1443
78.9124965	6	1444
79.5078277	6	1445
77.3565769	6	1446
77.6736736	6	1447
78.3309936	6	1448
80.8861255	6	1449
80.2862644	6	1450
80.1877975	6	1451
79.6692371	6	1452
79.6432495	6	1453
80.0638198	6	1454
81.5901756	6	1455
81.0782909	6	1456
79.8878669	6	1457
78.8414478	6	1458
79.5938968	6	1459
81.0668468	6	1460
81.0511112	6	1461
80.5740356	6	1462
77.8443813	6	1463
78.7916183	6	1464
80.0406932	6	1465
79.7221660	6	1466
78.5567760	6	1467
78.8872241	6	1468
77.9602527	6	1469
79.5454978	6	1470
79.8702239	6	1471
80.8291435	6	1472
80.4936885	6	1473
81.5083980	6	1474
80.5599689	6	1475
80.7590484	6	1476
80.5346965	6	1477
80.4729461	6	1478
80.2648067	6	1479
78.6881446	6	1480
79.4847011	6	1481
79.9512863	6	1482
79.1087150	6	1483
79.2672634	6	1484
80.1591873	6	1485
79.1249275	6	1486
79.3938636	6	1487
80.0321102	6	1488
79.4062614	6	1489
79.3070793	6	1490
79.3623924	6	1491
81.2838077	6	1492
80.8889865	6	1493
80.0945758	6	1494
79.5691013	6	1495
81.3305377	6	1496
80.1970958	6	1497
80.9297561	6	1498
80.9876918	6	1499
80.4643630	6	1500
79.7779560	6	1501
81.1057090	6	1502
78.6275863	6	1503
79.5388221	6	1504
79.2655944	6	1505
78.3379077	6	1506
78.7432193	6	1507
81.0866355	6	1508
80.9268951	6	1509
78.5427093	6	1510
80.3546905	6	1511
80.0700187	6	1512
80.0509452	6	1513
81.0811519	6	1514
80.1773071	6	1515
80.1005363	6	1516
81.1531543	6	1517
81.2764167	6	1518
81.3016891	6	1519
80.4953575	6	1520
80.8241367	6	1521
79.6775817	6	1522
79.1945457	6	1523
79.0364742	6	1524
79.6868801	6	1525
79.3311595	6	1526
78.0758857	6	1527
79.9653530	6	1528
79.1418552	6	1529
78.0680179	6	1530
79.6885490	6	1531
79.8106193	6	1532
79.1063308	6	1533
78.2728195	6	1534
79.4062614	6	1535
78.9372920	6	1536
82.9200744	6	1537
79.6146392	6	1538
79.5543193	6	1539
81.2406539	6	1540
79.6372890	6	1541
80.1727771	6	1542
81.2332630	6	1543
80.6195735	6	1544
79.9093246	6	1545
80.8782577	6	1546
80.1687240	6	1547
79.4100761	6	1548
80.5988311	6	1549
80.8985233	6	1550
79.6394348	6	1551
80.7557106	6	1552
82.1809768	6	1553
79.0789127	6	1554
79.2317390	6	1555
80.7657241	6	1556
79.5958042	6	1557
77.9495239	6	1558
80.2507400	6	1559
79.0295600	6	1560
78.6206722	6	1561
81.3460350	6	1562
80.2109241	6	1563
78.1145095	6	1564
79.9705982	6	1565
80.4228782	6	1566
80.2586078	6	1567
80.8727741	6	1568
80.2621841	6	1569
79.4558525	6	1570
78.9401531	6	1571
80.5873870	6	1572
79.1091918	6	1573
78.7837505	6	1574
79.7455310	6	1575
78.7010192	6	1576
77.8353214	6	1577
80.5683135	6	1578
80.3155899	6	1579
81.9396972	6	1580
79.5609951	6	1581
80.6541442	6	1582
80.9566974	6	1583
80.8570384	6	1584
81.9263458	6	1585
78.2725811	6	1586
79.8964500	6	1587
78.3753395	6	1588
79.1749954	6	1589
80.0302028	6	1590
80.8286666	6	1591
78.9716243	6	1592
78.6781311	6	1593
79.2293548	6	1594
78.9861679	6	1595
79.7157287	6	1596
80.1529884	6	1597
78.3116817	6	1598
80.6424617	6	1599
80.4266929	6	1600
79.9939632	6	1601
79.8802375	6	1602
79.4050693	6	1603
78.6747932	6	1604
79.7255039	6	1605
80.1339149	6	1606
80.6512832	6	1607
78.9484977	6	1608
80.4827213	6	1609
78.7692070	6	1610
79.0045261	6	1611
80.7349681	6	1612
80.4200172	6	1613
80.2149772	6	1614
80.8386802	6	1615
79.7123908	6	1616
81.6800594	6	1617
80.7034969	6	1618
80.8658599	6	1619
80.2130699	6	1620
80.6720256	6	1621
79.5168876	6	1622
79.1876316	6	1623
80.6844234	6	1624
78.2585144	6	1625
80.3880691	6	1626
77.3313045	6	1627
78.9844989	6	1628
78.9773464	6	1629
78.0129432	6	1630
79.2222023	6	1631
78.3164501	6	1632
78.6361694	6	1633
79.1187286	6	1634
78.4482955	6	1635
79.3657302	6	1636
78.5260200	6	1637
78.6688327	6	1638
79.0369510	6	1639
81.0363292	6	1640
80.2073478	6	1641
79.9324512	6	1642
80.2738666	6	1643
80.6591510	6	1644
80.4457664	6	1645
80.5799961	6	1646
80.0445079	6	1647
79.8184871	6	1648
80.9235572	6	1649
79.7741413	6	1650
78.7649154	6	1651
80.0850391	6	1652
79.1010856	6	1653
78.6247253	6	1654
79.5822143	6	1655
79.0827274	6	1656
78.1400203	6	1657
78.0045986	6	1658
80.4886817	6	1659
80.0411701	6	1660
79.5183181	6	1661
80.5804729	6	1662
81.2158584	6	1663
79.4432163	6	1664
80.6818008	6	1665
81.0925960	6	1666
79.0197849	6	1667
79.5261859	6	1668
79.4994831	6	1669
79.0135860	6	1670
78.4926414	6	1671
79.2350769	6	1672
78.3693790	6	1673
79.6954631	6	1674
79.6434879	6	1675
80.4069042	6	1676
81.0694694	6	1677
80.9252262	6	1678
80.2273750	6	1679
79.6236991	6	1680
79.6399116	6	1681
79.1757106	6	1682
80.6229114	6	1683
79.7252655	6	1684
78.9160728	6	1685
81.9141864	6	1686
80.6455612	6	1687
80.6021690	6	1688
81.4020633	6	1689
80.4247856	6	1690
78.9973735	6	1691
80.5718898	6	1692
80.4495811	6	1693
80.2016258	6	1694
80.4584026	6	1695
78.8912773	6	1696
79.3955326	6	1697
79.6084403	6	1698
81.1390876	6	1699
78.7036418	6	1700
81.4342498	6	1701
79.4229507	6	1702
80.8076858	6	1703
80.9309482	6	1704
79.1780948	6	1705
81.2337398	6	1706
78.8624286	6	1707
79.5099735	6	1708
80.0268650	6	1709
80.0447463	6	1710
79.4787406	6	1711
79.2317390	6	1712
79.2503356	6	1713
79.1957378	6	1714
80.3647041	6	1715
79.6399116	6	1716
79.8835754	6	1717
78.9477825	6	1718
79.1969299	6	1719
79.7314643	6	1720
81.4089775	6	1721
80.5532932	6	1722
80.2567005	6	1723
80.1477432	6	1724
78.6478519	6	1725
79.9264907	6	1726
79.8385143	6	1727
81.6676616	6	1728
79.4181823	6	1729
79.8637866	6	1730
80.0387859	6	1731
79.3259143	6	1732
79.5085430	6	1733
79.6110630	6	1734
81.2995433	6	1735
79.7629356	6	1736
79.2219638	6	1737
80.4913043	6	1738
79.2551040	6	1739
81.4039707	6	1740
85.9525203	6	1741
79.1866779	6	1742
79.7541141	6	1743
79.4486999	6	1744
81.3705921	6	1745
78.6204338	6	1746
80.6338787	6	1747
78.5841941	6	1748
77.8660774	6	1749
80.0070762	6	1750
79.8909664	6	1751
80.5015563	6	1752
79.4250965	6	1753
80.6949138	6	1754
79.7252655	6	1755
84.5494270	6	1756
82.1292400	6	1757
79.9434185	6	1758
79.2436599	6	1759
80.5246829	6	1760
80.4166793	6	1761
78.9852142	6	1762
81.6242694	6	1763
78.9022445	6	1764
79.6773433	6	1765
82.4291706	6	1766
79.2663097	6	1767
78.6485671	6	1768
79.1106224	6	1769
80.1415443	6	1770
78.4633159	6	1771
81.2752246	6	1772
79.3278217	6	1773
77.5659084	6	1774
79.1866779	6	1775
80.6224346	6	1776
80.6035995	6	1777
80.5521011	6	1778
80.6310176	6	1779
79.0524482	6	1780
79.2448520	6	1781
81.8600654	6	1782
80.0964832	6	1783
78.8149833	6	1784
80.6109905	6	1785
80.5835723	6	1786
79.9179077	6	1787
81.6478729	6	1788
79.5412063	6	1789
78.0827999	6	1790
79.4351100	6	1791
80.1460742	6	1792
80.1000595	6	1793
79.6651840	6	1794
80.3954601	6	1795
78.9828300	6	1796
78.8354873	6	1797
80.3544521	6	1798
80.9369087	6	1799
80.5802345	6	1800
79.9310207	6	1801
78.9542198	6	1802
79.9148082	6	1803
80.7154178	6	1804
78.7889957	6	1805
78.5412788	6	1806
83.3628177	6	1807
82.2210311	6	1808
79.8373222	6	1809
79.8625946	6	1810
79.8723697	6	1811
78.8195133	6	1812
80.9583663	6	1813
79.0147781	6	1814
78.7127017	6	1815
77.6436328	6	1816
79.9453258	6	1817
81.8548202	6	1818
79.5853137	6	1819
80.8060169	6	1820
79.9493789	6	1821
80.1286697	6	1822
79.5698165	6	1823
79.9064636	6	1824
80.2726745	6	1825
78.6833763	6	1826
79.8428058	6	1827
79.3805122	6	1828
80.8017253	6	1829
80.8634757	6	1830
80.0480842	6	1831
78.9442062	6	1832
78.6490440	6	1833
83.9314460	6	1834
79.3278217	6	1835
81.0387134	6	1836
80.6474685	6	1837
78.7882804	6	1838
81.6733837	6	1839
80.4200172	6	1840
81.7356109	6	1841
77.5804519	6	1842
80.6281566	6	1843
80.7664394	6	1844
80.8546543	6	1845
83.7686061	6	1846
78.1545639	6	1847
80.5540084	6	1848
79.3602466	6	1849
81.0692310	6	1850
78.4378051	6	1851
80.3685188	6	1852
78.8064002	6	1853
77.4896144	6	1854
80.9540748	6	1855
82.2005271	6	1856
79.6110630	6	1857
80.1453590	6	1858
80.2366733	6	1859
78.6206722	6	1860
78.7281990	6	1861
79.1847705	6	1862
78.5651206	6	1863
78.9468288	6	1864
78.6669254	6	1865
80.2736282	6	1866
79.8108577	6	1867
81.0635089	6	1868
81.3767910	6	1869
79.8027515	6	1870
79.5505046	6	1871
80.3358554	6	1872
81.1183452	6	1873
78.6309242	6	1874
79.5593261	6	1875
81.7117691	6	1876
78.8586139	6	1877
79.9703598	6	1878
79.7667503	6	1879
78.5365104	6	1880
78.9785385	6	1881
81.4561843	6	1882
79.0069103	6	1883
78.6082744	6	1884
80.2943706	6	1885
79.2183876	6	1886
78.9997577	6	1887
79.9250602	6	1888
80.4731845	6	1889
77.9566764	6	1890
79.5261859	6	1891
79.9481868	6	1892
84.3594074	6	1893
79.9269676	6	1894
79.0877342	6	1895
79.4665813	6	1896
85.9251022	6	1897
80.4762840	6	1898
80.3182125	6	1899
80.1639556	6	1900
86.1754417	6	1901
81.5880298	6	1902
80.0778865	6	1903
81.2277793	6	1904
86.2548351	6	1905
78.9394378	6	1906
80.9171199	6	1907
81.3255310	6	1908
85.5154991	6	1909
82.3178291	6	1910
81.2807083	6	1911
79.7681808	6	1912
84.0997695	6	1913
80.9822082	6	1914
78.5658359	6	1915
79.2233943	6	1916
84.6748352	6	1917
82.4868679	6	1918
79.5578956	6	1919
78.8729190	6	1920
82.3054313	6	1921
78.9885520	6	1922
79.6709060	6	1923
79.0622234	6	1924
85.5846405	6	1925
81.1936855	6	1926
80.3039073	6	1927
79.8571109	6	1928
80.5256366	6	1929
79.9214839	6	1930
80.3260803	6	1931
80.9993743	6	1932
83.1618309	6	1933
80.9352397	6	1934
80.6093215	6	1935
78.5481929	6	1936
79.3552398	6	1937
79.6806812	6	1938
79.3468952	6	1939
78.6592960	6	1940
83.4093093	6	1941
78.9172649	6	1942
82.1926593	6	1943
78.1157016	6	1944
79.8761844	6	1945
79.0591239	6	1946
79.3261528	6	1947
85.9103202	6	1948
77.6748657	6	1949
80.0154209	6	1950
78.3653259	6	1951
80.9242725	6	1952
79.2841911	6	1953
79.3511867	6	1954
79.8702239	6	1955
83.4667682	6	1956
80.8327198	6	1957
79.2827606	6	1958
80.0976753	6	1959
80.0428390	6	1960
80.6443691	6	1961
80.8622837	6	1962
81.6011428	6	1963
78.7281990	6	1964
80.8014869	6	1965
79.6663761	6	1966
79.1358947	6	1967
78.1524181	6	1968
78.6979198	6	1969
78.2945156	6	1970
79.4379711	6	1971
80.2261829	6	1972
79.3509483	6	1973
78.8886547	6	1974
81.0286998	6	1975
79.9899101	6	1976
80.6760787	6	1977
81.7081928	6	1978
80.2426338	6	1979
80.8246135	6	1980
80.6746482	6	1981
81.1769962	6	1982
79.4558525	6	1983
79.9174308	6	1984
79.5462131	6	1985
77.5570869	6	1986
79.0627002	6	1987
78.7570476	6	1988
79.7789096	6	1989
79.7054767	6	1990
80.0151824	6	1991
79.6210765	6	1992
79.5750617	6	1993
82.4162960	6	1994
79.4460773	6	1995
79.1275501	6	1996
79.8330307	6	1997
79.9283981	6	1998
79.8556804	6	1999
80.0142288	6	2000
79.5891284	6	2001
79.1158676	6	2002
80.1429748	6	2003
80.4557800	6	2004
86.5569114	6	2005
79.1721343	6	2006
80.2929401	6	2007
79.5075893	6	2008
80.2702903	6	2009
79.8139572	6	2010
80.1279544	6	2011
79.9090862	6	2012
85.1137638	6	2013
80.4197788	6	2014
79.7975063	6	2015
80.0809860	6	2016
78.6767005	6	2017
80.8916091	6	2018
79.8079967	6	2019
78.4678459	6	2020
85.2515697	6	2021
80.3997516	6	2022
79.2903900	6	2023
80.2876949	6	2024
81.2067985	6	2025
81.3450813	6	2026
80.6324481	6	2027
80.9357166	6	2028
77.6677131	6	2029
79.6532630	6	2030
80.9049606	6	2031
79.6720981	6	2032
79.6990394	6	2033
81.0482501	6	2034
79.9911022	6	2035
78.3555507	6	2036
81.0940265	6	2037
80.4312229	6	2038
78.8528919	6	2039
80.1382064	6	2040
80.0180435	6	2041
78.8683891	6	2042
79.5454978	6	2043
79.8981189	6	2044
79.6127319	6	2045
80.7325839	6	2046
79.5958042	6	2047
80.4357528	6	2048
78.9341926	6	2049
81.2051296	6	2050
79.9629688	6	2051
80.9106826	6	2052
81.5405845	6	2053
79.3333053	6	2054
78.7372589	6	2055
79.4744491	6	2056
79.4057846	6	2057
78.0205726	6	2058
79.9419879	6	2059
78.8509845	6	2060
77.9128074	6	2061
78.6550045	6	2062
78.8574218	6	2063
79.5354843	6	2064
78.3030986	6	2065
80.9595584	6	2066
79.0610313	6	2067
78.7971019	6	2068
79.8733234	6	2069
80.1482200	6	2070
79.2763233	6	2071
79.3764591	6	2072
79.9546241	6	2073
79.2119503	6	2074
79.3917179	6	2075
80.1513195	6	2076
78.5672664	6	2077
79.9777507	6	2078
79.6144008	6	2079
79.9345970	6	2080
79.2622566	6	2081
80.7087421	6	2082
79.6642303	6	2083
80.7557106	6	2084
82.8857421	6	2085
81.4807415	6	2086
80.1279544	6	2087
81.8018913	6	2088
81.0544490	6	2089
79.6177387	6	2090
80.3654193	6	2091
81.0976028	6	2092
79.2226791	6	2093
79.7791481	6	2094
85.2224826	6	2095
78.5467624	6	2096
79.8940658	6	2097
82.2761058	6	2098
81.0782909	6	2099
79.0393352	6	2100
80.0056457	6	2101
82.9718112	6	2102
78.4947872	6	2103
80.8110237	6	2104
80.2209377	6	2105
78.8295269	6	2106
78.9942741	6	2107
79.7836780	6	2108
79.4601440	6	2109
78.0498981	6	2110
79.6236991	6	2111
79.2064666	6	2112
80.4991722	6	2113
79.8013210	6	2114
80.7375907	6	2115
79.1232585	6	2116
79.9231529	6	2117
86.3723754	6	2118
80.2450180	6	2119
79.7278881	6	2120
79.0863037	6	2121
80.3091526	6	2122
79.3476104	6	2123
79.6697139	6	2124
79.6208381	6	2125
83.8012695	6	2126
78.1514644	6	2127
81.7022323	6	2128
78.4001350	6	2129
83.1410884	6	2130
79.6616077	6	2131
80.2378654	6	2132
78.7148475	6	2133
82.7207565	6	2134
80.7275772	6	2135
80.4064273	6	2136
79.2930126	6	2137
80.4696083	6	2138
81.2964439	6	2139
78.8834095	6	2140
81.2652111	6	2141
78.1097412	6	2142
78.1345367	6	2143
79.5993804	6	2144
79.8649787	6	2145
77.8462886	6	2146
78.9332389	6	2147
79.8749923	6	2148
79.8780918	6	2149
80.2414417	6	2150
81.7546844	6	2151
80.3730487	6	2152
79.9095630	6	2153
79.7731876	6	2154
80.6057453	6	2155
79.4937610	6	2156
79.3881416	6	2157
85.4427814	6	2158
77.8155326	6	2159
79.7469615	6	2160
83.5561752	6	2161
79.4751644	6	2162
78.7806510	6	2163
78.4866809	6	2164
79.9520015	6	2165
83.8780403	6	2166
80.2052021	6	2167
81.0329914	6	2168
83.1818580	6	2169
80.8022022	6	2170
81.2211036	6	2171
83.5664272	6	2172
80.3802013	6	2173
82.1654796	6	2174
80.3091526	6	2175
79.3180465	6	2176
83.1811428	6	2177
78.8226127	6	2178
78.7634849	6	2179
77.9120922	6	2180
78.2070159	6	2181
78.7670612	6	2182
78.9699554	6	2183
79.7090530	6	2184
77.5320529	6	2185
79.9391269	6	2186
79.6129703	6	2187
85.6130123	6	2188
80.1224708	6	2189
81.0840129	6	2190
79.0269374	6	2191
80.8615684	6	2192
79.9577236	6	2193
79.1022777	6	2194
78.1037807	6	2195
84.6076011	6	2196
78.7141323	6	2197
81.0317993	6	2198
79.7350406	6	2199
78.7489414	6	2200
79.3981552	6	2201
81.0003280	6	2202
80.9695720	6	2203
81.3534259	6	2204
80.7864665	6	2205
82.6678276	6	2206
83.2927227	6	2207
81.6950798	6	2208
79.5695781	6	2209
79.3972015	6	2210
79.1380405	6	2211
78.3219337	6	2212
79.4918537	6	2213
77.1782398	6	2214
77.4078369	6	2215
79.8602104	6	2216
79.6225070	6	2217
80.0492763	6	2218
81.1231136	6	2219
79.7259807	6	2220
80.9891223	6	2221
79.8969268	6	2222
81.5546512	6	2223
80.6572437	6	2224
78.8209438	6	2225
78.4857273	6	2226
80.3432464	6	2227
78.8581371	6	2228
79.6041488	6	2229
80.5406570	6	2230
79.3240070	6	2231
80.4662704	6	2232
79.7810554	6	2233
80.3456306	6	2234
79.9882411	6	2235
81.0906887	6	2236
79.8876285	6	2237
78.4509181	6	2238
79.3633460	6	2239
79.3972015	6	2240
78.4347057	6	2241
78.1419277	6	2242
80.6419849	6	2243
78.1097412	6	2244
79.7810554	6	2245
81.4955234	6	2246
79.6551704	6	2247
80.5556774	6	2248
80.5592536	6	2249
82.1197032	6	2250
78.6550045	6	2251
79.6222686	6	2252
80.1331996	6	2253
77.8701305	6	2254
80.8188915	6	2255
78.3941745	6	2256
78.7611007	6	2257
78.3343315	6	2258
80.1110267	6	2259
79.7021389	6	2260
81.1307430	6	2261
80.9581279	6	2262
80.3785324	6	2263
80.0902843	6	2264
79.8740386	6	2265
82.9131603	6	2266
78.6502361	6	2267
79.8397064	6	2268
78.7672996	6	2269
78.6011219	6	2270
80.8782577	6	2271
79.4517993	6	2272
79.8280239	6	2273
77.6064395	6	2274
79.8077583	6	2275
79.6031951	6	2276
80.2354812	6	2277
81.0973644	6	2278
78.6931514	6	2279
79.2365074	6	2280
78.2489776	6	2281
80.5280208	6	2282
79.3809890	6	2283
78.4544944	6	2284
78.4101486	6	2285
78.0141353	6	2286
79.3676376	6	2287
79.5085430	6	2288
80.3585052	6	2289
79.5056819	6	2290
80.3542137	6	2291
79.7271728	6	2292
80.1074504	6	2293
81.1777114	6	2294
80.7073116	6	2295
80.6427001	6	2296
77.3534774	6	2297
78.3557891	6	2298
79.5156955	6	2299
79.4484615	6	2300
80.0535678	6	2301
79.4732570	6	2302
79.6599388	6	2303
78.8424015	6	2304
80.3802013	6	2305
80.5790424	6	2306
80.4269313	6	2307
80.4212093	6	2308
78.4156322	6	2309
81.0427665	6	2310
79.1079998	6	2311
79.2295932	6	2312
78.5973072	6	2313
78.9320468	6	2314
78.4964561	6	2315
78.9251327	6	2316
85.2613449	6	2317
79.9305438	6	2318
80.3997516	6	2319
80.9135437	6	2320
80.2879333	6	2321
82.1554660	6	2322
81.2976360	6	2323
80.0173282	6	2324
83.1036567	6	2325
80.6045532	6	2326
78.5908699	6	2327
78.3927440	6	2328
79.1020393	6	2329
77.3296356	6	2330
80.5897712	6	2331
79.4794559	6	2332
86.1701965	6	2333
78.4468650	6	2334
83.3802223	6	2335
80.7375907	6	2336
80.0278186	6	2337
80.6064605	6	2338
81.0859203	6	2339
80.7266235	6	2340
85.1421356	6	2341
79.8938274	6	2342
76.7378807	6	2343
79.5412063	6	2344
80.3377628	6	2345
81.3007354	6	2346
78.5958766	6	2347
80.3899765	6	2348
77.5556564	6	2349
79.6904563	6	2350
80.7654857	6	2351
80.9202194	6	2352
79.9665451	6	2353
78.5791873	6	2354
79.6022415	6	2355
78.6461830	6	2356
80.8863639	6	2357
79.0452957	6	2358
78.2911777	6	2359
78.6366462	6	2360
80.4305076	6	2361
80.6102752	6	2362
80.1401138	6	2363
79.2346000	6	2364
85.5302810	6	2365
79.4243812	6	2366
80.2247524	6	2367
80.8649063	6	2368
79.2129039	6	2369
78.6812305	6	2370
80.8610916	6	2371
80.4326534	6	2372
86.3878726	6	2373
79.8995494	6	2374
78.7312984	6	2375
78.1202316	6	2376
79.1788101	6	2377
79.7500610	6	2378
77.7432918	6	2379
79.0441036	6	2380
85.0298404	6	2381
79.3585777	6	2382
81.2535285	6	2383
80.9903144	6	2384
81.6655158	6	2385
80.4345607	6	2386
82.4131965	6	2387
80.9395313	6	2388
83.6837291	6	2389
78.9172649	6	2390
78.7317752	6	2391
78.0179500	6	2392
77.7804851	6	2393
84.5012664	6	2394
83.3747386	6	2395
81.5148353	6	2396
82.3137760	6	2397
80.9450149	6	2398
80.7909965	6	2399
80.1191329	6	2400
79.9658298	6	2401
83.8530063	6	2402
77.3191452	6	2403
78.5214900	6	2404
77.9063701	6	2405
83.4195613	6	2406
78.9680480	6	2407
79.1549682	6	2408
83.0373764	6	2409
83.1019878	6	2410
80.3050994	6	2411
80.0414085	6	2412
80.2032947	6	2413
78.0861377	6	2414
79.2987346	6	2415
79.3166160	6	2416
78.0887603	6	2417
77.8167247	6	2418
78.2873630	6	2419
79.6079635	6	2420
79.0238380	6	2421
79.3175697	6	2422
79.3530941	6	2423
79.1292190	6	2424
79.8408985	6	2425
86.2886905	6	2426
79.3359279	6	2427
78.8135528	6	2428
79.6310901	6	2429
84.8357677	6	2430
81.4337730	6	2431
79.4210433	6	2432
80.5213451	6	2433
81.9995403	6	2434
79.7393321	6	2435
80.0201892	6	2436
79.8778533	6	2437
84.2046737	6	2438
78.7081718	6	2439
78.2756805	6	2440
78.4409046	6	2441
77.7251720	6	2442
86.9486331	6	2443
78.6244869	6	2444
78.5977840	6	2445
84.6166610	6	2446
79.5044898	6	2447
79.5660018	6	2448
84.0599536	6	2449
79.8413753	6	2450
83.4836959	6	2451
79.4060230	6	2452
79.5845985	6	2453
80.9979438	6	2454
80.9164047	6	2455
80.0993442	6	2456
77.9755115	6	2457
80.0600051	6	2458
85.3536128	6	2459
80.6190967	6	2460
80.1749229	6	2461
79.5323848	6	2462
78.8381099	6	2463
79.5664787	6	2464
81.6099643	6	2465
78.6790847	6	2466
83.8658809	6	2467
79.0615081	6	2468
79.1397094	6	2469
77.8613090	6	2470
78.9840221	6	2471
80.9237957	6	2472
79.0491104	6	2473
79.1349411	6	2474
77.1713256	6	2475
80.0991058	6	2476
80.0108909	6	2477
78.4916877	6	2478
79.4320106	6	2479
78.7551403	6	2480
80.3656578	6	2481
79.8521041	6	2482
79.7681808	6	2483
79.3061256	6	2484
79.0760517	6	2485
85.3080749	6	2486
80.3658962	6	2487
80.7707309	6	2488
80.2764892	6	2489
79.7786712	6	2490
78.1781673	6	2491
79.1621208	6	2492
79.0500640	6	2493
77.0518779	6	2494
78.7115097	6	2495
78.8497924	6	2496
81.2208652	6	2497
79.0469646	6	2498
86.7412090	6	2499
80.0337791	6	2500
80.4538726	6	2501
80.3544521	6	2502
77.9600143	6	2503
80.2147388	6	2504
80.2371501	6	2505
79.7798633	6	2506
84.9399566	6	2507
79.9515247	6	2508
81.2783241	6	2509
84.3446254	6	2510
79.4129371	6	2511
79.0994167	6	2512
79.9591541	6	2513
82.4100971	6	2514
77.6388645	6	2515
78.7901878	6	2516
85.7346057	6	2517
81.9036960	6	2518
83.4596157	6	2519
80.7993412	6	2520
79.0350437	6	2521
79.1115760	6	2522
83.4693908	6	2523
80.1692008	6	2524
82.5324058	6	2525
79.1852474	6	2526
82.3678970	6	2527
78.8860321	6	2528
78.8171291	6	2529
79.5629024	6	2530
77.3835182	6	2531
79.0731906	6	2532
83.9953422	6	2533
79.5753002	6	2534
82.9448699	6	2535
80.5127620	6	2536
79.7920227	6	2537
77.9178142	6	2538
79.3178081	6	2539
80.2333354	6	2540
84.7406387	6	2541
78.8662433	6	2542
80.5308818	6	2543
79.2264938	6	2544
79.6864032	6	2545
80.1179409	6	2546
77.7609348	6	2547
78.9663791	6	2548
86.2400531	6	2549
79.8161029	6	2550
81.8879604	6	2551
79.6294212	6	2552
78.9377689	6	2553
78.2253742	6	2554
79.7126293	6	2555
79.0789127	6	2556
84.0969085	6	2557
78.2592296	6	2558
77.0647525	6	2559
79.1935920	6	2560
80.7371139	6	2561
80.0237655	6	2562
79.1697502	6	2563
80.5416107	6	2564
86.2927436	6	2565
80.8377265	6	2566
83.5962295	6	2567
81.0751914	6	2568
82.7610492	6	2569
80.9838771	6	2570
80.2319049	6	2571
80.2822113	6	2572
84.7547054	6	2573
78.6285400	6	2574
82.7426910	6	2575
79.3526172	6	2576
77.3301124	6	2577
83.8911533	6	2578
80.0096988	6	2579
81.1562538	6	2580
82.6299190	6	2581
81.0704231	6	2582
81.0923576	6	2583
80.5442333	6	2584
80.4767608	6	2585
76.6549110	6	2586
80.2979469	6	2587
78.3052444	6	2588
77.2631168	6	2589
79.9837112	6	2590
78.6378383	6	2591
77.9101848	6	2592
79.2329311	6	2593
81.4182758	6	2594
83.4083557	6	2595
80.0335407	6	2596
82.8485488	6	2597
82.7341079	6	2598
78.8555145	6	2599
79.1630744	6	2600
79.3311595	6	2601
77.3918628	6	2602
77.0637989	6	2603
79.0474414	6	2604
79.3528556	6	2605
76.6861438	6	2606
79.6058177	6	2607
79.9829959	6	2608
79.7603130	6	2609
80.8427333	6	2610
80.1110267	6	2611
80.2087783	6	2612
79.9279212	6	2613
80.5640220	6	2614
79.4482231	6	2615
78.6333084	6	2616
79.4401168	6	2617
79.1153907	6	2618
79.7779560	6	2619
79.6914100	6	2620
79.0576934	6	2621
80.3740024	6	2622
80.7497501	6	2623
80.1022052	6	2624
79.1394710	6	2625
80.3568363	6	2626
79.0610313	6	2627
78.2272815	6	2628
80.5215835	6	2629
83.4805965	6	2630
79.8556804	6	2631
80.1405906	6	2632
78.9427757	6	2633
79.8590183	6	2634
80.4860591	6	2635
80.8012485	6	2636
80.5292129	6	2637
79.1392326	6	2638
80.0700187	6	2639
79.9920558	6	2640
78.8280963	6	2641
80.2409648	6	2642
79.6573162	6	2643
79.7634124	6	2644
79.1218280	6	2645
80.2924633	6	2646
79.6427726	6	2647
78.7949562	6	2648
80.6922912	6	2649
79.7207355	6	2650
78.8443088	6	2651
80.5902481	6	2652
80.0654888	6	2653
80.1694393	6	2654
79.1347026	6	2655
79.7624588	6	2656
78.4327983	6	2657
78.6559581	6	2658
79.5240402	6	2659
79.6120166	6	2660
79.1118144	6	2661
79.9241065	6	2662
79.4026851	6	2663
79.4913768	6	2664
78.6726474	6	2665
80.0046920	6	2666
79.5977115	6	2667
78.8826942	6	2668
79.5121192	6	2669
79.0925025	6	2670
79.5767307	6	2671
79.5068740	6	2672
79.5598030	6	2673
79.0467262	6	2674
79.2062282	6	2675
79.3340206	6	2676
78.6917209	6	2677
80.6202888	6	2678
80.4181098	6	2679
79.5869827	6	2680
80.7926654	6	2681
81.7747116	6	2682
81.5386772	6	2683
79.4436931	6	2684
81.4783573	6	2685
86.6990089	6	2686
83.6675167	6	2687
80.0650119	6	2688
81.2695026	6	2689
79.4959068	6	2690
78.9511203	6	2691
79.7808170	6	2692
78.8807868	6	2693
85.8051776	6	2694
81.8223953	6	2695
80.6591510	6	2696
79.5109272	6	2697
80.5130004	6	2698
80.6217193	6	2699
79.8234939	6	2700
79.0205001	6	2701
77.3816108	6	2702
80.2552700	6	2703
78.2239437	6	2704
80.5594921	6	2705
80.9080600	6	2706
80.0473690	6	2707
80.3399085	6	2708
80.4460048	6	2709
81.3734531	6	2710
80.0907611	6	2711
80.8899402	6	2712
81.0513496	6	2713
78.6328315	6	2714
80.1854133	6	2715
80.6772708	6	2716
78.9921283	6	2717
78.1314373	6	2718
81.4478397	6	2719
79.9689292	6	2720
78.0165195	6	2721
83.0159187	6	2722
79.7450542	6	2723
78.1664848	6	2724
80.8448791	6	2725
79.9994468	6	2726
79.6613693	6	2727
79.2379379	6	2728
80.1274776	6	2729
78.5241127	6	2730
79.0066719	6	2731
79.6303749	6	2732
79.3449878	6	2733
83.5628509	6	2734
81.4056396	6	2735
80.6086063	6	2736
78.2861709	6	2737
79.2481899	6	2738
79.0896415	6	2739
78.5651206	6	2740
78.9308547	6	2741
77.3644447	6	2742
79.2772769	6	2743
79.5211791	6	2744
79.6940326	6	2745
80.4402828	6	2746
80.2388191	6	2747
80.9361934	6	2748
79.6999931	6	2749
80.6207656	6	2750
80.5103778	6	2751
80.3291797	6	2752
80.9743404	6	2753
82.2119712	6	2754
79.1134834	6	2755
78.7851810	6	2756
79.9427032	6	2757
79.2627334	6	2758
80.1880359	6	2759
81.9010734	6	2760
79.2965888	6	2761
79.1914463	6	2762
79.8625946	6	2763
80.4183483	6	2764
79.2002677	6	2765
80.1928043	6	2766
79.6661376	6	2767
80.7967185	6	2768
82.0989608	6	2769
79.7097682	6	2770
80.7483196	6	2771
80.6159973	6	2772
79.6537399	6	2773
79.3936252	6	2774
79.3089866	6	2775
79.4265270	6	2776
77.7680873	6	2777
80.6865692	6	2778
80.3029537	6	2779
79.8332691	6	2780
78.6128044	6	2781
80.2996158	6	2782
79.6291828	6	2783
81.1574459	6	2784
80.3329944	6	2785
78.7925720	6	2786
79.9875259	6	2787
78.9659023	6	2788
79.5650482	6	2789
80.8115005	6	2790
80.2652835	6	2791
79.5645713	6	2792
78.8152217	6	2793
79.7605514	6	2794
79.9767971	6	2795
80.6276798	6	2796
80.2955627	6	2797
79.3633460	6	2798
79.8041820	6	2799
81.7339420	6	2800
80.9626579	6	2801
80.6658267	6	2802
80.1613330	6	2803
80.2688598	6	2804
79.9190998	6	2805
79.3559551	6	2806
81.5114974	6	2807
80.1215171	6	2808
80.7614326	6	2809
78.5956382	6	2810
81.4478397	6	2811
79.5876979	6	2812
79.2815685	6	2813
80.1758766	6	2814
78.9122581	6	2815
79.8280239	6	2816
80.2130699	6	2817
79.6632766	6	2818
78.8471698	6	2819
80.0950527	6	2820
79.2641639	6	2821
79.2732238	6	2822
79.6291828	6	2823
81.4926624	6	2824
79.8368453	6	2825
80.0237655	6	2826
80.6231498	6	2827
86.2846374	6	2828
83.7924480	6	2829
79.2846679	6	2830
79.7910690	6	2831
79.2665481	6	2832
80.7912349	6	2833
79.1854858	6	2834
79.6308517	6	2835
82.5080871	6	2836
77.7018070	6	2837
80.4045200	6	2838
79.5497894	6	2839
80.5819034	6	2840
82.9033851	6	2841
80.9423923	6	2842
80.4407596	6	2843
81.3131332	6	2844
80.2943706	6	2845
81.7341804	6	2846
80.2097320	6	2847
81.3057422	6	2848
81.7382335	6	2849
80.2886486	6	2850
79.5726776	6	2851
79.0934562	6	2852
78.6428451	6	2853
78.3281326	6	2854
78.2141685	6	2855
77.6031017	6	2856
82.8025341	6	2857
80.4708003	6	2858
80.6388854	6	2859
79.1602134	6	2860
80.4119110	6	2861
83.3435058	6	2862
79.7207355	6	2863
80.9996128	6	2864
78.3700942	6	2865
80.4877281	6	2866
79.2644023	6	2867
79.8919200	6	2868
79.2446136	6	2869
78.0334472	6	2870
83.4722518	6	2871
80.3110599	6	2872
79.5192718	6	2873
78.7396430	6	2874
80.1117420	6	2875
84.6369266	6	2876
80.1742076	6	2877
79.7657966	6	2878
82.6222896	6	2879
80.9645652	6	2880
78.8898468	6	2881
84.6838951	6	2882
81.2511444	6	2883
79.8840522	6	2884
79.1914463	6	2885
80.3344249	6	2886
79.4720649	6	2887
78.3474445	6	2888
80.0573825	6	2889
77.3582458	6	2890
78.5744190	6	2891
78.7334442	6	2892
81.0108184	6	2893
81.3989639	6	2894
82.0007324	6	2895
80.4624557	6	2896
84.5725536	6	2897
80.3248882	6	2898
81.1831951	6	2899
79.5929431	6	2900
78.4237384	6	2901
79.9870491	6	2902
79.6778202	6	2903
78.9394378	6	2904
85.3645801	6	2905
81.5100669	6	2906
78.7942409	6	2907
79.2379379	6	2908
80.0426006	6	2909
79.1399478	6	2910
85.4697227	6	2911
80.3194046	6	2912
80.8949470	6	2913
80.9302330	6	2914
80.3532600	6	2915
79.9734592	6	2916
79.7557830	6	2917
80.0583362	6	2918
83.9335918	6	2919
80.7209014	6	2920
79.8041820	6	2921
81.1922550	6	2922
83.2457542	6	2923
80.9788703	6	2924
80.4841518	6	2925
79.4048309	6	2926
78.5250663	6	2927
79.7648429	6	2928
80.5232524	6	2929
79.9982547	6	2930
77.6946544	6	2931
78.9351463	6	2932
84.6548080	6	2933
80.4815292	6	2934
81.0704231	6	2935
80.4679393	6	2936
79.4689655	6	2937
79.3793201	6	2938
81.2380313	6	2939
80.0995826	6	2940
83.1842422	6	2941
82.2584629	6	2942
80.3165435	6	2943
78.7374973	6	2944
79.3650150	6	2945
79.2837142	6	2946
78.2046318	6	2947
78.4525871	6	2948
78.4163475	6	2949
80.4064273	6	2950
78.0503749	6	2951
86.4703655	6	2952
80.8846950	6	2953
78.8328647	6	2954
80.6729793	6	2955
80.7821750	6	2956
79.3337821	6	2957
79.3168544	6	2958
81.0897350	6	2959
86.4264965	6	2960
79.3635845	6	2961
80.3995132	6	2962
78.1767368	6	2963
79.2276859	6	2964
79.6155929	6	2965
80.1937580	6	2966
78.1743526	6	2967
84.0003490	6	2968
80.2171230	6	2969
78.1064033	6	2970
85.4578018	6	2971
79.7762870	6	2972
82.8599929	6	2973
81.7368030	6	2974
82.1077823	6	2975
79.7386169	6	2976
80.4364681	6	2977
79.2315006	6	2978
82.8225612	6	2979
78.6361694	6	2980
77.1780014	6	2981
84.8701000	6	2982
81.2270641	6	2983
78.6664485	6	2984
78.3264636	6	2985
80.7950496	6	2986
76.9126415	6	2987
79.5726776	6	2988
81.9380283	6	2989
86.0188007	6	2990
79.2758464	6	2991
80.5437564	6	2992
80.5697441	6	2993
79.6353816	6	2994
81.4065933	6	2995
81.4094543	6	2996
80.0132751	6	2997
80.0678730	6	2998
81.3117027	6	2999
80.5468559	6	3000
avg:  80.09845058123271
std:  2.0531070270733363
p95:  83.40840339660645
p99:  85.91046810150146
com:  93.87863381138705
thg:  9.387863381138706
FCT:  31.95615315437317
que:  3.542244831720988
los:  0.0
3000 0
**********************
