[ 9  3 11 ...  9  7 15]
85.3340625	6	1
84.7036838	6	2
83.8558673	6	3
86.0621929	6	4
85.8888626	6	5
84.5901966	6	6
83.9185714	6	7
84.9905014	6	8
85.5522155	6	9
85.3095054	6	10
80.5962085	6	11
79.2388916	6	12
79.2772769	6	13
78.5436630	6	14
78.9630413	6	15
79.5929431	6	16
81.3186168	6	17
77.5804519	6	18
78.2754421	6	19
79.3628692	6	20
77.1710872	6	21
84.3286514	6	22
80.3878307	6	23
76.7974853	6	24
82.5874805	6	25
80.3654193	6	26
78.1600475	6	27
79.6005725	6	28
79.3800354	6	29
79.9553394	6	30
77.0261287	6	31
77.7618885	6	32
79.0705680	6	33
76.5466690	6	34
78.5133838	6	35
79.2486667	6	36
84.7337245	6	37
77.6345729	6	38
76.9710540	6	39
78.4397125	6	40
77.7921676	6	41
77.4137973	6	42
77.9552459	6	43
76.8651962	6	44
76.9281387	6	45
83.2502841	6	46
78.3548355	6	47
77.8193473	6	48
82.1704864	6	49
77.3057937	6	50
84.3083858	6	51
77.3949623	6	52
76.9290924	6	53
77.1565437	6	54
84.4535827	6	55
79.5688629	6	56
80.7559490	6	57
80.8398723	6	58
78.1285762	6	59
80.0850391	6	60
78.0212879	6	61
78.1133174	6	62
78.9620876	6	63
83.1649303	6	64
77.4991512	6	65
77.0990848	6	66
83.1232070	6	67
77.7859687	6	68
76.9600868	6	69
77.7373313	6	70
77.0046710	6	71
77.1563053	6	72
84.1472148	6	73
77.9159069	6	74
80.1255702	6	75
83.3334922	6	76
78.4358978	6	77
79.1759490	6	78
78.5582065	6	79
78.6614418	6	80
78.0603885	6	81
83.6050510	6	82
78.7503719	6	83
76.3897895	6	84
82.8373432	6	85
79.3449878	6	86
76.6389369	6	87
83.1828117	6	88
79.7181129	6	89
76.7269134	6	90
82.7267169	6	91
77.0094394	6	92
78.3429145	6	93
84.1505527	6	94
76.9102573	6	95
77.9867172	6	96
83.6193561	6	97
78.0673027	6	98
77.9545307	6	99
81.6979408	6	100
79.8053741	6	101
77.1312713	6	102
80.9025764	6	103
77.6937007	6	104
81.4445018	6	105
79.4219970	6	106
76.6301155	6	107
77.6820182	6	108
77.0878791	6	109
77.3780345	6	110
77.9509544	6	111
77.0285129	6	112
78.1490802	6	113
77.3811340	6	114
78.3300399	6	115
79.1263580	6	116
78.4652233	6	117
78.4680843	6	118
77.5489807	6	119
77.6631832	6	120
78.0074596	6	121
76.9357681	6	122
78.6931514	6	123
77.0590305	6	124
78.2279968	6	125
77.7487754	6	126
77.2068500	6	127
77.0936012	6	128
78.3185958	6	129
85.5307579	6	130
77.9035091	6	131
76.6894817	6	132
77.7153968	6	133
82.3891162	6	134
80.6977748	6	135
77.7482986	6	136
77.4629116	6	137
76.9274234	6	138
83.2731723	6	139
76.7054557	6	140
78.7076950	6	141
77.3849487	6	142
81.5041065	6	143
78.9442062	6	144
78.3333778	6	145
82.7276706	6	146
78.4428119	6	147
83.8174819	6	148
77.6455402	6	149
77.2752761	6	150
78.1199932	6	151
77.0158767	6	152
78.4327983	6	153
77.5930881	6	154
83.8079452	6	155
77.9018402	6	156
80.6956291	6	157
77.6011943	6	158
78.5109996	6	159
77.5163173	6	160
80.8393955	6	161
77.2786140	6	162
76.8320560	6	163
84.3338966	6	164
77.1088600	6	165
81.4409255	6	166
77.4219036	6	167
77.3158073	6	168
77.5785446	6	169
85.4849815	6	170
80.3117752	6	171
77.9187679	6	172
83.3656787	6	173
78.8328647	6	174
80.6016921	6	175
78.0198574	6	176
77.5549411	6	177
77.4919986	6	178
82.3676586	6	179
76.9112110	6	180
77.3842334	6	181
79.6673297	6	182
80.2299976	6	183
76.7972469	6	184
77.3584842	6	185
77.7575969	6	186
77.3727893	6	187
83.6460590	6	188
79.2424678	6	189
77.0704746	6	190
82.4685096	6	191
80.4891586	6	192
78.2692432	6	193
80.7526111	6	194
76.6539573	6	195
76.4801502	6	196
84.4178199	6	197
78.0317783	6	198
80.0716876	6	199
80.2783966	6	200
78.3641338	6	201
79.3597698	6	202
81.3310146	6	203
77.3301124	6	204
77.9869556	6	205
83.2505226	6	206
76.6472816	6	207
80.0220966	6	208
78.9737701	6	209
76.7340660	6	210
77.0545005	6	211
81.8438529	6	212
81.1831951	6	213
77.2616863	6	214
81.9864273	6	215
77.8455734	6	216
77.0227909	6	217
76.7676830	6	218
78.4289836	6	219
77.9550075	6	220
83.5340023	6	221
80.0642967	6	222
80.6834697	6	223
81.0844898	6	224
76.8570899	6	225
78.5238742	6	226
78.9244174	6	227
77.5630474	6	228
77.5759220	6	229
83.9602947	6	230
77.2547721	6	231
77.6422023	6	232
77.0459175	6	233
78.6175727	6	234
77.8222084	6	235
84.7792625	6	236
81.0155868	6	237
77.7912139	6	238
82.9939842	6	239
79.0679454	6	240
77.9190063	6	241
77.6674747	6	242
76.5838623	6	243
77.9602527	6	244
85.0903987	6	245
76.6842365	6	246
76.4770507	6	247
83.3461284	6	248
77.7919292	6	249
76.5242576	6	250
82.3478698	6	251
77.7587890	6	252
78.0582427	6	253
84.0358734	6	254
77.4254798	6	255
78.0508518	6	256
82.6349258	6	257
78.4020423	6	258
78.7217617	6	259
83.4887027	6	260
77.3353576	6	261
77.2683620	6	262
82.9277038	6	263
78.0785083	6	264
77.5768756	6	265
82.9987525	6	266
77.9714584	6	267
80.6713104	6	268
80.9695720	6	269
77.8083801	6	270
78.6967277	6	271
82.8444957	6	272
78.5956382	6	273
78.1338214	6	274
84.1727256	6	275
78.4673690	6	276
77.1734714	6	277
82.0658206	6	278
76.9371986	6	279
76.7319202	6	280
84.7413539	6	281
77.0289897	6	282
81.1858177	6	283
81.2420845	6	284
78.7992477	6	285
77.7361392	6	286
82.0758342	6	287
79.4682502	6	288
78.7236690	6	289
84.5756530	6	290
78.4018039	6	291
82.3378562	6	292
77.1379470	6	293
78.5450935	6	294
78.6406993	6	295
85.0334167	6	296
80.5263519	6	297
76.9484043	6	298
83.6999416	6	299
77.0723819	6	300
80.4417133	6	301
77.1024227	6	302
82.8509330	6	303
80.6870460	6	304
79.5836448	6	305
77.7580738	6	306
78.5660743	6	307
82.8595161	6	308
77.3620605	6	309
76.6816139	6	310
77.5988101	6	311
81.2652111	6	312
77.7680873	6	313
80.2822113	6	314
76.3158798	6	315
77.2502422	6	316
85.2267742	6	317
77.7289867	6	318
78.5171985	6	319
77.7487754	6	320
80.6062221	6	321
78.7317752	6	322
77.3398876	6	323
79.2922973	6	324
81.0632705	6	325
79.8194408	6	326
79.0104866	6	327
76.6811370	6	328
77.9693126	6	329
76.3258934	6	330
76.9689083	6	331
78.7806510	6	332
77.2640705	6	333
76.2753486	6	335
85.7663154	6	334
77.6808261	6	336
78.7689685	6	337
77.6524543	6	338
79.4329643	6	339
83.2934379	6	340
77.7592658	6	341
79.2253017	6	342
84.4476222	6	343
78.1753063	6	344
77.5327682	6	345
76.7712593	6	346
78.0639648	6	347
77.1889686	6	348
84.9959850	6	349
80.0924301	6	350
77.8691768	6	351
81.8459987	6	352
78.3965587	6	353
77.7850151	6	354
80.8954238	6	355
78.6561965	6	356
78.7093639	6	357
85.0896835	6	358
77.2225856	6	359
78.4411430	6	360
83.1847190	6	361
76.4825344	6	362
76.9860744	6	363
84.1968059	6	364
76.6868591	6	365
79.9632072	6	366
81.2547206	6	367
77.3878097	6	368
76.2348175	6	369
82.4398994	6	370
78.3889293	6	371
77.2836208	6	372
81.8088054	6	373
78.0048370	6	374
81.6431045	6	375
79.7948837	6	376
80.5969238	6	377
79.9725055	6	378
81.7546844	6	379
76.7171382	6	380
77.2862434	6	381
82.1061134	6	382
77.1048069	6	383
83.3046436	6	384
76.8983364	6	385
83.0540657	6	386
79.4153213	6	387
80.4760456	6	388
77.7974128	6	389
78.3529281	6	390
86.6708755	6	391
78.7186622	6	392
77.0802497	6	393
77.6190757	6	394
82.5312137	6	395
77.6553153	6	396
80.9237957	6	397
77.2793292	6	398
77.0237445	6	399
83.4929943	6	400
77.0561695	6	401
81.1746120	6	402
76.6949653	6	403
80.7769298	6	404
79.3254375	6	405
82.0450782	6	406
77.5952339	6	407
78.4823894	6	408
84.1550827	6	409
76.7269134	6	410
81.1512470	6	411
78.1090259	6	412
77.5885581	6	413
81.4776420	6	414
79.8707008	6	415
76.7967700	6	416
77.0933628	6	417
83.4507942	6	418
78.1342983	6	419
81.2125205	6	420
77.6093006	6	421
77.0895481	6	422
81.9759368	6	423
79.7545909	6	424
78.3457756	6	425
78.7117481	6	426
84.3806266	6	427
79.1087150	6	428
76.7416954	6	429
83.6250782	6	430
77.9302120	6	431
83.2064151	6	432
76.3921737	6	433
77.4338245	6	434
76.5874385	6	435
83.5537910	6	436
77.5732994	6	437
78.3755779	6	438
83.0545425	6	439
77.7883529	6	440
79.9281597	6	441
77.7492523	6	442
76.4920711	6	443
76.8890380	6	444
81.4671516	6	445
76.7364501	6	446
76.5252113	6	447
83.8704109	6	448
76.5473842	6	449
80.5528163	6	450
77.1660804	6	451
77.1062374	6	452
76.9793987	6	453
84.9051475	6	454
77.2519111	6	455
77.6746273	6	456
80.0247192	6	457
77.6910781	6	458
76.3907432	6	459
79.4234275	6	460
78.9232254	6	461
79.0512561	6	462
87.2547626	6	463
78.4816741	6	464
78.8059234	6	465
77.5499343	6	466
78.9735317	6	467
78.3917903	6	468
77.2037506	6	469
76.9295692	6	470
84.5627784	6	471
80.3580284	6	472
77.4080753	6	473
80.5907249	6	474
76.9486427	6	475
78.0134201	6	476
77.1172046	6	477
77.2538185	6	478
77.2123336	6	479
83.6341381	6	480
77.6982307	6	481
79.7960758	6	482
79.2973041	6	483
79.8945426	6	484
77.8422355	6	485
77.5060653	6	486
76.4973163	6	487
78.0818462	6	488
86.4474773	6	489
78.4001350	6	490
77.6326656	6	491
76.4057636	6	492
76.9696235	6	493
78.3648490	6	494
77.9263973	6	495
78.2184600	6	496
77.4412155	6	497
76.6236782	6	499
86.0881805	6	498
76.2071609	6	500
78.2802104	6	501
77.3611068	6	502
76.8673419	6	503
84.3436717	6	504
76.3521194	6	505
76.7600536	6	506
81.4437866	6	507
77.2471427	6	508
80.7685852	6	509
78.0107975	6	510
77.4698257	6	511
78.8493156	6	512
82.4735164	6	513
78.2022476	6	514
77.5272846	6	515
77.1985054	6	516
77.3944854	6	517
76.8003463	6	518
77.1930217	6	519
76.6019821	6	520
77.5258541	6	521
76.9643783	6	523
86.2267017	6	522
79.1635513	6	524
78.3655643	6	525
78.4988403	6	526
78.0467987	6	527
78.1574249	6	528
79.0543556	6	529
78.9897441	6	530
84.2199325	6	531
79.0514945	6	532
77.3489475	6	533
83.7688446	6	534
77.3262977	6	535
77.7246952	6	536
77.4393081	6	537
85.6044292	6	538
77.5067806	6	539
82.6840400	6	540
77.4736404	6	541
78.0999660	6	542
83.2509994	6	543
77.4140357	6	544
78.6089897	6	545
77.6226520	6	546
84.5346450	6	547
78.0103206	6	548
82.1232795	6	549
79.3740749	6	550
77.4297714	6	551
83.1620693	6	552
77.1174430	6	553
77.2991180	6	554
76.8294334	6	555
82.4294090	6	556
77.4884223	6	557
80.3356170	6	558
79.2756080	6	559
77.8880119	6	560
83.3764076	6	561
80.7185173	6	562
78.6347389	6	563
77.6040554	6	564
85.2384567	6	565
76.6761302	6	566
76.2844085	6	567
76.5166282	6	568
85.0479602	6	569
79.6692371	6	570
77.9285430	6	571
82.8926563	6	572
80.1746845	6	573
80.2879333	6	574
78.0725479	6	575
77.1398544	6	576
76.7166614	6	577
81.4187526	6	578
77.5771141	6	579
78.4637928	6	580
80.1558494	6	581
78.8760185	6	582
79.8683166	6	583
76.9901275	6	584
77.6789188	6	585
78.9039134	6	586
82.9725265	6	587
78.1469345	6	588
77.5489807	6	589
77.1729946	6	590
77.1641731	6	591
86.8830680	6	592
78.6325931	6	593
78.9878368	6	594
77.3098468	6	595
86.0338211	6	596
78.3114433	6	597
77.8069496	6	598
78.7594318	6	599
78.4854888	6	600
80.3937911	6	601
77.7859687	6	602
76.8878459	6	603
78.4695148	6	604
80.8784961	6	605
76.9062042	6	606
81.3441276	6	607
81.2156200	6	608
77.1021842	6	609
76.8008232	6	610
77.5063037	6	611
77.1944522	6	612
76.9805908	6	613
84.6395492	6	614
80.4128646	6	615
80.0588130	6	616
79.7934532	6	617
77.1510601	6	618
78.5143375	6	619
77.3005485	6	620
78.6077976	6	621
77.9144763	6	622
84.8710536	6	623
76.2753486	6	624
76.5998363	6	625
77.6610374	6	626
77.9414176	6	627
81.2330245	6	628
77.5251388	6	629
77.1992206	6	630
76.9333839	6	631
83.5962295	6	632
77.2438049	6	633
77.6245594	6	634
78.3212184	6	635
77.8882503	6	636
82.6106071	6	637
77.5513648	6	638
77.3842334	6	639
78.6857604	6	640
84.9356651	6	641
78.0651569	6	642
77.8088569	6	643
77.5055885	6	644
78.2241821	6	645
79.1950225	6	646
77.5184631	6	647
77.6298046	6	648
84.9256515	6	649
81.0041427	6	650
78.1338214	6	651
77.3272514	6	652
77.1164894	6	653
76.9362449	6	654
76.7438411	6	655
82.5707912	6	656
76.9023895	6	657
83.3072662	6	658
77.5139331	6	659
77.1737098	6	660
77.6038169	6	661
77.8930187	6	662
78.9096355	6	663
77.9855251	6	664
84.6717357	6	665
79.6177387	6	666
81.0513496	6	667
78.7799358	6	668
78.3352851	6	669
78.8633823	6	670
78.6900520	6	671
77.0339965	6	672
78.2706737	6	673
76.2743949	6	675
86.1828327	6	674
80.8799266	6	676
76.5013694	6	677
76.7283439	6	678
76.6813755	6	679
83.5494995	6	680
76.3914585	6	681
76.8220424	6	682
84.2275619	6	683
76.8558979	6	684
81.3851356	6	685
77.5458812	6	686
77.8996944	6	687
77.9426097	6	688
85.7875347	6	689
78.2740116	6	690
79.4255733	6	691
81.0937881	6	692
78.9129734	6	693
78.2594680	6	694
77.7397155	6	695
77.8269767	6	696
77.8372287	6	697
84.3324661	6	698
77.5029659	6	699
81.3188552	6	700
80.1756381	6	701
79.7085762	6	702
77.8312683	6	703
78.2060623	6	704
78.0990123	6	705
78.1280994	6	706
80.1761150	6	707
77.6188373	6	708
83.1294059	6	709
79.0994167	6	710
76.5717029	6	711
77.5268077	6	712
77.0227909	6	713
77.8691768	6	714
86.4336490	6	715
77.4538516	6	716
83.6834907	6	717
81.1684131	6	718
78.1555175	6	719
78.7513256	6	720
77.8746604	6	721
79.0102481	6	722
78.8023471	6	723
85.5019092	6	724
77.1961212	6	725
80.9836387	6	726
78.9685249	6	727
77.4147510	6	728
77.6813030	6	729
77.9438018	6	730
77.3146152	6	731
77.8529644	6	732
83.0771923	6	733
78.7427425	6	734
77.7742862	6	735
76.7173767	6	736
76.9436359	6	737
76.5368938	6	738
77.2523880	6	739
84.7086906	6	740
76.9269466	6	741
83.6155414	6	742
78.7777900	6	743
80.0743103	6	744
77.9638290	6	745
83.7490558	6	746
79.0202617	6	747
76.5774250	6	748
82.0376873	6	749
76.8549442	6	750
81.4433097	6	751
76.6742229	6	752
81.1066627	6	753
77.6612758	6	754
80.6579589	6	755
78.6509513	6	756
77.5120258	6	757
82.9541683	6	758
77.8481960	6	759
80.2738666	6	760
77.3985385	6	761
82.9274654	6	762
78.8729190	6	763
83.9390754	6	764
77.7468681	6	765
78.2854557	6	766
84.6459865	6	767
78.5350799	6	768
76.6346454	6	769
77.8043270	6	770
82.7221870	6	771
78.8426399	6	772
82.2527408	6	773
78.6485671	6	774
77.1336555	6	775
82.3562145	6	776
77.1970748	6	777
78.6204338	6	778
77.1968364	6	779
83.9641094	6	780
76.5733718	6	781
80.2135467	6	782
78.2983303	6	783
77.5716304	6	784
83.1968784	6	785
78.7804126	6	786
77.6326656	6	787
77.5589942	6	788
84.4786167	6	789
79.5283317	6	790
76.9364833	6	791
77.0390033	6	792
76.9131183	6	793
82.8285217	6	794
76.5309333	6	795
82.8378200	6	796
76.8060684	6	797
82.9534530	6	798
77.7447223	6	799
77.4986743	6	800
77.7018070	6	801
81.5892219	6	802
79.9782276	6	803
77.2037506	6	804
80.0013542	6	805
77.7800083	6	806
81.0792446	6	807
76.6811370	6	808
78.8946151	6	809
77.1059989	6	810
76.5535831	6	811
84.7682952	6	812
78.0396461	6	813
76.5945911	6	814
77.6581764	6	815
84.6843719	6	816
79.0822505	6	817
80.2707672	6	818
78.0124664	6	819
78.5443782	6	820
81.8083286	6	821
78.4714221	6	822
78.3205032	6	823
77.2421360	6	824
82.1664333	6	825
76.8342018	6	826
77.6410102	6	827
77.1629810	6	828
77.4106979	6	829
82.2756290	6	830
76.7276287	6	831
80.5962085	6	832
77.2445201	6	833
82.1688175	6	834
76.8437385	6	835
77.0342350	6	836
77.4829387	6	837
85.6869220	6	838
80.4069042	6	839
77.4059295	6	840
80.4510116	6	841
78.5317420	6	842
80.9040069	6	843
78.6919593	6	844
77.9857635	6	845
77.4736404	6	846
83.6851596	6	847
76.6415596	6	848
78.0813694	6	849
83.5421085	6	850
76.7898559	6	851
76.1651992	6	852
77.0266056	6	853
77.8286457	6	854
77.4507522	6	855
83.5719108	6	856
77.5268077	6	857
77.9602527	6	858
83.2393169	6	859
77.3243904	6	860
77.8028964	6	861
77.5768756	6	862
81.6252231	6	863
77.9469013	6	864
82.0741653	6	865
77.5315761	6	866
78.2406330	6	867
82.7593803	6	868
78.4714221	6	869
76.5514373	6	870
78.6805152	6	871
82.2196006	6	872
78.9835453	6	873
82.4050903	6	874
78.3267021	6	875
77.9695510	6	876
84.2039585	6	877
77.6002407	6	878
79.8096656	6	879
77.4304866	6	880
85.7138633	6	881
76.7529010	6	882
85.4430198	6	883
77.5249004	6	884
79.4215202	6	885
83.1055641	6	886
77.4705410	6	887
78.0048370	6	888
78.6161422	6	889
85.3495597	6	890
79.6175003	6	891
82.0097923	6	892
76.7943859	6	893
77.5883197	6	894
82.6768875	6	895
77.8319835	6	896
78.1455039	6	897
78.5391330	6	898
83.7280750	6	899
78.9189338	6	900
76.2908458	6	901
79.3344974	6	902
78.2475471	6	903
85.2513313	6	904
76.9393444	6	905
77.5744915	6	906
81.7878246	6	907
80.0986289	6	908
76.4846801	6	909
77.4705410	6	910
84.2735767	6	911
77.3191452	6	912
82.2856426	6	913
77.3518085	6	914
78.8364410	6	915
76.9312381	6	916
76.8666267	6	917
78.8607597	6	918
78.1247615	6	919
83.4476947	6	920
78.0851840	6	921
82.0138454	6	922
78.9794921	6	923
77.5732994	6	924
78.2763957	6	925
78.8075923	6	926
79.3147087	6	927
78.0961513	6	928
81.9985866	6	929
77.0919322	6	930
80.3921222	6	931
76.5087604	6	932
77.0275592	6	933
76.5986442	6	934
76.6913890	6	935
76.6212940	6	936
77.6529312	6	937
77.0630836	6	939
86.8880748	6	938
81.9189548	6	940
78.5276889	6	941
77.3618221	6	942
77.5742530	6	943
78.7956714	6	944
78.5586833	6	945
77.1799087	6	946
84.0640068	6	947
77.1584510	6	948
82.6561450	6	949
77.6867866	6	950
82.7398300	6	951
78.2608985	6	952
77.0323276	6	953
77.1465301	6	954
77.1043300	6	955
83.6954116	6	956
77.0938396	6	957
80.9030532	6	958
77.2774219	6	959
80.1169872	6	960
79.1373252	6	961
77.1811008	6	962
83.4255218	6	963
76.8196582	6	964
82.6663970	6	965
77.8214931	6	966
80.4369449	6	967
77.1632194	6	968
76.7910480	6	969
82.8843116	6	970
78.6659717	6	971
82.3047161	6	972
78.6173343	6	973
80.2028179	6	974
77.4893760	6	975
76.7798423	6	976
77.9550075	6	977
77.8696537	6	978
76.8375396	6	980
86.3213539	6	979
80.6033611	6	981
77.6293277	6	982
83.4774971	6	983
77.3637294	6	984
80.0578594	6	985
76.5600204	6	986
82.9193592	6	987
80.2834033	6	988
78.5977840	6	989
80.1711082	6	990
76.4501094	6	991
80.8205604	6	992
80.2576541	6	993
76.9140720	6	994
77.3315429	6	995
81.7968845	6	996
79.8931121	6	997
76.5128135	6	998
77.0974159	6	999
78.0162811	6	1000
84.0687751	6	1001
80.0542831	6	1002
77.2628784	6	1003
77.5294303	6	1004
84.6359729	6	1005
76.8451690	6	1006
78.2294273	6	1007
78.2160758	6	1008
85.6285095	6	1009
79.8783302	6	1010
76.8275260	6	1011
79.4291496	6	1012
77.8198242	6	1013
83.0409526	6	1014
77.8543949	6	1015
78.2754421	6	1016
77.0084857	6	1017
83.5132598	6	1018
77.2159099	6	1019
77.6722431	6	1020
76.9817829	6	1021
77.6977539	6	1022
83.1165313	6	1023
77.7020454	6	1024
76.7722129	6	1025
77.1701335	6	1026
84.9080085	6	1027
76.5321254	6	1028
76.8551826	6	1029
77.4569511	6	1030
77.8729915	6	1031
81.9008350	6	1032
77.7504444	6	1033
76.9674777	6	1034
78.9220333	6	1035
83.6987495	6	1036
78.4602165	6	1037
77.4099826	6	1038
77.2933959	6	1039
76.3196945	6	1040
83.3897590	6	1041
76.6654014	6	1042
77.5902271	6	1043
82.9508304	6	1044
79.7121524	6	1045
76.8485069	6	1046
77.2693157	6	1047
76.8823623	6	1048
77.0328044	6	1049
84.9947929	6	1050
77.2950649	6	1051
76.6539573	6	1052
81.9423198	6	1053
78.7813663	6	1054
78.3386230	6	1055
77.7122974	6	1056
76.9586563	6	1057
76.4396190	6	1058
84.8879814	6	1059
77.8615474	6	1060
78.0744552	6	1061
82.9913616	6	1062
77.2790908	6	1063
81.8700790	6	1064
81.3140869	6	1065
78.5660743	6	1066
78.0544281	6	1067
82.0887088	6	1068
77.2426128	6	1069
76.8136978	6	1070
80.8329582	6	1071
76.9846439	6	1072
83.8377475	6	1073
79.8838138	6	1074
80.6086063	6	1075
77.7332782	6	1076
81.3105106	6	1077
79.9283981	6	1078
77.7883529	6	1079
84.4340324	6	1080
77.6126384	6	1081
80.1808834	6	1082
78.2811641	6	1083
79.4978141	6	1084
76.9267082	6	1085
81.2318325	6	1086
76.4603614	6	1087
77.1224498	6	1088
82.4303627	6	1089
78.8083076	6	1090
77.0602226	6	1091
76.5755176	6	1092
82.0136070	6	1093
78.4165859	6	1094
80.4209709	6	1095
78.1872272	6	1096
77.3186683	6	1097
82.6234817	6	1098
76.2166976	6	1099
77.6321887	6	1100
77.4228572	6	1101
84.0389728	6	1102
80.5025100	6	1103
80.3022384	6	1104
76.7407417	6	1105
76.5395164	6	1106
81.6013813	6	1107
77.6505470	6	1108
77.7683258	6	1109
77.3730278	6	1110
84.3892097	6	1111
76.6999721	6	1112
76.9395828	6	1113
77.9807567	6	1114
78.0646800	6	1115
80.7521343	6	1116
78.1195163	6	1117
81.9015502	6	1118
77.1603584	6	1119
81.0282230	6	1120
78.4494876	6	1121
80.3816318	6	1122
79.3654918	6	1123
77.4171352	6	1124
82.2873115	6	1125
77.0535469	6	1126
81.0320377	6	1127
77.6691436	6	1128
81.6030502	6	1129
78.1762599	6	1130
79.9887180	6	1131
80.2044868	6	1132
76.9827365	6	1133
82.3283195	6	1134
77.5032043	6	1135
80.2552700	6	1136
78.3088207	6	1137
77.9044628	6	1138
77.2507190	6	1139
83.9374065	6	1140
78.1068801	6	1141
79.0894031	6	1142
82.1449756	6	1143
76.9760608	6	1144
76.3900279	6	1145
76.8837928	6	1146
82.4158191	6	1147
77.0924091	6	1148
81.3965797	6	1149
77.0928859	6	1150
76.7059326	6	1151
83.3911895	6	1152
77.5623321	6	1153
78.2411098	6	1154
79.1194438	6	1155
84.5320224	6	1156
77.8663158	6	1157
80.2676677	6	1158
80.1684856	6	1159
77.5444507	6	1160
81.6230773	6	1161
77.9387950	6	1162
76.4555931	6	1163
84.7101211	6	1164
80.6653499	6	1165
76.5016078	6	1166
79.9047946	6	1167
79.4661045	6	1168
77.7258872	6	1169
83.6756229	6	1170
76.6649246	6	1171
78.1600475	6	1172
81.2747478	6	1173
77.9471397	6	1174
77.7003765	6	1175
76.6193866	6	1176
78.2632827	6	1177
77.7182579	6	1178
84.3753814	6	1179
77.9659748	6	1180
77.8996944	6	1181
83.6365222	6	1182
78.0267715	6	1183
78.7038803	6	1184
78.7284374	6	1185
78.6094665	6	1186
79.0355205	6	1187
85.0474834	6	1188
77.9676437	6	1189
77.8284072	6	1190
82.1652412	6	1191
78.3321857	6	1192
78.2592296	6	1193
81.8071365	6	1194
76.7381191	6	1195
77.3251056	6	1196
83.5084915	6	1197
77.8300762	6	1198
79.7855854	6	1199
79.9326896	6	1200
76.7579078	6	1201
77.8071880	6	1202
83.4865570	6	1203
77.0201683	6	1204
78.1598091	6	1205
82.1745395	6	1206
77.2068500	6	1207
77.1675109	6	1208
83.3473205	6	1209
77.5296688	6	1210
78.1679153	6	1211
83.3542346	6	1212
77.6581764	6	1213
80.7185173	6	1214
80.1725387	6	1215
78.3066749	6	1216
76.8771171	6	1217
80.1184177	6	1218
77.4550437	6	1219
77.1794319	6	1220
83.9052200	6	1221
76.8756866	6	1222
83.5747718	6	1223
76.5550136	6	1224
76.8582820	6	1225
78.2475471	6	1226
81.1893939	6	1227
82.9665660	6	1228
77.9871940	6	1229
83.4968090	6	1230
78.5555839	6	1231
80.6260108	6	1232
78.5353183	6	1233
79.1120529	6	1234
78.5119533	6	1235
83.7180614	6	1236
79.0431499	6	1237
76.5843391	6	1238
82.9627513	6	1239
77.6543617	6	1240
83.8844776	6	1241
77.0158767	6	1242
81.2158584	6	1243
77.2829055	6	1244
82.9303264	6	1245
76.7774581	6	1246
81.9137096	6	1247
81.5365314	6	1248
78.0100822	6	1249
83.7230682	6	1250
79.2138576	6	1251
77.7478218	6	1252
76.7719745	6	1253
83.0345153	6	1254
78.4468650	6	1255
80.6276798	6	1256
80.3065299	6	1257
77.2559642	6	1258
82.1380615	6	1259
77.2333145	6	1260
78.8240432	6	1261
79.0681838	6	1262
77.9223442	6	1263
77.1994590	6	1264
76.9646167	6	1265
77.6379108	6	1266
77.8725147	6	1267
82.0925235	6	1268
77.0704746	6	1269
77.6202678	6	1270
82.1032524	6	1271
77.3742198	6	1272
77.4257183	6	1273
78.0477523	6	1274
78.3436298	6	1275
78.2759189	6	1276
85.3650569	6	1277
77.8830051	6	1278
77.7239799	6	1279
82.8382968	6	1280
77.6729583	6	1281
77.6634216	6	1282
82.5946331	6	1283
77.0125389	6	1284
77.6364803	6	1285
84.1381549	6	1286
77.0633220	6	1287
77.7382850	6	1288
81.0947418	6	1289
77.8601169	6	1290
76.8020153	6	1291
83.5764408	6	1292
76.6465663	6	1293
76.4737129	6	1294
81.4917087	6	1295
77.3868560	6	1296
76.9708156	6	1297
83.8487148	6	1298
77.4672031	6	1299
78.1483650	6	1300
81.6206932	6	1301
78.7978172	6	1302
78.7036418	6	1303
77.5520801	6	1304
85.4854583	6	1305
78.4776210	6	1306
81.8254947	6	1307
78.6697864	6	1308
82.6814174	6	1309
80.5969238	6	1310
76.8890380	6	1311
77.0349502	6	1312
77.8508186	6	1313
84.7404003	6	1314
77.5790214	6	1315
82.0126533	6	1316
78.3445835	6	1317
81.1188220	6	1318
78.8116455	6	1319
78.2272815	6	1320
77.4545669	6	1321
77.8348445	6	1322
84.2978954	6	1323
79.5435905	6	1324
80.2705287	6	1325
76.9362449	6	1326
83.1642150	6	1327
77.2502422	6	1328
76.9922733	6	1329
78.2630443	6	1330
78.5281658	6	1331
86.1589908	6	1332
77.3572921	6	1333
77.7044296	6	1334
78.4895420	6	1335
85.6111049	6	1336
78.0220031	6	1337
78.0801773	6	1338
76.5054225	6	1339
76.3094425	6	1340
85.6573581	6	1341
77.0690441	6	1342
78.2048702	6	1343
80.5449485	6	1344
80.7220935	6	1345
76.5261650	6	1346
76.8194198	6	1347
77.5520801	6	1348
78.0382156	6	1349
82.9715728	6	1350
76.9972801	6	1351
80.3480148	6	1352
80.2645683	6	1353
78.7124633	6	1354
77.8217315	6	1355
77.9182910	6	1356
76.7219066	6	1357
76.4689445	6	1358
82.4568271	6	1359
76.4217376	6	1360
84.0947628	6	1361
79.3778896	6	1362
76.9982337	6	1363
77.0919322	6	1364
77.8644084	6	1365
77.4383544	6	1366
78.3615112	6	1367
77.0046710	6	1369
85.8767032	6	1368
80.6372165	6	1370
77.7971744	6	1371
78.7310600	6	1372
77.3401260	6	1373
77.2569179	6	1374
84.0091705	6	1375
77.4731636	6	1376
81.8419456	6	1377
79.4095993	6	1378
80.8727741	6	1379
78.2783031	6	1380
77.6493549	6	1381
78.1204700	6	1382
78.9923667	6	1383
86.0426425	6	1384
77.6543617	6	1385
80.2106857	6	1386
79.2512893	6	1387
80.4231166	6	1388
76.7834186	6	1389
77.3580074	6	1390
76.7052173	6	1391
84.7692489	6	1392
79.4308185	6	1393
77.3174762	6	1394
80.1470279	6	1395
76.5540599	6	1396
77.5632858	6	1397
78.2170295	6	1398
78.5691738	6	1399
79.7312259	6	1400
84.6838951	6	1401
77.1365165	6	1402
78.3686637	6	1403
83.3981037	6	1404
79.8168182	6	1405
77.8555870	6	1406
83.8818550	6	1407
77.6174068	6	1408
76.7598152	6	1409
81.4361572	6	1410
77.7337551	6	1411
77.1155357	6	1412
83.3137035	6	1413
76.5142440	6	1414
78.5944461	6	1415
83.0819606	6	1416
77.3854255	6	1417
76.9710540	6	1418
81.2494754	6	1419
76.6084194	6	1420
77.4788856	6	1421
82.8428268	6	1422
77.7716636	6	1423
76.9505500	6	1424
83.5721492	6	1425
76.9331455	6	1426
80.6920528	6	1427
80.9018611	6	1428
77.3780345	6	1429
77.7702331	6	1430
83.0755233	6	1431
77.4359703	6	1432
80.8932781	6	1433
83.4631919	6	1434
77.7220726	6	1435
77.1799087	6	1436
77.0742893	6	1437
80.2679061	6	1438
79.5643329	6	1439
83.1167697	6	1440
78.8240432	6	1441
76.3370990	6	1442
82.9954147	6	1443
77.7728557	6	1444
77.8262615	6	1445
78.9690017	6	1446
77.2187709	6	1447
77.1925449	6	1448
83.0788612	6	1449
76.8342018	6	1450
79.5767307	6	1451
82.0157527	6	1452
78.2685279	6	1453
77.8036117	6	1454
76.7881870	6	1455
78.2189369	6	1456
77.5728225	6	1457
84.7210884	6	1458
79.9088478	6	1459
80.1544189	6	1460
80.4715156	6	1461
77.2156715	6	1462
78.6521434	6	1463
80.3167819	6	1464
85.2005481	6	1465
78.3848762	6	1466
81.8319320	6	1467
76.2629508	6	1468
76.6780376	6	1469
76.7598152	6	1470
77.3100852	6	1471
77.2747993	6	1472
77.0399570	6	1473
83.3861827	6	1474
77.3243904	6	1475
81.4828872	6	1476
77.3055553	6	1477
78.8607597	6	1478
82.9024314	6	1479
77.6965618	6	1480
77.5830745	6	1481
79.1592597	6	1482
82.0174217	6	1483
77.1594047	6	1484
80.4915428	6	1485
78.2642364	6	1486
77.5320529	6	1487
83.1627845	6	1488
78.4201622	6	1489
77.5175094	6	1490
78.0737400	6	1491
85.3660106	6	1492
79.0505409	6	1493
82.6809406	6	1494
77.0792961	6	1495
77.5902271	6	1496
82.6089382	6	1497
77.5787830	6	1498
78.4878730	6	1499
77.5737762	6	1500
86.4217281	6	1501
77.5730609	6	1502
80.8558464	6	1503
77.2416591	6	1504
77.8586864	6	1505
77.2364139	6	1506
78.7982940	6	1507
78.1466960	6	1508
77.7125358	6	1509
76.8675804	6	1511
86.5516662	6	1510
81.8603038	6	1512
77.7883529	6	1513
81.9163322	6	1514
76.9166946	6	1515
83.9297771	6	1516
76.6673088	6	1517
81.5277099	6	1518
80.7611942	6	1519
77.8851509	6	1520
80.9545516	6	1521
76.7943859	6	1522
83.7275981	6	1523
77.1558284	6	1524
80.3599357	6	1525
77.9552459	6	1526
81.2506675	6	1527
79.6093940	6	1528
77.3561000	6	1529
83.4863185	6	1530
78.8681507	6	1531
82.3764801	6	1532
78.2752037	6	1533
83.3930969	6	1534
77.3217678	6	1535
80.7485580	6	1536
77.4362087	6	1537
78.5913467	6	1538
82.0100307	6	1539
76.8907070	6	1540
81.2706947	6	1541
77.4238109	6	1542
81.4721584	6	1543
78.8261890	6	1544
77.7242183	6	1545
78.8829326	6	1546
83.3694934	6	1547
80.2822113	6	1548
79.3590545	6	1549
81.7430019	6	1550
77.9287815	6	1551
77.0595073	6	1552
77.6343345	6	1553
78.0601501	6	1554
83.1835269	6	1555
80.8277130	6	1556
79.4198513	6	1557
76.9209861	6	1558
81.8781852	6	1559
77.5594711	6	1560
78.0191421	6	1561
76.5063762	6	1562
76.7693519	6	1563
84.2664241	6	1564
79.4894695	6	1565
78.1903266	6	1566
77.2054195	6	1567
81.1855792	6	1568
77.2211551	6	1569
78.1724452	6	1570
80.2500247	6	1571
79.6415805	6	1572
82.7095508	6	1573
77.3513317	6	1574
79.6422958	6	1575
81.2120437	6	1576
76.6887664	6	1577
78.6683559	6	1578
77.6915550	6	1579
81.6032886	6	1580
76.9691467	6	1581
82.8902721	6	1582
77.8994560	6	1583
77.1043300	6	1584
76.9104957	6	1585
79.9455642	6	1586
78.5989761	6	1587
78.8500308	6	1588
76.8396854	6	1589
80.1768302	6	1590
77.3289203	6	1592
86.1694812	6	1591
81.5672874	6	1593
80.6992053	6	1594
78.0067443	6	1595
78.4721374	6	1596
77.5327682	6	1597
78.2339572	6	1598
76.4801502	6	1599
83.2803249	6	1600
77.8026580	6	1601
76.9636631	6	1602
78.1257152	6	1603
76.8125057	6	1605
87.2061252	6	1604
76.8640041	6	1606
77.0142078	6	1607
78.4578323	6	1608
83.6923122	6	1609
77.2120952	6	1610
79.5655250	6	1611
77.7041912	6	1612
83.3141803	6	1613
77.9206752	6	1614
79.7252655	6	1615
77.8634548	6	1616
77.1558284	6	1617
84.9888324	6	1618
78.1207084	6	1619
77.2824287	6	1620
78.5439014	6	1621
84.8739147	6	1622
79.3695449	6	1623
76.8744945	6	1624
77.7740478	6	1625
78.7982940	6	1626
81.2430381	6	1627
77.9881477	6	1628
80.7499885	6	1629
76.9486427	6	1630
81.3248157	6	1631
77.0962238	6	1632
76.6472816	6	1633
77.2752761	6	1634
77.3952007	6	1635
82.0791721	6	1636
78.2661437	6	1637
81.3889503	6	1638
77.5029659	6	1639
83.2548141	6	1640
79.9663066	6	1641
79.2248249	6	1642
79.5583724	6	1643
79.5948505	6	1644
85.4535102	6	1645
78.2687664	6	1646
77.2261619	6	1647
78.2067775	6	1648
84.1312408	6	1649
77.7924060	6	1650
77.7459144	6	1651
77.2612094	6	1652
76.6108036	6	1653
83.6200714	6	1654
77.4450302	6	1655
78.4907341	6	1656
77.5928497	6	1657
82.9129219	6	1658
77.4829387	6	1659
77.5632858	6	1660
78.2482624	6	1661
78.8180828	6	1662
84.0389728	6	1663
78.1493186	6	1664
77.5480270	6	1665
83.5058689	6	1666
81.6524028	6	1667
77.4378776	6	1668
78.0000686	6	1669
83.3287239	6	1670
76.9064426	6	1671
82.3488235	6	1672
78.3212184	6	1673
78.5593986	6	1674
82.7929973	6	1675
77.7583122	6	1676
78.5226821	6	1677
77.7089595	6	1678
85.9467983	6	1679
78.6547660	6	1680
79.9586772	6	1681
76.9622325	6	1682
79.9865722	6	1683
80.9893608	6	1684
79.5104503	6	1685
77.4729251	6	1686
78.6635875	6	1687
83.1255912	6	1688
78.1428813	6	1689
77.4855613	6	1690
79.2677402	6	1691
77.1214962	6	1692
78.3648490	6	1693
78.0508518	6	1694
79.4806480	6	1695
77.7034759	6	1696
83.0173492	6	1697
77.0447254	6	1698
76.9186019	6	1699
82.5321674	6	1700
80.4762840	6	1701
76.8854618	6	1702
77.4374008	6	1703
78.0398845	6	1704
87.3422622	6	1705
80.8527469	6	1706
76.2302875	6	1707
77.4831771	6	1708
84.0790271	6	1709
78.2816410	6	1710
78.3407688	6	1711
78.6309242	6	1712
77.2109031	6	1713
83.5239887	6	1714
77.2087574	6	1715
79.6236991	6	1716
77.1756172	6	1717
81.0706615	6	1718
78.0560970	6	1719
76.2932300	6	1720
76.7235755	6	1721
77.7189731	6	1722
86.1194133	6	1723
78.8686275	6	1724
77.3882865	6	1725
77.6622295	6	1726
84.2506885	6	1727
78.5105228	6	1728
78.8836479	6	1729
78.1326293	6	1730
77.9664516	6	1731
82.6823711	6	1732
77.3537158	6	1733
78.9389610	6	1734
78.1593322	6	1735
82.9660892	6	1736
77.5973796	6	1737
76.9221782	6	1738
77.0375728	6	1739
77.8601169	6	1740
83.5142135	6	1741
77.8751373	6	1742
84.2707157	6	1743
81.3808441	6	1744
80.8634757	6	1745
78.6278247	6	1746
77.7611732	6	1747
77.5589942	6	1748
77.3384571	6	1749
82.6897621	6	1750
77.5461196	6	1751
80.1639556	6	1752
79.5383453	6	1753
80.5675983	6	1754
76.9364833	6	1755
79.1199207	6	1756
78.4490108	6	1757
78.3178806	6	1758
82.0169448	6	1759
77.9886245	6	1760
76.8415927	6	1761
77.2802829	6	1762
76.9672393	6	1763
77.5108337	6	1764
77.2404670	6	1765
77.6622295	6	1766
76.7138004	6	1767
82.5915336	6	1768
80.1408290	6	1769
77.7075290	6	1770
82.7651023	6	1771
77.9416561	6	1772
76.3938426	6	1773
81.0415744	6	1774
77.4848461	6	1775
85.1421356	6	1776
82.0183753	6	1777
78.8877010	6	1778
80.7366371	6	1779
80.4972648	6	1780
77.5737762	6	1781
78.3050060	6	1782
84.0015411	6	1783
80.9755325	6	1784
81.0678005	6	1785
78.6952972	6	1786
76.9205093	6	1787
80.0805091	6	1788
79.5683860	6	1789
77.1369934	6	1790
76.9064426	6	1791
84.0537548	6	1792
77.1617889	6	1793
81.5076828	6	1794
76.6947269	6	1795
78.0596733	6	1796
81.0315608	6	1797
77.4953365	6	1798
78.2449245	6	1799
78.2797336	6	1800
84.4862461	6	1801
78.0062675	6	1802
79.0503025	6	1803
78.6402225	6	1804
76.3528347	6	1805
80.5561542	6	1806
77.7037143	6	1807
80.3864002	6	1808
76.7326354	6	1809
82.1440219	6	1810
76.8764019	6	1811
77.5651931	6	1812
76.9364833	6	1813
77.8951644	6	1814
85.2921009	6	1815
76.8914222	6	1816
80.1343917	6	1817
78.1564712	6	1818
81.1777114	6	1819
77.4998664	6	1820
77.4507522	6	1821
77.9664516	6	1822
77.8806209	6	1823
86.2019062	6	1824
79.0214538	6	1825
76.8954753	6	1826
77.6875019	6	1827
83.0481052	6	1828
77.7025222	6	1829
76.9586563	6	1830
77.3499011	6	1831
86.5573883	6	1832
80.7213783	6	1833
76.9324302	6	1834
77.8539180	6	1835
83.3787918	6	1836
80.1916122	6	1837
76.9932270	6	1838
78.0472755	6	1839
78.5415172	6	1840
84.0685367	6	1841
77.2633552	6	1842
78.4935951	6	1843
78.5336494	6	1844
83.2903385	6	1845
76.7645835	6	1846
78.7765979	6	1847
78.6018371	6	1848
79.6310901	6	1849
85.3681564	6	1850
79.9868106	6	1851
77.8048038	6	1852
83.0435752	6	1853
82.0970535	6	1854
77.9523849	6	1855
77.0814418	6	1856
83.7488174	6	1857
81.2854766	6	1858
80.6868076	6	1859
76.9238471	6	1860
77.9435634	6	1861
79.9975395	6	1862
78.9291858	6	1863
77.0728588	6	1864
77.5632858	6	1865
83.2841396	6	1866
77.4600505	6	1867
76.1990547	6	1868
78.4881114	6	1869
77.6083469	6	1870
77.1551132	6	1871
76.5600204	6	1872
78.9089202	6	1873
76.3673782	6	1874
85.4697227	6	1875
79.9233913	6	1876
78.2303810	6	1877
77.3386955	6	1878
77.8608322	6	1879
78.3958435	6	1880
78.4528255	6	1881
77.6188373	6	1882
79.3876647	6	1883
84.4438076	6	1884
77.5856971	6	1885
80.5742740	6	1886
77.0318508	6	1887
77.0442485	6	1888
76.7526626	6	1889
84.1825008	6	1890
79.9465179	6	1891
76.6353607	6	1892
83.4035873	6	1893
79.0889263	6	1894
80.0366401	6	1895
77.7947902	6	1896
78.8164138	6	1897
78.8350105	6	1898
84.8629474	6	1899
78.5541534	6	1900
77.2373676	6	1901
79.9162387	6	1902
77.3632526	6	1903
77.3243904	6	1904
78.0394077	6	1905
78.1776905	6	1906
83.6813449	6	1907
80.9764862	6	1908
78.1595706	6	1909
78.7675380	6	1910
77.1331787	6	1911
77.3923397	6	1912
79.1308879	6	1913
79.6468257	6	1914
86.2910747	6	1915
81.8395614	6	1916
81.8407535	6	1917
81.2766551	6	1918
83.0578804	6	1919
78.3131122	6	1920
79.0550708	6	1921
77.9156684	6	1922
82.9229354	6	1923
80.9662342	6	1924
77.3129463	6	1925
76.4181613	6	1926
77.2137641	6	1927
84.4376087	6	1928
77.6131153	6	1929
82.4012756	6	1930
77.1701335	6	1931
81.5048217	6	1932
81.6159248	6	1933
78.8903236	6	1934
80.6920528	6	1935
78.4590244	6	1936
83.2231044	6	1937
76.8375396	6	1938
81.3345909	6	1939
78.5884857	6	1940
76.3983726	6	1941
83.2021236	6	1942
78.1972408	6	1943
76.7061710	6	1944
77.0218372	6	1945
84.3510627	6	1946
78.6578655	6	1947
80.6858539	6	1948
76.4203071	6	1949
78.5315036	6	1950
85.3092670	6	1951
76.8990516	6	1952
77.4180889	6	1953
78.4635543	6	1954
83.5833549	6	1955
77.4805545	6	1956
76.5089988	6	1957
78.0797004	6	1958
76.4355659	6	1959
78.9155960	6	1961
90.4436111	6	1960
78.3178806	6	1962
77.4123668	6	1963
84.2595100	6	1964
77.8181552	6	1965
78.4814357	6	1966
77.2228240	6	1967
77.7702331	6	1968
81.6383361	6	1969
77.3587226	6	1970
78.5932540	6	1971
76.8058300	6	1972
83.0204486	6	1973
78.4280300	6	1974
77.1117210	6	1975
78.1393051	6	1976
77.2643089	6	1977
86.4481925	6	1978
77.9452323	6	1979
76.7121315	6	1980
78.8235664	6	1981
81.8028450	6	1982
81.2606811	6	1983
76.7488479	6	1984
77.4683952	6	1985
76.6158103	6	1986
82.4489593	6	1987
76.7667293	6	1988
78.8807868	6	1989
77.8160095	6	1990
82.6585292	6	1991
77.5899887	6	1992
80.2457332	6	1993
79.7948837	6	1994
79.3375968	6	1995
78.0093669	6	1996
80.0728797	6	1997
78.2184600	6	1998
80.3673267	6	1999
76.5645503	6	2000
78.5546302	6	2001
77.7220726	6	2002
78.7315368	6	2003
77.1491527	6	2004
78.1321525	6	2005
86.0092639	6	2006
77.6340961	6	2007
76.6372680	6	2008
78.1672000	6	2009
76.4136314	6	2010
76.8897533	6	2011
77.0294666	6	2012
76.6146183	6	2013
77.0111083	6	2014
84.1097831	6	2015
77.1613121	6	2016
78.5074234	6	2017
78.2539844	6	2018
77.4931907	6	2019
78.3300399	6	2020
77.9607295	6	2021
79.1845321	6	2022
79.5235633	6	2023
84.5651626	6	2024
78.1316757	6	2025
77.4307250	6	2026
76.9226551	6	2027
84.6736431	6	2028
77.7890682	6	2029
82.6318264	6	2030
77.2697925	6	2031
82.8044414	6	2032
81.5289020	6	2033
79.9756050	6	2034
77.0089626	6	2035
78.2778263	6	2036
86.1785411	6	2037
78.0990123	6	2038
82.5750827	6	2039
77.3499011	6	2040
80.9268951	6	2041
79.4341564	6	2042
77.2533416	6	2043
80.2037715	6	2044
85.6895446	6	2045
80.3158283	6	2046
77.1381855	6	2047
79.8733234	6	2048
78.1099796	6	2049
80.6808471	6	2050
77.1548748	6	2051
78.0663490	6	2052
80.2919864	6	2053
80.4548263	6	2054
76.7958164	6	2055
79.3874263	6	2056
76.4186382	6	2057
76.3595104	6	2058
84.5975875	6	2059
77.2812366	6	2060
76.5931606	6	2061
83.8282108	6	2062
78.8130760	6	2063
78.1464576	6	2064
81.8686485	6	2065
81.6833972	6	2066
77.0730972	6	2067
81.3698768	6	2068
77.0251750	6	2069
77.0025253	6	2070
83.4281444	6	2071
77.0173072	6	2072
77.4083137	6	2073
81.9129943	6	2074
77.3859024	6	2075
78.6194801	6	2076
83.8003158	6	2077
79.0750980	6	2078
77.7769088	6	2079
84.4767093	6	2080
78.0601501	6	2081
81.7060470	6	2082
81.2485218	6	2083
77.8779983	6	2084
78.6485671	6	2085
81.8345546	6	2086
77.7497291	6	2087
78.7692070	6	2088
82.5252532	6	2089
78.0034065	6	2090
81.4068317	6	2091
80.0390243	6	2092
77.9495239	6	2093
77.4753093	6	2094
83.6260318	6	2095
77.7838230	6	2096
78.2439708	6	2097
84.3307971	6	2098
78.9296627	6	2099
77.6963233	6	2100
78.2830715	6	2101
77.9781341	6	2102
78.1335830	6	2103
83.1103324	6	2104
77.6038169	6	2105
76.7874717	6	2106
83.5444927	6	2107
77.7003765	6	2108
76.8806934	6	2109
78.0441761	6	2110
76.4389038	6	2111
76.6639709	6	2112
84.7814083	6	2113
78.5374641	6	2114
81.8765163	6	2115
80.1537036	6	2116
77.0056247	6	2117
77.4159431	6	2118
76.1864185	6	2119
78.9275169	6	2120
76.7290592	6	2121
85.1795673	6	2122
77.0692825	6	2123
80.1770687	6	2124
80.2772045	6	2125
76.8046379	6	2126
77.1379470	6	2127
77.7266025	6	2128
82.1497440	6	2129
77.5451660	6	2130
82.7336311	6	2131
78.3522129	6	2132
76.6053199	6	2133
76.3196945	6	2134
78.5121917	6	2135
77.6088237	6	2136
77.1853923	6	2137
83.6575031	6	2138
77.5592327	6	2139
80.5311203	6	2140
79.5500278	6	2141
79.5156955	6	2142
78.6836147	6	2143
78.2129764	6	2144
78.0363082	6	2145
78.6211490	6	2146
83.7020874	6	2147
76.8289566	6	2148
82.7651023	6	2149
77.2483348	6	2150
77.7056217	6	2151
77.1293640	6	2152
77.3289203	6	2153
77.0897865	6	2154
76.5857696	6	2155
84.3393802	6	2156
77.6669979	6	2157
80.5819034	6	2158
77.8648853	6	2159
82.8413963	6	2160
77.1110057	6	2161
78.2549381	6	2162
77.1808624	6	2163
77.3930549	6	2164
82.3097229	6	2165
77.6293277	6	2166
80.5225372	6	2167
77.0099163	6	2168
80.3244113	6	2169
76.5001773	6	2170
76.6243934	6	2171
76.7843723	6	2172
76.6501426	6	2173
82.3140144	6	2174
77.7525901	6	2175
76.4713287	6	2176
78.3116817	6	2177
76.7977237	6	2178
78.2606601	6	2179
79.6611309	6	2180
77.8236389	6	2181
83.6856365	6	2182
80.9907913	6	2183
77.1601200	6	2184
76.9503116	6	2185
84.0835571	6	2186
78.1745910	6	2187
82.9913616	6	2188
80.5904865	6	2189
78.2434940	6	2190
82.7455520	6	2191
76.2233734	6	2192
78.2253742	6	2193
77.9600143	6	2194
82.8862190	6	2195
76.2295722	6	2196
82.0918083	6	2197
76.9495964	6	2198
78.5939693	6	2199
83.8437080	6	2200
77.3174762	6	2201
77.3754119	6	2202
78.2992839	6	2203
85.5836868	6	2204
78.0868530	6	2205
80.6751251	6	2206
77.2166252	6	2207
79.7083377	6	2208
82.1599960	6	2209
78.3402919	6	2210
78.6423683	6	2211
78.2146453	6	2212
83.3671092	6	2213
77.9392719	6	2214
76.8277645	6	2215
78.1726837	6	2216
76.7207145	6	2217
82.7178955	6	2218
77.3198604	6	2219
81.4085006	6	2220
79.6978473	6	2221
81.2163352	6	2222
76.4110088	6	2223
78.5655975	6	2224
77.6338577	6	2225
77.3329734	6	2226
76.8926143	6	2228
85.8311653	6	2227
79.4584751	6	2229
80.9121131	6	2230
81.0658931	6	2231
78.0560970	6	2232
76.8733024	6	2233
82.0097923	6	2234
77.5547027	6	2235
83.5366249	6	2236
77.8107643	6	2237
76.3597488	6	2238
76.7204761	6	2239
76.7385959	6	2240
76.6718387	6	2241
77.5918960	6	2242
85.7574939	6	2243
77.4347782	6	2244
80.2328586	6	2245
78.1173706	6	2246
79.0617465	6	2247
78.1593322	6	2248
76.7266750	6	2249
77.9685974	6	2250
79.6177387	6	2251
85.0372314	6	2252
79.0050029	6	2253
77.2697925	6	2254
77.5992870	6	2255
77.7430534	6	2256
79.0438652	6	2257
78.1581401	6	2258
78.1199932	6	2259
76.6055583	6	2260
86.2433910	6	2261
77.9764652	6	2262
77.6288509	6	2263
77.2852897	6	2264
76.8167972	6	2265
84.8186016	6	2266
80.6305408	6	2267
78.2427787	6	2268
77.8112411	6	2269
84.0573310	6	2270
79.1537761	6	2271
77.3725509	6	2272
78.4406661	6	2273
78.6015987	6	2274
82.3876857	6	2275
78.6926746	6	2276
76.9691467	6	2277
77.1424770	6	2278
84.0384960	6	2279
76.9720077	6	2280
76.5321254	6	2281
76.6386985	6	2282
84.7215652	6	2283
80.3470611	6	2284
77.7139663	6	2285
78.7816047	6	2286
84.0353965	6	2287
80.4908275	6	2288
78.1600475	6	2289
78.1435966	6	2290
79.5483589	6	2291
82.7364921	6	2292
76.7078399	6	2293
77.8257846	6	2294
81.2408924	6	2295
79.3068408	6	2296
76.8373012	6	2297
78.0563354	6	2298
78.0062675	6	2299
77.9681205	6	2300
78.0184268	6	2301
78.9651870	6	2302
78.2301425	6	2303
83.1561088	6	2304
76.4403343	6	2305
77.4965286	6	2306
77.1949291	6	2307
77.4307250	6	2308
77.5120258	6	2309
77.2814750	6	2310
84.6381187	6	2311
77.0974159	6	2312
83.8148593	6	2313
78.2122611	6	2314
77.9232978	6	2315
77.5499343	6	2316
78.5510540	6	2317
77.4037837	6	2318
77.3210525	6	2319
82.6938152	6	2320
78.1462192	6	2321
81.9044113	6	2322
77.2821903	6	2323
82.2722911	6	2324
78.1772136	6	2325
77.0568847	6	2326
78.1865119	6	2327
76.9317150	6	2328
86.6303443	6	2329
77.5618553	6	2330
81.3078880	6	2331
77.5718688	6	2332
81.1877250	6	2333
77.7041912	6	2334
78.8712501	6	2335
81.7279815	6	2336
79.1473388	6	2337
84.0771198	6	2338
78.2394409	6	2339
77.4962902	6	2340
78.5036087	6	2341
76.5273571	6	2342
78.2089233	6	2343
77.9206752	6	2344
82.7276706	6	2345
80.1510810	6	2346
80.6438922	6	2347
77.4598121	6	2348
78.4027576	6	2349
84.2204093	6	2350
79.1587829	6	2351
78.7391662	6	2352
78.4029960	6	2353
85.5903625	6	2354
77.3079395	6	2355
77.1043300	6	2356
78.6685943	6	2357
77.3894786	6	2358
86.2550735	6	2359
76.3418674	6	2360
77.1088600	6	2361
83.0092430	6	2362
79.6229839	6	2363
77.8615474	6	2364
80.3301334	6	2365
78.0394077	6	2366
78.2907009	6	2367
82.8011035	6	2368
80.6894302	6	2369
77.9366493	6	2370
83.2612514	6	2371
78.7012577	6	2372
77.7096748	6	2373
81.9108486	6	2374
81.3157558	6	2375
77.8350830	6	2376
82.8764438	6	2377
80.0695419	6	2378
77.0413875	6	2379
80.9547901	6	2380
79.4191360	6	2381
78.8624286	6	2382
76.8909454	6	2383
84.3200683	6	2384
78.6888599	6	2385
83.9724540	6	2386
76.9135951	6	2387
78.4904956	6	2388
83.3432674	6	2389
77.5575637	6	2390
81.6020965	6	2391
78.1877040	6	2392
83.4021568	6	2393
77.0845413	6	2394
82.5250148	6	2395
77.6143074	6	2396
82.7717781	6	2397
80.5022716	6	2398
78.1090259	6	2399
80.5258750	6	2400
80.6007385	6	2401
80.4815292	6	2402
78.7782669	6	2403
79.3626308	6	2404
77.0826339	6	2405
81.1707973	6	2406
76.8694877	6	2407
77.5659084	6	2408
84.0945243	6	2409
80.7094573	6	2410
80.2583694	6	2411
79.2369842	6	2412
80.0964832	6	2413
77.2464275	6	2414
82.4625492	6	2415
77.6388645	6	2416
77.2705078	6	2417
83.1556320	6	2418
76.3437747	6	2419
76.5485763	6	2420
77.2821903	6	2421
77.0452022	6	2422
77.1567821	6	2423
84.4035148	6	2424
76.5366554	6	2425
76.5924453	6	2426
81.6891193	6	2427
77.4729251	6	2428
77.5740146	6	2429
77.6882171	6	2430
77.4044990	6	2431
78.2432556	6	2432
86.3878726	6	2433
78.0596733	6	2434
77.9767036	6	2435
82.6368331	6	2436
78.0408382	6	2437
77.7816772	6	2438
78.8123607	6	2439
76.7271518	6	2440
77.1937370	6	2441
84.9025249	6	2442
77.1269798	6	2443
77.8782367	6	2444
83.6644172	6	2445
79.9055099	6	2446
78.7000656	6	2447
77.1300792	6	2448
79.1368484	6	2449
79.7307491	6	2450
87.0943069	6	2451
78.9971351	6	2452
79.7567367	6	2453
83.0013751	6	2454
76.9994258	6	2455
77.3987770	6	2456
77.7032375	6	2457
77.1646499	6	2458
77.0473480	6	2459
83.9550495	6	2460
77.0037174	6	2461
77.3365497	6	2462
82.4892520	6	2463
78.6569118	6	2464
77.3704051	6	2465
77.5084495	6	2466
78.6557197	6	2467
78.5310268	6	2468
83.4782123	6	2469
79.6866416	6	2470
78.4568786	6	2471
82.5901031	6	2472
76.5721797	6	2473
79.9884796	6	2474
77.8186321	6	2475
82.2861194	6	2476
78.3388614	6	2477
82.8037261	6	2478
77.0459175	6	2479
77.8806209	6	2480
81.9418430	6	2481
80.6760787	6	2482
77.1646499	6	2483
78.8428783	6	2484
80.7421207	6	2485
77.9190063	6	2486
80.1365375	6	2487
78.1924724	6	2488
78.1683921	6	2489
76.9026279	6	2490
76.5540599	6	2491
78.3007144	6	2492
77.0893096	6	2493
83.3058357	6	2494
78.4769058	6	2495
82.1890830	6	2496
77.0196914	6	2497
77.7230262	6	2498
77.9550075	6	2499
80.5790424	6	2500
85.9310626	6	2501
78.4103870	6	2502
84.4206809	6	2503
76.8535137	6	2504
80.5263519	6	2505
78.7653923	6	2506
77.3246288	6	2507
76.8420696	6	2508
76.8327713	6	2509
85.2279663	6	2510
77.1877765	6	2511
82.3962688	6	2512
77.8918266	6	2513
83.0914974	6	2514
77.6305198	6	2515
77.8765678	6	2516
82.9553604	6	2517
78.0251026	6	2518
82.7538967	6	2519
77.6076316	6	2520
79.9021720	6	2521
77.0628452	6	2522
80.5442333	6	2523
77.5375366	6	2524
77.5279998	6	2525
79.4389247	6	2526
78.2949924	6	2527
80.2931785	6	2528
77.1222114	6	2529
77.8448581	6	2530
77.2032737	6	2531
84.8214626	6	2532
76.3647556	6	2533
81.7632675	6	2534
80.4378986	6	2535
77.1477222	6	2536
82.4873447	6	2537
77.2395133	6	2538
77.2759914	6	2539
77.3808956	6	2540
84.2843055	6	2541
78.3536434	6	2542
81.1500549	6	2543
76.7626762	6	2544
77.6541233	6	2545
83.0903053	6	2546
77.0213603	6	2547
77.9850482	6	2548
77.9058933	6	2549
82.2210311	6	2550
76.4093399	6	2551
80.8434486	6	2552
76.8141746	6	2553
77.2814750	6	2554
81.3531875	6	2555
76.9031047	6	2556
77.6193141	6	2557
83.8093757	6	2558
80.3406238	6	2559
79.3845653	6	2560
80.3620815	6	2561
78.8774490	6	2562
78.5429477	6	2563
77.0835876	6	2564
79.0922641	6	2565
78.9277553	6	2566
84.8240852	6	2567
79.3926715	6	2568
77.8763294	6	2569
78.0003070	6	2570
78.1910419	6	2571
78.1641006	6	2572
79.3766975	6	2573
78.4828662	6	2574
78.1378746	6	2575
85.6783390	6	2576
78.2642364	6	2577
77.9178142	6	2578
78.4842967	6	2579
77.5489807	6	2580
81.3462734	6	2581
76.9944190	6	2582
77.1570205	6	2583
77.4893760	6	2584
82.9267501	6	2585
77.6672363	6	2586
76.8382549	6	2587
77.2035121	6	2588
76.8887996	6	2589
78.0701637	6	2590
78.1910419	6	2591
85.5140686	6	2592
78.1624317	6	2593
83.3280086	6	2594
79.4632434	6	2595
77.7928829	6	2596
77.5480270	6	2597
78.0124664	6	2598
78.1135559	6	2599
85.9961509	6	2600
80.3165435	6	2601
76.9765377	6	2602
81.3376903	6	2603
76.6367912	6	2604
79.4196128	6	2605
78.3786773	6	2606
77.5074958	6	2607
77.7938365	6	2608
83.9202404	6	2609
77.7888298	6	2610
78.5539150	6	2611
83.1363201	6	2612
78.0253410	6	2613
77.0246982	6	2614
77.1915912	6	2615
78.4325599	6	2616
82.9997062	6	2617
81.0463428	6	2618
78.3364772	6	2619
78.5405635	6	2620
83.1110477	6	2621
78.8516998	6	2622
78.3023834	6	2623
78.0434608	6	2624
79.1921615	6	2625
84.1264724	6	2626
80.2133083	6	2627
77.4488449	6	2628
77.6121616	6	2629
82.8716754	6	2630
80.2323818	6	2631
77.5823593	6	2632
78.6044597	6	2633
77.7413845	6	2634
83.4431648	6	2635
78.9189338	6	2636
77.2945880	6	2637
78.1674385	6	2638
84.6519470	6	2639
77.1000385	6	2640
77.4316787	6	2641
77.3913860	6	2642
77.7139663	6	2643
83.2226276	6	2644
76.9350528	6	2645
77.8694152	6	2646
83.7879180	6	2647
79.7367095	6	2648
77.5384902	6	2649
78.2914161	6	2650
77.7893066	6	2651
82.5362205	6	2652
82.2920799	6	2653
78.4957408	6	2654
76.8609046	6	2655
81.1233520	6	2656
80.0168514	6	2657
77.5537490	6	2658
77.8546333	6	2659
77.2247314	6	2660
83.6977958	6	2661
80.7728767	6	2662
77.9724121	6	2663
78.0653953	6	2664
82.5948715	6	2665
76.9231319	6	2666
76.9591331	6	2667
78.8705348	6	2668
79.5676708	6	2669
83.3950042	6	2670
77.0561695	6	2671
77.0063400	6	2672
78.1247615	6	2673
85.6561660	6	2674
78.0787467	6	2675
79.5938968	6	2676
78.2108306	6	2677
76.9040584	6	2678
83.2650661	6	2679
77.5067806	6	2680
77.7690410	6	2681
77.1861076	6	2682
84.9130153	6	2683
78.1135559	6	2684
76.5655040	6	2685
78.0203342	6	2686
84.6397876	6	2687
80.4593563	6	2688
79.0987014	6	2689
78.1974792	6	2690
79.0686607	6	2691
83.6269855	6	2692
77.8205394	6	2693
76.8771171	6	2694
77.3596763	6	2695
85.3121280	6	2696
76.7304897	6	2697
76.9603252	6	2698
77.8625011	6	2699
77.0030021	6	2700
82.9665660	6	2701
76.6258239	6	2702
78.1803131	6	2703
77.8639316	6	2704
83.2993984	6	2705
77.6247978	6	2706
77.5833129	6	2707
77.9500007	6	2708
78.3300399	6	2709
84.1443538	6	2710
77.0390033	6	2711
77.6398181	6	2712
78.4785747	6	2713
83.8489532	6	2714
78.5717964	6	2715
76.4877796	6	2716
77.4037837	6	2717
77.4750709	6	2718
85.2172374	6	2719
79.5094966	6	2720
76.9267082	6	2721
77.8622627	6	2722
85.5650901	6	2723
77.5125026	6	2724
78.3550739	6	2725
77.5096416	6	2726
77.8603553	6	2727
85.7918262	6	2728
79.0164470	6	2729
79.5507431	6	2730
79.8251628	6	2731
86.2364768	6	2732
78.1908035	6	2733
77.7521133	6	2734
78.8187980	6	2735
78.0487060	6	2736
85.8314037	6	2737
77.4669647	6	2738
81.2711715	6	2739
78.8185596	6	2740
80.9617042	6	2741
77.2066116	6	2742
77.7390003	6	2743
78.3231258	6	2744
78.4544944	6	2745
85.2329730	6	2746
78.8557529	6	2747
77.3129463	6	2748
78.1919956	6	2749
76.9085884	6	2750
77.3384571	6	2751
77.9032707	6	2752
83.2519531	6	2753
80.1134109	6	2754
80.0192356	6	2755
78.0820846	6	2756
78.0215263	6	2757
78.7687301	6	2758
78.3925056	6	2759
78.3929824	6	2760
78.3824920	6	2761
84.5797061	6	2762
78.4685611	6	2763
79.4439315	6	2764
76.4846801	6	2765
76.8940448	6	2766
76.3921737	6	2767
76.8284797	6	2768
84.8479270	6	2769
77.2986412	6	2770
82.6878547	6	2771
77.2104263	6	2772
78.8426399	6	2773
77.6970386	6	2774
77.3282051	6	2775
77.1691799	6	2776
77.3916244	6	2777
84.4547748	6	2778
76.6811370	6	2779
81.3345909	6	2780
76.7450332	6	2781
80.8515548	6	2782
77.0540237	6	2783
77.5096416	6	2784
77.5938034	6	2785
82.8087329	6	2786
81.2926292	6	2787
77.2433280	6	2788
80.9173583	6	2789
78.4165859	6	2790
77.1520137	6	2791
78.0260562	6	2792
77.5663852	6	2793
77.7621269	6	2794
84.5134258	6	2795
80.2288055	6	2796
80.4145336	6	2797
81.3379287	6	2798
79.5030593	6	2799
76.2655735	6	2800
77.3065090	6	2801
76.9455432	6	2802
76.8861770	6	2803
85.3884220	6	2804
76.7800807	6	2805
77.3141384	6	2806
84.3169689	6	2807
76.4844417	6	2808
78.8211822	6	2809
78.2122611	6	2810
77.4869918	6	2811
77.3885250	6	2812
82.8430652	6	2813
78.8056850	6	2814
77.7418613	6	2815
84.0656757	6	2816
79.9827575	6	2817
77.3019790	6	2818
85.1502418	6	2819
80.7383060	6	2820
76.7347812	6	2821
81.4135074	6	2822
80.5199146	6	2823
77.5902271	6	2824
83.5938453	6	2825
77.8100490	6	2826
77.9271125	6	2827
84.0704441	6	2828
77.4397850	6	2829
80.8088779	6	2830
77.0843029	6	2831
77.1996974	6	2832
79.2627334	6	2833
77.9256820	6	2834
78.4854888	6	2835
77.9037475	6	2836
82.7820301	6	2837
78.7987709	6	2838
77.0618915	6	2839
77.3682594	6	2840
78.9015293	6	2841
77.1901607	6	2842
77.1667957	6	2843
76.6847133	6	2844
76.8253803	6	2845
83.9443206	6	2846
76.5285491	6	2847
77.3584842	6	2848
76.8387317	6	2849
76.5697956	6	2850
76.6117572	6	2851
77.6438713	6	2852
77.5654315	6	2853
77.8410434	6	2854
76.6921043	6	2856
85.7958793	6	2855
76.7879486	6	2857
83.4422111	6	2858
77.1186351	6	2859
76.9884586	6	2860
77.4228572	6	2861
77.3334503	6	2862
86.7619514	6	2863
81.2730789	6	2864
77.9643058	6	2865
78.0575275	6	2866
82.2057723	6	2867
78.6700248	6	2868
79.1099071	6	2869
77.7759552	6	2870
78.8960456	6	2871
83.3292007	6	2872
77.3746967	6	2873
77.0285129	6	2874
76.8151283	6	2875
85.5176448	6	2876
77.6479244	6	2877
77.1887302	6	2878
77.2037506	6	2879
77.6934623	6	2880
83.7466716	6	2881
77.9037475	6	2882
77.4264335	6	2883
78.3545970	6	2884
84.7039222	6	2885
78.8745880	6	2886
80.6100368	6	2887
79.8280239	6	2888
79.0896415	6	2889
83.1422805	6	2890
77.6689052	6	2891
78.2597064	6	2892
78.0413150	6	2893
81.7794799	6	2894
77.1014690	6	2895
81.3050270	6	2896
76.5504837	6	2897
83.7297439	6	2898
78.1846046	6	2899
76.7636299	6	2900
76.6751766	6	2901
83.2252502	6	2902
80.5854797	6	2903
78.4413814	6	2904
83.1344127	6	2905
77.9178142	6	2906
80.9121131	6	2907
80.0881385	6	2908
78.6828994	6	2909
83.0900669	6	2910
81.4776420	6	2911
76.4863491	6	2912
78.2861709	6	2913
82.1673870	6	2914
77.7010917	6	2915
77.0349502	6	2916
76.4460563	6	2917
77.6424407	6	2918
81.7167758	6	2919
79.8141956	6	2920
78.0801773	6	2921
77.1467685	6	2922
84.0005874	6	2923
78.6423683	6	2924
78.1736373	6	2925
78.5491466	6	2926
77.9962539	6	2927
85.1788520	6	2928
79.8327922	6	2929
78.9279937	6	2930
77.7184963	6	2931
81.4085006	6	2932
77.2676467	6	2933
77.0606994	6	2934
84.4323635	6	2935
77.3465633	6	2936
82.9179286	6	2937
76.7469406	6	2938
77.0215988	6	2939
78.0248641	6	2940
82.0903778	6	2941
76.9665241	6	2942
77.9733657	6	2943
83.5182666	6	2944
77.9192447	6	2945
80.5714130	6	2946
78.3631801	6	2947
76.8482685	6	2948
84.8882198	6	2949
79.9498558	6	2950
76.6525268	6	2951
76.5635967	6	2952
82.6616287	6	2953
77.0111083	6	2954
82.6296806	6	2955
76.5616893	6	2956
77.7008533	6	2957
82.6764106	6	2958
76.7714977	6	2959
78.6316394	6	2960
77.7361392	6	2961
82.5369358	6	2962
78.3667564	6	2963
80.3050994	6	2964
79.0541172	6	2965
78.7370204	6	2966
84.4001770	6	2967
79.0386199	6	2968
80.5747509	6	2969
78.3677101	6	2970
83.6172103	6	2971
77.1291255	6	2972
77.0907402	6	2973
83.2133293	6	2974
76.7490863	6	2975
82.6134681	6	2976
77.8214931	6	2977
80.9640884	6	2978
79.8084735	6	2979
80.9311866	6	2980
77.3155689	6	2981
77.5692462	6	2982
84.1603279	6	2983
80.0642967	6	2984
80.4319381	6	2985
78.0556201	6	2986
77.8565406	6	2987
77.1255493	6	2988
77.5127410	6	2989
78.9735317	6	2990
78.8381099	6	2991
84.6154689	6	2992
77.2864818	6	2993
80.4128646	6	2994
78.4568786	6	2995
79.3161392	6	2996
78.4881114	6	2997
78.4099102	6	2998
78.5040855	6	2999
78.2077312	6	3000
78.8807868	6	3001
79.5631408	6	3002
76.9801139	6	3003
77.7566432	6	3004
76.4431953	6	3005
77.0659446	6	3006
85.2637290	6	3007
77.0535469	6	3008
83.0495357	6	3009
77.3851871	6	3010
82.9393863	6	3011
77.6548385	6	3012
77.2478580	6	3013
84.3217372	6	3014
77.0039558	6	3015
83.2679271	6	3016
77.5263309	6	3017
81.0575485	6	3018
77.7599811	6	3019
82.0636749	6	3020
78.2747268	6	3021
78.8731575	6	3022
80.1305770	6	3023
77.2173404	6	3024
82.5934410	6	3025
78.4208774	6	3026
76.7726898	6	3027
78.6185264	6	3028
77.3060321	6	3029
83.3771228	6	3030
76.6358375	6	3031
81.2792778	6	3032
78.6402225	6	3033
77.0056247	6	3034
78.4637928	6	3035
79.3995857	6	3036
77.4188041	6	3037
78.0715942	6	3038
84.5713615	6	3039
77.8963565	6	3040
76.7107009	6	3041
83.3983421	6	3042
79.5857906	6	3043
77.2345066	6	3044
76.9753456	6	3045
78.0658721	6	3046
77.6581764	6	3047
76.7855644	6	3049
85.5569839	6	3048
78.6054134	6	3050
82.9908847	6	3051
76.3356685	6	3052
77.7838230	6	3053
78.4676074	6	3054
77.7537822	6	3055
78.1955718	6	3056
86.6601467	6	3057
78.1757831	6	3058
77.4691104	6	3059
78.9659023	6	3060
79.0357589	6	3061
78.6490440	6	3062
77.5015354	6	3063
77.2731304	6	3064
78.7734985	6	3065
82.2775363	6	3066
78.2477855	6	3067
79.9794197	6	3068
76.9932270	6	3069
78.0007839	6	3070
77.9805183	6	3071
83.9569568	6	3072
79.9155235	6	3073
77.3169994	6	3074
81.2435150	6	3075
79.3750286	6	3076
77.3630142	6	3077
77.8632164	6	3078
77.1000385	6	3079
78.0553817	6	3080
77.1045684	6	3082
86.7671966	6	3081
79.4818401	6	3083
81.6419124	6	3084
77.3634910	6	3085
77.6264667	6	3086
82.5440883	6	3087
77.3453712	6	3088
77.3057937	6	3089
84.2831134	6	3090
76.9884586	6	3091
77.3503780	6	3092
83.3575725	6	3093
78.6545276	6	3094
77.9154300	6	3095
82.1583271	6	3096
77.7676105	6	3097
79.2150497	6	3098
84.3200683	6	3099
77.5299072	6	3100
80.8660984	6	3101
81.5086364	6	3102
77.2223472	6	3103
78.6752700	6	3104
79.5357227	6	3105
78.7150859	6	3106
76.9197940	6	3107
82.3335647	6	3108
76.4551162	6	3109
81.4421176	6	3110
79.9503326	6	3111
77.4500370	6	3112
76.5678882	6	3113
80.5315971	6	3114
77.5148868	6	3115
78.8612365	6	3116
81.4547538	6	3117
78.7971019	6	3118
83.1274986	6	3119
78.0842304	6	3120
77.4726867	6	3121
78.5393714	6	3122
76.3802528	6	3123
77.3537158	6	3124
77.4753093	6	3125
76.4739513	6	3126
77.3746967	6	3127
80.3236961	6	3128
77.4366855	6	3129
78.7501335	6	3130
78.8965225	6	3131
78.7551403	6	3132
78.0224800	6	3133
78.5911083	6	3134
78.2349109	6	3135
77.3720741	6	3136
76.8275260	6	3137
76.9813060	6	3138
76.2968063	6	3140
87.1133804	6	3139
76.9405364	6	3141
77.7468681	6	3142
84.4833850	6	3143
77.1849155	6	3144
77.3224830	6	3145
79.6587467	6	3146
79.1230201	6	3147
85.7222080	6	3148
79.2906284	6	3149
77.8021812	6	3150
77.8577327	6	3151
81.9401741	6	3152
78.0899524	6	3153
82.4496746	6	3154
76.7869949	6	3155
78.5121917	6	3156
77.0905017	6	3158
85.6683254	6	3157
76.9453048	6	3159
77.6348114	6	3160
81.7847251	6	3161
77.6083469	6	3162
81.1173915	6	3163
78.0129432	6	3164
78.0842304	6	3165
84.7017765	6	3166
79.1141986	6	3167
78.4683227	6	3168
77.5828361	6	3169
84.1021537	6	3170
78.1018733	6	3171
77.0103931	6	3172
77.8717994	6	3173
83.9390754	6	3174
80.7266235	6	3175
76.8275260	6	3176
78.4046649	6	3177
77.4071216	6	3178
85.1609706	6	3179
79.6296596	6	3180
76.9622325	6	3181
77.1203041	6	3182
84.1138362	6	3183
78.8004398	6	3184
77.6891708	6	3185
76.3542652	6	3186
77.7788162	6	3187
76.8852233	6	3189
85.6137275	6	3188
78.8567066	6	3190
77.8679847	6	3191
82.8983783	6	3192
77.4438381	6	3193
77.4626731	6	3194
79.4818401	6	3195
78.6452293	6	3196
83.7445259	6	3197
78.6221027	6	3198
76.9693851	6	3199
83.5895538	6	3200
81.0775756	6	3201
78.9849758	6	3202
77.5959491	6	3203
76.9817829	6	3204
84.2301845	6	3205
80.8844566	6	3206
77.8925418	6	3207
79.1623592	6	3208
83.1987857	6	3209
76.8446922	6	3210
77.4652957	6	3211
77.8334140	6	3212
78.9091587	6	3213
83.9006900	6	3214
77.2655010	6	3215
78.7625312	6	3216
81.7656517	6	3217
78.1381130	6	3218
79.2615413	6	3219
78.8836479	6	3220
78.7446498	6	3221
78.4344673	6	3222
84.2504501	6	3223
78.3326625	6	3224
80.7805061	6	3225
80.2698135	6	3226
77.0726203	6	3227
76.9400596	6	3228
77.0220756	6	3229
77.4996280	6	3230
76.9820213	6	3231
82.3624134	6	3232
76.7128467	6	3233
82.8037261	6	3234
79.8676013	6	3235
76.6363143	6	3236
78.1700611	6	3237
78.2444477	6	3238
77.7053833	6	3239
77.3773193	6	3240
78.3123970	6	3241
78.7351131	6	3242
83.1320285	6	3243
77.0964622	6	3244
78.1543254	6	3245
76.9302845	6	3246
77.2070884	6	3247
76.7474174	6	3248
76.8566131	6	3249
76.9133567	6	3250
76.6701698	6	3251
82.6253890	6	3252
78.3541202	6	3253
77.2075653	6	3254
77.0764350	6	3255
78.0155658	6	3256
78.0813694	6	3257
78.1624317	6	3258
77.8117179	6	3259
77.1968364	6	3260
81.3512802	6	3261
78.0549049	6	3262
77.4080753	6	3263
78.7978172	6	3264
79.0195465	6	3265
78.0594348	6	3266
77.7599811	6	3267
78.7401199	6	3268
79.1079998	6	3269
77.5060653	6	3271
87.3308181	6	3270
78.0572891	6	3272
79.2222023	6	3273
83.3222866	6	3274
80.8019638	6	3275
77.9397487	6	3276
82.9410552	6	3277
76.9038200	6	3278
83.1797122	6	3279
77.2323608	6	3280
77.4087905	6	3281
84.2795372	6	3282
80.4102420	6	3283
76.6038894	6	3284
77.6388645	6	3285
82.8382968	6	3286
79.1492462	6	3287
80.5454254	6	3288
78.5403251	6	3289
77.3336887	6	3290
82.4139118	6	3291
79.3273448	6	3292
77.4958133	6	3293
76.4698982	6	3294
84.2945575	6	3295
76.7076015	6	3296
80.6515216	6	3297
77.7447223	6	3298
76.3773918	6	3299
82.8640460	6	3300
76.8356323	6	3301
77.1186351	6	3302
80.2927017	6	3303
85.2222442	6	3304
77.7635574	6	3305
82.3338031	6	3306
78.9182186	6	3307
77.5954723	6	3308
83.9564800	6	3309
77.5144100	6	3310
77.0306587	6	3311
85.0520133	6	3312
80.0099372	6	3313
76.6632556	6	3314
83.7731361	6	3315
77.0485401	6	3316
76.2228965	6	3317
83.7497711	6	3318
79.4901847	6	3319
77.7046680	6	3320
84.0234756	6	3321
76.8795013	6	3322
77.8362751	6	3323
83.7388038	6	3324
77.9271125	6	3325
79.0734291	6	3326
84.2616558	6	3327
78.6931514	6	3328
79.9596309	6	3329
81.0284614	6	3330
78.4258842	6	3331
77.3859024	6	3332
81.3655853	6	3333
77.9926776	6	3334
79.1430473	6	3335
83.9717388	6	3336
78.6299705	6	3337
80.5110931	6	3338
81.3310146	6	3339
77.7335166	6	3340
76.5850543	6	3341
82.9741954	6	3342
76.6062736	6	3343
77.5005817	6	3344
82.6423168	6	3345
76.7574310	6	3346
80.4941654	6	3347
80.5437564	6	3348
77.0201683	6	3349
78.1762599	6	3350
83.9090347	6	3351
78.8757801	6	3352
77.5520801	6	3353
81.8574428	6	3354
77.6765346	6	3355
82.8700065	6	3356
76.8218040	6	3357
77.6398181	6	3358
77.3000717	6	3359
83.2901000	6	3360
79.4434547	6	3361
79.1602134	6	3362
80.7151794	6	3363
77.4443149	6	3364
80.5327892	6	3365
77.1522521	6	3366
77.6338577	6	3367
77.6667594	6	3368
84.9394798	6	3369
76.5864849	6	3370
77.9969692	6	3371
82.2720527	6	3372
77.9144763	6	3373
81.7370414	6	3374
78.0246257	6	3375
77.3909091	6	3376
79.0431499	6	3377
84.3393802	6	3378
77.7716636	6	3379
78.0186653	6	3380
83.8289260	6	3381
76.4336585	6	3382
80.4438591	6	3383
77.7077674	6	3384
80.4054737	6	3385
76.6890048	6	3386
82.5095176	6	3387
77.4569511	6	3388
77.7618885	6	3389
82.1890830	6	3390
78.3128738	6	3391
76.7951011	6	3392
78.7289142	6	3393
77.4970054	6	3394
78.2630443	6	3395
83.1396579	6	3396
78.3205032	6	3397
78.6306858	6	3398
84.2063426	6	3399
80.2505016	6	3400
77.7282714	6	3401
83.2331180	6	3402
77.2190093	6	3403
76.7219066	6	3404
83.1403732	6	3405
78.6323547	6	3406
80.1815986	6	3407
80.4483890	6	3408
76.5461921	6	3409
77.1229267	6	3410
82.0305347	6	3411
79.1726112	6	3412
79.8721313	6	3413
80.6112289	6	3414
77.2068500	6	3415
80.0783634	6	3416
79.8408985	6	3417
78.8645744	6	3418
77.5110721	6	3419
81.8207263	6	3420
76.7276287	6	3421
82.8192234	6	3422
80.2135467	6	3423
79.9710750	6	3424
77.0263671	6	3425
76.8430233	6	3426
76.5752792	6	3427
79.8282623	6	3428
83.0662250	6	3429
78.7131786	6	3430
79.8313617	6	3431
76.6086578	6	3432
76.6797065	6	3433
78.7186622	6	3434
77.9812335	6	3435
77.8682231	6	3436
86.0571861	6	3437
80.8866024	6	3438
77.1903991	6	3439
76.5888690	6	3440
77.1970748	6	3441
77.7206420	6	3442
77.0251750	6	3443
76.8644809	6	3444
77.0361423	6	3445
77.8746604	6	3447
86.8623256	6	3446
81.0844898	6	3448
78.2957077	6	3449
77.6319503	6	3450
84.8343372	6	3451
80.7924270	6	3452
76.9784450	6	3453
78.4692764	6	3454
84.1557979	6	3455
78.2723426	6	3456
80.8591842	6	3457
77.6033401	6	3458
77.8980255	6	3459
84.3477249	6	3460
78.5779953	6	3461
77.6910781	6	3462
76.5831470	6	3463
83.0912590	6	3464
76.9450664	6	3465
76.4689445	6	3466
77.5740146	6	3467
77.4993896	6	3468
83.1096172	6	3469
77.1517753	6	3470
78.1879425	6	3471
77.4629116	6	3472
83.7917327	6	3473
77.7833461	6	3474
77.6822566	6	3475
77.7311325	6	3476
76.7099857	6	3477
84.2831134	6	3478
77.7177810	6	3479
77.1591663	6	3480
82.7400684	6	3481
81.0556411	6	3482
77.8326988	6	3483
77.3606300	6	3484
76.3754844	6	3485
77.3482322	6	3486
82.3981761	6	3487
77.2233009	6	3488
78.6187648	6	3489
82.4961662	6	3490
79.7381401	6	3491
78.6502361	6	3492
77.4278640	6	3493
78.4900188	6	3494
78.5949230	6	3495
82.2825431	6	3496
77.5990486	6	3497
80.2214145	6	3498
80.2328586	6	3499
76.6072273	6	3500
77.9111385	6	3501
81.7649364	6	3502
78.1321525	6	3503
77.6362419	6	3504
82.0991992	6	3505
77.2066116	6	3506
80.9221267	6	3507
80.1885128	6	3508
77.8989791	6	3509
78.2413482	6	3510
83.5237503	6	3511
77.8281688	6	3512
77.4962902	6	3513
81.9332599	6	3514
77.2905349	6	3515
79.7405242	6	3516
76.7893791	6	3517
81.2575817	6	3518
77.1167278	6	3519
82.0069313	6	3520
77.9154300	6	3521
78.8311958	6	3522
83.5735797	6	3523
79.2536735	6	3524
77.0080089	6	3525
79.2672634	6	3526
76.5900611	6	3527
79.2267322	6	3528
84.2652320	6	3529
78.2558917	6	3530
76.3797760	6	3531
81.7897319	6	3532
76.6155719	6	3533
78.4664154	6	3534
76.6375064	6	3535
77.6643753	6	3536
82.9486846	6	3537
80.7240009	6	3538
76.7204761	6	3539
78.4580707	6	3540
81.0105800	6	3541
77.3074626	6	3542
76.9703388	6	3543
78.8278579	6	3544
78.2558917	6	3545
84.3894481	6	3546
76.6932964	6	3547
78.4909725	6	3548
77.7559280	6	3549
82.7586650	6	3550
77.7599811	6	3551
77.0835876	6	3552
77.6019096	6	3553
76.7624378	6	3554
78.0284404	6	3556
87.8314971	6	3555
77.1939754	6	3557
78.5052776	6	3558
82.6950073	6	3559
77.1732330	6	3560
81.0887813	6	3561
77.1579742	6	3562
77.8987407	6	3563
84.3539237	6	3564
78.1104564	6	3565
77.0490169	6	3566
77.1996974	6	3567
82.2234153	6	3568
78.0093669	6	3569
80.4553031	6	3570
77.1932601	6	3571
77.1393775	6	3572
81.7000865	6	3573
79.4241428	6	3574
77.5473117	6	3575
77.4414539	6	3576
81.4292430	6	3577
79.7238349	6	3578
76.7469406	6	3579
78.7088871	6	3580
77.5725841	6	3581
84.0826034	6	3582
76.3785839	6	3583
81.1028480	6	3584
76.8983364	6	3585
83.8971138	6	3586
77.9561996	6	3587
78.7601470	6	3588
79.6320438	6	3589
79.4951915	6	3590
86.0056877	6	3591
80.1701545	6	3592
81.2606811	6	3593
82.6287269	6	3594
83.3284854	6	3595
79.1745185	6	3596
78.9189338	6	3597
78.8102149	6	3599
87.9938602	6	3598
83.5819244	6	3600
avg:  79.29834491676755
std:  2.552565249507232
p95:  84.4179630279541
p99:  86.08849287033081
com:  112.08986957001325
thg:  11.208986957001324
FCT:  32.11708617210388
que:  3.133145636982388
los:  0.0
3600 0
**********************
