[12  4 10 ...  8  7 10]
85.1092338	6	1
85.7975482	6	2
86.0173702	6	3
83.4724903	6	4
83.9729309	6	5
86.9903564	6	6
87.5549316	6	7
86.6954326	6	8
85.3784084	6	9
86.4329338	6	10
81.5689563	6	11
86.0345363	6	12
87.0475769	6	13
83.1625461	6	14
83.7972164	6	15
88.3100032	6	16
79.6985626	6	18
95.0059890	6	17
85.1874351	6	19
78.1648159	6	21
88.9995098	6	20
86.1942768	6	22
87.1729850	6	23
83.6482048	6	24
84.5236778	6	25
80.4960727	6	28
80.3341865	6	29
96.8871116	6	27
107.012271	6	26
77.9333114	6	30
79.6604156	6	31
80.3413391	6	33
96.3287353	6	32
83.1084251	6	34
93.5871601	6	35
95.9155559	6	36
89.4784927	6	37
89.2038345	6	38
83.4851264	6	39
78.0646800	6	40
77.9366493	6	41
86.4505767	6	42
87.4056816	6	43
82.1619033	6	44
91.1495685	6	45
91.6078090	6	46
79.0088176	6	48
76.7631530	6	49
96.1077213	6	47
77.3155689	6	50
77.8796672	6	51
81.4757347	6	52
82.0569992	6	53
77.4860382	6	54
85.7434272	6	55
85.8745574	6	56
80.8138847	6	57
79.2627334	6	58
78.4170627	6	59
78.2241821	6	60
79.8201560	6	61
77.3873329	6	62
77.8806209	6	63
78.0994892	6	64
83.6203098	6	65
84.7699642	6	66
80.4219245	6	67
78.3309936	6	68
77.9306888	6	69
77.7802467	6	70
80.1055431	6	71
77.1064758	6	72
77.6700973	6	73
77.4445533	6	74
82.8952789	6	75
83.9169025	6	76
80.4724693	6	77
78.1104564	6	78
79.3154239	6	79
77.6870250	6	80
82.3194980	6	81
78.5756111	6	82
78.3171653	6	83
78.3119201	6	84
83.4677219	6	85
85.1075649	6	86
80.4810523	6	87
82.3831558	6	88
79.4589519	6	89
78.5040855	6	90
83.9745998	6	91
78.2370567	6	92
77.8589248	6	93
78.2589912	6	94
84.3045711	6	95
76.8637657	6	97
88.9794826	6	96
83.0061435	6	98
79.0452957	6	99
77.3046016	6	100
83.6255550	6	101
77.9578685	6	102
76.5435695	6	103
77.2466659	6	104
76.8499374	6	106
92.0302867	6	105
80.6608200	6	107
82.4491977	6	108
80.2452564	6	109
76.7264366	6	110
78.5236358	6	112
87.1748924	6	111
77.0721435	6	113
77.0344734	6	114
80.2500247	6	116
90.8408164	6	115
81.1836719	6	117
82.2803974	6	118
81.2728404	6	119
78.6116123	6	120
79.8387527	6	122
89.0953540	6	121
79.5671939	6	123
79.0796279	6	124
93.1153297	6	125
82.2248458	6	127
90.9190177	6	126
83.4467411	6	128
82.2262763	6	129
79.3864727	6	130
89.0860557	6	131
83.9881896	6	132
80.4286003	6	133
79.5626640	6	134
88.8805389	6	135
77.4731636	6	137
92.4291610	6	136
83.4152698	6	138
85.0791931	6	139
80.0280570	6	140
82.1440219	6	142
91.8281078	6	141
80.1579952	6	143
79.9343585	6	144
81.1717510	6	146
77.6515007	6	147
99.5082855	6	145
83.5347175	6	148
85.4301452	6	149
82.7026367	6	150
81.3481807	6	152
92.0748710	6	151
80.0585746	6	153
79.6585083	6	154
80.9607505	6	156
92.3342704	6	155
84.9764347	6	157
83.4970474	6	158
80.8556079	6	160
91.3639068	6	159
92.0829772	6	161
77.6669979	6	163
80.3742408	6	164
96.0881710	6	162
82.0541381	6	166
78.0167579	6	167
96.1699485	6	165
81.9571018	6	168
90.0187492	6	169
82.7698707	6	170
91.7220115	6	171
85.1881504	6	172
87.0409011	6	173
78.8993835	6	175
94.5785045	6	174
83.7757587	6	176
80.2531242	6	177
80.2724361	6	178
81.9084644	6	180
89.5721912	6	179
85.0319862	6	182
98.7255573	6	181
86.9810581	6	183
79.5419216	6	185
93.4355258	6	184
79.4296264	6	186
85.2172374	6	187
79.7808170	6	188
91.2368297	6	189
90.0235176	6	190
84.3367576	6	192
82.2820663	6	193
97.6598262	6	191
79.6482563	6	195
78.9570808	6	196
107.635259	6	194
84.3162536	6	197
78.9995193	6	198
91.7363166	6	199
82.3101997	6	201
90.2066230	6	200
80.7235240	6	203
90.6066894	6	202
84.9225521	6	204
77.5053501	6	206
92.9076671	6	205
83.1944942	6	207
78.5315036	6	208
83.6744308	6	210
96.2293148	6	209
81.2213420	6	211
79.5984268	6	213
90.1844501	6	212
84.8243236	6	214
84.6972465	6	215
84.7539901	6	216
82.6518535	6	217
80.1296234	6	218
82.7379226	6	220
93.2075977	6	219
79.6689987	6	221
87.6348018	6	222
83.7163925	6	223
83.1933021	6	224
83.2705497	6	225
83.7202072	6	226
82.9849243	6	227
80.1589488	6	228
82.4241638	6	230
92.9486751	6	229
78.8922309	6	231
85.4942798	6	232
83.8713645	6	233
83.1027030	6	234
82.7600955	6	235
83.3482742	6	236
82.4966430	6	237
82.4909210	6	238
82.9823017	6	240
93.3523178	6	239
78.5696506	6	241
78.0925750	6	243
90.2054309	6	242
83.0233097	6	244
83.2319259	6	245
83.6517810	6	246
85.5500698	6	247
84.3913555	6	248
83.1098556	6	250
91.4096832	6	249
79.7929763	6	251
85.0596427	6	252
82.3245048	6	253
83.2781791	6	254
82.6830863	6	255
83.9974880	6	256
86.0304832	6	257
85.9513282	6	258
90.7778739	6	259
84.0806961	6	260
81.8154811	6	261
85.6254100	6	262
83.1141471	6	263
82.4656486	6	264
83.3146572	6	265
83.5468769	6	266
77.0061016	6	268
93.8034057	6	267
82.0872783	6	270
90.8749103	6	269
83.1372737	6	271
84.3248367	6	272
81.2354087	6	273
85.0260257	6	296
87.3715877	6	297
87.2678756	6	298
83.8165283	6	299
85.1504802	6	300
84.0101242	6	301
87.1567726	6	302
87.2170925	6	303
302.073955	16	276
85.5867862	6	304
298.955678	16	277
88.2921218	6	305
79.5922279	6	306
305.031776	16	278
83.0504894	6	307
83.4496021	6	308
308.511972	16	280
78.9165496	6	309
303.130149	16	281
299.253940	16	282
80.7604789	6	310
77.7053833	6	311
302.583932	16	283
303.721427	16	284
81.7377567	6	312
387.191295	16	274
78.3941745	6	313
303.686857	16	285
80.1301002	6	314
81.3803672	6	315
315.186738	16	286
78.4831047	6	316
76.6060352	6	317
412.948131	16	275
388.298511	16	279
77.0409107	6	318
326.733112	16	288
78.2406330	6	319
328.098773	16	289
77.8169631	6	320
79.1940689	6	321
77.3448944	6	322
78.1211853	6	323
77.0270824	6	324
77.9337882	6	325
76.9488811	6	326
391.261100	16	287
77.8830051	6	327
78.4964561	6	328
77.0573616	6	329
389.929056	16	291
77.8477191	6	330
76.7486095	6	331
388.831138	16	293
412.998676	16	290
398.123264	16	292
78.6058902	6	332
78.1147480	6	333
78.6788463	6	334
77.5864124	6	335
77.5535106	6	336
76.9398212	6	337
77.9895782	6	338
77.5403976	6	339
76.8754482	6	340
77.0318508	6	341
458.676576	16	294
78.3908367	6	342
82.7536582	6	343
78.4518718	6	344
77.8961181	6	345
77.8272151	6	346
483.736753	16	295
77.3105621	6	347
77.8164863	6	348
76.9412517	6	349
77.0001411	6	350
76.7366886	6	351
79.7853469	6	352
82.3292732	6	353
78.3379077	6	354
78.3791542	6	355
76.9941806	6	356
76.9021511	6	357
77.9070854	6	358
76.7111778	6	359
77.3687362	6	360
76.4303207	6	361
77.4552822	6	362
80.1548957	6	363
76.3468742	6	364
76.8463611	6	365
77.3856639	6	366
77.2483348	6	367
78.0570507	6	368
76.7796039	6	369
77.4879455	6	370
76.9610404	6	371
78.5193443	6	372
80.1317691	6	373
77.9759883	6	374
78.3226490	6	375
76.7791271	6	376
77.1784782	6	377
76.7683982	6	378
76.9202709	6	379
76.8911838	6	380
76.5988826	6	381
80.5556774	6	382
78.5524845	6	383
77.1665573	6	384
82.1602344	6	385
76.9939422	6	386
77.1536827	6	387
84.8002433	6	388
77.8026580	6	389
78.6354541	6	390
78.9155960	6	391
83.3806991	6	392
79.8168182	6	393
79.3447494	6	394
84.4485759	6	395
85.0057601	6	396
78.0177116	6	397
77.3415565	6	399
85.3078365	6	398
78.2415866	6	401
85.9105587	6	400
83.6253166	6	402
79.1602134	6	403
80.9679031	6	404
84.3601226	6	405
83.6527347	6	406
77.2943496	6	407
84.5701694	6	408
76.8413543	6	409
84.6991539	6	410
77.3291587	6	411
84.9783420	6	412
79.1361331	6	413
80.0282955	6	414
82.5393199	6	415
82.6337337	6	416
77.6700973	6	417
83.5530757	6	418
76.8620967	6	419
82.2305679	6	420
76.6811370	6	421
82.5440883	6	422
77.0111083	6	423
79.5247554	6	424
81.7174911	6	425
83.3833217	6	426
78.2184600	6	427
83.1003189	6	428
77.2905349	6	429
83.2068920	6	430
77.0068168	6	431
83.5828781	6	432
76.9279003	6	433
78.6488056	6	434
80.9140205	6	435
80.1048278	6	436
77.0165920	6	437
81.7353725	6	438
76.7407417	6	439
80.5733203	6	440
78.2446861	6	441
81.7806720	6	442
76.9612789	6	443
77.5833129	6	444
78.5181522	6	445
79.2055130	6	446
78.1097412	6	447
79.3099403	6	448
77.0111083	6	449
78.9914131	6	450
76.8656730	6	451
80.2915096	6	452
76.5571594	6	453
76.3783454	6	454
77.2638320	6	455
78.6902904	6	456
76.7097473	6	457
77.7847766	6	458
76.6201019	6	459
77.6441097	6	460
79.3735980	6	461
79.4134140	6	462
77.3382186	6	463
78.6595344	6	464
77.3141384	6	465
78.1769752	6	466
77.5728225	6	467
77.8124332	6	468
76.9739151	6	469
77.3146152	6	470
79.7054767	6	471
80.0950527	6	472
77.4612426	6	473
78.2220363	6	474
77.2023200	6	475
79.0321826	6	476
78.9840221	6	477
77.7544975	6	478
76.9896507	6	479
77.1303176	6	480
79.8783302	6	481
80.2481174	6	482
77.2719383	6	483
79.7998905	6	484
76.9083499	6	485
77.6641368	6	486
85.7884883	6	487
80.2934169	6	488
77.4562358	6	489
77.6555538	6	490
78.1877040	6	491
78.0496597	6	492
76.4930248	6	493
79.5648097	6	494
76.5683650	6	495
76.8542289	6	496
78.1452655	6	498
86.6816043	6	497
77.3956775	6	499
78.9706707	6	500
76.9011974	6	501
76.6074657	6	502
76.9972801	6	503
79.9467563	6	504
76.7872333	6	505
76.7850875	6	506
84.5510959	6	507
78.6559581	6	508
76.5738487	6	509
84.0582847	6	510
81.1419486	6	511
76.6932964	6	512
77.0933628	6	513
84.7232341	6	514
76.7400264	6	515
76.7114162	6	516
83.7581157	6	517
77.5327682	6	518
76.8399238	6	519
83.9481353	6	520
80.0518989	6	521
77.1560668	6	522
76.5995979	6	523
83.6138725	6	524
77.6553153	6	525
77.1157741	6	526
82.0128917	6	527
77.0263671	6	528
76.7166614	6	529
81.5446376	6	530
78.2177448	6	531
77.1059989	6	532
79.4126987	6	533
80.9288024	6	534
76.9121646	6	535
77.1677494	6	536
81.3403129	6	537
77.0404338	6	538
77.2547721	6	539
229.499101	16	541
230.447769	16	542
83.7492942	6	561
88.5806083	6	562
230.334043	16	544
85.4189395	6	563
229.341030	16	546
87.9278182	6	564
88.3419513	6	565
87.8870487	6	566
87.1474742	6	567
232.804536	16	549
84.5823287	6	568
283.623933	16	543
247.147560	16	548
233.278036	16	550
229.010105	16	551
86.1620903	6	569
85.3114128	6	570
79.7202587	6	571
285.109996	16	545
229.000806	16	553
281.483411	16	547
84.8252773	6	572
231.087923	16	554
82.7286243	6	573
85.4656696	6	574
241.530656	16	555
84.8696231	6	575
82.7140808	6	576
80.1444053	6	577
78.7246227	6	578
293.440103	16	552
79.0560245	6	579
77.8715610	6	580
79.7405242	6	581
267.509222	16	558
76.9972801	6	582
77.1188735	6	583
288.978099	16	557
300.116300	16	556
77.2643089	6	584
78.4323215	6	585
441.339969	16	540
77.5728225	6	586
301.086902	16	559
76.7877101	6	587
76.7285823	6	588
306.703090	16	560
77.1012306	6	589
76.5585899	6	590
77.7325630	6	591
76.5953063	6	592
76.9686698	6	593
76.9414901	6	594
78.7339210	6	595
78.9072513	6	596
77.1398544	6	597
79.8027515	6	598
79.0033340	6	599
77.6808261	6	600
78.0978202	6	601
77.4357318	6	602
77.5682926	6	603
77.4357318	6	604
78.9368152	6	605
78.8040161	6	606
77.0390033	6	607
80.3806781	6	608
79.2958736	6	609
78.4149169	6	610
79.0648460	6	611
78.2361030	6	612
78.4380435	6	613
78.2959461	6	614
79.8628330	6	615
80.1146030	6	616
78.6306858	6	617
79.6651840	6	618
78.4208774	6	620
87.4819755	6	619
79.0264606	6	621
77.2302150	6	622
77.2671699	6	623
77.6708126	6	624
79.3836116	6	625
81.0742378	6	626
78.6991119	6	627
79.5073509	6	628
86.9400501	6	629
80.0955295	6	630
78.3414840	6	631
77.0635604	6	632
77.1491527	6	633
77.5487422	6	634
80.2326202	6	635
80.9359550	6	636
78.6240100	6	637
79.1587829	6	638
86.4765644	6	639
80.7955265	6	640
79.7767639	6	641
77.5473117	6	642
78.0773162	6	643
78.9709091	6	644
82.6611518	6	645
82.4685096	6	646
78.4814357	6	647
79.5147418	6	648
90.0492668	6	649
82.4794769	6	650
79.4255733	6	651
79.8158645	6	652
77.5957107	6	653
78.2821178	6	654
81.7637443	6	655
81.6290378	6	656
78.0932903	6	657
78.5601139	6	658
86.6768360	6	659
80.9326171	6	660
80.1098346	6	661
79.0910720	6	662
76.9958496	6	663
77.9955387	6	664
81.6388130	6	665
81.8333625	6	666
81.0337066	6	667
78.0577659	6	668
86.1847400	6	669
81.6168785	6	670
80.2397727	6	671
79.7917842	6	672
77.3012638	6	673
80.2323818	6	674
84.1956138	6	675
83.1563472	6	676
82.0033550	6	677
78.7026882	6	678
79.4136524	6	680
90.8913612	6	679
80.5439949	6	681
79.9150466	6	682
77.5241851	6	683
80.1334381	6	684
84.4407081	6	685
83.2929611	6	686
82.3485851	6	687
79.7441005	6	688
87.3074531	6	689
82.7994346	6	690
80.8820724	6	691
79.1437625	6	692
77.5520801	6	693
80.5871486	6	694
86.3578319	6	695
84.6636295	6	696
81.6857814	6	697
78.6113739	6	698
87.4133110	6	699
83.9457511	6	700
80.5559158	6	701
78.5038471	6	702
76.5295028	6	703
79.1020393	6	704
84.8350524	6	705
82.6492309	6	706
80.5623531	6	707
76.8589973	6	708
77.7957439	6	710
89.7126197	6	709
79.9372196	6	711
77.1958827	6	712
76.6677856	6	713
79.3049335	6	714
86.2202644	6	715
83.6613178	6	716
81.1500549	6	717
77.9862403	6	718
85.9935283	6	719
84.1100215	6	720
80.8274745	6	721
77.4452686	6	722
82.1440219	6	723
80.1417827	6	724
85.8607292	6	725
83.3306312	6	726
79.6301364	6	727
76.7173767	6	728
85.2975845	6	729
82.8604698	6	730
79.8480510	6	731
77.2008895	6	732
79.4887542	6	733
78.0298709	6	734
84.4049453	6	735
83.4183692	6	736
83.6598873	6	737
79.6453952	6	738
84.1293334	6	739
83.1513404	6	740
80.6958675	6	741
77.1749019	6	742
79.7586441	6	743
76.9934654	6	744
86.0257148	6	745
83.4643840	6	746
82.3671817	6	747
77.8846740	6	748
83.7209224	6	749
82.3843479	6	750
79.0934562	6	751
76.2579441	6	752
77.8684616	6	753
78.3741474	6	754
77.7297019	6	756
91.0589694	6	755
81.2325477	6	757
76.6279697	6	758
81.9187164	6	759
81.1460018	6	760
78.3638954	6	761
76.3690471	6	762
76.7946243	6	763
79.0078639	6	764
84.0427875	6	765
82.0856094	6	766
80.5201530	6	767
77.0530700	6	768
81.4435482	6	769
82.2064876	6	770
78.6728858	6	771
77.1589279	6	772
77.0514011	6	773
84.6679210	6	774
85.4308605	6	775
81.8610191	6	776
79.9241065	6	777
77.6767730	6	778
84.0361118	6	779
81.0551643	6	780
77.8460502	6	781
77.0254135	6	782
76.6892433	6	783
84.6219062	6	784
84.8383903	6	785
81.2399387	6	786
79.0185928	6	787
77.2423744	6	788
86.9834423	6	789
80.9855461	6	790
81.0704231	6	791
77.2464275	6	792
77.1555900	6	793
84.3853950	6	794
83.7812423	6	795
80.8897018	6	796
78.7737369	6	797
77.6252746	6	798
89.2190933	6	799
84.0692520	6	800
80.0056457	6	801
76.7736434	6	802
76.6470432	6	803
82.4370384	6	804
81.8078517	6	805
80.4288387	6	806
76.5905380	6	807
76.9605636	6	808
86.3950252	6	809
81.1052322	6	810
77.2044658	6	811
76.3566493	6	812
77.0106315	6	813
81.2106132	6	814
81.5188884	6	815
78.0417919	6	816
76.7810344	6	817
76.7617225	6	818
80.3682804	6	820
90.0969505	6	819
77.0106315	6	821
76.6229629	6	822
76.7323970	6	823
79.5948505	6	824
79.2596340	6	825
76.3101577	6	826
76.3537883	6	827
76.4234066	6	828
86.7276191	6	829
237.168312	16	830
232.532501	16	831
229.348897	16	834
86.0383510	6	853
85.2503776	6	854
233.691692	16	835
86.3120555	6	855
86.2662792	6	856
84.5074653	6	857
274.284601	16	833
228.999376	16	839
88.7992382	6	858
84.3286514	6	859
234.112501	16	840
84.4557285	6	860
86.9655609	6	861
85.0441455	6	862
79.0562629	6	863
232.179403	16	844
240.020275	16	843
259.880065	16	841
79.3516635	6	864
292.334556	16	837
286.573171	16	838
303.085088	16	836
236.416816	16	845
80.0399780	6	865
79.8547267	6	866
80.5206298	6	867
283.841133	16	842
81.8185806	6	868
77.2459506	6	869
77.4981975	6	870
79.3921947	6	871
283.137321	16	846
78.0336856	6	872
280.031681	16	848
79.1866779	6	873
294.974803	16	847
285.240650	16	849
80.1038742	6	874
78.2768726	6	875
79.0865421	6	876
78.5648822	6	877
77.7299404	6	878
77.7978897	6	879
453.654766	16	832
78.1486034	6	880
327.779531	16	850
76.7426490	6	881
329.391717	16	851
323.021411	16	852
77.6882171	6	882
76.7438411	6	883
76.6196250	6	884
77.9604911	6	885
78.1781673	6	886
78.1531333	6	887
78.9380073	6	888
77.2802829	6	889
78.7975788	6	890
76.6680240	6	891
78.7138938	6	892
77.2182941	6	893
78.2487392	6	894
78.6736011	6	895
76.8070220	6	896
78.0632495	6	897
77.9175758	6	898
76.6878128	6	899
78.4566402	6	900
76.6959190	6	901
77.7714252	6	902
76.6086578	6	903
80.0631046	6	904
76.8470764	6	905
76.9844055	6	906
76.8902301	6	907
84.0072631	6	908
79.7612667	6	909
78.2716274	6	910
77.0134925	6	911
78.0937671	6	912
76.8442153	6	913
80.2211761	6	914
77.1770477	6	915
77.6517391	6	916
77.5575637	6	917
83.0168724	6	918
80.4784297	6	919
77.9464244	6	920
77.2137641	6	921
77.6369571	6	922
77.6398181	6	923
79.1802406	6	924
77.1334171	6	925
77.0807266	6	926
77.8853893	6	927
82.9439163	6	928
79.6968936	6	929
77.6083469	6	930
77.3816108	6	931
77.2628784	6	932
77.7916908	6	933
79.4327259	6	934
84.7728252	6	935
78.0169963	6	936
78.8545608	6	937
83.3139419	6	938
80.8355808	6	939
78.3665180	6	940
82.2300910	6	941
78.0105590	6	942
77.4166584	6	943
80.7974338	6	944
84.8298072	6	945
78.6602497	6	946
81.5620422	6	947
77.7885913	6	949
88.2563591	6	948
77.8520107	6	950
82.6096534	6	951
77.6939392	6	952
76.6072273	6	953
79.9849033	6	954
85.3343009	6	955
82.9849243	6	956
82.3225975	6	957
88.9277458	6	958
87.0585441	6	959
79.8778533	6	960
82.6206207	6	961
77.7306556	6	962
82.5004577	6	963
80.2192687	6	964
85.6497287	6	965
83.3189487	6	966
88.0072116	6	967
88.3934497	6	968
85.6556892	6	969
80.1451206	6	970
82.1032524	6	971
76.9979953	6	972
81.3462734	6	973
80.0518989	6	974
77.4745941	6	976
90.3458595	6	975
87.1365070	6	977
88.3975028	6	978
77.5008201	6	980
86.7621898	6	979
82.0219516	6	981
77.3775577	6	982
79.9043178	6	983
79.7345638	6	984
83.9796066	6	985
81.7391872	6	986
89.0431404	6	987
79.4467926	6	989
90.9478664	6	988
77.8748989	6	990
83.2779407	6	991
77.7726173	6	992
79.2803764	6	993
78.7289142	6	994
84.5453739	6	995
82.6673507	6	996
83.2109451	6	998
95.5181121	6	997
84.3770503	6	999
78.1493186	6	1000
84.1031074	6	1001
78.4144401	6	1002
79.8134803	6	1003
79.2498588	6	1004
84.3968391	6	1005
83.0292701	6	1006
91.3655757	6	1007
88.0985260	6	1008
83.9214324	6	1009
79.1647434	6	1010
84.7759246	6	1011
78.7448883	6	1012
79.4703960	6	1013
79.9546241	6	1014
86.0669612	6	1015
88.0298614	6	1016
91.0069942	6	1017
79.2081356	6	1019
86.6882801	6	1018
78.3982276	6	1020
83.0137729	6	1021
78.5975456	6	1023
86.8039131	6	1022
78.9108276	6	1024
85.7679843	6	1025
88.7136459	6	1026
90.5511379	6	1027
79.1826248	6	1029
92.3676490	6	1028
78.7401199	6	1030
82.8659534	6	1031
78.5889625	6	1033
87.3804092	6	1032
90.9776687	6	1034
77.2731304	6	1036
80.0993442	6	1037
97.2411632	6	1035
83.8620662	6	1038
84.9680900	6	1039
78.1886577	6	1040
83.1780433	6	1041
85.8452320	6	1042
78.3944129	6	1043
92.2179222	6	1044
84.5489501	6	1045
87.3684883	6	1046
81.3946723	6	1047
82.7100276	6	1048
76.4942169	6	1050
85.0372314	6	1049
80.8269977	6	1051
83.9262008	6	1052
77.7816772	6	1053
83.4326744	6	1055
93.4085845	6	1054
87.0571136	6	1056
81.1641216	6	1057
82.8177928	6	1058
84.3386650	6	1059
76.8959522	6	1060
80.8012485	6	1061
83.3582878	6	1062
77.0084857	6	1063
89.9827480	6	1064
77.9955387	6	1066
93.4998989	6	1065
79.8463821	6	1067
81.8700790	6	1068
77.4104595	6	1070
89.3821716	6	1069
80.6491374	6	1071
83.7254524	6	1072
78.5572528	6	1073
91.2227630	6	1074
83.8563442	6	1076
92.0372009	6	1075
81.1827182	6	1077
83.1792354	6	1078
77.9387950	6	1080
90.5306339	6	1079
81.4661979	6	1081
84.2175483	6	1082
77.8901576	6	1083
81.8727016	6	1085
81.5262794	6	1086
97.3274707	6	1084
80.4083347	6	1087
81.3338756	6	1088
76.9481658	6	1090
87.8272056	6	1089
78.7005424	6	1091
81.4433097	6	1092
76.9975185	6	1093
94.5708751	6	1094
87.1994495	6	1095
81.0599327	6	1096
82.4890136	6	1097
81.9611549	6	1098
76.8930912	6	1100
85.4070186	6	1099
78.4363746	6	1101
80.9178352	6	1102
78.1664848	6	1103
87.1272087	6	1104
86.5774154	6	1105
80.1429748	6	1106
88.0978107	6	1107
82.6709270	6	1108
77.3596763	6	1110
90.4145240	6	1109
77.1031379	6	1111
80.1022052	6	1112
84.3753814	6	1113
86.8461132	6	1114
79.3080329	6	1115
80.3234577	6	1116
88.1154537	6	1117
81.9480419	6	1118
76.7345428	6	1120
90.7406806	6	1119
76.8756866	6	1121
80.0158977	6	1122
84.5496654	6	1123
78.9415836	6	1125
92.7753448	6	1124
92.0145511	6	1126
76.8558979	6	1129
84.5098495	6	1128
93.2102203	6	1127
85.6907367	6	1130
87.4936580	6	1131
77.6431560	6	1134
96.6680049	6	1132
79.3116092	6	1135
77.6267051	6	1136
106.299161	6	1133
85.6161117	6	1137
231.639623	16	1140
232.245445	16	1141
86.5709781	6	1160
86.0979557	6	1161
232.992410	16	1143
86.6134166	6	1162
245.518445	16	1142
230.494976	16	1144
84.5952033	6	1163
289.882421	16	1138
87.2194766	6	1164
86.5709781	6	1165
230.901956	16	1147
87.3615741	6	1166
87.5024795	6	1167
231.280565	16	1149
241.382837	16	1148
86.6472721	6	1168
231.068611	16	1150
86.7915153	6	1169
231.903791	16	1151
80.0416469	6	1170
78.1204700	6	1171
287.012338	16	1145
235.811233	16	1152
284.936428	16	1146
79.3311595	6	1172
239.722967	16	1153
79.0941715	6	1173
79.3476104	6	1174
78.2485008	6	1175
80.3592205	6	1176
79.0326595	6	1177
79.3194770	6	1178
79.3373584	6	1179
78.5417556	6	1180
283.514738	16	1155
299.159288	16	1154
80.0907611	6	1181
78.5627365	6	1182
78.2139301	6	1183
299.801826	16	1156
77.2078037	6	1184
301.022291	16	1157
77.7525901	6	1185
77.9480934	6	1186
78.4397125	6	1187
78.2706737	6	1188
77.9275894	6	1189
77.0852565	6	1190
77.2550106	6	1191
76.5337944	6	1192
501.921653	16	1139
346.288204	16	1159
78.2008171	6	1193
368.583202	16	1158
77.7828693	6	1194
76.8892765	6	1195
78.1331062	6	1196
76.9352912	6	1197
76.8542289	6	1198
77.1818161	6	1199
77.2976875	6	1200
77.1274566	6	1201
77.2879123	6	1202
76.8792629	6	1203
77.0363807	6	1204
76.9789218	6	1205
76.7474174	6	1206
77.1441459	6	1207
77.0735740	6	1208
77.2256851	6	1209
77.0044326	6	1210
76.7717361	6	1211
79.6463489	6	1212
76.6379833	6	1213
77.4807929	6	1214
77.0657062	6	1215
76.4570236	6	1216
76.9746303	6	1217
78.5272121	6	1218
77.7454376	6	1219
77.8427124	6	1220
76.4052867	6	1221
80.9266567	6	1222
76.4830112	6	1223
76.9417285	6	1224
76.6122341	6	1225
76.8995285	6	1226
76.5407085	6	1227
78.6132812	6	1228
76.8787860	6	1229
76.5492916	6	1230
76.6360759	6	1231
78.7572860	6	1232
76.9081115	6	1233
76.5912532	6	1234
76.6627788	6	1235
76.4179229	6	1236
77.4779319	6	1237
76.5297412	6	1238
76.4496326	6	1239
77.9049396	6	1240
76.5008926	6	1241
81.2149047	6	1242
77.7187347	6	1243
77.3615837	6	1244
77.0633220	6	1245
77.0068168	6	1246
78.1719684	6	1247
78.3271789	6	1248
77.2869586	6	1249
80.4779529	6	1250
77.6479244	6	1251
81.7077159	6	1252
77.7847766	6	1253
77.6028633	6	1254
78.0959129	6	1255
77.9411792	6	1256
77.9657363	6	1257
78.2160758	6	1258
77.7356624	6	1259
80.1408290	6	1260
76.9166946	6	1261
82.7944278	6	1262
77.8384208	6	1263
77.8927803	6	1264
77.6748657	6	1265
78.4595012	6	1266
78.3350467	6	1267
78.1068801	6	1268
76.9567489	6	1269
77.8353214	6	1271
85.4160785	6	1270
83.2474231	6	1272
78.4614086	6	1273
77.4774551	6	1274
77.7413845	6	1275
78.2542228	6	1276
78.1893730	6	1277
78.0417919	6	1278
76.8020153	6	1279
84.0027332	6	1280
76.9138336	6	1281
81.7999839	6	1282
76.3602256	6	1283
76.3950347	6	1284
77.1000385	6	1285
76.5764713	6	1286
76.5166282	6	1287
77.2700309	6	1288
76.4682292	6	1289
82.1242332	6	1290
78.5443782	6	1291
80.7697772	6	1292
77.0542621	6	1293
77.0797729	6	1294
76.2794017	6	1295
76.6015052	6	1296
76.5058994	6	1297
80.2137851	6	1298
77.5775909	6	1299
80.6450843	6	1300
79.9963474	6	1301
80.8577537	6	1302
76.9648551	6	1303
77.8794288	6	1304
77.3334503	6	1305
78.7534713	6	1306
76.7219066	6	1307
80.2469253	6	1308
81.0317993	6	1309
80.7695388	6	1310
79.6480178	6	1311
84.0477943	6	1312
79.2553424	6	1313
76.7860412	6	1314
76.7464637	6	1315
83.7261676	6	1316
81.8121433	6	1317
81.1226367	6	1318
79.3447494	6	1319
79.9143314	6	1320
80.5561542	6	1321
83.0960273	6	1322
80.0559520	6	1323
76.7385959	6	1324
77.2144794	6	1325
84.0814113	6	1326
80.8453559	6	1327
79.2160034	6	1328
77.6309967	6	1329
78.1121253	6	1330
78.8850784	6	1331
82.3230743	6	1332
79.4858932	6	1333
76.8101215	6	1334
77.5816440	6	1335
83.5316181	6	1336
81.9151401	6	1337
82.4277400	6	1338
77.2311687	6	1339
77.2583484	6	1340
79.1797637	6	1341
82.5679302	6	1342
79.2729854	6	1343
80.3523063	6	1344
78.3057212	6	1345
83.6570262	6	1346
82.2103023	6	1347
83.2099914	6	1348
76.6909122	6	1349
77.0893096	6	1350
79.5400142	6	1351
84.7160816	6	1352
86.9212150	6	1353
79.6251296	6	1354
77.7366161	6	1355
82.7624797	6	1356
81.4254283	6	1357
82.2975635	6	1358
76.5812397	6	1359
77.0099163	6	1360
80.6374549	6	1361
77.8512954	6	1363
79.8730850	6	1364
95.2382087	6	1362
83.9471817	6	1365
83.5359096	6	1366
84.3544006	6	1367
84.8131179	6	1368
77.3680210	6	1369
77.1121978	6	1370
81.6113948	6	1371
77.8841972	6	1373
95.2563285	6	1372
79.3292522	6	1374
82.9782485	6	1375
82.4484825	6	1376
85.0524902	6	1377
84.2924118	6	1378
77.3518085	6	1379
76.6997337	6	1380
81.2246799	6	1381
77.5930881	6	1383
94.3922996	6	1382
79.5469284	6	1384
83.7674140	6	1385
82.6373100	6	1386
85.7422351	6	1387
87.5926017	6	1388
76.9429206	6	1390
85.2279663	6	1389
84.1248035	6	1391
77.7711868	6	1393
93.8887596	6	1392
84.2118263	6	1394
83.4732055	6	1395
82.0605754	6	1396
86.7879390	6	1397
80.2185535	6	1399
87.8739356	6	1398
76.9643783	6	1400
88.1237983	6	1401
91.4182662	6	1402
86.3420963	6	1403
84.1178894	6	1404
83.6219787	6	1405
81.3069343	6	1406
77.9230594	6	1408
92.4870967	6	1407
80.5969238	6	1409
76.8322944	6	1410
80.4185867	6	1412
90.1458263	6	1411
77.1780014	6	1414
90.9583568	6	1413
83.0776691	6	1415
81.1984539	6	1416
77.4514675	6	1418
91.7649269	6	1417
80.8444023	6	1419
77.2225856	6	1420
88.4842872	6	1421
81.3930034	6	1422
84.8219394	6	1423
83.1432342	6	1424
81.2687873	6	1425
81.2156200	6	1426
84.1186046	6	1427
82.8776359	6	1428
80.1517963	6	1429
76.6463279	6	1430
80.5654525	6	1432
89.6551609	6	1431
116.231203	6	1433
109.866142	6	1434
92.7631855	6	1438
80.0001621	6	1440
107.785940	6	1437
80.7960033	6	1441
82.0574760	6	1442
106.830835	6	1439
141.581773	6	1435
134.628295	6	1436
79.1275501	6	1444
85.3302478	6	1447
122.520923	6	1443
117.868900	6	1445
95.2985286	6	1448
101.133823	6	1449
93.7144756	6	1450
78.8571834	6	1454
102.706432	6	1451
143.484830	6	1446
92.2899246	6	1453
94.1517353	6	1455
123.608112	6	1452
97.9819297	6	1456
91.3403034	6	1457
93.3120250	6	1458
89.4026756	6	1460
108.098983	6	1459
98.4568595	6	1461
95.5252647	6	1462
97.9468822	6	1463
96.5104103	6	1464
92.9679870	6	1465
80.1236629	6	1467
92.4351215	6	1466
88.9041423	6	1468
84.2788219	6	1484
82.9627513	6	1485
85.3261947	6	1486
84.3887329	6	1487
230.788946	16	1469
84.2075347	6	1488
228.614568	16	1470
88.9129638	6	1489
228.984832	16	1471
88.0901813	6	1490
228.989601	16	1472
83.8253498	6	1491
230.130195	16	1473
84.0787887	6	1492
87.1462821	6	1493
229.996442	16	1475
82.9267501	6	1494
228.555917	16	1476
81.2799930	6	1495
81.9492340	6	1496
230.861425	16	1477
228.420019	16	1478
81.6056728	6	1497
79.8416137	6	1498
268.302202	16	1474
229.663372	16	1480
85.6873989	6	1499
228.768110	16	1481
84.5272541	6	1500
228.895425	16	1482
80.0282955	6	1501
79.0107250	6	1502
230.504989	16	1483
82.2172164	6	1503
273.054361	16	1479
77.3873329	6	1504
77.3239135	6	1505
77.4071216	6	1506
77.0609378	6	1507
77.4567127	6	1508
81.7155838	6	1509
79.9190998	6	1510
76.9603252	6	1511
77.1691799	6	1512
78.9752006	6	1513
76.4398574	6	1514
77.0008563	6	1515
77.5196552	6	1516
76.9143104	6	1517
77.2161483	6	1518
78.1469345	6	1519
77.0795345	6	1520
76.3957500	6	1521
81.4349651	6	1522
76.9040584	6	1523
76.8435001	6	1524
76.7252445	6	1525
76.7633914	6	1526
76.4770507	6	1527
76.8327713	6	1528
76.7195224	6	1529
76.5433311	6	1530
76.8516063	6	1531
80.1031589	6	1532
76.6229629	6	1533
77.2974491	6	1534
78.4389972	6	1535
76.3499736	6	1536
76.8079757	6	1537
77.4390697	6	1538
76.9052505	6	1539
76.8949985	6	1540
76.6365528	6	1541
80.3563594	6	1542
76.6355991	6	1543
77.2178173	6	1544
78.5140991	6	1545
77.0864486	6	1546
77.1481990	6	1547
76.8001079	6	1548
79.1318416	6	1549
77.2099494	6	1550
78.0465602	6	1551
79.6310901	6	1552
77.0053863	6	1553
78.1571865	6	1554
77.9516696	6	1555
77.8307914	6	1556
76.8048763	6	1557
76.2457847	6	1558
80.1930427	6	1559
76.8527984	6	1560
77.2447586	6	1561
79.9310207	6	1562
77.6240825	6	1563
78.0122280	6	1564
77.7075290	6	1565
78.2184600	6	1566
76.4002799	6	1567
76.7960548	6	1568
81.1467170	6	1569
79.2915821	6	1570
78.2630443	6	1571
80.6639194	6	1572
87.8067016	6	1573
80.5315971	6	1574
78.0773162	6	1575
78.2158374	6	1576
77.6317119	6	1577
78.3350467	6	1578
82.7355384	6	1579
78.4094333	6	1580
78.6120891	6	1581
80.1019668	6	1582
87.7494812	6	1583
80.4667472	6	1584
78.9594650	6	1585
78.0134201	6	1586
77.5847434	6	1587
78.2301425	6	1588
84.4297409	6	1589
78.5648822	6	1590
78.8581371	6	1591
80.2354812	6	1592
80.3074836	6	1594
80.2915096	6	1595
96.6730117	6	1593
79.7579288	6	1596
76.4987468	6	1597
78.8338184	6	1598
85.0880146	6	1599
78.8252353	6	1600
78.8354873	6	1601
80.5208683	6	1602
80.0817012	6	1604
96.5547561	6	1603
82.3020935	6	1605
80.7464122	6	1606
77.2397518	6	1607
78.1843662	6	1608
86.5597724	6	1609
79.1587829	6	1610
79.5018672	6	1611
82.6978683	6	1612
79.7877311	6	1614
80.9061527	6	1615
98.4528064	6	1613
80.7397365	6	1616
76.2164592	6	1617
78.0656337	6	1618
85.5669975	6	1619
80.0011157	6	1620
83.2629203	6	1621
82.3588371	6	1622
79.7085762	6	1624
94.2711830	6	1623
80.7127952	6	1625
83.8403701	6	1626
79.6213150	6	1627
78.7930488	6	1628
78.1877040	6	1630
84.8562717	6	1631
116.590976	6	1629
99.7140407	6	1632
94.2649841	6	1633
77.9137611	6	1637
101.906538	6	1635
81.0854434	6	1638
114.531278	6	1634
78.8202285	6	1639
108.266115	6	1636
79.6911716	6	1641
87.1281623	6	1643
113.038301	6	1640
97.8941917	6	1642
89.0626907	6	1644
91.1159515	6	1645
87.1350765	6	1647
99.1923809	6	1646
90.7716751	6	1648
83.8425159	6	1649
102.390050	6	1650
95.4887866	6	1651
89.3437862	6	1652
89.5783901	6	1653
85.9396457	6	1654
88.9592170	6	1656
101.187229	6	1655
78.1612396	6	1658
89.2739295	6	1657
106.093883	6	1659
98.2608795	6	1660
84.1381549	6	1662
79.1885852	6	1663
96.9715118	6	1661
83.4197998	6	1665
98.4649658	6	1664
80.9965133	6	1667
102.669477	6	1666
90.8668041	6	1668
88.4699821	6	1670
99.8940467	6	1669
86.7497920	6	1671
82.9064846	6	1672
85.2599143	6	1673
90.8498764	6	1675
100.432872	6	1674
80.6651115	6	1677
79.9670219	6	1679
110.844135	6	1676
85.5476856	6	1681
112.032175	6	1678
97.9490280	6	1680
82.6301574	6	1682
88.5899066	6	1683
87.5253677	6	1684
91.3357734	6	1685
79.3437957	6	1687
97.8305339	6	1686
83.3048820	6	1689
98.5550880	6	1688
92.9594039	6	1690
78.9055824	6	1692
86.4763259	6	1691
87.8961086	6	1693
89.6096229	6	1694
89.6618366	6	1695
79.5547962	6	1697
91.7694568	6	1696
81.1500549	6	1699
96.6780185	6	1698
83.5738182	6	1701
97.2547531	6	1700
82.8869342	6	1702
86.3699913	6	1703
81.1886787	6	1705
98.1068611	6	1704
82.6585292	6	1707
92.3540592	6	1706
86.8330001	6	1708
79.8878669	6	1710
83.1768512	6	1711
100.061178	6	1709
81.1753273	6	1712
85.7579708	6	1713
81.1786651	6	1715
82.4360847	6	1716
97.7704524	6	1714
88.9885425	6	1717
78.5059928	6	1719
94.7885513	6	1718
90.5971527	6	1720
84.5847129	6	1721
77.7292251	6	1724
94.6691036	6	1722
81.2165737	6	1725
99.9896526	6	1723
85.6034755	6	1726
89.6542072	6	1727
80.0304412	6	1729
78.0694484	6	1730
97.9735851	6	1728
85.4606628	6	1731
92.2863483	6	1732
86.6534709	6	1733
79.5974731	6	1735
91.2261009	6	1734
84.6164226	6	1736
78.0808925	6	1739
96.0028171	6	1737
76.8899917	6	1740
96.2212085	6	1738
84.0084552	6	1741
82.0631980	6	1743
92.5488471	6	1742
78.8118839	6	1745
89.8251533	6	1744
91.3410186	6	1746
90.0926589	6	1747
85.5085849	6	1748
82.0283889	6	1749
79.8170566	6	1750
82.3943614	6	1751
88.7179374	6	1752
84.2385292	6	1775
231.600046	16	1757
85.2353572	6	1776
84.0713977	6	1777
230.416297	16	1760
87.1503353	6	1778
272.212028	16	1755
85.7789516	6	1779
247.579097	16	1759
86.7846012	6	1780
279.139518	16	1756
84.7632884	6	1781
230.701446	16	1763
86.9510173	6	1782
86.5230560	6	1783
84.2893123	6	1784
80.2094936	6	1785
272.613286	16	1761
248.927116	16	1764
234.042167	16	1766
79.5812606	6	1786
304.792404	16	1758
236.000061	16	1767
78.0687332	6	1787
79.9362659	6	1788
290.939092	16	1762
248.637676	16	1768
79.5032978	6	1789
79.2908668	6	1790
256.989955	16	1769
77.7375698	6	1791
300.052881	16	1765
81.1150074	6	1792
79.9784660	6	1793
76.7869949	6	1794
79.2593955	6	1795
77.1434307	6	1796
77.6712894	6	1797
77.5928497	6	1798
308.270215	16	1770
295.562744	16	1772
77.5084495	6	1799
77.7325630	6	1800
314.806222	16	1771
78.5419940	6	1801
79.2741775	6	1802
77.2407054	6	1803
482.586622	16	1753
77.7819156	6	1804
76.9462585	6	1805
77.7306556	6	1806
347.546100	16	1773
76.5469074	6	1807
500.053882	16	1754
77.2550106	6	1808
76.8382549	6	1809
364.596366	16	1774
76.7633914	6	1810
78.7746906	6	1811
82.3683738	6	1812
76.7617225	6	1813
77.6243209	6	1814
76.6592025	6	1815
77.1241188	6	1816
76.7431259	6	1817
76.6410827	6	1818
77.3694515	6	1819
76.7538547	6	1820
78.0472755	6	1821
82.5483798	6	1822
77.3530006	6	1823
77.7354240	6	1824
76.4095783	6	1825
76.7769813	6	1826
77.4223804	6	1827
77.3327350	6	1828
77.4228572	6	1829
77.5659084	6	1830
76.7264366	6	1831
81.9771289	6	1832
76.6048431	6	1833
77.1360397	6	1834
76.8458843	6	1835
77.8126716	6	1836
76.8327713	6	1837
77.3835182	6	1838
76.7834186	6	1839
76.9999027	6	1840
78.2780647	6	1841
83.3146572	6	1842
76.6916275	6	1843
76.9410133	6	1844
77.0339965	6	1845
76.9517421	6	1846
76.5728950	6	1847
77.1434307	6	1848
77.3155689	6	1849
77.1176815	6	1850
77.7752399	6	1851
83.7166309	6	1852
77.8062343	6	1853
76.8191814	6	1854
77.1389007	6	1855
76.8444538	6	1856
76.5693187	6	1857
77.8727531	6	1858
77.7297019	6	1859
77.6090621	6	1860
77.9144763	6	1861
85.3793621	6	1862
80.3768634	6	1863
77.3088932	6	1864
77.5465965	6	1865
76.7343044	6	1866
76.9417285	6	1867
78.5326957	6	1868
77.5673389	6	1869
77.7003765	6	1870
85.3390693	6	1871
80.4772377	6	1873
88.4225368	6	1872
77.8906345	6	1874
77.7392387	6	1875
76.4594078	6	1876
83.2595825	6	1877
79.2238712	6	1878
77.7578353	6	1879
77.6522159	6	1880
91.0875797	6	1881
84.1338634	6	1882
85.1671695	6	1883
77.9123306	6	1884
78.7971019	6	1885
76.7579078	6	1886
82.7941894	6	1887
82.9896926	6	1888
77.5516033	6	1889
79.2016983	6	1890
83.4698677	6	1892
91.2771224	6	1891
78.2077312	6	1894
88.5982513	6	1893
78.3202648	6	1895
77.9066085	6	1896
82.6201438	6	1897
82.1292400	6	1898
76.7498016	6	1899
76.9259929	6	1900
88.9575481	6	1901
81.8588733	6	1902
84.4521522	6	1903
80.2309513	6	1904
77.6228904	6	1905
86.5309238	6	1906
80.9185504	6	1907
82.3557376	6	1908
76.9457817	6	1909
77.2821903	6	1910
89.2255306	6	1911
82.3762416	6	1912
83.6091041	6	1913
81.0525417	6	1914
77.3675441	6	1915
78.5169601	6	1917
87.5885486	6	1916
80.9659957	6	1918
77.1551132	6	1919
77.2814750	6	1920
87.9027843	6	1921
81.1512470	6	1922
83.0135345	6	1923
83.1892490	6	1924
77.4271488	6	1925
86.5569114	6	1926
79.9367427	6	1927
80.1589488	6	1928
79.4250965	6	1929
76.6654014	6	1930
86.8129730	6	1931
79.8821449	6	1932
82.2100639	6	1933
80.8103084	6	1934
77.2433280	6	1935
84.2409133	6	1936
76.9920349	6	1937
77.1939754	6	1938
76.8511295	6	1939
78.4626007	6	1940
82.9584598	6	1941
76.9326686	6	1942
78.9778232	6	1943
83.2023620	6	1944
76.9321918	6	1945
82.7233791	6	1946
77.7592658	6	1947
77.6844024	6	1948
77.0633220	6	1949
76.3521194	6	1950
80.1875591	6	1951
76.4369964	6	1952
76.8363475	6	1953
80.5225372	6	1954
76.5967369	6	1955
79.5044898	6	1956
77.2807598	6	1957
76.5588283	6	1958
77.1589279	6	1959
76.3058662	6	1960
78.9787769	6	1961
77.6164531	6	1962
77.0027637	6	1963
81.8524360	6	1964
77.5046348	6	1965
79.1063308	6	1966
78.2029628	6	1967
76.9841670	6	1968
76.9631862	6	1969
76.6506195	6	1970
77.8307914	6	1971
76.8678188	6	1972
77.2480964	6	1973
81.4232826	6	1974
77.2435665	6	1975
76.4987468	6	1976
76.6642093	6	1977
77.0220756	6	1978
76.8649578	6	1979
76.7941474	6	1980
77.8925418	6	1981
76.5635967	6	1982
77.0995616	6	1983
81.1331272	6	1984
77.1458148	6	1985
77.1176815	6	1986
77.8465270	6	1987
80.2633762	6	1988
77.2030353	6	1989
76.9238471	6	1990
76.9567489	6	1991
76.5020847	6	1992
77.3315429	6	1993
85.5436325	6	1994
78.0763626	6	1995
77.2099494	6	1996
78.7615776	6	1997
80.7118415	6	1998
77.9778957	6	1999
77.2447586	6	2000
77.9840946	6	2001
77.0928859	6	2002
83.9042663	6	2003
86.1055850	6	2004
78.0973434	6	2005
76.8005847	6	2006
78.7220001	6	2007
79.4587135	6	2008
78.9268016	6	2009
77.6085853	6	2010
77.2116184	6	2011
82.3814868	6	2012
83.7128162	6	2013
81.0787677	6	2015
90.9457206	6	2014
77.6069164	6	2016
86.0791206	6	2017
80.9123516	6	2018
79.7462463	6	2019
85.3617191	6	2020
78.6380767	6	2021
82.6318264	6	2022
84.8193168	6	2023
90.4633998	6	2024
78.5179138	6	2026
86.5964889	6	2025
79.3724060	6	2028
89.6086692	6	2027
79.9620151	6	2029
85.9410762	6	2030
78.4595012	6	2031
82.8788280	6	2032
88.3755683	6	2033
111.003875	6	2035
80.4898738	6	2039
103.655099	6	2036
118.765115	6	2034
95.7102775	6	2037
88.3126258	6	2038
85.6111049	6	2040
78.1514644	6	2041
82.0965766	6	2042
87.5892639	6	2043
90.4448032	6	2044
113.039016	6	2045
82.2675228	6	2046
82.7891826	6	2064
87.4185562	6	2065
229.902744	16	2048
85.5450630	6	2066
84.0375423	6	2067
83.8253498	6	2068
88.5453224	6	2069
231.653213	16	2052
273.967027	16	2047
89.7235870	6	2070
231.565713	16	2053
88.0091190	6	2071
230.603218	16	2054
88.7844562	6	2072
80.1105499	6	2073
281.776666	16	2050
86.8167877	6	2074
294.795513	16	2049
279.999494	16	2051
81.9180011	6	2075
232.501506	16	2058
81.1326503	6	2076
232.421159	16	2060
240.222454	16	2059
81.4979076	6	2077
276.333332	16	2055
275.523662	16	2056
83.4043025	6	2078
274.462699	16	2057
79.4417858	6	2079
238.274574	16	2062
78.0665874	6	2080
80.0805091	6	2081
275.476694	16	2061
87.0265960	6	2082
81.3038349	6	2083
78.0103206	6	2084
78.0665874	6	2085
85.7660770	6	2086
86.2071514	6	2087
78.9194107	6	2088
78.6182880	6	2089
77.5456428	6	2090
329.514265	16	2063
84.8858356	6	2091
80.2249908	6	2092
79.5052051	6	2093
77.6145458	6	2094
81.7770957	6	2095
77.6703357	6	2096
82.0631980	6	2097
79.2586803	6	2098
81.4867019	6	2099
79.1130065	6	2100
78.1178474	6	2101
77.3758888	6	2102
78.1319141	6	2103
81.4185142	6	2104
79.9844264	6	2105
82.8044414	6	2106
79.8072814	6	2107
80.7802677	6	2108
80.1022052	6	2109
80.0101757	6	2110
80.2888870	6	2111
83.1470489	6	2112
80.6798934	6	2113
79.4620513	6	2114
82.7939510	6	2115
80.5077552	6	2116
81.3102722	6	2117
80.1403522	6	2118
81.3469886	6	2119
81.4650058	6	2120
83.2085609	6	2121
78.9215564	6	2122
77.6929855	6	2123
82.4272632	6	2124
79.6196460	6	2125
80.4433822	6	2126
80.2938938	6	2127
81.1865329	6	2128
79.6685218	6	2129
79.6575546	6	2130
78.0060291	6	2131
79.2191028	6	2132
81.2165737	6	2133
79.4804096	6	2134
80.1248550	6	2135
79.9529552	6	2136
78.8609981	6	2137
81.6655158	6	2138
81.4261436	6	2139
81.8240642	6	2140
82.0195674	6	2141
81.4795494	6	2142
79.0205001	6	2143
79.6806812	6	2144
79.8189640	6	2145
79.5974731	6	2146
79.1516304	6	2147
77.6643753	6	2148
77.7311325	6	2149
78.2954692	6	2150
77.4476528	6	2151
79.9367427	6	2152
78.6619186	6	2153
82.6804637	6	2154
80.6894302	6	2155
80.3873538	6	2156
80.4080963	6	2157
81.7146301	6	2158
79.5886516	6	2159
78.8671970	6	2160
80.3396701	6	2161
79.9605846	6	2162
80.1510810	6	2163
79.7398090	6	2164
80.2526473	6	2165
80.5549621	6	2166
79.9696445	6	2167
79.6124935	6	2168
78.1393051	6	2169
77.9230594	6	2170
77.6054859	6	2171
77.9788494	6	2172
78.2406330	6	2173
77.3999691	6	2174
78.8335800	6	2175
79.3852806	6	2176
79.5235633	6	2177
79.9798965	6	2178
79.4060230	6	2179
78.8509845	6	2180
78.1149864	6	2181
78.6461830	6	2182
78.2930850	6	2183
76.8706798	6	2184
78.8340568	6	2185
78.8962841	6	2186
83.6572647	6	2187
79.4799327	6	2188
77.7158737	6	2189
77.0111083	6	2190
76.6706466	6	2191
76.5395164	6	2192
76.9429206	6	2193
77.0654678	6	2194
77.0885944	6	2195
77.5046348	6	2196
82.2463035	6	2197
77.9564380	6	2198
76.5094757	6	2199
76.8909454	6	2200
77.2244930	6	2201
77.0664215	6	2202
77.4266719	6	2203
76.7576694	6	2204
76.9774913	6	2205
76.8101215	6	2206
85.2200984	6	2207
78.7856578	6	2208
76.8363475	6	2209
76.6341686	6	2210
77.7840614	6	2211
76.9062042	6	2212
76.9696235	6	2214
86.5721702	6	2213
78.3181190	6	2215
78.5920619	6	2216
79.6151161	6	2218
88.4582996	6	2217
77.9452323	6	2219
77.5537490	6	2220
78.5367488	6	2221
88.1621837	6	2222
84.5961570	6	2223
79.8716545	6	2224
79.4222354	6	2225
78.1650543	6	2226
77.7120590	6	2228
87.0141983	6	2227
76.8723487	6	2229
76.7292976	6	2230
76.5924453	6	2231
77.1298408	6	2233
89.9050235	6	2232
77.0089626	6	2234
77.4204730	6	2235
76.8167972	6	2236
83.2433700	6	2237
77.1322250	6	2238
76.5221118	6	2239
76.8072605	6	2240
76.3180255	6	2241
84.3768119	6	2242
81.1645984	6	2243
77.6414871	6	2244
81.8619728	6	2245
76.9853591	6	2246
84.0895175	6	2247
78.2790184	6	2248
77.0807266	6	2249
76.7958164	6	2250
86.7154598	6	2251
84.2545032	6	2252
80.6837081	6	2253
77.5816440	6	2254
80.3694725	6	2255
76.6153335	6	2256
83.2824707	6	2257
83.8246345	6	2258
77.0921707	6	2259
77.2714614	6	2260
81.7098617	6	2262
91.7079448	6	2261
81.5618038	6	2263
77.3720741	6	2264
80.7499885	6	2265
77.9628753	6	2266
83.8029384	6	2267
84.2797756	6	2268
78.4866809	6	2269
79.9014568	6	2270
83.5874080	6	2272
95.6165790	6	2271
76.9281387	6	2274
85.8857631	6	2273
82.9234123	6	2275
83.9085578	6	2276
83.4152698	6	2277
83.4417343	6	2278
77.6033401	6	2279
84.3708515	6	2280
87.7358913	6	2281
80.4843902	6	2283
88.1400108	6	2282
88.1118774	6	2284
83.6417675	6	2285
84.6674442	6	2286
84.5754146	6	2287
83.5070610	6	2288
77.6884555	6	2289
84.9699974	6	2290
88.5658264	6	2291
80.2340507	6	2293
91.9921398	6	2292
87.8686904	6	2294
82.8723907	6	2295
83.7569236	6	2296
83.7697982	6	2297
77.7814388	6	2299
98.0272293	6	2298
76.6134262	6	2301
92.7889347	6	2300
81.0093879	6	2302
80.1999568	6	2303
80.2597999	6	2305
90.2955532	6	2304
83.2626819	6	2306
82.4415683	6	2307
90.1775360	6	2308
80.7158946	6	2310
91.0542011	6	2309
86.3988399	6	2311
79.7750949	6	2312
79.3275833	6	2313
81.1061859	6	2315
93.6920642	6	2314
81.8707942	6	2316
83.2848548	6	2317
80.7299613	6	2319
92.3278331	6	2318
80.4297924	6	2320
80.4104804	6	2322
89.0800952	6	2321
82.3371410	6	2323
88.1991386	6	2324
88.0913734	6	2325
82.3376178	6	2326
77.0576000	6	2328
94.7852134	6	2327
83.1444263	6	2329
79.3225765	6	2330
86.9693756	6	2331
80.3725719	6	2332
81.9113254	6	2333
87.6464843	6	2334
88.2055759	6	2335
80.8258056	6	2336
84.9370956	6	2337
86.6854190	6	2338
82.9350948	6	2339
78.6094665	6	2340
85.6244564	6	2341
81.4771652	6	2342
80.4345607	6	2343
88.4051322	6	2344
78.9523124	6	2346
88.5972976	6	2345
83.2099914	6	2347
84.2764377	6	2348
80.5766582	6	2349
77.9702663	6	2350
78.8335800	6	2352
89.8571014	6	2351
87.0258808	6	2353
87.2323513	6	2354
79.8366069	6	2355
79.4863700	6	2356
82.0946693	6	2357
82.9827785	6	2358
79.9300670	6	2359
76.9014358	6	2360
77.5439739	6	2362
88.6890888	6	2361
84.9862098	6	2363
83.8239192	6	2364
78.2792568	6	2365
79.7090530	6	2366
81.6130638	6	2367
83.5039615	6	2368
79.7090530	6	2369
84.5019817	6	2370
78.3722400	6	2372
93.6284065	6	2371
77.9654979	6	2374
90.4684066	6	2373
81.5477371	6	2375
79.2291164	6	2376
81.5811157	6	2377
82.8194618	6	2378
81.0127258	6	2379
84.5417976	6	2380
86.2283706	6	2381
85.8125686	6	2382
84.6879482	6	2383
81.1836719	6	2384
81.3870429	6	2385
79.9007415	6	2386
80.5828571	6	2387
82.0534229	6	2388
78.8416862	6	2389
82.4689865	6	2390
84.9473476	6	2391
83.0717086	6	2392
83.0523967	6	2393
79.1895389	6	2394
79.1954994	6	2395
78.9399147	6	2396
79.5087814	6	2397
79.6911716	6	2398
83.9061737	6	2399
81.5627574	6	2400
84.0721130	6	2401
82.5266838	6	2402
82.7875137	6	2403
79.4751644	6	2404
79.7934532	6	2405
82.8170776	6	2406
82.5669765	6	2407
80.6558132	6	2408
84.6242904	6	2409
82.2620391	6	2410
77.9991149	6	2412
77.4168968	6	2413
98.2847213	6	2411
80.2080631	6	2414
81.2692642	6	2415
84.1848850	6	2416
83.8289260	6	2417
81.3353061	6	2418
88.7267589	6	2419
82.7355384	6	2420
79.4317722	6	2422
98.2646942	6	2421
83.6319923	6	2423
80.0077915	6	2424
80.8932781	6	2425
83.2502841	6	2426
84.0973854	6	2427
81.3326835	6	2428
89.7886753	6	2429
82.5154781	6	2430
85.7446193	6	2431
82.6027393	6	2433
90.1751518	6	2432
232.040643	16	2438
85.0687026	6	2457
86.3909721	6	2458
86.9083404	6	2459
229.465246	16	2441
85.2169990	6	2460
232.340097	16	2442
86.3728523	6	2461
86.5161418	6	2462
276.001214	16	2439
230.069398	16	2445
86.9414806	6	2463
293.920755	16	2437
243.337392	16	2444
84.7983360	6	2464
85.8428478	6	2465
85.7312679	6	2466
78.6259174	6	2467
293.266773	16	2440
81.1221599	6	2468
82.1871757	6	2469
244.939088	16	2449
81.4802646	6	2470
274.655342	16	2446
299.547195	16	2443
269.923448	16	2447
79.6685218	6	2471
79.4982910	6	2472
275.547027	16	2448
79.7929763	6	2473
78.6855220	6	2474
79.3988704	6	2475
80.4502964	6	2476
77.6813030	6	2477
283.214092	16	2452
78.6516666	6	2478
312.670946	16	2450
78.2113075	6	2479
308.115959	16	2451
79.0259838	6	2480
300.288438	16	2453
77.7332782	6	2481
78.6833763	6	2482
78.0193805	6	2483
467.951536	16	2435
78.6931514	6	2484
479.082107	16	2434
78.2334804	6	2485
475.708246	16	2436
78.1054496	6	2486
334.891080	16	2455
78.0050754	6	2487
346.363782	16	2454
76.7321586	6	2488
77.4114131	6	2489
77.7633190	6	2490
77.3031711	6	2491
78.4487724	6	2492
370.960235	16	2456
78.1757831	6	2493
77.8267383	6	2494
77.8155326	6	2495
78.4027576	6	2496
77.1684646	6	2497
77.5768756	6	2498
77.2638320	6	2499
77.0747661	6	2500
76.6673088	6	2501
77.7764320	6	2502
78.3717632	6	2503
77.3603916	6	2504
77.6262283	6	2505
77.1043300	6	2506
76.9460201	6	2507
77.1148204	6	2508
76.9321918	6	2509
76.8902301	6	2510
76.7705440	6	2511
77.1729946	6	2512
78.0456066	6	2513
76.5197277	6	2514
77.8939723	6	2515
77.7664184	6	2516
77.2745609	6	2517
77.7854919	6	2518
76.5986442	6	2519
76.7219066	6	2520
77.1777629	6	2521
81.4003944	6	2522
78.0475139	6	2523
76.6305923	6	2524
78.0532360	6	2525
77.5756835	6	2526
77.0509243	6	2527
77.9116153	6	2528
76.9672393	6	2529
76.5457153	6	2530
77.0080089	6	2531
83.0750465	6	2532
77.3823261	6	2533
77.2054195	6	2534
77.5480270	6	2535
83.5220813	6	2536
76.9467353	6	2537
77.3036479	6	2538
76.9665241	6	2539
83.5807323	6	2540
77.4090290	6	2541
78.0801773	6	2543
86.1628055	6	2542
78.5019397	6	2544
77.6655673	6	2545
83.1003189	6	2546
76.3022899	6	2547
77.2407054	6	2548
76.6978263	6	2549
81.5985202	6	2550
77.3634910	6	2551
84.1109752	6	2552
77.1765708	6	2553
77.3918628	6	2554
78.0048370	6	2555
82.1113586	6	2556
76.2715339	6	2557
77.4865150	6	2558
77.4686336	6	2559
80.8310508	6	2560
76.4281749	6	2561
83.2295417	6	2562
81.2780857	6	2563
76.7457485	6	2564
77.2981643	6	2565
80.8565616	6	2566
77.0881175	6	2567
76.9760608	6	2568
80.2474021	6	2570
88.4537696	6	2569
76.5564441	6	2571
83.1990242	6	2572
83.2464694	6	2573
77.0268440	6	2574
87.8381729	6	2575
81.8221569	6	2576
82.4866294	6	2577
82.8266143	6	2578
88.4556770	6	2579
80.9009075	6	2580
78.0148506	6	2581
83.9807987	6	2582
86.5373611	6	2583
81.1693668	6	2584
88.7098312	6	2585
82.0448398	6	2586
82.0057392	6	2587
83.5082530	6	2588
87.8040790	6	2589
81.7275047	6	2590
83.9867591	6	2591
83.6448669	6	2592
87.9232883	6	2593
81.0286998	6	2594
88.1180763	6	2595
81.0546875	6	2596
82.4282169	6	2597
83.1954479	6	2598
80.6035995	6	2600
89.3850326	6	2599
83.7423801	6	2601
83.6374759	6	2602
80.3706645	6	2604
89.0188217	6	2603
82.1039676	6	2606
90.1637077	6	2605
82.2720527	6	2607
83.6005210	6	2608
80.1064968	6	2610
89.1218185	6	2609
83.6057662	6	2611
83.8937759	6	2612
80.3816318	6	2614
92.4220085	6	2613
90.2292728	6	2615
83.6074352	6	2616
82.4692249	6	2617
84.2459201	6	2618
89.0457630	6	2619
82.3736190	6	2620
83.6648941	6	2621
83.9083194	6	2622
87.8262519	6	2623
86.1418247	6	2624
82.0760726	6	2626
90.1618003	6	2625
85.8225822	6	2627
87.5856876	6	2628
81.0081958	6	2630
88.8311862	6	2629
84.5375061	6	2631
83.8222503	6	2632
86.5972042	6	2633
85.7803821	6	2634
81.3355445	6	2636
90.9824371	6	2635
85.9391689	6	2637
87.9957675	6	2638
81.5436840	6	2640
78.0818462	6	2641
100.064516	6	2639
84.1474533	6	2642
86.8029594	6	2643
88.8962745	6	2644
82.0953845	6	2646
91.4216041	6	2645
86.1556529	6	2647
80.3022384	6	2649
95.9465503	6	2648
84.6464633	6	2650
83.4245681	6	2651
83.4462642	6	2652
95.5178737	6	2653
84.6843719	6	2655
96.5695381	6	2654
80.2347660	6	2656
76.4894485	6	2658
94.9242115	6	2657
86.5194797	6	2659
83.8692188	6	2660
82.6506614	6	2661
88.7398719	6	2662
86.7488384	6	2664
95.8728790	6	2663
83.9824676	6	2665
80.4336071	6	2666
89.2009735	6	2667
78.5186290	6	2669
94.2730903	6	2668
79.1594982	6	2670
85.1879119	6	2671
81.2466144	6	2673
99.7030735	6	2672
87.5740051	6	2674
87.0654582	6	2675
79.9448490	6	2676
87.6305103	6	2677
78.5217285	6	2679
93.6636924	6	2678
78.7639617	6	2680
84.8827362	6	2681
88.2194042	6	2682
86.5728855	6	2684
95.3152179	6	2683
87.1031284	6	2685
80.0333023	6	2686
89.3609523	6	2687
87.5806808	6	2688
86.9402885	6	2689
91.2649631	6	2690
78.0386924	6	2692
80.9042453	6	2693
98.8924503	6	2691
86.8985652	6	2694
80.9485912	6	2696
98.8988876	6	2695
81.1202526	6	2698
91.5899276	6	2697
78.2413482	6	2699
83.3387374	6	2701
91.4297103	6	2700
80.5950164	6	2703
90.9612178	6	2702
81.3589096	6	2705
96.2398052	6	2704
83.6825370	6	2707
81.7177295	6	2708
98.1009006	6	2706
79.2841911	6	2709
91.3221836	6	2710
84.4786167	6	2711
80.1370143	6	2713
89.9155139	6	2712
89.6186828	6	2714
83.1723213	6	2716
95.3099727	6	2715
88.5910987	6	2717
82.9243659	6	2718
78.1450271	6	2719
82.4718475	6	2721
91.1061763	6	2720
79.3275833	6	2723
90.1033878	6	2722
90.0409221	6	2724
92.0345783	6	2725
79.3707370	6	2727
95.3693389	6	2726
81.5587043	6	2728
77.1403312	6	2729
89.8504257	6	2730
82.8926563	6	2731
77.9566764	6	2733
93.0407047	6	2732
82.8504562	6	2735
98.8874435	6	2734
87.0089530	6	2736
87.1474742	6	2737
231.050491	16	2738
83.2955837	6	2758
230.895757	16	2740
84.0229988	6	2759
228.463172	16	2741
83.1391811	6	2760
228.999614	16	2742
86.1957073	6	2761
83.7907791	6	2762
84.0919017	6	2763
86.7328643	6	2764
229.237318	16	2746
83.4276676	6	2765
83.6105346	6	2766
273.180723	16	2743
84.2874050	6	2767
77.7921676	6	2768
228.860378	16	2749
78.0987739	6	2769
231.506347	16	2750
277.869224	16	2744
77.9452323	6	2770
233.379602	16	2751
80.9204578	6	2771
273.741245	16	2747
77.0041942	6	2772
339.242935	16	2739
242.935419	16	2752
237.920284	16	2753
78.6795616	6	2773
282.413482	16	2748
81.6218852	6	2774
80.1453590	6	2775
78.8304805	6	2776
79.6880722	6	2777
340.273141	16	2745
78.1147480	6	2778
77.8956413	6	2779
78.4931182	6	2780
76.8506526	6	2781
292.816400	16	2755
79.0503025	6	2782
284.540176	16	2757
77.3077011	6	2783
77.9719352	6	2784
76.7226219	6	2785
329.438924	16	2754
77.1031379	6	2786
78.3164501	6	2787
330.451488	16	2756
76.4963626	6	2788
76.9312381	6	2789
78.0830383	6	2790
76.8806934	6	2791
77.5070190	6	2792
77.6216983	6	2793
78.8218975	6	2794
77.6982307	6	2795
78.7460803	6	2796
77.6627063	6	2797
76.5500068	6	2798
77.0072937	6	2799
76.9312381	6	2800
76.8184661	6	2801
76.8668651	6	2802
76.5235424	6	2803
77.7041912	6	2804
77.7080059	6	2805
78.9289474	6	2806
77.6615142	6	2807
77.1765708	6	2808
76.8506526	6	2809
77.4006843	6	2810
76.9290924	6	2811
77.4726867	6	2812
79.0691375	6	2813
78.0370235	6	2814
78.0262947	6	2815
78.3903598	6	2816
77.0750045	6	2817
76.8911838	6	2818
76.7004489	6	2819
77.5663852	6	2820
78.3393383	6	2821
78.9468288	6	2822
79.5912742	6	2823
78.9277553	6	2824
79.4641971	6	2825
78.2082080	6	2827
87.2712135	6	2826
77.1963596	6	2828
76.5199661	6	2829
85.1054191	6	2830
78.9182186	6	2831
77.5187015	6	2832
79.5786380	6	2833
78.7181854	6	2834
80.1301002	6	2835
85.3891372	6	2836
79.6072483	6	2837
77.0976543	6	2839
85.7691764	6	2838
77.1589279	6	2841
86.5614414	6	2840
77.1007537	6	2842
79.9646377	6	2843
79.1759490	6	2844
80.4369449	6	2845
86.3933563	6	2846
80.3277492	6	2847
85.1747989	6	2848
78.0377388	6	2849
84.9225521	6	2850
78.4780979	6	2851
76.8828392	6	2852
79.5471668	6	2853
78.0634880	6	2854
79.3132781	6	2855
85.3674411	6	2856
80.2896022	6	2857
77.0025253	6	2859
84.7928524	6	2858
84.7144126	6	2860
77.1384239	6	2861
76.5390396	6	2862
79.5841217	6	2863
78.3507823	6	2864
81.3109874	6	2865
84.2874050	6	2866
79.8201560	6	2867
83.1580162	6	2868
76.5888690	6	2869
76.9402980	6	2871
84.9890708	6	2870
76.9944190	6	2872
80.0557136	6	2873
79.2081356	6	2874
81.0091495	6	2875
84.2895507	6	2876
79.4048309	6	2877
84.0411186	6	2878
76.8778324	6	2879
77.6047706	6	2881
90.9857749	6	2880
77.5332450	6	2882
83.8866233	6	2883
79.4026851	6	2884
81.8529129	6	2885
84.2719078	6	2886
80.3585052	6	2887
83.5111141	6	2888
88.2797241	6	2889
84.2127799	6	2890
83.1725597	6	2891
76.7505168	6	2892
84.0218067	6	2893
83.8174819	6	2894
81.7146301	6	2895
83.7485790	6	2896
80.0070762	6	2897
82.5493335	6	2898
79.2276859	6	2900
77.1706104	6	2901
97.5055694	6	2899
77.0235061	6	2902
82.8318595	6	2903
82.5176239	6	2904
81.4206600	6	2905
82.6585292	6	2906
79.3545246	6	2907
81.5804004	6	2908
79.5452594	6	2910
77.8112411	6	2911
97.6650714	6	2909
81.0401439	6	2912
86.3988399	6	2913
84.9823951	6	2914
83.3778381	6	2915
83.7914943	6	2916
80.7001590	6	2917
82.2162628	6	2918
86.9832038	6	2919
90.1207923	6	2920
83.3234786	6	2921
80.4901123	6	2922
85.3433609	6	2923
83.8804244	6	2924
82.5643539	6	2925
82.1440219	6	2926
80.5187225	6	2927
80.6708335	6	2928
85.1333141	6	2929
90.2717113	6	2930
82.9601287	6	2931
80.9328556	6	2932
86.3292217	6	2933
84.5148563	6	2934
83.0771923	6	2935
82.9854011	6	2936
80.1870822	6	2937
80.5938243	6	2938
85.7665538	6	2939
82.2124481	6	2941
90.7411575	6	2940
79.5028209	6	2942
79.7231197	6	2944
91.0429954	6	2943
82.9756259	6	2945
80.6698799	6	2946
78.1543254	6	2947
79.5559883	6	2948
84.1999053	6	2949
87.0735645	6	2950
80.7621479	6	2951
78.0782699	6	2952
81.1400413	6	2954
89.4243717	6	2953
82.0782184	6	2955
80.3821086	6	2956
77.5361061	6	2957
78.9077281	6	2958
83.1143856	6	2959
87.5823497	6	2960
80.6751251	6	2961
77.7416229	6	2962
81.4378261	6	2964
90.4357433	6	2963
78.3033370	6	2966
87.8393650	6	2965
77.4025917	6	2967
77.9380798	6	2968
82.6539993	6	2969
86.9965553	6	2970
80.5459022	6	2971
80.8727741	6	2972
88.5860919	6	2973
81.3255310	6	2974
86.7798328	6	2975
80.9237957	6	2976
78.5243511	6	2977
78.3016681	6	2978
82.2625160	6	2979
86.7218971	6	2980
81.9509029	6	2981
84.5537185	6	2982
82.1743011	6	2984
92.1151638	6	2983
78.8340568	6	2986
88.5813236	6	2985
78.6750316	6	2987
77.7137279	6	2988
81.9551944	6	2989
86.6458415	6	2990
79.2992115	6	2991
85.7443809	6	2992
89.4699096	6	2993
84.0883255	6	2994
85.4489803	6	2995
80.1734924	6	2996
77.5661468	6	2997
77.7146816	6	2998
81.0508728	6	2999
77.4762630	6	3001
85.7212543	6	3000
76.7240524	6	3003
95.9084033	6	3002
83.6577415	6	3004
86.5302085	6	3005
80.9175968	6	3006
80.2094936	6	3007
78.8261890	6	3008
81.6195011	6	3009
85.6950283	6	3010
78.8183212	6	3011
77.4261951	6	3013
95.7057476	6	3012
82.9784870	6	3014
78.0501365	6	3016
87.5926017	6	3015
80.1103115	6	3017
79.3702602	6	3018
80.2907943	6	3019
84.8388671	6	3020
77.8324604	6	3021
82.9288959	6	3023
79.8521041	6	3024
98.6342430	6	3022
85.0276947	6	3025
85.6540203	6	3045
81.9716453	6	3046
85.9816074	6	3047
83.0335617	6	3048
85.8323574	6	3049
83.5800170	6	3050
276.547193	16	3026
84.6157073	6	3051
274.401426	16	3027
228.919506	16	3033
274.454593	16	3028
86.2431526	6	3052
228.876113	16	3034
228.134870	16	3035
84.8336219	6	3053
86.1852169	6	3054
80.7490348	6	3055
77.3816108	6	3056
230.576276	16	3037
276.973009	16	3031
296.053409	16	3029
335.875511	16	3030
106.536388	6	3059
290.517807	16	3036
275.331497	16	3038
83.7788581	6	3062
259.544849	16	3040
114.161014	6	3058
122.658967	6	3057
320.610046	16	3032
91.7687416	6	3061
99.5731353	6	3060
81.9578170	6	3063
277.201175	16	3039
83.5621356	6	3064
77.4068832	6	3065
77.5763988	6	3066
289.259672	16	3041
303.308010	16	3044
313.868284	16	3043
79.4770717	6	3067
80.3608894	6	3068
83.0471515	6	3069
81.3181400	6	3070
85.8402252	6	3071
83.9142799	6	3072
370.722770	16	3042
83.6999416	6	3073
86.9793891	6	3074
85.8848094	6	3075
86.5538120	6	3076
78.7634849	6	3077
86.8792533	6	3078
81.9482803	6	3079
81.5074443	6	3080
86.0912799	6	3081
84.3257904	6	3082
83.7695598	6	3083
86.3990783	6	3084
85.8097076	6	3085
79.0469646	6	3087
87.4352455	6	3086
87.5899791	6	3088
81.5038681	6	3089
80.9776782	6	3090
85.5121612	6	3091
83.8506221	6	3092
87.2495174	6	3093
80.8980464	6	3095
90.9538269	6	3094
87.1772766	6	3096
79.4706344	6	3097
80.7411670	6	3099
92.6966667	6	3098
80.5413722	6	3100
85.6420993	6	3101
93.7566757	6	3102
79.7002315	6	3104
90.9893512	6	3103
81.0937881	6	3105
78.5529613	6	3107
86.4939689	6	3106
80.9938907	6	3109
80.5599689	6	3110
96.4207649	6	3108
85.6497287	6	3111
94.3019390	6	3112
87.1434211	6	3113
82.6485157	6	3114
85.1302146	6	3115
86.7943763	6	3116
86.8773460	6	3117
82.4370384	6	3119
95.6687927	6	3118
81.6099643	6	3120
85.8533382	6	3121
94.5143699	6	3122
79.4086456	6	3124
88.6340141	6	3123
85.6661796	6	3125
78.4907341	6	3127
94.1705703	6	3126
89.7545814	6	3128
79.9779891	6	3130
77.5723457	6	3132
102.517843	6	3129
89.0924930	6	3131
78.1967639	6	3134
86.7714881	6	3133
85.6583118	6	3135
78.6209106	6	3138
97.5031852	6	3136
90.3449058	6	3137
84.7513675	6	3139
84.6996307	6	3141
76.8089294	6	3142
96.3225364	6	3140
83.6861133	6	3143
76.2491226	6	3144
83.9014053	6	3145
92.1649932	6	3146
79.6842575	6	3148
88.3467197	6	3147
82.7641487	6	3149
81.8998813	6	3151
93.8081741	6	3150
78.7231922	6	3152
81.7644596	6	3153
76.3831138	6	3154
76.4582157	6	3156
83.3573341	6	3157
100.017070	6	3155
78.4382820	6	3158
91.3567543	6	3159
85.9310626	6	3160
80.8942317	6	3161
77.1820545	6	3162
78.6402225	6	3164
88.6404514	6	3163
85.9613418	6	3165
89.9507999	6	3166
86.0328674	6	3167
78.7894725	6	3168
90.2612209	6	3169
85.8581066	6	3170
80.7669162	6	3171
77.9078006	6	3172
78.7045955	6	3174
89.2691612	6	3173
85.4225158	6	3175
89.7154808	6	3176
76.7426490	6	3178
90.7485485	6	3177
89.4885063	6	3179
85.9229564	6	3180
80.1463127	6	3181
78.1197547	6	3182
79.7121524	6	3184
78.7692070	6	3186
105.758428	6	3183
94.0155982	6	3185
83.4064483	6	3187
77.4760246	6	3188
85.4055881	6	3190
95.0992107	6	3189
82.6823711	6	3191
78.4189701	6	3192
87.6877307	6	3193
85.9467983	6	3195
96.8253612	6	3194
82.6981067	6	3197
90.6329154	6	3196
77.6202678	6	3198
94.0244197	6	3199
88.7343883	6	3200
82.7965736	6	3201
94.7544574	6	3202
80.3215503	6	3204
87.0485305	6	3205
102.794647	6	3203
90.6341075	6	3206
84.1579437	6	3207
77.9726505	6	3208
97.0773696	6	3209
91.2861824	6	3210
90.6987190	6	3211
93.0259227	6	3212
88.4976387	6	3213
85.3774547	6	3214
80.7583332	6	3216
96.9653129	6	3215
83.7197303	6	3217
77.4431228	6	3218
86.7011547	6	3219
87.0168209	6	3220
82.9551219	6	3222
98.6866950	6	3221
93.0042266	6	3223
85.3900909	6	3224
80.6331634	6	3226
96.1339473	6	3225
80.7332992	6	3227
77.2571563	6	3228
88.4063243	6	3229
89.9960994	6	3231
97.9485511	6	3230
90.3651714	6	3232
83.0883979	6	3233
85.1781368	6	3234
80.0614356	6	3236
95.6141948	6	3235
76.4462947	6	3238
85.4749679	6	3237
89.3480777	6	3239
88.8555049	6	3241
100.784301	6	3240
85.8514308	6	3242
85.2260589	6	3243
84.3746662	6	3244
83.2386016	6	3247
91.7389392	6	3246
77.0142078	6	3248
106.683492	6	3245
90.2876853	6	3249
92.3376083	6	3250
88.6797904	6	3251
77.7451992	6	3253
87.8112316	6	3252
83.6839675	6	3254
93.7705039	6	3255
91.3393497	6	3256
77.0428180	6	3258
91.4897918	6	3257
90.9624099	6	3259
97.1529483	6	3260
89.9589061	6	3261
86.0912799	6	3262
80.2707672	6	3263
89.1671180	6	3264
78.4382820	6	3267
100.975751	6	3265
83.6274623	6	3268
104.807138	6	3266
95.8671569	6	3269
82.7980041	6	3271
90.9900665	6	3270
81.1395645	6	3272
77.3532390	6	3273
92.6778316	6	3275
85.8862400	6	3276
104.197025	6	3274
82.0689201	6	3278
80.5513858	6	3279
99.8711585	6	3277
85.8328342	6	3280
80.9555053	6	3281
78.7961483	6	3282
77.2349834	6	3283
100.272178	6	3284
86.2457752	6	3286
81.1769962	6	3288
89.5214080	6	3287
79.5288085	6	3289
110.889673	6	3285
84.3994617	6	3290
79.8053741	6	3291
77.8188705	6	3292
78.7572860	6	3293
83.7619304	6	3296
99.4029045	6	3294
93.1212902	6	3295
79.8177719	6	3298
91.7832851	6	3297
80.3036689	6	3299
82.8623771	6	3300
84.2404365	6	3301
80.1446437	6	3302
82.9088687	6	3303
90.5883312	6	3305
83.7504863	6	3306
86.1175060	6	3307
110.125303	6	3304
84.5382213	6	3308
80.3780555	6	3309
82.8633308	6	3310
83.1334590	6	3311
79.4422626	6	3312
82.2188854	6	3313
97.4683761	6	3314
82.8635692	6	3316
90.7807350	6	3315
86.2450599	6	3317
84.3303203	6	3318
81.1433792	6	3319
83.1611156	6	3320
84.4807624	6	3321
79.7538757	6	3322
84.6877098	6	3323
96.4374542	6	3324
89.2238616	6	3325
83.0645561	6	3326
77.5854587	6	3328
90.3909206	6	3327
83.4178924	6	3329
84.2967033	6	3330
82.0198059	6	3331
78.5465240	6	3332
84.8057270	6	3333
91.7928218	6	3334
80.7180404	6	3336
90.4316902	6	3335
230.635643	16	3339
85.2000713	6	3359
85.5445861	6	3360
85.7620239	6	3361
84.5072269	6	3362
86.6682529	6	3363
293.704509	16	3337
85.1290225	6	3364
261.835098	16	3342
273.308753	16	3341
84.7313404	6	3365
232.348680	16	3347
85.8399868	6	3366
291.221618	16	3340
84.8147869	6	3367
84.3141078	6	3368
80.4843902	6	3369
236.851930	16	3350
78.5927772	6	3370
272.533416	16	3346
78.1815052	6	3371
295.683383	16	3344
260.200500	16	3349
77.6884555	6	3372
241.898775	16	3352
276.434898	16	3348
79.0646076	6	3373
77.2860050	6	3374
78.0496597	6	3375
339.908599	16	3343
77.4853229	6	3376
286.456584	16	3351
78.5088539	6	3377
343.337774	16	3345
77.6245594	6	3378
78.0429840	6	3379
290.531158	16	3354
301.085472	16	3353
80.5773735	6	3380
78.3002376	6	3381
298.162937	16	3355
80.0724029	6	3382
76.9276618	6	3383
78.3929824	6	3384
77.1000385	6	3385
459.876775	16	3338
77.6655673	6	3386
77.2354602	6	3387
77.9778957	6	3388
325.179100	16	3358
76.8892765	6	3389
357.462167	16	3356
82.9236507	6	3390
79.9715518	6	3391
77.0211219	6	3392
365.744829	16	3357
77.8057575	6	3393
77.0099163	6	3394
78.1016349	6	3395
79.3638229	6	3396
78.8233280	6	3397
79.0781974	6	3398
77.0673751	6	3399
83.6813449	6	3400
79.5516967	6	3401
76.9534111	6	3402
77.5976181	6	3403
76.3456821	6	3404
77.1701335	6	3405
78.7012577	6	3406
78.5765647	6	3407
77.9168605	6	3408
76.5602588	6	3409
83.3680629	6	3410
79.6136856	6	3411
76.8458843	6	3412
77.7297019	6	3413
76.5755176	6	3414
77.8248310	6	3415
80.4882049	6	3416
80.4629325	6	3417
79.2498588	6	3418
77.2497653	6	3419
82.7994346	6	3420
79.3116092	6	3421
77.1353244	6	3422
79.1733264	6	3423
76.6990184	6	3424
77.4221420	6	3425
79.4548988	6	3426
80.6894302	6	3427
78.3910751	6	3428
76.8508911	6	3429
82.1895599	6	3430
78.5293579	6	3431
77.5322914	6	3432
77.2719383	6	3433
76.7464637	6	3434
77.4247646	6	3435
79.8122882	6	3436
81.4080238	6	3437
78.6967277	6	3438
77.5067806	6	3439
83.3964347	6	3440
79.7321796	6	3441
78.0596733	6	3442
77.5487422	6	3443
77.6197910	6	3445
86.1244201	6	3444
80.1217555	6	3446
82.3547840	6	3447
79.0553092	6	3448
76.8656730	6	3449
83.5957527	6	3450
80.2719593	6	3451
78.0351161	6	3452
77.6045322	6	3453
84.8677158	6	3454
79.2820453	6	3455
81.4604759	6	3456
83.7194919	6	3457
79.9138545	6	3458
78.2301425	6	3459
77.4314403	6	3461
88.2234573	6	3460
86.1234664	6	3462
78.7622928	6	3463
86.7352485	6	3464
80.1753997	6	3465
81.5494060	6	3466
79.4887542	6	3468
89.3685817	6	3467
89.4536972	6	3469
81.9661617	6	3471
89.9403095	6	3470
83.6851596	6	3473
97.4724292	6	3472
87.5220298	6	3474
80.2125930	6	3475
83.1110477	6	3476
81.1555385	6	3478
90.1119709	6	3477
86.8282318	6	3479
82.2272300	6	3480
88.1214141	6	3481
76.5950679	6	3484
90.7030105	6	3483
98.6564159	6	3482
80.6732177	6	3485
82.7522277	6	3486
89.7254943	6	3487
81.9425582	6	3488
90.7957553	6	3489
85.3605270	6	3490
79.4885158	6	3492
99.3695259	6	3491
77.2588253	6	3494
90.0325775	6	3493
80.2609920	6	3495
82.9336643	6	3496
82.3812484	6	3498
102.539062	6	3497
82.2076797	6	3500
92.8244590	6	3499
79.7479152	6	3502
92.0042991	6	3501
83.7752819	6	3503
84.9890708	6	3504
80.0387859	6	3505
86.9653224	6	3506
81.3250541	6	3510
97.7354049	6	3508
106.442451	6	3507
88.8805389	6	3511
107.961177	6	3509
85.7684612	6	3512
85.0450992	6	3513
86.2669944	6	3514
79.8540115	6	3515
88.1760120	6	3516
93.6887264	6	3517
88.7725353	6	3519
99.0803241	6	3518
87.0034694	6	3520
88.4640216	6	3521
77.4884223	6	3523
88.5825157	6	3522
84.9270820	6	3524
94.6996212	6	3525
88.2081985	6	3526
92.9000377	6	3527
79.9319744	6	3530
91.8619632	6	3529
100.691080	6	3528
77.8894424	6	3531
79.4928073	6	3532
79.0994167	6	3533
78.0358314	6	3537
102.108478	6	3534
86.9171619	6	3536
106.117248	6	3535
84.3260288	6	3538
78.3364772	6	3540
77.3162841	6	3541
92.7007198	6	3539
78.3944129	6	3542
78.1040191	6	3543
85.7298374	6	3546
100.628376	6	3544
93.9052104	6	3545
82.5190544	6	3548
91.7911529	6	3547
77.4641036	6	3551
93.4579372	6	3549
90.1618003	6	3550
79.4076919	6	3552
78.2461166	6	3553
93.0714607	6	3555
77.8744220	6	3557
101.174116	6	3554
98.9949703	6	3556
83.8036537	6	3558
86.3771438	6	3559
77.0754814	6	3561
94.7480201	6	3560
77.2747993	6	3563
89.1208648	6	3562
84.1748714	6	3566
101.346969	6	3564
79.1335105	6	3567
96.6119766	6	3565
82.2761058	6	3568
85.3919982	6	3569
90.3339385	6	3570
78.5782337	6	3572
89.7865295	6	3571
77.8286457	6	3573
77.0180225	6	3577
86.1809253	6	3576
96.3485240	6	3575
106.508970	6	3574
80.8050632	6	3578
87.8286361	6	3580
100.332736	6	3579
87.4109268	6	3581
81.6440582	6	3582
76.8980979	6	3583
85.5753421	6	3584
78.1111717	6	3587
98.0277061	6	3585
77.2979259	6	3588
110.933542	6	3586
96.0204601	6	3589
80.8324813	6	3591
89.6766185	6	3590
80.9392929	6	3592
82.9026699	6	3593
80.6491374	6	3595
104.922294	6	3594
91.3670063	6	3596
85.2057933	6	3597
94.0706729	6	3598
82.0975303	6	3600
96.3528156	6	3599
81.9435119	6	3601
80.8517932	6	3602
85.4427814	6	3603
89.6563529	6	3604
99.0922451	6	3605
95.1321125	6	3607
106.505393	6	3606
91.9215679	6	3608
78.1083106	6	3610
88.8111591	6	3609
84.4941139	6	3611
80.8300971	6	3612
84.1455459	6	3613
90.5089378	6	3615
106.739759	6	3614
84.2375755	6	3617
97.2099304	6	3616
85.9394073	6	3618
77.0101547	6	3620
86.4539146	6	3619
85.1690769	6	3645
231.967210	16	3626
230.172872	16	3627
86.5194797	6	3646
228.984117	16	3628
87.2454643	6	3647
88.7215137	6	3648
229.182004	16	3630
269.743442	16	3625
86.4074230	6	3649
87.4841213	6	3650
233.143568	16	3632
86.5809917	6	3651
85.8247280	6	3652
235.522508	16	3633
84.0606689	6	3653
84.9170684	6	3654
81.1476707	6	3655
290.997505	16	3629
253.409147	16	3634
339.173078	16	3623
81.9869041	6	3656
82.8967094	6	3657
83.6489200	6	3658
81.9423198	6	3659
79.5540809	6	3660
79.4038772	6	3661
288.302659	16	3635
78.5996913	6	3662
77.9280662	6	3663
295.108318	16	3636
80.4309844	6	3664
292.359590	16	3638
77.0936012	6	3665
428.535461	16	3621
353.822708	16	3631
76.9553184	6	3666
78.6900520	6	3667
305.027246	16	3639
80.3165435	6	3668
76.9019126	6	3669
77.4290561	6	3670
347.205400	16	3637
78.8595676	6	3671
76.8287181	6	3672
324.325561	16	3641
76.9467353	6	3673
345.401525	16	3640
78.6707401	6	3674
77.3522853	6	3675
479.977846	16	3624
327.424526	16	3644
76.4613151	6	3676
77.7337551	6	3677
510.957479	16	3622
79.9748897	6	3678
76.7729282	6	3679
77.0022869	6	3680
377.909898	16	3642
77.1553516	6	3681
77.9821872	6	3682
77.5320529	6	3683
77.7134895	6	3684
77.3305892	6	3685
412.523746	16	3643
76.6856670	6	3686
78.6592960	6	3687
78.1188011	6	3688
77.5275230	6	3689
76.3006210	6	3690
76.9782066	6	3691
77.4776935	6	3692
76.9345760	6	3693
78.7324905	6	3694
77.7437686	6	3695
76.9009590	6	3696
78.2499313	6	3697
79.4789791	6	3698
78.2039165	6	3699
77.1803855	6	3700
78.0797004	6	3701
80.3730487	6	3702
78.0296325	6	3703
79.3676376	6	3704
77.6867866	6	3705
78.1271457	6	3706
79.8294544	6	3707
80.0390243	6	3708
78.5794258	6	3709
77.9242515	6	3710
79.2467594	6	3711
82.1616649	6	3712
79.3392658	6	3713
81.1865329	6	3714
78.0935287	6	3715
79.4551372	6	3716
82.2024345	6	3717
80.8737277	6	3718
79.3828964	6	3719
78.2592296	6	3720
78.5181522	6	3721
80.7244777	6	3722
78.0582427	6	3723
80.0693035	6	3724
76.7743587	6	3725
77.5308609	6	3726
80.7044506	6	3727
79.9663066	6	3728
77.8973102	6	3729
76.6844749	6	3730
77.5253772	6	3731
80.8086395	6	3732
79.2362689	6	3733
80.3201198	6	3734
77.9223442	6	3736
87.0406627	6	3735
79.4942378	6	3738
87.9971981	6	3737
77.1553516	6	3739
76.4350891	6	3740
77.9564380	6	3741
81.7825794	6	3742
79.4105529	6	3743
80.7752609	6	3744
76.9898891	6	3746
86.3809585	6	3745
78.0482292	6	3748
86.3413810	6	3747
76.9987106	6	3749
76.5666961	6	3750
76.9333839	6	3751
79.2422294	6	3752
80.0406932	6	3753
78.0375003	6	3754
81.9697380	6	3755
76.5740871	6	3756
84.6412181	6	3757
77.4917602	6	3758
77.1908760	6	3759
76.8821239	6	3760
77.7370929	6	3761
79.5321464	6	3762
80.0583362	6	3763
78.8183212	6	3764
82.2494029	6	3765
76.9519805	6	3766
78.4406661	6	3768
91.6216373	6	3767
77.2585868	6	3769
77.5952339	6	3770
79.3230533	6	3771
81.0484886	6	3772
80.7843208	6	3773
78.6573886	6	3774
81.6373825	6	3775
78.0785083	6	3776
77.9511928	6	3778
91.7000770	6	3777
77.1477222	6	3779
77.8691768	6	3780
77.6510238	6	3781
80.7130336	6	3782
79.6005725	6	3783
78.6163806	6	3784
80.9459686	6	3785
76.1415958	6	3786
85.8387947	6	3787
82.9942226	6	3788
76.3871669	6	3789
80.1165103	6	3790
78.3064365	6	3791
80.0759792	6	3793
88.6425971	6	3792
78.9330005	6	3794
81.6946029	6	3795
76.8566131	6	3796
78.3853530	6	3798
90.4321670	6	3797
76.3044357	6	3799
79.2577266	6	3800
86.9586467	6	3801
87.4540805	6	3802
80.0824165	6	3803
79.2183876	6	3804
81.7282199	6	3805
76.9083499	6	3806
82.5657844	6	3808
91.3393497	6	3807
85.3996276	6	3809
80.0271034	6	3810
80.0304412	6	3812
92.8618907	6	3811
80.4347991	6	3813
79.5857906	6	3814
81.9392204	6	3815
88.1485939	6	3816
83.4560394	6	3818
91.2754535	6	3817
85.2930545	6	3819
79.2012214	6	3820
87.4259471	6	3821
87.0072841	6	3822
81.2478065	6	3823
81.3589096	6	3824
92.7901268	6	3825
81.2909603	6	3827
90.6467437	6	3826
84.1555595	6	3828
78.2237052	6	3830
87.3167514	6	3829
88.4242057	6	3831
80.1057815	6	3833
89.9074077	6	3832
80.7728767	6	3834
85.2785110	6	3836
96.7643260	6	3835
84.5923423	6	3837
83.8961601	6	3838
78.4852504	6	3840
87.8531932	6	3839
81.1910629	6	3842
98.0942249	6	3841
90.7292366	6	3843
79.3879032	6	3845
92.3750400	6	3844
81.6903114	6	3847
96.8551635	6	3846
77.9643058	6	3849
97.1753597	6	3848
86.6870880	6	3850
88.2384777	6	3851
84.5868587	6	3852
83.2440853	6	3854
91.8684005	6	3853
79.1270732	6	3855
91.3550853	6	3858
99.0197658	6	3857
106.932878	6	3856
83.9750766	6	3860
78.6070823	6	3861
100.997209	6	3859
85.4048728	6	3862
90.9810066	6	3863
83.8866233	6	3864
79.7445774	6	3865
88.7119770	6	3866
80.2075862	6	3867
77.2078037	6	3868
80.6279182	6	3869
79.5838832	6	3870
76.3947963	6	3872
84.6643447	6	3871
83.2133293	6	3873
80.9412002	6	3874
77.8315067	6	3875
82.1917057	6	3876
80.3189277	6	3877
77.5661468	6	3878
80.7318687	6	3879
79.4038772	6	3880
85.0796699	6	3881
77.4121284	6	3882
84.2964649	6	3883
81.2721252	6	3884
78.9718627	6	3885
84.9804878	6	3886
79.9763202	6	3887
88.0460739	6	3888
80.5239677	6	3889
80.1270008	6	3890
84.3639373	6	3891
77.6858329	6	3892
83.8124752	6	3893
81.0673236	6	3894
79.1475772	6	3895
86.8077278	6	3896
79.0274143	6	3897
87.4197483	6	3898
79.7643661	6	3899
79.1616439	6	3900
83.2278728	6	3901
77.1420001	6	3902
81.7706584	6	3903
79.5397758	6	3904
76.7402648	6	3905
84.7418308	6	3906
78.5586833	6	3907
79.2396068	6	3909
87.1250629	6	3908
78.9494514	6	3910
82.4012756	6	3911
77.9874324	6	3912
80.3945064	6	3913
78.8261890	6	3914
77.2578716	6	3915
83.7223529	6	3916
77.8238773	6	3917
79.4062614	6	3919
87.4814987	6	3918
86.1458778	6	3920
77.6295661	6	3922
85.7114791	6	3921
81.2027454	6	3923
79.3828964	6	3924
79.7302722	6	3925
84.0659141	6	3926
78.4039497	6	3927
93.6191082	6	3928
85.6273174	6	3930
78.8259506	6	3931
96.4667797	6	3929
78.2842636	6	3932
82.4112892	6	3933
80.8329582	6	3934
80.0840854	6	3935
76.7564773	6	3937
95.9792137	6	3936
91.9582843	6	3938
86.0700607	6	3939
84.8743915	6	3940
80.6488990	6	3941
77.7928829	6	3942
81.2475681	6	3943
80.8207988	6	3944
83.9588642	6	3945
84.8255157	6	3946
91.3276672	6	3947
82.4818611	6	3949
77.7378082	6	3950
98.0875492	6	3948
79.5009136	6	3951
77.7759552	6	3952
79.8487663	6	3953
78.2213211	6	3954
82.3352336	6	3955
84.8054885	6	3956
91.6678905	6	3957
83.1928253	6	3959
92.2799110	6	3958
82.8404426	6	3960
79.7722339	6	3961
77.6376724	6	3962
79.6074867	6	3963
79.6098709	6	3964
78.3345699	6	3967
96.0443019	6	3965
89.4837379	6	3966
91.8259620	6	3968
78.3393383	6	3970
91.5071964	6	3969
80.3310871	6	3971
78.5963535	6	3972
80.5628299	6	3973
87.8844261	6	3974
89.7290706	6	3975
91.3078784	6	3976
91.0716056	6	3977
90.4920101	6	3978
77.4092674	6	3980
85.9003067	6	3979
80.5046558	6	3981
77.8470039	6	3982
79.7817707	6	3983
86.7962837	6	3984
94.0046310	6	3985
82.7531814	6	3987
96.7886447	6	3986
89.6797180	6	3988
82.6971530	6	3989
77.2461891	6	3990
77.7022838	6	3991
76.8566131	6	3992
79.1020393	6	3993
96.7950820	6	3994
90.2571678	6	3995
90.4481410	6	3996
86.2908363	6	3997
83.7008953	6	3998
81.7556381	6	3999
76.8735408	6	4000
77.9118537	6	4001
77.7673721	6	4002
79.2758464	6	4003
82.0426940	6	4006
97.0807075	6	4004
97.5239276	6	4005
83.7247371	6	4007
83.5602283	6	4008
83.9898586	6	4009
77.4905681	6	4010
77.7561664	6	4011
76.8189430	6	4012
84.2585563	6	4013
92.8087234	6	4014
80.8811187	6	4016
93.0233001	6	4015
81.4433097	6	4017
84.0191841	6	4018
82.3907852	6	4019
77.3191452	6	4020
77.4121284	6	4021
76.5221118	6	4022
86.7695808	6	4023
90.9395217	6	4024
84.0775966	6	4026
79.7812938	6	4027
95.9596633	6	4025
85.6842994	6	4028
81.7747116	6	4029
76.6923427	6	4030
76.6215324	6	4031
76.9176483	6	4032
78.7916183	6	4034
94.7940349	6	4033
83.9707851	6	4035
79.5259475	6	4037
88.2227420	6	4036
86.8003368	6	4038
82.0467472	6	4039
83.1840038	6	4040
76.8594741	6	4041
76.8904685	6	4042
86.4479541	6	4043
78.3691406	6	4045
97.8112220	6	4044
87.7852439	6	4046
81.0837745	6	4047
88.1395339	6	4048
82.4298858	6	4049
81.8531513	6	4050
77.0030021	6	4051
77.3973464	6	4052
77.7180194	6	4054
77.3258209	6	4055
97.7563858	6	4053
85.3068828	6	4056
79.8292160	6	4057
86.4295959	6	4058
84.1381549	6	4080
81.6242694	6	4081
230.661630	16	4063
83.8100910	6	4082
86.9235992	6	4083
229.099512	16	4065
87.5170230	6	4084
279.258251	16	4060
86.9603157	6	4085
278.018951	16	4061
87.0406627	6	4086
278.736591	16	4062
84.6989154	6	4087
229.589462	16	4070
85.8509540	6	4088
278.105974	16	4064
78.2301425	6	4090
88.4573459	6	4089
276.239156	16	4066
78.7816047	6	4091
276.219606	16	4067
78.5996913	6	4092
346.358299	16	4059
235.681295	16	4074
80.1033973	6	4093
289.745330	16	4068
80.1160335	6	4094
80.9073448	6	4095
79.1850090	6	4096
78.5970687	6	4097
276.679754	16	4073
79.1106224	6	4098
318.564414	16	4069
77.5332450	6	4099
301.160573	16	4072
78.4904956	6	4100
78.1025886	6	4101
79.2770385	6	4102
78.1006813	6	4103
347.788810	16	4071
78.0270099	6	4104
77.0363807	6	4105
304.866552	16	4078
78.1559944	6	4106
77.1954059	6	4107
77.8365135	6	4108
77.1019458	6	4109
346.611976	16	4076
355.374813	16	4075
77.3692131	6	4110
345.729589	16	4077
76.5221118	6	4111
78.2957077	6	4112
78.3557891	6	4113
77.8121948	6	4114
77.0576000	6	4115
79.5407295	6	4116
76.8923759	6	4117
77.2318840	6	4118
77.5885581	6	4119
76.4317512	6	4120
76.2450695	6	4121
417.207002	16	4079
77.2080421	6	4122
76.9975185	6	4123
77.2316455	6	4124
77.5609016	6	4125
78.5181522	6	4126
76.2131214	6	4127
76.7126083	6	4128
77.2662162	6	4129
77.2306919	6	4130
77.0287513	6	4131
76.6935348	6	4132
77.0039558	6	4133
77.7881145	6	4134
77.0418643	6	4135
78.9880752	6	4136
77.4989128	6	4137
78.3572196	6	4138
76.6227245	6	4139
77.1248340	6	4140
78.2837867	6	4141
77.2864818	6	4142
77.0773887	6	4143
77.7745246	6	4144
77.0666599	6	4145
81.4065933	6	4146
78.2043933	6	4147
79.0560245	6	4148
77.4626731	6	4149
77.5210857	6	4150
77.5403976	6	4151
77.2459506	6	4152
77.3730278	6	4153
76.4806270	6	4154
77.3909091	6	4155
81.2571048	6	4156
77.6395797	6	4157
77.8934955	6	4158
78.2306194	6	4159
76.9524574	6	4160
76.7831802	6	4161
76.7142772	6	4162
76.4052867	6	4163
77.0444869	6	4164
76.7476558	6	4165
82.7746391	6	4166
77.0411491	6	4167
77.5020122	6	4168
77.3296356	6	4169
76.6451358	6	4170
76.8716335	6	4171
76.1659145	6	4172
76.9734382	6	4173
76.5972137	6	4174
77.1749019	6	4175
82.3192596	6	4176
76.5864849	6	4177
77.1601200	6	4178
77.1934986	6	4179
76.8418312	6	4180
77.2421360	6	4181
84.5170021	6	4182
77.7349472	6	4183
76.9505500	6	4184
78.5198211	6	4185
84.8352909	6	4186
81.0265541	6	4187
81.4099311	6	4188
81.8452835	6	4189
80.7878971	6	4190
77.9397487	6	4191
84.4421386	6	4192
78.7351131	6	4193
77.5487422	6	4194
78.9330005	6	4195
85.8168601	6	4196
80.3096294	6	4197
84.7952365	6	4198
84.8078727	6	4199
80.7700157	6	4200
avg:  95.74050443513053
std:  53.66259763508876
p95:  232.35230445861816
p99:  343.3584117889409
com:  128.52742287983318
thg:  12.852742287983318
FCT:  32.67785120010376
que:  9.791723489761353
los:  0.0
3929 271
**********************
