[8 2 2 ... 7 6 3]
84.1734409	6	1
85.5779647	6	2
88.2961750	6	3
84.0334892	6	4
86.9343280	6	6
96.9383716	6	5
84.6331119	6	7
84.9795341	6	9
84.9785804	6	10
101.221799	6	8
106.995344	6	12
102.597713	6	13
116.181373	6	11
112.252712	6	15
141.054153	6	16
116.647958	6	20
159.885644	6	14
146.765470	6	17
142.182111	6	19
152.044534	6	18
151.180267	6	22
160.963535	6	21
152.359008	6	23
122.283220	6	28
146.517276	6	27
123.381853	6	31
157.859325	6	26
141.660928	6	29
141.780376	6	30
190.971851	6	25
158.614873	6	32
152.989149	6	33
127.283573	6	40
151.069402	6	37
172.542333	6	34
239.865541	6	24
168.020963	6	35
140.946149	6	39
117.633581	6	42
174.057960	6	36
147.745609	6	43
187.339544	6	38
169.675588	6	41
152.033090	6	47
187.984466	6	45
166.746377	6	48
144.788742	6	51
146.382093	6	52
168.689727	6	50
216.723442	6	44
148.049592	6	53
123.909235	6	57
141.130924	6	55
120.140790	6	59
197.557210	6	49
134.221792	6	58
110.152721	6	63
236.166954	6	46
122.581005	6	64
150.932550	6	61
200.178623	6	54
128.669500	6	66
202.041149	6	56
181.913375	6	60
168.313503	6	62
132.249116	6	71
127.785682	6	72
170.674085	6	67
196.663856	6	65
126.379966	6	75
144.012689	6	73
192.823171	6	68
181.744098	6	70
127.520561	6	78
209.100723	6	69
143.010616	6	77
153.087615	6	79
144.006490	6	81
135.208845	6	83
195.732355	6	76
133.008718	6	84
165.086269	6	82
139.883756	6	86
207.636117	6	80
269.248962	6	74
136.622428	6	95
186.438560	6	89
181.839227	6	91
141.634941	6	98
158.285140	6	97
181.386947	6	94
188.534975	6	93
199.108600	6	92
232.152700	6	87
216.695070	6	90
250.332593	6	88
146.883487	6	104
158.900976	6	103
279.012680	6	85
151.018619	6	105
229.960918	6	96
201.390504	6	102
176.397562	6	107
202.665567	6	106
193.354606	6	108
172.630786	6	113
268.635511	6	99
276.096105	6	101
184.824705	6	115
173.709630	6	117
149.585008	6	124
246.314048	6	111
225.245952	6	118
181.597232	6	125
203.870058	6	123
169.460535	6	131
320.273160	6	109
299.605131	6	114
219.279527	6	128
328.534364	6	112
284.681081	6	119
232.983589	6	127
185.245037	6	135
283.257961	6	121
317.966938	6	116
428.063631	6	100
255.894660	6	126
282.622814	6	122
182.173013	6	138
148.505210	6	144
234.824419	6	133
395.339965	6	110
267.465829	6	129
341.913461	6	120
212.416887	6	146
306.544065	6	132
323.794841	6	130
268.843173	6	141
157.349586	6	158
194.451093	6	153
308.692932	6	137
330.469608	6	134
299.575328	6	139
249.877691	6	149
308.043956	6	143
355.843544	6	136
322.009086	6	142
276.599407	6	150
299.714088	6	148
272.182703	6	155
296.118021	6	152
341.733694	6	145
217.874526	6	164
318.757295	6	151
133.704662	6	178
269.647836	6	159
306.329011	6	156
384.441137	6	147
436.255931	6	140
303.259134	6	160
327.343702	6	157
239.700078	6	170
317.173719	6	162
313.097715	6	163
239.630460	6	175
183.261156	6	184
345.542669	6	161
225.775480	6	179
319.128751	6	166
327.508449	6	168
134.588479	6	198
288.798570	6	177
374.736309	6	165
303.740978	6	176
339.512348	6	171
364.299058	6	169
164.388656	6	199
365.023851	6	173
410.886049	6	167
313.980340	6	183
326.561927	6	182
348.278522	6	181
324.326753	6	188
301.666021	6	192
444.454908	6	172
331.159114	6	189
238.363265	6	204
227.237701	6	206
367.321729	6	186
251.537084	6	203
341.374397	6	191
385.175704	6	185
305.112361	6	197
327.682971	6	196
178.371667	6	218
393.627405	6	190
646.496295	6	154
376.491785	6	193
511.727571	6	174
316.072940	6	202
436.147928	6	187
191.258668	6	223
225.956439	6	219
505.156993	6	180
364.094257	6	200
315.033912	6	208
416.744232	6	195
425.817966	6	194
338.868141	6	207
328.848361	6	209
399.142503	6	201
379.091978	6	205
136.961936	6	239
313.491821	6	216
275.901794	6	224
325.178384	6	217
382.925748	6	210
386.269807	6	211
331.937074	6	222
292.112827	6	228
280.313491	6	230
311.017751	6	227
381.026029	6	221
176.816940	6	248
362.044811	6	225
219.075202	6	244
343.633651	6	229
367.443323	6	226
241.126298	6	245
310.458660	6	237
265.366315	6	243
225.322484	6	250
318.866729	6	238
520.206689	6	212
517.904520	6	213
393.849134	6	231
271.776437	6	247
188.158273	6	259
526.171922	6	215
330.761432	6	242
176.592826	6	264
331.380605	6	249
393.353939	6	241
461.915493	6	233
233.193397	6	265
234.479665	6	267
364.129543	6	251
649.907588	6	214
321.076393	6	258
501.902580	6	234
125.252008	6	285
178.169012	6	279
631.112337	6	220
354.128360	6	257
341.781854	6	261
174.356460	6	284
345.782995	6	262
290.530920	6	270
544.991254	6	236
317.327022	6	268
481.314659	6	246
242.704153	6	281
585.675477	6	235
179.483175	6	290
220.327138	6	287
570.930242	6	240
432.361602	6	260
491.750478	6	252
643.411636	6	232
349.611520	6	272
194.263219	6	292
470.750570	6	256
421.910762	6	263
495.939970	6	253
493.092775	6	254
319.219827	6	278
159.934282	6	299
245.704650	6	288
295.414686	6	282
417.437553	6	266
495.377302	6	255
353.088855	6	275
273.728370	6	286
350.211620	6	277
315.825939	6	283
406.104564	6	271
252.909660	6	291
203.836441	6	298
430.264472	6	269
277.215480	6	289
237.746953	6	297
369.637727	6	280
271.638631	6	293
428.093910	6	273
407.114267	6	276
423.488140	6	274
280.013322	6	295
314.141750	6	294
301.019906	6	296
268.816471	16	309
320.709466	16	305
264.429092	16	314
270.328760	16	318
374.788761	16	306
428.646564	16	300
431.343078	16	302
86.7753028	6	351
85.8168601	6	352
87.6650810	6	353
86.5745544	6	354
88.3936882	6	355
343.635082	16	319
87.5627994	6	356
418.633699	16	311
90.9705162	6	357
86.8318080	6	358
345.875978	16	322
86.3869190	6	359
504.189014	16	301
89.9813175	6	360
476.133346	16	307
501.793384	16	304
96.8549251	6	361
344.891786	16	327
84.6579074	6	364
93.9397811	6	363
475.930929	16	310
328.289270	16	331
85.6664180	6	365
108.271598	6	362
87.0671272	6	366
477.591276	16	312
477.415323	16	313
88.6671543	6	368
103.197336	6	367
358.525514	16	332
95.4914093	6	369
94.6803092	6	371
91.9754505	6	372
107.134342	6	370
84.0978622	6	374
80.3716182	6	375
97.6359844	6	373
391.353607	16	333
97.6104736	6	376
545.123815	16	315
592.530250	16	308
79.9694061	6	380
100.653886	6	378
79.2465209	6	381
645.920038	16	303
110.954046	6	377
105.330944	6	379
86.8866443	6	382
539.889574	16	320
481.940984	16	329
86.3888263	6	383
526.127815	16	323
452.737808	16	335
102.085590	6	384
435.493707	16	339
96.7953205	6	385
482.261657	16	334
90.8718109	6	389
454.252481	16	340
442.205190	16	342
82.0605754	6	391
474.427700	16	338
598.482608	16	321
636.448383	16	316
122.054338	6	387
499.603509	16	336
135.193586	6	386
123.123407	6	388
113.473415	6	390
87.3930454	6	394
481.139898	16	341
104.971885	6	392
663.509368	16	317
525.738239	16	337
455.060005	16	347
104.261159	6	396
133.995532	6	393
640.243291	16	324
114.025831	6	397
502.047538	16	344
109.078407	6	398
612.844944	16	330
143.771171	6	395
121.679782	6	399
100.142717	6	403
493.488788	16	350
82.8409194	6	406
132.304668	6	400
134.675264	6	401
546.026945	16	346
685.536861	16	326
143.958330	6	402
122.774124	6	405
562.142133	16	345
702.549695	16	325
565.252065	16	349
134.214639	6	408
162.965774	6	404
611.406326	16	343
583.432197	16	348
726.051092	16	328
132.223844	6	410
156.216144	6	407
141.779899	6	412
162.825822	6	409
141.362428	6	414
152.023792	6	413
140.992879	6	417
147.544384	6	416
129.143476	6	419
161.334037	6	415
125.019073	6	422
155.781984	6	420
134.923458	6	423
149.425506	6	421
186.175584	6	418
128.131866	6	428
249.680757	6	411
166.363239	6	424
165.788412	6	425
168.449640	6	426
172.482728	6	427
140.525341	6	435
118.002414	6	439
154.844284	6	436
173.057794	6	434
189.236879	6	432
199.821710	6	431
185.796499	6	437
149.105787	6	443
156.880140	6	442
164.100170	6	441
216.577529	6	433
189.924955	6	438
262.766361	6	429
266.500234	6	430
153.345584	6	448
178.141832	6	445
113.234519	6	455
175.220251	6	446
217.267036	6	440
136.574029	6	456
151.648521	6	457
246.677398	6	444
225.963830	6	451
181.302547	6	459
155.236005	6	463
145.241975	6	466
225.564241	6	454
186.858654	6	462
255.797386	6	452
186.525583	6	464
206.685066	6	461
278.986930	6	450
300.621747	6	447
292.457580	6	449
190.778732	6	468
140.612125	6	476
176.670551	6	472
312.562227	6	453
190.898895	6	475
266.148805	6	465
259.310245	6	467
312.473058	6	460
201.191663	6	477
173.618793	6	482
253.078699	6	470
173.090934	6	486
204.571008	6	483
306.956529	6	469
389.664173	6	458
229.873657	6	484
264.842033	6	479
214.459419	6	487
171.564340	6	495
333.470582	6	471
220.168590	6	489
252.195596	6	485
279.639720	6	481
332.130193	6	474
295.017719	6	480
342.882394	6	473
233.565330	6	490
331.665515	6	478
208.467006	6	499
286.205291	6	488
180.543184	6	506
251.825809	6	496
318.094730	6	492
267.822742	6	503
293.959617	6	500
368.289470	6	491
362.132310	6	493
299.686193	6	502
211.728811	6	515
309.649467	6	501
208.807706	6	516
273.012161	6	507
345.461130	6	497
299.513101	6	505
377.946615	6	494
284.517526	6	509
168.522834	6	526
370.395183	6	498
202.894687	6	523
306.396961	6	508
342.525720	6	504
309.861183	6	512
243.598461	6	522
237.704515	6	527
311.874389	6	517
365.783214	6	510
305.446863	6	519
326.176166	6	520
379.391193	6	513
270.923137	6	529
328.599691	6	521
352.387189	6	518
257.447004	6	532
157.686471	6	546
406.042098	6	511
286.967277	6	528
334.173202	6	525
341.965436	6	524
156.390666	6	552
337.649106	6	534
476.813316	6	514
364.753007	6	530
331.360816	6	536
243.525505	6	549
326.643228	6	538
321.672439	6	540
300.522565	6	543
350.763559	6	537
136.882305	6	566
397.584438	6	533
359.691619	6	539
211.804628	6	560
317.305326	6	547
408.118247	6	535
324.228763	6	548
387.494087	6	541
158.643007	6	572
284.709692	6	557
288.268327	6	558
430.021286	6	542
307.302713	6	559
176.919698	6	577
349.531650	6	556
432.054758	6	545
369.406700	6	554
148.405075	6	586
286.427974	6	567
463.639020	6	544
557.805061	6	531
255.675554	6	574
236.508607	6	578
444.571495	6	550
358.296394	6	563
323.770046	6	568
317.424297	6	569
236.802816	6	580
433.691024	6	555
398.960351	6	562
283.547639	6	579
153.869390	6	597
387.918710	6	565
142.568111	6	599
408.356189	6	564
509.874820	6	551
288.573741	6	582
255.175828	6	587
356.600046	6	576
412.646532	6	570
280.695915	6	589
493.067264	6	561
345.167398	6	584
174.238920	6	609
196.563720	6	606
439.833879	6	573
333.610296	6	588
592.672348	6	553
313.102960	6	592
389.492988	6	583
403.629541	6	581
153.163433	6	617
396.234035	6	585
341.943264	6	594
348.669528	6	596
110.799551	6	629
314.522981	6	602
360.840320	6	600
295.786857	6	610
445.167303	6	590
388.103723	6	598
241.057634	6	618
346.892118	6	604
590.083360	6	571
347.036123	6	608
361.670732	6	607
417.184114	6	601
286.347389	6	619
398.791790	6	605
379.486083	6	612
182.567358	6	639
371.424436	6	614
298.501253	6	626
218.844890	6	637
564.032077	6	591
321.631908	6	624
136.211633	6	649
495.120286	6	603
403.877019	6	616
369.024753	6	621
367.250442	6	622
390.495300	6	620
361.315965	6	625
356.100320	6	627
343.740701	6	630
313.906192	6	634
363.899230	6	628
229.360103	6	646
248.817443	6	644
762.345075	6	575
620.122671	6	595
475.127696	6	615
315.484046	6	638
429.114103	6	623
224.104881	6	658
215.932607	6	659
293.184995	6	648
416.310071	6	632
318.933248	6	645
702.888011	6	593
386.336565	6	636
302.077531	6	647
247.677803	6	656
276.587724	6	652
187.711238	6	664
265.892505	6	654
246.232748	6	657
295.611143	6	650
417.777538	6	635
226.213216	6	661
375.445604	6	641
374.882221	6	642
203.331470	6	665
626.639604	6	611
331.708908	6	651
416.292905	6	640
274.095773	6	660
313.047885	6	655
490.557193	6	631
268.559217	6	662
244.050502	16	666
652.234315	6	613
504.981994	6	633
283.612728	6	663
435.388088	6	643
231.582164	16	670
233.252763	16	671
241.242647	16	672
236.492872	16	673
231.910467	16	674
283.220529	16	668
288.932323	16	669
441.432237	6	653
261.691570	16	678
260.718107	16	679
419.523477	16	667
88.4177684	6	707
310.412645	16	681
83.3935737	6	708
391.045570	16	677
272.487401	16	687
307.432651	16	683
88.4828567	6	709
85.7930183	6	711
93.7256813	6	710
274.918079	16	691
90.6767845	6	712
288.729190	16	690
89.5357131	6	713
87.0127677	6	714
315.887689	16	688
459.530115	16	676
84.9857330	6	716
93.8944816	6	715
80.4333686	6	717
300.221443	16	692
82.7012062	6	719
95.9990024	6	718
269.620895	16	698
91.6433334	6	720
390.942573	16	685
305.907964	16	696
281.001806	16	699
82.0741653	6	724
106.877803	6	721
98.2229709	6	723
81.4244747	6	726
114.176988	6	722
540.648698	16	675
346.128225	16	694
356.138944	16	693
81.2551975	6	728
105.025529	6	725
419.941425	16	689
103.774785	6	730
102.662324	6	731
117.429971	6	729
131.152391	6	727
388.425588	16	695
511.767387	16	680
99.0936756	6	733
114.313840	6	732
503.834724	16	684
369.109392	16	700
109.165430	6	735
368.265151	16	701
355.428695	16	704
416.248321	16	697
367.334365	16	703
134.386301	6	734
547.723054	16	682
381.286144	16	702
124.741554	6	736
143.136501	6	737
130.731344	6	739
106.615304	6	743
163.254499	6	738
148.013591	6	740
576.547145	16	686
406.306266	16	706
121.300935	6	746
161.385297	6	741
126.563072	6	747
147.148609	6	745
116.275548	6	750
158.142089	6	744
445.876598	16	705
99.8516082	6	753
145.176887	6	748
151.682376	6	751
168.551445	6	749
118.523359	6	757
152.501344	6	756
255.294322	6	742
169.605016	6	755
145.156383	6	760
158.761739	6	759
166.237115	6	758
197.053670	6	754
147.890329	6	763
132.655620	6	767
155.955314	6	764
245.274066	6	752
188.388109	6	761
170.600652	6	765
125.228404	6	773
176.013708	6	766
160.144329	6	770
211.870670	6	762
154.135465	6	771
140.303611	6	777
169.581651	6	775
207.213401	6	772
200.495481	6	774
168.904542	6	779
254.800319	6	768
191.936016	6	778
142.770528	6	787
261.859178	6	769
186.721086	6	784
217.297315	6	780
203.383922	6	783
161.122322	6	791
282.433748	6	776
212.087869	6	788
199.054718	6	790
158.644676	6	797
161.935091	6	799
249.672174	6	786
228.347063	6	789
284.985303	6	781
205.111265	6	793
156.802177	6	803
284.251689	6	785
309.816122	6	782
217.616796	6	798
167.211532	6	806
189.378499	6	807
291.319131	6	792
183.099031	6	811
294.304609	6	795
132.938861	6	819
264.290332	6	801
309.472560	6	794
257.307529	6	804
317.960739	6	796
292.445421	6	800
167.253017	6	821
279.833078	6	805
211.313247	6	817
178.251981	6	824
279.964685	6	810
238.494396	6	818
278.291940	6	813
189.819335	6	826
353.631973	6	802
291.271686	6	814
200.639009	6	831
334.729433	6	812
319.905281	6	815
265.223979	6	823
160.348176	6	839
315.917968	6	816
386.368989	6	809
406.812429	6	808
329.055786	6	820
290.599107	6	827
308.732032	6	825
211.006164	6	843
250.937461	6	837
210.114717	6	844
278.092145	6	834
366.335391	6	822
342.441558	6	828
312.040567	6	833
352.807521	6	830
219.700813	6	850
290.674209	6	841
343.451023	6	835
340.213060	6	836
184.421539	6	859
373.251676	6	832
411.602497	6	829
340.785980	6	840
310.327768	6	845
226.268768	6	857
299.331903	6	847
279.584646	6	851
375.094890	6	838
332.715511	6	848
402.122020	6	842
323.074817	6	853
142.688751	6	879
381.660699	6	846
279.145479	6	861
337.282896	6	854
290.241718	6	863
368.633031	6	852
296.533107	6	864
359.403371	6	855
298.830509	6	865
339.648962	6	860
311.630725	6	866
197.960376	6	885
331.346273	6	867
306.151390	6	871
478.207588	6	849
233.829259	6	884
306.101083	6	875
433.318853	6	858
273.257970	6	881
358.322620	6	877
164.857387	6	905
383.711099	6	874
506.516933	6	856
418.982744	6	869
212.762594	6	899
395.744085	6	873
200.499773	6	901
324.756145	6	883
482.319831	6	862
197.922229	6	904
335.983514	6	886
388.942956	6	880
352.581501	6	887
337.206363	6	891
472.966670	6	872
405.229330	6	882
343.098640	6	893
196.717262	6	915
514.271259	6	870
526.291847	6	868
338.060379	6	895
387.823104	6	888
174.366950	6	921
193.022251	6	919
412.746906	6	889
511.332988	6	878
446.334362	6	890
328.656673	6	907
360.718965	6	903
449.107646	6	892
232.126235	6	924
330.356121	6	911
448.947906	6	894
227.302789	6	927
261.077642	6	925
602.792739	6	876
462.242126	6	898
394.643783	6	909
406.154632	6	908
370.814561	6	913
489.670276	6	897
145.652055	6	945
487.026453	6	900
418.392419	6	910
188.907384	6	941
359.452724	6	920
265.893697	6	933
409.875869	6	917
203.221559	6	947
387.815952	6	923
474.260568	6	912
517.359256	6	906
549.340486	6	902
341.958522	6	931
415.989875	6	922
475.202798	6	916
490.808486	6	914
342.524528	6	934
407.438039	6	928
285.151720	6	944
226.547718	6	953
408.969879	6	929
363.186597	6	935
445.923805	6	926
354.418039	6	939
675.073623	6	896
345.294475	6	943
391.715049	6	937
296.398878	6	951
207.444906	6	965
243.844509	6	961
230.915069	6	964
572.866916	6	918
430.918693	6	938
451.411962	6	936
366.515636	6	950
522.401094	6	930
401.376724	6	948
453.970909	6	942
249.396085	6	971
371.640443	6	956
354.705810	6	959
174.690246	6	985
473.423004	6	946
352.254390	6	963
328.592061	6	967
410.031557	6	957
436.907291	6	955
549.536705	6	940
611.211776	6	932
463.392972	6	952
491.228818	6	949
398.317337	6	962
459.886550	6	954
96.0979461	6	1005
370.138406	6	970
361.343383	6	973
315.445423	6	981
484.276294	6	960
403.431653	6	972
284.771680	6	987
376.218080	6	976
405.002832	6	974
379.500865	6	979
352.400541	6	983
401.984691	6	978
556.358814	6	958
329.562902	6	988
372.102737	6	984
329.061746	6	990
412.392377	6	982
544.711112	6	966
270.312309	6	1001
295.762062	6	999
484.802961	6	975
338.495969	6	994
369.576454	6	991
279.164791	6	1004
476.648092	6	980
566.509485	6	969
254.179954	6	1011
378.609418	6	996
400.438785	6	993
248.964309	6	1013
464.143753	6	986
335.074663	6	1003
386.613607	6	998
625.094890	6	968
557.712078	6	977
275.687456	6	1014
336.447000	6	1007
475.920677	6	989
200.122117	6	1025
219.846963	6	1023
403.347730	6	1000
214.008331	6	1024
466.881513	6	992
254.304885	6	1019
327.660322	6	1010
448.238849	6	995
278.403043	6	1016
369.359254	6	1006
266.116619	6	1021
224.920511	6	1027
293.184518	6	1018
304.075479	6	1017
468.267679	6	997
206.228733	6	1030
349.548339	6	1012
331.155776	6	1015
398.805618	6	1008
241.094827	6	1028
450.781583	6	1002
292.310237	6	1022
252.168416	6	1029
283.638238	6	1026
336.281061	6	1020
253.272294	16	1031
455.749273	6	1009
231.975317	16	1039
261.788129	16	1035
263.844251	16	1036
320.910692	16	1032
315.710783	16	1041
85.7784748	6	1077
89.1849994	6	1078
86.2224102	6	1079
84.9106311	6	1080
89.2050266	6	1081
346.057891	16	1048
88.5102748	6	1082
89.2078876	6	1083
88.0708694	6	1084
86.1153602	6	1085
449.182987	16	1037
419.407129	16	1042
87.5849723	6	1086
81.8920135	6	1088
100.720643	6	1087
430.370807	16	1044
328.692674	16	1057
87.0966911	6	1091
524.943351	16	1033
87.4598026	6	1092
80.7871818	6	1094
323.159933	16	1062
374.511480	16	1055
346.762895	16	1059
115.826845	6	1090
98.3278751	6	1093
85.9179496	6	1095
323.141813	16	1064
87.0046615	6	1096
144.733428	6	1089
102.524995	6	1097
510.707855	16	1043
578.958272	16	1034
101.330995	6	1098
438.301086	16	1053
92.1733379	6	1100
560.848474	16	1038
82.0217132	6	1103
555.067539	16	1040
406.363964	16	1060
93.6164855	6	1102
120.701551	6	1099
405.451297	16	1061
107.307195	6	1101
87.3014926	6	1104
446.985483	16	1056
80.6806087	6	1105
465.420722	16	1054
404.258728	16	1063
543.550729	16	1046
393.481016	16	1066
543.266296	16	1047
460.651874	16	1058
96.4913368	6	1107
88.3727073	6	1109
409.121036	16	1067
104.807853	6	1108
92.5412178	6	1111
557.840585	16	1050
95.0832366	6	1112
605.298519	16	1045
572.590112	16	1049
145.797491	6	1106
93.8177108	6	1114
122.614622	6	1110
442.012071	16	1068
107.250213	6	1113
472.501277	16	1065
442.101240	16	1069
581.850767	16	1051
455.206394	16	1070
450.521945	16	1071
132.316112	6	1115
130.885362	6	1116
98.8972187	6	1121
441.840171	16	1075
116.922140	6	1122
131.257295	6	1120
137.485980	6	1119
105.408668	6	1124
151.683092	6	1118
648.484468	16	1052
496.969461	16	1072
127.974510	6	1125
513.105869	16	1073
128.895044	6	1126
153.805732	6	1123
527.424335	16	1074
211.172580	6	1117
148.564338	6	1127
520.947217	16	1076
147.523403	6	1128
137.377500	6	1131
147.200345	6	1130
154.519319	6	1129
139.348506	6	1132
156.046628	6	1134
144.740343	6	1137
133.080959	6	1139
127.595901	6	1142
139.879941	6	1141
189.625740	6	1135
166.720151	6	1140
140.951395	6	1144
183.653116	6	1138
218.067407	6	1133
141.480922	6	1145
162.728309	6	1146
182.194948	6	1143
164.483070	6	1147
240.898847	6	1136
159.267187	6	1149
162.122249	6	1150
177.074909	6	1148
164.225578	6	1152
171.516180	6	1153
120.692014	6	1161
198.314428	6	1151
161.285877	6	1159
120.633840	6	1166
152.854204	6	1162
140.438795	6	1164
165.364742	6	1160
185.535907	6	1157
136.019229	6	1165
165.687322	6	1163
211.368799	6	1156
225.908279	6	1158
189.099311	6	1167
270.751714	6	1155
83.9476585	6	1186
183.589458	6	1172
166.297435	6	1176
187.317609	6	1173
324.030876	6	1154
239.218235	6	1168
165.859460	6	1179
234.035491	6	1170
187.663793	6	1177
174.224615	6	1181
151.605367	6	1185
160.053968	6	1184
177.678108	6	1182
273.800134	6	1169
186.609506	6	1183
222.163915	6	1180
261.568784	6	1175
197.899818	6	1187
316.532373	6	1171
139.460325	6	1199
210.670948	6	1193
176.976680	6	1200
170.986413	6	1202
222.900629	6	1195
210.344791	6	1197
183.711051	6	1201
217.181921	6	1196
365.142583	6	1174
342.144250	6	1178
272.436380	6	1189
282.646656	6	1188
179.575443	6	1206
303.590059	6	1190
192.864894	6	1207
115.277290	6	1222
327.340841	6	1191
149.064779	6	1219
267.800807	6	1204
283.227205	6	1203
177.538156	6	1220
228.275537	6	1213
361.080169	6	1194
292.797803	6	1205
389.128923	6	1192
351.179599	6	1198
300.707101	6	1208
199.851751	6	1224
237.116575	6	1221
320.968866	6	1209
213.784456	6	1226
206.009626	6	1228
109.616756	6	1242
315.449953	6	1215
350.711822	6	1212
357.136249	6	1211
320.572614	6	1217
299.323320	6	1223
153.145313	6	1246
317.381381	6	1225
267.195701	6	1233
222.360849	6	1240
228.771209	6	1239
330.261707	6	1227
400.943517	6	1218
413.824081	6	1216
222.834110	6	1244
329.380273	6	1229
266.724824	6	1238
275.762796	6	1237
290.187597	6	1236
186.977148	6	1257
347.739219	6	1235
516.226768	6	1210
382.060050	6	1230
218.055009	6	1253
249.571323	6	1249
157.216548	6	1262
318.220138	6	1241
395.660877	6	1231
290.826082	6	1248
550.537347	6	1214
417.102098	6	1234
326.745986	6	1247
444.510936	6	1232
145.226716	6	1277
241.281032	6	1266
282.620668	6	1260
396.675348	6	1245
359.892129	6	1250
427.900314	6	1243
368.774414	6	1251
314.437627	6	1259
306.973695	6	1261
291.778087	6	1264
282.020092	6	1267
357.989549	6	1256
198.426008	6	1280
256.603479	6	1273
320.723295	6	1265
370.796442	6	1258
104.725837	6	1297
348.301172	6	1263
411.416769	6	1255
192.606210	6	1287
334.791421	6	1268
233.963251	6	1282
261.064767	6	1281
452.743530	6	1254
350.647926	6	1269
472.944736	6	1252
156.876087	6	1301
174.554586	6	1300
297.616958	6	1284
364.193916	6	1276
302.439451	6	1286
323.022603	6	1285
367.626905	6	1279
339.788198	6	1288
415.688753	6	1278
327.460289	6	1293
356.801748	6	1289
399.779081	6	1283
165.591001	6	1317
516.444683	6	1270
375.122308	6	1290
164.709329	6	1320
522.242784	6	1271
331.376314	6	1298
358.253717	6	1299
308.194875	6	1306
202.796697	6	1321
559.774637	6	1272
552.331209	6	1274
325.273990	6	1305
553.245544	6	1275
186.145782	6	1325
357.080459	6	1302
329.768657	6	1307
324.546813	6	1309
426.551103	6	1296
342.379808	6	1308
448.861598	6	1294
318.458080	6	1313
480.926513	6	1291
320.166349	6	1316
475.049972	6	1295
169.956207	6	1337
424.967527	6	1304
327.578067	6	1319
160.818338	6	1341
228.406190	6	1333
536.710262	6	1292
288.147211	6	1326
203.989982	6	1340
481.267213	6	1303
329.019308	6	1327
459.342002	6	1312
214.193344	6	1346
388.736009	6	1324
363.583326	6	1328
227.904081	6	1345
371.391534	6	1329
417.806863	6	1323
353.529930	6	1332
192.004203	6	1353
307.700634	6	1339
144.822597	6	1361
505.453348	6	1314
482.271432	6	1318
545.539617	6	1311
566.634893	6	1310
318.622589	6	1344
347.917079	6	1342
240.437269	6	1357
308.466196	6	1347
505.084753	6	1322
426.411390	6	1334
587.936639	6	1315
209.594964	6	1366
164.666891	6	1373
427.162647	6	1338
262.055635	6	1360
346.564769	6	1348
516.051292	6	1331
245.728492	6	1367
167.182683	6	1380
388.539314	6	1349
367.991685	6	1352
161.507368	6	1381
230.226039	6	1372
250.553131	6	1369
497.483730	6	1336
326.936483	6	1359
290.911436	6	1364
296.725511	6	1365
321.241855	6	1362
285.177230	6	1368
227.299928	6	1377
492.547750	6	1343
352.185726	6	1363
236.255407	6	1379
215.991735	6	1382
456.741571	6	1350
615.760326	6	1330
579.452037	6	1335
436.511993	6	1354
424.293994	6	1356
457.587242	6	1351
319.637060	6	1371
297.404289	6	1374
282.520055	6	1376
225.159168	6	1384
268.454790	6	1378
414.703845	6	1358
242.650985	6	1383
242.708206	16	1385
322.193145	6	1375
467.820882	6	1355
399.603128	6	1370
258.502483	16	1395
286.926269	16	1392
252.681732	16	1398
275.481462	16	1400
376.925468	16	1391
342.826366	16	1397
86.7204666	6	1432
310.411453	16	1402
84.9425792	6	1433
85.0024223	6	1434
439.845085	16	1388
88.5727405	6	1435
84.2339992	6	1436
87.3291492	6	1437
86.0764980	6	1438
459.616661	16	1389
88.9606475	6	1439
84.7516059	6	1440
87.2464179	6	1441
83.0581188	6	1442
84.4168663	6	1443
385.587453	16	1403
82.8275680	6	1444
523.074388	16	1386
503.675460	16	1390
461.638927	16	1396
92.4408435	6	1445
532.651901	16	1387
86.9274139	6	1446
392.335653	16	1406
87.1372222	6	1447
374.170303	16	1409
86.3933563	6	1448
368.944168	16	1410
87.4905586	6	1449
341.049194	16	1415
85.7238769	6	1451
525.327205	16	1393
478.741884	16	1399
95.6027507	6	1450
352.998256	16	1416
79.9996852	6	1454
346.181392	16	1418
80.9600353	6	1455
102.413892	6	1453
79.2000293	6	1457
115.947484	6	1452
94.7644710	6	1456
377.807140	16	1419
421.603679	16	1413
370.867729	16	1420
93.4782028	6	1459
100.093364	6	1458
93.1301116	6	1461
105.334043	6	1460
463.034152	16	1412
612.371444	16	1394
450.702905	16	1414
393.527984	16	1422
434.063434	16	1417
109.945297	6	1462
104.370117	6	1464
93.9278602	6	1466
119.693517	6	1463
112.787723	6	1465
102.171659	6	1468
110.519647	6	1467
424.017190	16	1425
576.420307	16	1405
106.009006	6	1471
623.943090	16	1401
107.772827	6	1472
109.137058	6	1473
616.118192	16	1404
587.841749	16	1408
488.541841	16	1421
442.186117	16	1428
475.395917	16	1423
111.241102	6	1474
153.468132	6	1469
465.859651	16	1426
484.365940	16	1424
455.175399	16	1429
635.190725	16	1407
134.912967	6	1476
144.325256	6	1475
471.342563	16	1430
125.657558	6	1479
122.657299	6	1480
506.754398	16	1427
157.700538	6	1477
127.901792	6	1482
212.009429	6	1470
649.900436	16	1411
166.459321	6	1481
138.846158	6	1485
188.820838	6	1478
529.756546	16	1431
152.303695	6	1484
163.151025	6	1483
106.298685	6	1493
154.622554	6	1486
152.078628	6	1487
147.866487	6	1488
170.874834	6	1489
164.245367	6	1490
158.718585	6	1491
160.479307	6	1492
152.524948	6	1494
161.989212	6	1495
145.451307	6	1500
151.158571	6	1501
186.742544	6	1496
142.048597	6	1503
177.494525	6	1499
197.458744	6	1498
144.717454	6	1507
163.421630	6	1506
167.839527	6	1508
156.156301	6	1512
150.264501	6	1513
125.564813	6	1520
208.192586	6	1509
257.988929	6	1502
172.832727	6	1515
174.135684	6	1516
145.591259	6	1521
264.478445	6	1504
268.466949	6	1505
236.309289	6	1510
231.091976	6	1511
137.820005	6	1526
328.382253	6	1497
187.996864	6	1522
242.146492	6	1514
152.854204	6	1532
96.6453552	6	1541
205.312490	6	1527
282.705307	6	1517
252.692937	6	1523
297.609567	6	1519
150.019168	6	1542
212.434291	6	1533
202.053070	6	1535
169.911861	6	1540
224.327564	6	1534
291.796445	6	1524
340.365171	6	1518
298.020362	6	1525
274.340391	6	1529
168.502092	6	1546
301.063537	6	1528
221.608161	6	1543
270.876169	6	1536
318.384647	6	1530
276.634931	6	1538
222.653627	6	1547
291.807651	6	1537
349.190235	6	1531
153.059959	6	1561
151.619434	6	1562
319.250583	6	1539
143.680810	6	1566
187.688112	6	1560
273.727893	6	1549
257.628202	6	1553
277.772426	6	1552
305.000066	6	1550
253.686904	6	1558
343.039751	6	1545
327.959537	6	1548
275.645971	6	1556
292.385339	6	1554
377.544403	6	1544
317.257165	6	1555
222.148180	6	1569
311.053514	6	1557
313.841581	6	1559
192.045450	6	1578
380.039691	6	1551
243.400812	6	1571
301.973819	6	1563
314.120769	6	1564
242.829561	6	1576
326.690196	6	1568
334.725379	6	1567
357.044935	6	1565
219.502687	6	1586
341.722726	6	1570
262.322664	6	1582
234.848022	6	1588
339.476823	6	1574
324.656486	6	1577
298.178434	6	1581
350.477933	6	1575
328.994989	6	1579
333.801269	6	1580
257.225275	6	1591
313.447475	6	1584
308.322906	6	1589
221.349954	6	1602
274.377346	6	1594
168.596744	6	1609
263.771772	6	1596
436.829805	6	1572
446.382045	6	1573
358.642101	6	1587
191.045999	6	1611
392.829895	6	1583
256.890535	6	1603
295.967102	6	1598
308.637380	6	1597
289.977073	6	1601
368.211030	6	1590
339.140176	6	1595
361.124277	6	1593
372.076034	6	1592
426.793813	6	1585
357.023477	6	1599
352.486610	6	1600
261.517524	6	1613
304.633140	6	1608
346.925973	6	1606
383.927583	6	1604
192.584753	6	1631
178.581714	6	1633
300.910234	6	1617
312.708616	6	1616
378.064870	6	1607
222.903966	6	1629
280.430793	6	1622
317.574501	6	1618
330.500125	6	1619
362.714290	6	1615
375.824689	6	1614
347.202062	6	1621
366.704940	6	1620
211.444377	6	1642
457.035064	6	1610
301.366806	6	1632
316.533565	6	1630
188.383817	6	1649
509.175062	6	1605
374.422550	6	1626
303.060531	6	1637
370.260477	6	1628
407.932281	6	1624
221.528053	6	1651
433.792591	6	1623
520.157337	6	1612
237.092018	6	1653
426.502943	6	1627
376.256227	6	1636
344.188690	6	1641
382.905244	6	1638
324.714660	6	1647
243.693590	6	1658
421.312332	6	1635
335.528135	6	1648
251.033306	6	1660
398.945569	6	1640
413.696289	6	1639
195.566654	6	1669
273.238897	6	1659
326.977252	6	1652
453.402280	6	1634
313.119173	6	1657
399.168491	6	1646
576.205968	6	1625
377.477407	6	1654
338.161468	6	1666
499.345302	6	1644
458.594083	6	1650
493.579864	6	1645
368.011236	6	1662
354.000568	6	1664
418.156385	6	1656
380.456447	6	1661
302.572727	6	1672
193.204402	6	1689
372.541666	6	1667
341.560840	6	1671
552.234888	6	1643
480.274200	6	1655
329.404115	6	1675
312.367677	6	1679
222.944736	6	1692
329.136610	6	1677
330.229759	6	1678
204.791545	6	1699
419.293880	6	1673
366.818904	6	1681
461.293220	6	1668
373.428583	6	1680
486.191272	6	1665
185.915946	6	1706
337.036848	6	1686
357.236385	6	1684
432.538270	6	1674
291.710138	6	1694
172.303676	6	1709
498.564004	6	1670
381.421327	6	1687
566.911458	6	1663
389.473199	6	1688
317.366123	6	1698
434.906005	6	1682
419.374465	6	1685
135.895967	6	1719
386.063814	6	1691
340.014934	6	1697
205.186367	6	1711
330.693244	6	1701
346.123933	6	1702
244.292259	6	1712
366.819620	6	1700
547.763109	6	1676
343.824148	6	1704
186.984539	6	1721
217.254638	6	1718
161.726474	6	1726
142.929315	6	1729
254.568815	6	1714
457.429170	6	1693
217.641830	6	1722
203.948974	6	1724
235.470771	6	1720
386.356592	6	1705
157.277107	6	1732
267.840147	6	1717
462.541341	6	1696
556.723117	6	1683
409.490823	6	1703
172.694921	6	1731
308.753252	6	1713
304.386138	6	1715
491.520166	6	1695
244.244575	6	1725
313.078641	6	1716
381.456136	6	1707
235.870122	6	1727
547.486305	6	1690
366.561174	6	1710
388.679265	6	1708
243.238687	6	1728
305.516242	6	1723
258.879899	16	1735
303.207635	6	1730
301.110744	16	1734
272.209644	16	1744
292.446374	16	1743
363.097906	16	1733
333.900213	16	1745
85.2332115	6	1780
85.2403640	6	1781
84.3293666	6	1782
417.433977	16	1737
84.8567485	6	1783
89.4756317	6	1784
88.1199836	6	1785
441.682815	16	1736
86.4806175	6	1786
434.556484	16	1738
89.4114971	6	1787
87.9998207	6	1788
438.653945	16	1740
88.7081623	6	1789
452.223777	16	1741
98.3030796	6	1790
83.7209224	6	1793
104.151487	6	1791
82.0736885	6	1794
101.511001	6	1792
85.2303504	6	1796
98.1800556	6	1795
354.683160	16	1760
91.3777351	6	1797
494.555473	16	1742
379.670858	16	1758
81.8824768	6	1799
366.110801	16	1761
98.6917018	6	1798
486.139297	16	1746
90.2383327	6	1800
89.4610881	6	1802
96.3950157	6	1801
431.703567	16	1755
551.946878	16	1739
81.4340114	6	1805
399.781227	16	1762
391.197443	16	1764
101.415872	6	1803
379.667758	16	1766
86.6410732	6	1806
103.401899	6	1804
82.1788311	6	1807
423.664569	16	1763
80.8918476	6	1809
542.849540	16	1747
95.7086086	6	1808
537.953615	16	1748
398.421049	16	1768
429.528951	16	1765
557.446479	16	1749
92.5834178	6	1812
90.0218486	6	1813
106.264114	6	1811
554.397821	16	1750
91.0854339	6	1814
86.8926048	6	1815
437.369823	16	1769
451.236248	16	1767
132.952451	6	1810
81.6221237	6	1817
437.746763	16	1770
92.1216011	6	1816
85.3998661	6	1818
557.325363	16	1757
596.486330	16	1752
464.098930	16	1772
110.780239	6	1820
617.388725	16	1751
433.881998	16	1777
85.9050750	6	1824
125.530719	6	1819
592.347383	16	1756
98.5491275	6	1825
119.643211	6	1822
502.364158	16	1771
449.269533	16	1778
622.413158	16	1754
469.003677	16	1776
125.225305	6	1823
105.376243	6	1827
113.590478	6	1826
151.291370	6	1821
508.639812	16	1774
109.936714	6	1830
126.513242	6	1828
520.330905	16	1775
638.434648	16	1759
142.460823	6	1829
124.228954	6	1834
145.548582	6	1832
154.571771	6	1831
143.419504	6	1833
541.493654	16	1779
594.056606	16	1773
728.973865	16	1753
129.835605	6	1836
131.521463	6	1837
141.211032	6	1838
139.363050	6	1839
142.362833	6	1840
119.869470	6	1846
192.396879	6	1835
147.833824	6	1842
160.050630	6	1843
175.793886	6	1844
161.374568	6	1849
118.681430	6	1856
168.374300	6	1850
146.937131	6	1853
135.821580	6	1855
207.419157	6	1845
237.667798	6	1841
175.111055	6	1851
177.232742	6	1852
172.719240	6	1854
144.858837	6	1859
138.983726	6	1860
168.146848	6	1857
165.724277	6	1858
242.259263	6	1848
155.819416	6	1862
256.245136	6	1847
171.632051	6	1863
192.953586	6	1861
166.393995	6	1866
174.947261	6	1865
119.384288	6	1876
133.181095	6	1875
153.166055	6	1873
200.532913	6	1870
139.116048	6	1880
195.080757	6	1874
164.866924	6	1879
256.825685	6	1868
282.338857	6	1864
208.214521	6	1878
282.906293	6	1867
219.511985	6	1877
189.892768	6	1882
273.759841	6	1872
188.177824	6	1885
138.037443	6	1897
201.210737	6	1888
235.630512	6	1883
315.103054	6	1871
151.067018	6	1896
285.241842	6	1881
216.174364	6	1893
374.378442	6	1869
204.196453	6	1895
246.066808	6	1889
261.160135	6	1887
181.006669	6	1900
165.968179	6	1903
268.004894	6	1890
308.350324	6	1884
234.012365	6	1899
116.606950	6	1917
326.047658	6	1886
129.816770	6	1916
283.153772	6	1894
296.825647	6	1892
211.648464	6	1905
205.531120	6	1907
208.304643	6	1908
303.494691	6	1898
262.416124	6	1904
370.275497	6	1891
246.851205	6	1911
102.564811	6	1936
283.010482	6	1910
290.271759	6	1909
315.420627	6	1906
351.506710	6	1901
268.895149	6	1915
278.653860	6	1914
234.249591	6	1923
384.384632	6	1902
164.124727	6	1937
236.280918	6	1927
327.060937	6	1919
325.184345	6	1920
382.782936	6	1912
242.828369	6	1933
355.396032	6	1918
244.204759	6	1935
309.830188	6	1926
345.000743	6	1922
330.214262	6	1924
182.102680	6	1947
366.104602	6	1921
221.943140	6	1943
314.490079	6	1932
344.328165	6	1929
277.218103	6	1939
156.709432	6	1957
294.692039	6	1938
350.054025	6	1930
327.221393	6	1934
370.496511	6	1928
355.453968	6	1931
494.694709	6	1913
416.444540	6	1925
139.436721	6	1967
336.188554	6	1944
366.201162	6	1942
385.052919	6	1940
345.365285	6	1946
359.067440	6	1945
328.258514	6	1953
291.538238	6	1959
373.448371	6	1948
307.761669	6	1958
351.795434	6	1952
331.645727	6	1955
426.898479	6	1941
329.886674	6	1956
373.920440	6	1950
295.905351	6	1962
305.907011	6	1961
396.077156	6	1949
303.356647	6	1963
399.134635	6	1951
275.622844	6	1973
350.232362	6	1964
191.348552	6	1987
433.784008	6	1954
317.194461	6	1970
290.522098	6	1974
336.421728	6	1968
400.737285	6	1960
354.851961	6	1966
243.363380	6	1982
312.170028	6	1975
376.965284	6	1969
308.415412	6	1983
233.101844	6	1993
388.453006	6	1972
223.218679	6	1995
346.013545	6	1979
363.111734	6	1977
188.530206	6	2002
369.965791	6	1978
388.510942	6	1976
227.814435	6	1998
158.837556	6	2007
311.840772	6	1988
377.949714	6	1980
333.677530	6	1986
492.042779	6	1965
345.789432	6	1985
360.539436	6	1984
168.045759	6	2013
347.515583	6	1989
499.935388	6	1971
377.575635	6	1990
222.218036	6	2015
379.282712	6	1994
280.953645	6	2008
360.425949	6	1999
383.958578	6	1996
352.507591	6	2001
326.411008	6	2005
168.344736	6	2027
349.596261	6	2003
400.836467	6	1997
448.886394	6	1991
352.342605	6	2006
339.393138	6	2010
198.596715	6	2029
327.425241	6	2012
474.126100	6	1992
348.587751	6	2009
387.849330	6	2004
588.103771	6	1981
483.916759	6	2000
323.791027	6	2022
373.362541	6	2016
254.033803	6	2032
300.245285	6	2026
359.126567	6	2018
395.132780	6	2017
284.740924	6	2034
433.800697	6	2014
193.319797	6	2047
341.105937	6	2028
470.537662	6	2011
323.059558	6	2031
168.855667	6	2052
417.984008	6	2019
308.102607	6	2035
396.053314	6	2024
352.776288	6	2030
344.490766	6	2033
404.177427	6	2025
417.819499	6	2023
434.732198	6	2021
260.028839	6	2046
294.009685	6	2042
457.064390	6	2020
217.883586	6	2055
352.549076	6	2040
297.727584	6	2049
400.705814	6	2038
143.438100	6	2072
183.496236	6	2067
444.964408	6	2036
355.715513	6	2048
250.444173	6	2062
297.240972	6	2056
386.417865	6	2045
274.731636	6	2060
443.829774	6	2041
352.345943	6	2053
386.437416	6	2050
351.859331	6	2054
232.693672	6	2069
478.311061	6	2039
235.921144	6	2070
389.711618	6	2051
230.862140	6	2071
277.112960	6	2065
271.291971	6	2066
453.654050	6	2044
266.715764	6	2068
296.905279	6	2064
472.868442	6	2043
361.443519	6	2058
217.866420	6	2076
233.084678	6	2074
242.307186	6	2073
320.723772	6	2063
227.459430	6	2075
353.024244	6	2061
372.238397	6	2059
242.213726	6	2078
570.510864	6	2037
417.925357	6	2057
261.735677	6	2077
251.156568	6	2079
264.025688	16	2084
250.316143	16	2086
321.076869	16	2085
266.211271	16	2094
282.633066	16	2095
86.6668224	6	2129
85.8106613	6	2130
87.7642631	6	2131
88.7234210	6	2132
462.120532	16	2081
89.5149707	6	2133
89.7986888	6	2134
89.2317295	6	2135
83.8346481	6	2136
385.285615	16	2096
435.016393	16	2090
482.686519	16	2083
89.0195369	6	2137
89.1592502	6	2138
81.1314582	6	2140
510.456800	16	2082
366.192817	16	2102
94.0127372	6	2139
359.990596	16	2103
534.964323	16	2080
85.1557254	6	2141
448.290109	16	2093
481.860399	16	2089
81.6633701	6	2143
462.399959	16	2092
434.764146	16	2098
86.5654945	6	2145
327.177524	16	2113
424.084424	16	2100
353.787660	16	2110
89.3728733	6	2146
525.697469	16	2088
92.6983356	6	2147
355.970621	16	2112
383.858203	16	2109
89.0116691	6	2149
98.2782840	6	2148
77.7180194	6	2151
428.252696	16	2104
92.1783447	6	2150
564.005374	16	2087
493.761539	16	2097
80.0023078	6	2154
372.455120	16	2115
100.230216	6	2152
172.022104	6	2142
157.196044	6	2144
102.900266	6	2153
107.106924	6	2155
86.1923694	6	2159
394.625902	16	2117
108.693599	6	2156
469.928026	16	2107
109.017610	6	2157
83.3904743	6	2161
89.5276069	6	2160
596.398830	16	2091
432.438373	16	2114
110.816240	6	2158
548.944950	16	2099
470.373630	16	2111
86.3637924	6	2164
112.962961	6	2163
105.109453	6	2165
134.612083	6	2162
451.044559	16	2119
82.2877883	6	2170
109.200477	6	2167
104.015111	6	2169
451.995849	16	2122
505.743026	16	2116
125.505208	6	2168
622.292995	16	2101
145.247936	6	2166
111.348867	6	2171
100.838661	6	2174
494.265556	16	2120
587.621212	16	2108
493.899583	16	2121
122.220277	6	2172
482.400178	16	2123
526.184082	16	2118
128.504753	6	2173
460.544824	16	2128
646.329402	16	2105
498.965501	16	2125
507.585525	16	2124
151.106119	6	2175
136.746644	6	2177
143.934488	6	2176
133.385896	6	2178
661.973714	16	2106
137.225151	6	2179
134.959697	6	2181
536.754131	16	2126
140.313148	6	2182
134.194850	6	2183
550.261497	16	2127
134.434223	6	2188
152.025699	6	2186
120.037078	6	2191
145.937919	6	2190
159.204006	6	2189
175.168752	6	2187
226.253747	6	2180
150.347709	6	2192
152.031898	6	2193
137.161254	6	2197
224.029302	6	2184
171.952009	6	2195
240.566015	6	2185
165.241241	6	2199
156.434297	6	2201
188.992738	6	2196
165.967941	6	2200
162.333250	6	2203
120.412349	6	2210
155.673027	6	2205
178.710222	6	2202
143.513441	6	2208
126.700878	6	2211
94.5219993	6	2217
183.725595	6	2204
228.119373	6	2198
188.811779	6	2206
267.327785	6	2194
165.474176	6	2212
207.159996	6	2207
180.684804	6	2213
120.991706	6	2228
207.287549	6	2215
190.252304	6	2218
175.868749	6	2221
168.973684	6	2223
194.877862	6	2219
176.725387	6	2222
194.808006	6	2220
171.620130	6	2225
288.364171	6	2209
153.702497	6	2231
162.568092	6	2230
300.285100	6	2214
218.119144	6	2227
192.286968	6	2232
273.621320	6	2224
183.894157	6	2238
201.514720	6	2237
276.438474	6	2226
185.557842	6	2241
354.699373	6	2216
228.901624	6	2236
159.004926	6	2247
226.918220	6	2239
198.986768	6	2243
210.534095	6	2242
190.971851	6	2245
169.181585	6	2248
342.795610	6	2229
198.663711	6	2250
275.551080	6	2240
322.077035	6	2233
184.220075	6	2253
318.188190	6	2234
318.035125	6	2235
208.993911	6	2252
269.230604	6	2244
219.770193	6	2251
193.443536	6	2256
190.889120	6	2257
287.237882	6	2246
226.441621	6	2258
170.498847	6	2268
181.553602	6	2267
165.978670	6	2271
224.443435	6	2263
259.882450	6	2259
251.308202	6	2261
234.739303	6	2264
313.875913	6	2255
295.447349	6	2260
340.811967	6	2254
297.254085	6	2262
234.741687	6	2272
297.367334	6	2266
313.906431	6	2265
173.467874	6	2285
247.686386	6	2276
206.337213	6	2282
276.513814	6	2273
208.008050	6	2283
300.937652	6	2270
187.099456	6	2287
272.924900	6	2277
481.602668	6	2249
342.852115	6	2269
274.209976	6	2279
324.704170	6	2274
294.775962	6	2278
231.272459	6	2288
271.235466	6	2284
273.700475	6	2286
228.709220	6	2293
203.551530	6	2299
229.158639	6	2297
344.828128	6	2280
177.057266	6	2305
280.220031	6	2291
209.226608	6	2302
317.942380	6	2290
387.203216	6	2281
270.647525	6	2298
186.176776	6	2311
241.412639	6	2304
448.688745	6	2275
307.596683	6	2295
349.668979	6	2294
259.958267	6	2307
214.088201	6	2314
346.536397	6	2296
338.028192	6	2300
287.449836	6	2308
213.125467	6	2319
408.857107	6	2292
347.399473	6	2301
346.726894	6	2303
244.672775	6	2318
286.975383	6	2313
202.435970	6	2325
286.158323	6	2316
340.360641	6	2310
295.092821	6	2317
379.403829	6	2306
206.418991	6	2333
235.786437	6	2331
251.435995	6	2330
321.110486	6	2322
339.388132	6	2320
322.280168	6	2324
238.255977	6	2336
313.704490	6	2326
152.380704	6	2350
319.921016	6	2328
263.593435	6	2337
371.579408	6	2323
390.150070	6	2321
611.389398	6	2289
318.419694	6	2334
480.753898	6	2312
350.126981	6	2332
308.623790	6	2339
306.495189	6	2340
320.200681	6	2338
532.713651	6	2309
410.944461	6	2327
201.537847	6	2359
315.761566	6	2344
309.803485	6	2345
227.175235	6	2357
533.742904	6	2315
348.240613	6	2343
362.359523	6	2342
340.407133	6	2346
276.365756	6	2356
472.651720	6	2329
189.788818	6	2370
135.764360	6	2379
339.047431	6	2353
435.325384	6	2341
292.121648	6	2361
392.907857	6	2348
347.268342	6	2354
306.498765	6	2360
191.586732	6	2376
419.211626	6	2347
394.470691	6	2351
310.026645	6	2364
223.725557	6	2377
334.966182	6	2365
351.653337	6	2363
564.886093	6	2335
421.596765	6	2355
110.435962	6	2399
381.431818	6	2366
207.436561	6	2390
454.747200	6	2358
365.358352	6	2371
352.420568	6	2373
546.971559	6	2349
310.118436	6	2384
427.228927	6	2368
336.044073	6	2381
397.094964	6	2374
496.705293	6	2362
350.600957	6	2382
579.897642	6	2352
343.481063	6	2385
371.231555	6	2383
409.852266	6	2378
291.752338	6	2396
288.494586	6	2397
432.570695	6	2380
379.678487	6	2387
284.742593	6	2400
151.173830	6	2419
233.804225	6	2410
540.881633	6	2369
392.826557	6	2389
331.837415	6	2398
526.913642	6	2372
387.957572	6	2391
382.487773	6	2392
378.512859	6	2394
391.244888	6	2393
342.240571	6	2401
334.414005	6	2404
351.008415	6	2402
354.022026	6	2403
631.223678	6	2367
335.334539	6	2409
375.142335	6	2405
502.078056	6	2388
232.146501	6	2425
142.498731	6	2439
282.094478	6	2421
389.493227	6	2406
333.754777	6	2414
539.121627	6	2386
313.361644	6	2417
263.311862	6	2424
219.288587	6	2430
360.891819	6	2411
330.404043	6	2416
398.663043	6	2407
290.351629	6	2423
303.291082	6	2422
654.445171	6	2375
254.049062	6	2429
413.487434	6	2408
332.789897	6	2420
227.495670	6	2434
211.632966	6	2437
254.453897	6	2431
221.696138	6	2436
292.727947	6	2427
304.173946	6	2426
402.430534	6	2415
312.435388	6	2428
430.268049	6	2413
282.071352	6	2433
445.771932	6	2412
297.951698	6	2432
239.444971	16	2441
588.407278	6	2395
256.784200	6	2440
455.930233	6	2418
309.187889	6	2438
331.990718	6	2435
293.894767	16	2444
271.091461	16	2451
89.0483856	6	2489
86.6715908	6	2490
89.3676280	6	2491
446.072340	16	2443
87.7873897	6	2492
85.1969718	6	2493
334.064960	16	2459
84.5096111	6	2494
89.0843868	6	2495
90.1107788	6	2496
456.086874	16	2447
89.1215801	6	2497
88.1893634	6	2498
363.843917	16	2461
86.8449211	6	2499
482.183456	16	2446
424.860477	16	2454
86.9383811	6	2500
81.9864273	6	2502
93.2514667	6	2501
86.1387252	6	2503
82.3671817	6	2504
369.427204	16	2467
83.9705467	6	2505
501.376152	16	2450
325.547695	16	2474
83.8327407	6	2506
523.138046	16	2448
83.8797092	6	2507
398.150682	16	2466
84.8345756	6	2508
82.0264816	6	2509
82.6313495	6	2510
524.552583	16	2452
87.9759788	6	2511
584.966897	16	2445
81.1121463	6	2512
404.771327	16	2470
79.7982215	6	2513
511.575937	16	2456
616.309404	16	2442
401.625394	16	2471
81.4483165	6	2514
530.028104	16	2455
86.4791870	6	2515
88.1259441	6	2516
596.531391	16	2449
427.864074	16	2472
87.2008800	6	2517
457.268238	16	2468
450.170278	16	2469
401.541709	16	2476
86.0369205	6	2518
84.4218730	6	2519
583.548545	16	2453
80.7876586	6	2521
431.623935	16	2475
92.1735763	6	2522
537.978172	16	2463
113.066196	6	2520
423.146486	16	2479
90.2748107	6	2524
98.1259346	6	2523
566.800355	16	2460
590.509176	16	2457
585.630416	16	2458
447.534799	16	2477
484.362840	16	2473
412.945985	16	2483
102.092981	6	2525
90.3182029	6	2527
442.790031	16	2480
82.0689201	6	2529
104.590177	6	2530
490.293264	16	2478
473.005056	16	2481
103.751659	6	2531
80.7783603	6	2536
148.899316	6	2526
467.133760	16	2484
613.010168	16	2464
92.4725532	6	2535
116.264820	6	2532
149.029970	6	2528
467.811346	16	2486
471.754789	16	2487
106.214761	6	2537
104.376077	6	2539
666.559219	16	2465
690.303325	16	2462
122.965335	6	2542
119.428873	6	2543
542.250633	16	2485
566.146135	16	2482
143.327713	6	2540
156.609535	6	2538
121.634006	6	2545
534.470319	16	2488
208.464622	6	2533
149.211645	6	2544
134.661436	6	2548
228.501081	6	2534
161.750078	6	2546
167.508602	6	2549
148.748636	6	2552
144.783496	6	2553
147.679328	6	2554
172.938823	6	2551
131.503343	6	2559
165.172338	6	2556
124.608278	6	2562
173.737764	6	2555
233.078479	6	2547
150.398492	6	2560
177.704334	6	2558
188.530683	6	2557
247.533082	6	2550
148.236751	6	2565
184.507846	6	2563
334.380865	6	2541
161.592960	6	2567
208.826065	6	2561
174.549818	6	2566
178.456068	6	2568
166.272401	6	2570
174.521207	6	2569
158.985853	6	2572
164.624691	6	2574
188.129663	6	2571
132.028579	6	2580
180.451393	6	2573
150.125026	6	2579
175.932407	6	2576
256.818056	6	2564
209.724903	6	2575
162.770032	6	2582
197.262763	6	2578
162.635326	6	2585
122.846841	6	2592
162.248849	6	2587
171.262264	6	2588
196.550369	6	2586
162.064313	6	2594
209.059238	6	2590
255.322694	6	2584
166.046619	6	2598
163.568496	6	2599
312.849521	6	2577
181.225776	6	2597
190.243482	6	2596
315.376520	6	2581
179.466009	6	2602
115.339517	6	2612
269.549131	6	2589
202.268838	6	2600
158.517837	6	2608
170.710086	6	2607
335.290431	6	2583
264.557361	6	2595
179.617404	6	2610
242.008924	6	2604
325.356006	6	2593
188.927650	6	2614
190.656185	6	2615
121.493577	6	2627
183.039903	6	2619
276.253461	6	2606
290.723800	6	2605
126.338243	6	2632
346.879482	6	2601
236.427068	6	2618
259.629487	6	2616
350.431203	6	2603
257.490158	6	2617
302.966833	6	2613
163.614273	6	2636
216.639757	6	2628
338.214635	6	2611
264.010667	6	2622
471.648931	6	2591
180.496215	6	2635
170.597791	6	2637
311.903953	6	2620
253.009796	6	2630
143.502712	6	2647
214.504957	6	2639
257.133245	6	2634
231.279611	6	2642
339.875936	6	2626
154.851913	6	2655
278.767347	6	2640
200.498104	6	2652
301.958084	6	2638
336.544036	6	2633
177.179098	6	2656
102.138280	6	2667
407.397985	6	2625
424.226999	6	2623
278.733015	6	2645
533.692836	6	2609
226.349353	6	2654
389.426469	6	2631
437.411785	6	2624
482.072591	6	2621
207.494020	6	2660
216.209411	6	2659
324.513196	6	2646
358.986139	6	2643
338.600158	6	2648
483.279466	6	2629
282.706975	6	2658
359.500169	6	2650
305.913209	6	2657
178.368091	6	2676
195.163965	6	2675
290.565490	6	2662
377.152442	6	2653
187.927722	6	2682
151.019096	6	2687
344.785451	6	2661
312.082052	6	2666
493.757247	6	2641
295.534133	6	2670
233.203172	6	2679
315.567970	6	2672
122.227191	6	2699
373.747825	6	2665
363.424777	6	2668
494.878530	6	2651
304.083824	6	2678
188.526391	6	2696
432.001113	6	2663
540.004491	6	2649
316.190719	6	2681
347.480535	6	2677
369.323492	6	2674
298.677682	6	2686
412.738561	6	2671
241.947174	6	2695
356.323003	6	2680
325.090408	6	2685
630.667924	6	2644
483.855962	6	2664
456.835031	6	2669
299.094438	6	2692
370.277881	6	2684
256.310462	6	2701
249.136209	6	2702
210.683345	6	2707
285.794973	6	2698
182.827949	6	2712
371.520280	6	2690
253.209590	6	2706
396.488904	6	2688
329.159021	6	2697
164.684534	6	2719
195.379257	6	2715
400.394916	6	2689
289.532423	6	2705
203.063488	6	2718
137.369155	6	2727
401.999950	6	2693
548.213958	6	2673
408.386945	6	2694
212.616205	6	2721
440.747737	6	2691
374.751806	6	2700
323.558330	6	2710
116.358995	6	2739
324.031829	6	2711
293.402671	6	2716
546.795606	6	2683
159.457921	6	2735
257.840633	6	2725
323.764562	6	2717
317.933559	6	2722
388.963699	6	2714
489.466190	6	2703
450.981378	6	2708
281.985759	6	2732
175.605773	6	2747
431.698322	6	2713
351.371526	6	2726
138.516902	6	2755
479.497432	6	2709
332.776784	6	2729
328.828334	6	2730
325.827360	6	2731
306.445837	6	2736
299.115419	6	2737
273.571729	6	2741
430.989265	6	2720
549.957513	6	2704
280.401706	6	2742
210.582256	6	2752
315.742731	6	2738
182.272434	6	2759
287.062168	6	2749
275.583744	6	2751
208.379030	6	2762
413.065195	6	2734
490.877151	6	2724
504.893541	6	2723
474.390745	6	2728
311.433076	6	2750
282.184839	6	2756
211.560010	6	2767
288.718461	6	2757
466.026306	6	2733
286.718368	6	2758
164.970874	6	2775
376.112699	6	2746
396.998405	6	2745
232.836723	6	2771
180.802106	6	2778
356.304883	6	2754
215.133428	6	2777
485.132217	6	2740
222.264051	6	2776
455.786466	6	2744
215.296030	6	2779
286.271333	6	2772
370.237827	6	2761
319.516897	6	2769
492.914915	6	2748
261.035919	6	2782
324.722051	6	2774
172.807216	6	2795
430.132150	6	2760
360.538482	6	2770
398.719072	6	2766
492.307186	6	2753
572.011232	6	2743
246.597290	6	2791
261.229991	6	2789
230.390548	6	2794
213.257551	6	2797
221.145868	6	2798
280.253410	6	2790
240.530252	6	2796
311.167955	6	2787
275.014400	6	2792
156.069517	6	2807
417.115211	6	2773
227.070093	6	2799
498.113155	6	2763
488.643646	6	2765
339.868068	6	2785
332.888364	6	2786
320.173025	6	2788
471.415281	6	2768
219.834089	6	2802
387.088537	6	2781
241.574048	6	2801
221.103906	6	2805
198.957681	6	2808
417.377948	6	2780
272.719144	6	2800
343.160867	6	2793
411.670446	6	2784
561.384201	6	2764
432.062387	6	2783
257.599115	6	2806
247.908830	16	2811
326.649904	6	2803
252.234458	16	2812
261.260986	16	2813
342.738389	6	2804
256.502389	16	2816
260.964155	16	2818
238.928794	16	2821
256.804704	16	2824
342.333793	16	2817
299.439191	16	2828
88.9675617	6	2858
83.2870006	6	2859
86.7369174	6	2860
87.3775482	6	2861
89.9584293	6	2862
84.2850208	6	2863
435.264348	16	2815
87.0335102	6	2864
87.0087146	6	2865
489.311933	16	2810
462.546110	16	2814
85.4604244	6	2866
85.9119892	6	2867
91.6943550	6	2868
86.0340595	6	2869
452.401876	16	2820
331.899642	16	2836
466.169118	16	2819
95.6282615	6	2870
88.3960723	6	2871
91.6538238	6	2872
87.0549678	6	2873
339.872121	16	2839
83.1718444	6	2875
94.3727493	6	2874
84.5835208	6	2876
85.9456062	6	2877
355.940341	16	2840
356.848716	16	2841
87.1717929	6	2878
82.9238891	6	2879
391.024351	16	2838
439.211606	16	2832
90.3878211	6	2880
88.0994796	6	2881
367.654085	16	2844
82.8409194	6	2883
447.974443	16	2833
93.5399532	6	2882
92.1888351	6	2884
86.7478847	6	2885
499.377727	16	2829
652.137517	16	2809
84.3105316	6	2886
548.230409	16	2823
84.8040580	6	2887
568.124055	16	2822
380.141973	16	2848
91.2148952	6	2888
84.7895145	6	2889
567.273855	16	2825
93.1546688	6	2890
554.217815	16	2827
487.550497	16	2837
455.170631	16	2843
80.3887844	6	2894
89.7576808	6	2893
434.183359	16	2847
102.887153	6	2892
472.557544	16	2842
90.7721519	6	2895
123.425483	6	2891
597.236633	16	2826
85.8557224	6	2898
474.833488	16	2845
554.214954	16	2834
477.063894	16	2846
586.372137	16	2831
558.549165	16	2835
91.0279750	6	2900
106.677293	6	2901
439.439296	16	2856
95.8626270	6	2903
627.099514	16	2830
107.029199	6	2902
148.642063	6	2896
463.810920	16	2854
468.269824	16	2855
494.655847	16	2851
110.352516	6	2904
507.653951	16	2850
511.973857	16	2852
169.261217	6	2899
128.827095	6	2905
102.126598	6	2909
123.410701	6	2908
534.293174	16	2853
152.733802	6	2906
151.186943	6	2907
223.026990	6	2897
136.207580	6	2911
584.789991	16	2849
119.719266	6	2914
159.496307	6	2910
144.145488	6	2915
564.073085	16	2857
139.581441	6	2917
166.826248	6	2913
151.592016	6	2916
190.608978	6	2912
137.687206	6	2921
170.095205	6	2918
132.165431	6	2925
152.172088	6	2922
146.492004	6	2923
152.245044	6	2926
213.061094	6	2919
184.613704	6	2924
150.880336	6	2930
217.999219	6	2920
144.142866	6	2932
172.452449	6	2928
162.253618	6	2931
194.769859	6	2927
160.142898	6	2935
180.605173	6	2933
182.121753	6	2937
128.678083	6	2945
147.734403	6	2943
167.623043	6	2940
164.744615	6	2941
251.645565	6	2929
136.636495	6	2951
180.156230	6	2946
265.174150	6	2934
257.032871	6	2936
154.608011	6	2952
243.727922	6	2939
128.242731	6	2957
182.277679	6	2950
163.342714	6	2953
239.543914	6	2942
214.612245	6	2949
222.470760	6	2948
188.947439	6	2954
306.516647	6	2938
193.808078	6	2955
154.715538	6	2961
264.464616	6	2947
204.234600	6	2956
190.829277	6	2960
157.192945	6	2965
302.050352	6	2944
130.335569	6	2971
198.400497	6	2963
148.894548	6	2972
175.414800	6	2970
204.435586	6	2969
301.146745	6	2959
209.175825	6	2973
321.199417	6	2958
266.299724	6	2966
196.823358	6	2977
291.337251	6	2964
270.434141	6	2968
205.343008	6	2980
132.577419	6	2991
312.091827	6	2967
233.972549	6	2981
213.500738	6	2985
211.611747	6	2986
237.163305	6	2983
381.987094	6	2962
265.654563	6	2979
187.155008	6	2992
302.474975	6	2975
316.184997	6	2974
232.545375	6	2988
263.761520	6	2984
121.794462	6	3005
228.223562	6	2990
316.844701	6	2978
330.490112	6	2976
198.987960	6	2997
207.527160	6	3000
294.062852	6	2989
314.326286	6	2987
249.302625	6	2998
218.147993	6	3004
288.772583	6	2995
173.783779	6	3011
397.387027	6	2982
316.649198	6	2994
297.292232	6	2999
219.859361	6	3010
206.419706	6	3012
291.069030	6	3001
176.582336	6	3017
356.657743	6	2993
304.803133	6	3003
294.424772	6	3006
202.541351	6	3025
300.500869	6	3013
337.749481	6	3009
356.932163	6	3007
188.303709	6	3031
186.582803	6	3032
283.409118	6	3018
281.423807	6	3021
423.323154	6	3002
472.362041	6	2996
303.935766	6	3019
325.142383	6	3016
383.448123	6	3008
339.105606	6	3015
285.047054	6	3023
278.488636	6	3024
179.941415	6	3038
310.291767	6	3020
209.393262	6	3037
285.793781	6	3029
393.218755	6	3014
318.088769	6	3026
273.449659	6	3033
219.254970	6	3041
311.198234	6	3030
189.415931	6	3049
229.333400	6	3044
365.742206	6	3027
182.047843	6	3053
288.466215	6	3039
203.673362	6	3051
284.546136	6	3040
414.633989	6	3022
209.787607	6	3052
351.863384	6	3034
301.669597	6	3043
188.326835	6	3060
364.030122	6	3036
205.134868	6	3058
392.705678	6	3035
223.779439	6	3059
469.505786	6	3028
326.205968	6	3048
350.128173	6	3045
327.382326	6	3050
351.677894	6	3047
163.963556	6	3073
365.070581	6	3046
391.473293	6	3042
252.011299	6	3063
313.182830	6	3056
152.882099	6	3083
317.458868	6	3061
251.674175	6	3071
244.350433	6	3072
320.169687	6	3062
429.060935	6	3054
154.262304	6	3093
361.873626	6	3064
363.337278	6	3065
441.436052	6	3055
277.255296	6	3080
443.421602	6	3057
354.395627	6	3070
388.928174	6	3067
136.177301	6	3103
332.802295	6	3076
319.857835	6	3078
226.561307	6	3092
410.134315	6	3066
389.886379	6	3069
344.162940	6	3079
262.202501	6	3091
223.147153	6	3100
390.810489	6	3077
166.365385	6	3112
277.338266	6	3098
442.975759	6	3075
286.570549	6	3099
202.218294	6	3111
465.707540	6	3074
263.708353	6	3104
406.437158	6	3084
330.494880	6	3096
214.645624	6	3113
402.242183	6	3087
388.646364	6	3090
543.712615	6	3068
149.506330	6	3123
471.361637	6	3082
335.574388	6	3102
395.759105	6	3094
457.613468	6	3086
438.627243	6	3089
230.383157	6	3118
474.849700	6	3085
346.822261	6	3105
260.755300	6	3119
303.210258	6	3116
517.348051	6	3088
378.130912	6	3108
151.987791	6	3139
581.858634	6	3081
444.060564	6	3101
224.647283	6	3131
297.800064	6	3121
225.162267	6	3132
409.826517	6	3110
264.384031	6	3130
337.861299	6	3120
222.826719	6	3136
452.651500	6	3106
307.508468	6	3126
384.640455	6	3117
201.434850	6	3143
475.034475	6	3107
327.549219	6	3127
365.870952	6	3122
436.996459	6	3114
263.683795	6	3138
311.998605	6	3133
253.971338	6	3141
586.506843	6	3097
191.479444	6	3151
272.097826	6	3140
189.833402	6	3152
401.616811	6	3124
252.083301	6	3144
282.764673	6	3142
209.362506	6	3153
353.385210	6	3134
333.014726	6	3137
542.854785	6	3109
241.813898	6	3150
262.613534	6	3147
416.962385	6	3128
264.464378	6	3148
286.397218	6	3146
670.555591	6	3095
300.365447	6	3145
528.695821	6	3115
378.844976	6	3135
452.692985	6	3125
242.001056	6	3154
432.972192	6	3129
281.506538	6	3149
236.310720	16	3160
314.167022	6	3155
420.293807	16	3156
91.1819934	6	3203
89.1094207	6	3204
86.2727165	6	3205
440.830945	16	3157
90.0032520	6	3206
85.9749317	6	3207
83.2641124	6	3208
454.688787	16	3158
344.608306	16	3173
86.4162445	6	3209
450.405836	16	3159
88.0331993	6	3210
88.0503654	6	3211
442.891597	16	3163
89.0729427	6	3212
368.285655	16	3174
78.4268379	6	3214
95.6454277	6	3213
432.735204	16	3166
85.3979587	6	3215
88.7544155	6	3216
81.5515518	6	3217
85.0987434	6	3218
507.937431	16	3161
86.7643356	6	3219
85.0012302	6	3220
340.405941	16	3186
361.765384	16	3183
88.2573127	6	3221
79.2078971	6	3224
96.2197780	6	3222
88.9935493	6	3223
473.716259	16	3171
84.8953723	6	3225
85.5858325	6	3226
548.962593	16	3164
80.8088779	6	3227
512.362003	16	3170
84.2888355	6	3228
372.314691	16	3190
577.018022	16	3162
533.077239	16	3168
84.1050148	6	3229
81.3877582	6	3230
562.975883	16	3165
379.809379	16	3191
86.4078998	6	3231
559.247016	16	3167
414.697170	16	3188
92.3507213	6	3232
85.5791568	6	3233
79.1776180	6	3234
452.732801	16	3184
442.761182	16	3187
85.1778984	6	3235
92.3905372	6	3236
470.561742	16	3185
83.4431648	6	3237
544.890165	16	3176
88.3290767	6	3238
600.757598	16	3169
83.8696956	6	3239
434.506654	16	3193
586.573839	16	3172
86.8046283	6	3240
424.093723	16	3196
82.2386741	6	3242
481.845140	16	3189
462.939500	16	3192
100.636482	6	324179.9205303	6	3244

87.9135131	6	3243
596.483945	16	3175
560.992479	16	3180
579.442977	16	3178
89.7731781	6	3245
472.798585	16	3194
595.677137	16	3177
95.4148769	6	3246
89.6980762	6	3247
461.751222	16	3198
597.457170	16	3179
475.422620	16	3197
85.3929519	6	3249
502.746105	16	3195
79.8947811	6	3252
471.152305	16	3200
479.229927	16	3199
91.2976264	6	3251
114.511013	6	3248
111.794471	6	3250
85.1628780	6	3255
642.513751	16	3181
110.313653	6	3254
125.056028	6	3253
98.8924503	6	3257
110.828638	6	3256
523.150682	16	3201
103.252649	6	3258
100.661993	6	3264
704.322338	16	3182
565.310955	16	3202
134.614706	6	3261
153.131484	6	3260
160.245180	6	3259
135.171413	6	3263
148.239374	6	3262
140.529870	6	3265
137.512207	6	3266
113.699674	6	3271
133.108139	6	3269
146.378993	6	3268
163.128376	6	3267
141.917228	6	3274
128.169059	6	3276
123.139619	6	3277
149.375438	6	3273
146.331548	6	3275
175.399065	6	3272
145.625591	6	3278
134.280681	6	3285
166.876077	6	3280
169.140577	6	3281
167.500019	6	3282
152.584314	6	3286
174.955844	6	3284
157.638311	6	3287
152.720212	6	3288
272.541046	6	3270
151.878595	6	3289
162.360668	6	3291
156.180858	6	3293
132.620573	6	3297
162.520647	6	3296
170.184612	6	3295
138.698577	6	3300
176.830291	6	3294
133.606433	6	3305
155.503273	6	3302
180.851936	6	3298
323.123216	6	3279
302.074432	6	3283
186.519622	6	3301
153.613090	6	3309
181.425333	6	3306
199.559926	6	3304
149.197340	6	3313
295.564413	6	3292
207.553625	6	3308
181.090354	6	3314
202.067136	6	3311
112.579822	6	3325
187.108039	6	3316
304.187297	6	3299
195.101022	6	3320
394.779443	6	3290
291.375398	6	3307
248.507738	6	3318
353.911638	6	3303
226.668596	6	3323
271.223306	6	3317
287.694215	6	3315
324.476718	6	3310
317.407846	6	3312
254.652023	6	3322
223.091602	6	3329
199.555397	6	3333
281.965255	6	3321
199.726104	6	3336
194.728374	6	3338
325.874805	6	3319
271.613836	6	3328
182.846307	6	3345
311.044216	6	3326
240.935087	6	3337
184.467077	6	3349
304.608583	6	3332
146.357536	6	3357
247.251749	6	3342
303.000450	6	3335
253.741741	6	3343
314.383983	6	3334
341.766595	6	3331
282.650470	6	3340
371.140480	6	3327
396.290063	6	3324
265.788555	6	3344
240.438938	6	3348
175.037860	6	3358
298.535823	6	3341
208.369731	6	3356
245.751857	6	3353
224.036931	6	3363
342.643022	6	3346
189.295291	6	3369
310.725450	6	3354
364.920616	6	3347
344.861984	6	3355
373.632431	6	3351
519.181489	6	3330
206.836223	6	3378
316.101551	6	3364
308.748722	6	3365
348.576068	6	3361
266.077756	6	3373
358.680009	6	3360
301.808357	6	3368
349.340438	6	3362
384.335517	6	3359
524.649858	6	3339
334.418535	6	3366
284.904956	6	3377
462.250947	6	3352
303.990840	6	3375
323.276758	6	3374
222.235918	6	3389
497.257709	6	3350
352.678537	6	3371
361.462593	6	3370
384.324073	6	3367
291.293621	6	3383
312.533140	6	3380
194.835186	6	3398
314.010858	6	3382
246.045351	6	3393
397.048234	6	3372
378.169298	6	3376
230.078458	6	3397
323.833942	6	3385
307.902574	6	3388
341.836452	6	3384
330.516099	6	3386
332.047462	6	3387
288.004398	6	3395
400.482892	6	3381
362.376928	6	3391
246.766567	6	3408
291.909456	6	3402
350.638389	6	3394
475.209236	6	3379
336.163043	6	3400
314.147949	6	3403
246.485710	6	3415
321.122646	6	3406
330.478429	6	3405
397.649526	6	3396
161.816835	6	3428
344.599246	6	3404
327.237844	6	3407
375.627040	6	3401
463.481903	6	3392
338.230609	6	3409
249.135971	6	3422
281.825304	6	3418
485.976457	6	3390
419.985055	6	3399
289.121866	6	3420
343.703746	6	3413
273.969650	6	3426
290.903806	6	3425
361.046075	6	3417
408.564805	6	3411
317.854881	6	3424
172.609329	6	3444
214.227676	6	3438
155.314922	6	3448
259.667873	6	3435
184.790611	6	3446
418.360948	6	3414
312.051534	6	3429
363.889455	6	3423
299.333095	6	3433
472.233295	6	3410
323.771715	6	3430
271.091699	6	3440
451.059341	6	3416
215.367078	6	3449
376.961708	6	3427
255.997657	6	3445
280.096769	6	3442
190.317392	6	3455
217.450618	6	3453
340.654134	6	3436
385.699033	6	3431
279.748439	6	3447
204.459667	6	3458
175.094127	6	3462
359.573125	6	3437
325.618982	6	3443
506.010293	6	3419
238.940715	6	3456
503.440141	6	3421
284.087419	6	3451
356.561660	6	3441
407.674312	6	3434
295.152902	6	3450
579.379796	6	3412
255.471229	6	3457
434.794664	6	3432
231.176853	6	3460
294.436693	6	3452
215.082883	6	3463
306.783914	6	3454
287.870407	6	3459
432.123899	6	3439
288.574934	6	3461
252.613067	16	3467
282.591581	16	3471
306.640625	16	3468
303.789854	16	3476
425.005912	16	3464
86.0600471	6	3512
84.2397212	6	3513
86.3742828	6	3514
87.4176025	6	3515
428.177118	16	3469
90.4459953	6	3516
87.4333381	6	3517
89.6055698	6	3518
84.7144126	6	3519
413.864374	16	3475
85.4055881	6	3520
363.621473	16	3483
449.210882	16	3472
88.7756347	6	3521
82.8990936	6	3522
82.6427936	6	3523
82.3047161	6	3524
83.1184387	6	3525
464.910030	16	3474
82.8168392	6	3526
354.991436	16	3489
316.361427	16	3495
80.9891223	6	3528
95.6950187	6	3527
358.456373	16	3492
83.4431648	6	3530
93.1839942	6	3529
462.607860	16	3479
477.735280	16	3478
88.6881351	6	3531
85.2360725	6	3532
366.611242	16	3494
81.1102390	6	3533
594.262123	16	3465
82.7414989	6	3534
82.3011398	6	3535
380.825281	16	3496
490.561962	16	3481
80.4429054	6	3536
526.415824	16	3477
82.6542377	6	3537
374.755144	16	3499
483.860015	16	3485
85.8962535	6	3538
578.095912	16	3473
395.777225	16	3498
88.2141590	6	3539
82.2086334	6	3540
80.7795524	6	3541
79.1099071	6	3542
450.507879	16	3493
392.926216	16	3501
78.1753063	6	3543
430.460929	16	3497
88.8218879	6	3544
82.7145576	6	3545
559.670925	16	3482
81.8982124	6	3546
576.710462	16	3480
87.3467922	6	3547
434.220314	16	3502
452.749729	16	3500
92.5402641	6	3548
86.7769718	6	3549
83.1542015	6	3551
95.7951545	6	3550
80.9547901	6	3553
92.9737091	6	3552
600.660085	16	3484
455.859184	16	3504
84.0792655	6	3556
91.1333560	6	3555
481.275320	16	3503
114.331960	6	3554
95.1774120	6	3557
456.873655	16	3509
84.4528675	6	3560
92.5090312	6	3559
760.801553	16	3470
639.991044	16	3487
611.577033	16	3491
498.622417	16	3507
80.3849697	6	3564
130.108594	6	3558
652.238368	16	3488
116.014719	6	3561
511.848449	16	3508
115.345239	6	3562
90.2650356	6	3566
118.284463	6	3563
660.130977	16	3490
521.225690	16	3510
556.204319	16	3505
99.0960597	6	3567
696.763992	16	3486
552.125215	16	3506
843.355178	16	3466
117.828369	6	3565
519.561052	16	3511
105.262517	6	3569
125.167369	6	3568
110.997915	6	3570
118.684053	6	3571
128.400802	6	3573
122.163057	6	3574
144.793987	6	3575
164.977073	6	3572
142.834424	6	3576
149.450778	6	3578
159.290075	6	3577
152.907609	6	3579
148.095369	6	3580
149.219036	6	3581
148.104190	6	3582
126.408576	6	3589
143.548488	6	3587
158.119678	6	3588
177.200794	6	3585
123.815536	6	3595
189.054727	6	3586
139.958381	6	3594
208.416938	6	3584
214.737415	6	3583
173.867464	6	3590
171.677350	6	3591
178.362369	6	3592
144.397020	6	3598
165.337562	6	3596
147.299289	6	3599
172.887325	6	3597
151.082754	6	3602
166.497945	6	3600
221.528530	6	3593
148.592710	6	3604
137.156486	6	3607
151.464700	6	3608
126.657485	6	3614
128.051519	6	3615
178.105354	6	3609
227.828025	6	3603
170.913219	6	3612
225.865364	6	3605
197.005748	6	3610
236.108779	6	3606
173.100471	6	3616
278.850555	6	3601
167.484283	6	3619
190.236091	6	3617
241.628408	6	3611
167.123556	6	3623
202.710151	6	3618
147.549390	6	3627
200.470447	6	3622
215.270757	6	3620
162.548303	6	3630
138.970375	6	3635
146.049737	6	3634
171.782732	6	3632
207.533836	6	3628
189.039468	6	3637
298.351764	6	3621
167.522430	6	3641
283.592224	6	3625
210.752725	6	3636
295.909643	6	3624
261.665582	6	3631
224.149227	6	3639
199.401378	6	3643
206.719398	6	3642
402.846813	6	3613
173.856258	6	3650
202.835083	6	3647
307.379961	6	3633
176.872014	6	3653
284.770727	6	3638
349.706172	6	3629
222.736358	6	3649
381.284236	6	3626
215.442895	6	3651
202.408790	6	3654
220.537900	6	3652
208.358287	6	3655
290.164232	6	3644
319.558620	6	3640
292.777538	6	3645
276.947736	6	3648
227.163553	6	3661
261.023044	6	3659
165.832757	6	3673
367.898225	6	3646
290.005922	6	3658
231.399297	6	3668
225.844144	6	3670
316.145420	6	3657
281.284809	6	3663
168.982505	6	3679
277.187585	6	3665
319.924592	6	3660
322.689533	6	3662
376.726388	6	3656
123.593807	6	3693
242.509126	6	3676
328.504562	6	3664
277.498006	6	3674
210.706233	6	3685
343.004226	6	3667
269.321441	6	3678
339.225292	6	3672
318.363428	6	3675
298.563718	6	3680
280.234098	6	3683
367.774486	6	3671
402.325630	6	3666
212.516307	6	3694
202.863931	6	3698
258.501768	6	3690
307.943582	6	3684
304.874897	6	3687
301.712751	6	3688
197.208881	6	3703
385.565996	6	3677
243.712425	6	3699
460.558176	6	3669
283.941268	6	3695
254.818439	6	3700
340.394735	6	3692
428.197622	6	3681
288.541555	6	3701
264.333009	6	3705
203.235864	6	3715
291.681289	6	3704
386.923551	6	3691
428.969621	6	3686
271.469354	6	3708
352.769613	6	3697
371.672630	6	3696
333.939552	6	3702
476.336002	6	3682
455.856561	6	3689
283.644437	6	3713
316.769838	6	3709
217.587232	6	3725
235.093355	6	3723
305.432081	6	3714
161.856412	6	3735
299.557924	6	3718
266.007900	6	3724
364.384412	6	3712
224.870681	6	3732
323.603391	6	3719
260.936975	6	3728
355.643987	6	3716
166.432857	6	3744
246.725320	6	3733
408.403158	6	3711
267.010450	6	3731
426.759243	6	3710
474.269151	6	3706
276.621580	6	3734
368.165254	6	3722
185.833692	6	3748
220.596551	6	3745
405.883073	6	3720
271.860599	6	3739
367.984533	6	3729
162.618398	6	3759
406.246900	6	3726
327.196359	6	3738
214.414358	6	3754
389.468431	6	3730
211.681842	6	3755
489.269018	6	3717
367.114305	6	3736
290.682792	6	3749
280.670642	6	3752
355.181932	6	3743
366.884708	6	3742
524.288415	6	3721
228.562831	6	3764
323.360443	6	3753
445.137023	6	3737
195.820093	6	3772
676.293373	6	3707
160.445690	6	3779
402.294874	6	3746
330.764293	6	3756
458.498954	6	3740
389.596223	6	3750
312.357664	6	3760
280.553340	6	3765
392.984628	6	3751
425.073623	6	3747
361.880540	6	3758
295.485258	6	3774
226.275205	6	3785
387.639284	6	3763
350.903034	6	3768
344.918012	6	3769
567.252635	6	3741
322.288990	6	3775
340.286254	6	3773
461.193323	6	3757
268.637418	6	3784
440.182209	6	3762
205.966472	6	3794
343.467473	6	3776
304.320335	6	3782
708.196401	6	3727
465.264081	6	3761
186.717987	6	3799
332.524776	6	3780
186.913967	6	3804
313.232898	6	3788
387.958526	6	3778
436.368703	6	3771
292.371034	6	3791
266.720294	6	3795
314.482450	6	3789
474.953413	6	3767
488.274335	6	3766
322.876453	6	3790
469.085216	6	3770
299.823999	6	3793
282.150268	6	3796
396.375894	6	3781
383.146286	6	3783
257.646560	6	3800
213.087081	6	3808
245.745182	6	3805
388.314962	6	3786
276.852846	6	3802
199.595451	6	3813
389.156103	6	3787
465.022325	6	3777
351.680994	6	3792
276.281356	6	3803
236.330270	6	3809
293.691873	6	3801
316.616773	6	3798
281.176090	6	3806
349.086284	6	3797
260.123252	6	3810
283.019781	6	3807
256.119251	6	3811
249.777078	6	3812
254.202365	16	3815
243.875503	16	3818
246.813535	16	3820
251.334190	16	3821
243.383169	16	3823
257.781267	16	3828
274.315595	16	3827
484.565734	16	3814
87.1825218	6	3870
89.5085334	6	3871
86.1363410	6	3872
86.6639614	6	3873
433.351755	16	3824
89.5311832	6	3874
429.679632	16	3825
86.3323211	6	3875
85.9756469	6	3876
516.093969	16	3817
89.1950130	6	3877
361.426591	16	3838
90.0914669	6	3878
88.8063907	6	3879
87.9995822	6	3880
89.1046524	6	3881
86.8549346	6	3882
84.7358703	6	3883
84.6021175	6	3884
450.097560	16	3833
369.047641	16	3845
85.1066112	6	3885
80.8145999	6	3886
521.813154	16	3826
376.873970	16	3847
79.5943737	6	3889
93.2347774	6	3887
94.5065021	6	3888
597.383737	16	3819
390.471696	16	3848
80.2752971	6	3891
363.142013	16	3853
93.0368900	6	3890
635.249137	16	3816
534.127235	16	3829
584.198713	16	3822
82.8208923	6	3892
84.1550827	6	3893
537.192821	16	3830
82.0047855	6	3894
81.8719863	6	3895
545.228719	16	3831
441.766977	16	3846
418.306350	16	3850
81.1357498	6	3896
472.453594	16	3843
87.7232551	6	3897
81.9251537	6	3898
432.340621	16	3851
79.2069435	6	3899
84.8188400	6	3900
569.213867	16	3834
582.928180	16	3832
84.5103263	6	3901
84.2077732	6	3902
87.9099369	6	3903
84.8872661	6	3904
83.8599205	6	3905
82.2865962	6	3906
568.860292	16	3841
82.3667049	6	3908
496.623754	16	3852
485.116004	16	3854
80.1756381	6	3909
96.9223976	6	3907
471.657037	16	3858
100.137233	6	3910
80.3501605	6	3913
91.4440155	6	3912
85.1104259	6	3914
484.893798	16	3861
604.156017	16	3844
85.7656002	6	3915
82.6022624	6	3916
656.505346	16	3837
123.426198	6	3911
487.425804	16	3864
464.040279	16	3868
542.175531	16	3857
80.2853107	6	3920
660.068988	16	3840
102.712631	6	3917
499.875068	16	3865
704.417467	16	3836
545.106410	16	3860
589.454889	16	3856
85.6044292	6	3925
516.140222	16	3867
107.974767	6	3922
701.585054	16	3842
537.754058	16	3866
563.408613	16	3863
133.299350	6	3921
120.712041	6	3923
101.998090	6	3926
156.518936	6	3919
123.493432	6	3924
765.251398	16	3835
97.2104072	6	3928
166.419744	6	3918
587.111473	16	3862
679.712295	16	3849
544.996261	16	3869
752.085447	16	3839
647.866487	16	3855
111.572504	6	3930
636.220216	16	3859
113.511323	6	3931
143.787622	6	3929
158.880472	6	3927
129.057168	6	3932
124.070167	6	3933
123.672723	6	3935
124.702692	6	3937
146.660566	6	3934
151.263713	6	3936
155.516386	6	3939
149.402856	6	3940
140.362024	6	3942
137.452840	6	3943
126.673698	6	3945
169.479131	6	3941
149.572610	6	3944
196.711778	6	3938
147.039651	6	3946
146.047353	6	3950
171.061277	6	3948
178.087472	6	3947
178.881168	6	3949
129.652261	6	3957
179.664373	6	3952
184.015989	6	3953
191.375017	6	3954
125.680923	6	3965
142.108201	6	3963
188.048601	6	3956
167.336463	6	3960
227.220535	6	3951
162.867546	6	3961
162.537813	6	3962
188.243150	6	3959
229.507446	6	3955
219.547271	6	3958
169.228315	6	3966
189.989805	6	3964
132.125139	6	3973
154.524803	6	3972
164.735555	6	3971
139.834165	6	3977
213.909864	6	3968
165.491819	6	3980
204.331874	6	3975
253.859519	6	3969
229.097843	6	3974
158.190250	6	3985
277.659893	6	3967
265.303373	6	3970
131.536245	6	3993
201.850414	6	3982
196.064949	6	3983
163.299322	6	3989
188.032865	6	3986
235.239982	6	3979
162.989377	6	3991
177.363157	6	3990
168.678522	6	3992
155.492305	6	3997
299.229860	6	3976
279.059648	6	3981
302.233695	6	3978
290.221929	6	3984
154.616355	6	4005
171.680688	6	4003
289.653062	6	3987
255.306482	6	3995
156.291961	6	4009
234.943628	6	3998
308.722734	6	3988
150.227308	6	4012
146.440029	6	4013
285.168409	6	3994
180.941343	6	4010
286.123991	6	3996
202.063560	6	4011
128.101825	6	4023
243.391513	6	4006
287.163019	6	4001
180.733919	6	4017
150.215387	6	4025
274.648427	6	4008
340.000391	6	3999
318.613529	6	4002
339.123010	6	4000
305.913209	6	4007
151.107788	6	4033
370.247125	6	4004
259.348630	6	4022
215.007305	6	4029
128.348350	6	4043
305.737018	6	4018
348.534584	6	4014
345.530509	6	4015
198.035717	6	4037
237.641334	6	4032
304.711580	6	4024
339.342594	6	4019
381.701469	6	4016
246.302604	6	4036
305.068731	6	4028
353.576183	6	4021
361.335992	6	4020
294.024467	6	4030
314.606666	6	4027
195.448160	6	4045
308.977365	6	4031
160.711765	6	4053
191.921472	6	4049
376.798391	6	4026
330.972909	6	4038
312.066793	6	4041
341.255426	6	4039
283.331871	6	4048
390.423297	6	4034
174.731016	6	4065
248.914718	6	4057
286.149501	6	4052
360.011577	6	4042
355.114221	6	4044
337.790012	6	4047
280.583620	6	4056
432.705640	6	4035
168.560504	6	4073
204.279422	6	4069
333.836555	6	4051
110.994815	6	4085
206.834316	6	4076
300.826787	6	4063
339.074373	6	4059
316.529750	6	4062
356.209039	6	4058
265.684604	6	4072
494.183063	6	4040
355.155229	6	4061
486.468791	6	4046
432.934045	6	4054
482.874155	6	4050
356.330156	6	4068
364.945888	6	4067
344.661474	6	4070
337.878465	6	4071
263.319730	6	4082
300.330162	6	4077
404.925823	6	4064
435.799837	6	4060
198.614358	6	4093
235.702514	6	4089
481.542348	6	4055
342.032909	6	4075
193.501234	6	4096
225.589513	6	4092
143.324851	6	4105
444.296836	6	4066
361.264944	6	4078
361.170291	6	4079
191.299676	6	4102
350.961685	6	4083
336.921930	6	4087
321.726322	6	4091
274.144887	6	4099
172.772645	6	4113
318.648815	6	4095
477.000713	6	4074
335.512161	6	4094
366.578578	6	4090
437.176704	6	4081
307.465791	6	4101
465.950012	6	4080
346.995592	6	4097
423.557758	6	4088
369.135856	6	4098
292.641401	6	4111
272.487878	6	4116
214.059352	6	4125
503.549098	6	4086
519.598722	6	4084
339.384794	6	4109
382.311105	6	4103
377.382755	6	4104
348.262071	6	4108
333.960771	6	4112
197.667360	6	4133
410.375118	6	4107
390.025377	6	4110
307.602405	6	4122
218.513727	6	4136
475.560188	6	4100
353.415250	6	4117
302.350997	6	4131
320.013761	6	4129
404.580593	6	4118
212.547540	6	4145
344.543218	6	4128
392.697095	6	4121
511.350393	6	4106
371.210813	6	4126
430.643558	6	4119
486.582756	6	4114
427.263021	6	4123
387.208700	6	4130
462.107658	6	4120
239.068031	6	4151
316.401958	6	4141
260.022878	6	4149
241.447687	6	4153
280.782699	6	4148
520.218372	6	4115
227.151632	6	4156
385.869503	6	4135
337.061166	6	4142
447.825670	6	4127
378.601551	6	4137
373.669862	6	4138
437.678813	6	4132
220.936536	6	4161
193.372964	6	4165
289.009332	6	4152
175.124168	6	4168
274.229049	6	4155
317.100048	6	4150
229.291439	6	4162
274.519920	6	4157
303.357362	6	4154
377.128601	6	4144
280.904293	6	4158
523.981809	6	4124
459.182500	6	4134
421.329975	6	4140
271.762132	6	4160
405.121088	6	4143
454.445600	6	4139
309.538841	6	4159
409.957408	6	4146
266.791820	6	4166
298.660039	6	4163
307.867527	6	4164
296.146154	6	4167
442.881345	6	4147
247.601032	16	4179
326.902151	16	4169
328.635454	16	4178
419.410705	16	4173
82.8101634	6	4219
84.6152305	6	4220
86.7221355	6	4221
442.940711	16	4174
466.013431	16	4171
87.2879028	6	4222
93.6944484	6	4223
88.6771678	6	4224
418.165922	16	4181
87.9166126	6	4225
385.926246	16	4186
348.182439	16	4191
86.5182876	6	4226
337.006330	16	4193
84.0513706	6	4227
424.283981	16	4183
526.400804	16	4170
87.3034000	6	4228
317.159414	16	4199
84.2003822	6	4229
448.318481	16	4182
79.0004730	6	4230
80.8670520	6	4231
511.716842	16	4175
83.5142135	6	4232
80.4703235	6	4233
331.279277	16	4201
80.4941654	6	4234
324.123859	16	4203
427.502870	16	4190
533.817768	16	4177
81.4807415	6	4235
513.724327	16	4180
345.232963	16	4202
80.6155204	6	4236
77.6529312	6	4237
563.553094	16	4176
82.3047161	6	4238
78.8869857	6	4239
407.991647	16	4197
510.535955	16	4184
598.445177	16	4172
80.1832675	6	4240
78.8712501	6	4241
81.8624496	6	4242
381.326436	16	4204
413.857698	16	4200
81.9299221	6	4243
79.6830654	6	4244
482.628107	16	4192
83.6448669	6	4245
81.5837383	6	4246
557.195663	16	4185
474.296569	16	4196
80.1630020	6	4247
84.5322608	6	4248
81.8340778	6	4249
83.6741924	6	4250
98.1841087	6	4251
452.816724	16	4205
84.2957496	6	4254
439.794778	16	4208
586.892127	16	4188
98.3507633	6	4252
82.8225612	6	4255
95.2453613	6	4253
462.743759	16	4206
443.348884	16	4211
428.423404	16	4213
100.584268	6	4256
569.351911	16	4194
96.5058803	6	4257
636.425495	16	4187
105.870723	6	4258
81.4614295	6	4262
447.896480	16	4214
103.144168	6	4259
507.526874	16	4207
106.041193	6	4261
84.8395824	6	4264
649.866819	16	4189
505.929231	16	4209
84.4655036	6	4265
506.196737	16	4210
128.560066	6	4260
119.195938	6	4263
637.001752	16	4195
483.165502	16	4217
105.314970	6	4268
514.805078	16	4215
133.501291	6	4267
554.001808	16	4212
154.876708	6	4266
135.623216	6	4270
103.269338	6	4275
149.613142	6	4269
552.592754	16	4216
693.497896	16	4198
545.622825	16	4218
137.458562	6	4273
152.003765	6	4271
140.688896	6	4274
154.971122	6	4272
128.690242	6	4277
154.536008	6	4276
138.744354	6	4281
151.728391	6	4279
136.978149	6	4282
129.506111	6	4284
140.487670	6	4283
185.725450	6	4278
175.915241	6	4280
137.037038	6	4288
157.172918	6	4285
148.650407	6	4289
159.286260	6	4290
144.627332	6	4294
168.033123	6	4291
203.959941	6	4286
145.587205	6	4295
199.122667	6	4287
185.534238	6	4292
157.888650	6	4296
185.172080	6	4293
162.556409	6	4297
205.708265	6	4303
199.058055	6	4304
193.080902	6	4305
213.221788	6	4302
180.804014	6	4307
168.140411	6	4309
233.262300	6	4299
129.157543	6	4315
162.560462	6	4310
220.768213	6	4301
179.537773	6	4308
124.599695	6	4317
160.367250	6	4312
154.536247	6	4313
205.142259	6	4306
185.262441	6	4311
168.245792	6	4314
153.770208	6	4316
136.104345	6	4319
139.274120	6	4321
280.742168	6	4300
149.063348	6	4320
300.111293	6	4298
170.376777	6	4318
83.6369991	6	4324
178.191423	6	4322
82.2877883	6	4325
81.7658901	6	4326
109.703540	6	4323
78.2594680	6	4328
94.2752361	6	4327
88.0970954	6	4329
82.5178623	6	4331
101.610422	6	4330
96.9963073	6	4333
90.1479721	6	4337
151.274919	6	4332
112.653493	6	4341
156.315088	6	4334
150.893926	6	4335
125.579833	6	4340
105.677127	6	4344
163.130283	6	4336
135.053157	6	4343
146.631956	6	4342
173.152923	6	4338
141.382455	6	4345
139.856338	6	4346
128.645896	6	4349
143.756866	6	4347
140.657663	6	4348
198.446512	6	4339
136.121034	6	4351
125.941991	6	4355
149.356603	6	4352
111.737728	6	4359
183.078289	6	4350
120.080947	6	4361
182.283163	6	4353
193.448543	6	4354
165.218114	6	4360
133.791208	6	4366
193.050861	6	4357
151.493072	6	4364
159.090042	6	4368
169.339656	6	4367
160.385370	6	4369
250.505208	6	4356
202.101469	6	4365
179.668188	6	4371
178.778648	6	4373
138.265371	6	4379
159.767150	6	4376
196.557521	6	4372
287.492513	6	4358
153.003692	6	4380
272.849559	6	4362
267.009496	6	4363
181.755304	6	4381
207.303762	6	4377
149.692535	6	4386
241.656780	6	4375
190.652370	6	4384
297.940492	6	4370
163.757324	6	4391
184.955120	6	4388
288.596391	6	4374
174.733161	6	4393
162.606477	6	4395
263.319015	6	4382
175.829648	6	4396
123.926162	6	4404
267.185211	6	4383
166.188716	6	4400
316.945552	6	4378
168.032169	6	4402
268.052816	6	4390
209.360599	6	4399
296.258926	6	4389
184.958457	6	4406
326.900959	6	4385
210.565328	6	4403
300.020694	6	4392
350.260257	6	4387
202.061414	6	4410
177.830934	6	4415
325.688838	6	4394
277.572154	6	4401
197.105407	6	4413
231.342077	6	4411
159.119367	6	4424
335.688352	6	4398
190.967082	6	4420
297.065496	6	4405
361.024141	6	4397
164.668560	6	4426
296.627521	6	4408
309.614896	6	4407
280.097007	6	4412
241.027116	6	4421
279.722452	6	4416
241.739034	6	4422
169.891119	6	4433
348.701477	6	4409
292.286634	6	4419
188.061237	6	4435
338.349342	6	4414
138.931512	6	4444
260.926961	6	4428
341.731548	6	4418
178.233146	6	4443
320.333003	6	4423
271.064281	6	4431
201.627016	6	4441
374.145269	6	4417
332.082509	6	4425
176.190853	6	4448
206.892013	6	4446
325.865030	6	4432
210.242271	6	4451
362.386703	6	4430
377.760887	6	4429
308.690786	6	4440
214.328765	6	4455
163.827657	6	4464
300.518989	6	4445
348.537921	6	4439
259.473323	6	4453
339.551210	6	4442
451.577425	6	4427
202.539443	6	4463
406.498193	6	4434
220.645427	6	4461
329.066276	6	4447
186.129808	6	4468
429.632663	6	4436
227.876186	6	4465
269.844532	6	4460
333.173036	6	4452
361.003160	6	4450
471.966743	6	4437
341.992139	6	4457
227.663516	6	4473
241.159200	6	4471
284.015178	6	4466
483.725786	6	4438
351.017236	6	4458
321.532487	6	4462
418.174266	6	4449
373.710632	6	4456
200.125694	6	4484
399.008750	6	4459
189.508199	6	4488
306.643486	6	4475
341.210365	6	4472
242.382526	6	4486
377.687454	6	4470
384.652137	6	4469
327.185153	6	4478
144.369125	6	4504
311.358690	6	4481
322.670698	6	4480
421.107530	6	4467
286.386489	6	4487
322.661638	6	4483
412.146806	6	4476
318.759202	6	4489
204.322814	6	4508
326.306104	6	4491
394.207239	6	4482
596.227645	6	4454
435.874462	6	4479
397.000312	6	4485
473.864078	6	4477
364.374399	6	4492
340.662956	6	4495
311.910867	6	4500
341.722249	6	4496
333.468198	6	4498
255.341291	6	4510
398.203134	6	4490
306.103944	6	4503
280.559539	6	4507
254.313468	6	4511
385.197877	6	4493
330.864667	6	4501
346.143484	6	4499
543.293714	6	4474
244.005680	6	4516
217.593193	6	4520
320.750236	6	4506
288.588523	6	4512
245.830774	6	4519
248.574018	6	4521
268.410205	6	4518
220.963478	6	4524
234.039783	6	4523
311.908960	6	4513
211.987495	6	4526
341.017484	6	4509
300.239324	6	4515
199.755907	6	4528
408.707857	6	4502
267.878532	6	4522
308.379173	6	4517
446.488380	6	4497
247.642993	6	4525
394.826650	6	4505
240.878582	6	4527
482.872486	6	4494
347.040176	6	4514
228.963851	6	4529
248.903751	16	4539
300.212621	16	4544
416.031837	16	4531
87.0342254	6	4577
433.555841	16	4532
89.8056030	6	4578
86.2534046	6	4579
86.1675739	6	4580
471.493959	16	4530
85.2093696	6	4581
86.7793560	6	4582
341.913938	16	4549
86.8318080	6	4583
338.888645	16	4551
88.4556770	6	4584
383.087635	16	4546
424.783706	16	4541
88.1664752	6	4585
87.3363018	6	4586
482.436418	16	4535
89.8702144	6	4587
83.9872360	6	4588
87.9154205	6	4589
84.7895145	6	4590
425.223350	16	4545
454.888582	16	4542
86.5705013	6	4591
508.215665	16	4536
317.494869	16	4561
496.620655	16	4538
331.384897	16	4559
89.4854068	6	4592
321.437120	16	4562
491.142749	16	4540
78.8843631	6	4594
381.194591	16	4555
89.6389484	6	4593
85.5424404	6	4595
355.784416	16	4560
81.3474655	6	4597
91.2466049	6	4596
569.875717	16	4534
333.703994	16	4565
552.102565	16	4537
389.967679	16	4558
414.777040	16	4556
92.0970439	6	4598
78.0258178	6	4600
78.4571170	6	4601
94.4566726	6	4599
420.933961	16	4557
446.542263	16	4554
84.7711563	6	4603
622.272014	16	4533
97.5098609	6	4602
520.841836	16	4547
78.5825252	6	4605
94.3949222	6	4604
492.761373	16	4553
94.0272808	6	4606
86.0838890	6	4607
540.407419	16	4548
100.488662	6	4608
419.208049	16	4567
103.123664	6	4609
445.484161	16	4564
89.9600982	6	4611
618.335008	16	4543
107.889890	6	4610
98.7331867	6	4612
447.896242	16	4566
92.4968719	6	4613
79.8771381	6	4615
437.779903	16	4568
96.6615676	6	4614
482.903957	16	4563
572.231769	16	4552
428.000926	16	4571
461.591005	16	4569
611.525535	16	4550
457.169532	16	4570
101.820230	6	4618
118.590116	6	4616
113.158226	6	4617
86.1868858	6	4621
90.2254581	6	4622
464.887857	16	4572
453.019142	16	4575
79.6604156	6	4626
123.398303	6	4620
150.452613	6	4619
483.078956	16	4576
140.912055	6	4623
516.247272	16	4574
118.318557	6	4628
156.550645	6	4625
131.738662	6	4629
164.100170	6	4624
139.060974	6	4630
166.614770	6	4627
140.674352	6	4631
566.537618	16	4573
123.518466	6	4634
104.845762	6	4638
130.129814	6	4635
155.004739	6	4632
147.808074	6	4637
125.968694	6	4641
164.598226	6	4636
108.511209	6	4646
196.662902	6	4633
162.714958	6	4640
155.059814	6	4643
160.413980	6	4645
150.615692	6	4649
149.259328	6	4650
191.298484	6	4644
132.907390	6	4653
241.778850	6	4639
192.564725	6	4647
167.257785	6	4651
163.416147	6	4652
151.769876	6	4654
147.752761	6	4655
148.663759	6	4658
261.270046	6	4642
236.838817	6	4648
181.307077	6	4657
102.909803	6	4670
188.618183	6	4659
172.608613	6	4662
151.676893	6	4666
131.940841	6	4669
223.825931	6	4656
200.738430	6	4660
193.966865	6	4661
154.896497	6	4668
187.951326	6	4664
150.219440	6	4673
188.986539	6	4667
206.802606	6	4665
188.051223	6	4671
167.663812	6	4675
166.348695	6	4678
273.960828	6	4663
210.840940	6	4672
179.501771	6	4677
168.797254	6	4681
219.040155	6	4674
215.231657	6	4676
189.748287	6	4683
179.992437	6	4684
153.659582	6	4688
227.531909	6	4679
110.394239	6	4695
233.150482	6	4680
220.626831	6	4682
204.764127	6	4685
191.581487	6	4690
226.677417	6	4686
139.108896	6	4697
204.466342	6	4689
131.782054	6	4699
117.583990	6	4701
205.574274	6	4691
244.246721	6	4687
207.453012	6	4692
203.613281	6	4693
195.444345	6	4694
166.838884	6	4698
136.300802	6	4702
210.656642	6	4696
148.030042	6	4704
200.323581	6	4700
157.489299	6	4705
174.886226	6	4703
147.897720	6	4708
143.629789	6	4710
163.999080	6	4712
141.259670	6	4715
173.630475	6	4711
154.534816	6	4714
221.756219	6	4706
166.556835	6	4713
137.517690	6	4718
145.550012	6	4717
231.854200	6	4707
142.163038	6	4721
132.065773	6	4723
203.842878	6	4716
174.095869	6	4720
181.377172	6	4719
160.881042	6	4722
127.057075	6	4728
157.710552	6	4724
156.340837	6	4725
304.944276	6	4709
146.703004	6	4730
162.751674	6	4729
145.347118	6	4731
187.377929	6	4726
133.032798	6	4733
142.089128	6	4734
163.707494	6	4732
211.366891	6	4727
141.973257	6	4737
179.061174	6	4735
158.099174	6	4738
152.557134	6	4739
145.167827	6	4742
166.610479	6	4740
157.107591	6	4741
144.644975	6	4743
208.633661	6	4736
148.931264	6	4744
118.933439	6	4748
150.351524	6	4745
145.482778	6	4746
136.542320	6	4750
155.434131	6	4749
171.378850	6	4747
146.580457	6	4751
120.744705	6	4754
149.934053	6	4752
121.994256	6	4760
146.099090	6	4757
154.687643	6	4756
131.047487	6	4759
149.119615	6	4758
210.303544	6	4753
140.009403	6	4762
150.558948	6	4761
140.532970	6	4764
150.312662	6	4763
137.828826	6	4766
155.560016	6	4765
126.234292	6	4769
131.005764	6	4770
249.876499	6	4755
157.990217	6	4768
130.264043	6	4772
139.395713	6	4771
168.159723	6	4767
120.777368	6	4776
148.358345	6	4773
136.826038	6	4777
167.928934	6	4774
166.109323	6	4775
148.938417	6	4778
144.671916	6	4779
129.908800	6	4781
149.227142	6	4782
120.511054	6	4786
148.890972	6	4783
144.252777	6	4785
114.510297	6	4789
152.985334	6	4784
181.519508	6	4780
130.048513	6	4788
149.008989	6	4787
132.168531	6	4790
149.522781	6	4791
137.778759	6	4794
153.769969	6	4792
143.978834	6	4795
121.147155	6	4798
117.627859	6	4799
134.649753	6	4797
173.950672	6	4793
159.214735	6	4796
126.462697	6	4803
93.9140319	6	4808
115.214347	6	4807
140.564680	6	4804
166.507482	6	4801
160.179615	6	4802
180.407762	6	4800
106.112241	6	4810
163.139581	6	4805
131.210803	6	4809
181.449651	6	4806
135.261058	6	4815
161.742687	6	4811
146.074056	6	4814
153.732776	6	4813
158.150672	6	4816
117.433309	6	4823
149.246215	6	4819
139.284849	6	4821
145.430803	6	4820
182.611227	6	4817
183.713912	6	4818
136.816024	6	4830
151.978015	6	4828
194.858789	6	4822
256.516933	6	4812
118.170261	6	4841
212.107181	6	4826
192.981958	6	4829
205.828905	6	4827
180.903673	6	4831
218.643426	6	4825
153.392076	6	4837
163.841009	6	4836
131.324291	6	4843
179.001092	6	4839
174.459934	6	4840
144.678592	6	4845
197.555065	6	4838
217.111110	6	4835
287.438392	6	4824
231.569766	6	4834
238.079786	6	4833
151.528120	6	4849
202.368259	6	4842
169.240951	6	4848
162.610292	6	4850
291.987895	6	4832
197.662353	6	4847
177.068471	6	4851
242.076396	6	4844
117.591381	6	4857
231.735229	6	4846
141.221284	6	4855
135.722398	6	4856
116.105079	6	4861
90.7311439	6	4865
170.370817	6	4854
222.612619	6	4852
139.528512	6	4860
146.248817	6	4859
120.207548	6	4863
133.620977	6	4862
161.983251	6	4858
208.185672	6	4853
126.689910	6	4867
141.554355	6	4866
168.332099	6	4864
275.766372	16	4868
242.054462	16	4874
87.7299308	6	4894
239.517450	16	4876
91.3665294	6	4895
90.7504558	6	4896
86.1663818	6	4897
236.670255	16	4879
310.994148	16	4870
92.8132534	6	4898
232.908487	16	4880
251.543521	16	4878
92.2214984	6	4899
233.550786	16	4881
271.526575	16	4877
88.6313915	6	4900
292.143344	16	4875
87.2881412	6	4901
243.427991	16	4882
90.6929969	6	4902
89.1518592	6	4903
77.8446197	6	4904
255.115747	16	4883
79.3957710	6	4905
84.3217372	6	4906
84.8691463	6	4907
84.2418670	6	4908
79.3721675	6	4909
79.2944431	6	4910
295.623064	16	4884
81.8629264	6	4911
305.442571	16	4885
80.2788734	6	4912
79.5705318	6	4913
313.431262	16	4886
82.0915699	6	4914
313.347578	16	4887
82.1893215	6	4915
82.7808380	6	4916
78.5830020	6	4917
473.626852	16	4869
446.787357	16	4873
78.5765647	6	4918
80.4355144	6	4919
78.5248279	6	4920
339.864730	16	4889
313.882589	16	4893
80.9540748	6	4921
79.7505378	6	4922
366.587877	16	4888
499.942541	16	4871
80.4967880	6	4923
350.602626	16	4891
80.7967185	6	4924
77.4230957	6	4925
514.393091	16	4872
361.123323	16	4892
81.3066959	6	4926
382.121801	16	4890
82.1399688	6	4927
77.5363445	6	4928
80.3320407	6	4929
80.1413059	6	4930
77.8036117	6	4931
80.7991027	6	4932
80.1458358	6	4933
80.6560516	6	4934
82.4003219	6	4935
82.2336673	6	4936
85.3931903	6	4937
83.3261013	6	4938
83.4019184	6	4939
84.1276645	6	4940
81.7368030	6	4941
88.9568328	6	4942
85.5047702	6	4943
88.6700153	6	4944
79.7231197	6	4948
100.592613	6	4946
98.9651679	6	4947
95.4277515	6	4949
109.871387	6	4950
124.446868	6	4952
168.448925	6	4945
103.436708	6	4957
149.830818	6	4953
163.202047	6	4951
137.131690	6	4956
158.328294	6	4954
153.943061	6	4955
142.409563	6	4958
143.228054	6	4959
127.438306	6	4962
121.540069	6	4967
153.182029	6	4963
146.713018	6	4964
170.417070	6	4961
142.037153	6	4966
143.831491	6	4968
151.375055	6	4969
143.382310	6	4974
241.901159	6	4960
175.047874	6	4971
158.162832	6	4975
187.406539	6	4972
206.184387	6	4970
164.502620	6	4977
159.431695	6	4978
176.362752	6	4976
186.653852	6	4979
115.612983	6	4990
182.476758	6	4980
155.470848	6	4984
148.567676	6	4988
303.464651	6	4965
200.126409	6	4982
125.328302	6	4994
198.621988	6	4983
168.031454	6	4989
288.254499	6	4973
205.738067	6	4986
153.099775	6	4995
207.005023	6	4987
94.5718288	6	5008
201.047658	6	4992
302.700042	6	4981
165.911197	6	5002
187.718868	6	4999
211.560726	6	4997
193.900585	6	5000
173.440933	6	5004
169.063806	6	5007
281.832456	6	4991
158.249139	6	5010
141.852617	6	5015
183.788776	6	5009
294.931888	6	4993
295.616626	6	4996
178.841352	6	5014
368.644237	6	4985
285.553932	6	4998
182.705879	6	5020
135.611772	6	5028
226.327180	6	5016
322.610616	6	5001
171.636104	6	5027
275.169610	6	5013
282.320499	6	5012
212.105751	6	5024
335.812091	6	5006
190.161705	6	5029
188.454151	6	5030
387.978553	6	5003
298.801183	6	5017
382.368803	6	5005
277.599096	6	5021
199.734926	6	5034
324.333906	6	5019
182.424545	6	5041
141.332149	6	5048
235.870838	6	5035
269.235372	6	5031
407.698392	6	5011
228.986978	6	5038
344.169616	6	5023
183.082342	6	5047
292.154312	6	5032
240.985870	6	5040
172.980070	6	5050
279.267787	6	5036
303.413629	6	5033
416.466236	6	5018
390.121936	6	5022
364.944934	6	5026
216.556549	6	5051
408.109188	6	5025
326.092243	6	5037
278.747558	6	5044
293.384552	6	5043
204.900741	6	5058
271.079540	6	5049
146.893501	6	5067
359.023094	6	5039
156.594276	6	5068
207.604408	6	5061
242.930173	6	5056
171.558618	6	5069
317.351341	6	5053
309.956312	6	5054
200.721025	6	5070
295.345306	6	5057
246.732473	6	5066
388.111591	6	5046
347.974538	6	5052
327.536106	6	5055
400.976419	6	5045
432.584047	6	5042
324.213266	6	5059
205.427885	6	5077
303.322076	6	5063
297.868251	6	5064
259.781122	6	5071
193.292617	6	5081
370.173931	6	5062
205.396652	6	5088
212.654829	6	5087
331.665039	6	5073
348.672866	6	5072
435.411453	6	5060
324.946403	6	5076
235.797405	6	5089
427.788734	6	5065
302.747726	6	5084
375.709295	6	5074
348.750591	6	5078
252.609968	6	5093
327.227592	6	5083
283.808708	6	5090
361.449003	6	5079
329.311370	6	5086
406.255960	6	5075
166.542530	6	5109
252.537965	6	5097
368.129968	6	5082
316.869974	6	5091
197.868347	6	5108
190.435171	6	5113
314.437389	6	5096
217.308759	6	5110
274.104595	6	5104
314.112424	6	5101
341.473340	6	5098
472.101926	6	5080
217.516660	6	5116
301.136493	6	5107
188.281297	6	5124
374.784946	6	5100
444.430351	6	5092
395.541667	6	5099
372.237443	6	5103
356.707096	6	5106
441.177129	6	5095
205.999851	6	5129
459.960460	6	5094
200.099706	6	5130
349.262237	6	5111
190.994739	6	5133
543.852806	6	5085
312.620639	6	5118
377.747535	6	5112
325.302124	6	5121
353.943109	6	5117
213.073015	6	5138
474.711418	6	5102
132.513523	6	5150
407.226324	6	5114
427.366495	6	5115
405.019760	6	5119
339.167118	6	5128
348.838567	6	5127
376.184701	6	5125
373.426198	6	5126
360.376119	6	5131
325.287103	6	5137
345.919609	6	5136
301.506996	6	5144
398.202419	6	5132
131.351709	6	5170
501.973390	6	5120
351.754188	6	5142
360.561847	6	5141
493.076562	6	5122
196.035623	6	5164
367.224693	6	5143
289.967536	6	5153
506.275653	6	5123
308.670997	6	5151
257.421255	6	5158
338.739156	6	5148
353.347539	6	5147
445.360660	6	5134
344.716072	6	5149
424.625158	6	5139
398.885965	6	5146
248.856067	6	5166
241.419076	6	5167
236.784696	6	5168
361.275434	6	5152
211.222648	6	5173
354.733943	6	5154
722.455263	6	5105
259.057521	6	5169
477.279663	6	5140
358.933210	6	5156
247.126817	6	5171
305.419206	6	5163
322.753190	6	5161
255.075216	6	5172
374.451875	6	5157
234.673023	6	5177
249.966382	6	5176
365.401506	6	5160
270.751476	6	5174
361.622333	6	5162
225.096464	6	5181
218.806266	6	5182
562.977552	6	5135
495.290756	6	5145
421.639680	6	5155
257.216215	6	5178
395.070552	6	5159
253.921270	6	5179
241.248369	6	5183
309.364318	6	5175
385.663747	6	5165
300.033807	6	5180
255.530595	16	5191
261.159181	16	5192
252.131938	16	5197
296.291351	16	5198
412.573337	16	5188
337.662696	16	5201
428.511142	16	5194
88.2775783	6	5241
86.5299701	6	5242
336.547136	16	5208
85.6711864	6	5243
442.697286	16	5195
88.6602401	6	5244
92.2114849	6	5245
89.5051956	6	5246
87.3126983	6	5247
88.1626605	6	5248
560.548067	16	5184
527.407646	16	5189
87.0640277	6	5249
86.7886543	6	5250
568.907022	16	5185
86.3637924	6	5251
561.788082	16	5187
496.011972	16	5196
81.2079906	6	5252
79.5898437	6	5253
446.292161	16	5205
82.6563835	6	5254
494.141340	16	5200
83.2650661	6	5255
430.008888	16	5209
577.970027	16	5190
86.7106914	6	5256
81.7523002	6	5257
522.911787	16	5199
79.7021389	6	5258
79.2434215	6	5259
79.9040794	6	5260
638.029336	16	5186
585.265874	16	5193
79.0078639	6	5261
79.7932147	6	5262
79.7502994	6	5263
421.751737	16	5219
82.7937126	6	5264
81.4495086	6	5265
563.997507	16	5202
85.8318805	6	5266
81.8033218	6	5267
84.3439102	6	5268
571.440935	16	5203
84.7001075	6	5269
451.645612	16	5221
494.507074	16	5215
85.1533412	6	5270
80.2145004	6	5271
517.416477	16	5214
457.782983	16	5223
86.7507457	6	5272
472.313404	16	5222
82.7236175	6	5273
82.8859806	6	5274
84.6474170	6	5275
404.651165	16	5235
86.2271785	6	5277
80.4488658	6	5279
429.071903	16	5234
105.924844	6	5276
80.8420181	6	5280
561.472654	16	5216
105.566740	6	5278
85.0491523	6	5281
566.783666	16	5217
79.1087150	6	5282
509.214878	16	5228
471.091508	16	5236
473.456621	16	5237
534.059286	16	5229
673.941135	16	5210
670.862436	16	5211
86.3180160	6	5290
106.912851	6	5287
100.033044	6	5288
94.1574573	6	5289
115.306615	6	5286
129.798173	6	5284
149.159908	6	5283
638.324022	16	5218
136.684656	6	5285
556.416749	16	5230
553.352355	16	5231
93.1317806	6	5292
596.750974	16	5225
744.793653	16	5204
605.318784	16	5224
683.516979	16	5213
733.194589	16	5206
598.199367	16	5226
728.095293	16	5207
111.683368	6	5291
514.360666	16	5238
107.604503	6	5293
611.149072	16	5227
523.256301	16	5239
663.755655	16	5220
517.192602	16	5240
99.0128517	6	5297
85.5424404	6	5300
126.273155	6	5295
104.773998	6	5298
594.186305	16	5233
749.399185	16	5212
131.130456	6	5296
149.206638	6	5294
101.927280	6	5301
631.840944	16	5232
127.303600	6	5302
164.126634	6	5299
121.544122	6	5307
143.989324	6	5304
131.611824	6	5306
156.129121	6	5303
121.857166	6	5308
145.080804	6	5305
116.177082	6	5311
128.569364	6	5312
149.567127	6	5310
161.269664	6	5309
142.712354	6	5313
142.086744	6	5315
118.644237	6	5320
118.238925	6	5321
168.742895	6	5316
168.181419	6	5317
168.950080	6	5318
197.070598	6	5314
145.482540	6	5325
140.021085	6	5327
168.299436	6	5323
120.516300	6	5331
186.174631	6	5322
134.109735	6	5333
204.095363	6	5324
189.788341	6	5326
157.886028	6	5332
176.769018	6	5329
153.275251	6	5334
148.501634	6	5335
215.529680	6	5330
161.647319	6	5340
180.737972	6	5337
187.969207	6	5336
153.724431	6	5345
188.563108	6	5341
116.834878	6	5353
169.772863	6	5346
146.392583	6	5352
366.469621	6	5319
308.827877	6	5328
176.600933	6	5349
148.853063	6	5355
231.519699	6	5343
279.418468	6	5338
197.148323	6	5351
181.263685	6	5354
156.507730	6	5360
281.890392	6	5342
160.412788	6	5361
200.189828	6	5356
149.338245	6	5365
326.567888	6	5339
281.503677	6	5347
304.540634	6	5344
162.654638	6	5366
155.328750	6	5373
189.721107	6	5372
290.017366	6	5358
174.106597	6	5376
353.407144	6	5350
199.767112	6	5374
315.830945	6	5357
195.113658	6	5375
295.337677	6	5362
321.354389	6	5359
400.169610	6	5348
194.564580	6	5380
190.806627	6	5381
322.006940	6	5363
320.449113	6	5364
171.587705	6	5386
189.298868	6	5385
317.706346	6	5367
306.334257	6	5369
220.795869	6	5382
143.061876	6	5393
186.959505	6	5387
267.028808	6	5377
328.371286	6	5368
257.948160	6	5379
171.327590	6	5392
316.977024	6	5371
152.513265	6	5396
251.114606	6	5383
216.869115	6	5389
347.112655	6	5370
300.402164	6	5378
231.119394	6	5388
260.518789	6	5384
187.714576	6	5394
149.411678	6	5400
192.750692	6	5395
224.905014	6	5391
255.616903	6	5390
196.853637	6	5398
190.656661	6	5399
209.944009	6	5397
avg:  271.2185019916958
std:  139.80498548419823
p95:  532.731831073761
p99:  638.0322837829591
com:  138.7045841642465
thg:  13.870458416424652
FCT:  38.93166208267212
que:  173.55489148033988
los:  0.0
4691 709
**********************
