[22 13 11 ... 10  6 13]
87.0378017	6	1
85.2456092	6	2
86.4744186	6	3
85.5154991	6	4
86.4176750	6	5
85.6347084	6	6
85.7357978	6	7
81.7215442	6	8
85.0841999	6	9
80.4176330	6	10
79.4818401	6	11
78.3114433	6	12
81.1712741	6	13
80.1684856	6	14
81.1052322	6	15
80.6968212	6	16
81.4285278	6	17
81.0680389	6	18
81.4661979	6	19
80.7311534	6	20
83.1964015	6	21
83.9788913	6	22
81.5749168	6	23
79.8995494	6	24
81.2218189	6	25
80.6472301	6	26
79.7352790	6	27
81.2895298	6	28
81.5587043	6	29
80.6281566	6	30
81.3345909	6	31
80.6829929	6	32
81.0074806	6	33
80.6646347	6	34
81.0236930	6	35
81.4816951	6	36
81.6712379	6	37
80.3303718	6	38
80.3971290	6	39
80.3015232	6	40
81.8545818	6	41
79.8339843	6	42
79.7345638	6	43
79.8377990	6	44
81.6442966	6	45
80.4979801	6	46
80.5318355	6	47
79.7216892	6	48
81.1333656	6	49
81.7918777	6	50
81.1100006	6	51
81.1398029	6	52
80.9485912	6	53
80.7709693	6	54
80.7263851	6	55
81.2034606	6	56
81.3047885	6	57
80.3694725	6	58
80.9910297	6	59
83.3148956	6	60
80.8925628	6	61
79.5819759	6	62
81.4216136	6	63
81.3424587	6	64
82.2668075	6	65
80.7130336	6	66
84.2671394	6	67
85.6256484	6	68
81.7668437	6	69
80.1348686	6	70
80.7759761	6	71
80.4824829	6	72
81.2549591	6	73
80.5559158	6	74
80.7478427	6	75
81.2280178	6	76
80.7638168	6	77
80.4321765	6	78
81.4344882	6	79
82.5459957	6	80
80.9326171	6	81
81.1417102	6	82
77.3129463	6	83
83.7457180	6	84
82.4275016	6	85
85.2708816	6	86
80.6884765	6	87
81.3426971	6	88
80.8849334	6	89
82.0107460	6	90
80.9242725	6	91
80.4138183	6	92
81.0205936	6	93
79.6537399	6	94
82.0450782	6	95
81.1676979	6	96
81.0718536	6	97
82.1838378	6	98
80.9805393	6	99
81.2211036	6	100
81.0670852	6	101
79.6198844	6	102
81.4812183	6	103
80.3062915	6	104
81.8543434	6	105
81.6175937	6	106
80.2273750	6	107
80.8281898	6	108
80.2865028	6	109
80.4076194	6	110
80.9416770	6	111
81.9909572	6	112
80.1939964	6	113
81.4299583	6	114
80.8520317	6	115
81.5181732	6	116
81.6376209	6	117
83.7154388	6	118
77.8262615	6	119
83.4174156	6	120
81.2497138	6	121
82.5915336	6	122
82.1235179	6	123
80.8296203	6	124
80.1384449	6	125
81.2335014	6	126
81.3775062	6	127
80.3091526	6	128
82.2844505	6	129
80.7046890	6	130
81.2730789	6	131
80.5511474	6	132
79.2553424	6	133
80.2650451	6	134
80.3277492	6	135
79.9300670	6	136
80.8684825	6	137
85.0811004	6	138
87.0878696	6	139
82.1790695	6	140
81.1138153	6	141
85.3748321	6	142
80.5206298	6	143
80.0631046	6	144
79.2481899	6	145
78.3386230	6	146
80.8076858	6	147
80.5838108	6	148
80.3685188	6	149
80.8455944	6	150
80.5618762	6	151
80.9481143	6	152
81.6328525	6	153
80.8756351	6	154
81.4237594	6	155
82.2293758	6	156
80.7216167	6	157
80.7793140	6	158
81.9623470	6	159
80.3432464	6	160
80.7063579	6	161
80.6274414	6	162
81.1121463	6	163
80.1460742	6	164
79.8299312	6	165
80.2369117	6	166
82.6556682	6	167
80.7652473	6	168
79.9567699	6	169
81.0122489	6	170
80.9175968	6	171
81.5241336	6	172
81.2003612	6	173
78.9062976	6	174
80.1303386	6	175
80.4862976	6	176
81.0668468	6	177
81.0251235	6	178
80.0609588	6	179
82.8921794	6	180
81.5026760	6	181
84.9220752	6	182
80.5504322	6	183
81.4416408	6	184
80.1796913	6	185
81.6662311	6	186
80.7433128	6	187
81.3553333	6	188
81.6283226	6	189
81.6900730	6	190
81.1178684	6	191
82.3521614	6	192
81.5012454	6	193
79.9777507	6	194
81.1145305	6	195
86.6923332	6	196
81.5539360	6	197
80.4336071	6	198
80.6825160	6	199
80.4924964	6	200
80.9905529	6	201
81.5408229	6	202
78.4604549	6	203
80.3251266	6	204
82.0341110	6	205
79.7147750	6	206
82.7255249	6	207
82.7722549	6	208
82.4997425	6	209
80.1618099	6	210
81.1946392	6	211
80.3132057	6	212
80.4605484	6	213
81.0649394	6	214
80.1885128	6	215
80.7895660	6	216
82.0076465	6	217
80.9466838	6	218
80.9099674	6	219
82.8447341	6	220
80.6784629	6	221
81.0530185	6	222
81.0475349	6	223
80.9299945	6	224
86.3265991	6	225
82.3690891	6	226
81.3379287	6	227
80.2700519	6	228
81.6278457	6	229
80.7578563	6	230
80.6260108	6	231
78.7491798	6	232
80.8830261	6	233
81.0046195	6	234
81.1529159	6	235
80.3611278	6	236
83.0249786	6	237
80.9030532	6	238
80.7640552	6	239
81.3703536	6	240
82.1969509	6	241
81.0902118	6	242
83.9502811	6	243
83.5311412	6	244
81.0322761	6	245
82.0424556	6	246
81.2518596	6	247
81.0246467	6	248
80.2230834	6	249
81.0930728	6	250
81.9098949	6	251
81.1617374	6	252
79.9796581	6	253
81.6833972	6	254
80.3596973	6	255
82.6323032	6	256
81.6721916	6	257
82.5033187	6	258
84.8891735	6	259
81.0461044	6	260
81.3412666	6	262
95.0329303	6	261
83.3249092	6	263
81.1789035	6	264
83.8859081	6	265
80.2454948	6	266
83.6927890	6	267
83.4181308	6	268
81.4766883	6	269
80.8472633	6	270
85.8967304	6	271
81.8760395	6	272
85.3028297	6	273
80.8959007	6	274
81.7620754	6	275
80.5816650	6	276
82.6239585	6	277
86.3003730	6	278
81.6900730	6	279
79.9379348	6	280
80.7316303	6	281
81.0577869	6	282
81.0170173	6	283
83.7802886	6	284
81.7387104	6	285
80.6832313	6	286
81.2311172	6	287
83.6164951	6	288
81.2160968	6	289
82.5493335	6	290
80.2605152	6	291
81.5598964	6	292
81.5484523	6	293
82.5104713	6	294
81.2931060	6	295
81.4247131	6	296
80.7132720	6	297
83.7528705	6	298
81.7492008	6	299
80.5366039	6	300
80.8866024	6	301
81.1135768	6	302
84.4380855	6	303
80.7056427	6	304
80.9757709	6	305
80.7998180	6	306
80.6689262	6	307
80.6510448	6	308
80.6024074	6	309
80.8634757	6	310
82.0279121	6	311
80.9652805	6	312
81.7890167	6	313
81.3992023	6	314
81.3374519	6	315
83.0843448	6	316
81.1319351	6	317
80.5094242	6	318
80.6105136	6	319
81.7918777	6	320
80.4300308	6	321
81.7105770	6	322
80.7170867	6	323
80.1782608	6	324
82.0751190	6	325
80.6274414	6	326
87.9633426	6	327
81.2118053	6	328
80.7216167	6	329
85.2136611	6	330
84.7811698	6	331
83.8398933	6	332
81.7892551	6	333
78.6819458	6	334
81.5284252	6	335
81.0229778	6	336
79.5421600	6	337
81.4819335	6	338
81.7284584	6	339
81.5486907	6	340
80.5621147	6	341
81.0322761	6	342
81.5327167	6	343
80.4634094	6	344
81.6521644	6	345
80.7704925	6	346
80.5807113	6	347
81.8505287	6	348
80.9621810	6	349
81.0115337	6	350
81.0458660	6	351
80.8210372	6	352
81.8612575	6	353
80.8253288	6	354
80.9650421	6	355
80.6765556	6	356
81.9954872	6	357
79.8172950	6	358
80.6231498	6	359
80.0755023	6	360
80.9216499	6	361
80.5153846	6	362
81.0973644	6	363
81.6547870	6	364
80.6837081	6	365
81.7525386	6	366
80.9776782	6	367
80.5840492	6	368
81.1412334	6	369
84.0413570	6	370
81.0210704	6	371
80.9030532	6	372
80.7878971	6	373
79.8492431	6	374
80.7716846	6	375
82.0982456	6	376
81.3984870	6	377
80.5799961	6	378
80.6560516	6	379
80.2714824	6	380
80.9178352	6	381
82.6013088	6	382
85.7076644	6	383
81.7329883	6	384
79.8616409	6	385
80.8687210	6	386
84.2278003	6	387
80.9502601	6	388
81.2566280	6	389
80.7559490	6	390
77.1501064	6	391
81.8374156	6	392
80.9834003	6	393
84.8252773	6	394
80.7356834	6	395
80.3155899	6	396
80.3942680	6	397
80.8999538	6	398
80.8477401	6	399
80.1582336	6	400
80.7743072	6	401
80.6345939	6	402
80.7299613	6	403
81.3701152	6	404
80.3987979	6	405
80.9359550	6	406
86.1539840	6	407
81.7580223	6	408
81.5927982	6	409
84.2783451	6	410
80.2414417	6	411
79.9345970	6	412
80.7502269	6	413
78.7470340	6	414
81.1405181	6	415
79.9078941	6	416
80.2376270	6	417
81.0976028	6	418
81.9494724	6	419
81.6164016	6	420
80.7633399	6	421
80.8506011	6	422
83.0464363	6	423
80.9681415	6	424
80.6894302	6	425
83.6768150	6	426
84.0530395	6	427
82.2982788	6	428
83.1878185	6	429
85.2613449	6	430
83.8301181	6	431
82.6530456	6	432
81.3908576	6	433
81.6123485	6	434
81.1104774	6	435
80.1274776	6	436
80.7566642	6	437
81.0344219	6	438
80.8551311	6	439
81.3059806	6	440
83.1751823	6	441
80.0523757	6	442
81.9978713	6	443
80.6555747	6	444
81.3267230	6	445
80.8231830	6	446
81.3260078	6	447
80.5797576	6	448
83.984375	6	449
80.0859928	6	450
80.1849365	6	451
81.1257362	6	452
80.6016921	6	453
80.0001621	6	454
80.8815956	6	455
81.6094875	6	456
82.0510387	6	457
82.6311111	6	458
80.6066989	6	459
80.6760787	6	460
81.2289714	6	461
87.6829624	6	462
79.7736644	6	463
80.9977054	6	464
82.1549892	6	465
82.2741985	6	466
81.1917781	6	467
81.4006328	6	468
79.0212154	6	469
81.3710689	6	470
81.3660621	6	471
81.6636085	6	472
81.5637111	6	473
81.7561149	6	474
79.6511173	6	475
81.3705921	6	476
80.6412696	6	477
80.1002979	6	478
80.3909301	6	479
80.4581642	6	480
80.1851749	6	481
81.5610885	6	482
81.0594558	6	483
81.9363594	6	484
81.3331604	6	485
81.5041065	6	486
79.7591209	6	487
81.0444355	6	488
81.1059474	6	489
79.9584388	6	490
79.9710750	6	491
80.2559852	6	492
80.0247192	6	493
80.1498889	6	494
80.2450180	6	495
82.2815895	6	496
83.7781429	6	497
79.7114372	6	498
79.8699855	6	499
80.8861255	6	500
80.5423259	6	501
79.9398422	6	502
81.8026065	6	503
80.1889896	6	504
81.4869403	6	505
80.6279182	6	506
80.9509754	6	507
80.1434516	6	508
80.8167457	6	509
80.1925659	6	510
80.6646347	6	511
80.0862312	6	512
80.8145999	6	513
79.8101425	6	514
81.0256004	6	515
81.3086032	6	516
77.3823261	6	517
82.6938152	6	518
80.1622867	6	519
80.3635120	6	520
80.6219577	6	521
80.7731151	6	522
79.6692371	6	523
81.9735527	6	524
81.2797546	6	525
80.6701183	6	526
80.4345607	6	527
81.9554328	6	528
79.9520015	6	529
80.9710025	6	530
81.0091495	6	531
81.0999870	6	532
86.4875316	6	533
82.7152729	6	534
80.7011127	6	535
80.9729099	6	536
82.0403099	6	537
81.0253620	6	538
80.4226398	6	539
78.1676769	6	540
80.5010795	6	541
80.7874202	6	542
80.1141262	6	543
80.9798240	6	544
82.2775363	6	545
81.0744762	6	546
80.5990695	6	547
80.6903839	6	548
80.5509090	6	549
79.8299312	6	550
80.1992416	6	551
80.5895328	6	552
80.0766944	6	553
82.3817253	6	554
80.1210403	6	555
81.5129280	6	556
81.9571018	6	557
80.6109905	6	558
80.1253318	6	559
86.1072540	6	560
80.4486274	6	561
80.5985927	6	562
84.3656063	6	563
80.2886486	6	564
79.5371532	6	565
84.2339992	6	566
81.8285942	6	567
80.6260108	6	568
82.9799175	6	569
81.4642906	6	570
81.3121795	6	571
81.9587707	6	572
84.0306282	6	573
81.0568332	6	574
83.9385986	6	575
79.8871517	6	576
81.4180374	6	577
81.6547870	6	578
80.1968574	6	579
80.3260803	6	580
80.5261135	6	581
80.4584026	6	582
86.4849090	6	583
81.5579891	6	584
81.2172889	6	585
80.8732509	6	586
81.9480419	6	587
82.4317932	6	588
81.0790061	6	589
79.6201229	6	590
81.9420814	6	591
81.8068981	6	592
80.2690982	6	593
80.2898406	6	594
80.6629657	6	595
82.0226669	6	596
81.2983512	6	597
81.0058116	6	598
77.3110389	6	599
82.7710628	6	600
82.7732086	6	601
81.7120075	6	602
80.6126594	6	603
80.1525115	6	604
80.9199810	6	605
81.5191268	6	606
80.8529853	6	607
81.0766220	6	608
85.1449966	6	609
80.4641246	6	610
80.7790756	6	611
80.2519321	6	612
80.5351734	6	613
79.1823863	6	614
80.3680419	6	615
80.2447795	6	616
82.1058750	6	617
80.1167488	6	618
80.6810855	6	619
81.4790725	6	620
80.7502269	6	621
83.1246376	6	622
80.6875228	6	623
80.0597667	6	624
79.7111988	6	625
81.0136795	6	626
79.8158645	6	627
82.1387767	6	628
80.7747840	6	629
80.4042816	6	630
80.4600715	6	631
80.7509422	6	632
80.9259414	6	633
81.4068317	6	634
80.5351734	6	635
79.7986984	6	636
79.9579620	6	637
79.0734291	6	638
80.6589126	6	639
79.6234607	6	640
80.1055431	6	641
81.6135406	6	642
80.8799266	6	643
80.6622505	6	644
81.0730457	6	645
80.3756713	6	646
81.7539691	6	647
80.2514553	6	648
81.2175273	6	649
79.8180103	6	650
80.2726745	6	651
80.5478096	6	652
81.9051265	6	653
83.2056999	6	654
79.5905590	6	655
80.7693004	6	656
81.6967487	6	657
80.5122852	6	658
80.6937217	6	659
82.0248126	6	660
81.3312530	6	661
80.3668498	6	662
81.6092491	6	663
79.8809528	6	664
80.7759761	6	665
80.2826881	6	666
81.1221599	6	667
79.6167850	6	668
80.1613330	6	669
80.4672241	6	670
81.1321735	6	671
80.7394981	6	672
81.2041759	6	673
80.2619457	6	674
80.6722640	6	675
81.7859172	6	676
82.1254253	6	677
80.6660652	6	678
81.7573070	6	679
80.7554721	6	680
80.5304050	6	681
79.7286033	6	682
80.8165073	6	683
80.5404186	6	684
79.7693729	6	685
79.9896717	6	686
80.5444717	6	687
77.0506858	6	688
83.1387042	6	689
82.1568965	6	690
79.5960426	6	691
77.7916908	6	692
85.5543613	6	693
79.8888206	6	694
81.0961723	6	695
79.2775154	6	696
79.9214839	6	697
81.4898014	6	698
80.8196067	6	699
79.3440341	6	700
81.3636779	6	701
79.6597003	6	702
84.2733383	6	703
81.2084674	6	704
81.0408592	6	705
81.0983180	6	706
81.5103054	6	707
79.9379348	6	708
81.4530849	6	709
80.7287693	6	710
80.5389881	6	711
80.8339118	6	712
81.7680358	6	713
82.3543071	6	714
79.5543193	6	715
81.2366008	6	716
82.7319622	6	717
80.7354450	6	718
80.6202888	6	719
80.8629989	6	720
81.0308456	6	721
81.1145305	6	722
79.8881053	6	723
82.6551914	6	724
81.3975334	6	725
80.1029205	6	726
78.9864063	6	727
80.5311203	6	728
81.1629295	6	729
80.3484916	6	730
80.9040069	6	731
80.0077915	6	732
80.8718204	6	733
80.5845260	6	734
80.3623199	6	735
81.1398029	6	736
79.9365043	6	737
80.7785987	6	738
80.1057815	6	739
80.8119773	6	740
80.6441307	6	741
81.0716152	6	742
77.3663520	6	743
82.9834938	6	744
81.1834335	6	745
81.2356472	6	746
80.7318687	6	747
80.2912712	6	748
80.1908969	6	749
84.4285488	6	750
83.3623409	6	751
79.7026157	6	752
83.7101936	6	753
83.3237171	6	754
83.6548805	6	755
79.6837806	6	756
81.3038349	6	757
80.7013511	6	758
81.3491344	6	759
81.4466476	6	760
81.6168785	6	761
81.3484191	6	762
86.4641666	6	763
80.5585384	6	764
81.5694332	6	765
80.7528495	6	766
84.3231678	6	767
81.2277793	6	768
81.3498497	6	769
85.4544639	6	770
80.4579257	6	771
86.0700607	6	772
81.9451808	6	773
81.8672180	6	774
81.6085338	6	775
83.4157466	6	776
80.0707340	6	777
80.3139209	6	778
85.1824283	6	779
80.5971622	6	780
81.5408229	6	781
85.0148200	6	782
81.6652774	6	783
81.2578201	6	784
80.4591178	6	785
79.6728134	6	786
80.2454948	6	787
80.4512500	6	788
80.8570384	6	789
86.0881805	6	790
79.3879032	6	791
80.2202224	6	792
81.0317993	6	793
80.5587768	6	794
80.7030200	6	795
80.4855823	6	796
79.6458721	6	797
82.3073387	6	798
80.0249576	6	799
80.9638500	6	800
80.3999900	6	801
80.8022022	6	802
80.4665088	6	803
80.4750919	6	804
80.9135437	6	805
80.3658962	6	806
82.5052261	6	807
79.8370838	6	808
80.3987979	6	809
80.4932117	6	810
77.9430866	6	811
80.7874202	6	812
81.1905860	6	813
80.8510780	6	814
86.1184597	6	815
80.9836387	6	816
80.7175636	6	817
80.9004306	6	818
80.2607536	6	819
79.8161029	6	820
81.3219547	6	821
79.7362327	6	822
80.7898044	6	823
77.5315761	6	824
86.4288806	6	825
83.7218761	6	826
79.9601078	6	827
77.1756172	6	828
81.4392566	6	829
80.2581310	6	830
81.5143585	6	831
80.5153846	6	832
80.7983875	6	833
80.6434154	6	834
81.5668106	6	835
81.0542106	6	836
81.2482833	6	837
81.5908908	6	838
80.9652805	6	839
80.4362297	6	840
80.4092884	6	841
80.4767608	6	842
81.3786983	6	843
80.5561542	6	844
80.9726715	6	845
80.7592868	6	846
80.0237655	6	847
82.1628570	6	848
80.6832313	6	849
87.4795913	6	850
80.6307792	6	851
80.2516937	6	852
79.4281959	6	853
80.1913738	6	854
80.4126262	6	855
82.7181339	6	856
78.8080692	6	857
79.8633098	6	858
80.4846286	6	859
82.0004940	6	860
85.1554870	6	861
82.0868015	6	862
79.7162055	6	863
81.0294151	6	864
81.1066627	6	865
80.4920196	6	866
83.8901996	6	867
79.5452594	6	868
80.0669193	6	869
81.1777114	6	870
80.0342559	6	871
81.3546180	6	872
79.7946453	6	873
79.9081325	6	874
79.9510478	6	875
80.7635784	6	876
81.2768936	6	877
80.2664756	6	878
84.7654342	6	879
80.2934169	6	880
83.8792324	6	881
80.8088779	6	882
85.7946872	6	883
82.1390151	6	884
81.4917087	6	885
80.7876586	6	886
80.5835723	6	887
80.8899402	6	888
80.5757045	6	889
80.7859897	6	890
80.0163745	6	891
81.6824436	6	892
81.9854736	6	893
86.2565040	6	894
81.3858509	6	895
81.6788673	6	896
80.9907913	6	897
80.6026458	6	898
81.1669826	6	899
85.4578018	6	900
82.1626186	6	901
81.6686153	6	902
80.7936191	6	903
81.3491344	6	904
82.7291011	6	905
81.3250541	6	906
80.2569389	6	907
80.6214809	6	908
79.6711444	6	909
79.6523094	6	910
79.7486305	6	911
80.5253982	6	912
83.6877822	6	913
81.8681716	6	914
83.4264755	6	915
80.2910327	6	916
80.3802013	6	917
81.5343856	6	918
81.1917781	6	919
80.7192325	6	920
81.5513134	6	921
79.8032283	6	922
81.2773704	6	923
80.4114341	6	924
80.9273719	6	925
80.5661678	6	926
80.4188251	6	927
81.4244747	6	928
85.7622623	6	929
80.2764892	6	930
84.4936370	6	931
81.7003250	6	932
77.5370597	6	933
84.4526290	6	934
80.0037384	6	935
79.9348354	6	936
84.9964618	6	937
83.4689140	6	938
79.7746181	6	939
80.3139209	6	940
80.2948474	6	941
80.7223320	6	942
80.8207988	6	943
79.8056125	6	944
80.1396369	6	945
80.7156562	6	946
80.8100700	6	947
81.6140174	6	948
81.0518264	6	949
81.7315578	6	950
87.3103141	6	951
81.5753936	6	952
81.5832614	6	953
80.4359912	6	954
83.6009979	6	955
84.1550827	6	956
80.5978775	6	957
79.2376995	6	958
81.5277099	6	959
80.4286003	6	960
79.5066356	6	961
84.4643115	6	962
80.8711051	6	963
76.7719745	6	964
80.8520317	6	965
81.2325477	6	966
81.1831951	6	967
81.3257694	6	968
80.9750556	6	969
81.6662311	6	970
81.3276767	6	971
81.0804367	6	972
79.9365043	6	973
80.3647041	6	974
80.2910327	6	975
80.2385807	6	976
80.4142951	6	977
80.3730487	6	978
80.5845260	6	979
84.4945907	6	980
80.5528163	6	981
80.3225040	6	982
80.3654193	6	983
79.6923637	6	984
80.0850391	6	985
79.7505378	6	986
80.9149742	6	987
80.4786682	6	988
79.8540115	6	989
80.8043479	6	990
81.4902782	6	991
86.4515304	6	992
82.6725959	6	993
81.4020633	6	994
81.1424255	6	995
81.6547870	6	996
80.2805423	6	997
79.6790122	6	998
78.8588523	6	999
80.3191661	6	1000
83.1260681	6	1001
81.3007354	6	1002
80.8439254	6	1003
81.7201137	6	1004
80.6334018	6	1005
80.2915096	6	1006
80.8455944	6	1007
79.9145698	6	1008
80.1775455	6	1009
80.9562206	6	1010
82.4794769	6	1011
79.5612335	6	1012
82.3047161	6	1013
81.7291736	6	1014
81.0282230	6	1015
81.1820030	6	1016
81.5029144	6	1017
80.5761814	6	1018
80.1899433	6	1019
80.0776481	6	1020
79.0312290	6	1021
81.4166069	6	1022
80.5723667	6	1023
80.6896686	6	1024
81.2020301	6	1025
80.7046890	6	1026
80.8157920	6	1027
80.7824134	6	1028
80.7092189	6	1029
81.4819335	6	1030
79.9217224	6	1031
79.5006752	6	1032
81.6342830	6	1033
79.9334049	6	1034
80.8742046	6	1035
80.0178050	6	1036
81.9776058	6	1037
80.4553031	6	1038
80.8894634	6	1039
76.9357681	6	1040
80.6002616	6	1041
76.8642425	6	1042
84.1271877	6	1043
80.4419517	6	1044
81.9687843	6	1045
77.4705410	6	1046
76.7378807	6	1047
78.0737400	6	1048
86.1792564	6	1049
80.9421539	6	1050
80.6126594	6	1051
80.2803039	6	1052
85.6475830	6	1053
78.1893730	6	1054
83.7926864	6	1055
79.8280239	6	1056
80.3735256	6	1057
85.5507850	6	1058
80.8019638	6	1059
80.4107189	6	1060
82.1905136	6	1061
80.3282260	6	1062
81.2449455	6	1063
80.6658267	6	1064
80.4636478	6	1065
80.9507369	6	1066
81.8674564	6	1067
82.1125507	6	1068
80.7983875	6	1069
80.9755325	6	1070
79.9186229	6	1071
81.0689926	6	1072
80.0936222	6	1073
80.2783966	6	1074
81.1226367	6	1075
82.3180675	6	1076
79.6685218	6	1077
81.5799236	6	1078
81.2695026	6	1079
80.8687210	6	1080
79.8034667	6	1081
82.0379257	6	1082
76.9484043	6	1083
87.1443748	6	1084
80.8911323	6	1085
80.0652503	6	1086
80.7635784	6	1087
82.3094844	6	1088
78.5000324	6	1089
80.8007717	6	1090
85.8654975	6	1091
81.4356803	6	1092
85.3281021	6	1093
82.4749469	6	1094
85.2591991	6	1095
82.8943252	6	1096
81.9694995	6	1097
77.7547359	6	1098
80.4526805	6	1099
79.1206359	6	1100
79.7488689	6	1101
79.4827938	6	1102
80.6164741	6	1103
79.7586441	6	1104
81.2411308	6	1105
77.0158767	6	1106
84.2685699	6	1107
80.7263851	6	1108
80.5921554	6	1109
81.3734531	6	1110
82.3082923	6	1111
80.0135135	6	1112
80.1525115	6	1113
79.5252323	6	1114
82.3795795	6	1115
79.7197818	6	1116
80.3766250	6	1117
80.3952217	6	1118
81.2375545	6	1119
80.4977416	6	1120
80.3809165	6	1121
80.6016921	6	1122
81.8419456	6	1123
80.7130336	6	1124
82.5529098	6	1125
80.9056758	6	1126
80.9364318	6	1127
80.4107189	6	1128
81.5334320	6	1129
80.4378986	6	1130
80.5191993	6	1131
80.4238319	6	1132
79.9915790	6	1133
80.1522731	6	1134
81.4473628	6	1135
80.3508758	6	1136
80.7206630	6	1137
81.1181068	6	1138
80.7867050	6	1139
81.5365314	6	1140
80.4948806	6	1141
77.5761604	6	1142
83.6250782	6	1143
77.2919654	6	1144
84.0184688	6	1145
82.0188522	6	1146
80.1091194	6	1147
77.4440765	6	1148
83.2784175	6	1149
80.8508396	6	1150
80.3365707	6	1151
80.4429054	6	1152
80.2345275	6	1153
77.7609348	6	1154
85.2065086	6	1155
80.3093910	6	1156
80.4069042	6	1157
80.7006359	6	1158
80.2087783	6	1159
77.2044658	6	1160
83.5506916	6	1161
80.6219577	6	1162
80.2869796	6	1163
81.2680721	6	1164
82.8957557	6	1165
80.9648036	6	1166
81.4096927	6	1167
83.1513404	6	1168
84.9082469	6	1169
81.6769599	6	1170
82.7388763	6	1171
80.8968544	6	1172
83.2033157	6	1173
83.5597515	6	1174
80.2819728	6	1175
78.6828994	6	1176
80.5580615	6	1177
79.3297290	6	1178
80.5506706	6	1179
80.2218914	6	1180
80.3306102	6	1181
77.6705741	6	1182
84.0935707	6	1183
80.5270671	6	1184
82.8561782	6	1185
80.9576511	6	1186
80.1341533	6	1187
77.8243541	6	1188
81.5174579	6	1189
80.3506374	6	1190
81.5515518	6	1191
80.8348655	6	1192
80.1427364	6	1193
80.3761482	6	1194
82.5514793	6	1195
81.1550617	6	1196
80.9674263	6	1197
81.1560153	6	1198
81.4046859	6	1199
81.0449123	6	1200
80.5745124	6	1201
80.4691314	6	1202
80.2721977	6	1203
81.6493034	6	1204
79.3991088	6	1205
80.4927349	6	1206
80.5535316	6	1207
82.0734500	6	1208
81.9692611	6	1209
85.2646827	6	1210
80.8930397	6	1211
80.5344581	6	1212
80.4522037	6	1213
80.3000926	6	1214
80.5289745	6	1215
80.1086425	6	1216
79.7615051	6	1217
84.5210552	6	1218
82.7498435	6	1219
83.2524299	6	1220
83.3687782	6	1221
81.4430713	6	1222
80.2724361	6	1223
81.9754600	6	1224
80.4405212	6	1225
80.6450843	6	1226
80.3012847	6	1227
81.3853740	6	1228
80.6934833	6	1229
80.0590515	6	1230
80.4009437	6	1231
80.4181098	6	1232
80.0480842	6	1233
79.1027545	6	1234
81.5944671	6	1235
81.3419818	6	1236
80.7044506	6	1237
79.9529552	6	1238
80.3811550	6	1239
81.1526775	6	1240
81.3710689	6	1241
81.7217826	6	1242
80.9135437	6	1243
84.1205120	6	1244
81.6099643	6	1245
80.9609889	6	1246
80.0685882	6	1247
81.8324089	6	1248
81.5057754	6	1249
81.0766220	6	1250
81.7739963	6	1251
79.9639225	6	1252
81.2342166	6	1253
80.7211399	6	1254
80.5444717	6	1255
80.2679061	6	1256
80.9988975	6	1257
82.2501182	6	1258
83.6923122	6	1259
80.0280570	6	1260
80.9226036	6	1261
81.2432765	6	1262
79.9691677	6	1263
82.1921825	6	1264
80.8627605	6	1265
80.6353092	6	1266
83.6107730	6	1267
81.2513828	6	1268
80.4460048	6	1269
80.6133747	6	1270
79.5092582	6	1271
80.2626609	6	1272
81.5024375	6	1273
80.3692340	6	1274
79.8864364	6	1275
81.0632705	6	1276
80.4483890	6	1277
79.9479484	6	1278
80.6956291	6	1279
80.2419185	6	1280
80.7583332	6	1281
81.2413692	6	1282
80.8491706	6	1283
80.7559490	6	1284
80.6791782	6	1285
81.5160274	6	1286
79.9019336	6	1287
79.9469947	6	1288
81.0134410	6	1289
81.3455581	6	1290
79.7932147	6	1291
80.8787345	6	1292
81.2575817	6	1293
80.6596279	6	1294
80.8215141	6	1295
81.2857151	6	1296
79.6322822	6	1297
81.5076828	6	1298
80.6033611	6	1299
79.1029930	6	1300
81.7441940	6	1301
81.0706615	6	1302
80.8920860	6	1303
80.9285640	6	1304
79.7390937	6	1305
86.8496894	6	1306
83.5480690	6	1307
81.1192989	6	1308
79.5493125	6	1309
81.6850662	6	1310
82.5991630	6	1311
81.0644626	6	1312
79.1676044	6	1313
81.4082622	6	1314
81.5238952	6	1315
86.2767696	6	1316
81.4137458	6	1317
80.5404186	6	1318
83.7793350	6	1319
80.8670520	6	1320
80.2612304	6	1321
85.9458446	6	1322
85.3235721	6	1323
80.7511806	6	1324
79.8037052	6	1325
80.9311866	6	1326
80.7538032	6	1327
82.0651054	6	1328
79.8327922	6	1329
78.5124301	6	1330
80.5988311	6	1331
79.1914463	6	1332
85.9913825	6	1333
80.1122188	6	1334
81.6411972	6	1335
80.2400112	6	1336
82.8115940	6	1337
83.0392837	6	1338
83.3864212	6	1339
81.0823440	6	1340
80.6398391	6	1341
80.4848670	6	1342
83.3234786	6	1343
81.2067985	6	1344
80.7693004	6	1345
79.4887542	6	1346
80.9657573	6	1347
86.6365432	6	1348
82.2899341	6	1349
81.1977386	6	1350
83.4352970	6	1351
82.1681022	6	1352
80.3680419	6	1353
80.6477069	6	1354
78.8390636	6	1355
80.7466506	6	1356
79.3492794	6	1357
80.8975696	6	1358
80.7380676	6	1359
80.3701877	6	1360
81.4843177	6	1361
81.0079574	6	1362
82.4294090	6	1363
79.7109603	6	1364
82.9019546	6	1365
86.0729217	6	1366
80.7421207	6	1367
81.1290740	6	1368
81.7220211	6	1369
83.2252502	6	1370
83.3940505	6	1371
81.9590091	6	1372
80.3430080	6	1373
79.7581672	6	1374
82.4439525	6	1375
80.4982185	6	1376
86.2514972	6	1377
80.8656215	6	1378
76.8175125	6	1379
77.2502422	6	1380
83.4774971	6	1381
77.2678852	6	1382
80.4424285	6	1383
80.0144672	6	1384
77.5461196	6	1385
78.6380767	6	1386
84.1753482	6	1387
77.6596069	6	1388
85.0129127	6	1389
81.2387466	6	1390
78.5465240	6	1391
81.4893245	6	1392
80.9984207	6	1393
80.6334018	6	1394
80.7092189	6	1395
80.0690650	6	1396
80.5528163	6	1397
81.0301303	6	1398
80.3489685	6	1399
80.6629657	6	1400
77.6131153	6	1401
85.3676795	6	1402
81.2366008	6	1403
81.6934108	6	1404
79.8463821	6	1405
79.6914100	6	1406
85.0093364	6	1407
81.3894271	6	1408
78.3698558	6	1409
79.2276859	6	1410
80.8744430	6	1411
80.4741382	6	1412
82.4131965	6	1413
80.5528163	6	1414
79.9548625	6	1415
81.0658931	6	1416
81.0534954	6	1417
80.6045532	6	1418
79.9667835	6	1419
81.3391208	6	1420
80.8496475	6	1421
80.9428691	6	1422
81.1524391	6	1423
82.8816890	6	1424
80.9803009	6	1425
82.0927619	6	1426
81.6752910	6	1427
80.3737640	6	1428
80.5809497	6	1429
80.2426338	6	1430
80.6903839	6	1431
80.9803009	6	1432
79.9422264	6	1433
80.6705951	6	1434
85.6432914	6	1435
81.1138153	6	1436
81.6843509	6	1437
84.7125053	6	1438
80.7998180	6	1439
81.4552307	6	1440
84.9380493	6	1441
85.0114822	6	1442
80.8088779	6	1443
82.1096897	6	1444
79.7545909	6	1445
84.6171379	6	1446
82.5698375	6	1447
83.3139419	6	1448
78.6035060	6	1449
82.8416347	6	1450
80.9600353	6	1451
82.0367336	6	1452
80.8742046	6	1453
80.6493759	6	1454
85.5293273	6	1455
80.7580947	6	1456
84.2509269	6	1457
80.9426307	6	1458
83.2693576	6	1459
79.1473388	6	1460
80.9803009	6	1461
80.2721977	6	1462
80.7886123	6	1463
85.4933261	6	1464
80.5079936	6	1465
81.5312862	6	1466
80.3139209	6	1467
80.3828239	6	1468
80.8832645	6	1469
85.8960151	6	1470
80.3196430	6	1471
80.9955596	6	1472
80.7116031	6	1473
82.1285247	6	1474
80.6884765	6	1475
83.9600563	6	1476
79.4267654	6	1477
80.2984237	6	1478
80.7490348	6	1479
79.9596309	6	1480
80.9497833	6	1481
81.0785293	6	1482
81.0916423	6	1483
81.5093517	6	1484
81.4511775	6	1485
80.8861255	6	1486
81.1097621	6	1487
80.7418823	6	1488
81.6862583	6	1489
81.2211036	6	1490
81.5601348	6	1491
80.9464454	6	1492
81.2373161	6	1493
80.3272724	6	1494
80.5675983	6	1495
81.7446708	6	1496
81.3016891	6	1497
82.2529792	6	1498
80.9659957	6	1499
80.8131694	6	1500
81.5479755	6	1501
80.3236961	6	1502
80.5287361	6	1503
80.1992416	6	1504
80.4865360	6	1505
80.1031589	6	1506
85.9518051	6	1507
82.4060440	6	1508
79.6542167	6	1509
80.4402828	6	1510
80.5044174	6	1511
80.3596973	6	1512
80.4376602	6	1513
80.5263519	6	1514
80.3322792	6	1515
80.4576873	6	1516
81.3074111	6	1517
81.1803340	6	1518
80.4593563	6	1519
81.9239616	6	1520
80.8849334	6	1521
80.2316665	6	1522
82.2064876	6	1523
80.7356834	6	1524
80.5771350	6	1525
80.6157588	6	1526
80.6794166	6	1527
81.0146331	6	1528
79.9086093	6	1529
79.8330307	6	1530
81.3515186	6	1531
82.1335315	6	1532
80.6522369	6	1533
80.9843540	6	1534
80.0898075	6	1535
77.1369934	6	1536
84.8016738	6	1537
81.2344551	6	1538
81.3112258	6	1539
81.1023712	6	1540
80.5439949	6	1541
81.0990333	6	1542
82.3681354	6	1543
84.3560695	6	1544
80.2617073	6	1545
82.1588039	6	1546
81.2470912	6	1547
82.3645591	6	1548
81.9585323	6	1549
79.6380043	6	1550
80.5990695	6	1551
82.0152759	6	1552
81.3832283	6	1553
81.5882682	6	1554
81.2213420	6	1555
81.1867713	6	1556
80.9733867	6	1557
80.4471969	6	1558
80.7461738	6	1559
81.3140869	6	1560
80.0240039	6	1561
80.4026126	6	1562
80.7735919	6	1563
81.6626548	6	1564
82.9966068	6	1565
81.2299251	6	1566
79.6663761	6	1567
79.8707008	6	1568
82.0772647	6	1569
80.4584026	6	1570
79.4878005	6	1571
80.7514190	6	1572
80.4605484	6	1573
80.6677341	6	1574
80.3430080	6	1575
79.6651840	6	1576
80.9087753	6	1577
81.3179016	6	1578
81.1293125	6	1579
80.8677673	6	1580
81.4402103	6	1581
81.4316272	6	1582
80.5423259	6	1583
80.8272361	6	1584
80.3935527	6	1585
80.9726715	6	1586
80.8975696	6	1587
80.5177688	6	1588
78.2241821	6	1589
83.1608772	6	1590
80.3205966	6	1591
83.2555294	6	1592
80.7709693	6	1593
79.9355506	6	1594
81.3508033	6	1595
80.0619125	6	1596
79.9696445	6	1597
81.4690589	6	1598
80.0988674	6	1599
80.4927349	6	1600
81.9532871	6	1601
80.9428691	6	1602
80.9209346	6	1603
84.9258899	6	1604
82.4091434	6	1605
80.9347629	6	1606
81.3975334	6	1607
80.4133415	6	1608
80.8246135	6	1609
80.3210735	6	1610
79.6573162	6	1611
80.4364681	6	1612
80.5776119	6	1613
80.8625221	6	1614
80.4648399	6	1615
81.5477371	6	1616
82.3509693	6	1617
77.9550075	6	1618
82.6542377	6	1619
80.2695751	6	1620
80.3985595	6	1621
81.0670852	6	1622
80.1937580	6	1623
80.6083679	6	1624
80.4765224	6	1625
80.2927017	6	1626
77.4221420	6	1627
77.0080089	6	1628
82.4844837	6	1629
84.6240520	6	1630
80.7850360	6	1631
80.8825492	6	1632
79.3454647	6	1633
80.7452201	6	1634
81.7761421	6	1635
85.3543281	6	1636
79.1678428	6	1637
83.3752155	6	1638
80.7259082	6	1639
83.9388370	6	1640
80.6813240	6	1641
81.6113948	6	1642
80.2218914	6	1643
80.2025794	6	1644
80.8615684	6	1645
79.6325206	6	1646
78.8903236	6	1647
80.1851749	6	1648
81.6810131	6	1649
80.6143283	6	1650
80.2063941	6	1651
81.1603069	6	1652
81.2897682	6	1653
81.2554359	6	1654
81.1600685	6	1655
81.2366008	6	1656
80.9905529	6	1657
80.7762145	6	1658
82.8132629	6	1659
80.6345939	6	1660
79.7650814	6	1661
80.4078578	6	1662
80.9514522	6	1663
80.8184146	6	1664
82.2153091	6	1665
79.9560546	6	1666
81.2704563	6	1667
81.5999507	6	1668
81.1328887	6	1669
80.2452564	6	1670
80.0449848	6	1671
81.2394618	6	1672
81.0759067	6	1673
81.3832283	6	1674
82.5624465	6	1675
81.0391902	6	1676
81.0689926	6	1677
80.8515548	6	1678
81.2473297	6	1679
80.8229446	6	1680
80.7499885	6	1681
79.8089504	6	1682
80.6620121	6	1683
80.3222656	6	1684
80.4886817	6	1685
81.3293457	6	1686
80.0960063	6	1687
80.5389881	6	1688
84.4943523	6	1689
80.6908607	6	1690
80.0976753	6	1691
82.9794406	6	1692
81.0203552	6	1693
77.1777629	6	1694
82.3254585	6	1695
80.6417465	6	1696
79.7028541	6	1697
80.8246135	6	1698
85.2546691	6	1699
80.5914402	6	1700
80.3985595	6	1701
80.5864334	6	1702
81.0406208	6	1703
80.6922912	6	1704
79.9477100	6	1705
79.7700881	6	1706
81.3589096	6	1707
78.9597034	6	1708
80.7499885	6	1709
81.4657211	6	1710
80.5416107	6	1711
81.6545486	6	1712
81.0041427	6	1713
80.6586742	6	1714
80.9772014	6	1715
80.5976390	6	1716
79.8411369	6	1717
87.1679782	6	1718
83.3969116	6	1719
80.0654888	6	1720
80.1563262	6	1721
82.6017856	6	1722
80.9681415	6	1723
80.2769660	6	1724
78.4740447	6	1725
80.2128314	6	1726
80.6474685	6	1727
80.5406570	6	1728
80.7769298	6	1729
81.0303688	6	1730
82.1866989	6	1731
81.1157226	6	1732
81.7482471	6	1733
80.2705287	6	1734
80.5420875	6	1735
81.1874866	6	1736
81.0070037	6	1737
82.1237564	6	1738
82.4289321	6	1739
80.7859897	6	1740
80.5015563	6	1741
81.4816951	6	1742
80.4319381	6	1743
82.3490619	6	1744
79.9889564	6	1745
79.8590183	6	1746
79.4248580	6	1747
81.6311836	6	1748
80.5673599	6	1749
85.3259563	6	1750
76.8895149	6	1751
81.1727046	6	1752
80.1489353	6	1753
80.3260803	6	1754
82.4522972	6	1755
81.4588069	6	1756
79.3030261	6	1757
80.2752971	6	1758
80.9149742	6	1759
86.3857269	6	1760
80.1880359	6	1761
80.1620483	6	1762
80.3823471	6	1763
81.6261768	6	1764
80.8968544	6	1765
79.8265933	6	1766
78.4993171	6	1767
80.7332992	6	1768
80.8639526	6	1769
80.7425975	6	1770
80.5995464	6	1771
80.7201862	6	1772
80.7042121	6	1773
80.7273387	6	1774
80.6775093	6	1775
80.5902481	6	1776
81.6862583	6	1777
81.1164379	6	1778
79.7002315	6	1779
80.6355476	6	1780
81.7871093	6	1781
79.8923969	6	1782
80.8746814	6	1783
80.3744792	6	1784
80.5089473	6	1785
80.8997154	6	1786
80.5404186	6	1787
80.1815986	6	1788
80.1196098	6	1789
85.9179496	6	1790
83.9290618	6	1791
81.1583995	6	1792
80.9657573	6	1793
81.0525417	6	1794
80.7232856	6	1795
86.7424011	6	1796
79.5440673	6	1797
80.5847644	6	1798
83.2788944	6	1799
83.7874412	6	1800
79.2586803	6	1801
82.6261043	6	1802
79.2365074	6	1803
86.0676765	6	1804
82.7860832	6	1805
81.5951824	6	1806
80.1959037	6	1807
84.1181278	6	1808
82.4069976	6	1809
79.9961090	6	1810
78.1574249	6	1811
85.2541923	6	1812
81.2854766	6	1813
80.2898406	6	1814
81.2165737	6	1815
80.2681446	6	1816
81.3796520	6	1817
82.6311111	6	1818
79.6642303	6	1819
79.5853137	6	1820
80.1334381	6	1821
80.2929401	6	1822
86.3742828	6	1823
80.2798271	6	1824
82.7429294	6	1825
80.4677009	6	1826
83.0743312	6	1827
80.6641578	6	1828
83.0409526	6	1829
80.1370143	6	1830
81.7179679	6	1831
79.2779922	6	1832
84.8369598	6	1833
80.5649757	6	1834
80.6319713	6	1835
79.9779891	6	1836
81.1138153	6	1837
80.7127952	6	1838
79.7970294	6	1839
79.9143314	6	1840
81.4356803	6	1841
81.8743705	6	1842
81.0513496	6	1843
79.9520015	6	1844
80.7447433	6	1845
85.8333110	6	1846
77.8529644	6	1847
82.3769569	6	1848
83.2912921	6	1849
81.1004638	6	1850
80.6555747	6	1851
80.6367397	6	1852
81.2032222	6	1853
82.8454494	6	1854
80.7893276	6	1855
80.5165767	6	1856
81.0604095	6	1857
81.9811820	6	1858
81.1240673	6	1859
80.5845260	6	1860
80.2237987	6	1861
85.2003097	6	1862
81.0604095	6	1863
81.7422866	6	1864
83.5635662	6	1865
79.6728134	6	1866
80.9824466	6	1867
80.8475017	6	1868
80.2335739	6	1869
81.2454223	6	1870
85.1292610	6	1871
83.3930969	6	1872
81.4523696	6	1873
81.4900398	6	1874
80.3298950	6	1875
80.9714794	6	1876
81.2032222	6	1877
84.3729972	6	1878
79.7326564	6	1879
80.0337791	6	1880
80.7521343	6	1881
80.5644989	6	1882
81.6426277	6	1883
80.2865028	6	1884
81.0573101	6	1885
83.5835933	6	1886
80.7991027	6	1887
80.4300308	6	1888
81.5503597	6	1889
81.4969539	6	1890
81.3624858	6	1891
82.0121765	6	1892
81.0835361	6	1893
80.1417827	6	1894
79.7963142	6	1895
81.3202857	6	1896
80.6574821	6	1897
80.0917148	6	1898
80.1503658	6	1899
82.2846889	6	1900
82.7939510	6	1901
81.3281536	6	1902
81.0413360	6	1903
81.0089111	6	1904
82.8962326	6	1905
80.9392929	6	1906
81.7711353	6	1907
79.8959732	6	1908
81.2799930	6	1909
83.1637382	6	1910
80.7635784	6	1911
82.7615261	6	1912
82.4713706	6	1913
80.5027484	6	1914
81.0787677	6	1915
80.1568031	6	1916
81.1531543	6	1917
83.0516815	6	1918
80.6608200	6	1919
82.1185111	6	1920
79.6778202	6	1921
81.1614990	6	1922
83.1241607	6	1923
80.9395313	6	1924
79.7848701	6	1925
81.0532569	6	1926
80.7368755	6	1927
80.7924270	6	1928
80.1792144	6	1929
80.4181098	6	1930
78.2070159	6	1931
83.2481384	6	1932
81.4151763	6	1933
80.9104442	6	1934
83.8022232	6	1935
83.4610462	6	1936
83.5671424	6	1937
80.5742740	6	1938
80.2204608	6	1939
84.3286514	6	1940
82.1599960	6	1941
82.8731060	6	1942
82.7312469	6	1943
82.9660892	6	1944
81.4957618	6	1945
81.2702178	6	1946
80.8861255	6	1947
80.8105468	6	1948
85.1190090	6	1949
80.6081295	6	1950
83.0254554	6	1951
80.1079273	6	1952
82.7617645	6	1953
80.6853771	6	1954
80.1737308	6	1955
81.6659927	6	1956
80.2359580	6	1957
80.9817314	6	1958
80.7180404	6	1959
77.6631832	6	1960
81.8250179	6	1961
80.4724693	6	1962
81.1159610	6	1963
81.1054706	6	1964
81.5484523	6	1965
80.5969238	6	1966
81.1135768	6	1967
81.5749168	6	1968
81.4185142	6	1969
80.8072090	6	1970
82.1540355	6	1971
80.5768966	6	1972
82.4432373	6	1973
81.8493366	6	1974
85.7748985	6	1975
79.7388553	6	1976
80.6224346	6	1977
81.0961723	6	1978
81.3474655	6	1979
81.0298919	6	1980
79.8099040	6	1981
80.7850360	6	1982
80.6052684	6	1983
82.3800563	6	1984
81.4166069	6	1985
79.6620845	6	1986
80.6467533	6	1987
80.1160335	6	1988
80.5370807	6	1989
79.7748565	6	1990
80.3954601	6	1991
80.6510448	6	1992
83.9281082	6	1993
81.2926292	6	1994
80.4154872	6	1995
80.3391933	6	1996
80.4026126	6	1997
80.4758071	6	1998
80.9149742	6	1999
86.9019031	6	2000
79.3557167	6	2001
80.4865360	6	2002
81.5875530	6	2003
82.3869705	6	2004
82.3023319	6	2005
82.0252895	6	2006
80.4963111	6	2007
83.0168724	6	2008
80.8010101	6	2009
80.8229446	6	2010
79.8063278	6	2011
80.4634094	6	2012
85.4306221	6	2013
80.9926986	6	2014
80.6000232	6	2015
82.6973915	6	2016
79.9572467	6	2017
81.2819004	6	2018
80.7433128	6	2019
78.5300731	6	2020
81.5300941	6	2021
81.1374187	6	2022
80.1563262	6	2023
82.4890136	6	2024
80.2602767	6	2025
80.5561542	6	2026
80.7118415	6	2027
86.4577293	6	2028
81.1481475	6	2029
80.9466838	6	2030
79.6411037	6	2031
81.3910961	6	2032
80.7571411	6	2033
80.3270339	6	2034
79.3039798	6	2035
82.0918083	6	2036
80.9466838	6	2037
81.2473297	6	2038
81.0055732	6	2039
80.9640884	6	2040
81.5379619	6	2041
81.1305046	6	2042
80.2414417	6	2043
79.7746181	6	2044
80.6729793	6	2045
81.1867713	6	2046
80.2884101	6	2047
79.6914100	6	2048
80.1265239	6	2049
81.3636779	6	2050
81.4566612	6	2051
79.6005725	6	2052
84.1493606	6	2053
80.3103446	6	2054
82.7672481	6	2055
81.3505649	6	2056
80.6961059	6	2057
79.4527530	6	2058
79.4589519	6	2059
81.0270309	6	2060
81.5415382	6	2061
80.7490348	6	2062
80.6405544	6	2063
80.8064937	6	2064
80.8427333	6	2065
82.8969478	6	2066
80.8773040	6	2067
80.7063579	6	2068
80.4080963	6	2069
84.6638679	6	2070
79.4243812	6	2071
81.2723636	6	2072
80.4440975	6	2073
80.1868438	6	2074
80.7290077	6	2075
81.6304683	6	2076
79.6375274	6	2077
80.6846618	6	2078
80.1904201	6	2079
80.6810855	6	2080
82.8704833	6	2081
81.3918113	6	2082
81.8958282	6	2083
82.7627182	6	2084
82.6783180	6	2085
77.2466659	6	2086
83.8935375	6	2087
80.0838470	6	2088
80.6713104	6	2089
81.5701484	6	2090
84.7172737	6	2091
77.4316787	6	2092
81.2904834	6	2093
81.1820030	6	2094
80.4414749	6	2095
81.1848640	6	2096
81.2878608	6	2097
79.4386863	6	2098
83.1634998	6	2099
81.1285972	6	2100
80.0859928	6	2101
85.5026245	6	2102
79.9608230	6	2103
80.6283950	6	2104
81.4836025	6	2105
80.9640884	6	2106
79.4885158	6	2107
81.5846920	6	2108
79.1094303	6	2109
79.7228813	6	2110
81.2354087	6	2111
79.9970626	6	2112
80.8999538	6	2113
80.2154541	6	2114
80.2206993	6	2115
79.8902511	6	2116
80.7971954	6	2117
77.1534442	6	2118
82.0915699	6	2119
85.0069522	6	2120
81.8612575	6	2121
80.3790092	6	2122
82.3299884	6	2123
80.3730487	6	2124
80.6102752	6	2125
80.3811550	6	2126
80.1510810	6	2127
80.4004669	6	2128
81.2904834	6	2129
79.9555778	6	2130
79.7703266	6	2131
80.4922580	6	2132
80.4429054	6	2133
79.4978141	6	2134
79.3046951	6	2135
85.9377384	6	2136
80.9910297	6	2137
80.3182125	6	2138
80.5134773	6	2139
81.2067985	6	2140
81.5486907	6	2141
84.0706825	6	2142
80.1162719	6	2143
80.9855461	6	2144
80.4738998	6	2145
83.5838317	6	2146
80.8532238	6	2147
85.1268768	6	2148
80.7533264	6	2149
81.1374187	6	2150
80.9211730	6	2151
80.7697772	6	2152
80.6903839	6	2153
79.8408985	6	2154
80.5516242	6	2155
80.3196430	6	2156
80.7330608	6	2157
82.8549861	6	2158
80.8601379	6	2159
77.3696899	6	2160
83.2307338	6	2161
81.3617706	6	2162
81.9408893	6	2163
80.8598995	6	2164
81.0401439	6	2165
79.8971652	6	2166
80.8942317	6	2167
79.7190666	6	2168
80.2698135	6	2169
79.9057483	6	2170
82.6439857	6	2171
80.1515579	6	2172
81.3982486	6	2173
81.0627937	6	2174
80.3940296	6	2175
80.4395675	6	2176
80.6343555	6	2177
80.1572799	6	2178
80.6958675	6	2179
80.3775787	6	2180
80.8718204	6	2181
80.4333686	6	2182
82.4201107	6	2183
81.3248157	6	2184
80.4781913	6	2185
82.0393562	6	2186
80.9628963	6	2187
80.4371833	6	2188
80.8913707	6	2189
80.6651115	6	2190
80.2149772	6	2191
80.0144672	6	2192
80.3370475	6	2193
81.6004276	6	2194
79.7550678	6	2195
80.3129673	6	2196
81.9046497	6	2197
81.3405513	6	2198
79.4677734	6	2199
82.1752548	6	2200
80.2228450	6	2201
81.0461044	6	2202
80.8050632	6	2203
80.1858901	6	2204
79.9539089	6	2205
81.9430351	6	2206
81.0632705	6	2207
80.7695388	6	2208
80.9381008	6	2209
81.7244052	6	2210
80.0859928	6	2211
80.9664726	6	2212
79.8690319	6	2213
80.6400775	6	2214
81.4232826	6	2215
80.4154872	6	2216
80.9965133	6	2217
84.4700336	6	2218
79.8842906	6	2219
81.3162326	6	2220
81.2020301	6	2221
82.1862220	6	2222
81.5668106	6	2223
80.0743103	6	2224
79.9489021	6	2225
80.1510810	6	2226
83.2254886	6	2227
80.2006721	6	2228
80.4049968	6	2229
81.0360908	6	2230
80.5406570	6	2231
80.7538032	6	2232
80.7025432	6	2233
80.8200836	6	2234
81.5484523	6	2235
79.7221660	6	2236
84.8498344	6	2237
83.4298133	6	2238
80.3890228	6	2239
83.4488868	6	2240
80.7368755	6	2241
80.5532932	6	2242
81.0239315	6	2243
79.0786743	6	2244
80.0027847	6	2245
80.7049274	6	2246
80.5082321	6	2247
81.1879634	6	2248
80.1889896	6	2249
79.8573493	6	2250
80.3339481	6	2251
85.6912136	6	2252
80.0714492	6	2253
80.2755355	6	2254
79.7433853	6	2255
84.5890045	6	2256
80.2326202	6	2257
83.4238529	6	2258
78.0136585	6	2259
81.4764499	6	2260
84.5878124	6	2261
80.4598331	6	2262
84.7713947	6	2263
80.1413059	6	2264
77.7072906	6	2265
79.9093246	6	2266
80.9841156	6	2267
80.6910991	6	2268
82.2303295	6	2269
80.5230140	6	2270
80.3136825	6	2271
81.2494754	6	2272
84.1925144	6	2273
80.5752277	6	2274
80.9690952	6	2275
77.4972438	6	2276
83.9500427	6	2277
81.6338062	6	2278
80.1298618	6	2279
80.9662342	6	2280
81.4173221	6	2281
81.2070369	6	2282
80.5668830	6	2283
79.7302722	6	2284
79.7677040	6	2285
79.2381763	6	2286
83.9757919	6	2287
81.0785293	6	2288
80.4452896	6	2289
82.1278095	6	2290
79.9601078	6	2291
80.2223682	6	2292
80.5730819	6	2293
80.2655220	6	2294
80.3744792	6	2295
80.5265903	6	2296
79.6475410	6	2297
80.2385807	6	2298
80.9698104	6	2299
82.7028751	6	2300
80.2748203	6	2301
81.2878608	6	2302
79.3471336	6	2303
81.1166763	6	2304
81.2206268	6	2305
82.4363231	6	2306
80.1670551	6	2307
80.9795856	6	2308
84.4311714	6	2309
81.4735889	6	2310
86.9956016	6	2311
80.7263851	6	2312
81.0201168	6	2313
79.6256065	6	2314
79.8332691	6	2315
81.9211006	6	2316
80.8801651	6	2317
79.2422294	6	2318
80.9867382	6	2319
79.7147750	6	2320
80.9931755	6	2321
80.7819366	6	2322
80.9247493	6	2323
80.0535678	6	2324
85.3703022	6	2325
80.2152156	6	2326
82.4468135	6	2327
82.0086002	6	2328
80.2035331	6	2329
81.8078517	6	2330
81.5548896	6	2331
81.2835693	6	2332
80.6918144	6	2333
81.4495086	6	2334
81.2623500	6	2335
81.3119411	6	2336
81.0904502	6	2337
81.6380977	6	2338
80.7032585	6	2339
80.2426338	6	2340
81.2137126	6	2341
82.0925235	6	2342
80.0683498	6	2343
80.3270339	6	2344
80.2893638	6	2345
79.4668197	6	2346
81.2323093	6	2347
80.7836055	6	2348
76.9836902	6	2349
77.8415203	6	2350
82.3574066	6	2351
84.7752094	6	2352
80.0316333	6	2353
77.6665210	6	2354
79.4265270	6	2355
82.9725265	6	2356
80.7633399	6	2357
80.9061527	6	2358
79.1721343	6	2359
80.3365707	6	2360
80.8153152	6	2361
80.6419849	6	2362
81.4862251	6	2363
81.2239646	6	2364
80.5227756	6	2365
82.0941925	6	2366
79.7452926	6	2367
79.5595645	6	2368
80.8207988	6	2369
79.2603492	6	2370
79.8649787	6	2371
80.0361633	6	2372
79.9713134	6	2373
83.6713314	6	2374
82.4806690	6	2375
79.2410373	6	2376
80.4162025	6	2377
80.5773735	6	2378
80.2252292	6	2379
83.2407474	6	2380
84.7349166	6	2381
80.9621810	6	2382
79.6425342	6	2383
81.1431407	6	2384
80.1935195	6	2385
80.6357860	6	2386
85.3729248	6	2387
83.5607051	6	2388
80.0125598	6	2389
81.4630985	6	2390
80.2495479	6	2391
81.5010070	6	2392
80.7983875	6	2393
84.2025279	6	2394
80.3735256	6	2395
80.4717540	6	2396
80.6093215	6	2397
96.4221954	6	2398
83.7051868	6	2399
84.0296745	6	2400
avg:  81.17189447085063
std:  1.6027780351405045
p95:  84.58787202835083
p99:  86.38604640960692
com:  75.60791209916368
thg:  7.560791209916369
FCT:  31.742709636688232
que:  4.4340137640635175
los:  0.0
2400 0
**********************
