[ 84 103  89  83  70  81  87  84  77  78  84  77  90 100  84  86  87  83
  81  92  77  99  76  82  91  88  84  83  81  72  92  72  91  87  82  75
  85  74  77  70  94  82  73  85  80  94  91  94  79  91  92  70  91  90
  95  87  72  87  76  94  80  99  76  74  80  87  61  98  81  90  72  82
  80  84  93  66  71  90  86  77  94  78  80  75  85  86  75  77  99  86
  78  87  81  81  81  86  76 100  90  77  74  94  89  92  96  86  78  94
  73  71  99  83  82  96  68  95  73  82  82  79  68 100  82  90  89  79
  86  70  86  88  79  81  72  90  80  82  83  87  84  70  83  70  64  99
  77  89  92  82  82  87  86  78  86  83  89  87  93  84 101  86  85  66
  83  79  96  79  81  80  97  73  74  77  90  82  77  76  80  79  84  84
  88  81  93  73  71  95  79  81  86  90  88  80  72  83  82  71  88  81
  92  86  69  72  63  88  84 100 102  89  62 100  88  80  94  83  77  81
  83  74  83  90  99  93  80  90  64  90  85  84  71  88  83  73  84  73
  91  82  82  94  81  83  81  82  87  90  80  97  80  93  80  85  82  89
  96  89  83  90  88  81  80  82  73  79  80  92  79  74  82  84  91  77
  78  65  98  97  78  87  81  98  79  85  65  92  87  84  88  95  84  83
  82  79  80  78  82  77  73  93  90  89  87  93  78  93  77  97  72  88
  97  85  81  82  70  84  98  69  88  87  83  97  93  90  82  90  92  71
  83  97  94  82  77  85  73  76  91  78  80  82  98  75  72  83  77  84
  84  87  78  96  91  96  85  90  83  75  83  88  76  76 105  83  97  82
  79  81  84  88  85  88  91  77  76  76  83  75  82  75  89  84  98  80
  84  85  84  85  85  71  88  81  74  78  93  83  71  93  80 100 107  89
  71  83  73  92  96  90  82  80  94  93  69  71  86  93  80  84  76  77
  69  96  82  96  81  63  75  85  75  81  96  88  78  86  86  98  78  86
  86  72  77  67  73  72  70  76  86  72  77  81  92  75  95  89  96  86
  87  92  71  79  80  83  86  86  82  72  84  75  70  73  83  85  79  83
  97  69  77  92  86  89  89  71  93  82  74  74  96  80  71  93  77  94
  84  90  86  85  82  84  86  83  85  98 105  93  80  84]
The transmit rate is 12.0
192.951917	6	28
192.684173	6	32
190.893411	6	44
195.116758	6	50
194.172620	6	99
820.109605	16	134
206.130504	6	161
829.889059	16	179
221.008300	6	224
206.591844	6	253
840.713262	16	283
908.039331	16	380
223.495244	6	392
840.433120	16	415
237.299680	6	428
206.113338	6	434
223.472833	6	474
avg:  395.8302946651683
std:  292.5185055339974
p95:  854.1784763336182
p99:  897.2671604156494
com:  0.3521236450798964
thg:  1.0951045361984777
FCT:  48.2784960269928
que:  19.87329651327694
los:  96.6
12 5
**********************
