[100 110  87 100  98 105  85  95 111 107  91  84  92 107  83 106 106  95
  97 102  88 100  98 105 104  99 104 102 117 108 107 101  78  86  79  90
  87 100 123  97  92 103  97 106  92 117 105 100 102 104 105 101 109  93
  97  99 104  89 114 103 118 104 108  98 108 109 102  98 113  89  88 105
  95  94 101 101 114  88 116 109  93  94  99  89 104 105 105  91 105  91
 108 119 107  85  80 105 119  99 110  95  93  98 100 107 111 101  94 116
 114  96  81 109  90 103 102  96 107  94  93  97 103  98 106 104 110  82
  99 105 103  91  91 104  87  93  86  97  97 119  94 108  95  89 103  87
 114  97  99 104  91  94  83  90 120 107 105 102 106 113 110  93 112  93
 118 102 108 102  98  90  93 119  99  94 101  98 105 101 133  76 105  86
 119  95  98  91  95  89 100 104 103 106 121  93  88 110  97  70  85  90
 108 127  99 114 106  98 104 107  89  86  96  98 105 106 109 109 108 103
  99 122  86 103 108  95  91 112  94  97  92  83  95 109  89 104  88 127
 113  95  83 101  94 100 107 114 112 109  78 112 121 106  92 113  88 104
  90 115  77  83 102  95 105 100 111 101  92  73  91 103  87 107  93  86
 105 109 108  88 109 106  90  95 108  83 106 118  91 110 110 103 102 102
 111  96 105  82 100 107 111  99  88  99  87 108]
The transmit rate is 10.0
206.653594	6	1
207.876920	6	2
245.411396	6	3
194.731235	6	4
260.261774	6	5
215.459585	6	6
259.713649	6	7
282.818317	6	8
230.594635	6	9
291.032552	6	10
250.592231	6	11
282.646179	6	12
280.281782	6	13
197.842359	6	14
251.861810	6	15
274.165630	6	16
275.459527	6	17
232.821464	6	18
214.385271	6	19
266.041755	6	20
275.804996	6	21
223.406314	6	22
265.400409	6	23
209.692716	6	25
317.970752	6	24
293.332576	6	26
239.717960	6	27
259.923458	6	28
208.000898	6	29
221.741914	6	30
214.351415	6	31
221.301794	6	32
226.071834	6	33
293.687343	6	34
251.916885	6	35
313.676834	6	36
228.947877	6	37
277.606248	6	38
239.940881	6	39
225.709915	6	40
240.044355	6	41
208.391666	6	42
224.730968	6	43
207.419633	6	44
322.302579	6	45
209.439992	6	46
222.726821	6	47
236.120939	6	48
244.083642	6	49
202.532529	6	50
208.920001	6	51
219.900608	6	52
234.190702	6	53
229.673385	6	54
192.987918	6	55
233.606100	6	56
199.062108	6	57
227.882146	6	58
206.605911	6	59
185.333728	6	60
249.743938	6	61
235.258340	6	62
193.758726	6	63
231.384515	6	64
188.395738	6	65
222.468376	6	66
197.500705	6	67
211.660861	6	68
231.277227	6	69
203.901529	6	70
237.200021	6	71
221.054077	6	72
275.875329	6	73
231.317758	6	74
257.439613	6	75
253.687620	6	76
206.860780	6	77
268.685817	6	78
212.815523	6	79
221.943140	6	81
323.211908	6	80
256.840944	6	82
253.420114	6	83
234.464883	6	84
294.080257	6	85
250.299930	6	86
246.170759	6	87
270.565271	6	88
215.297460	6	89
269.857406	6	90
255.434274	6	91
212.574243	6	92
218.311548	6	94
326.421022	6	93
246.891975	6	95
280.808925	6	96
215.760469	6	97
229.713678	6	98
273.180723	6	99
210.222244	6	100
219.007253	6	101
252.566337	6	102
225.142478	6	103
233.066797	6	104
205.428361	6	105
214.968919	6	106
214.331150	6	107
199.773788	6	108
204.836130	6	109
203.383922	6	110
217.893362	6	111
189.183235	6	112
216.455221	6	113
212.399959	6	114
209.083557	6	115
195.258140	6	116
235.257863	6	118
330.604553	6	117
206.185817	6	119
274.693965	6	120
218.695640	6	121
244.926214	6	122
227.830171	6	123
199.871063	6	124
253.431558	6	125
228.402853	6	126
277.589797	6	127
240.809202	6	128
223.532438	6	129
265.103101	6	130
234.193086	6	131
265.168428	6	132
291.575670	6	133
217.022895	6	134
308.068990	6	135
268.409490	6	136
198.511362	6	137
286.750793	6	138
196.067571	6	139
285.661220	6	140
246.752977	6	141
204.666376	6	142
189.465761	6	144
317.716598	6	143
236.422777	6	145
261.725187	6	146
220.894575	6	147
208.549022	6	148
213.786125	6	150
316.413164	6	149
268.539667	6	151
290.531873	6	152
206.163167	6	153
214.639663	6	154
223.777532	6	155
214.504003	6	156
183.434009	6	157
217.333078	6	158
187.686681	6	159
254.742383	6	160
208.108425	6	161
213.585853	6	162
208.933353	6	163
240.042448	6	164
235.377073	6	165
210.129737	6	166
239.217519	6	167
234.030961	6	168
228.421926	6	169
211.905956	6	170
210.894346	6	171
217.164516	6	172
197.877645	6	173
212.108850	6	174
215.782642	6	175
235.601425	6	176
229.072332	6	177
210.325241	6	178
270.700454	6	179
231.266021	6	180
230.806350	6	181
244.059801	6	182
211.447954	6	183
246.873617	6	184
251.879215	6	185
235.902309	6	186
238.309621	6	187
232.622385	6	188
223.287820	6	189
198.655366	6	190
226.732492	6	191
195.585250	6	192
200.398206	6	193
230.318069	6	194
206.392288	6	195
246.884822	6	196
290.469408	6	197
228.430986	6	198
220.119714	6	199
272.341728	6	200
197.193861	6	201
248.996257	6	202
225.742340	6	203
222.159147	6	204
217.940568	6	205
218.991756	6	206
255.373001	6	207
222.877502	6	208
275.585889	6	209
272.784709	6	210
242.567777	6	211
207.260847	6	213
348.237752	6	212
250.103235	6	214
271.473169	6	215
210.959911	6	216
260.879278	6	217
227.791547	6	218
238.264560	6	219
247.723102	6	220
273.752212	6	221
210.174798	6	222
259.623527	6	223
238.006114	6	224
210.109949	6	225
259.823322	6	226
246.359109	6	227
246.837615	6	228
290.439128	6	229
231.611967	6	230
252.242088	6	231
202.228784	6	232
255.249023	6	233
208.815574	6	234
261.900424	6	235
254.849672	6	236
238.758087	6	237
261.647462	6	238
248.304128	6	239
235.594034	6	240
219.093084	6	241
224.630355	6	242
188.425302	6	243
195.964097	6	244
230.415582	6	245
231.330871	6	246
217.172145	6	247
243.190526	6	248
260.443687	6	249
218.456506	6	250
308.433532	6	251
256.526947	6	252
216.893434	6	253
269.586086	6	254
270.747423	6	255
282.777309	6	256
270.829200	6	257
229.877710	6	258
243.318319	6	259
235.347986	6	260
199.615955	6	261
212.430953	6	262
245.854616	6	263
273.949146	6	264
281.330108	6	265
236.130714	6	266
315.505504	6	267
251.047611	6	268
286.298513	6	269
204.042673	6	270
278.538465	6	271
248.375654	6	272
212.686061	6	273
298.564434	6	274
211.327552	6	275
274.932622	6	276
273.044824	6	277
233.440876	6	278
313.534975	6	279
247.130632	6	280
271.286964	6	281
248.566627	6	282
204.094409	6	283
308.385372	6	284
223.846673	6	285
245.295047	6	286
265.284776	6	287
208.582162	6	288
246.135473	6	289
232.089757	6	290
222.650766	6	291
257.159709	6	292
230.415344	6	293
218.349456	6	294
218.373060	6	295
239.388227	6	296
215.516805	6	297
294.331073	6	298
266.184806	6	299
236.680746	6	300
avg:  238.9820392926534
std:  31.694675831958325
p95:  294.54274177551275
p99:  323.2439994812012
com:  9.848203782840258
thg:  30.627913764633202
que:  55.54802974065145
los:  0.0
300 0
**********************
