[ 90  65  94  81  77  79  79  87  86  73  80  95  83  78  91  82  82  68
  85  81  93  90  79  93  85  84  82  66  76  83  77  88  83  87  91  84
  81  78  82  74  95  93  77  90  82  81  75  88  75  80  80 107  71  75
  87  88  96  88  78  91  78  81 107  93  78  89  89 102 107  96  84  94
  65  88  76  84  69  83  96  75  77  75  93  82  84  88  88  71  77  90
  88  68  88  77  76  66  81  73  69  69  90  85  80  74  82  73  86  83
  82  87  96  81  90  89  69  86  96  84  73 100  89  83  72  84  90  77
  75  81  82  75  71  88  88  88  88  88  75  88  64  89  86  85 101  79
  67  86  73  83  99  71  88  75  73 101  81  88  89  86  67  99  82  60
  79  92  99  79  75  99  80  86 102  78  74  93  81  80  87  81  82  72
  82  77  96  73  85  84  83  79  80 109  83  87  89  97  96  83  70 110
  92  85  98  82  81  90  92  74  82  95  68  92  79  73  83  90  89  93
  81  83 101  91  86  81  90  82  99  81  81  80  78  82  88  79  73  75
 107  93  75  65  86  87  89  83  73  72 102  79  78  88  80  91  81  68
  91  90  86  85  72  77  75  73  89  72  74  89  95  73  84  93  79  94
  85  89  89  85  76  88  79  88 101  80  90  71  90  97  81  81  87  86
  84  89  82  82  77  79  94  75 102  87  84  80  73  84  87  71  80  74
  81  75 116  77  75  91  81  76  93  69  78  92  92  91  73  76  77  82
  73  94  76 101  72  85  90  81  80  79  71  85  81  74  80  92  77  82
 100  92  84  94  89  87  93 111  91  79  96  97  78  82  88  73  70  79]
The transmit rate is 12.0
205.258369	6	1
211.040258	6	2
229.847431	6	3
244.324207	6	4
233.089208	6	5
265.103816	6	6
288.449287	6	7
250.408649	6	8
256.170034	6	9
338.303327	6	10
285.442352	6	11
346.440315	6	12
308.376312	6	13
346.962213	6	14
359.367132	6	15
281.177282	6	16
268.301486	6	18
406.934738	6	17
314.566135	6	19
297.888994	6	20
353.476285	6	21
279.328584	6	23
369.717836	6	22
312.870025	6	24
312.119245	6	25
288.864612	6	26
322.666645	6	27
287.375688	6	29
275.475263	6	30
244.291782	6	31
542.154312	6	28
293.284893	6	32
332.570791	6	33
222.688436	6	35
385.916233	6	34
333.783626	6	36
321.283817	6	37
243.757009	6	39
374.575614	6	38
265.650272	6	40
310.316801	6	41
328.553676	6	42
313.784599	6	43
232.529640	6	44
315.559864	6	45
252.706050	6	47
386.242628	6	46
295.807838	6	48
252.854108	6	49
341.152667	6	50
322.083711	6	51
250.979185	6	52
266.840219	6	53
209.220170	6	55
343.080759	6	54
239.204406	6	56
264.458656	6	57
250.613927	6	58
231.585264	6	59
273.700714	6	60
240.517854	6	61
281.527996	6	62
281.441688	6	63
231.905937	6	64
237.804889	6	65
249.702453	6	66
233.255863	6	67
247.837066	6	68
203.716993	6	69
256.058216	6	70
245.496749	6	71
264.821529	6	72
257.614612	6	73
289.916992	6	74
273.197412	6	75
281.148672	6	76
284.898996	6	77
362.753152	6	78
304.530620	6	79
229.319572	6	80
315.724611	6	81
299.996376	6	82
256.007671	6	83
352.653741	6	84
292.345285	6	85
331.742286	6	86
277.345418	6	87
303.898096	6	88
302.710056	6	89
301.743984	6	90
337.944507	6	91
368.794679	6	92
293.084859	6	93
312.140703	6	94
301.713943	6	95
273.792743	6	97
376.994609	6	96
271.100759	6	99
251.840829	6	101
481.921195	6	98
405.603885	6	100
298.539161	6	102
350.332260	6	103
237.466335	6	105
375.888347	6	104
266.578674	6	106
329.865932	6	107
276.807069	6	109
404.361248	6	108
274.338722	6	110
246.273279	6	111
216.070175	6	113
221.696615	6	114
451.714515	6	112
300.095081	6	115
333.908796	6	116
237.819671	6	118
328.403711	6	117
268.239498	6	119
245.878934	6	120
276.182174	6	121
225.832462	6	122
292.393207	6	123
285.071372	6	124
240.823030	6	125
245.956897	6	126
321.208953	6	127
283.108234	6	128
301.369428	6	129
304.555177	6	130
325.483798	6	131
312.794923	6	132
273.994445	6	133
276.410818	6	134
324.359655	6	135
262.995004	6	136
300.208091	6	137
267.202138	6	138
254.453420	6	139
268.646717	6	140
290.184974	6	141
206.929683	6	142
286.899566	6	143
242.518663	6	145
311.807870	6	144
349.696159	6	146
337.335824	6	147
294.472694	6	148
266.873121	6	149
347.488880	6	150
307.727575	6	151
259.616136	6	152
346.773386	6	153
205.163478	6	155
316.947460	6	154
296.330213	6	156
327.739953	6	157
246.526479	6	158
300.579547	6	159
278.446912	6	161
387.850284	6	160
259.056091	6	162
327.264785	6	163
257.479667	6	165
356.901645	6	164
307.135820	6	166
344.731807	6	167
248.258352	6	169
365.581274	6	168
315.819740	6	170
267.475605	6	171
267.640352	6	172
324.167251	6	173
232.471704	6	174
282.653093	6	175
279.019594	6	176
271.425485	6	177
334.905624	6	178
307.794570	6	179
263.588190	6	180
335.966587	6	181
370.357990	6	182
310.162544	6	183
299.950599	6	184
309.488296	6	185
265.968084	6	186
323.283672	6	187
241.365194	6	189
394.760131	6	188
213.793039	6	190
360.212087	6	191
292.132139	6	192
246.393442	6	193
280.475854	6	194
270.116567	6	195
214.216947	6	196
253.619432	6	197
274.107694	6	198
248.773574	6	199
273.074388	6	200
267.297267	6	201
226.200342	6	203
312.144041	6	202
253.215789	6	204
271.245479	6	205
205.667018	6	207
307.895421	6	206
251.480102	6	208
305.247068	6	209
240.141868	6	210
282.752513	6	211
268.665313	6	212
346.931219	6	213
267.943143	6	214
264.108180	6	215
296.082973	6	216
240.502834	6	217
235.511779	6	218
227.375030	6	220
330.331087	6	219
217.749118	6	221
283.928632	6	222
259.678125	6	223
279.394388	6	224
249.598503	6	225
228.542327	6	227
397.884130	6	226
271.105051	6	228
268.709659	6	229
291.075706	6	230
276.412487	6	231
225.867748	6	232
254.932403	6	233
260.314464	6	235
371.579885	6	234
276.687860	6	236
281.387329	6	237
283.987045	6	238
259.487390	6	239
269.650936	6	240
272.796869	6	241
227.571964	6	242
335.005998	6	243
323.985576	6	244
218.682289	6	246
305.993080	6	245
360.363721	6	247
274.716854	6	249
382.098674	6	248
323.225498	6	250
257.819175	6	252
380.667924	6	251
246.871471	6	253
396.292448	6	254
288.115739	6	256
418.431520	6	255
245.267629	6	258
425.375223	6	257
315.091609	6	260
248.999834	6	261
450.654029	6	259
325.774431	6	262
293.582439	6	264
439.600229	6	263
297.589778	6	265
251.627445	6	266
364.548921	6	267
322.931051	6	268
295.189380	6	269
266.635656	6	270
312.908887	6	271
264.928579	6	272
280.276775	6	273
226.529121	6	274
216.578960	6	276
357.192516	6	275
271.856546	6	277
270.929336	6	278
264.282703	6	279
220.923423	6	280
198.263168	6	282
342.144250	6	281
215.483188	6	283
348.834514	6	284
267.907381	6	285
242.418527	6	286
207.192182	6	288
335.559606	6	287
304.424762	6	289
335.011482	6	290
271.523952	6	291
232.912302	6	292
298.612833	6	293
308.969259	6	294
311.782598	6	295
236.841917	6	296
244.352102	6	298
344.626665	6	297
239.875793	6	299
215.869426	6	300
341.593265	6	301
290.970325	6	302
245.511293	6	303
310.513734	6	304
238.969802	6	306
404.046297	6	305
276.431322	6	307
240.348100	6	309
370.221138	6	308
321.700096	6	310
272.622108	6	311
325.932502	6	312
320.196866	6	313
244.436740	6	315
339.249134	6	314
325.024604	6	316
370.297193	6	317
286.799907	6	319
397.664546	6	318
295.777082	6	321
433.234453	6	320
330.108880	6	322
281.002283	6	323
390.179634	6	324
251.307487	6	326
411.985874	6	325
277.808904	6	327
317.400455	6	328
318.291902	6	329
275.405645	6	330
282.349348	6	332
364.377498	6	331
273.997068	6	333
346.174955	6	334
317.167997	6	335
244.741439	6	337
397.919416	6	336
342.974662	6	338
276.693105	6	340
245.229005	6	341
415.014505	6	339
372.019052	6	342
307.556629	6	343
244.100332	6	344
308.876037	6	345
286.250591	6	346
298.470973	6	347
242.511272	6	348
228.448152	6	349
223.431587	6	350
225.835084	6	351
209.148645	6	352
273.009538	6	353
216.264247	6	354
230.399608	6	355
267.811775	6	356
250.550508	6	357
217.599153	6	359
347.486019	6	358
289.838075	6	360
avg:  292.66244305504694
std:  53.400314695779024
p95:  394.8367476463318
p99:  444.13228750228916
com:  11.744143874344218
thg:  36.52428744921051
que:  94.399274720086
los:  0.0
360 0
**********************
