[523 531 517 499 503 458 502 491 514 520 463 495 447 518 459 500 486 522
 495 477 492 536 481 526 517 490 486 502 487 479 529 546 479 506 484 472
 483 480 501 502 491 488 476 534 509 491 462 473 517 513 456 536 518 489
 486 489 512 488 501 506]
The transmit rate is 2.0
194.334030	6	1
185.435295	6	2
185.837507	6	3
185.090541	6	4
184.317827	6	5
184.633493	6	6
185.302019	6	7
185.187816	6	8
184.022426	6	9
189.320564	6	10
185.526371	6	11
186.142206	6	12
184.998273	6	13
184.947252	6	14
186.196565	6	15
187.127590	6	16
186.872243	6	17
186.800003	6	18
184.916257	6	19
193.614959	6	20
182.715654	6	21
184.525489	6	22
183.920145	6	23
187.047481	6	24
184.777975	6	25
184.301614	6	26
185.315132	6	27
186.478614	6	28
185.476541	6	29
185.167074	6	30
183.410882	6	31
182.958841	6	32
189.120769	6	33
182.028532	6	34
185.497999	6	35
185.777425	6	36
185.178279	6	37
183.878183	6	38
186.302900	6	39
188.041925	6	40
186.237573	6	41
187.852382	6	42
187.278509	6	43
187.661647	6	44
181.885004	6	45
182.640790	6	46
185.359477	6	47
187.514543	6	48
184.410810	6	49
185.936927	6	50
185.405254	6	51
188.788890	6	52
186.048984	6	53
186.585187	6	54
184.552431	6	55
184.561729	6	56
184.810638	6	57
180.875778	6	58
187.346935	6	59
189.743280	6	60
avg:  185.80069144566855
std:  2.3322403653637465
p95:  189.34170007705688
p99:  193.9097785949707
com:  1.9896237934738032
thg:  6.187729997703528
que:  4.924913247426351
los:  0.0
60 0
**********************
