[105 103  99 115 103  92 101  98  77 105 107  87  86 106 101  99 108 103
  97  75 107 108 103  94  84 102  83 104 102  95 117 104 106  92  95 106
 108  98  95 107 105 110 109  81  87 100 107  89 116  90  82 102 103  82
  96 100 102  90  89 102 107 107  99  98 106  89 100 104 116 102 102 118
  86  82  85  99 121  99  99 100  99 100  84 108  93 109 104  86 117 104
 103 103 113 100  97  96  97  92 113 101 102  92  90 102 107 134 102  98
 111  92  97 112  97  98  80 117  95  85 106 110 109 104 105 101 106  96
  90 119 107 137 105 107 121 101 101  99 107  92 103 103  79 103  94  97
  91 108  98  92  97  92 108  85 111  93 115 104 116 106 107  96 106 101
  98  89 117  92  93  89  98  94 102  90  93 100 104  91 116 101 117  86
 113  88  84 100  83 100  92  79  98  93  96 102  92  82 105  88 103 107
  93 107 100 108 104  96  91 111  90 100 102 110  99 104  94 105  92  85
  86 101  89 114  97 105  88  99  89 113 107  92  87  82  93 115 108  97
 101 118  92  93  88 108 103 115 119 117  94 125 101  90 100  88 105 113
 104  98 107 106 103  92  98  93 109  97 103  85 118 125 123 112  86 102
 106  94  91 122 116  92 107  89  95  95 114 103 102  88  98  87  99  98
  95 102 100  92 104  82 114 106 105 100  91  92]
82.6160907	6	1
82.2074413	6	2
79.8716545	6	3
83.9774608	6	4
73.6093521	6	5
84.6364498	6	6
88.7665748	6	7
88.3193016	6	8
76.5373706	6	9
71.5472698	6	10
82.4596881	6	11
77.9471397	6	12
79.9570083	6	13
84.0086936	6	14
84.1629505	6	15
80.8637142	6	16
82.0271968	6	17
90.6260013	6	18
92.2589302	6	19
73.9319324	6	20
74.5368003	6	21
84.6886634	6	22
82.3118686	6	23
82.8745365	6	24
81.3293457	6	25
77.1644115	6	26
83.2192897	6	27
83.6069583	6	28
76.4036178	6	29
84.2647552	6	30
93.2064056	6	31
89.1263484	6	32
86.4303112	6	33
87.0807170	6	34
87.3045921	6	35
81.8803310	6	36
77.3236751	6	37
82.1712017	6	38
86.6925716	6	39
88.5021686	6	40
85.9446525	6	41
89.2763137	6	42
89.3373489	6	43
80.9204578	6	44
79.2675018	6	45
81.1533927	6	46
92.5235748	6	47
72.8938579	6	48
82.9114913	6	49
98.1585979	6	50
83.9390754	6	51
80.6570053	6	52
77.1055221	6	53
88.4931087	6	54
75.3359794	6	55
79.1201591	6	56
78.1717300	6	57
93.7085151	6	58
88.4461402	6	59
87.0628356	6	60
82.7832221	6	61
80.2531242	6	62
83.1017494	6	63
82.6530456	6	64
77.9042243	6	65
79.4563293	6	66
86.0397815	6	67
87.4369144	6	68
75.7389068	6	69
81.7680358	6	70
83.3060741	6	71
85.4272842	6	72
76.7531394	6	73
80.5304050	6	74
86.6508483	6	75
82.5071334	6	76
75.6802558	6	77
83.0721855	6	78
83.3947658	6	79
74.8319625	6	80
90.6555652	6	81
87.4028205	6	82
91.8493270	6	83
77.4278640	6	84
76.2896537	6	85
81.3059806	6	86
97.2330570	6	87
80.8260440	6	88
74.9647617	6	89
80.6050300	6	90
86.8132114	6	91
84.7456455	6	92
78.1311988	6	93
86.8902206	6	94
89.8478031	6	95
89.8902416	6	96
80.6849002	6	97
86.1313343	6	98
101.490259	6	99
81.3550949	6	100
84.6214294	6	101
108.224391	6	102
85.0896835	6	103
80.9955596	6	104
81.2833309	6	105
86.2579345	6	106
95.9889888	6	107
80.6150436	6	108
77.2306919	6	109
92.3531055	6	110
86.3080024	6	111
83.6215019	6	112
80.2819728	6	113
81.0153484	6	114
85.6876373	6	115
88.0408287	6	116
79.0891647	6	117
83.9271545	6	118
82.9341411	6	119
83.9529037	6	120
81.0456275	6	121
80.2423954	6	122
85.3919982	6	123
85.2205753	6	124
78.5617828	6	125
87.9573822	6	126
85.1027965	6	127
81.3102722	6	128
77.8911113	6	129
79.9417495	6	130
81.6955566	6	131
80.7161331	6	132
82.4551582	6	133
76.1158466	6	134
84.3064785	6	135
79.7939300	6	136
83.0752849	6	137
82.1659564	6	138
87.8198146	6	139
95.6165790	6	140
74.8484134	6	141
84.9072933	6	142
83.3883285	6	143
75.9007930	6	144
77.4474143	6	145
82.3168754	6	146
80.1842212	6	147
83.4941864	6	148
86.0733985	6	149
76.9498348	6	150
84.9282741	6	151
81.2199115	6	152
79.1406631	6	153
82.4477672	6	154
85.5114459	6	155
81.6967487	6	156
74.6386051	6	157
94.8607921	6	158
87.7418518	6	159
82.0636749	6	160
81.8548202	6	161
84.8176479	6	162
82.7527046	6	163
78.5746574	6	164
75.4680633	6	165
84.3346118	6	166
84.3822956	6	167
84.3830108	6	168
78.7098407	6	169
93.5287475	6	170
91.2857055	6	171
77.6953697	6	172
83.1618309	6	173
89.0660285	6	174
86.1899852	6	175
74.5654106	6	176
78.8714885	6	177
79.6980857	6	178
84.5153331	6	179
78.1881809	6	180
77.2802829	6	181
90.4412269	6	182
87.3205661	6	183
82.6485157	6	184
73.7285614	6	185
77.2547721	6	186
86.2627029	6	187
79.9684524	6	188
79.7746181	6	189
81.1729431	6	190
87.2659683	6	191
86.6532325	6	192
78.6435604	6	193
82.1602344	6	194
88.0162715	6	195
83.2476615	6	196
74.3184089	6	197
79.9541473	6	198
88.8149738	6	199
85.0377082	6	200
86.2617492	6	201
93.1975841	6	202
81.0427665	6	203
71.1708068	6	204
76.7989158	6	205
85.3416919	6	206
89.4947052	6	207
89.7150039	6	208
79.9605846	6	209
80.1429748	6	210
80.0592899	6	211
79.2593955	6	212
78.9964199	6	213
80.4545879	6	214
83.3637714	6	215
85.6335163	6	216
72.8330612	6	217
86.0819816	6	218
88.6185169	6	219
91.3543701	6	220
83.1611156	6	221
80.3804397	6	222
97.8324413	6	223
81.6981792	6	224
84.7692489	6	225
80.7433128	6	226
87.9666805	6	227
74.1496086	6	228
75.2031803	6	229
77.2521495	6	230
86.5538120	6	231
81.2249183	6	232
81.2368392	6	233
84.0499401	6	234
76.6160488	6	235
84.2702388	6	236
73.3132362	6	237
85.5951309	6	238
84.9804878	6	239
74.6278762	6	240
77.9864788	6	241
86.4124298	6	242
79.4441699	6	243
78.7770748	6	244
78.0262947	6	245
83.5289955	6	246
84.1517448	6	247
80.4252624	6	248
76.1086940	6	249
76.4980316	6	250
89.9996757	6	251
82.0353031	6	252
78.3929824	6	253
75.0541687	6	254
95.9067344	6	255
91.3155078	6	256
74.9683380	6	257
79.6747207	6	258
86.2033367	6	259
75.6506919	6	260
79.9052715	6	261
79.4837474	6	262
77.5074958	6	263
92.7186012	6	264
76.6131877	6	265
83.6424827	6	266
78.0220031	6	267
79.2205333	6	268
74.4817256	6	269
84.5360755	6	270
86.3015651	6	271
79.1125297	6	272
84.7089290	6	273
84.5429897	6	274
85.0641727	6	275
79.7498226	6	276
79.4556140	6	277
95.4611301	6	278
88.8586044	6	279
72.3972320	6	280
85.3378772	6	281
79.3328285	6	282
85.0024223	6	283
78.4187316	6	284
74.0835666	6	285
79.1933536	6	286
97.8295803	6	287
79.2076587	6	288
80.2485942	6	289
83.6946964	6	290
83.6603641	6	291
82.0178985	6	292
84.8643779	6	293
78.6819458	6	294
88.6003971	6	295
82.3042392	6	296
71.5119838	6	297
81.2563896	6	298
87.4545574	6	299
83.6377143	6	300
avg:  82.82837311426799
std:  5.5731895455823945
p95:  92.7425503730774
p99:  97.83570289611816
com:  9.911566202805327
thg:  495.57831014026635
que:  11.65756622950236
los:  0.0
300 0
**********************
