[226 188 195 227 210 170 222 193 219 200 227 189 184 186 216 199 215 227
 187 209 175 181 204 200 215 160 205 198 184 226 193 214 224 198 187 200
 193 199 178 192 215 202 222 198 192 181 186 196 220 174 204 246 195 199
 167 195 191 199 216 214 200 209 186 230 218 200 203 190 199 204 223 183
 198 230 202 215 194 195 208 189 192 197 217 209 188 211 189 206 191 203
 184 194 209 205 220 217 195 233 203 222 211 197 172 200 191 206 197 184
 200 212 202 213 191 201 195 190 190 192 202 190 195 204 206 188 180 205
 186 203 210 228 199 204 171 195 179 206 174 183 215 206 209 194 165 209
 223 211 171 189 195 232]
153.040409	6	1
156.277418	6	2
165.446519	6	3
150.941848	6	4
152.933835	6	5
170.569658	6	6
149.808883	6	7
168.462276	6	8
159.298896	6	9
151.561498	6	10
159.608602	6	11
148.162364	6	12
146.059036	6	13
149.898290	6	14
158.339738	6	15
142.422914	6	16
162.211418	6	17
156.969070	6	18
151.472568	6	19
149.127244	6	20
81.3739299	6	21
82.6022624	6	22
87.1913433	6	23
95.0710773	6	24
82.4122428	6	25
82.2353363	6	26
88.8385772	6	27
85.0293636	6	28
80.0290107	6	29
85.7286453	6	30
96.8720912	6	31
81.3622474	6	32
80.8014869	6	33
87.2290134	6	34
89.7836685	6	35
83.0368995	6	36
82.7236175	6	37
83.3978652	6	38
95.0121879	6	39
83.9464664	6	40
88.9506340	6	41
85.2212905	6	42
84.5215320	6	43
84.9502086	6	44
80.8660984	6	45
82.5328826	6	46
74.0728378	6	47
84.7210884	6	48
77.8112411	6	49
79.6084403	6	50
87.8860950	6	51
81.6559791	6	52
80.0130367	6	53
81.0031890	6	54
87.2230529	6	55
85.8194828	6	56
82.5674533	6	57
82.3700428	6	58
84.8405361	6	59
85.9236717	6	60
82.6175212	6	61
95.0186252	6	62
88.7212753	6	63
89.0989303	6	64
81.8908214	6	65
91.2234783	6	66
87.3291492	6	67
79.7390937	6	68
85.3228569	6	69
78.6440372	6	70
89.2477035	6	71
84.1884613	6	72
75.5894184	6	73
78.0115127	6	74
87.0625972	6	75
87.1624946	6	76
81.4614295	6	77
87.4183177	6	78
82.7064514	6	79
80.0378322	6	80
78.7408351	6	81
88.4091854	6	82
95.5564975	6	83
79.0495872	6	84
81.9411277	6	85
86.5724086	6	86
86.5929126	6	87
87.4261856	6	88
78.9742469	6	89
93.7669277	6	90
82.1883678	6	91
83.5573673	6	92
76.1399269	6	93
81.0813903	6	94
87.0056152	6	95
79.7631740	6	96
81.4242362	6	97
84.0637683	6	98
80.8715820	6	99
77.7428150	6	100
80.9185504	6	101
83.3890438	6	102
83.5213661	6	103
81.4118385	6	104
83.9984416	6	105
84.3415260	6	106
84.8824977	6	107
80.8329582	6	108
78.7894725	6	109
86.6761207	6	110
95.5402851	6	111
90.6519889	6	112
83.3454132	6	113
90.1188850	6	114
82.5896263	6	115
95.5250263	6	116
81.5918445	6	117
82.3807716	6	118
85.4833126	6	119
81.9489955	6	120
78.6859989	6	121
83.8119983	6	122
87.1207714	6	123
82.5262069	6	124
85.1747989	6	125
80.0607204	6	126
86.3401889	6	127
88.1905555	6	128
75.3626823	6	129
80.6465148	6	130
94.9847698	6	131
83.2934379	6	132
78.2015323	6	133
84.9075317	6	134
98.9565849	6	135
83.9672088	6	136
87.3985290	6	137
81.7894935	6	138
84.9785804	6	139
88.3626937	6	140
87.3277187	6	141
86.3466262	6	142
77.6371955	6	143
78.1593322	6	144
78.7639617	6	145
82.3986530	6	146
88.5887145	6	147
90.4276371	6	148
83.4605693	6	149
92.6518440	6	150
avg:  93.87779871622722
std:  24.58712196525741
p95:  156.65782690048218
p99:  166.98455572128293
com:  4.959206604632652
thg:  247.96033023163264
que:  19.80496088663737
los:  0.0
150 0
**********************
