[13 20 19 ... 22 14 12]
148.200511	6	2
131.259918	6	3
185.433626	6	1
129.041910	6	4
119.185209	6	5
109.805107	6	6
155.136108	6	7
130.162000	6	10
160.388231	6	8
160.657167	6	9
140.183925	6	11
170.856475	6	12
147.650003	6	14
167.448997	6	13
140.312194	6	16
184.934616	6	15
147.878408	6	18
170.194387	6	17
202.126979	6	19
198.983907	6	20
176.141023	6	22
195.844888	6	21
160.594224	6	23
180.599927	6	24
182.123422	6	25
191.513776	6	26
157.817840	6	28
188.878536	6	27
182.364463	6	29
165.246963	6	30
190.723419	6	31
179.037570	6	33
200.996637	6	32
197.088956	6	34
192.923545	6	35
161.729812	6	37
151.496887	6	38
189.571619	6	39
208.960294	6	40
291.862964	6	36
205.545425	6	42
167.856216	6	44
253.625392	6	41
230.895757	6	43
200.757741	6	45
138.681411	6	48
190.845489	6	46
248.767137	6	47
215.264081	6	49
187.909603	6	51
168.992280	6	52
219.666481	6	50
178.736925	6	53
169.483423	6	54
197.371721	6	55
196.415901	6	56
195.721149	6	57
222.078084	6	58
156.682729	6	63
202.477216	6	64
285.718202	6	59
145.806312	6	68
261.372804	6	61
284.860134	6	60
228.654623	6	65
289.537906	6	62
209.383964	6	69
276.296377	6	66
296.324968	6	67
241.409301	6	71
296.824932	6	70
259.991645	6	72
273.955583	6	73
264.114379	6	74
252.336978	6	75
254.539251	6	76
274.682760	6	77
274.006128	6	78
264.795064	6	79
247.633934	6	80
203.162431	6	83
263.379096	6	81
259.197235	6	86
253.097772	6	87
364.788770	6	85
381.364822	6	84
298.249959	6	90
436.940193	6	82
269.480466	6	93
361.645221	6	88
232.084035	6	96
366.343736	6	89
373.226642	6	91
389.948129	6	92
307.965755	6	97
358.520030	6	95
393.651247	6	94
342.732191	6	98
336.287498	6	101
204.432725	6	109
361.221790	6	102
404.147863	6	100
448.702573	6	99
381.558418	6	103
343.735694	6	105
224.149942	6	113
183.866024	6	118
437.228202	6	104
396.106719	6	107
438.068151	6	106
256.560325	6	117
445.704460	6	108
378.039121	6	115
431.437015	6	112
291.056632	6	122
343.346595	6	119
493.520736	6	111
311.482191	6	125
388.250589	6	121
603.125572	6	110
302.061796	6	131
488.468885	6	120
338.917493	6	129
291.482448	6	133
208.183526	6	137
467.076778	6	124
621.380567	6	116
529.483556	6	123
407.395839	6	130
469.268321	6	127
497.792243	6	126
685.784101	6	114
470.248937	6	128
421.821832	6	132
333.964824	6	143
325.097322	6	144
366.615295	6	142
415.500164	6	141
366.279363	6	145
515.402555	6	138
569.464206	6	136
636.593103	6	134
629.389762	6	135
602.432727	6	139
354.067325	6	154
405.473709	6	152
487.011909	6	148
537.583589	6	146
637.702941	6	140
457.725763	6	150
482.872009	6	151
309.643030	6	161
581.903457	6	147
471.653461	6	153
558.402061	6	149
456.567764	6	155
363.152742	6	162
374.801397	6	163
437.437534	6	160
543.499946	6	157
557.630062	6	158
607.749700	6	156
478.601217	6	164
448.542356	6	167
478.677511	6	165
414.904356	6	171
337.810993	6	177
464.352846	6	170
500.638961	6	168
543.895244	6	166
697.863817	6	159
351.803302	6	181
382.296323	6	184
373.884677	6	185
543.130636	6	175
585.405111	6	172
567.902565	6	174
601.337432	6	173
452.598094	6	186
611.576080	6	178
603.678941	6	179
794.583559	6	169
353.822946	6	197
627.388477	6	182
623.235940	6	183
572.846174	6	187
693.847894	6	180
561.942100	6	192
553.026676	6	193
430.060863	6	201
543.179750	6	194
408.490896	6	203
856.732368	6	176
648.874521	6	190
590.321779	6	199
654.366731	6	195
550.170898	6	202
501.595258	6	205
750.920534	6	198
663.673639	6	204
627.141952	6	207
507.980585	6	213
955.615520	6	188
566.433668	6	212
942.535877	6	191
857.349395	6	196
704.062938	6	206
547.262191	6	214
1018.20325	6	189
532.257556	6	217
850.657701	6	200
481.281518	6	222
518.475770	6	221
499.731779	6	223
431.769371	6	227
598.184585	6	218
806.970834	6	208
733.553171	6	215
839.086294	6	210
719.021558	6	216
591.512918	6	225
910.443782	6	209
444.587230	6	235
579.200506	6	228
738.541603	6	220
704.332113	6	224
658.329010	6	226
648.108482	6	229
1006.86812	6	211
632.038593	6	231
652.681112	6	230
880.350589	6	219
521.471500	6	240
670.426607	6	234
628.525972	6	238
652.490139	6	237
466.572999	6	247
758.190870	6	232
745.657205	6	233
625.123739	6	242
739.870071	6	236
740.483760	6	239
448.161602	6	256
581.459045	6	249
678.636789	6	244
682.549476	6	250
627.461433	6	254
773.314237	6	246
805.109500	6	245
764.756917	6	248
712.285280	6	251
905.706167	6	241
551.629304	6	264
921.874046	6	243
771.684408	6	252
705.580949	6	257
701.234102	6	259
671.242237	6	261
484.932422	6	271
692.186594	6	260
834.055185	6	253
761.264562	6	258
812.818527	6	255
578.674793	6	272
699.823856	6	266
815.279245	6	262
706.593751	6	268
680.290937	6	270
779.322147	6	265
835.936307	6	263
793.846130	6	267
680.369615	6	274
642.522811	6	277
827.160596	6	269
767.436027	6	273
643.846035	6	286
814.892053	6	276
777.137279	6	278
542.559862	6	292
764.633417	6	279
592.920303	6	290
773.915767	6	280
708.234071	6	285
765.002012	6	281
560.916662	6	293
952.503442	6	275
726.022958	6	288
825.100183	6	283
828.450202	6	284
622.496843	6	297
597.530364	6	299
707.156419	6	294
926.220417	6	287
667.299509	6	301
1041.01610	6	282
395.278930	6	317
822.138547	6	296
746.190547	6	300
783.048629	6	298
863.724470	6	295
690.065145	6	305
763.120651	6	304
619.486093	6	313
647.698163	6	312
599.231481	6	315
764.947175	6	308
794.252395	6	307
1139.06383	6	289
739.276409	6	310
633.309364	6	316
908.078908	6	303
618.778944	6	318
749.909162	6	311
472.772359	6	327
374.557495	6	332
552.937984	6	324
676.121711	6	320
1030.17091	6	302
660.369634	6	322
710.880994	6	321
603.140592	6	328
378.426790	6	341
870.739936	6	314
585.132598	6	330
370.017766	6	342
1324.85413	6	291
506.850481	6	335
1069.58198	6	306
508.684158	6	337
488.727807	6	338
574.375629	6	333
1031.62956	6	309
772.770166	6	323
845.015048	6	319
742.790222	6	325
733.501911	6	326
659.294605	6	331
698.358297	6	329
502.176284	6	340
604.553222	6	334
581.591129	6	336
459.863662	6	343
531.112670	6	339
120.376348	6	376
120.013236	6	377
111.575603	6	378
134.365558	6	379
140.202045	6	380
136.347293	6	381
141.335010	6	383
106.719493	6	385
158.989191	6	382
146.104574	6	386
141.275405	6	388
169.912815	6	387
142.938613	6	390
164.757966	6	389
144.522905	6	391
171.833753	6	392
164.674282	6	393
1037.54448	16	345
174.319982	6	395
170.543193	6	396
174.856424	6	397
227.410793	6	394
143.649578	6	401
210.598945	6	398
200.851202	6	399
203.207015	6	400
174.956560	6	403
210.024118	6	402
183.011293	6	404
196.204423	6	405
228.738784	6	407
205.513238	6	408
194.690942	6	409
263.767719	6	406
143.751382	6	412
197.013139	6	410
192.692279	6	411
1387.73918	16	346
183.031082	6	414
220.339775	6	413
172.446012	6	417
156.730651	6	418
201.009988	6	416
237.698554	6	415
185.943841	6	419
196.839094	6	420
179.030656	6	421
168.421983	6	422
189.572095	6	423
168.280601	6	424
155.967712	6	425
185.670852	6	426
170.233488	6	427
161.999702	6	428
156.196355	6	429
145.038127	6	431
179.533243	6	430
1712.96882	16	347
167.420387	6	432
163.295269	6	434
200.274467	6	433
183.578491	6	435
196.095943	6	436
178.555965	6	437
210.514545	6	438
206.965208	6	439
171.949863	6	441
230.990648	6	440
197.959184	6	443
222.393512	6	442
215.308904	6	444
215.057611	6	445
1947.97611	16	351
199.925184	6	448
236.687898	6	447
268.636465	6	446
203.229904	6	450
218.520164	6	451
269.206285	6	449
203.353404	6	454
233.879089	6	452
225.890636	6	453
2110.86630	16	349
262.699604	6	455
248.084068	6	457
2111.06657	16	354
242.532491	6	458
285.101175	6	456
229.937076	6	460
259.703397	6	459
2223.64306	16	350
241.648912	6	461
241.985559	6	462
2229.06994	16	352
1953.53364	16	367
208.135843	6	466
268.387556	6	463
2341.19677	16	348
261.911153	6	467
270.415782	6	468
369.327068	6	464
241.617679	6	471
2166.95380	16	364
298.485755	6	469
378.463029	6	465
2365.16308	16	355
247.073411	6	473
223.622083	6	475
236.386299	6	476
200.232982	6	478
371.734619	6	470
300.609111	6	474
2433.77947	16	357
2518.02468	16	356
226.138114	6	483
447.455406	6	472
342.766284	6	477
291.098833	6	480
2355.73792	16	366
286.220073	6	481
2484.48538	16	360
233.364105	6	485
344.634294	6	479
317.769765	6	482
226.074934	6	488
301.764011	6	484
261.064529	6	487
293.411970	6	486
269.459962	6	489
223.747730	6	493
244.923353	6	492
2659.10935	16	361
324.944734	6	490
325.813770	6	491
232.167959	6	497
221.114158	6	498
2520.12491	16	371
331.397294	6	494
288.270235	6	496
316.875696	6	495
224.334001	6	500
255.029201	6	499
2689.16010	16	365
2941.78748	16	353
2862.16211	16	358
260.635375	6	501
2613.60669	16	372
2872.49088	16	359
276.173114	6	502
2669.00300	16	370
260.944843	6	503
2707.44490	16	368
255.532979	6	504
2640.49720	16	374
201.846122	6	508
2727.33139	16	369
270.853757	6	505
278.700113	6	506
266.515493	6	507
2678.08485	16	375
2912.92142	16	362
2712.13126	16	373
2917.79756	16	363
300.987005	6	509
307.888984	6	510
247.643470	6	514
239.632606	6	516
226.657629	6	517
341.576814	6	512
220.770835	6	519
384.346008	6	511
367.016077	6	513
277.401685	6	518
344.290733	6	515
245.395421	6	520
244.505167	6	522
245.740413	6	526
219.223022	6	529
380.850553	6	521
325.182914	6	527
306.789636	6	530
342.544555	6	528
241.109848	6	534
218.224287	6	539
367.603063	6	531
496.547937	6	523
484.954595	6	525
290.439128	6	538
252.489089	6	541
414.606571	6	532
529.666423	6	524
400.968790	6	535
435.875654	6	533
267.911672	6	545
418.685197	6	537
448.408365	6	536
400.039911	6	540
301.996946	6	546
368.441104	6	544
354.866504	6	547
429.451465	6	543
379.462480	6	548
504.533052	6	542
358.427762	6	552
238.204479	6	560
433.087825	6	549
410.971641	6	553
463.071107	6	550
275.905609	6	566
452.886104	6	556
300.812244	6	565
409.760475	6	559
523.078918	6	554
386.979818	6	563
452.964544	6	561
292.066812	6	570
449.267864	6	562
359.975337	6	568
545.121192	6	557
558.515071	6	558
359.584808	6	572
755.265712	6	551
684.632539	6	555
321.390867	6	577
315.743207	6	578
403.693199	6	574
449.919700	6	575
663.090944	6	564
468.598604	6	576
384.074449	6	581
382.934093	6	582
390.982389	6	583
704.279661	6	567
226.779937	6	592
585.371971	6	573
392.297744	6	584
543.830871	6	579
420.517206	6	586
768.520593	6	569
428.502559	6	588
739.566326	6	571
295.008659	6	596
528.862476	6	585
455.334901	6	589
395.608186	6	593
666.731119	6	580
478.027343	6	590
362.942695	6	599
611.583471	6	587
432.511329	6	597
576.000213	6	591
346.342802	6	605
472.350358	6	598
453.938722	6	600
487.105369	6	602
488.620519	6	603
526.413679	6	601
251.458883	6	618
427.488803	6	609
459.820508	6	608
697.403430	6	594
539.363145	6	604
448.915243	6	610
412.049531	6	612
449.076414	6	611
760.926961	6	595
597.680807	6	607
455.919265	6	617
521.050930	6	614
331.018686	6	628
449.435949	6	621
487.950086	6	619
560.541629	6	616
595.057249	6	615
528.340816	6	620
372.795343	6	631
471.235513	6	627
454.597711	6	629
574.016094	6	622
881.572246	6	606
454.204797	6	632
600.772619	6	624
534.408330	6	630
597.920656	6	626
418.681859	6	637
850.359916	6	613
335.623264	6	647
750.168561	6	623
504.621505	6	638
574.040174	6	634
426.810026	6	644
760.002374	6	625
330.867528	6	650
540.783405	6	640
352.400779	6	652
692.252874	6	633
693.997383	6	636
721.096754	6	635
493.459939	6	648
585.573911	6	643
385.029792	6	658
378.622770	6	660
641.120910	6	646
475.476026	6	656
520.943641	6	654
750.573158	6	642
814.964056	6	639
528.421401	6	655
347.646713	6	667
746.386289	6	645
830.452919	6	641
411.744594	6	666
371.603965	6	672
692.440748	6	657
820.055484	6	651
602.421522	6	663
876.161813	6	649
624.357461	6	664
591.680288	6	668
861.347913	6	653
339.027643	6	683
778.118133	6	659
586.088895	6	671
318.372249	6	687
522.412538	6	678
573.599100	6	676
816.702365	6	662
852.561712	6	661
803.292751	6	665
680.608034	6	674
651.360988	6	677
506.822347	6	686
839.738130	6	669
781.145095	6	673
593.202114	6	685
552.675962	6	688
906.269073	6	670
696.539402	6	682
684.664726	6	684
573.376417	6	691
782.766103	6	680
879.270315	6	675
598.456144	6	693
811.499595	6	681
556.667327	6	696
624.255180	6	694
888.611078	6	679
569.138288	6	698
759.144306	6	690
613.527774	6	700
577.020883	6	702
676.304578	6	697
775.960922	6	692
639.949798	6	701
763.046741	6	695
887.722015	6	689
759.887933	6	699
642.979860	6	706
568.307876	6	712
678.632974	6	707
641.711473	6	711
778.714656	6	704
627.157688	6	713
785.953283	6	705
576.595306	6	718
860.208749	6	703
758.461236	6	710
784.123182	6	709
662.331581	6	717
707.938194	6	716
621.376037	6	721
700.865983	6	719
894.745588	6	708
528.075695	6	729
386.549711	6	737
802.916049	6	715
722.257852	6	720
824.863672	6	714
645.914077	6	725
608.646154	6	727
684.807538	6	723
579.261541	6	730
611.090898	6	728
483.496665	6	735
724.223375	6	722
657.236576	6	726
578.504562	6	731
561.635017	6	732
698.876142	6	724
408.761024	6	740
491.853475	6	736
565.039873	6	733
453.137397	6	738
549.985170	6	734
443.440675	6	739
134.279727	6	771
115.620136	6	773
137.216329	6	772
135.711431	6	774
143.271207	6	775
126.031398	6	776
118.932247	6	777
124.055147	6	778
156.383037	6	779
143.420457	6	780
150.699615	6	781
149.897813	6	782
913.944244	16	741
150.963783	6	783
141.311407	6	784
138.851642	6	786
160.555362	6	785
146.148681	6	787
174.031496	6	788
167.634725	6	789
159.925699	6	790
163.103103	6	792
198.052883	6	791
187.047719	6	793
190.143585	6	794
191.953420	6	795
169.903039	6	797
197.274923	6	796
183.926343	6	799
1210.11424	16	742
190.268993	6	800
240.764379	6	798
198.417663	6	801
186.075687	6	802
176.690578	6	804
204.689741	6	803
186.027765	6	805
191.102266	6	806
163.446664	6	809
205.817222	6	808
230.834245	6	807
205.758571	6	810
184.402227	6	811
170.722007	6	813
200.407981	6	812
170.263290	6	814
137.126684	6	816
173.486232	6	815
176.433324	6	817
1539.76964	16	743
136.766672	6	821
136.952877	6	822
224.821805	6	818
235.097169	6	819
1589.77746	16	745
165.624618	6	823
229.255437	6	820
158.856630	6	824
177.762985	6	825
167.017459	6	826
175.991535	6	828
207.357883	6	827
178.750753	6	829
176.415681	6	830
149.235248	6	832
198.625326	6	831
160.974264	6	833
142.060041	6	834
143.560171	6	836
207.074165	6	835
154.618740	6	838
177.799224	6	837
158.768653	6	840
171.066761	6	839
180.391550	6	841
184.089183	6	842
167.171001	6	844
198.259592	6	843
168.521881	6	845
2009.13381	16	746
162.523269	6	846
2081.68530	16	744
191.219329	6	847
135.551452	6	850
161.404848	6	849
186.656713	6	848
131.680965	6	851
115.808963	6	852
2114.19701	16	748
2125.05149	16	749
166.039943	6	853
2038.30766	16	754
151.101350	6	854
135.001182	6	855
1924.26657	16	761
143.184185	6	856
2164.72530	16	750
150.453805	6	857
144.081115	6	858
141.146659	6	859
128.210783	6	860
124.141216	6	861
147.461652	6	862
153.128862	6	863
136.076211	6	864
124.741315	6	865
129.393577	6	866
2236.23561	16	756
121.505498	6	867
126.526355	6	868
110.218286	6	870
2066.35355	16	768
2190.32859	16	762
143.765449	6	869
2292.41180	16	757
134.743690	6	871
113.177537	6	872
2415.63749	16	752
136.307954	6	873
2440.26517	16	753
2554.93092	16	747
150.713920	6	874
2416.69988	16	755
136.444330	6	876
168.907642	6	875
148.646354	6	877
2424.39079	16	758
2238.49987	16	769
2290.35949	16	767
155.373573	6	879
184.061765	6	878
151.384115	6	880
164.105892	6	881
142.453670	6	883
160.996198	6	882
122.898101	6	885
177.674770	6	884
2469.88868	16	763
144.846200	6	886
2715.91639	16	751
2569.05555	16	760
147.450923	6	887
2465.24834	16	766
2509.99522	16	764
145.479440	6	888
2517.52972	16	765
137.103557	6	890
153.997659	6	889
124.437093	6	891
2649.48987	16	759
2456.07161	16	770
133.475542	6	892
149.443864	6	893
117.347002	6	895
142.673969	6	894
106.328725	6	896
131.782531	6	897
122.017860	6	899
145.763635	6	898
115.582942	6	900
139.855861	6	902
129.956007	6	903
176.455736	6	901
134.163618	6	904
134.522438	6	905
150.349855	6	906
144.298791	6	907
141.738653	6	908
134.199857	6	909
140.346527	6	911
141.808032	6	912
174.541473	6	910
133.581399	6	913
141.612052	6	916
177.466630	6	914
174.334526	6	915
179.445981	6	917
166.390180	6	919
149.334192	6	920
204.543352	6	918
142.989397	6	925
218.243122	6	921
223.285675	6	923
237.273693	6	922
189.810514	6	926
247.394323	6	924
186.537981	6	929
223.721265	6	927
218.692779	6	928
228.342771	6	930
206.616640	6	932
258.440732	6	931
247.090101	6	933
251.453638	6	935
229.384660	6	937
199.557781	6	940
309.335231	6	934
287.634849	6	936
266.012430	6	938
226.115226	6	944
319.765090	6	939
343.321084	6	941
259.881496	6	947
247.081756	6	948
217.375755	6	950
302.100419	6	945
221.811056	6	951
330.178976	6	946
426.642417	6	942
308.390140	6	952
474.509954	6	943
388.177394	6	949
337.370872	6	953
247.492313	6	959
343.315124	6	954
271.425962	6	960
366.052389	6	955
373.981714	6	956
355.177640	6	958
379.085540	6	957
310.907363	6	961
312.865972	6	963
321.117877	6	965
377.304792	6	962
242.897033	6	975
444.242715	6	964
409.318685	6	968
432.600259	6	967
448.451042	6	966
258.881330	6	978
403.438091	6	970
317.733049	6	976
397.132873	6	973
320.564508	6	982
513.710975	6	971
551.635980	6	969
512.562990	6	972
416.774034	6	979
354.433059	6	984
454.210519	6	980
578.087568	6	974
474.165439	6	981
316.998720	6	991
419.219970	6	985
547.630786	6	977
464.808702	6	986
425.310850	6	990
470.837116	6	988
386.564970	6	994
465.791463	6	992
530.772447	6	989
418.560981	6	996
567.771196	6	987
312.223434	6	1002
651.281356	6	983
503.312110	6	993
410.920381	6	999
437.122583	6	1001
489.853382	6	1000
309.019565	6	1011
622.885942	6	995
477.027416	6	1005
268.437385	6	1019
641.608715	6	998
676.697015	6	997
552.431106	6	1003
554.359912	6	1004
540.581941	6	1006
492.081880	6	1010
524.328470	6	1008
611.114978	6	1007
394.374608	6	1020
297.372817	6	1026
511.430263	6	1015
637.451410	6	1009
521.736383	6	1016
568.969488	6	1014
463.809967	6	1021
451.173543	6	1023
561.428070	6	1017
433.612346	6	1027
678.542852	6	1013
627.032756	6	1018
567.530870	6	1022
562.502861	6	1025
403.378248	6	1036
624.091148	6	1024
370.984077	6	1039
866.636276	6	1012
618.282079	6	1028
609.436273	6	1030
486.123800	6	1037
378.115892	6	1043
479.582786	6	1038
678.239822	6	1029
498.538970	6	1040
663.912057	6	1032
675.073146	6	1031
431.425571	6	1045
653.451204	6	1034
676.644325	6	1033
411.567687	6	1051
664.082765	6	1041
800.105333	6	1035
650.771379	6	1044
524.815797	6	1052
499.405860	6	1054
525.213241	6	1053
576.302528	6	1050
623.204708	6	1048
739.583253	6	1042
614.702701	6	1049
710.088491	6	1046
551.328897	6	1056
721.504211	6	1047
444.887399	6	1065
530.645132	6	1061
660.100698	6	1055
446.715831	6	1069
657.826423	6	1058
483.979463	6	1068
567.779302	6	1064
672.149896	6	1060
734.497308	6	1057
644.324302	6	1062
508.938789	6	1071
656.378746	6	1063
507.786035	6	1073
636.868476	6	1066
539.368152	6	1072
489.151239	6	1075
648.674964	6	1067
821.893692	6	1059
678.017377	6	1070
427.616357	6	1083
562.712430	6	1077
588.842868	6	1076
639.855623	6	1074
309.143304	6	1092
581.366539	6	1078
535.571098	6	1081
479.606628	6	1084
442.734003	6	1086
410.022258	6	1088
470.908880	6	1085
376.461982	6	1090
592.130422	6	1079
452.961206	6	1087
581.605911	6	1080
408.156871	6	1089
379.999160	6	1091
554.203510	6	1082
137.607574	6	1115
122.219562	6	1116
115.652561	6	1117
123.760700	6	1118
117.956399	6	1119
163.062572	6	1120
157.053709	6	1121
161.756992	6	1122
170.253515	6	1123
145.678043	6	1125
180.398702	6	1124
180.612087	6	1126
186.934471	6	1127
152.996540	6	1129
137.187480	6	1130
184.132575	6	1128
156.983375	6	1132
173.497200	6	1131
178.002357	6	1133
188.626289	6	1134
152.202367	6	1136
140.513896	6	1137
191.486835	6	1135
160.164833	6	1138
175.567150	6	1139
156.931877	6	1141
1064.14031	16	1093
198.235511	6	1140
189.813375	6	1142
161.930799	6	1144
160.246372	6	1145
193.886518	6	1143
229.247093	6	1146
1173.74420	16	1094
228.971719	6	1147
208.716154	6	1148
213.929891	6	1149
167.642593	6	1152
198.932886	6	1151
222.975492	6	1150
202.525854	6	1153
182.507514	6	1155
183.420181	6	1157
242.289781	6	1154
221.338748	6	1156
195.882081	6	1159
169.991493	6	1161
237.198352	6	1158
184.917211	6	1162
1360.57019	16	1098
229.941368	6	1160
158.712863	6	1164
1425.31561	16	1096
1415.18568	16	1097
173.260211	6	1165
1458.43338	16	1095
251.809120	6	1163
196.156740	6	1167
161.216735	6	1169
245.882034	6	1166
171.457290	6	1170
223.984718	6	1168
184.960365	6	1171
1515.74873	16	1099
194.205999	6	1172
213.681221	6	1173
151.474237	6	1177
223.931550	6	1174
213.556289	6	1175
210.893154	6	1176
1563.03858	16	1103
183.461189	6	1178
202.156782	6	1180
247.574567	6	1179
229.635238	6	1181
1714.76721	16	1101
214.824199	6	1183
243.620872	6	1182
1680.08542	16	1104
213.236808	6	1184
1760.02550	16	1102
203.703641	6	1187
236.105918	6	1186
204.312324	6	1188
265.709161	6	1185
1834.56969	16	1100
224.788188	6	1189
219.284772	6	1190
177.752733	6	1193
1672.01209	16	1111
231.697797	6	1191
1650.17580	16	1113
236.647844	6	1192
235.341787	6	1195
215.343236	6	1197
1702.36587	16	1114
1838.89842	16	1108
1763.95010	16	1112
1879.60553	16	1106
1910.10975	16	1105
228.595495	6	1198
1831.81166	16	1109
1869.45128	16	1107
1827.67653	16	1110
271.216392	6	1196
312.744140	6	1194
241.460084	6	1199
241.106986	6	1200
233.798503	6	1202
191.403150	6	1204
289.214849	6	1205
335.861682	6	1203
252.529621	6	1209
322.017908	6	1207
433.623313	6	1201
227.567911	6	1214
327.064514	6	1208
362.412691	6	1206
282.949209	6	1212
324.918746	6	1210
285.242080	6	1213
409.906625	6	1211
308.778047	6	1217
302.475929	6	1219
361.531019	6	1216
351.813077	6	1218
404.288291	6	1215
234.027862	6	1226
227.924346	6	1227
317.270755	6	1222
340.302705	6	1221
229.974746	6	1228
462.947845	6	1220
415.138244	6	1225
227.696180	6	1236
477.915048	6	1223
465.608358	6	1224
368.125915	6	1230
376.035928	6	1231
351.388931	6	1233
250.389575	6	1239
443.450212	6	1229
306.563138	6	1237
409.163951	6	1232
363.207340	6	1235
315.211534	6	1238
412.483930	6	1234
278.171777	6	1241
305.046081	6	1242
275.734424	6	1245
381.958246	6	1240
293.848037	6	1246
377.013206	6	1243
261.241912	6	1251
315.889358	6	1248
364.077091	6	1247
290.787696	6	1252
331.979751	6	1250
449.241638	6	1244
296.363115	6	1253
241.703271	6	1257
302.989244	6	1256
340.883255	6	1254
439.241170	6	1249
352.909564	6	1258
172.131061	6	1267
324.440002	6	1260
332.762956	6	1262
316.725015	6	1263
316.826105	6	1264
507.319688	6	1255
427.609920	6	1261
489.667415	6	1259
366.769313	6	1266
302.804231	6	1271
360.066890	6	1269
250.869750	6	1276
388.135671	6	1268
383.170604	6	1270
385.121822	6	1272
386.427640	6	1273
531.809329	6	1265
403.396129	6	1274
369.679212	6	1278
319.814205	6	1281
428.768157	6	1275
375.518560	6	1282
267.341613	6	1290
441.992044	6	1280
503.495454	6	1277
504.604578	6	1279
385.107517	6	1286
265.744686	6	1294
345.198631	6	1292
476.952314	6	1284
323.859691	6	1293
483.269691	6	1285
528.355121	6	1283
411.368131	6	1291
473.607540	6	1288
500.776529	6	1289
330.321311	6	1299
543.180227	6	1287
414.769649	6	1296
355.998516	6	1300
457.744836	6	1295
313.768386	6	1304
361.663579	6	1301
442.402839	6	1297
436.862468	6	1298
443.334579	6	1303
320.202827	6	1312
416.401863	6	1309
391.463756	6	1314
609.923362	6	1302
578.761339	6	1305
458.341360	6	1313
462.710380	6	1315
353.395700	6	1323
636.818885	6	1306
474.272727	6	1319
416.818618	6	1324
441.714525	6	1322
464.422941	6	1321
696.255445	6	1307
689.016819	6	1308
667.528629	6	1310
533.109426	6	1320
612.590551	6	1316
482.069253	6	1325
710.079193	6	1311
363.696813	6	1333
452.342748	6	1329
413.782835	6	1332
371.141433	6	1335
507.453441	6	1327
708.186864	6	1317
696.681976	6	1318
595.229387	6	1326
480.259895	6	1336
673.909187	6	1330
498.896360	6	1342
742.289066	6	1328
595.422029	6	1337
492.152690	6	1344
701.561212	6	1334
633.706808	6	1339
634.222507	6	1340
467.297315	6	1350
541.100263	6	1348
840.241670	6	1331
572.090625	6	1349
648.006677	6	1345
710.894823	6	1341
699.485778	6	1343
655.381441	6	1347
571.747064	6	1351
693.082809	6	1346
457.273721	6	1360
582.545757	6	1353
610.403299	6	1352
553.327322	6	1356
612.829923	6	1354
575.147628	6	1357
513.009309	6	1362
923.607826	6	1338
661.915302	6	1355
562.346696	6	1364
656.901359	6	1359
723.703384	6	1358
465.138196	6	1372
617.226123	6	1365
708.739995	6	1361
535.312652	6	1370
610.615015	6	1368
551.373720	6	1371
437.877893	6	1379
382.007598	6	1382
687.495708	6	1367
435.332059	6	1380
804.069757	6	1363
559.451341	6	1375
676.416158	6	1369
604.815006	6	1376
833.175897	6	1366
530.543088	6	1384
660.625219	6	1378
407.049894	6	1392
631.721258	6	1381
781.988859	6	1374
611.921310	6	1386
596.138954	6	1388
576.361894	6	1389
795.791864	6	1377
904.222965	6	1373
730.237007	6	1383
579.878568	6	1393
485.522270	6	1399
566.161632	6	1395
660.701036	6	1391
541.718959	6	1400
568.505287	6	1398
462.786912	6	1406
586.770057	6	1401
838.774204	6	1387
793.052911	6	1390
891.371250	6	1385
691.815376	6	1397
511.582612	6	1408
730.070590	6	1396
628.680706	6	1403
799.319505	6	1394
642.578125	6	1407
742.310523	6	1402
558.491468	6	1412
630.018234	6	1410
447.286605	6	1419
774.248838	6	1404
775.080442	6	1405
538.990736	6	1417
412.859678	6	1428
542.907953	6	1421
791.688680	6	1409
397.671937	6	1432
496.716022	6	1426
739.802837	6	1413
810.788631	6	1411
631.224632	6	1420
459.989070	6	1433
713.208913	6	1418
643.176794	6	1424
667.452335	6	1423
794.803857	6	1416
818.430662	6	1415
610.414743	6	1429
661.067247	6	1427
455.656051	6	1440
713.587522	6	1425
773.495435	6	1422
518.037796	6	1438
641.767978	6	1430
656.057596	6	1431
616.184473	6	1435
969.509363	6	1414
483.042955	6	1443
500.514745	6	1442
574.137926	6	1439
678.456783	6	1434
628.825187	6	1437
653.978109	6	1436
569.415330	6	1445
583.913803	6	1446
664.436101	6	1441
317.869424	6	1461
352.589130	6	1460
585.303783	16	1448
229.565143	6	1469
306.610107	6	1465
305.862188	6	1466
273.049116	6	1468
363.494634	6	1463
388.942241	6	1462
264.439582	6	1470
750.805854	6	1444
330.317735	6	1471
796.095132	6	1447
494.772911	6	1464
474.645137	6	1467
319.899320	6	1476
408.307552	6	1472
331.191778	6	1478
405.340194	6	1474
833.678483	16	1451
287.113666	6	1482
387.125015	6	1477
297.488689	6	1483
381.941080	6	1479
376.146554	6	1480
500.387191	6	1473
380.445957	6	1481
317.923545	6	1485
490.197658	6	1475
991.638183	16	1449
966.914415	16	1452
253.339290	6	1493
1037.64653	16	1450
441.148757	6	1484
1009.52053	16	1453
972.576856	16	1455
387.516021	6	1489
972.689151	16	1456
960.366010	16	1458
264.559984	6	1497
1052.71482	16	1454
1009.30190	16	1457
510.097980	6	1486
985.236883	16	1459
487.013101	6	1488
431.948900	6	1491
377.660751	6	1495
467.267751	6	1490
443.686485	6	1492
259.559154	6	1504
375.431537	6	1498
580.470561	6	1487
479.640960	6	1494
516.799926	6	1496
297.037839	6	1509
435.615301	6	1502
522.182703	6	1499
540.830612	6	1500
557.365894	6	1501
352.239131	6	1514
491.608619	6	1506
390.752077	6	1513
486.702680	6	1507
460.906982	6	1510
577.353000	6	1505
633.610963	6	1503
512.276172	6	1512
560.149431	6	1511
622.214078	6	1508
507.140398	6	1516
532.173633	6	1515
458.922386	6	1520
496.208667	6	1518
414.675712	6	1523
472.480535	6	1522
368.123531	6	1528
462.448120	6	1524
542.645215	6	1521
452.574729	6	1526
338.805437	6	1533
663.996934	6	1517
479.112148	6	1527
419.665575	6	1532
670.716047	6	1519
477.497577	6	1530
298.033952	6	1541
636.050939	6	1525
483.092069	6	1534
427.868604	6	1538
562.314033	6	1531
511.804819	6	1535
306.074380	6	1546
359.750032	6	1543
274.131536	6	1552
746.335268	6	1529
299.677371	6	1553
460.725784	6	1544
577.456951	6	1539
638.606071	6	1536
439.575433	6	1547
660.136461	6	1537
589.863538	6	1542
635.280132	6	1540
539.429664	6	1549
548.274993	6	1550
637.225866	6	1545
447.714328	6	1559
443.924903	6	1560
662.714242	6	1548
413.727760	6	1563
358.591556	6	1567
548.891305	6	1556
595.639944	6	1554
459.700584	6	1565
757.935285	6	1551
638.088464	6	1558
479.985475	6	1568
680.180072	6	1557
610.596418	6	1562
585.649490	6	1564
636.425733	6	1561
771.005630	6	1555
532.702684	6	1570
508.552551	6	1573
591.172218	6	1569
586.137533	6	1572
487.450838	6	1579
384.823560	6	1585
529.769897	6	1578
743.960618	6	1566
615.407705	6	1576
478.463411	6	1584
700.765132	6	1574
733.847618	6	1575
510.566473	6	1588
818.862676	6	1571
502.769708	6	1590
457.713603	6	1594
678.882598	6	1582
566.165924	6	1589
773.548841	6	1577
342.556476	6	1604
742.759466	6	1581
668.381690	6	1586
735.543251	6	1583
584.226131	6	1592
846.589088	6	1580
421.807050	6	1605
498.264312	6	1601
818.166494	6	1587
633.265018	6	1599
776.010274	6	1591
744.012117	6	1595
708.685159	6	1598
739.651918	6	1597
817.368507	6	1593
516.461133	6	1613
519.378662	6	1614
739.728927	6	1602
774.431467	6	1600
350.159883	6	1624
523.876667	6	1615
524.509191	6	1617
706.203222	6	1609
818.125724	6	1603
709.305524	6	1610
568.656921	6	1619
785.540342	6	1607
807.273387	6	1606
987.524271	6	1596
802.326202	6	1611
646.426439	6	1620
420.945405	6	1633
869.390726	6	1608
659.201622	6	1621
606.374979	6	1625
872.208833	6	1612
627.409458	6	1626
797.382831	6	1623
654.699802	6	1632
835.830926	6	1622
751.306056	6	1627
982.343673	6	1616
737.361669	6	1631
705.916881	6	1634
990.969657	6	1618
606.269598	6	1640
783.506631	6	1630
526.353120	6	1647
465.309143	6	1651
628.551006	6	1643
882.761478	6	1628
867.105484	6	1629
600.429534	6	1645
670.837402	6	1641
797.545671	6	1635
493.360996	6	1652
768.022060	6	1637
487.680673	6	1654
826.857328	6	1636
769.550561	6	1639
811.131715	6	1638
447.099208	6	1659
651.535272	6	1648
524.145841	6	1657
360.202074	6	1667
517.858266	6	1658
411.559343	6	1665
816.111326	6	1642
584.481477	6	1656
685.192346	6	1650
763.560056	6	1646
719.803333	6	1649
672.206878	6	1653
848.999500	6	1644
475.092411	6	1666
518.875837	6	1663
441.696166	6	1668
679.736137	6	1655
551.440477	6	1662
581.851720	6	1661
604.491949	6	1660
532.829523	6	1664
149.328708	6	1690
135.198116	6	1691
126.301527	6	1692
110.993146	6	1693
180.373668	6	1689
155.642271	6	1694
166.879415	6	1695
156.706571	6	1696
144.242286	6	1698
164.586067	6	1697
142.935037	6	1699
143.784761	6	1700
145.929336	6	1708
171.856164	6	1707
262.982845	6	1701
197.387933	6	1705
214.666604	6	1704
182.029724	6	1706
234.632968	6	1703
253.973960	6	1702
130.038499	6	1710
259.519100	6	1709
123.697519	6	1711
123.182058	6	1712
133.737564	6	1713
1046.57149	16	1669
142.258405	6	1714
132.527828	6	1716
164.767026	6	1715
142.208337	6	1717
130.260229	6	1719
148.181915	6	1718
1112.81394	16	1672
149.705648	6	1720
134.013652	6	1721
169.235229	6	1722
138.541698	6	1724
156.002044	6	1723
142.187595	6	1725
1261.44886	16	1670
129.664182	6	1727
161.338329	6	1726
126.638889	6	1728
147.844791	6	1729
139.592647	6	1730
137.737989	6	1731
123.046636	6	1733
169.153928	6	1732
184.408187	6	1734
172.199010	6	1735
157.420396	6	1736
170.631647	6	1737
156.470060	6	1739
190.605401	6	1738
1525.85244	16	1671
1351.50575	16	1681
167.127370	6	1741
199.747323	6	1740
192.093372	6	1742
1569.62728	16	1673
1532.55867	16	1675
211.216688	6	1743
1562.92080	16	1676
1544.25787	16	1677
223.055839	6	1745
213.942289	6	1746
205.246210	6	1747
1513.31210	16	1680
1481.05001	16	1682
265.214204	6	1744
1656.16941	16	1674
228.180170	6	1748
1449.77617	16	1685
226.045846	6	1749
1589.64061	16	1679
235.723495	6	1750
231.449127	6	1751
1558.02750	16	1683
1522.84789	16	1686
255.477190	6	1753
1568.80140	16	1684
270.261526	6	1752
1689.63646	16	1678
213.870048	6	1756
205.407381	6	1757
263.590335	6	1754
1535.75134	16	1687
293.080806	6	1755
187.374591	6	1761
236.813306	6	1758
242.146730	6	1759
267.912864	6	1760
207.840442	6	1765
266.615152	6	1763
197.561502	6	1768
228.180170	6	1766
319.501876	6	1762
223.247051	6	1767
283.471584	6	1764
196.864366	6	1770
221.370935	6	1769
207.491874	6	1773
252.810955	6	1771
238.297224	6	1774
230.730772	6	1775
282.524108	6	1772
191.961765	6	1777
212.492704	6	1778
262.138128	6	1776
212.141990	6	1780
259.990930	6	1779
214.498281	6	1782
170.892238	6	1785
267.972230	6	1781
233.443021	6	1784
259.987592	6	1783
186.704158	6	1788
213.593721	6	1787
177.753210	6	1789
257.685661	6	1786
239.420890	6	1791
282.408952	6	1790
204.201936	6	1796
275.062322	6	1792
227.262020	6	1795
204.782962	6	1797
258.404016	6	1794
173.664808	6	1799
273.236513	6	1793
196.949243	6	1798
175.787687	6	1800
avg:  512.8062611231222
std:  441.6383127495446
p95:  1417.211675643919
p99:  2521.517152786254
com:  44.79749952548197
thg:  2239.8749762740986
que:  376.0918054437399
los:  0.1666666666666714
1683 114
**********************
