[15 17 18 ... 17 19 12]
118.686437	6	1
102.083444	6	2
112.116336	6	4
131.540060	6	5
176.470279	6	3
146.635532	6	6
140.997171	6	7
167.149543	6	8
176.280260	6	9
184.444665	6	10
171.670675	6	11
189.675331	6	13
171.067953	6	14
227.777957	6	12
197.557926	6	16
201.270341	6	18
181.314468	6	21
194.840669	6	20
266.712188	6	15
278.543233	6	17
253.496885	6	19
289.654493	6	25
280.055046	6	26
252.304315	6	29
204.582452	6	32
274.344921	6	28
403.025627	6	22
402.594327	6	23
436.870336	6	24
415.709018	6	27
399.259090	6	30
330.882072	6	35
382.256984	6	34
437.638998	6	31
364.774227	6	37
447.690248	6	33
267.461299	6	49
353.911161	6	44
483.567237	6	38
239.220857	6	55
489.773273	6	40
482.009887	6	41
488.332986	6	42
459.937810	6	45
449.792623	6	46
455.121040	6	48
644.276857	6	36
349.728822	6	58
646.399974	6	39
616.528272	6	43
607.539892	6	47
353.759527	6	64
464.171409	6	56
579.840421	6	50
403.810977	6	61
607.877254	6	51
564.996957	6	57
485.753297	6	63
624.557018	6	54
501.913547	6	65
450.165271	6	69
726.922988	6	52
353.980541	6	76
548.391103	6	66
615.672111	6	62
672.257661	6	59
787.253856	6	53
373.439311	6	81
503.481864	6	74
778.867483	6	60
542.676925	6	75
634.891271	6	70
661.226272	6	71
592.884540	6	77
580.404520	6	78
486.248970	6	85
819.585084	6	67
568.684816	6	82
628.955364	6	80
509.842157	6	89
804.178476	6	72
899.402141	6	68
808.487415	6	73
627.822637	6	86
536.586284	6	92
777.749061	6	79
529.337406	6	94
629.438638	6	90
754.689455	6	84
780.512332	6	83
516.443014	6	100
731.423139	6	88
799.971342	6	87
622.169971	6	99
815.566778	6	91
602.154493	6	105
687.579870	6	102
879.665136	6	93
749.639987	6	103
859.835147	6	96
804.315090	6	101
724.356651	6	106
902.136802	6	95
865.401029	6	97
889.198780	6	98
604.563951	6	118
855.879068	6	104
734.143495	6	113
862.356424	6	108
833.335876	6	110
574.498891	6	126
832.529067	6	111
791.761398	6	115
929.717063	6	107
846.787929	6	112
779.204130	6	116
741.108417	6	119
918.241024	6	109
750.311613	6	120
763.370275	6	121
824.007987	6	117
881.213188	6	114
848.543882	6	122
810.719728	6	125
712.882041	6	133
647.384643	6	139
937.481641	6	123
709.584951	6	138
834.792137	6	130
918.090343	6	128
786.737203	6	137
941.299438	6	127
1010.02025	6	124
948.995590	6	129
904.966354	6	135
927.420377	6	134
843.528747	6	141
992.768049	6	131
656.496047	6	153
994.554281	6	132
872.686624	6	147
801.548004	6	152
858.908176	6	150
730.501413	6	157
1087.63146	6	136
904.137611	6	148
1050.15397	6	140
744.446039	6	158
918.184995	6	149
733.731985	6	159
1043.02597	6	142
830.124139	6	155
602.260112	6	170
642.703056	6	169
488.124608	6	179
1093.28866	6	143
599.518299	6	173
784.569263	6	161
917.936563	6	154
1076.10821	6	145
610.110521	6	174
701.136589	6	168
1068.74942	6	146
644.191026	6	172
796.755313	6	162
1120.85890	6	144
739.718198	6	167
770.829677	6	165
586.575746	6	177
620.736837	6	175
810.072898	6	163
1026.67140	6	151
865.714788	6	160
782.495260	6	166
942.356348	6	156
809.095859	6	164
635.336875	6	176
725.776433	6	171
123.391866	6	218
132.914304	6	220
153.398036	6	219
796.989917	16	181
824.942111	16	180
149.270296	6	222
142.912864	6	223
143.860340	6	224
193.323135	6	221
157.244443	6	225
191.802263	6	226
178.938865	6	227
169.402122	6	228
170.236349	6	229
166.190147	6	230
155.926227	6	232
197.955846	6	231
174.799442	6	235
213.818550	6	233
199.970006	6	234
164.276599	6	237
206.403493	6	236
185.543060	6	238
215.195894	6	239
185.692548	6	242
222.645998	6	241
180.806398	6	244
251.778125	6	240
255.626678	6	243
188.106298	6	247
182.341814	6	250
261.532545	6	246
1335.63828	16	182
219.888210	6	249
306.493997	6	245
218.953609	6	252
235.768318	6	253
335.505723	6	248
286.824226	6	254
343.895912	6	251
283.864498	6	255
276.686191	6	259
306.704759	6	258
351.157903	6	256
340.594768	6	257
207.580804	6	265
1523.50449	16	185
255.717039	6	263
302.658081	6	261
355.698585	6	260
321.772098	6	262
359.524488	6	264
346.072912	6	266
378.822803	6	267
382.776498	6	268
287.954092	6	275
388.128519	6	270
291.081190	6	276
338.516712	6	274
283.811807	6	277
429.569005	6	271
472.791671	6	269
416.315317	6	272
423.894882	6	273
399.346351	6	280
392.188310	6	281
307.058572	6	287
249.547004	6	293
418.784379	6	284
391.396284	6	286
423.012256	6	285
526.520967	6	279
405.146360	6	288
345.376729	6	291
380.996465	6	290
413.727760	6	289
561.631917	6	282
411.073207	6	292
373.179197	6	294
357.884883	6	296
2141.78180	16	189
601.144313	6	283
392.169952	6	297
730.015754	6	278
411.398410	6	299
501.843452	6	295
370.774984	6	305
387.801647	6	304
2388.25654	16	183
451.669454	6	301
474.128961	6	302
566.349029	6	298
547.327280	6	300
415.726184	6	308
2448.67730	16	186
2339.86639	16	194
2247.24841	16	200
385.310411	6	312
317.886352	6	317
505.972623	6	307
384.526252	6	314
363.164186	6	316
601.119041	6	303
447.866678	6	313
584.058046	6	306
423.091888	6	315
390.768527	6	318
573.256015	6	309
2310.17827	16	207
620.211362	6	311
434.190273	6	322
2288.11693	16	213
493.306398	6	321
571.716070	6	319
486.238002	6	323
2635.39195	16	195
486.201763	6	324
772.064208	6	310
369.190454	6	333
483.562231	6	328
347.005367	6	336
440.145730	6	331
2575.65736	16	204
2705.63554	16	196
556.091308	6	325
714.471101	6	320
508.482933	6	332
389.394521	6	339
2633.38041	16	206
613.552331	6	327
579.656600	6	330
2883.28433	16	193
2813.95530	16	197
532.390117	6	334
2695.45936	16	205
687.761306	6	326
3009.40346	16	187
641.149282	6	329
501.670360	6	338
2960.42490	16	192
2982.27000	16	191
3009.39321	16	190
355.622768	6	348
3046.93198	16	188
448.899507	6	344
3167.05560	16	184
619.734048	6	337
2744.52781	16	211
2904.07752	16	201
426.080465	6	349
2981.47439	16	198
2760.77938	16	212
698.204755	6	335
462.267875	6	350
429.064989	6	352
552.176952	6	346
2983.46281	16	202
366.462469	6	357
549.240350	6	347
669.273614	6	341
3051.20825	16	199
478.080749	6	353
721.611738	6	342
2954.02288	16	210
494.121789	6	355
2897.14980	16	214
2884.75680	16	215
513.071298	6	356
3032.30643	16	208
3106.76789	16	203
3014.21570	16	209
809.288740	6	340
776.788949	6	343
738.802194	6	345
638.468503	6	351
354.208230	6	367
634.130716	6	354
590.840101	6	358
505.310058	6	364
298.116683	6	377
455.467462	6	368
395.339250	6	372
557.967424	6	365
460.956335	6	373
701.809167	6	360
695.122718	6	361
528.992414	6	371
751.123905	6	359
414.748430	6	384
580.383062	6	374
664.857387	6	370
806.402921	6	362
687.102556	6	369
624.167203	6	375
556.709766	6	380
859.446525	6	363
817.281484	6	366
668.626070	6	376
454.590559	6	390
403.169631	6	394
559.024810	6	387
554.301500	6	388
479.928255	6	395
736.015796	6	381
550.832748	6	397
784.860849	6	383
669.054985	6	391
402.231931	6	408
925.624608	6	378
640.311241	6	396
819.617033	6	385
749.876022	6	392
1016.96205	6	379
657.446861	6	404
703.467369	6	403
988.117933	6	386
711.659908	6	405
685.863256	6	407
934.198379	6	393
671.351432	6	410
751.692533	6	406
668.578386	6	412
851.853847	6	402
1060.76860	6	389
1176.40781	6	382
897.683620	6	400
886.054277	6	401
743.649244	6	411
732.384204	6	415
720.336437	6	416
701.064348	6	417
1014.63770	6	399
773.477077	6	414
1073.25577	6	398
732.647657	6	420
882.091045	6	413
966.386318	6	409
798.272848	6	422
762.727022	6	425
655.339956	6	432
720.458030	6	429
878.756523	6	421
683.130502	6	433
857.479095	6	424
787.230253	6	428
992.264032	6	419
1019.46330	6	418
953.597307	6	423
765.310764	6	435
963.099956	6	426
887.018680	6	431
888.686895	6	434
887.567996	6	437
1028.50294	6	430
894.695758	6	439
1087.43047	6	427
911.379575	6	438
940.751552	6	436
903.836727	6	440
778.778791	6	448
956.059455	6	441
953.437805	6	443
828.854560	6	451
803.839445	6	454
975.204467	6	446
846.942186	6	455
1021.69513	6	445
916.880846	6	452
1044.57497	6	447
949.270725	6	453
1173.23899	6	442
605.207204	6	474
1049.26300	6	450
965.634107	6	457
1029.51598	6	456
1136.87396	6	449
940.269708	6	462
934.598445	6	463
975.504875	6	461
889.930963	6	466
1038.30814	6	458
1297.81031	6	444
801.966428	6	472
845.462799	6	470
983.315229	6	465
950.318098	6	467
854.743719	6	473
1112.64133	6	460
715.835809	6	482
942.229509	6	469
984.554529	6	468
1111.81426	6	464
962.125539	6	471
1205.13081	6	459
924.066543	6	476
750.598192	6	487
943.715810	6	477
922.710180	6	481
1058.90107	6	478
1146.34013	6	475
937.610149	6	488
907.828330	6	490
1107.45382	6	479
1123.00348	6	480
1045.23205	6	485
975.637197	6	491
829.196929	6	500
1128.02743	6	483
966.752529	6	496
992.456197	6	495
1029.69050	6	494
810.807704	6	507
1065.75655	6	492
1177.57487	6	486
911.787033	6	502
1020.95127	6	498
936.483621	6	503
745.037555	6	515
1268.46289	6	484
429.328918	16	535
1135.94603	6	493
1204.97727	6	489
1018.22113	6	501
868.313074	6	510
975.367546	6	505
857.641935	6	513
826.354265	6	516
1114.14217	6	499
740.113258	6	521
872.746706	6	514
767.242431	6	520
623.179435	6	530
743.727445	6	522
995.109796	6	508
583.252906	6	534
831.903457	6	519
1216.73369	6	497
1097.15533	6	504
767.166852	6	524
1071.00844	6	506
914.751052	6	517
905.135869	6	518
789.415359	6	525
1022.49240	6	511
1061.96284	6	509
779.081821	6	526
772.866010	6	527
829.276561	6	523
748.722791	6	529
1012.54820	6	512
712.760210	6	531
773.966550	6	528
713.883161	6	532
143.728017	6	575
124.403953	6	576
131.312131	6	577
125.298500	6	578
126.645088	6	580
155.419588	6	579
160.611152	6	582
165.328025	6	583
196.120262	6	581
169.018983	6	584
166.569709	6	585
156.528472	6	586
187.992095	6	587
173.793315	6	589
218.838691	6	588
182.422161	6	590
191.484451	6	592
206.292152	6	593
245.415449	6	591
219.632387	6	594
168.099641	6	598
250.870943	6	595
240.470170	6	597
204.366445	6	599
270.368814	6	596
227.802991	6	601
244.741201	6	600
225.821256	6	603
235.166311	6	604
201.373577	6	606
271.203041	6	602
244.013071	6	605
214.826107	6	610
275.625467	6	607
244.948863	6	609
246.111392	6	611
304.475545	6	608
1513.56315	16	539
264.374256	6	612
212.172031	6	616
251.891613	6	614
283.562898	6	613
249.914169	6	615
209.788084	6	620
231.712102	6	619
281.944513	6	617
273.078918	6	618
1650.38275	16	540
247.346639	6	622
287.275791	6	621
266.554594	6	623
257.536172	6	624
259.121894	6	626
280.669927	6	625
205.157756	6	630
256.098031	6	628
278.106689	6	627
265.037298	6	629
237.663030	6	631
310.989379	6	632
196.428775	6	639
310.151815	6	633
261.120080	6	636
1843.03927	16	545
301.351308	6	634
307.642698	6	635
285.015106	6	637
290.164709	6	638
243.389606	6	641
271.018505	6	640
264.494419	6	642
259.221792	6	646
252.053499	6	647
2075.10685	16	542
351.567029	6	644
2000.18072	16	549
276.463031	6	649
309.346675	6	648
404.726505	6	645
327.234983	6	650
253.784418	6	655
250.991106	6	656
472.521543	6	643
325.612545	6	653
399.044513	6	651
307.930707	6	657
402.164697	6	652
2149.47485	16	551
385.982513	6	654
323.383092	6	659
349.475145	6	658
2370.83888	16	541
196.730613	6	668
283.465147	6	665
320.601463	6	663
2411.95821	16	544
447.995901	6	660
411.869049	6	662
446.165800	6	661
2440.49525	16	546
401.526212	6	667
479.210615	6	664
360.646963	6	672
467.586994	6	666
347.777605	6	674
2527.83536	16	548
421.031236	6	671
414.574861	6	673
345.497369	6	678
492.608785	6	669
475.134372	6	670
404.666662	6	676
358.540058	6	680
2426.04160	16	561
477.047920	6	675
456.405162	6	677
2609.05480	16	552
364.799022	6	683
430.999994	6	681
2379.01616	16	569
501.993417	6	679
340.429306	6	689
400.860309	6	686
2571.36130	16	564
413.230180	6	690
466.296195	6	687
565.906524	6	682
2964.24102	16	543
2532.92608	16	570
542.061567	6	685
378.228902	6	694
561.230897	6	684
2686.96594	16	562
427.453041	6	693
297.187566	6	700
344.933271	6	698
511.723756	6	691
2836.99297	16	557
523.522853	6	692
446.300268	6	696
434.964895	6	697
475.924253	6	695
618.915796	6	688
418.189525	6	699
3066.79511	16	547
341.996908	6	708
413.044929	6	704
2761.24668	16	571
375.706195	6	707
448.936700	6	703
2827.62050	16	567
505.673408	6	701
2951.92384	16	560
454.442739	6	705
2939.10479	16	563
450.726032	6	706
2761.34395	16	574
3191.78390	16	550
422.683238	6	710
3167.35744	16	553
420.038700	6	711
592.437982	6	702
3112.61725	16	556
467.650890	6	709
3146.41046	16	555
2891.21198	16	572
434.359312	6	712
2959.79714	16	568
3012.26449	16	566
254.870891	6	725
3209.26880	16	554
3153.91254	16	558
3146.19493	16	559
3069.91910	16	565
451.442241	6	716
458.918571	6	719
546.944379	6	714
256.735801	6	732
461.690902	6	720
525.141954	6	717
513.705015	6	718
479.081392	6	721
498.628854	6	723
695.291042	6	713
555.501461	6	724
729.481935	6	715
563.172578	6	726
560.927629	6	729
520.985841	6	733
602.692842	6	730
530.832529	6	736
544.329166	6	735
770.087718	6	722
505.530118	6	739
535.959959	6	738
648.999214	6	731
705.322742	6	728
427.674770	6	746
480.889081	6	745
612.501859	6	740
593.952894	6	743
729.965209	6	734
865.376710	6	727
372.699260	6	759
665.931940	6	741
480.888605	6	753
594.866037	6	749
528.458356	6	754
541.167259	6	755
843.392372	6	737
660.623073	6	751
835.010528	6	742
719.415187	6	750
834.554910	6	744
372.505187	6	773
573.073148	6	761
733.228921	6	752
823.911666	6	748
732.183218	6	756
638.442993	6	762
491.912126	6	772
329.188823	6	781
925.776243	6	747
482.964754	6	776
681.973695	6	766
864.542007	6	757
442.574501	6	782
753.010988	6	764
527.927160	6	779
776.509761	6	769
808.211088	6	768
823.677539	6	770
888.647794	6	767
532.505750	6	788
928.462028	6	765
1016.24655	6	760
776.350736	6	775
1078.79614	6	758
876.716136	6	771
651.197671	6	785
1080.17563	6	763
767.369747	6	783
690.694808	6	790
744.119167	6	787
731.539011	6	791
724.459886	6	792
1038.53321	6	774
680.052995	6	796
891.551017	6	784
1040.05479	6	777
787.411212	6	793
907.746315	6	789
877.228021	6	795
1171.20957	6	778
666.254758	6	808
779.506206	6	801
826.627016	6	799
1056.19168	6	786
1162.89305	6	780
698.180675	6	814
849.990367	6	804
755.734443	6	811
738.402128	6	812
905.727148	6	802
992.724180	6	797
926.075696	6	805
1120.14794	6	794
877.468585	6	809
975.316047	6	803
934.038400	6	806
563.770294	6	832
968.231678	6	807
759.964227	6	821
1140.53940	6	800
1172.89590	6	798
828.962564	6	819
932.404041	6	813
1007.86900	6	810
917.918443	6	816
810.720443	6	823
815.809965	6	824
750.183582	6	829
895.838499	6	822
551.882028	6	843
1007.08150	6	818
571.637153	6	844
913.070440	6	825
655.418157	6	841
945.167779	6	826
870.729207	6	831
1095.78394	6	817
822.694540	6	834
1136.69610	6	815
844.554185	6	833
1057.45387	6	820
811.397790	6	836
961.764574	6	828
509.980916	6	853
582.387447	6	851
504.125595	6	856
789.655447	6	842
587.973356	6	852
654.538631	6	849
893.409729	6	837
1080.78455	6	827
735.239267	6	848
1074.78666	6	830
941.540002	6	838
631.019592	6	854
797.022342	6	846
937.164545	6	839
821.998357	6	845
597.700834	6	857
805.269479	6	847
940.888404	6	840
602.408170	6	858
544.766902	6	861
759.893417	6	850
582.829713	6	859
1052.16360	6	835
572.208166	6	860
686.874628	6	855
119.540691	6	896
110.430002	6	897
123.383998	6	898
138.589382	6	900
175.811529	6	899
145.826578	6	901
145.083189	6	902
169.891357	6	903
166.961431	6	904
157.403230	6	906
180.966615	6	905
184.594154	6	907
211.405754	6	908
212.257862	6	909
200.013637	6	910
188.035726	6	912
206.387758	6	911
187.889337	6	913
184.043407	6	914
211.862325	6	917
206.568956	6	918
223.775863	6	919
276.194572	6	916
193.005561	6	922
229.609489	6	920
316.575765	6	915
1230.88240	16	862
251.354932	6	921
276.855707	6	924
296.529293	6	923
232.474088	6	927
235.020637	6	928
304.944992	6	925
293.254137	6	926
1350.74138	16	863
292.418241	6	929
251.441717	6	932
320.147275	6	930
260.872125	6	934
317.780971	6	931
225.578784	6	938
307.297468	6	933
214.525222	6	939
1490.92626	16	865
217.957973	6	940
1532.05847	16	864
322.498559	6	937
239.521503	6	942
267.580270	6	941
385.711193	6	935
372.208118	6	936
1524.61028	16	870
234.674692	6	947
273.471355	6	945
302.074432	6	946
270.952224	6	948
360.568046	6	943
1674.45874	16	867
234.339952	6	953
289.692163	6	951
431.872367	6	944
352.010726	6	949
283.588647	6	954
222.067594	6	959
265.367746	6	958
308.105468	6	956
383.306026	6	952
332.656383	6	957
482.049703	6	950
233.088493	6	967
345.053195	6	960
445.795059	6	955
2015.24615	16	866
1879.92310	16	875
405.135631	6	961
349.071025	6	965
330.632209	6	968
411.286830	6	963
336.020469	6	969
396.277666	6	966
2058.30883	16	869
446.075916	6	964
348.549842	6	970
346.068143	6	971
496.703386	6	962
363.277912	6	975
366.586685	6	976
413.223981	6	973
2250.79536	16	868
478.633642	6	972
317.652463	6	985
468.624591	6	977
372.402667	6	984
543.687343	6	974
433.816432	6	981
2232.95736	16	876
497.095584	6	978
488.566160	6	979
365.110397	6	988
353.825807	6	989
422.347784	6	986
496.070623	6	982
533.278226	6	980
381.867408	6	993
565.409660	6	983
2372.04527	16	877
458.662509	6	991
546.563625	6	987
2401.45707	16	881
470.830678	6	994
551.576375	6	990
521.703004	6	992
339.550971	6	1005
474.811792	6	997
415.804386	6	1003
467.502832	6	1000
511.185169	6	998
514.494657	6	999
575.153589	6	996
378.136157	6	1008
2738.33131	16	871
536.469697	6	1002
674.703359	6	995
583.952665	6	1001
2659.67440	16	880
2463.83857	16	890
430.001735	6	1011
2622.17426	16	883
565.703153	6	1004
2816.23268	16	872
481.855869	6	1009
531.786918	6	1006
462.942123	6	1012
523.332118	6	1010
603.997945	6	1007
2647.22228	16	887
2686.59567	16	885
2559.10825	16	893
2589.17164	16	891
531.063795	6	1014
2851.04632	16	878
411.609172	6	1022
538.277149	6	1016
460.581302	6	1020
443.399667	6	1021
2594.01345	16	894
2981.17780	16	874
2783.96177	16	886
2874.30047	16	882
2645.15352	16	895
2851.67789	16	884
2951.85446	16	879
2756.82830	16	889
2783.96201	16	888
491.483926	6	1024
2725.18897	16	892
534.914493	6	1023
511.228799	6	1025
449.661254	6	1030
684.784889	6	1017
429.772377	6	1032
761.658430	6	1013
683.502674	6	1019
799.645423	6	1015
497.397661	6	1034
429.084062	6	1041
672.993421	6	1027
873.442649	6	1018
466.815233	6	1042
757.141590	6	1026
531.720161	6	1040
483.566522	6	1044
746.023416	6	1028
746.162176	6	1029
695.386648	6	1033
740.423917	6	1031
667.666912	6	1036
485.355377	6	1048
725.270986	6	1037
686.632633	6	1043
656.205177	6	1045
605.638980	6	1049
809.662103	6	1038
603.755712	6	1051
569.913387	6	1054
894.950628	6	1035
483.409643	6	1061
740.660429	6	1046
654.743194	6	1052
658.112287	6	1055
803.589820	6	1047
952.062606	6	1039
724.700212	6	1053
608.268260	6	1062
651.801586	6	1060
713.491678	6	1056
871.128797	6	1050
668.421030	6	1063
664.075613	6	1064
762.037277	6	1058
799.257755	6	1059
663.369178	6	1067
648.742437	6	1069
620.916366	6	1072
673.622846	6	1070
756.404638	6	1066
785.028219	6	1065
762.712478	6	1068
643.326044	6	1075
568.057298	6	1084
735.179424	6	1076
839.991331	6	1071
614.210128	6	1087
825.772523	6	1074
588.010072	6	1092
852.831602	6	1078
812.488079	6	1081
1211.07625	6	1057
730.742692	6	1089
997.846603	6	1073
753.097534	6	1090
833.126783	6	1085
745.517015	6	1091
449.039936	6	1109
1028.14936	6	1077
891.469955	6	1086
966.465950	6	1082
907.696485	6	1088
546.926259	6	1111
742.872714	6	1100
1084.80858	6	1079
783.923864	6	1099
1105.53050	6	1080
834.871053	6	1101
939.078807	6	1096
807.827711	6	1104
986.561059	6	1094
972.502470	6	1097
1041.33915	6	1095
1074.51367	6	1093
769.588708	6	1112
940.150499	6	1103
1271.99935	6	1083
929.788351	6	1105
917.580842	6	1107
954.073667	6	1106
725.272178	6	1120
862.509250	6	1113
1118.62993	6	1098
689.233541	6	1124
1119.07744	6	1102
931.967973	6	1114
761.797666	6	1126
971.112489	6	1115
970.342874	6	1116
754.868984	6	1129
1141.85762	6	1108
1005.48624	6	1117
1135.37859	6	1110
702.295780	6	1140
956.192493	6	1125
1017.51327	6	1121
643.045186	6	1144
851.017475	6	1133
930.480003	6	1131
1096.90999	6	1123
1201.33829	6	1118
875.322103	6	1138
1236.62447	6	1119
1216.47548	6	1122
1030.17401	6	1134
1086.33875	6	1130
776.351451	6	1149
1110.72087	6	1132
1195.93358	6	1127
818.863391	6	1150
885.266065	6	1146
1055.64880	6	1137
1205.17945	6	1128
1088.29545	6	1136
1108.89267	6	1135
1100.32463	6	1139
1103.91235	6	1141
1148.39315	6	1142
1090.09766	6	1145
988.025188	6	1153
1184.38291	6	1143
1050.63915	6	1151
991.277217	6	1156
1120.16248	6	1148
1140.88773	6	1147
790.063619	6	1169
1008.27908	6	1158
964.341163	6	1161
1049.13306	6	1159
1038.36417	6	1160
850.128889	6	1171
953.194141	6	1166
966.049432	6	1165
1133.32104	6	1157
1187.72673	6	1154
1062.41583	6	1162
1002.83956	6	1167
1215.42716	6	1155
1273.04673	6	1152
900.777816	6	1176
971.776008	6	1173
1093.60980	6	1168
1011.81459	6	1172
1169.87037	6	1163
1009.85479	6	1177
996.438026	6	1178
1245.24378	6	1164
1053.95340	6	1175
955.428600	6	1181
996.052980	6	1179
787.630319	6	1192
1180.78875	6	1170
897.927522	6	1188
1133.45360	6	1174
1057.25574	6	1180
831.069469	6	1193
1043.90001	6	1182
969.982624	6	1186
961.125612	6	1187
754.119634	6	1200
812.369108	6	1197
643.791913	6	1206
938.040971	6	1191
880.182027	6	1194
964.673280	6	1190
787.647724	6	1199
815.022945	6	1198
1001.46031	6	1189
750.449657	6	1202
1090.05379	6	1184
664.359092	6	1207
890.016794	6	1195
1074.84531	6	1185
643.631696	6	1209
878.829002	6	1196
1122.54524	6	1183
795.146465	6	1201
739.830017	6	1204
733.757257	6	1205
768.954277	6	1203
764.374256	16	1210
130.985975	6	1256
120.681285	6	1257
145.837306	6	1258
155.843019	6	1259
136.531591	6	1261
160.705804	6	1260
146.988391	6	1262
162.685155	6	1263
144.594669	6	1264
137.979030	6	1265
154.799699	6	1266
138.794898	6	1267
149.934291	6	1269
135.303020	6	1270
144.961357	6	1271
138.131380	6	1272
144.751310	6	1273
141.857624	6	1274
163.758993	6	1275
162.721395	6	1276
141.178846	6	1277
157.337903	6	1278
1409.10577	16	1211
188.046455	6	1279
180.737257	6	1280
177.626371	6	1281
194.811820	6	1282
160.936117	6	1285
220.169782	6	1283
218.495130	6	1284
188.780784	6	1286
174.686431	6	1289
202.294826	6	1288
243.045806	6	1287
209.175825	6	1290
1654.20222	16	1212
207.721471	6	1293
254.355192	6	1291
234.437942	6	1292
217.051029	6	1294
229.472160	6	1296
251.400470	6	1295
235.629320	6	1298
267.321109	6	1297
1685.62030	16	1218
289.391994	6	1299
276.666164	6	1300
275.423288	6	1301
249.236822	6	1303
234.779834	6	1305
246.869087	6	1306
278.686523	6	1304
308.854341	6	1302
268.578767	6	1308
247.006416	6	1310
210.632324	6	1313
295.557737	6	1309
360.176324	6	1307
276.673316	6	1312
236.882209	6	1315
253.460645	6	1317
333.973169	6	1314
410.769939	6	1311
370.544672	6	1316
338.437080	6	1321
376.922607	6	1319
390.570640	6	1318
297.257661	6	1324
278.978586	6	1326
2224.52497	16	1215
429.694414	6	1320
295.510292	6	1330
393.059015	6	1325
462.502241	6	1322
360.292434	6	1329
395.822763	6	1327
2167.31429	16	1225
420.805215	6	1328
505.036830	6	1323
2425.65584	16	1213
394.453048	6	1331
383.020877	6	1332
342.895984	6	1334
305.122137	6	1338
2428.44724	16	1217
375.734329	6	1335
410.793781	6	1333
389.965772	6	1336
285.316467	6	1345
254.330873	6	1349
505.839109	6	1337
278.489351	6	1351
409.896135	6	1344
465.252876	6	1341
2699.82481	16	1214
345.069646	6	1350
483.382701	6	1342
311.857461	6	1353
532.791852	6	1340
2708.27770	16	1216
510.625123	6	1343
486.523628	6	1346
626.225948	6	1339
493.133306	6	1347
349.824666	6	1356
503.603935	6	1348
283.647537	6	1364
409.445047	6	1358
489.522933	6	1354
2782.58681	16	1222
391.457080	6	1360
408.813953	6	1361
2841.11094	16	1221
529.766321	6	1355
597.116231	6	1352
2777.00233	16	1229
369.906187	6	1368
456.999301	6	1363
352.735996	6	1370
470.242261	6	1366
495.314359	6	1365
375.546932	6	1372
654.372930	6	1357
3031.96048	16	1220
675.545454	6	1359
446.515560	6	1373
558.075189	6	1367
279.348373	6	1383
2999.90653	16	1227
518.745899	6	1371
431.645393	6	1376
421.529054	6	1377
509.072065	6	1375
465.224981	6	1378
644.017934	6	1369
780.729770	6	1362
627.423524	6	1374
472.769498	6	1385
528.484582	6	1382
3155.11631	16	1231
502.360820	6	1386
349.011182	6	1397
622.555971	6	1380
484.297513	6	1390
675.046920	6	1379
610.291481	6	1384
537.009954	6	1389
3032.75895	16	1246
484.470605	6	1394
3096.49038	16	1243
626.020908	6	1388
561.489343	6	1392
782.185554	6	1381
3627.12502	16	1219
3504.73499	16	1226
3118.00551	16	1249
404.219865	6	1409
568.872451	6	1399
677.911758	6	1393
350.548982	6	1414
3635.92386	16	1224
3566.51115	16	1228
682.484865	6	1396
760.519742	6	1391
471.650600	6	1410
3185.79196	16	1252
851.368665	6	1387
3706.96711	16	1223
3239.93539	16	1254
548.115968	6	1412
605.942487	6	1408
571.737527	6	1411
683.434247	6	1405
465.732574	6	1419
771.667003	6	1401
3579.70619	16	1238
805.603265	6	1400
3500.00548	16	1244
714.357137	6	1406
3711.69567	16	1232
791.143894	6	1402
877.541780	6	1398
790.444850	6	1403
3611.16480	16	1240
3754.47177	16	1233
971.222162	6	1395
520.971775	6	1423
3730.57365	16	1237
3468.37520	16	1253
565.991163	6	1422
3778.58185	16	1236
674.819231	6	1418
3744.25196	16	1239
868.029117	6	1407
572.196722	6	1425
731.385231	6	1417
3736.24777	16	1242
3991.67037	16	1230
3924.35884	16	1234
830.002784	6	1415
3907.77611	16	1235
1004.88138	6	1404
3666.50056	16	1251
3684.67950	16	1250
3719.70605	16	1248
645.258426	6	1427
3853.33752	16	1241
3753.02124	16	1247
3807.55114	16	1245
786.152839	6	1421
950.440645	6	1413
512.753248	6	1437
729.936122	6	1426
647.504329	6	1431
600.204467	6	1434
492.716789	6	1440
866.972923	6	1420
663.995742	6	1432
735.325098	6	1428
968.071937	6	1416
883.572340	6	1424
583.380937	6	1443
522.156000	6	1447
840.076208	6	1430
733.104228	6	1436
619.934558	6	1444
503.603219	6	1451
578.240871	6	1448
860.783338	6	1433
713.940858	6	1442
950.160503	6	1429
767.561674	6	1441
883.699178	6	1435
603.852033	6	1454
804.974079	6	1445
743.366718	6	1449
981.858253	6	1439
543.362855	6	1464
1019.50740	6	1438
827.018260	6	1450
656.221151	6	1460
789.917945	6	1452
662.207603	6	1461
469.393968	6	1474
978.176832	6	1446
595.136642	6	1468
801.189422	6	1457
870.597600	6	1453
824.000358	6	1456
704.954385	6	1463
423.866033	6	1480
835.757493	6	1462
964.651107	6	1455
675.151109	6	1472
608.095169	6	1476
701.439857	6	1473
780.854463	6	1469
855.517625	6	1466
534.208297	6	1484
815.734148	6	1475
931.087255	6	1470
1023.58293	6	1467
1061.77902	6	1465
1181.23984	6	1459
795.387983	6	1481
1216.55535	6	1458
756.723880	6	1486
711.441516	6	1489
627.897262	6	1495
978.450298	6	1478
998.137474	6	1477
872.603416	6	1485
602.506875	6	1500
952.769279	6	1482
799.079179	6	1491
522.542715	6	1506
1163.12265	6	1471
571.774959	6	1505
817.552566	6	1492
1056.30993	6	1479
909.233808	6	1488
985.991954	6	1483
936.632394	6	1487
824.422359	6	1494
454.267024	6	1515
790.112495	6	1497
862.863540	6	1493
703.347444	6	1501
832.622051	6	1496
730.399131	6	1502
638.254404	6	1508
495.632648	6	1517
993.063926	6	1490
838.453531	6	1499
658.214092	6	1510
777.624845	6	1503
888.182640	6	1498
662.949085	6	1511
589.895725	6	1516
796.828985	6	1504
550.849199	6	1519
682.256221	6	1512
509.846210	6	1522
772.946834	6	1507
547.394037	6	1520
663.141012	6	1514
541.758060	6	1521
688.989639	6	1513
753.896951	6	1509
630.401372	6	1518
177.206039	6	1549
176.040410	6	1550
160.964012	6	1551
155.938148	6	1553
167.715787	6	1552
164.071083	6	1554
199.618577	6	1555
173.018932	6	1557
199.633359	6	1556
180.747270	6	1558
168.136835	6	1559
185.369253	6	1560
191.295862	6	1561
183.344125	6	1564
214.302062	6	1562
208.247184	6	1563
885.936021	16	1523
194.502830	6	1566
165.738105	6	1568
220.426797	6	1565
189.003229	6	1571
253.923416	6	1567
223.233222	6	1569
205.431938	6	1572
253.340721	6	1570
221.732139	6	1573
234.657764	6	1574
222.009420	6	1575
201.583147	6	1576
220.265626	6	1578
1131.18553	16	1524
245.549440	6	1577
205.147981	6	1582
253.988027	6	1579
248.501062	6	1581
242.346286	6	1583
293.211698	6	1580
269.305706	6	1586
295.356750	6	1585
259.227275	6	1589
336.624145	6	1584
297.926664	6	1588
235.558509	6	1592
343.815326	6	1587
315.511465	6	1590
1412.91379	16	1526
353.554248	6	1591
297.407627	6	1595
305.010557	6	1596
293.228387	6	1597
368.610620	6	1593
271.910905	6	1599
239.373683	6	1601
381.916999	6	1594
306.399106	6	1600
350.337743	6	1598
1568.76730	16	1527
324.934482	6	1603
1561.23661	16	1529
318.983078	6	1604
343.503236	6	1605
360.763311	6	1606
328.984022	6	1608
421.882629	6	1602
370.717048	6	1607
309.893369	6	1615
336.829662	6	1613
455.728054	6	1610
475.240945	6	1609
312.932729	6	1620
391.952037	6	1617
467.293262	6	1612
448.020696	6	1614
1808.92896	16	1534
373.828172	6	1621
1877.16960	16	1530
1863.60287	16	1532
382.225275	6	1622
341.144800	6	1625
1861.61613	16	1533
1987.02692	16	1525
557.765007	6	1611
443.264961	6	1624
1975.16584	16	1531
470.758914	6	1623
547.626018	6	1618
1934.14187	16	1536
551.458120	6	1619
597.078084	6	1616
425.691843	6	1629
504.963874	6	1627
517.152070	6	1628
562.516927	6	1626
500.321149	6	1632
409.671545	6	1638
475.175380	6	1634
2048.40993	16	1540
357.371568	6	1642
2232.43761	16	1528
2089.92004	16	1538
1921.23293	16	1548
1979.84385	16	1546
2102.07772	16	1539
2146.27838	16	1537
594.267845	6	1631
562.867879	6	1633
482.356548	6	1639
2118.84713	16	1541
2124.11856	16	1542
2087.49771	16	1544
2130.58137	16	1543
2052.70481	16	1547
593.278884	6	1636
617.826938	6	1635
2117.34104	16	1545
552.807092	6	1643
438.069343	6	1651
488.350629	6	1648
589.584589	6	1641
357.349634	6	1657
683.212041	6	1637
655.247688	6	1640
501.320123	6	1653
655.474662	6	1644
426.119089	6	1658
697.959899	6	1645
611.894369	6	1652
692.999124	6	1647
966.123104	6	1630
650.706052	6	1655
783.989191	6	1649
478.637456	6	1667
679.933786	6	1656
629.591464	6	1659
605.555295	6	1661
859.908103	6	1646
820.908546	6	1650
633.604049	6	1664
636.605978	6	1665
840.862035	6	1654
501.054048	6	1675
549.812316	6	1673
717.785835	6	1663
759.925842	6	1662
636.240005	6	1672
726.166963	6	1668
863.010406	6	1660
804.046869	6	1666
741.881132	6	1670
753.297567	6	1671
619.749307	6	1681
561.463832	6	1687
756.559848	6	1676
729.040384	6	1678
663.956165	6	1684
680.308103	6	1685
865.535974	6	1674
780.145168	6	1680
658.038377	6	1690
1034.07549	6	1669
618.017673	6	1695
669.728040	6	1693
890.076160	6	1679
930.112361	6	1677
866.649150	6	1682
721.016407	6	1694
811.867713	6	1689
883.348703	6	1686
944.219827	6	1683
613.456726	6	1704
855.640172	6	1692
621.607303	6	1705
892.310142	6	1691
753.426790	6	1700
809.041500	6	1697
781.959295	6	1699
965.669631	6	1688
852.993726	6	1696
589.363813	6	1713
884.592294	6	1701
958.300113	6	1698
881.712913	6	1703
658.924102	6	1716
621.768474	6	1718
834.327936	6	1707
724.829673	6	1714
973.831892	6	1702
855.568885	6	1708
773.835420	6	1717
738.666772	6	1720
874.820232	6	1712
653.737306	6	1725
1000.22244	6	1706
954.623460	6	1710
714.839220	6	1724
892.220735	6	1715
782.102584	6	1723
877.394199	6	1721
909.602880	6	1719
616.521358	6	1738
1100.67749	6	1711
797.220945	6	1728
713.467597	6	1734
1224.35927	6	1709
933.675050	6	1726
484.664678	6	1754
918.781042	6	1727
721.244096	6	1741
636.975526	6	1747
873.534917	6	1733
945.977449	6	1730
725.009679	6	1745
512.066364	6	1758
826.784610	6	1739
927.769660	6	1732
877.385139	6	1736
784.218311	6	1743
838.396310	6	1740
883.823156	6	1737
693.192958	6	1750
799.124240	6	1744
727.666854	6	1748
1036.75246	6	1729
1178.34234	6	1722
661.538600	6	1753
617.367982	6	1756
551.664590	6	1760
699.254989	6	1752
719.988346	6	1751
746.957778	6	1749
875.003814	6	1742
671.085357	6	1755
1047.02305	6	1731
603.687524	6	1759
988.127231	6	1735
646.080732	6	1757
539.320468	6	1763
554.416894	6	1762
844.186782	6	1746
145.992755	6	1794
142.813920	6	1795
125.726938	6	1797
141.161203	6	1796
127.127408	6	1798
156.624078	6	1799
181.025266	6	1800
143.240928	6	1804
177.988529	6	1802
187.272787	6	1803
167.636632	6	1805
163.602590	6	1806
955.862522	16	1764
199.187994	6	1807
173.218250	6	1809
197.662353	6	1808
185.548782	6	1810
187.693834	6	1811
215.291976	6	1812
211.334943	6	1813
198.801517	6	1814
221.174478	6	1815
212.614059	6	1816
201.488494	6	1817
198.285341	6	1818
192.420482	6	1819
225.988626	6	1823
209.068059	6	1824
196.429729	6	1825
286.137819	6	1821
206.696510	6	1826
309.400081	6	1820
296.576499	6	1822
214.725732	6	1828
255.172967	6	1827
259.012937	6	1830
275.598526	6	1829
1416.73398	16	1765
288.115024	6	1831
250.585556	6	1833
265.684127	6	1832
257.053136	6	1835
227.392673	6	1837
1358.06202	16	1773
319.119453	6	1834
248.591184	6	1838
295.160531	6	1836
281.733989	6	1839
320.947885	6	1841
296.680688	6	1843
288.568735	6	1844
351.614475	6	1840
348.301887	6	1842
262.125015	6	1849
311.007738	6	1846
357.522487	6	1845
318.848848	6	1848
1732.16962	16	1768
222.235679	6	1855
1710.53814	16	1770
331.955909	6	1850
321.848154	6	1851
1806.43630	16	1766
1792.42801	16	1767
295.840263	6	1853
432.006835	6	1847
1787.44769	16	1769
329.383850	6	1854
314.258098	6	1856
226.155519	6	1862
311.573266	6	1857
1805.96756	16	1771
407.459497	6	1852
354.933500	6	1858
277.596235	6	1863
353.759288	6	1860
346.878528	6	1861
295.779228	6	1866
291.607618	6	1869
234.245777	6	1872
1961.55691	16	1772
410.204887	6	1864
348.962306	6	1868
521.457910	6	1859
463.432073	6	1865
372.057437	6	1871
395.152568	6	1870
1957.25440	16	1779
304.446458	6	1877
483.477354	6	1867
307.283639	6	1878
2019.06776	16	1778
375.259876	6	1876
459.255933	6	1873
367.341756	6	1880
267.529487	6	1886
482.310295	6	1875
2119.55928	16	1780
424.523115	6	1879
526.176214	6	1874
377.049684	6	1883
2112.75887	16	1782
429.041147	6	1881
387.904882	6	1885
441.403865	6	1882
2306.66112	16	1774
311.227083	6	1891
330.514430	6	1890
356.975793	6	1889
380.368947	6	1888
442.453622	6	1887
494.698524	6	1884
2097.60308	16	1789
327.705860	6	1893
2371.36340	16	1776
311.311960	6	1896
2221.02189	16	1787
2257.83014	16	1786
385.897397	6	1894
372.929096	6	1895
2477.70857	16	1775
458.739280	6	1892
314.785003	6	1900
2256.93058	16	1788
2472.52678	16	1777
2201.56693	16	1791
391.737699	6	1897
2244.62962	16	1790
2386.40832	16	1783
2442.94333	16	1781
381.892204	6	1899
403.206110	6	1898
2230.21054	16	1793
2412.67561	16	1784
361.318349	6	1902
313.555002	6	1905
356.809377	6	1903
2418.52951	16	1785
409.454345	6	1901
378.837823	6	1904
363.862037	6	1907
341.288566	6	1909
413.747072	6	1906
333.668470	6	1912
326.868057	6	1918
438.729047	6	1913
396.607875	6	1917
383.134365	6	1919
523.907661	6	1911
580.790519	6	1908
551.122903	6	1910
314.322233	6	1926
278.695344	6	1929
439.591884	6	1920
343.319416	6	1927
510.920047	6	1921
271.395444	6	1937
661.895036	6	1914
657.685279	6	1915
414.973258	6	1930
395.080327	6	1932
572.123527	6	1922
625.802993	6	1923
769.546985	6	1916
557.337045	6	1935
669.085502	6	1928
737.817525	6	1924
440.654039	6	1946
492.710113	6	1942
539.426803	6	1940
445.572853	6	1949
796.253681	6	1925
679.168701	6	1934
442.111968	6	1952
644.911050	6	1938
742.449522	6	1931
717.486858	6	1933
496.412992	6	1950
715.902566	6	1939
498.681306	6	1960
722.881317	6	1945
755.490541	6	1943
624.658107	6	1955
916.139841	6	1936
792.094707	6	1944
679.229259	6	1953
682.631969	6	1954
718.404769	6	1957
883.223295	6	1947
457.464933	6	1974
744.890928	6	1956
880.054473	6	1948
978.843927	6	1941
629.684686	6	1966
880.306005	6	1951
736.829042	6	1962
622.627019	6	1970
832.981109	6	1959
671.349287	6	1973
803.081989	6	1967
611.184358	6	1980
958.679437	6	1958
925.712585	6	1961
856.964588	6	1968
920.407295	6	1965
736.518144	6	1977
963.886737	6	1964
1005.98025	6	1963
807.549715	6	1975
919.253349	6	1971
631.623983	6	1990
974.694252	6	1969
701.811552	6	1986
837.756156	6	1982
1010.16759	6	1972
840.814590	6	1985
669.919729	6	1996
840.809822	6	1987
1034.05880	6	1976
1019.40822	6	1978
974.092483	6	1981
948.360443	6	1984
885.905027	6	1988
1009.47356	6	1983
875.627756	6	1993
775.415897	6	2000
1151.21626	6	1979
721.330404	6	2005
991.130113	6	1992
915.174722	6	1997
1034.86919	6	1991
1085.15858	6	1989
1011.59310	6	1994
1006.35766	6	1995
906.826972	6	2001
856.435060	6	2006
999.617576	6	1998
746.734619	6	2017
1009.02557	6	2002
914.971113	6	2010
1037.45579	6	2003
826.706886	6	2016
927.709341	6	2011
882.184982	6	2014
915.896654	6	2013
1020.69807	6	2007
1003.74794	6	2008
970.696210	6	2012
1041.08691	6	2009
1120.41926	6	2004
847.609996	6	2021
982.857942	6	2015
1267.54689	6	1999
945.793628	6	2022
1038.22040	6	2018
831.198692	6	2029
714.118003	6	2037
849.481582	6	2031
948.414325	6	2026
914.029121	6	2028
1105.15069	6	2019
1084.99932	6	2020
781.748771	6	2036
1034.43074	6	2023
1012.40301	6	2024
829.843044	6	2034
861.342430	6	2033
1013.86475	6	2025
995.880842	6	2027
957.954883	6	2030
651.673078	6	2049
831.326961	6	2041
746.445178	6	2047
808.650493	6	2044
900.085210	6	2039
707.978248	6	2051
938.811779	6	2038
686.267852	6	2053
1062.89863	6	2032
917.099952	6	2042
637.526988	6	2059
727.420091	6	2054
576.214075	6	2064
941.658973	6	2045
529.119014	6	2069
872.407674	6	2050
910.189628	6	2048
1067.64292	6	2040
859.307765	6	2052
773.428678	6	2056
1151.63207	6	2035
1020.26939	6	2043
701.313734	6	2062
724.844455	6	2061
686.604261	6	2063
791.563272	6	2057
605.182886	6	2068
658.729076	6	2065
790.223836	6	2058
641.677856	6	2067
1008.70776	6	2046
665.790557	6	2066
853.617668	6	2055
776.162862	6	2060
926.258563	16	2071
1445.15967	16	2076
1517.84133	16	2073
1597.80859	16	2077
1734.96747	16	2074
1631.69598	16	2081
1889.23287	16	2075
1874.93634	16	2080
2134.97447	16	2078
2086.94410	16	2084
2165.13633	16	2082
2070.36209	16	2089
2157.83977	16	2090
2273.28419	16	2086
2166.01300	16	2092
2112.78796	16	2096
2387.71486	16	2083
2145.49064	16	2100
2234.18521	16	2098
2358.75201	16	2093
2495.08881	16	2085
2415.86542	16	2091
2625.52404	16	2079
2507.33685	16	2087
2346.30823	16	2097
2377.46477	16	2095
2395.70069	16	2094
2533.02288	16	2088
2368.41392	16	2099
avg:  807.9551766401981
std:  686.6747840535877
p95:  2533.0180406570435
p99:  3516.4724636077913
com:  46.081236155278724
thg:  2304.061807763936
que:  669.2491598019338
los:  0.8571428571428612
1849 233
**********************
