[33 39 41 33 42 26 35 38 32 35 30 36 40 37 32 35 26 25 29 37 39 39 26 44
 35 38 29 36 26 30 30 31 25 29 33 31 37 34 32 37 29 36 33 31 41 37 24 46
 37 37 29 34 33 28 32 39 31 30 31 39 36 32 25 30 45 25 43 27 27 40 38 32
 38 42 32 40 29 30 33 35 40 33 23 24 31 30 26 37 31 32 35 22 36 23 33 20
 36 30 36 26 47 38 42 28 36 32 39 20 33 27 29 24 36 31 39 33 21 29 39 33
 33 33 24 32 39 29 26 30 40 38 31 35 32 28 33 30 25 36 35 29 49 23 33 34
 35 30 32 31 44 30 31 34 41 31 33 16 34 34 42 38 40 30 28 44 39 32 31 32
 42 34 31 34 38 34 23 40 24 34 33 33 28 38 32 38 30 38 31 29 36 24 34 36
 30 38 36 39 26 29 29 33 30 41 25 39 40 33 26 26 26 39 47 41 28 34 26 31
 20 35 32 25 32 24 27 27 28 26 42 27 35 28 42 28 32 36 38 35 33 36 38 39
 33 44 31 36 40 34 40 29 48 33 34 38 34 30 30 28 32 31 26 38 29 37 26 30
 30 31 25 32 36 44 38 39 28 36 35 41 32 27 36 28 35 36 30 39 33 30 36 28
 25 32 36 34 35 39 29 32 30 29 39 29 32 23 44 40 24 31 31 42 36 30 43 20
 36 27 39 38 27 23 30 30 20 26 35 33 34 42 35 44 26 42 40 25 30 27 38 22
 38 29 27 34 31 33 32 20 35 17 39 28 41 32 39 29 30 33 31 28 31 35 36 39
 34 26 40 35 31 30 30 43 37 25 30 28 32 30 37 34 42 32 36 30 30 28 40 27
 47 31 49 30 40 24 46 22 36 45 36 33 36 35 35 32 33 24 35 38 48 37 38 37
 38 34 30 28 33 20 43 23 27 27 39 35 29 36 40 27 42 37 31 32 32 33 32 40
 34 39 31 23 27 39 27 29 25 30 50 46 37 31 30 28 32 39 32 30 30 32 23 38
 26 30 39 24 40 34 39 25 36 34 29 32 31 36 30 33 34 32 40 32 36 27 28 36
 34 42 34 41 33 28 30 42 38 29 38 34 28 36 32 31 38 44 40 29 31 35 26 33
 40 40 34 32 32 35 35 24 28 30 27 39 34 22 42 28 34 35 33 24 26 34 36 41
 29 32 26 39 32 35 33 23 31 37 46 38 28 35 35 24 30 25 31 33 21 33 30 26
 36 35 40 42 31 40 26 39 39 29 38 37 39 31 30 28 34 42 28 35 33 32 34 34
 38 29 35 38 29 27 28 40 34 34 30 44 39 39 35 37 36 25 33 39 29 35 17 29
 35 40 32 42 41 45 29 21 27 29 34 27 23 26 35 30 34 24 22 38 22 32 35 31
 40 32 45 35 30 47 37 31 31 28 41 33 31 44 45 46 34 33 28 40 25 40 31 37
 31 42 37 35 39 29 33 41 24 31 32 21 40 29 31 37 29 32 32 29 34 36 26 31
 33 35 36 32 27 37 33 36 35 35 37 35 30 36 37 31 41 25 30 31 24 37 37 31
 30 35 37 26 51 36 34 44 35 16 34 34 24 32 34 28 25 31 28 41 40 31 29 29
 35 34 33 31 21 47 27 41 27 27 38 28 29 30 38 36 39 27 24 28 24 33 34 39
 36 44 23 35 37 28 38 35 32 41 33 37 26 36 35 34 32 35 28 23 38 34 42 22
 41 44 25 39 30 33 41 24 43 24 35 26 35 34 38 38 39 29 43 23 27 37 28 44
 30 28 40 23 37 32 32 29 25 26 36 31 37 30 26 32 25 29 32 32 41 36 31 28
 36 27 35 22 36 33 35 25 36 28 31 44 29 39 23 38 43 40 47 30 31 27 40 38
 40 29 30 37 32 34 39 30 23 35 32 44 23 19 39 39 29 38 26 32 30 31 31 36
 29 34 29 34 30 39 39 26 19 35 36 44 26 31 36 41 27 37 35 27 37 23 28 36
 33 32 28 24 33 33 27 43 34 25 35 20]
92.9789543	6	1
85.9408378	6	2
138.947725	6	3
161.019325	6	4
185.382843	6	5
57.0716857	6	9
192.143440	6	6
182.783842	6	7
90.2154445	6	11
199.937105	6	8
143.546342	6	10
133.353471	6	12
175.784587	6	13
178.008317	6	14
162.073373	6	16
238.576650	6	15
157.510519	6	18
206.312417	6	17
195.623636	6	19
191.674947	6	20
152.870655	6	22
193.474292	6	21
109.484910	6	24
178.388833	6	23
110.260963	6	25
105.650901	6	26
162.116765	6	27
188.154935	6	28
176.114082	6	29
156.774759	6	30
157.624959	6	31
136.308431	6	32
165.416240	6	33
143.752336	6	35
160.566091	6	36
135.643720	6	37
103.991031	6	38
252.708196	6	34
105.979442	6	39
91.6247367	6	40
104.741811	6	41
103.372335	6	42
67.3754215	6	43
112.275362	6	44
88.7100696	6	45
69.7882175	6	46
98.1624126	6	48
146.557807	6	47
71.7322826	6	50
135.551929	6	49
78.0422687	6	51
114.696979	6	52
71.2015628	6	53
95.9279537	6	54
95.9215164	6	57
181.470155	6	55
99.9102592	6	58
110.224962	6	59
234.812259	6	56
136.834621	6	60
136.982202	6	61
111.911535	6	62
106.910705	6	63
111.877202	6	64
102.296352	6	65
95.5498218	6	67
171.811580	6	66
139.717102	6	69
123.770236	6	70
124.989986	6	71
247.312068	6	68
152.557849	6	72
170.123100	6	73
118.595361	6	75
181.380748	6	74
117.662191	6	76
97.1066951	6	77
86.9569778	6	78
122.905731	6	79
124.308586	6	80
142.114639	6	81
163.789987	6	83
203.170537	6	82
149.892568	6	84
148.015499	6	85
136.655569	6	87
236.309051	6	86
175.270318	6	88
103.180408	6	91
79.4410705	6	92
67.7292346	6	93
234.444618	6	89
234.340667	6	90
165.004253	6	94
98.4208583	6	96
156.711339	6	95
101.891279	6	97
106.158971	6	98
101.394891	6	99
68.0775642	6	101
135.613679	6	100
113.382339	6	102
68.5212612	6	104
145.361661	6	103
116.116285	6	105
96.0781574	6	107
135.496616	6	106
88.5846614	6	109
236.029148	6	108
129.378318	6	111
194.201946	6	110
116.592407	6	112
115.312337	6	113
109.948158	6	114
49.6647357	6	117
135.633707	6	115
125.661849	6	116
72.9823112	6	118
133.612394	6	120
172.947168	6	119
113.583803	6	122
170.708894	6	121
114.966869	6	123
102.061748	6	124
82.6530456	6	125
84.0334892	6	126
98.8149642	6	128
85.8545303	6	129
169.319391	6	127
102.013826	6	130
127.292156	6	132
246.598243	6	131
196.206808	6	133
179.860115	6	134
137.437582	6	136
107.473134	6	137
121.219396	6	138
232.202053	6	135
118.252277	6	139
115.223169	6	140
113.235712	6	143
94.8228836	6	144
228.568553	6	141
96.6920852	6	145
236.562013	6	142
118.694305	6	146
117.910385	6	147
203.979730	6	148
150.767326	6	150
209.581136	6	149
172.153234	6	151
136.439323	6	153
186.560630	6	152
197.110652	6	154
109.806776	6	157
84.8190784	6	158
201.946496	6	155
122.357606	6	159
250.593662	6	156
124.580144	6	162
195.595741	6	161
257.112741	6	160
118.841409	6	165
223.317861	6	163
157.892465	6	166
267.037868	6	164
196.502208	6	167
126.305103	6	170
205.340385	6	168
197.866916	6	169
144.247531	6	171
158.007621	6	172
82.3268890	6	175
160.886764	6	173
136.769294	6	174
84.2609405	6	176
57.4417114	6	177
42.8795814	6	179
83.9583873	6	178
142.092227	6	180
133.019685	6	181
118.390083	6	182
60.8398914	6	185
134.738206	6	183
142.426252	6	184
133.357763	6	186
75.4530429	6	188
137.448310	6	187
124.879598	6	189
96.9259738	6	192
228.560209	6	190
136.399269	6	193
241.411685	6	191
93.8961505	6	196
204.214334	6	194
207.747459	6	195
127.134084	6	200
255.776166	6	197
199.132204	6	199
257.907629	6	198
169.701576	6	201
103.016614	6	204
170.899868	6	202
85.2241516	6	205
171.357870	6	203
149.884939	6	206
129.988908	6	207
116.018772	6	212
282.861471	6	208
188.611268	6	211
280.480623	6	209
124.737024	6	214
288.161039	6	210
135.223388	6	215
212.382078	6	213
128.635168	6	216
82.4570655	6	218
82.2744369	6	219
120.848417	6	221
272.293567	6	217
183.875322	6	220
131.734371	6	222
129.629373	6	223
115.394353	6	224
109.225273	6	226
144.351959	6	225
103.168249	6	229
185.470104	6	227
100.655555	6	230
172.269582	6	228
103.939056	6	231
101.845502	6	232
102.282762	6	233
132.994651	6	234
101.265668	6	235
109.853506	6	236
126.825332	6	237
132.020235	6	238
162.812948	6	239
130.949020	6	240
95.5293178	6	242
163.039922	6	241
145.438194	6	244
207.771539	6	243
162.722349	6	245
148.432254	6	248
230.812788	6	246
222.893238	6	247
186.008214	6	249
173.047065	6	250
161.376953	6	251
109.443187	6	253
165.366172	6	252
131.556987	6	254
134.853124	6	256
170.869350	6	255
115.930795	6	257
161.365270	6	258
112.471342	6	260
163.949012	6	259
130.194902	6	261
130.224943	6	262
136.027812	6	263
142.796516	6	264
118.459701	6	265
201.802015	6	266
137.467384	6	268
132.939577	6	269
218.199729	6	267
95.5963134	6	271
171.569108	6	270
118.562698	6	272
68.0816173	6	274
94.2018032	6	277
141.369581	6	276
176.006555	6	275
267.285346	6	273
105.451345	6	278
110.789537	6	279
104.832172	6	280
142.995595	6	281
159.249305	6	283
126.715898	6	284
213.349103	6	282
142.100095	6	285
126.520395	6	286
137.073755	6	287
115.278720	6	288
99.0462303	6	290
98.6764430	6	291
228.075265	6	289
72.4155902	6	294
153.617382	6	292
73.7273693	6	295
171.932697	6	293
87.6393318	6	297
159.970760	6	296
184.276342	6	298
145.918607	6	300
115.837574	6	301
232.296228	6	299
176.316738	6	302
237.465620	6	303
148.811340	6	306
247.744083	6	304
224.854469	6	305
101.866245	6	309
195.299148	6	307
120.418787	6	310
225.646257	6	308
167.304039	6	311
102.474689	6	313
151.021957	6	312
127.864122	6	314
136.686563	6	317
243.689775	6	315
106.373310	6	319
148.239374	6	318
240.597724	6	316
135.314464	6	320
115.156173	6	321
120.058774	6	322
159.511089	6	323
166.960716	6	324
223.492383	6	325
206.712007	6	326
202.963352	6	327
163.222789	6	329
226.628303	6	328
165.201663	6	330
136.753082	6	331
129.487991	6	333
179.911851	6	332
89.5915031	6	336
221.866846	6	335
266.977787	6	334
130.418539	6	339
130.291938	6	340
114.120244	6	341
217.372655	6	338
110.139846	6	342
318.401575	6	337
161.933898	6	343
152.052879	6	344
122.289419	6	345
116.044044	6	346
137.230634	6	347
100.793838	6	349
137.783527	6	348
101.543664	6	350
122.411489	6	351
159.862995	6	352
188.838243	6	353
197.133541	6	354
167.603731	6	355
174.511671	6	356
214.708089	6	357
188.593864	6	358
160.861492	6	360
225.136041	6	359
161.609649	6	361
171.782732	6	362
124.965667	6	364
169.749736	6	363
172.338724	6	365
207.345724	6	366
100.801944	6	369
169.000625	6	367
82.7558040	6	370
174.074411	6	368
108.655452	6	371
116.971731	6	372
116.439580	6	373
104.761838	6	374
103.005409	6	375
194.636344	6	376
189.932584	6	377
132.016897	6	379
192.229270	6	378
250.082254	6	380
101.392507	6	385
211.771488	6	382
254.173040	6	381
168.661594	6	384
214.251279	6	383
154.210567	6	387
190.320253	6	386
87.8489017	6	389
95.2620506	6	390
101.941347	6	391
225.737094	6	388
144.886732	6	392
132.208347	6	393
111.652612	6	394
55.5214881	6	396
67.7995681	6	397
136.070013	6	395
93.6329364	6	398
78.9489746	6	399
101.452112	6	400
102.281093	6	401
118.813753	6	402
100.206613	6	403
149.798154	6	404
122.418880	6	405
114.722728	6	406
164.499759	6	407
161.504745	6	408
141.425371	6	409
113.249778	6	411
99.9541282	6	412
196.869611	6	410
194.741964	6	413
141.518354	6	415
191.952228	6	414
161.977529	6	416
159.276962	6	417
136.002779	6	418
163.325309	6	419
129.578113	6	420
117.175340	6	421
115.526199	6	422
102.396726	6	423
118.177175	6	424
118.283748	6	425
73.9097595	6	427
135.586261	6	426
101.299047	6	428
126.101970	6	429
113.282442	6	430
106.690645	6	431
117.757320	6	432
117.077350	6	433
67.5842761	6	437
123.211145	6	436
225.594520	6	434
231.155157	6	435
139.568090	6	438
95.3476428	6	440
93.2643413	6	442
231.728792	6	439
89.7681713	6	444
91.9966697	6	445
166.625738	6	443
94.4614410	6	446
274.996519	6	441
114.735364	6	447
198.084115	6	449
206.810712	6	450
219.151258	6	451
334.358692	6	448
200.774908	6	452
178.143262	6	453
209.879159	6	454
108.603000	6	457
151.609897	6	456
187.602758	6	455
104.056835	6	458
137.223720	6	459
114.436149	6	460
104.626178	6	461
72.8983879	6	463
125.926733	6	462
101.166486	6	464
104.308843	6	465
137.625217	6	466
118.126392	6	467
141.783714	6	468
123.544931	6	469
101.520776	6	470
95.7858562	6	472
135.777950	6	471
73.3716487	6	475
151.790380	6	473
74.0447044	6	476
86.5268707	6	477
99.8821258	6	478
244.700670	6	474
101.040840	6	479
78.9031982	6	480
120.801210	6	481
101.356029	6	482
104.615926	6	483
101.407766	6	484
101.197481	6	485
80.6443691	6	486
94.0456390	6	488
145.457029	6	487
186.939239	6	489
205.714464	6	490
185.622692	6	491
124.856233	6	493
203.306436	6	492
132.423162	6	494
103.638648	6	495
102.303743	6	496
100.926637	6	497
106.442689	6	498
72.1681118	6	501
52.9935359	6	502
206.985712	6	499
155.392646	6	500
129.482984	6	504
170.861482	6	503
135.978698	6	505
140.275239	6	506
119.667768	6	507
117.252826	6	508
112.881660	6	511
182.189941	6	509
178.184986	6	510
197.583913	6	512
84.2299461	6	516
167.883157	6	514
203.262567	6	513
157.604932	6	515
90.2926921	6	517
69.0016746	6	519
132.714509	6	518
106.958627	6	520
174.095869	6	521
152.062654	6	522
169.172286	6	523
175.582647	6	524
106.328964	6	526
153.904676	6	525
127.732515	6	527
122.975587	6	528
172.431707	6	529
255.420207	6	530
124.053239	6	534
267.103195	6	531
237.486362	6	532
109.928369	6	536
242.669105	6	533
107.434034	6	537
202.879667	6	535
110.931873	6	538
117.944002	6	540
181.292057	6	539
113.805294	6	541
150.787830	6	542
140.053272	6	543
87.0871543	6	546
206.521511	6	544
113.334655	6	547
195.237159	6	545
132.192850	6	548
149.680852	6	549
143.553018	6	550
120.198488	6	551
101.485967	6	552
151.865720	6	553
90.6713008	6	556
163.910865	6	554
170.509338	6	555
169.933795	6	557
165.286540	6	558
119.509696	6	562
156.492948	6	561
86.5178108	6	564
121.895790	6	563
286.742925	6	559
285.634279	6	560
116.139888	6	566
106.991767	6	567
239.088058	6	565
109.137058	6	569
77.3520469	6	570
73.0211734	6	572
135.538816	6	571
264.306306	6	568
97.6200103	6	573
102.894067	6	574
122.078180	6	575
115.203380	6	576
127.963304	6	577
90.3463363	6	579
145.771980	6	578
80.5709362	6	582
63.1525516	6	583
192.680120	6	580
168.213605	6	581
101.225376	6	584
67.4407482	6	586
124.360322	6	585
109.111309	6	587
119.807481	6	589
166.118860	6	588
132.067203	6	590
112.416982	6	592
165.730714	6	591
158.380746	6	594
196.451187	6	593
212.390184	6	595
217.995166	6	596
224.866628	6	597
217.550754	6	598
211.875915	6	599
182.501792	6	600
161.203622	6	601
157.932996	6	602
181.421518	6	603
156.691312	6	604
215.757131	6	605
187.080144	6	606
148.366689	6	608
129.627943	6	609
205.752372	6	607
134.071588	6	610
116.769313	6	611
142.966032	6	612
143.569707	6	613
133.259057	6	615
196.634054	6	614
123.504638	6	617
118.916988	6	618
207.630157	6	616
128.038406	6	619
131.277561	6	620
105.849981	6	622
104.175090	6	623
91.0604000	6	624
216.738700	6	621
198.126316	6	625
183.892250	6	626
122.410774	6	628
167.349100	6	627
138.758897	6	629
94.3284034	6	632
142.448902	6	631
203.605890	6	630
134.560585	6	633
120.995521	6	634
118.026494	6	635
176.536321	6	636
171.995401	6	637
111.302614	6	641
260.658740	6	638
133.822202	6	642
247.720956	6	639
235.267400	6	640
188.092947	6	643
146.248102	6	646
114.815235	6	647
213.663578	6	645
250.730037	6	644
118.714094	6	648
129.427433	6	651
65.1483535	6	653
213.940858	6	649
202.729463	6	650
139.361143	6	652
77.3713588	6	654
70.0733661	6	655
80.0261497	6	656
90.5382633	6	657
110.744714	6	658
157.941579	6	659
163.580656	6	660
153.687953	6	661
129.590034	6	662
127.998590	6	664
135.367870	6	665
228.087902	6	663
129.763603	6	666
117.728710	6	667
109.238862	6	669
195.193767	6	668
127.030134	6	670
136.853218	6	671
78.8459777	6	673
136.370658	6	672
165.397882	6	674
105.212450	6	677
86.6379737	6	678
108.839750	6	679
273.618221	6	675
65.6380653	6	681
269.550561	6	676
189.645528	6	680
157.259702	6	683
129.709243	6	684
198.853254	6	682
117.635488	6	688
199.360847	6	686
168.514728	6	687
294.399976	6	685
170.862436	6	689
221.478223	6	690
194.728851	6	692
253.091335	6	691
166.467189	6	695
242.539644	6	693
227.228164	6	694
179.912328	6	696
188.601255	6	697
164.204835	6	698
167.858362	6	699
129.852294	6	703
260.344743	6	701
229.890584	6	702
141.911506	6	705
196.100234	6	704
135.141611	6	706
121.989011	6	708
399.578809	6	700
78.9163112	6	710
134.680032	6	709
238.448143	6	707
114.549160	6	713
121.778964	6	714
250.263214	6	711
245.994806	6	712
131.879568	6	716
181.745529	6	715
130.094528	6	717
111.390113	6	718
85.4928493	6	720
141.762256	6	719
124.124765	6	721
113.908290	6	722
116.962671	6	723
98.0446338	6	725
193.139076	6	724
103.664636	6	730
217.265605	6	727
255.003213	6	726
157.459735	6	729
155.014276	6	731
280.648231	6	728
164.169073	6	733
128.722429	6	735
178.181886	6	734
265.953779	6	732
140.565872	6	736
117.574930	6	737
101.572275	6	738
154.646158	6	739
129.442691	6	740
143.881082	6	741
76.7517089	6	743
63.5535717	6	744
73.7802982	6	745
175.106287	6	742
120.054721	6	746
119.589090	6	747
103.784561	6	748
101.273298	6	749
87.9926681	6	750
121.727228	6	751
101.585388	6	753
187.639951	6	752
103.966951	6	754
122.899055	6	755
127.588748	6	756
134.595394	6	757
150.333166	6	759
186.085700	6	758
142.549037	6	761
183.143615	6	760
145.007848	6	762
134.989261	6	764
229.212999	6	763
189.767122	6	765
185.924530	6	766
153.953313	6	768
203.919649	6	767
98.7024307	6	772
94.2044258	6	773
232.737541	6	769
220.683813	6	770
229.865550	6	771
142.634630	6	775
137.635231	6	776
226.230144	6	774
155.545473	6	777
139.477968	6	779
105.014801	6	780
76.9610404	6	782
253.059864	6	778
145.528316	6	781
154.847860	6	783
138.332128	6	784
125.751972	6	785
179.663896	6	786
125.321388	6	788
183.254718	6	787
125.353574	6	789
145.092010	6	790
107.055187	6	792
141.302585	6	791
91.2239551	6	793
105.027675	6	794
89.4663333	6	796
126.835346	6	795
101.551532	6	797
110.932111	6	798
115.418910	6	799
68.5977935	6	801
138.981580	6	802
236.897706	6	800
137.647867	6	803
133.460760	6	804
150.364398	6	805
136.904001	6	806
97.2857475	6	808
64.0263557	6	809
157.374620	6	807
97.8140830	6	810
72.6778507	6	812
94.4175720	6	813
110.952138	6	814
222.957849	6	811
76.5078067	6	817
127.372741	6	816
67.6627159	6	818
204.660415	6	815
100.888252	6	819
105.731964	6	820
147.371053	6	821
76.4784812	6	824
201.172351	6	822
105.165243	6	825
209.330320	6	823
87.9442691	6	827
150.659084	6	826
129.638195	6	828
104.910612	6	829
111.477375	6	831
173.926591	6	830
161.587238	6	832
96.9686508	6	834
143.060445	6	833
101.285696	6	835
68.4649944	6	838
152.130126	6	836
148.451328	6	837
161.910772	6	840
153.894186	6	841
247.838973	6	839
66.2143230	6	845
96.6043472	6	846
280.199050	6	842
266.881704	6	843
103.785753	6	848
252.887964	6	844
151.689529	6	847
105.340719	6	850
51.5592098	6	852
118.790626	6	851
71.9318389	6	853
220.821619	6	849
71.8326568	6	854
77.5835514	6	856
151.835203	6	855
101.033210	6	857
91.9191837	6	858
95.5383777	6	859
144.470930	6	860
116.810560	6	861
153.365135	6	862
122.832536	6	863
132.146120	6	864
101.626157	6	865
101.206064	6	866
109.997987	6	867
118.227243	6	868
68.0561065	6	870
75.2966403	6	871
174.543619	6	869
167.732238	6	873
126.477718	6	874
139.871120	6	875
261.374711	6	872
168.270826	6	877
207.451581	6	876
141.889572	6	879
61.5453720	6	882
153.494596	6	880
124.086380	6	883
297.527074	6	878
97.4025726	6	884
219.806909	6	881
191.643476	6	885
181.885480	6	886
169.665336	6	887
149.380207	6	889
175.767421	6	890
159.531354	6	891
103.507995	6	893
294.061183	6	888
135.521411	6	894
211.363792	6	892
114.732742	6	895
106.386661	6	896
141.397714	6	897
189.730167	6	898
156.041622	6	899
132.886886	6	900
avg:  146.715939839681
std:  51.75190526075606
p95:  246.63393497467038
p99:  282.8891992568969
com:  28.53708874542539
thg:  1426.8544372712695
FCT:  31.53790521621704
que:  103.83635838826497
los:  0.0
900 0
**********************
