[14 24 11 ... 18 22 12]
98.3002185	6	1
89.3549919	6	2
149.282217	6	3
62.0899200	6	9
164.733171	6	4
178.211212	6	5
102.380514	6	11
204.772949	6	6
196.724176	6	7
159.415245	6	10
155.899524	6	12
226.448774	6	8
205.646276	6	13
216.279745	6	14
184.253931	6	16
183.720111	6	18
233.735799	6	17
277.797222	6	15
212.090730	6	19
174.525976	6	22
161.056280	6	24
135.898351	6	26
240.725278	6	21
281.749486	6	20
241.175889	6	23
214.681625	6	25
225.978851	6	27
230.449438	6	29
214.320421	6	31
242.283582	6	30
284.292936	6	28
200.037717	6	33
186.511993	6	35
159.936666	6	37
128.343582	6	40
147.948980	6	39
284.926414	6	32
94.0458774	6	43
147.069931	6	41
201.111793	6	38
83.3444595	6	46
181.054830	6	42
147.691488	6	44
286.108255	6	36
142.111539	6	45
84.3775272	6	50
123.243331	6	48
370.609521	6	34
86.3497257	6	51
82.3254585	6	53
195.145845	6	47
164.521217	6	49
129.399538	6	52
117.005825	6	54
106.747865	6	57
102.213621	6	58
120.794773	6	59
206.738233	6	55
146.567821	6	60
125.483989	6	62
152.796030	6	61
120.971202	6	63
261.224031	6	56
105.764389	6	65
137.052059	6	64
109.258651	6	67
153.720140	6	69
137.647628	6	70
207.608222	6	66
138.669967	6	71
168.708324	6	72
134.070634	6	75
110.423088	6	77
95.7362651	6	78
134.023904	6	76
278.020381	6	68
194.512844	6	73
213.027000	6	74
152.297735	6	79
154.197216	6	80
177.870273	6	81
166.174173	6	84
208.201408	6	82
166.069507	6	85
206.253051	6	83
151.609897	6	87
116.096973	6	91
84.9096775	6	93
108.335256	6	92
196.317434	6	88
270.543098	6	86
111.578702	6	96
112.732410	6	97
269.918680	6	89
179.545402	6	95
128.498315	6	98
202.130317	6	94
273.567199	6	90
119.930505	6	99
92.0898914	6	101
121.345281	6	100
63.7404918	6	104
109.303474	6	102
158.257484	6	103
93.1403636	6	107
133.301496	6	105
125.331401	6	106
101.828336	6	109
115.164756	6	112
139.603614	6	111
121.997594	6	113
58.1839084	6	117
127.645015	6	114
220.631361	6	110
84.1822624	6	118
134.780883	6	116
152.593851	6	115
279.738187	6	108
151.297092	6	120
123.365640	6	122
99.2910861	6	124
121.273040	6	123
88.3898735	6	125
208.683490	6	119
88.7229442	6	126
187.774181	6	121
93.0945873	6	129
118.336439	6	128
96.3261127	6	130
195.148468	6	127
141.866207	6	132
116.400241	6	137
142.674922	6	136
215.954542	6	133
201.465368	6	134
143.938064	6	138
132.692337	6	139
278.202295	6	131
134.387016	6	140
260.350942	6	135
137.000560	6	143
122.510194	6	144
111.773967	6	145
136.810541	6	146
135.280370	6	147
292.597532	6	141
298.119306	6	142
167.669057	6	150
241.893053	6	148
195.128917	6	151
241.471052	6	149
206.862688	6	152
113.201379	6	158
138.615369	6	157
207.829236	6	153
231.378316	6	155
168.863773	6	159
291.826725	6	154
136.788606	6	165
199.965953	6	162
275.120496	6	161
204.204797	6	166
397.819280	6	156
360.401153	6	160
103.669404	6	177
349.922657	6	163
84.8989486	6	179
242.703914	6	170
302.899837	6	167
275.720357	6	169
187.402486	6	175
231.461524	6	173
148.556232	6	178
190.177917	6	176
245.069742	6	174
294.159412	6	172
433.617115	6	164
314.351320	6	171
374.173164	6	168
192.319393	6	181
123.615980	6	185
187.194824	6	182
183.130264	6	183
238.351345	6	180
109.170675	6	188
144.331932	6	187
174.388885	6	186
102.079629	6	192
245.339632	6	184
158.060550	6	189
150.879621	6	193
101.525068	6	196
268.975734	6	190
225.273132	6	194
227.679729	6	195
142.532110	6	200
219.483137	6	199
368.091583	6	191
201.963663	6	201
155.523300	6	204
192.800283	6	202
161.559343	6	205
290.280580	6	198
242.661476	6	203
374.921083	6	197
134.949207	6	212
244.371175	6	206
253.926038	6	207
115.463972	6	218
187.882661	6	214
185.553789	6	215
256.001472	6	211
119.529247	6	219
195.974349	6	216
185.648679	6	221
156.678676	6	223
147.799253	6	224
427.257776	6	209
463.511228	6	208
175.548553	6	225
244.401454	6	222
422.667741	6	213
204.944133	6	226
110.056161	6	232
176.214933	6	231
155.361413	6	233
239.069223	6	229
127.624273	6	236
284.601449	6	227
279.121160	6	228
254.125833	6	230
438.823699	6	220
188.362598	6	235
220.357894	6	234
155.141592	6	238
680.929660	6	210
128.959655	6	242
231.092214	6	239
629.893064	6	217
223.513126	6	241
191.524505	6	244
208.648920	6	245
248.418331	6	243
321.255922	6	240
186.278104	6	248
400.682210	6	237
306.126117	6	247
248.813867	6	251
283.359527	6	249
237.932443	6	252
181.228399	6	256
218.138217	6	254
238.600254	6	253
414.221286	6	246
358.059644	6	250
238.864660	6	257
183.484792	6	261
302.288532	6	255
230.180025	6	260
231.353759	6	262
195.944070	6	265
322.352647	6	258
314.201116	6	259
247.454643	6	264
134.436130	6	271
206.140518	6	268
223.812818	6	269
336.166143	6	263
220.319032	6	270
163.104057	6	274
146.159887	6	277
249.538660	6	272
138.731479	6	279
211.223125	6	275
241.540908	6	276
423.588275	6	266
180.924177	6	280
216.428279	6	278
448.765039	6	267
180.035114	6	284
233.660936	6	281
109.076023	6	290
243.298530	6	283
163.267850	6	288
277.842760	6	282
130.017518	6	291
234.232664	6	285
113.228797	6	294
254.810571	6	286
248.703241	6	287
117.593526	6	295
503.058195	6	273
137.582063	6	297
225.902795	6	292
321.425199	6	289
204.764842	6	296
270.851135	6	293
132.845878	6	301
192.097902	6	300
237.936735	6	298
200.232267	6	302
106.093645	6	309
295.776367	6	299
230.085849	6	307
248.096227	6	306
277.699708	6	305
215.897321	6	310
199.274778	6	311
173.217535	6	313
354.373455	6	304
169.556140	6	319
209.660530	6	317
456.426858	6	303
269.838094	6	314
392.909765	6	308
179.753303	6	321
352.347612	6	312
259.581089	6	318
310.302257	6	320
291.521549	6	322
463.570594	6	315
391.085624	6	323
399.449825	6	324
314.265012	6	329
550.691127	6	316
323.175907	6	331
389.147043	6	328
413.404941	6	327
258.802175	6	336
466.025352	6	326
206.268072	6	341
485.129117	6	325
371.206045	6	333
423.870563	6	330
270.538568	6	339
258.753299	6	342
294.796466	6	340
467.542171	6	332
216.589450	6	349
243.744134	6	350
345.172882	6	345
368.699789	6	344
338.715553	6	346
397.866249	6	343
370.105743	6	347
584.022045	6	338
410.569429	6	351
735.506057	6	334
718.677997	6	335
459.708213	6	352
376.808404	6	360
448.334455	6	356
614.495515	6	348
556.087732	6	353
369.834661	6	364
545.690536	6	354
282.886505	6	370
584.870338	6	355
907.558679	6	337
539.329767	6	358
475.387096	6	362
494.241952	6	361
380.092144	6	369
371.949434	6	371
519.564867	6	363
387.180328	6	372
377.330541	6	375
395.289659	6	374
578.832387	6	365
450.400829	6	373
715.973854	6	359
570.140361	6	368
770.528554	6	357
316.853284	6	385
483.466625	6	379
327.156543	6	389
228.674411	6	396
335.756540	6	390
585.312366	6	376
754.633665	6	367
775.667428	6	366
243.976593	6	397
582.180023	6	378
352.558851	6	394
410.267114	6	391
562.914371	6	384
611.162424	6	383
299.419403	6	401
335.393428	6	399
409.520387	6	395
732.736825	6	377
391.539096	6	398
587.822437	6	387
493.757486	6	393
562.255620	6	392
679.997205	6	386
332.638978	6	406
794.820070	6	382
481.019735	6	400
412.318706	6	404
460.614204	6	403
299.506664	6	412
494.982242	6	402
873.070478	6	381
371.969223	6	411
482.448101	6	405
995.011568	6	380
479.444026	6	409
868.597745	6	388
341.224908	6	418
404.944896	6	415
576.494455	6	407
347.599506	6	423
331.309556	6	424
442.254543	6	419
312.956094	6	427
519.227743	6	417
687.975883	6	408
384.072065	6	426
562.728881	6	416
475.429773	6	421
678.067445	6	410
359.217405	6	428
199.011564	6	437
419.000864	6	425
329.899311	6	430
313.677310	6	431
512.282371	6	420
640.084981	6	413
504.623413	6	422
651.891469	6	414
363.721132	6	432
424.058198	6	429
402.677297	6	433
280.537128	6	442
318.881750	6	440
261.740684	6	444
251.716613	6	445
418.654203	6	436
261.991024	6	446
435.583829	6	438
327.959775	6	447
410.900115	6	443
253.514289	6	458
332.232952	6	457
405.709028	6	453
364.686489	6	456
248.578071	6	463
511.818408	6	450
713.083744	6	439
350.767374	6	461
518.446207	6	452
826.909303	6	435
407.892942	6	459
352.148771	6	464
894.212961	6	434
592.996835	6	451
400.819063	6	462
191.821575	6	476
407.268762	6	465
192.679405	6	477
583.233833	6	455
320.360422	6	470
692.125082	6	449
181.600332	6	479
519.100189	6	460
313.604831	6	472
423.310279	6	466
264.766693	6	475
879.558086	6	441
195.673227	6	480
408.792257	6	469
191.660881	6	482
275.576114	6	478
476.168632	6	467
722.297191	6	454
197.743177	6	484
184.995412	6	486
518.182992	6	468
212.369203	6	485
261.359930	6	483
301.437139	6	481
488.152742	6	471
478.291273	6	473
115.270137	6	497
165.915012	6	495
308.961153	6	488
1023.39029	6	448
92.9262638	6	501
205.292463	6	496
258.886337	6	493
114.941835	6	502
183.804750	6	498
376.005411	6	487
352.972269	6	490
323.591947	6	492
316.213846	6	494
694.048404	6	474
180.251359	6	507
202.217817	6	506
232.244014	6	505
327.171325	6	500
522.784948	6	489
274.832248	6	504
302.876234	6	503
225.327968	6	508
537.486791	6	491
98.6733436	6	517
438.826560	6	499
278.102159	6	511
209.686517	6	516
239.585399	6	515
296.549797	6	512
176.628112	6	519
207.662820	6	518
362.614870	6	510
314.110517	6	514
338.498115	6	513
220.738172	6	520
443.403959	6	509
229.678153	6	523
185.172080	6	526
179.185867	6	528
305.679798	6	522
224.263668	6	527
282.351016	6	524
376.123428	6	521
187.537670	6	534
172.114610	6	537
405.343532	6	525
243.804216	6	536
353.528976	6	530
218.269109	6	538
272.588014	6	535
231.864929	6	540
437.618017	6	529
178.891658	6	546
425.696611	6	532
284.607648	6	541
263.570785	6	543
364.464759	6	539
332.086563	6	542
247.125864	6	547
254.953145	6	548
586.424112	6	531
222.701549	6	552
160.468339	6	556
616.292238	6	533
343.312740	6	549
344.311952	6	550
332.390308	6	551
382.006645	6	553
370.590209	6	554
531.111001	6	545
555.694818	6	544
226.867914	6	563
249.764442	6	562
365.885496	6	557
304.145097	6	561
213.416576	6	567
232.449293	6	566
271.025180	6	564
135.246515	6	572
462.575197	6	555
203.564167	6	570
467.312574	6	558
276.695013	6	569
207.730293	6	574
178.287506	6	576
276.690959	6	571
247.375488	6	573
107.744932	6	583
76.0414600	6	586
274.704456	6	575
240.903854	6	577
127.801418	6	584
165.923118	6	582
277.853965	6	579
300.785303	6	578
489.850044	6	568
655.150890	6	559
169.318675	6	587
277.717590	6	581
146.333217	6	589
601.514339	6	565
298.817396	6	585
223.279953	6	590
765.727996	6	560
219.811916	6	592
239.737033	6	591
341.931819	6	588
274.484634	6	593
292.987585	6	594
300.763130	6	595
604.893207	6	580
332.975149	6	597
406.172275	6	598
352.657079	6	601
369.344234	6	602
356.892108	6	604
502.326965	6	596
272.449731	6	610
298.192739	6	609
490.628480	6	599
510.118961	6	600
343.262672	6	611
341.390609	6	612
515.951395	6	603
490.076065	6	606
462.753057	6	608
365.884542	6	615
219.207286	6	624
416.807174	6	613
337.007284	6	618
268.151044	6	623
436.316251	6	614
358.623266	6	620
412.966966	6	617
633.925676	6	605
440.460205	6	619
391.201972	6	622
655.344486	6	607
301.372766	6	628
250.384569	6	632
315.176963	6	634
331.381320	6	635
669.118404	6	616
468.443632	6	629
460.553407	6	631
444.106101	6	633
600.925445	6	626
695.422172	6	621
603.831529	6	627
449.356794	6	636
568.645238	6	630
423.234701	6	641
217.730283	6	653
343.378782	6	647
443.950653	6	642
209.249734	6	656
251.923084	6	654
759.854793	6	625
379.326820	6	648
268.544197	6	655
485.878705	6	643
458.495616	6	646
385.221004	6	652
418.830156	6	651
672.828674	6	637
326.247692	6	657
679.737091	6	639
363.729238	6	658
627.158641	6	645
589.919567	6	650
802.971601	6	638
390.271663	6	662
341.018915	6	667
248.520135	6	673
725.301265	6	649
814.129114	6	644
471.236467	6	664
414.894342	6	669
932.874202	6	640
599.680662	6	659
571.546792	6	661
225.321531	6	681
497.843027	6	666
427.276372	6	670
288.078784	6	678
308.734416	6	677
618.642091	6	660
537.535667	6	665
442.069530	6	672
495.611906	6	671
516.745090	6	674
714.770555	6	663
377.816200	6	684
480.923414	6	679
707.606554	6	668
381.376981	6	688
400.072574	6	689
568.160772	6	683
638.731956	6	680
625.651121	6	682
573.081731	6	687
322.105407	6	710
451.445102	6	703
686.617612	6	690
765.305995	6	686
698.034286	6	695
714.433431	6	696
831.692457	6	692
613.533258	6	705
1128.63254	6	676
560.610294	6	708
1147.66716	6	675
725.135803	6	699
742.305755	6	698
608.401775	6	706
895.517349	6	694
952.776670	6	691
560.016393	6	714
588.165283	6	713
464.795827	6	720
883.805036	6	697
675.421714	6	709
567.822217	6	716
1027.30345	6	693
908.064126	6	704
566.160678	6	723
658.012628	6	718
1269.08922	6	685
554.941892	6	725
1026.17931	6	701
754.703283	6	717
1051.62167	6	702
710.717201	6	721
542.908906	6	730
296.591758	6	744
294.761180	6	745
732.001066	6	722
351.596832	6	743
844.797372	6	719
498.098850	6	738
604.868650	6	735
693.007946	6	731
1182.25336	6	707
1047.59716	6	715
663.318157	6	736
1141.44563	6	711
692.570209	6	737
491.399288	6	748
513.685464	6	747
844.463825	6	729
471.335172	6	751
718.635082	6	741
562.930345	6	750
611.145019	6	749
542.268753	6	753
788.403272	6	740
917.369604	6	733
1313.99703	6	712
1122.15852	6	724
1068.78018	6	727
954.578161	6	734
870.659589	6	742
649.851799	6	754
798.959016	6	746
961.365938	6	739
724.374771	6	755
742.703199	6	756
728.853940	6	757
469.655752	6	772
491.773128	6	773
722.328424	6	762
348.639488	6	782
692.577362	6	764
1418.83993	6	726
1418.50924	6	728
1375.02479	6	732
886.244773	6	759
848.276376	6	761
752.904415	6	768
1053.56717	6	752
2032.70554	6	700
971.553564	6	758
630.477190	6	780
893.273353	6	766
707.945108	6	776
1098.85334	6	760
497.220993	6	793
988.351106	6	767
1028.16104	6	765
858.022451	6	775
416.205644	6	801
589.831590	6	792
496.567964	6	797
763.233661	6	783
686.164617	6	788
857.907533	6	779
749.709844	6	785
908.454418	6	777
589.554548	6	796
729.331493	6	789
822.186470	6	784
1219.64001	6	763
888.236522	6	781
664.470911	6	794
414.407253	6	809
398.879289	6	812
717.176198	6	795
679.440259	6	799
1167.66381	6	774
358.507156	6	817
940.314292	6	786
717.618227	6	798
459.122896	6	813
519.015312	6	810
560.061693	6	808
655.518531	6	803
393.658638	6	818
973.198652	6	787
1281.35728	6	771
909.628152	6	791
1342.58675	6	770
1362.14518	6	769
973.360776	6	790
324.572801	6	827
595.242023	6	814
561.278343	6	816
830.934286	6	802
771.981716	6	806
757.441759	6	807
432.077884	6	824
817.941427	6	804
1353.48010	6	778
233.613014	6	838
579.654455	6	820
862.154722	6	805
610.007286	6	819
546.635389	6	825
679.822206	6	821
532.843351	6	829
442.461252	6	834
243.279933	6	845
605.222463	6	828
550.125360	6	831
863.440513	6	815
657.758712	6	826
488.902807	6	835
193.974018	6	852
346.946954	6	846
596.066713	6	833
1243.34955	6	800
369.647741	6	848
313.225984	6	854
347.061872	6	853
740.589380	6	832
633.166790	6	840
711.216926	6	836
529.827833	6	847
367.123365	6	856
481.232881	6	850
984.127044	6	823
1003.33166	6	822
883.854389	6	830
785.881519	6	837
1292.54913	6	811
546.550989	6	851
446.473598	6	857
286.746740	6	866
236.024379	6	870
441.497087	6	859
469.935655	6	858
803.848028	6	841
381.208658	6	865
294.782876	6	871
410.993576	6	867
520.090103	6	861
487.864255	6	863
651.160478	6	855
532.283067	6	862
597.366094	6	860
932.102203	6	844
513.835430	6	868
584.201574	6	864
440.140724	6	874
309.971332	6	882
491.277933	6	875
1117.26093	6	842
353.783607	6	884
555.455684	6	873
1192.26861	6	839
1046.15974	6	849
1191.76650	6	843
508.107185	6	883
619.982481	6	879
677.590847	6	877
858.415365	6	869
550.636529	6	887
430.105447	6	895
710.236549	6	880
489.967823	6	893
494.901418	6	894
460.076093	6	896
818.093061	6	876
621.253490	6	889
383.201599	6	904
664.930582	6	890
746.606826	6	886
852.526426	6	881
420.864582	6	906
583.499670	6	897
371.478796	6	909
562.837123	6	899
814.815282	6	885
574.146747	6	900
740.268707	6	891
568.293333	6	905
1184.02004	6	872
230.679750	6	925
394.703149	6	916
497.757434	6	913
834.442615	6	898
954.680442	6	892
782.012224	6	903
823.829174	6	902
644.373893	6	912
464.812040	6	923
514.063835	6	921
492.389917	6	924
799.953699	6	908
552.744865	6	922
1416.25189	6	878
543.061733	6	927
763.219118	6	915
456.128358	6	933
1065.93012	6	901
616.410017	6	928
1372.49708	6	888
465.596437	6	940
727.945089	6	926
588.845252	6	936
1064.26453	6	910
589.071512	6	939
1185.38165	6	907
965.860605	6	919
1116.85585	6	911
390.004158	6	951
494.185686	6	949
440.617084	6	952
825.988769	6	931
555.422544	6	948
877.335548	6	932
1204.29635	6	914
1183.08043	6	917
791.837453	6	943
962.533473	6	934
752.154827	6	947
543.473005	6	959
1080.36184	6	930
980.181694	6	942
800.867795	6	953
791.405439	6	954
984.109163	6	944
956.479072	6	946
524.465322	6	970
682.099580	6	962
772.502660	6	957
1286.70048	6	929
686.900854	6	963
775.942564	6	960
1565.59562	6	918
845.903396	6	958
1088.80186	6	945
681.575059	6	969
701.958656	6	968
731.944322	6	967
473.096132	6	981
1601.05848	6	920
1389.58168	6	938
1106.43744	6	956
1217.11516	6	950
844.763278	6	971
1064.48006	6	961
340.637207	6	1000
560.985088	6	989
770.759582	6	978
1001.15680	6	966
684.354543	6	983
1455.16395	6	941
577.703714	6	992
1627.55250	6	935
765.946626	6	984
696.370840	6	988
993.901014	6	972
592.847585	6	994
520.311117	6	999
1176.88989	6	964
1007.28845	6	974
777.175188	6	987
1704.52117	6	937
385.166883	6	1010
588.918685	6	1001
560.047388	6	1003
416.399002	6	1011
1301.96189	6	965
1055.22418	6	979
1098.92559	6	977
1503.90148	6	955
850.433588	6	991
805.319070	6	996
1021.33631	6	985
736.829042	6	1002
1267.15397	6	976
507.544040	6	1017
1193.25804	6	982
1018.22733	6	993
803.278684	6	1005
596.265316	6	1016
644.950389	6	1014
836.646318	6	1004
813.452482	6	1006
705.212831	6	1012
716.316461	6	1013
1408.56194	6	980
368.018627	6	1037
598.718643	6	1025
1651.17144	6	973
700.644493	6	1024
1190.98162	6	998
742.884397	6	1022
437.707901	6	1038
1347.71585	6	990
818.994760	6	1018
737.745046	6	1023
1243.99375	6	997
1019.62709	6	1009
1061.42282	6	1008
422.688245	6	1045
1387.36653	6	995
847.704648	6	1026
770.415782	6	1033
715.407609	6	1036
812.183856	6	1032
458.382368	6	1051
658.267498	6	1041
449.827909	6	1053
909.299373	6	1029
885.261535	6	1031
512.985229	6	1052
853.083372	6	1035
1243.98279	6	1015
1162.53042	6	1020
634.510993	6	1050
701.838254	6	1048
1212.92948	6	1021
1480.40962	6	1007
570.924043	6	1056
1898.61512	6	986
769.392490	6	1046
1005.82027	6	1040
945.827007	6	1044
872.924327	6	1049
1168.64705	6	1034
592.463970	6	1066
584.149837	6	1068
1085.42156	6	1042
781.360149	6	1058
1558.18653	6	1019
1358.82329	6	1030
2397.76587	6	975
612.590074	6	1072
778.471946	6	1063
1153.22113	6	1043
866.357564	6	1059
828.022241	6	1062
1115.87238	6	1047
1480.92913	6	1028
725.388765	6	1070
1622.49016	6	1027
556.093454	6	1084
591.451644	6	1086
822.736263	6	1074
1487.61081	6	1039
555.035114	6	1089
936.399698	6	1071
717.378139	6	1083
402.391433	6	1103
1132.23576	6	1065
719.650983	6	1087
1148.30660	6	1067
865.117788	6	1082
924.617052	6	1079
453.745365	6	1104
720.825433	6	1090
631.718635	6	1095
994.147062	6	1076
1131.21128	6	1069
971.110343	6	1078
1420.46093	6	1057
481.556892	6	1107
784.348487	6	1091
633.683681	6	1102
804.671049	6	1094
679.083585	6	1101
358.612775	6	1118
1423.03013	6	1064
1520.51949	6	1060
585.667133	6	1110
591.536760	6	1111
1209.08737	6	1081
748.416185	6	1106
883.361816	6	1099
1606.82392	6	1061
1736.80686	6	1055
1045.45664	6	1092
993.853092	6	1096
551.023244	6	1120
1235.47410	6	1085
816.039323	6	1108
811.572551	6	1112
1474.43532	6	1077
1941.30134	6	1054
1609.20286	6	1075
1281.01301	6	1093
1675.83227	6	1073
1073.91810	6	1105
1226.17244	6	1097
971.262693	6	1113
623.175382	6	1133
862.299442	6	1121
1705.74784	6	1080
687.583923	6	1135
773.471355	6	1134
1086.10630	6	1119
1192.78740	6	1114
1186.43093	6	1115
1001.17182	6	1127
546.521663	6	1152
675.254583	6	1149
713.232994	6	1147
1854.33125	6	1088
616.620302	6	1154
1159.46364	6	1125
602.111339	6	1155
1346.24576	6	1116
1066.75267	6	1131
751.289606	6	1148
1246.94609	6	1123
1394.15669	6	1117
615.911960	6	1159
1334.98001	6	1122
623.394250	6	1162
851.922035	6	1150
677.213668	6	1160
1066.31660	6	1139
619.390964	6	1163
1324.04232	6	1126
1055.05967	6	1141
768.423557	6	1157
1837.65387	6	1100
841.996431	6	1153
1045.89509	6	1144
1340.66724	6	1128
1274.62935	6	1132
1016.76702	6	1146
1327.11768	6	1130
942.595243	6	1151
699.972152	6	1166
1505.34462	6	1124
1278.50174	6	1136
1122.65753	6	1145
1229.43162	6	1140
1272.88007	6	1138
598.939180	6	1174
732.568979	6	1167
580.576419	6	1176
1227.24509	6	1142
968.225002	6	1156
1474.57408	6	1129
1877.19058	6	1109
925.854206	6	1161
1387.55941	6	1137
799.842596	6	1172
877.558469	6	1168
873.365879	6	1169
837.046384	6	1171
602.321624	6	1184
558.767557	6	1187
581.565856	6	1186
844.566583	6	1173
673.395156	6	1185
1098.83618	6	1164
989.109039	6	1170
1287.72473	6	1158
2409.71612	6	1098
443.294525	6	1202
578.366994	6	1196
405.480146	6	1206
929.453134	6	1179
763.952493	6	1189
937.365293	6	1180
309.381484	6	1213
365.172147	6	1210
567.645072	6	1201
503.714799	6	1205
601.384878	6	1200
848.381996	6	1188
1136.32822	6	1175
205.611944	6	1226
535.169839	6	1209
564.177274	6	1208
604.239940	6	1207
435.003995	6	1216
1096.25720	6	1182
1172.68323	6	1178
1119.91167	6	1181
949.346065	6	1190
895.675182	6	1193
1853.72924	6	1143
889.975309	6	1194
746.550083	6	1204
610.380887	6	1211
1501.30224	6	1165
343.987941	6	1227
1214.76507	6	1183
1064.28384	6	1191
1051.03969	6	1192
653.849363	6	1214
519.545078	6	1222
593.209505	6	1218
659.710407	6	1215
583.544015	6	1220
596.258401	6	1221
1077.72207	6	1197
584.117889	6	1223
384.808063	6	1234
988.143682	6	1203
427.099943	6	1233
828.708410	6	1212
426.180362	6	1235
517.338514	6	1231
1587.25666	6	1177
692.497014	6	1224
562.576532	6	1232
699.400901	6	1225
479.957580	6	1239
667.754888	6	1229
527.049779	6	1238
1368.49856	6	1195
475.291490	6	1246
644.866466	6	1237
865.973711	6	1228
503.933191	6	1248
398.840665	6	1254
639.013051	6	1241
434.570074	6	1253
587.850570	6	1247
1496.65951	6	1199
561.003684	6	1249
925.457715	6	1230
1550.45628	6	1198
538.659811	6	1252
677.789211	6	1245
1158.25319	6	1219
806.011915	6	1243
592.000484	6	1255
368.485689	6	1267
387.658596	6	1268
658.920288	6	1256
500.714540	6	1266
1062.73722	6	1236
199.429512	6	1286
1008.39567	6	1242
1469.41781	6	1217
1050.74453	6	1240
224.159717	6	1288
720.517158	6	1262
788.636684	6	1259
773.357391	6	1260
1016.89219	6	1250
1132.44414	6	1244
672.327995	6	1271
893.669366	6	1261
656.905174	6	1274
503.081798	6	1284
517.494678	6	1285
635.390043	6	1279
935.897350	6	1263
512.892007	6	1287
406.484127	6	1294
614.120244	6	1283
974.448680	6	1264
713.272809	6	1280
810.133218	6	1275
1136.55638	6	1258
955.969810	6	1270
1210.21342	6	1257
1378.00598	6	1251
542.364597	6	1297
705.878257	6	1291
727.361679	6	1290
984.298706	6	1276
887.392044	6	1282
658.034563	6	1296
933.591365	6	1281
565.424203	6	1301
732.964515	6	1292
1098.76489	6	1272
830.183506	6	1289
740.675687	6	1295
574.412584	6	1305
823.241472	6	1293
1114.79592	6	1278
1149.06048	6	1277
481.935262	6	1314
536.717653	6	1313
812.338590	6	1298
1424.59750	6	1265
1297.80006	6	1273
653.359413	6	1309
1386.48343	6	1269
821.393251	6	1302
457.467794	6	1327
477.609395	6	1328
628.354072	6	1321
802.839279	6	1312
760.765075	6	1316
825.936317	6	1315
1052.90031	6	1304
947.771549	6	1310
716.568708	6	1323
701.634407	6	1324
685.999393	6	1325
1000.80919	6	1308
563.062906	6	1333
1130.69534	6	1303
512.044668	6	1341
1094.00177	6	1311
762.620687	6	1330
746.852397	6	1332
635.761737	6	1338
553.079366	6	1344
1385.74242	6	1299
847.438335	6	1329
653.509855	6	1340
619.020223	6	1342
761.126995	6	1335
685.821533	6	1339
589.289903	6	1345
794.734001	6	1334
875.578641	6	1331
1081.59255	6	1320
1452.96239	6	1300
1409.56020	6	1307
638.301610	6	1351
808.142185	6	1343
780.596733	6	1347
992.366552	6	1337
1577.60834	6	1306
1316.78915	6	1322
898.506879	6	1349
670.621633	6	1362
1161.31210	6	1336
977.847576	6	1346
833.947181	6	1354
708.860158	6	1363
769.138813	6	1360
402.139186	6	1383
974.294424	6	1353
1634.01317	6	1319
1072.64137	6	1350
789.436340	6	1366
992.439031	6	1357
685.923576	6	1374
582.436084	6	1380
1751.26123	6	1317
871.802806	6	1365
987.678766	6	1359
1206.33602	6	1348
820.160150	6	1371
861.553907	6	1369
1038.53654	6	1361
584.785699	6	1386
885.762214	6	1370
1864.01247	6	1318
1039.89577	6	1364
896.208763	6	1372
821.485042	6	1378
1202.80528	6	1358
1317.45123	6	1352
942.100048	6	1373
694.947004	6	1387
1122.57099	6	1367
454.099893	6	1403
531.115055	6	1399
1895.42150	6	1326
921.539545	6	1379
1348.89054	6	1356
906.811237	6	1381
481.107473	6	1404
563.420772	6	1400
828.785181	6	1389
506.521701	6	1406
1066.24102	6	1377
1493.96467	6	1355
1262.28404	6	1368
891.766071	6	1388
818.504095	6	1393
784.888744	6	1397
1036.32211	6	1384
902.667760	6	1392
828.647613	6	1396
849.850416	6	1395
880.787372	6	1394
1089.05172	6	1385
458.558082	6	1418
1297.32179	6	1375
1280.41648	6	1376
1111.23847	6	1390
746.076583	6	1410
637.930631	6	1419
639.837741	6	1422
1084.16318	6	1401
848.617792	6	1415
1327.22783	6	1391
575.767755	6	1430
1119.83847	6	1402
765.479564	6	1423
1075.82044	6	1409
707.647323	6	1428
1225.35443	6	1405
819.191694	6	1426
1370.44429	6	1398
948.803424	6	1420
940.959215	6	1421
1143.97764	6	1411
580.374479	6	1445
885.629177	6	1429
913.934707	6	1431
1296.66972	6	1412
1220.99399	6	1416
1012.73632	6	1427
794.357061	6	1440
1300.06790	6	1414
618.560552	6	1450
1447.74246	6	1407
960.035800	6	1438
774.088382	6	1449
1119.26150	6	1432
665.294885	6	1460
704.838991	6	1458
2141.86024	6	1382
832.287073	6	1451
769.649028	6	1455
1177.84190	6	1433
898.555517	6	1448
1070.35541	6	1439
1680.79948	6	1408
1037.13798	6	1442
1205.15704	6	1435
1639.10222	6	1413
875.595331	6	1454
787.454843	6	1459
1608.09922	6	1417
496.653079	6	1480
1232.12480	6	1441
1610.61573	6	1425
1096.40979	6	1453
621.173143	6	1479
1065.95802	6	1456
1102.29420	6	1457
1716.50290	6	1424
764.458656	6	1478
1265.20729	6	1452
1609.77244	6	1434
892.717123	6	1473
1562.05320	6	1437
1599.18236	6	1436
1025.13647	6	1469
1021.39449	6	1471
1196.00796	6	1465
897.891998	6	1481
1281.17489	6	1461
866.697549	6	1483
425.313949	6	1506
596.865892	6	1498
1133.97932	6	1470
469.630002	6	1505
707.425355	6	1494
1598.38938	6	1447
642.464876	6	1499
1302.82068	6	1467
714.871406	6	1500
1068.07923	6	1482
957.176208	6	1488
1041.48817	6	1484
1458.64963	6	1463
1479.76136	6	1464
604.680776	6	1510
1306.75029	6	1474
1863.19446	6	1444
1418.22695	6	1468
657.157897	6	1508
1282.95445	6	1477
683.769464	6	1509
1625.56576	6	1462
1444.40746	6	1472
799.828052	6	1507
2011.15369	6	1443
881.729364	6	1503
664.179325	6	1515
1626.62363	6	1466
1511.48128	6	1475
959.571838	6	1504
1189.05878	6	1493
841.586828	6	1511
1257.60626	6	1491
2113.83247	6	1446
1559.86905	6	1476
684.564590	6	1521
1388.22269	6	1486
738.717317	6	1520
1113.45863	6	1501
904.659509	6	1512
871.030569	6	1514
1267.91882	6	1495
1177.09732	6	1502
1472.10049	6	1487
331.794023	6	1546
468.459367	6	1540
788.079977	6	1524
667.559862	6	1531
601.195812	6	1535
1463.78159	6	1492
695.845603	6	1532
1082.97348	6	1513
1444.68402	6	1496
1679.63171	6	1485
1037.77194	6	1518
697.594404	6	1536
453.170537	6	1551
793.704748	6	1534
1708.61816	6	1489
439.349651	6	1554
978.267431	6	1527
921.142339	6	1530
1005.17058	6	1526
1227.94651	6	1516
976.796388	6	1529
752.344846	6	1541
1761.61575	6	1490
807.394742	6	1539
854.241371	6	1537
936.284780	6	1533
575.978994	6	1553
566.341161	6	1555
710.754156	6	1549
1185.58764	6	1525
1145.94650	6	1528
877.800941	6	1542
986.405134	6	1538
1337.63337	6	1522
454.903841	6	1570
932.469367	6	1545
744.343757	6	1556
1503.26633	6	1517
1406.21185	6	1523
1928.16495	6	1497
462.896585	6	1573
599.179267	6	1566
489.047527	6	1572
460.674524	6	1574
663.930654	6	1565
930.517196	6	1552
333.233356	6	1585
1605.67736	6	1519
1079.75292	6	1547
746.960639	6	1567
744.258165	6	1569
434.228897	6	1586
632.672309	6	1576
498.819112	6	1584
988.650321	6	1560
960.445642	6	1562
792.629003	6	1571
854.291677	6	1568
516.227483	6	1588
498.236417	6	1589
412.018299	6	1594
731.325864	6	1577
668.660402	6	1581
693.158149	6	1580
717.854261	6	1579
770.043373	6	1578
830.222368	6	1575
522.963523	6	1593
1187.39843	6	1558
1460.70051	6	1544
478.857994	6	1597
528.873920	6	1595
1106.56881	6	1564
680.660486	6	1587
1437.14547	6	1548
672.937870	6	1591
328.177213	6	1610
1584.81764	6	1543
340.239048	6	1611
739.607334	6	1590
469.538450	6	1605
1495.67580	6	1550
709.226608	6	1592
1288.91229	6	1561
915.414571	6	1582
1325.90079	6	1563
582.016229	6	1604
749.077796	6	1596
567.775249	6	1606
556.320190	6	1607
659.863471	6	1602
1474.17068	6	1559
564.252376	6	1613
437.247037	6	1620
840.427160	6	1600
892.950534	6	1598
583.577871	6	1616
417.185306	6	1626
457.467079	6	1625
892.835617	6	1603
460.391044	6	1628
678.961515	6	1617
736.977577	6	1615
1103.34849	6	1599
645.573854	6	1624
852.304697	6	1614
581.151008	6	1629
779.510259	6	1618
954.340219	6	1609
1016.05224	6	1608
1163.01131	6	1601
962.803840	6	1612
688.094615	6	1627
2012.53342	6	1557
586.440086	6	1635
916.784763	6	1619
648.573875	6	1636
662.615776	6	1637
502.841711	6	1646
532.091140	6	1647
575.989961	6	1645
1719.57898	6	1583
635.356664	6	1643
852.644443	6	1631
1022.22323	6	1623
850.595235	6	1633
865.299463	6	1634
963.914155	6	1630
609.409570	6	1650
629.853010	6	1649
962.825775	6	1632
545.069217	6	1655
1212.29505	6	1621
912.962436	6	1638
454.481124	6	1665
551.095485	6	1660
1247.27153	6	1622
632.906198	6	1656
591.334581	6	1661
799.085140	6	1651
730.597257	6	1657
460.923433	6	1673
744.294881	6	1659
776.382923	6	1658
383.409023	6	1679
971.958398	6	1648
896.003484	6	1652
543.446063	6	1671
404.177904	6	1681
1206.20584	6	1640
612.935781	6	1675
1051.28312	6	1653
1217.89860	6	1644
1306.80441	6	1639
701.938629	6	1672
272.770166	6	1695
359.400033	6	1692
664.443016	6	1676
789.801120	6	1670
564.328908	6	1683
382.253646	6	1693
950.849056	6	1663
486.932277	6	1688
1122.76959	6	1654
614.631414	6	1682
562.767982	6	1685
697.941541	6	1678
468.237876	6	1691
672.617435	6	1680
1404.73031	6	1641
1014.98103	6	1662
951.130151	6	1666
956.447124	6	1667
1457.97038	6	1642
699.390649	6	1686
1120.80383	6	1664
838.086366	6	1684
560.215234	6	1699
632.310390	6	1696
753.746986	6	1690
557.609319	6	1701
700.168609	6	1698
805.900096	6	1694
988.305807	6	1687
1232.53345	6	1674
805.943965	6	1697
1381.97970	6	1668
852.843761	6	1700
863.918542	6	1703
728.622674	6	1710
1405.73930	6	1677
590.024709	6	1720
1239.69721	6	1689
1609.79580	6	1669
719.070911	6	1717
829.730033	6	1711
708.820343	6	1718
832.012653	6	1713
751.433849	6	1719
879.234075	6	1712
612.723588	6	1727
1004.82487	6	1708
609.989166	6	1732
769.902944	6	1724
738.251686	6	1726
611.182928	6	1733
711.351633	6	1728
847.907304	6	1721
1083.03451	6	1709
1211.40456	6	1705
719.993352	6	1731
1231.95123	6	1704
1198.46296	6	1706
1190.79732	6	1707
1288.50650	6	1702
1074.10764	6	1715
949.869632	6	1722
836.955070	6	1729
1134.83691	6	1714
754.268646	6	1737
696.953773	6	1741
564.770698	6	1750
752.656221	6	1740
342.276096	6	1762
696.967601	6	1744
1211.36164	6	1716
890.797376	6	1738
428.083896	6	1763
824.935913	6	1743
1194.06270	6	1723
726.231813	6	1751
905.942201	6	1742
521.153211	6	1764
670.489072	6	1756
525.870800	6	1765
640.062332	6	1760
542.038202	6	1766
1107.86747	6	1736
721.368551	6	1757
1218.35517	6	1735
1048.23160	6	1746
1272.83477	6	1734
1437.77894	6	1725
1353.57213	6	1730
1207.32879	6	1739
991.722345	6	1752
463.874816	6	1782
855.607032	6	1761
992.517948	6	1755
678.948163	6	1773
808.855056	6	1767
662.324190	6	1776
1239.88819	6	1745
402.517795	6	1790
1072.56841	6	1754
715.732097	6	1774
782.200574	6	1771
621.525287	6	1781
826.833009	6	1770
515.657901	6	1787
699.503421	6	1778
581.692934	6	1786
565.618038	6	1788
943.538427	6	1768
730.448722	6	1780
1324.10120	6	1748
432.610988	6	1796
843.200922	6	1775
1167.79565	6	1759
580.687522	6	1791
812.217235	6	1779
1197.37792	6	1758
1316.85495	6	1753
497.732877	6	1797
1443.63784	6	1747
895.702362	6	1777
516.587495	6	1798
805.074930	6	1783
618.921518	6	1793
1013.36550	6	1772
639.729022	6	1792
1075.42657	6	1769
608.589410	6	1795
641.132593	6	1794
1490.80657	6	1749
588.108301	6	1800
609.145641	6	1799
876.161575	6	1785
894.540071	6	1784
800.539493	6	1789
avg:  653.8381159305573
std:  399.2514483751195
p95:  1416.3506507873533
p99:  1751.364779472351
com:  53.951017467366114
thg:  2697.550873368306
FCT:  33.36359691619873
que:  595.6542074680328
los:  0.0
1800 0
**********************
