[13 16 18 ... 12 20 13]
96.0903167	6	1
92.7033424	6	2
145.020246	6	3
60.4288578	6	9
165.284156	6	4
182.026386	6	5
104.376554	6	11
208.780288	6	6
202.038288	6	7
161.721706	6	10
152.943134	6	12
222.629785	6	8
206.063985	6	13
216.073989	6	14
218.654394	6	16
275.532960	6	15
140.425205	6	24
242.018938	6	18
124.899387	6	26
201.626539	6	22
249.732971	6	19
229.687690	6	21
301.315546	6	17
223.969221	6	25
336.284160	6	20
327.180862	6	23
217.224836	6	30
327.130079	6	28
189.239501	6	37
288.593530	6	31
320.533275	6	29
129.675865	6	43
315.310001	6	32
246.524095	6	38
423.249244	6	27
221.891641	6	40
248.927831	6	39
167.567014	6	45
221.040725	6	42
237.534761	6	41
162.021398	6	46
375.236988	6	33
388.391494	6	35
245.205879	6	44
182.272434	6	48
136.597156	6	51
157.272815	6	50
385.497093	6	36
140.826940	6	53
164.911985	6	52
214.319944	6	49
275.007724	6	47
130.173206	6	57
127.063035	6	58
128.991842	6	59
572.703599	6	34
256.475687	6	54
176.092863	6	60
268.225669	6	55
161.795854	6	62
156.195878	6	63
142.030715	6	64
130.333900	6	65
210.286378	6	61
309.092998	6	56
141.029596	6	67
163.737058	6	70
179.898262	6	69
163.320302	6	71
272.552490	6	66
144.856691	6	75
131.998777	6	76
198.608636	6	73
136.607170	6	78
214.323520	6	74
250.088930	6	72
170.053482	6	77
332.364559	6	68
175.266265	6	79
203.575849	6	80
210.278511	6	83
235.952138	6	82
162.888288	6	87
194.859027	6	85
264.538049	6	81
226.886987	6	84
134.063005	6	92
159.242868	6	91
179.786443	6	93
299.191713	6	86
197.359561	6	95
283.500909	6	90
141.224622	6	99
232.061147	6	94
185.284614	6	97
211.741209	6	96
348.771810	6	88
144.254922	6	101
99.1516113	6	104
212.460756	6	98
182.674169	6	100
178.960084	6	102
403.181076	6	89
117.234230	6	107
156.523704	6	106
179.092168	6	105
213.948249	6	103
171.375751	6	109
147.460699	6	111
57.0523738	6	117
141.759395	6	112
144.262075	6	113
135.128021	6	114
102.127075	6	118
229.889154	6	110
135.665178	6	116
164.971590	6	115
315.335988	6	108
128.042697	6	122
162.610292	6	120
90.5792713	6	125
110.721349	6	124
130.130290	6	123
90.6612873	6	126
222.416400	6	119
195.107936	6	121
116.976261	6	128
110.697746	6	129
98.3068943	6	130
198.720455	6	127
141.967535	6	132
119.377136	6	137
144.228219	6	136
200.795173	6	134
218.623161	6	133
137.239694	6	139
130.726337	6	140
172.420740	6	138
300.139904	6	131
264.662981	6	135
121.175050	6	144
148.229598	6	143
130.876541	6	145
142.240762	6	146
150.677919	6	147
264.670848	6	141
333.529472	6	142
168.410062	6	153
240.110397	6	150
256.649494	6	149
224.615097	6	151
226.164579	6	152
233.924865	6	154
190.822124	6	157
341.356515	6	148
191.491365	6	158
183.248043	6	159
294.706106	6	155
205.865144	6	165
301.837682	6	162
441.722631	6	156
116.021871	6	177
305.713653	6	166
180.200815	6	175
121.205806	6	179
297.431945	6	168
283.883571	6	171
270.682334	6	173
228.062868	6	176
341.316938	6	170
230.355739	6	178
503.479957	6	161
311.460733	6	174
347.189188	6	172
544.273138	6	160
163.755178	6	185
153.197288	6	188
557.269811	6	163
495.039224	6	167
273.466587	6	182
338.764190	6	183
564.390420	6	169
315.561532	6	186
419.439077	6	180
223.129034	6	192
679.405689	6	164
403.017997	6	184
455.708742	6	181
382.391691	6	187
250.958204	6	196
323.579311	6	193
396.187782	6	189
204.876899	6	205
267.227888	6	204
339.769124	6	200
477.009534	6	194
558.020591	6	190
437.960386	6	199
574.042558	6	191
322.216510	6	207
442.025899	6	201
246.726274	6	214
575.143098	6	195
452.556848	6	203
352.725267	6	212
542.986631	6	202
627.809762	6	197
491.352558	6	206
360.343933	6	218
366.729736	6	219
729.968547	6	198
299.526691	6	224
445.715904	6	216
484.409332	6	215
313.852787	6	229
620.386600	6	211
427.483558	6	223
479.582071	6	221
476.251363	6	222
437.700510	6	226
338.797807	6	233
393.897294	6	230
407.534837	6	231
404.190063	6	232
747.070074	6	213
399.371385	6	236
429.705142	6	235
612.724542	6	225
697.966337	6	220
449.256896	6	238
635.379314	6	227
422.503948	6	242
486.851930	6	240
598.168849	6	234
589.742422	6	237
758.826255	6	228
1123.74544	6	208
1156.60834	6	209
1181.08654	6	210
708.229780	6	239
659.712791	6	244
534.953832	6	253
682.395219	6	245
593.722343	6	251
764.060497	6	241
552.798271	6	254
562.986135	6	256
713.873386	6	248
1246.39558	6	217
308.776378	6	274
637.626886	6	257
597.957849	6	260
583.796739	6	261
801.627635	6	250
457.900285	6	271
806.153059	6	252
856.445550	6	249
777.768373	6	255
634.864807	6	265
1024.97577	6	243
701.249599	6	263
698.673725	6	264
752.341270	6	262
831.486701	6	258
697.805643	6	268
628.275632	6	272
548.218011	6	277
1083.92477	6	246
555.908203	6	278
754.997253	6	269
928.239345	6	259
335.154294	6	294
643.321514	6	276
600.168704	6	279
1143.58067	6	247
648.360252	6	280
821.395874	6	270
638.016939	6	284
543.974161	6	290
479.614019	6	295
634.153604	6	286
473.520278	6	297
1026.90529	6	266
597.723245	6	291
656.769990	6	288
824.075698	6	281
801.995992	6	285
769.540071	6	287
1026.25322	6	275
949.593544	6	283
664.397239	6	301
797.810554	6	296
512.556076	6	313
620.440721	6	309
681.888818	6	306
917.392253	6	293
801.675796	6	300
973.563194	6	292
1440.09923	6	267
648.776531	6	314
749.151706	6	310
1240.32115	6	282
659.185647	6	319
1447.17192	6	273
991.044998	6	302
729.533433	6	321
897.878646	6	312
1137.49527	6	298
816.042184	6	320
877.049207	6	317
1388.64970	6	289
1034.73138	6	311
851.217985	6	322
626.998901	6	336
987.330436	6	318
1298.77066	6	305
889.628410	6	331
1380.57565	6	304
744.706153	6	342
762.483835	6	341
1064.26334	6	324
1499.59349	6	299
832.010507	6	340
964.811325	6	333
1415.27199	6	307
749.389171	6	349
1070.59121	6	330
1456.41398	6	308
1106.22644	6	329
787.458896	6	350
894.897222	6	344
1278.77187	6	323
1027.65846	6	339
944.149494	6	345
1182.73115	6	332
874.763965	6	351
973.135232	6	346
956.110000	6	348
1726.24421	6	303
581.161975	6	370
1385.01763	6	326
616.071462	6	371
1615.68641	6	316
804.580211	6	364
716.811180	6	369
1483.12568	6	325
1136.40046	6	347
1503.56292	6	327
1574.13029	6	328
424.020290	6	397
666.267156	6	385
469.572544	6	396
1265.34795	6	352
1919.07405	6	315
897.908687	6	375
970.518112	6	372
1284.98673	6	355
1203.88817	6	360
1303.64155	6	356
706.867218	6	390
995.884656	6	374
743.284940	6	389
1246.43087	6	361
1558.30430	6	343
1246.51503	6	362
1722.04732	6	335
608.764886	6	399
595.821619	6	401
1267.11750	6	365
854.587316	6	391
1179.37612	6	373
1076.46489	6	379
1289.78896	6	368
1856.94289	6	338
1372.25985	6	367
903.123855	6	395
1691.37358	6	353
1617.90752	6	358
1644.30952	6	357
1549.71837	6	363
1190.82808	6	384
1169.13342	6	387
2098.24991	6	334
1757.83133	6	354
892.034530	6	403
956.361293	6	400
1717.33236	6	359
1141.73030	6	392
1047.52588	6	398
802.241086	6	412
1188.26508	6	394
671.401500	6	423
1055.23300	6	402
1005.59568	6	405
1223.41132	6	393
1565.06586	6	377
681.401014	6	427
554.904222	6	437
2338.49763	6	337
689.882040	6	430
1127.46858	6	406
1553.43341	6	383
1707.21459	6	376
1209.97595	6	404
1110.62192	6	411
893.008232	6	425
1751.33824	6	378
1081.36463	6	415
850.602388	6	428
1010.89358	6	421
1127.26283	6	417
1761.26360	6	382
1062.07323	6	422
925.684690	6	431
680.255651	6	445
740.854501	6	442
1190.30308	6	418
1374.47524	6	408
1092.97847	6	424
1747.30658	6	388
1208.09793	6	419
1425.91977	6	407
987.947225	6	432
785.372495	6	444
1426.75542	6	409
1269.31810	6	420
1342.81206	6	416
2263.12613	6	366
1915.62747	6	386
1201.44486	6	426
2032.95850	6	381
1510.63156	6	410
1100.07357	6	433
981.506347	6	440
597.893714	6	463
1049.08680	6	438
718.331336	6	457
949.451446	6	446
623.445034	6	465
763.021945	6	458
1049.96705	6	443
985.164165	6	447
2263.30590	6	380
1655.01046	6	414
686.680316	6	468
1263.90385	6	436
576.371908	6	477
1446.50149	6	429
1743.25466	6	413
614.604711	6	476
856.068611	6	464
947.559356	6	459
925.543069	6	461
693.310260	6	475
625.003814	6	479
775.321483	6	472
681.723117	6	478
840.257406	6	470
701.493024	6	480
903.425216	6	471
998.398303	6	467
629.823207	6	488
727.505445	6	483
1197.04127	6	460
1164.42084	6	462
561.949253	6	495
1307.23714	6	455
738.682746	6	486
472.187280	6	502
785.120487	6	485
1372.19715	6	453
510.868549	6	501
1722.61810	6	435
871.476411	6	484
1436.89870	6	454
1411.73052	6	456
1178.09796	6	469
1815.75942	6	434
679.653406	6	498
968.732118	6	482
1589.57242	6	450
1586.58051	6	451
765.385627	6	497
818.401098	6	494
851.449728	6	493
1613.52157	6	452
1087.27669	6	481
1374.69339	6	466
1242.62261	6	473
836.200952	6	496
1014.33420	6	487
1918.20287	6	439
1774.13988	6	449
606.994867	6	517
792.438745	6	507
656.492471	6	516
999.988079	6	500
925.413846	6	504
659.907102	6	519
673.537731	6	520
1228.86753	6	491
870.764255	6	511
1039.69955	6	505
1006.79087	6	508
1108.59322	6	506
1416.24093	6	489
1438.59362	6	492
817.296981	6	527
837.323665	6	526
1107.49554	6	515
1320.54734	6	503
731.057643	6	536
2470.61705	6	441
1102.61940	6	518
523.950099	6	552
1938.65275	6	474
795.379877	6	537
1327.54015	6	509
1246.88220	6	514
809.108018	6	538
883.370637	6	534
1701.22122	6	490
1028.68247	6	528
2484.89642	6	448
859.907388	6	541
1398.35524	6	512
1227.27966	6	522
1450.88386	6	510
1184.66329	6	525
1268.45693	6	523
1163.64765	6	529
1262.47930	6	524
854.074239	6	547
874.113082	6	546
704.381227	6	556
1015.32340	6	540
1371.50716	6	521
1785.32266	6	499
1532.72867	6	513
894.954681	6	551
1060.73927	6	543
594.891309	6	570
1110.94212	6	542
612.931013	6	572
1049.38769	6	549
434.676647	6	583
791.087865	6	564
637.067794	6	573
850.794792	6	562
734.324455	6	569
651.578187	6	574
1047.18017	6	553
1114.85552	6	550
889.043807	6	563
482.913255	6	586
1175.98676	6	548
568.711757	6	582
933.762073	6	567
1505.23066	6	535
1200.03581	6	554
992.068290	6	566
1607.40160	6	532
1613.54160	6	533
895.099639	6	576
1188.28940	6	561
863.230466	6	579
772.897720	6	584
951.829671	6	575
1316.09225	6	555
1629.47320	6	539
1070.46699	6	571
1434.39221	6	557
1900.30241	6	531
1675.44937	6	544
1665.45367	6	545
1448.12107	6	558
930.952787	6	587
1128.04341	6	577
2068.21179	6	530
963.718891	6	592
1001.14083	6	590
1144.47712	6	585
1324.31745	6	578
1131.67214	6	589
789.086580	6	611
1153.79977	6	594
1245.39995	6	591
1439.15009	6	581
1097.01299	6	602
1379.03594	6	588
741.097211	6	624
928.314208	6	615
1191.31541	6	601
904.800176	6	617
1146.09408	6	604
1037.70041	6	610
1408.90550	6	593
894.163608	6	622
780.569791	6	632
949.574708	6	623
1204.06937	6	609
1485.95213	6	595
1073.68087	6	618
1187.67189	6	612
1763.82875	6	580
1453.28688	6	600
1125.38528	6	620
1276.68380	6	613
614.999771	6	653
1452.22425	6	606
589.360952	6	655
1426.50794	6	608
978.571653	6	635
2247.02668	6	565
1560.41669	6	603
916.375875	6	641
1321.12479	6	619
1716.20225	6	597
2420.23730	6	560
1173.69937	6	631
775.273561	6	654
1770.37239	6	598
1238.63172	6	628
1164.13831	6	634
1044.45576	6	642
1208.51254	6	633
810.801506	6	656
796.626567	6	657
1300.42314	6	629
1581.36820	6	614
535.537004	6	673
1940.23227	6	596
1050.04906	6	651
1142.79937	6	647
1847.74780	6	607
1176.17583	6	646
1554.64839	6	626
2773.79322	6	559
1555.31072	6	627
2617.23899	6	568
1213.73009	6	648
1190.44351	6	652
1477.97966	6	637
729.404211	6	681
2200.28758	6	599
2116.66440	6	605
1181.79845	6	658
1019.71507	6	667
1797.96671	6	625
1012.86721	6	670
882.570981	6	678
2020.62892	6	616
1159.95550	6	666
1230.21101	6	662
1105.21531	6	669
1270.43819	6	660
1811.49673	6	630
983.151912	6	677
1244.22335	6	665
1689.56637	6	640
2027.06480	6	621
1815.18459	6	636
1337.40448	6	664
1212.58234	6	672
1244.86327	6	671
1745.57471	6	643
1732.13768	6	645
1181.44440	6	679
1529.55317	6	661
1089.36786	6	688
724.975824	6	710
1267.14348	6	684
1775.98905	6	659
1952.90637	6	650
722.794771	6	720
1012.17699	6	705
1609.39168	6	674
1583.01782	6	680
2369.99011	6	638
493.594169	6	744
2311.21659	6	644
2235.24141	6	649
1172.79100	6	708
1920.46570	6	668
2439.55016	6	639
1575.26993	6	687
1434.65328	6	695
1123.77595	6	714
1045.74036	6	721
1641.18146	6	689
1398.74267	6	703
1017.97723	6	725
1796.04864	6	683
1187.67976	6	718
1137.23707	6	722
758.509397	6	743
1423.55418	6	706
1916.88466	6	682
827.780485	6	745
1705.13486	6	698
1517.95911	6	709
1155.19356	6	730
1466.29190	6	713
1397.91798	6	717
1330.21306	6	723
2420.87864	6	663
2012.42399	6	686
1792.33908	6	699
1100.31485	6	738
1875.52332	6	696
947.089433	6	748
1552.33716	6	716
1238.25550	6	735
1217.95010	6	737
2104.78973	6	690
1604.02202	6	719
2091.22014	6	692
2023.59390	6	697
1946.02370	6	704
1147.88007	6	750
1207.91959	6	747
1171.40340	6	751
1445.99342	6	736
1841.29285	6	715
2220.30043	6	694
1384.89985	6	741
1250.80418	6	749
1577.62861	6	731
1474.39146	6	740
2672.97363	6	675
1426.25665	6	746
1731.11891	6	729
741.581916	6	782
2257.97796	6	702
1595.78895	6	739
2461.58766	6	691
1357.73038	6	754
1394.44422	6	753
1622.01929	6	742
2390.94495	6	701
1427.06274	6	755
1830.09648	6	734
2333.88495	6	707
1349.53856	6	761
1477.23269	6	756
1146.36063	6	773
2102.08106	6	724
2658.35475	6	693
1240.41962	6	772
3019.39296	6	676
1511.13653	6	759
1554.14628	6	757
1499.28569	6	762
1465.93046	6	764
877.233505	6	797
2100.84867	6	733
1489.80164	6	768
719.291210	6	809
878.780603	6	801
2301.77807	6	727
1388.10777	6	776
1352.50043	6	779
658.256053	6	817
3114.97282	6	685
1363.86394	6	780
1092.87285	6	796
1155.75170	6	793
1530.00473	6	775
1539.00146	6	777
1219.76041	6	794
1207.27825	6	795
1319.80538	6	789
778.095006	6	818
933.430671	6	810
1163.32244	6	799
1443.94183	6	785
1043.52355	6	808
1416.96786	6	788
1246.23894	6	798
986.099243	6	812
1535.50195	6	784
1594.25306	6	781
2629.81009	6	726
812.104701	6	824
1061.11025	6	813
2971.17328	6	711
1993.84093	6	766
2990.40174	6	712
1692.49701	6	783
2101.19795	6	765
2242.10453	6	758
2231.73284	6	760
1622.15447	6	792
619.761228	6	845
2832.94725	6	728
773.339509	6	838
1674.78227	6	790
942.319393	6	829
1385.60366	6	806
1434.02838	6	804
861.074924	6	835
1786.49854	6	786
1267.07386	6	814
1727.02264	6	791
1070.33634	6	827
2289.58010	6	763
2174.60632	6	769
1230.58557	6	819
627.336502	6	852
1133.53919	6	825
2528.80692	6	752
1303.32016	6	816
1553.23672	6	805
1593.78480	6	803
661.809444	6	853
811.188936	6	846
1649.98388	6	802
2992.17605	6	732
1072.18194	6	834
2365.82922	6	767
1300.15707	6	826
734.455108	6	856
826.729536	6	854
1260.02287	6	831
626.906394	6	866
2416.52131	6	771
846.157312	6	857
1314.11790	6	833
593.829393	6	871
1552.16813	6	820
1410.20750	6	828
1037.90616	6	848
846.086025	6	858
401.410102	6	882
2452.54349	6	774
1566.79415	6	821
1067.07596	6	851
818.008661	6	865
2609.87567	6	770
2293.15781	6	787
743.149042	6	870
1948.11320	6	807
1180.09352	6	850
1486.06109	6	836
1054.85725	6	859
1802.70004	6	822
1055.46498	6	862
1948.27675	6	815
964.293003	6	868
2751.37758	6	778
965.532541	6	874
1596.51756	6	841
1694.39578	6	837
1126.61075	6	867
4265.20800	6	700
1265.61331	6	861
1607.39803	6	847
1910.94493	6	832
1962.31913	6	830
2318.19510	6	811
1422.33562	6	863
1861.58347	6	840
1587.12601	6	855
1100.04305	6	884
934.627532	6	896
2740.97180	6	800
699.345588	6	909
1446.64263	6	869
1635.84113	6	860
1847.24783	6	849
1032.20248	6	893
1041.49603	6	894
1395.11179	6	875
1135.17260	6	889
677.276849	6	916
1060.76192	6	895
1658.32710	6	864
1428.09915	6	879
1373.68845	6	883
1461.54189	6	880
1280.24315	6	891
2557.53135	6	823
2209.12051	6	842
707.746744	6	925
1088.90891	6	904
1431.32734	6	887
1228.31177	6	899
1715.92974	6	873
1450.71244	6	890
1167.00625	6	906
1286.71383	6	900
1273.92077	6	902
1763.79179	6	877
1250.68092	6	905
1155.91669	6	912
1225.09169	6	908
2547.89638	6	839
1170.28117	6	913
1849.88594	6	876
1467.15688	6	897
981.479406	6	924
1691.10918	6	885
936.918258	6	928
1094.99573	6	922
1037.65106	6	927
797.001838	6	940
1811.33437	6	886
1035.53342	6	933
1253.62038	6	923
1295.02940	6	921
970.914840	6	939
1261.64197	6	926
2783.92958	6	844
1090.31844	6	936
1719.30360	6	903
855.004787	6	951
2872.93386	6	843
843.138694	6	952
935.263156	6	949
2232.28502	6	881
1639.35112	6	915
1961.03763	6	898
1104.47597	6	948
2220.93152	6	892
966.314554	6	959
996.435165	6	962
2106.73475	6	907
714.240312	6	981
2471.52495	6	888
943.464994	6	970
1134.15479	6	960
1661.75723	6	934
1722.44858	6	931
2106.86421	6	910
1436.21134	6	947
2291.56517	6	901
1553.32684	6	942
1324.43022	6	954
1353.25598	6	953
1304.00514	6	957
1211.26699	6	963
1144.21200	6	967
840.070009	6	983
2066.34163	6	919
552.522420	6	1000
1657.68623	6	943
2206.69078	6	914
1218.50848	6	968
2301.40495	6	911
564.650535	6	1003
1967.32449	6	932
3073.31180	6	872
1757.90357	6	944
1487.30969	6	958
1287.37521	6	969
1730.56054	6	946
973.658800	6	989
2119.86994	6	930
1631.84022	6	956
655.523538	6	1011
1922.00374	6	945
855.265855	6	1001
899.837493	6	999
1058.10165	6	992
723.445653	6	1010
1139.36614	6	988
1659.41047	6	961
1066.16783	6	994
3261.11841	6	878
1415.30251	6	978
1343.56927	6	984
2665.46249	6	917
1647.80449	6	971
683.150768	6	1023
2310.23931	6	938
2086.55714	6	950
1803.54952	6	966
1352.10776	6	991
468.953847	6	1038
2760.36214	6	918
960.789918	6	1014
1485.81433	6	987
1155.83658	6	1006
1351.73964	6	996
1796.51284	6	974
2832.35716	6	920
1052.91128	6	1016
1488.69609	6	993
1019.98019	6	1018
2510.84375	6	941
2644.50073	6	935
1887.42613	6	976
1832.28445	6	979
2788.57493	6	929
1190.80066	6	1013
1979.43496	6	972
1434.62395	6	1002
2161.38100	6	964
2345.41678	6	955
1185.15992	6	1017
810.185194	6	1037
1096.67897	6	1026
2260.06388	6	965
601.310729	6	1053
2065.38033	6	977
1406.87966	6	1012
2027.72784	6	980
677.589416	6	1051
1695.24908	6	998
1107.84530	6	1033
1353.54924	6	1020
2039.55984	6	985
1200.46854	6	1032
2351.33028	6	973
1260.40053	6	1031
1689.46719	6	1009
1091.20607	6	1041
1804.85796	6	1004
1977.12087	6	995
3097.18918	6	937
1046.97680	6	1045
905.776500	6	1052
1366.62197	6	1029
1084.87105	6	1046
2193.20797	6	990
1577.47173	6	1025
1899.46675	6	1008
1306.47349	6	1040
1419.42977	6	1035
1411.36121	6	1036
1662.73045	6	1024
2185.74261	6	997
1871.96636	6	1015
2058.89797	6	1005
2528.15318	6	982
1145.71905	6	1056
1309.02338	6	1048
1286.23008	6	1050
1834.48600	6	1022
2549.48234	6	986
1091.41564	6	1066
1267.67086	6	1058
1070.39022	6	1068
1470.36123	6	1049
2015.12789	6	1021
1062.83926	6	1071
749.712228	6	1089
1376.57308	6	1059
1770.84827	6	1044
1433.12859	6	1063
1154.89816	6	1079
1297.09172	6	1072
1277.13274	6	1074
2102.32210	6	1034
1575.30522	6	1062
1952.10218	6	1043
1171.04077	6	1084
2011.96217	6	1042
1470.10111	6	1070
2288.90967	6	1028
1105.57866	6	1091
1197.45087	6	1086
901.155710	6	1103
1086.44580	6	1094
2526.45802	6	1019
779.507398	6	1111
1102.77080	6	1095
1030.49969	6	1099
948.349475	6	1104
2039.55531	6	1047
689.131975	6	1118
1084.98454	6	1102
1579.70452	6	1076
2303.81679	6	1039
1324.10359	6	1090
2929.93164	6	1007
2498.64411	6	1030
967.561483	6	1110
1744.16351	6	1069
1020.36571	6	1108
1614.61949	6	1078
1462.08906	6	1087
1127.53748	6	1106
3632.15351	6	975
1863.36588	6	1067
1247.22504	6	1101
1607.36036	6	1082
936.648845	6	1120
1428.71522	6	1096
1684.94462	6	1083
1240.00549	6	1107
2043.88689	6	1065
2172.49584	6	1060
832.277297	6	1133
1610.98599	6	1093
1111.16123	6	1119
1253.65996	6	1113
2008.33821	6	1073
2996.92440	6	1027
633.982896	6	1152
1409.09218	6	1112
1811.67912	6	1092
2494.89116	6	1057
1043.40744	6	1134
2008.58402	6	1085
2097.52535	6	1081
820.388317	6	1149
811.603069	6	1153
716.340780	6	1159
1758.32271	6	1105
719.150543	6	1162
860.189914	6	1155
1679.55446	6	1114
2823.34327	6	1054
977.473258	6	1154
1347.47529	6	1135
2773.26297	6	1061
1638.66496	6	1122
934.372901	6	1160
1108.88576	6	1151
2169.50201	6	1097
1243.54958	6	1148
2599.01165	6	1077
1265.08021	6	1147
1579.78534	6	1131
1435.52970	6	1139
1224.03073	6	1150
2883.36920	6	1064
3078.09185	6	1055
2450.93965	6	1088
1715.43645	6	1128
1381.49929	6	1146
1059.86499	6	1163
1007.23576	6	1166
2656.94737	6	1080
890.097856	6	1173
1882.16829	6	1121
1025.33245	6	1167
893.251895	6	1174
1508.45718	6	1142
1718.28436	6	1132
1568.83001	6	1140
1280.01403	6	1157
1854.04610	6	1129
1893.71991	6	1127
1935.19496	6	1126
2135.63203	6	1116
2161.91315	6	1115
2927.06680	6	1075
1193.92466	6	1168
1324.76592	6	1161
858.711481	6	1186
1181.61439	6	1169
1750.01764	6	1141
889.055252	6	1187
2109.91978	6	1123
1197.43418	6	1171
1177.05488	6	1172
2082.28802	6	1125
2398.64540	6	1109
1993.65210	6	1130
1749.52149	6	1144
645.296335	6	1202
2277.48703	6	1117
1156.37397	6	1176
2614.14933	6	1100
1765.88892	6	1145
1544.22736	6	1158
495.081424	6	1213
1179.90231	6	1179
2032.47761	6	1136
2017.10104	6	1138
1120.95713	6	1185
2077.04377	6	1137
854.564905	6	1201
1726.87792	6	1156
1461.03048	6	1170
709.154844	6	1210
401.628732	6	1226
1339.26558	6	1180
872.072458	6	1205
994.376659	6	1200
1231.54854	6	1189
825.567007	6	1211
961.640119	6	1206
1508.43572	6	1178
1355.11708	6	1188
967.491149	6	1209
1498.97599	6	1182
1003.35955	6	1208
1483.97541	6	1184
663.665771	6	1227
877.914667	6	1216
1345.23153	6	1193
1088.81759	6	1207
1344.73562	6	1194
993.604421	6	1215
1688.09103	6	1181
1397.44901	6	1196
646.411657	6	1235
1518.56875	6	1190
959.273338	6	1218
1514.61815	6	1191
2816.21789	6	1124
1862.23268	6	1175
739.063501	6	1234
1569.25153	6	1192
924.981594	6	1225
1147.09973	6	1214
1015.20586	6	1222
855.903148	6	1231
1067.23356	6	1221
853.475570	6	1233
1847.69749	6	1183
3471.97794	6	1098
1078.28521	6	1223
1141.48831	6	1220
1307.38401	6	1212
825.166225	6	1238
2660.62712	6	1143
1638.94844	6	1197
889.573335	6	1237
2273.39792	6	1165
892.427921	6	1239
2338.36507	6	1164
1033.11181	6	1232
697.160482	6	1253
683.444499	6	1254
1666.82147	6	1203
917.262792	6	1246
1258.06546	6	1229
1412.78076	6	1224
1105.93938	6	1241
653.513669	6	1267
2026.15809	6	1195
1856.96935	6	1204
952.147245	6	1252
938.055992	6	1255
1057.38687	6	1249
1409.39331	6	1230
1102.37550	6	1248
1125.72169	6	1247
1164.22486	6	1245
437.525510	6	1286
2508.42094	6	1177
431.841373	6	1288
1047.34206	6	1256
975.412130	6	1266
640.694379	6	1285
1074.30362	6	1262
1558.48169	6	1236
866.975545	6	1274
987.830162	6	1268
718.973636	6	1284
562.878370	6	1294
685.753583	6	1287
1503.63373	6	1243
2394.77062	6	1198
1581.59327	6	1242
1051.41854	6	1271
1850.25167	6	1228
2055.69100	6	1219
2515.10262	6	1199
1116.53709	6	1275
1405.58195	6	1260
1429.67414	6	1261
1467.44728	6	1259
1091.46690	6	1280
814.369678	6	1297
2361.64593	6	1217
1233.37125	6	1279
588.977813	6	1314
944.981098	6	1295
1036.66305	6	1291
1202.77070	6	1283
874.107599	6	1301
844.016790	6	1305
1320.43433	6	1281
1654.29377	6	1263
1903.43904	6	1250
1072.11899	6	1296
2118.09825	6	1240
1217.39149	6	1290
1640.05208	6	1270
2117.81525	6	1244
1758.07499	6	1264
1250.25367	6	1292
589.155673	6	1328
1912.87636	6	1257
628.380537	6	1327
1911.58819	6	1258
1480.35478	6	1282
1154.11281	6	1302
1396.86274	6	1289
1670.12262	6	1276
1287.70613	6	1298
1389.40691	6	1293
2225.64172	6	1251
1171.02050	6	1309
1110.83602	6	1313
1802.86455	6	1277
1053.71046	6	1321
1189.78786	6	1315
1184.03506	6	1316
2002.67529	6	1272
1937.21818	6	1278
1117.66886	6	1323
843.729496	6	1341
955.057144	6	1335
1188.92264	6	1324
1493.86405	6	1308
910.518407	6	1340
894.034385	6	1342
1138.27276	6	1330
1503.79157	6	1310
1233.19864	6	1325
1097.59736	6	1333
926.810503	6	1344
2254.62150	6	1273
1044.65293	6	1339
1066.60485	6	1338
2435.96529	6	1265
2369.85445	6	1269
1604.34675	6	1311
1223.88529	6	1334
1290.80867	6	1331
913.390636	6	1351
1034.56234	6	1345
1792.11735	6	1304
1521.53801	6	1320
1027.74930	6	1347
1847.84841	6	1303
1686.72609	6	1312
1849.48444	6	1307
1154.53243	6	1346
2034.47914	6	1300
1276.32927	6	1343
1494.80056	6	1332
568.978309	6	1383
718.169450	6	1380
1387.06493	6	1349
1098.89507	6	1366
1355.34405	6	1353
1187.50882	6	1362
1820.58691	6	1329
1457.16714	6	1348
2251.50036	6	1306
1089.25938	6	1369
1283.14042	6	1363
1819.51236	6	1336
1577.82697	6	1350
879.147052	6	1389
1305.25159	6	1365
2114.14837	6	1322
1402.95267	6	1360
955.453872	6	1386
1856.90426	6	1337
1236.87696	6	1371
1498.10409	6	1357
726.278305	6	1404
755.736112	6	1403
1153.93733	6	1381
1296.78463	6	1373
1048.01750	6	1387
1355.52716	6	1370
1522.20439	6	1361
1661.55743	6	1354
2687.71290	6	1299
1496.19245	6	1364
1272.51434	6	1377
1366.10364	6	1374
1366.81699	6	1378
1571.01917	6	1367
1050.78887	6	1397
1036.98825	6	1399
1151.60107	6	1393
1776.55673	6	1358
2562.38818	6	1317
1316.59483	6	1385
1777.34684	6	1359
960.548639	6	1406
1599.07865	6	1372
1313.00687	6	1388
1248.75497	6	1395
1630.56349	6	1379
1436.81740	6	1390
1546.27966	6	1384
1077.11911	6	1410
1282.01174	6	1400
2760.99467	6	1319
2653.18989	6	1326
2804.17084	6	1318
988.300800	6	1418
2186.94448	6	1352
1331.80046	6	1401
1012.51387	6	1419
965.329170	6	1422
1963.42182	6	1368
2216.78328	6	1355
1540.05885	6	1394
1591.78328	6	1392
1302.13212	6	1409
1542.00983	6	1396
2261.94953	6	1356
1494.04740	6	1402
2111.51790	6	1375
1273.53382	6	1423
1144.70529	6	1430
1189.89014	6	1428
1339.75863	6	1421
1516.73531	6	1415
1707.10086	6	1405
1272.52650	6	1432
1074.23710	6	1445
2086.28177	6	1391
1146.99220	6	1442
1408.89310	6	1429
1023.27370	6	1450
2387.13479	6	1376
1514.04666	6	1426
1416.44763	6	1431
1804.82888	6	1411
1103.34062	6	1452
1353.07002	6	1439
1015.69914	6	1458
1167.52696	6	1451
1639.71471	6	1427
1040.19522	6	1459
1186.61451	6	1455
1989.15386	6	1412
1476.39012	6	1440
1339.99228	6	1449
1887.90941	6	1420
2149.59001	6	1407
1581.68792	6	1438
1412.50228	6	1448
838.114976	6	1479
1355.04436	6	1454
2057.19661	6	1417
1628.88073	6	1441
1356.51326	6	1457
2466.17913	6	1398
1367.40517	6	1460
1048.93660	6	1480
2326.80892	6	1414
2290.02809	6	1416
604.290723	6	1506
623.311758	6	1505
1146.78263	6	1478
2930.85765	6	1382
2046.18406	6	1433
955.492258	6	1494
1708.03880	6	1456
1239.02010	6	1482
1434.39054	6	1472
2085.31689	6	1437
1268.08524	6	1483
969.000816	6	1499
1692.43764	6	1461
1325.37484	6	1481
1869.06123	6	1453
2205.03711	6	1435
2639.55283	6	1413
1513.01503	6	1473
1363.47818	6	1484
1634.67979	6	1470
1753.23581	6	1464
1099.66444	6	1500
1139.01472	6	1498
1655.45010	6	1471
2859.31420	6	1408
1578.00459	6	1477
1869.50349	6	1462
1815.64140	6	1465
999.761581	6	1508
1393.10717	6	1488
1759.64426	6	1469
2627.61545	6	1424
2633.45766	6	1425
1040.38906	6	1510
1139.89377	6	1507
2336.67016	6	1444
1916.04495	6	1467
1992.81215	6	1463
1820.01209	6	1474
2527.60410	6	1436
2569.53144	6	1434
1297.51968	6	1503
2396.67677	6	1447
1001.88970	6	1521
1228.35421	6	1512
2586.08961	6	1443
1342.27657	6	1509
1660.93277	6	1493
2000.98371	6	1476
869.873285	6	1537
1547.30153	6	1502
1207.63111	6	1520
851.354122	6	1539
1588.54317	6	1501
1372.34759	6	1513
765.035152	6	1546
2287.26005	6	1466
1362.98441	6	1515
1442.04807	6	1511
1591.20965	6	1504
2294.63195	6	1468
1032.46831	6	1536
1134.44519	6	1532
744.974136	6	1553
1123.71754	6	1533
1487.61606	6	1514
2053.10821	6	1485
1106.94122	6	1535
2254.89783	6	1475
1875.84328	6	1495
2034.88564	6	1487
1039.48616	6	1540
2096.72117	6	1486
805.907249	6	1555
1293.17283	6	1530
1980.56268	6	1496
1605.55219	6	1517
1434.65733	6	1527
1026.47304	6	1551
2058.26091	6	1497
1246.30308	6	1541
1491.71376	6	1529
1458.31108	6	1531
1120.42093	6	1549
1050.52757	6	1554
1636.41190	6	1524
1626.25980	6	1525
1458.22525	6	1534
1823.36688	6	1516
1791.10264	6	1518
1285.70246	6	1545
927.055358	6	1567
2358.45184	6	1492
1162.76931	6	1556
1500.05269	6	1538
2399.23477	6	1491
857.617616	6	1573
946.408033	6	1570
679.262399	6	1585
1394.44661	6	1547
951.709985	6	1572
1526.69143	6	1542
1855.61990	6	1526
1823.90832	6	1528
2037.32252	6	1519
877.078533	6	1581
621.571063	6	1595
1024.29890	6	1575
805.638790	6	1587
1063.14826	6	1574
1239.88318	6	1565
3503.34644	6	1446
1242.87343	6	1566
1053.40194	6	1576
2061.24997	6	1523
832.902908	6	1588
1213.11068	6	1568
432.387828	6	1611
843.922138	6	1589
2732.39350	6	1489
1037.19973	6	1579
1194.08059	6	1571
2734.07101	6	1490
931.863546	6	1586
1283.42223	6	1569
1013.80968	6	1584
891.461372	6	1591
863.593101	6	1594
572.447061	6	1610
1725.38113	6	1552
1203.23967	6	1580
1254.89997	6	1577
736.294031	6	1605
1242.69127	6	1578
2344.25330	6	1522
969.217777	6	1597
1056.25510	6	1593
847.674846	6	1606
1124.03178	6	1592
843.063354	6	1607
1086.96985	6	1596
549.280166	6	1626
516.931533	6	1628
1837.77451	6	1560
1884.88340	6	1558
1026.78918	6	1604
1882.71284	6	1559
1846.91333	6	1561
1805.13119	6	1564
2124.51529	6	1548
1340.34085	6	1590
1891.42608	6	1562
913.717269	6	1616
745.958566	6	1625
894.545793	6	1620
1290.56811	6	1602
1679.99482	6	1582
1139.33634	6	1613
1067.97909	6	1617
2494.02189	6	1543
1151.53694	6	1615
1478.47986	6	1598
1435.20140	6	1600
794.631719	6	1635
1189.13531	6	1614
2499.90868	6	1544
1405.22170	6	1603
950.170040	6	1629
1357.88846	6	1609
1065.60659	6	1627
2271.54040	6	1563
1276.31878	6	1618
739.949941	6	1645
740.972995	6	1646
961.619853	6	1637
1689.43786	6	1599
1068.64976	6	1636
2709.15412	6	1550
707.085132	6	1655
1439.94760	6	1619
958.670854	6	1643
891.035079	6	1647
1672.52135	6	1608
1436.87987	6	1623
946.302175	6	1649
1325.79112	6	1633
1509.86790	6	1624
1333.65273	6	1634
746.839523	6	1665
1430.24873	6	1631
2821.99335	6	1557
931.589365	6	1656
1052.97541	6	1650
1362.84327	6	1638
910.406351	6	1661
2073.24862	6	1601
2414.34240	6	1583
1549.91888	6	1630
1921.31567	6	1612
627.707719	6	1681
1058.05802	6	1657
671.212673	6	1679
617.765188	6	1683
1796.58818	6	1621
804.195404	6	1673
1049.74699	6	1660
1150.64048	6	1658
521.353244	6	1695
923.420429	6	1675
873.396635	6	1678
1773.09799	6	1632
988.377571	6	1672
626.878023	6	1692
1352.17642	6	1652
1376.98698	6	1651
844.624996	6	1682
2011.54565	6	1622
973.092079	6	1676
727.526187	6	1691
1106.71615	6	1671
1263.88573	6	1663
736.778497	6	1693
1569.98920	6	1648
1394.35982	6	1659
1355.74293	6	1662
1266.08157	6	1667
937.615633	6	1688
698.840379	6	1701
1273.26488	6	1670
1649.72996	6	1654
1670.36533	6	1653
1956.28976	6	1641
1232.34152	6	1680
1107.76090	6	1687
1926.28264	6	1644
1020.53046	6	1694
983.597040	6	1696
1543.38836	6	1666
1225.20947	6	1684
1625.05030	6	1664
1254.64606	6	1685
2158.47587	6	1640
1111.01102	6	1698
2132.70878	6	1642
2272.15385	6	1639
1370.29170	6	1686
1223.83189	6	1697
1224.59769	6	1699
929.025888	6	1720
1524.67012	6	1690
1851.99522	6	1674
1384.97567	6	1700
1223.76990	6	1710
841.238737	6	1732
1110.86583	6	1719
848.150014	6	1733
1421.79059	6	1703
1179.91328	6	1718
1284.29150	6	1713
947.645664	6	1731
1325.28591	6	1711
1008.01467	6	1728
1056.11491	6	1727
1180.98902	6	1724
1410.47525	6	1712
882.529497	6	1741
1269.13499	6	1721
1370.30935	6	1717
1198.01020	6	1726
1591.52007	6	1707
577.485084	6	1764
928.562164	6	1744
1683.55321	6	1704
619.183301	6	1762
855.701684	6	1750
631.477832	6	1763
1437.26634	6	1722
1040.63105	6	1743
2053.95627	6	1689
2272.60351	6	1677
1169.59691	6	1737
1324.59473	6	1729
995.912551	6	1751
1721.67587	6	1714
1829.04577	6	1709
1335.12687	6	1738
1320.25241	6	1740
2627.54034	6	1669
862.567663	6	1766
1025.92730	6	1757
1974.27797	6	1706
1810.29534	6	1715
2065.55128	6	1702
1691.50972	6	1723
2711.88783	6	1668
1839.97702	6	1716
1146.06833	6	1756
986.368656	6	1767
577.552318	6	1790
1623.18325	6	1734
1148.09393	6	1760
1086.15326	6	1765
1623.62098	6	1736
1514.59240	6	1742
806.051015	6	1782
2174.08895	6	1708
739.734888	6	1787
1834.61999	6	1730
1106.86492	6	1771
1401.17526	6	1755
1103.59001	6	1773
1332.68165	6	1761
1614.65334	6	1746
1835.90221	6	1735
1092.26083	6	1776
923.040151	6	1786
1209.66005	6	1774
1615.99898	6	1752
1240.87047	6	1775
1181.16593	6	1781
2584.23829	6	1705
1250.34475	6	1778
1403.15508	6	1770
1261.57665	6	1779
2008.13078	6	1739
1762.41087	6	1754
1105.66473	6	1793
1208.61887	6	1788
1491.11652	6	1780
2511.96098	6	1725
1228.34300	6	1797
2211.15279	6	1745
1790.17186	6	1769
878.360748	6	1819
1997.28155	6	1759
1843.03307	6	1768
2281.26287	6	1747
1049.10540	6	1814
2255.38301	6	1749
2117.28811	6	1758
2299.06320	6	1748
818.548440	6	1829
1410.25137	6	1798
2236.10711	6	1753
1701.07698	6	1783
1005.35297	6	1822
1084.43117	6	1818
1618.43323	6	1792
1185.77957	6	1815
1240.42057	6	1812
1609.72809	6	1796
1666.89157	6	1795
594.847202	6	1853
2027.29368	6	1777
1267.81177	6	1817
1833.53805	6	1789
1600.94809	6	1804
1532.49335	6	1808
1453.79567	6	1813
2238.04759	6	1772
1595.88742	6	1807
1028.81884	6	1839
1265.91420	6	1827
1343.89734	6	1823
1288.93136	6	1826
856.261730	6	1852
1278.20897	6	1832
2080.47509	6	1791
1048.86007	6	1847
1381.48975	6	1830
897.804498	6	1858
1266.47734	6	1838
1341.08281	6	1834
1460.97993	6	1828
1977.69975	6	1801
1016.06345	6	1854
951.640129	6	1859
1273.26560	6	1844
1611.94944	6	1825
1512.93969	6	1831
2116.13440	6	1799
1103.13439	6	1855
1689.08739	6	1824
2449.37968	6	1784
1101.32932	6	1857
2042.15240	6	1806
2091.05539	6	1805
1373.57234	6	1846
1120.12863	6	1860
1495.64385	6	1840
2250.59056	6	1802
1222.85962	6	1862
2317.18778	6	1803
1215.05808	6	1863
1201.74479	6	1864
877.292633	6	1882
1479.61091	6	1850
1796.34070	6	1833
1416.32318	6	1856
1695.95885	6	1842
2495.69845	6	1800
1588.28067	6	1849
1150.25234	6	1873
821.772336	6	1891
2316.27202	6	1811
1704.29754	6	1845
635.933160	6	1902
1762.98713	6	1843
1683.66312	6	1848
2490.41771	6	1810
1273.21457	6	1881
1528.73778	6	1868
748.097419	6	1910
1512.07041	6	1870
1621.12355	6	1866
2977.81348	6	1794
2559.01026	6	1816
1308.57133	6	1884
675.498723	6	1918
2239.61138	6	1835
1706.04348	6	1865
1984.82346	6	1851
1291.54396	6	1888
956.111431	6	1906
1037.52803	6	1903
1658.42652	6	1871
1040.19927	6	1904
618.594646	6	1927
2651.24535	6	1820
1373.50940	6	1889
1606.49728	6	1877
1676.44572	6	1875
737.405061	6	1926
832.179069	6	1921
1547.97148	6	1885
1308.40945	6	1897
3406.63456	6	1785
2488.28029	6	1836
1196.56276	6	1905
1576.90358	6	1886
2786.83280	6	1821
913.828372	6	1922
1181.85806	6	1908
1324.59425	6	1901
1541.94712	6	1890
1146.73256	6	1911
935.672998	6	1923
860.011100	6	1928
2022.01223	6	1867
1508.58688	6	1894
570.873022	6	1944
1083.36234	6	1917
1542.89960	6	1893
787.819862	6	1933
1448.06528	6	1898
1058.87222	6	1919
1301.83744	6	1907
2177.93226	6	1861
805.777311	6	1936
2603.33347	6	1841
1522.34601	6	1899
689.607381	6	1943
1837.50271	6	1883
627.744197	6	1947
1680.97925	6	1892
2129.79412	6	1869
1288.81406	6	1913
1649.10030	6	1895
1560.12773	6	1900
1132.00950	6	1924
1312.05487	6	1915
1133.97026	6	1925
895.043373	6	1938
1865.73481	6	1887
1035.40539	6	1931
2818.55988	6	1837
1084.40518	6	1929
2060.41431	6	1878
882.422208	6	1941
1023.75316	6	1934
1433.60185	6	1912
880.262374	6	1942
2130.15413	6	1876
2217.73695	6	1872
2181.35643	6	1874
2091.98546	6	1879
1027.22477	6	1935
814.654827	6	1946
995.365619	6	1937
1764.82582	6	1896
1419.26383	6	1914
1383.80432	6	1916
854.311466	6	1945
2118.24703	6	1880
1161.20815	6	1930
985.749721	6	1940
819.922924	6	1950
1033.07342	6	1939
1189.44215	6	1932
918.004274	6	1948
1450.64878	6	1920
3737.36166	6	1809
1110.97788	6	1949
1889.19425	6	1909
avg:  1246.5105437009763
std:  638.8939476406271
p95:  2415.5408024787903
p99:  2905.6549811363216
com:  53.2658971333669
thg:  2663.294856668345
FCT:  36.60878920555115
que:  1189.458169814868
los:  0.0
1950 0
**********************
