[19 11 20 ... 13 16 10]
96.1511135	6	1
93.2455062	6	2
57.7368736	6	9
150.044202	6	3
168.899774	6	4
184.873342	6	5
106.906652	6	11
210.978031	6	6
162.661552	6	10
207.288742	6	7
231.462240	6	8
180.625438	6	12
206.321001	6	13
234.092235	6	14
238.129854	6	18
271.022558	6	16
312.345981	6	17
317.739248	6	19
215.150356	6	26
378.442049	6	15
232.203722	6	25
307.635307	6	20
311.740875	6	24
369.428396	6	22
309.455156	6	30
284.470081	6	32
226.186990	6	38
489.338159	6	21
218.338489	6	40
489.179372	6	23
260.464668	6	39
321.182012	6	35
409.318208	6	31
243.389844	6	43
480.202198	6	28
248.842477	6	45
430.201053	6	33
235.685110	6	46
523.561954	6	27
313.928604	6	41
377.694845	6	37
543.401479	6	29
241.874456	6	50
208.503246	6	53
379.897832	6	42
292.539119	6	48
361.200571	6	44
483.769893	6	36
280.679225	6	51
270.505905	6	52
374.146223	6	49
278.040170	6	57
263.621807	6	58
290.684461	6	59
377.290964	6	54
261.212348	6	62
318.933010	6	61
258.508443	6	65
537.786960	6	47
309.633731	6	63
754.450559	6	34
363.949537	6	60
228.888511	6	71
269.537925	6	70
339.372396	6	67
521.381855	6	55
386.062145	6	64
239.694595	6	78
256.000518	6	77
459.128618	6	66
309.967517	6	79
464.476823	6	69
478.414535	6	72
391.007423	6	80
479.796171	6	75
467.805862	6	76
245.249748	6	92
561.574459	6	73
265.475034	6	93
677.145719	6	68
860.239028	6	56
458.602190	6	83
388.810396	6	91
504.324197	6	84
196.057319	6	104
502.610206	6	87
536.661863	6	85
621.801853	6	81
316.504240	6	101
397.473096	6	97
760.841608	6	74
431.358337	6	96
426.135301	6	98
287.092685	6	107
416.018247	6	99
407.372236	6	100
702.408313	6	82
396.121263	6	102
206.908941	6	117
575.288772	6	95
415.877342	6	106
714.457988	6	88
501.116991	6	103
413.698673	6	109
490.937948	6	105
299.588441	6	118
684.810400	6	94
425.951957	6	112
467.725515	6	111
813.069581	6	89
860.111474	6	86
274.860382	6	124
807.597637	6	90
455.932617	6	113
267.702341	6	125
218.945026	6	129
477.580785	6	114
372.960090	6	122
340.958595	6	126
409.226179	6	123
551.522970	6	116
617.939472	6	115
382.353305	6	130
558.236837	6	120
574.343681	6	121
332.080841	6	138
789.337396	6	110
502.643108	6	128
271.713256	6	144
464.069604	6	132
393.486261	6	137
600.154876	6	127
763.329505	6	119
439.432382	6	140
391.904830	6	145
485.959053	6	139
439.276456	6	143
408.152103	6	147
633.236885	6	136
1086.09342	6	108
580.909013	6	146
416.965961	6	157
595.435619	6	150
888.684511	6	134
519.379854	6	158
957.206487	6	131
630.438089	6	152
261.332988	6	177
687.458515	6	153
562.660932	6	162
303.443670	6	179
624.493360	6	159
1040.96651	6	133
548.105239	6	165
382.102727	6	176
858.573913	6	151
916.341781	6	148
1122.42984	6	135
1030.90620	6	141
514.837265	6	175
573.079109	6	174
353.678226	6	188
514.035701	6	178
904.475212	6	154
1011.91401	6	149
694.237947	6	170
713.324785	6	171
496.121168	6	185
1220.25704	6	142
907.305479	6	166
824.767112	6	172
754.135608	6	182
1187.03937	6	155
598.781347	6	192
992.626428	6	168
1103.83915	6	161
458.356618	6	205
609.721899	6	196
1082.34238	6	167
1008.31699	6	173
1197.38173	6	163
821.634054	6	187
918.636560	6	181
1315.92464	6	156
1128.83496	6	169
879.963636	6	186
926.913738	6	183
991.745471	6	180
943.089008	6	184
1333.61196	6	160
940.926074	6	189
880.293369	6	193
744.191408	6	204
556.337118	6	218
873.174428	6	200
579.695940	6	219
680.817127	6	214
1058.24184	6	194
949.657201	6	202
794.999122	6	212
883.511066	6	207
1636.36112	6	164
882.750034	6	215
869.568109	6	216
1087.52155	6	203
1055.67598	6	206
1278.00798	6	195
673.014163	6	232
731.904983	6	230
900.061845	6	221
780.283689	6	229
846.805334	6	226
744.627714	6	233
1291.48316	6	201
917.602062	6	224
798.614025	6	231
1023.60916	6	222
1410.64238	6	199
828.955888	6	235
1034.66320	6	223
880.253076	6	234
1302.74152	6	211
955.536842	6	236
1606.22429	6	197
868.758916	6	242
1152.78077	6	225
957.761764	6	237
1654.81448	6	198
1020.92909	6	238
990.578174	6	240
1797.23906	6	191
1820.75214	6	190
498.327016	6	274
1546.60844	6	213
1452.19564	6	220
907.586812	6	253
897.673845	6	257
956.329822	6	254
1197.10850	6	241
910.221815	6	260
726.933240	6	271
1483.05082	6	228
1353.53899	6	239
984.404325	6	261
1173.95329	6	252
1275.75016	6	248
1340.28911	6	244
781.519174	6	277
1646.10576	6	227
1174.95918	6	256
912.939071	6	272
580.168724	6	294
865.113735	6	280
1177.42443	6	262
1073.20713	6	268
2081.05802	6	209
1137.41159	6	265
1074.62143	6	269
1409.00254	6	251
948.643922	6	279
2172.44029	6	208
825.831413	6	288
1399.74021	6	255
1011.51061	6	278
1419.60573	6	258
789.713621	6	295
1661.74769	6	245
1398.31709	6	263
1383.57973	6	264
1654.54030	6	249
1507.01332	6	259
1679.24284	6	250
982.686519	6	291
1017.76909	6	290
924.029588	6	297
1849.33352	6	243
1166.42975	6	286
2358.52551	6	217
1224.75385	6	284
2479.79593	6	210
1419.88682	6	276
856.461286	6	309
805.431127	6	313
1477.00238	6	275
1199.05376	6	292
1428.03955	6	281
2063.34543	6	246
1393.36824	6	285
1261.19303	6	293
1163.70701	6	300
1236.08112	6	301
1496.25253	6	287
2205.96957	6	247
1826.41792	6	270
1626.27792	6	283
1002.74705	6	320
1148.42271	6	312
1041.55325	6	319
863.698959	6	333
2055.03082	6	266
1310.52780	6	310
1291.73493	6	314
953.785181	6	336
1647.58300	6	296
1204.19311	6	322
1284.06691	6	321
2256.12735	6	267
1748.21639	6	298
2179.12220	6	273
1636.82174	6	306
1447.18527	6	317
1720.05748	6	302
2096.51136	6	282
1294.68274	6	331
1692.35181	6	308
1022.08280	6	349
1173.22683	6	341
1715.63005	6	311
1221.45509	6	340
1620.01729	6	318
1336.63535	6	339
1244.19736	6	345
1312.28971	6	342
1250.49495	6	346
1216.38989	6	350
1205.51776	6	351
923.388004	6	370
1646.32844	6	329
2046.66876	6	307
2367.22612	6	289
992.050409	6	369
1662.98508	6	332
1707.97324	6	330
1419.36707	6	348
542.360067	6	397
2297.10650	6	299
1900.12931	6	323
1832.82995	6	328
1087.69536	6	371
1548.08115	6	347
916.903972	6	385
2380.51557	6	305
2094.90299	6	324
1773.65279	6	344
2079.33831	6	327
1263.03362	6	373
1830.85274	6	343
2518.37849	6	303
1465.19494	6	364
892.262697	6	396
1037.17112	6	389
1085.63280	6	390
2234.91477	6	326
960.692167	6	398
954.912662	6	399
1109.18116	6	391
2064.96715	6	338
1421.21124	6	374
1829.50448	6	352
1731.30631	6	358
1661.59629	6	362
2675.47750	6	304
995.990037	6	401
1526.10158	6	372
1885.87474	6	353
1654.41131	6	367
1771.75092	6	361
1444.02861	6	379
1931.82873	6	356
1725.24213	6	368
1617.07782	6	375
964.549541	6	412
2013.88692	6	355
727.808952	6	427
2741.73188	6	315
1143.16487	6	406
2594.38967	6	325
2760.80751	6	316
2056.61582	6	360
2505.42807	6	335
1324.37634	6	402
1185.28175	6	411
1625.15401	6	387
1345.61800	6	403
1830.81841	6	378
1129.29773	6	418
929.619789	6	430
2105.94320	6	365
2138.99922	6	363
1610.02326	6	394
1142.32683	6	422
1672.35088	6	393
908.057212	6	437
1861.28234	6	384
1672.99509	6	395
2024.41835	6	376
1050.43005	6	431
2443.44043	6	354
1147.12786	6	428
2421.02193	6	357
1640.53869	6	400
2414.59965	6	359
906.158208	6	442
1850.25882	6	392
1365.34547	6	421
1072.45707	6	438
1612.38336	6	409
1537.88399	6	415
1741.75548	6	404
2237.71381	6	377
1454.74076	6	423
1070.81675	6	444
1418.49517	6	426
1789.36433	6	405
854.254245	6	458
2545.37010	6	366
2181.27393	6	386
1440.98782	6	429
1826.28512	6	407
1239.34531	6	440
1684.78417	6	416
1322.44324	6	436
1547.15061	6	424
1533.17213	6	425
1407.41539	6	432
3180.39917	6	334
1418.66660	6	433
2331.49790	6	382
1663.82622	6	420
660.193920	6	476
1236.99784	6	445
712.979316	6	475
947.333812	6	463
1786.07702	6	419
1981.93168	6	408
1832.28254	6	417
955.115556	6	464
1100.13794	6	457
3269.43159	6	337
1324.29051	6	446
1064.69941	6	461
766.423702	6	477
801.239490	6	479
2596.97866	6	383
1433.56347	6	447
2510.99634	6	388
1106.39333	6	465
1272.16386	6	459
1328.65238	6	456
2210.89076	6	410
924.595594	6	480
2168.48874	6	413
1323.66251	6	460
1134.22465	6	470
999.683856	6	478
2783.00619	6	381
593.387365	6	502
902.719259	6	486
648.236989	6	501
1201.05767	6	472
1276.02696	6	468
1262.14170	6	469
1402.31466	6	462
2900.71153	6	380
1554.57520	6	455
1036.60988	6	484
837.867259	6	495
1628.09443	6	453
1003.74245	6	488
2432.46221	6	414
1175.85587	6	482
948.347806	6	496
938.248395	6	497
1496.64139	6	467
1172.42479	6	485
1228.38354	6	483
1493.04986	6	471
693.349599	6	516
1158.96010	6	493
1527.56810	6	473
1074.67484	6	498
2102.75244	6	443
841.287851	6	517
2094.35200	6	449
1518.65267	6	481
852.867603	6	519
2113.05856	6	450
1814.85915	6	466
2103.68895	6	452
2445.75929	6	435
892.945766	6	520
1365.62633	6	494
1253.54337	6	504
2172.46818	6	454
2573.53329	6	434
1644.29450	6	487
2350.92592	6	451
1290.84110	6	511
1034.27815	6	526
906.224966	6	534
2637.58277	6	439
891.126871	6	536
1423.68507	6	506
1547.75810	6	500
1454.64468	6	508
1803.73406	6	489
1393.88084	6	514
1012.84766	6	537
1573.17757	6	505
1539.00265	6	507
896.256446	6	546
2818.42780	6	441
1440.68050	6	518
1948.89616	6	490
1620.52106	6	510
819.927930	6	556
1117.61641	6	541
1166.41449	6	540
1476.77683	6	524
671.149253	6	570
1642.71378	6	515
1448.46248	6	527
803.148269	6	564
1291.03136	6	538
2473.73414	6	474
1886.01088	6	509
1558.39323	6	528
2009.83333	6	503
1238.19208	6	547
1847.57399	6	513
2235.55707	6	491
666.542768	6	583
651.512384	6	584
1372.62845	6	543
1728.02495	6	523
1244.84133	6	552
1063.73739	6	563
1735.22973	6	525
898.136854	6	574
1033.85519	6	567
1858.31975	6	521
2261.74521	6	499
1375.63776	6	550
1887.74037	6	522
1044.34609	6	572
1102.44584	6	569
1424.63088	6	551
1819.97609	6	529
856.991052	6	586
987.214565	6	579
2526.97086	6	492
952.298164	6	582
1580.01661	6	549
1188.56215	6	573
1395.41006	6	562
1733.78872	6	544
1207.02385	6	576
1394.50025	6	566
1841.95208	6	542
1638.49616	6	554
2398.51331	6	512
1573.96578	6	561
1146.23117	6	587
1738.62385	6	553
1850.58045	6	548
1977.92005	6	545
1279.17623	6	585
1533.81943	6	571
2107.46097	6	539
1792.07825	6	557
1513.68665	6	577
1579.89311	6	575
1904.70528	6	558
1372.96581	6	589
2363.40928	6	535
796.046018	6	624
1392.06504	6	592
1125.06222	6	611
2108.49380	6	555
2550.63343	6	530
4045.63164	6	448
1317.83747	6	604
1553.65300	6	590
1236.04345	6	609
1775.66671	6	578
1003.80587	6	623
2598.37460	6	533
1430.79161	6	603
1687.34884	6	591
1781.10480	6	588
1920.68910	6	581
662.410974	6	653
1658.44774	6	601
1165.79771	6	628
1543.66946	6	608
1158.08534	6	632
1834.72967	6	594
765.713930	6	654
1069.75603	6	641
3010.40029	6	531
954.376697	6	648
3001.64294	6	532
1648.04244	6	610
863.952636	6	655
1493.80612	6	620
1593.58882	6	615
1475.72636	6	622
1547.62315	6	618
1869.31777	6	602
1293.17569	6	634
1660.12454	6	617
1637.02559	6	619
2339.70856	6	580
1474.57861	6	629
2605.67855	6	565
996.333599	6	656
1382.01284	6	635
2040.60268	6	600
581.916093	6	681
1863.19589	6	613
1585.41369	6	631
1944.54813	6	612
903.605937	6	673
1484.46869	6	642
2997.62535	6	560
2341.67957	6	598
1712.94665	6	633
924.134731	6	678
1424.74913	6	651
1327.04401	6	657
1319.50306	6	658
2445.91069	6	595
2458.06264	6	596
1561.16056	6	647
2326.18927	6	607
2576.84445	6	593
1972.35870	6	627
1259.94181	6	669
1398.32425	6	664
2521.31271	6	605
2387.23134	6	614
2682.77692	6	599
2566.38240	6	606
1498.99649	6	667
3245.31102	6	568
2311.82003	6	621
1763.95106	6	652
3409.49821	6	559
1644.14668	6	661
2128.00860	6	636
1962.46600	6	646
1533.15424	6	670
2510.90598	6	616
836.703777	6	710
1444.62251	6	677
1581.76445	6	671
2398.60582	6	625
2092.26059	6	643
1429.54397	6	679
1752.64835	6	662
1570.79482	6	672
2920.08137	6	597
2367.05231	6	630
2457.87239	6	626
1794.79241	6	665
1373.44694	6	688
1801.32079	6	666
1951.63774	6	660
893.314838	6	720
2404.82711	6	637
742.152214	6	730
2268.82147	6	650
2372.45249	6	649
2206.83646	6	659
2474.78365	6	645
2579.26106	6	640
2106.45246	6	668
1801.81646	6	684
1722.84150	6	689
1221.98104	6	718
1662.86730	6	698
1463.65356	6	709
2769.92130	6	638
2135.45298	6	674
1595.02434	6	703
882.186412	6	745
816.263914	6	750
1614.34841	6	706
965.674877	6	744
1615.80133	6	708
1583.22644	6	713
1083.06097	6	743
1793.09940	6	705
2123.50988	6	687
1523.10276	6	721
1662.39404	6	714
2225.41761	6	683
2953.16672	6	644
1471.52614	6	725
1246.79327	6	738
1086.44413	6	748
2039.69311	6	695
1705.69539	6	716
2186.14649	6	690
3135.91837	6	639
1618.14475	6	722
2436.20181	6	680
2154.33120	6	696
1683.72273	6	723
2398.96154	6	686
1858.23798	6	717
1523.43440	6	736
1361.07182	6	747
2227.19287	6	699
1342.29516	6	749
1558.25161	6	737
1712.43977	6	729
2571.83551	6	682
2407.86552	6	692
1689.58044	6	735
2374.05443	6	697
851.897001	6	782
1540.06314	6	746
3070.06144	6	663
1485.91566	6	751
1457.38029	6	753
2136.15369	6	719
1928.10535	6	731
1769.26088	6	741
1590.79957	6	754
1557.40714	6	756
1232.59019	6	773
750.591993	6	801
2356.53901	6	715
1517.62557	6	762
1901.94010	6	742
1656.39615	6	757
1976.85790	6	740
2669.79360	6	702
2116.48845	6	733
1407.56082	6	772
3186.36608	6	676
1650.63953	6	761
1063.62676	6	793
2931.86879	6	693
1023.11611	6	797
2923.62952	6	694
2831.98189	6	701
2157.74297	6	739
696.044445	6	817
2823.02784	6	704
2774.86467	6	707
1138.46373	6	796
1923.05350	6	755
3084.81240	6	691
723.065853	6	818
905.704021	6	809
2471.88234	6	727
1562.02411	6	776
2362.70284	6	734
1315.85001	6	794
1534.64317	6	785
1971.41957	6	764
2098.35886	6	759
1783.07652	6	777
1960.68310	6	768
1209.33508	6	808
1625.14114	6	788
870.767831	6	827
1201.87997	6	810
3732.90538	6	675
1807.16657	6	780
2852.30159	6	724
706.067800	6	838
1190.53816	6	812
1816.20001	6	781
1688.79127	6	789
2284.56068	6	758
1537.97411	6	798
1213.14406	6	814
1269.46473	6	813
1705.28244	6	792
1596.55833	6	799
3217.12851	6	712
3728.25312	6	685
617.861509	6	852
2528.55014	6	752
2263.25011	6	766
966.484785	6	834
2041.16582	6	779
2287.90903	6	767
1529.95967	6	807
1914.13474	6	787
1762.75014	6	795
1195.24097	6	824
1625.70333	6	803
3339.19262	6	711
1898.59938	6	790
3141.12758	6	726
725.312948	6	854
898.333072	6	845
2425.93693	6	765
2237.45656	6	775
1789.64591	6	802
2148.77724	6	783
2092.66257	6	786
2581.83169	6	760
2003.55792	6	791
2146.40283	6	784
1376.44767	6	825
1510.58244	6	819
1515.41781	6	820
1600.86536	6	816
1821.47574	6	806
1863.97528	6	805
1308.74657	6	835
1902.85825	6	804
1118.66426	6	846
952.030420	6	856
1436.98453	6	831
1035.98666	6	853
1656.14700	6	821
972.671508	6	858
3363.84844	6	732
1539.15762	6	829
760.141134	6	871
880.301952	6	866
1069.84114	6	857
1300.57001	6	848
2921.20933	6	763
2713.34886	6	774
1730.51047	6	826
2841.51411	6	769
2827.37541	6	770
3653.53035	6	728
762.441158	6	882
1017.14372	6	870
1805.83333	6	828
2915.81535	6	771
1261.47365	6	859
1496.82545	6	847
1440.13428	6	851
1841.68338	6	833
2920.21107	6	778
1552.99544	6	850
1857.20825	6	836
956.734657	6	884
1389.70541	6	863
1222.54991	6	874
2024.42646	6	832
1935.42599	6	837
1417.70696	6	865
1500.14400	6	861
1888.78321	6	841
1395.96676	6	867
1376.08385	6	868
1971.96865	6	840
979.370832	6	893
1206.60352	6	883
2530.43437	6	815
1665.74954	6	862
2449.04923	6	823
1690.52195	6	864
1137.86983	6	896
1819.60320	6	860
2537.45317	6	822
2446.66147	6	830
964.694023	6	909
1559.56101	6	879
1093.66416	6	906
1324.99647	6	894
932.825088	6	916
1713.72985	6	875
5032.43875	6	700
2152.37307	6	855
1411.91196	6	895
1260.44535	6	904
3250.84567	6	800
1943.61519	6	869
1156.31604	6	913
1773.32878	6	880
1692.66247	6	886
1639.45126	6	889
1008.84413	6	925
2003.17454	6	873
1964.47086	6	877
823.395729	6	940
1122.38430	6	924
2511.87539	6	849
3243.46089	6	811
990.408420	6	933
1582.26132	6	900
1628.21865	6	899
1701.67422	6	897
1441.91837	6	912
1170.47405	6	928
1613.12603	6	903
2133.51249	6	876
1321.36964	6	922
1313.87329	6	923
2800.75931	6	843
1628.44991	6	908
1969.37060	6	891
1126.80530	6	939
1474.93767	6	921
916.202306	6	952
2093.42432	6	887
2060.73951	6	890
1422.95074	6	926
1929.49795	6	898
1017.03691	6	949
1886.02209	6	905
3083.17160	6	844
1538.26093	6	927
3191.99895	6	839
2020.68042	6	902
2379.68611	6	885
1461.69686	6	936
1870.49722	6	915
1248.51822	6	951
952.584028	6	970
2611.84597	6	881
1370.82028	6	958
1575.96206	6	948
3534.05189	6	842
1358.61968	6	960
1014.49036	6	981
1536.29350	6	953
2630.97643	6	892
1078.19533	6	978
1387.41087	6	962
1269.74868	6	969
2971.75955	6	878
731.747388	6	1000
1829.75983	6	942
1506.38079	6	963
1021.83699	6	989
2085.45351	6	932
2119.03905	6	931
1993.52240	6	938
2367.50555	6	918
1203.11999	6	983
1665.96651	6	959
1919.34132	6	946
1556.66661	6	967
3310.83989	6	872
2645.74122	6	910
1824.02968	6	957
1181.51664	6	992
2025.68078	6	947
2132.92336	6	943
2748.82149	6	911
1375.89240	6	987
1094.49648	6	1003
2372.67208	6	934
2015.54393	6	954
1996.21272	6	956
1779.45947	6	968
2236.62209	6	944
1020.40147	6	1011
1048.55012	6	1010
2300.37021	6	945
581.834793	6	1038
3100.47388	6	901
993.231058	6	1018
1624.04108	6	984
1382.39836	6	998
2631.57057	6	930
1382.86423	6	1001
2907.44304	6	919
1124.55511	6	1016
2054.25333	6	966
3117.56730	6	907
1674.50046	6	988
1546.20265	6	996
1613.89470	6	994
1189.39924	6	1017
2236.09542	6	961
1472.32484	6	1002
1413.38372	6	1006
2832.37719	6	929
2358.53505	6	955
2741.31202	6	935
1327.04639	6	1013
1591.28141	6	999
1718.47176	6	993
901.244163	6	1037
2567.89064	6	950
2162.74690	6	972
3190.26851	6	917
1412.59980	6	1014
3280.76839	6	914
2413.06662	6	964
3788.91658	6	888
912.518978	6	1045
768.998384	6	1053
2323.97413	6	971
2061.21373	6	985
2440.28878	6	965
2281.25786	6	977
1448.99535	6	1023
2347.44882	6	976
1809.27252	6	1005
1434.04293	6	1025
2394.12569	6	974
1015.02466	6	1051
2148.99682	6	991
1788.76829	6	1012
1970.62349	6	1004
1443.03679	6	1033
1477.32377	6	1032
3215.81125	6	941
1356.80246	6	1041
2226.23157	6	995
1155.12299	6	1052
1079.46491	6	1056
1489.27783	6	1035
1674.35622	6	1026
1774.57547	6	1024
1363.72160	6	1046
1563.25435	6	1036
1878.91006	6	1020
2623.72088	6	980
1848.81687	6	1022
2077.44073	6	1015
2200.16884	6	1009
2735.00895	6	982
1473.53649	6	1050
2604.89392	6	990
3900.25329	6	920
1531.50844	6	1048
2872.70069	6	979
1953.66668	6	1029
1217.94342	6	1068
2581.28070	6	997
1970.81899	6	1031
2398.31638	6	1008
3116.38236	6	973
1870.21327	6	1040
969.753265	6	1089
1435.72139	6	1066
1404.44850	6	1071
1862.46967	6	1049
1727.93531	6	1058
2441.27988	6	1021
1645.95389	6	1063
1051.70774	6	1095
598.092317	6	1118
1271.56853	6	1084
1457.60083	6	1074
2072.24607	6	1044
980.021238	6	1103
4112.29038	6	937
1595.28541	6	1072
1781.87012	6	1065
1668.48850	6	1076
1139.40262	6	1104
2002.25734	6	1059
1207.65280	6	1101
1351.62401	6	1094
1653.41448	6	1078
3390.40160	6	986
3613.68823	6	975
1439.53275	6	1091
1042.00911	6	1111
2292.62375	6	1047
1876.13987	6	1070
1586.11583	6	1086
2047.26910	6	1062
2431.48469	6	1042
1205.85107	6	1107
1434.09061	6	1096
2446.40016	6	1043
1161.69381	6	1110
1563.07411	6	1090
1730.01384	6	1083
1702.74686	6	1085
1666.93139	6	1087
1266.58535	6	1108
1900.99287	6	1079
3280.34329	6	1007
1416.82648	6	1106
2806.91123	6	1034
1160.18414	6	1120
2945.74475	6	1028
919.872045	6	1135
2205.71208	6	1069
1651.29613	6	1099
1633.90326	6	1102
2038.73276	6	1082
2080.42955	6	1081
2338.65380	6	1067
737.210988	6	1159
3239.50719	6	1030
1558.19487	6	1119
3122.56217	6	1039
1717.22722	6	1112
1868.14546	6	1105
981.176853	6	1152
3391.31617	6	1027
957.664012	6	1155
3583.85396	6	1019
2827.25620	6	1060
1135.94746	6	1148
2829.62179	6	1061
1792.54913	6	1115
2265.50960	6	1092
1165.12179	6	1149
2975.11696	6	1055
942.235469	6	1162
2622.76577	6	1075
1544.97599	6	1134
1570.85633	6	1133
1801.52201	6	1121
1057.40594	6	1160
1291.03446	6	1151
1558.29453	6	1139
1413.62547	6	1147
1385.58840	6	1150
1335.82639	6	1154
1628.21745	6	1141
2160.54010	6	1113
2150.08211	6	1114
1848.72674	6	1131
1147.96066	6	1166
3315.58680	6	1057
1279.10971	6	1163
3390.29479	6	1054
2608.54315	6	1097
1662.25457	6	1146
2710.45088	6	1093
2049.33905	6	1127
1260.15543	6	1167
1142.06719	6	1174
2119.35567	6	1125
2161.67235	6	1123
1433.97665	6	1161
1245.53656	6	1171
3326.80273	6	1064
3040.21000	6	1080
997.248172	6	1187
1383.23807	6	1168
2938.03691	6	1088
2176.26857	6	1128
1073.18186	6	1186
1991.93811	6	1140
2343.18256	6	1122
3215.10362	6	1077
1225.88872	6	1179
1311.61022	6	1176
2194.31734	6	1132
1403.27978	6	1172
2015.23137	6	1142
2503.18455	6	1116
1716.09616	6	1157
1801.95474	6	1153
869.112014	6	1202
912.082672	6	1201
2291.76545	6	1130
3387.11333	6	1073
2045.52674	6	1144
1568.32170	6	1170
1801.83911	6	1158
820.197343	6	1210
2268.80764	6	1136
2458.04619	6	1126
2096.81487	6	1145
2254.23765	6	1138
542.767286	6	1226
1421.48256	6	1180
2461.45081	6	1129
1089.57576	6	1200
855.315923	6	1213
3042.70601	6	1100
1036.10634	6	1206
1433.34960	6	1185
1548.55537	6	1184
2100.28314	6	1156
1171.48900	6	1205
1075.13952	6	1211
2883.19683	6	1117
1889.77479	6	1169
2804.57925	6	1124
1210.85238	6	1209
1906.71610	6	1173
1287.94026	6	1207
2118.59464	6	1164
1922.30606	6	1175
1196.17819	6	1216
981.029748	6	1227
1911.44204	6	1178
1854.15005	6	1181
842.119932	6	1235
1703.45664	6	1190
898.911237	6	1234
3318.62711	6	1109
1766.10207	6	1189
1245.03302	6	1218
1823.57549	6	1188
1461.14516	6	1208
2852.47325	6	1137
1729.08806	6	1194
1954.34165	6	1182
1340.24620	6	1215
1250.05054	6	1220
1564.34154	6	1204
1177.27828	6	1224
1243.20912	6	1222
1303.90191	6	1221
1782.83929	6	1196
1083.54115	6	1233
2830.17253	6	1143
1895.21574	6	1192
1278.31315	6	1225
1548.42352	6	1212
1157.65070	6	1232
1517.30251	6	1214
2123.25811	6	1183
1373.78501	6	1223
973.757982	6	1246
1110.34941	6	1239
2040.25173	6	1191
1190.97113	6	1238
1351.04990	6	1231
2069.47922	6	1193
1921.22554	6	1203
1450.19292	6	1229
3988.02542	6	1098
1438.18116	6	1230
748.814582	6	1267
984.453201	6	1254
1034.91854	6	1252
1017.72761	6	1253
1096.11797	6	1249
2738.66128	6	1165
1222.70488	6	1245
496.545553	6	1286
1230.09276	6	1247
1382.71021	6	1241
1468.75810	6	1237
551.220655	6	1288
1027.50539	6	1266
2395.11966	6	1195
674.634933	6	1287
577.721118	6	1294
1207.81946	6	1262
1366.01901	6	1256
1542.22655	6	1248
1344.40159	6	1260
1085.66570	6	1274
983.694791	6	1280
889.319419	6	1285
1687.00242	6	1242
1448.93217	6	1255
912.919521	6	1290
1343.22452	6	1268
2716.16554	6	1197
861.011028	6	1297
1133.05258	6	1284
2032.89008	6	1236
1778.66601	6	1250
898.103475	6	1301
1486.65189	6	1270
2275.46453	6	1228
665.184259	6	1314
1467.62752	6	1271
1276.35884	6	1282
2500.00596	6	1219
2930.64236	6	1199
2138.23294	6	1240
3345.25728	6	1177
2108.80327	6	1243
1025.03466	6	1302
1899.94168	6	1259
1029.41918	6	1305
1220.61133	6	1296
1614.98165	6	1275
1550.06551	6	1279
1917.98114	6	1261
1371.89984	6	1291
960.479021	6	1313
1333.48131	6	1293
3149.47867	6	1198
1579.51045	6	1283
2834.73634	6	1217
2298.17962	6	1244
1487.06984	6	1289
1670.15886	6	1281
1494.57049	6	1292
2178.71403	6	1257
1480.17096	6	1295
2084.46264	6	1264
924.328327	6	1328
2140.75350	6	1263
1915.96341	6	1277
1131.21509	6	1321
844.431400	6	1341
1631.75153	6	1298
1200.05369	6	1323
1480.72314	6	1309
1077.84724	6	1333
1203.17149	6	1327
1004.99010	6	1339
2223.32763	6	1272
971.080780	6	1342
1087.47267	6	1338
2232.28812	6	1276
2597.66006	6	1258
2229.88915	6	1278
1641.07441	6	1310
1293.72477	6	1332
1678.43484	6	1312
1478.91879	6	1324
1477.05125	6	1325
1648.14233	6	1316
1408.95938	6	1330
1150.39944	6	1345
1329.62846	6	1335
1373.49724	6	1334
1365.52095	6	1340
2573.72736	6	1273
1814.80431	6	1315
1315.00959	6	1344
3025.79522	6	1251
2724.36046	6	1269
2811.59281	6	1265
1824.12385	6	1320
1454.47373	6	1343
1315.10043	6	1351
2173.65622	6	1303
1583.40072	6	1337
2249.73011	6	1300
760.281801	6	1383
1217.54932	6	1362
2161.97967	6	1311
1973.41513	6	1322
1815.91725	6	1331
2236.85956	6	1308
1263.16976	6	1363
1392.89379	6	1357
1577.82530	6	1349
1510.17022	6	1353
1628.93867	6	1347
1709.71584	6	1346
1097.83029	6	1380
1233.85787	6	1378
1454.63752	6	1366
1097.71680	6	1386
789.531946	6	1403
1620.67246	6	1358
2634.87577	6	1304
1401.18002	6	1374
1516.84236	6	1369
1510.43820	6	1370
1655.22933	6	1365
1374.08638	6	1381
934.912919	6	1404
1267.59052	6	1387
1745.48935	6	1361
1955.13892	6	1350
1577.57902	6	1371
1894.55342	6	1354
1821.15268	6	1360
2371.05274	6	1329
2919.29984	6	1299
1090.75856	6	1400
2598.55699	6	1317
2794.90303	6	1307
2091.58873	6	1348
1655.84897	6	1372
1571.13957	6	1377
1216.51864	6	1397
2866.98579	6	1306
1812.49523	6	1367
1088.60754	6	1406
2391.19052	6	1336
1426.49102	6	1389
1446.42519	6	1388
1725.28457	6	1373
1255.62119	6	1399
2004.45151	6	1359
1492.24567	6	1395
1680.80544	6	1385
2010.01071	6	1368
2310.38260	6	1352
2119.30632	6	1364
1624.58634	6	1393
1609.77315	6	1394
1337.34750	6	1410
1205.48009	6	1418
1723.72007	6	1390
3055.68742	6	1318
1651.10635	6	1396
1193.69220	6	1422
1088.98448	6	1428
1646.69299	6	1401
1385.49470	6	1420
946.516752	6	1445
2620.88894	6	1356
2218.90401	6	1379
1413.20586	6	1423
1129.58407	6	1440
2018.81933	6	1392
1872.09510	6	1402
1800.80533	6	1409
3433.69603	6	1319
1628.73959	6	1419
1448.24957	6	1430
2314.49842	6	1384
1643.09906	6	1421
1935.64033	6	1405
1903.54347	6	1407
2889.39070	6	1355
1565.50931	6	1431
1613.35158	6	1429
3501.81579	6	1326
1281.07213	6	1448
1678.60341	6	1427
1298.16865	6	1449
1289.97969	6	1450
2005.18679	6	1415
2740.90695	6	1375
1316.27845	6	1454
2760.00404	6	1376
1841.78805	6	1426
1559.03077	6	1442
1402.43649	6	1451
2148.20551	6	1411
1289.54052	6	1459
1298.35319	6	1460
1362.99180	6	1458
1044.78240	6	1479
1844.22898	6	1438
838.679313	6	1494
1161.17906	6	1478
2365.79036	6	1414
2832.15808	6	1391
706.660509	6	1506
2087.16130	6	1432
1664.18886	6	1457
2000.81372	6	1439
2765.00463	6	1398
801.397562	6	1505
2428.63106	6	1417
2473.53386	6	1416
1838.80710	6	1452
1303.64727	6	1483
2607.40828	6	1412
788.217544	6	1510
1822.93319	6	1455
2230.58581	6	1433
1820.72305	6	1456
2121.81210	6	1441
1395.89262	6	1481
1414.92438	6	1480
2767.13180	6	1408
1648.44369	6	1470
1098.00124	6	1499
1453.38606	6	1482
3306.81848	6	1382
988.344907	6	1508
1233.31403	6	1498
1934.91959	6	1461
1749.67861	6	1473
1732.51080	6	1474
1893.21398	6	1465
2111.23323	6	1453
2473.56534	6	1434
1900.08091	6	1469
1092.43416	6	1512
1277.52470	6	1503
1658.99991	6	1484
1908.20360	6	1472
1385.06388	6	1500
2606.85110	6	1435
2600.36396	6	1437
1983.50644	6	1471
1672.26648	6	1488
2632.68613	6	1436
2152.16827	6	1463
1295.91417	6	1509
1218.39714	6	1515
1415.29393	6	1507
2212.46385	6	1467
2300.31442	6	1462
982.538938	6	1532
3024.04069	6	1425
1237.09774	6	1521
2623.15177	6	1447
1611.26279	6	1502
924.265623	6	1539
3285.27021	6	1413
2382.14588	6	1464
1498.93975	6	1514
1088.15336	6	1536
3212.32604	6	1424
1744.22645	6	1504
2437.23511	6	1468
1160.28761	6	1535
2284.99317	6	1477
2877.53558	6	1444
1474.60007	6	1520
974.458456	6	1546
1278.89537	6	1530
1140.64216	6	1540
1705.76620	6	1511
2391.68930	6	1476
2228.38711	6	1487
1259.78183	6	1537
1955.55090	6	1501
3040.62986	6	1443
972.066879	6	1555
2104.04729	6	1495
2179.65769	6	1492
1511.53707	6	1527
2115.26799	6	1496
1113.35849	6	1549
2529.73699	6	1475
1097.33390	6	1551
1499.32527	6	1529
1434.23986	6	1534
1079.30850	6	1554
1508.61144	6	1531
778.559923	6	1572
1810.20855	6	1518
1528.95236	6	1538
953.524827	6	1570
1505.53369	6	1541
1017.38238	6	1567
1495.54419	6	1542
1851.53818	6	1524
2967.68784	6	1466
2017.70019	6	1517
1808.53390	6	1528
2528.15461	6	1491
690.033197	6	1588
2502.58708	6	1493
2681.10990	6	1486
960.365295	6	1577
2130.96547	6	1516
855.151891	6	1584
2652.35829	6	1490
1465.67702	6	1553
2774.39856	6	1485
1181.09178	6	1568
1259.88483	6	1566
1622.58982	6	1547
679.344177	6	1597
2589.86115	6	1497
915.632486	6	1586
1168.97439	6	1574
2070.19090	6	1526
2313.63415	6	1513
1946.07090	6	1533
1544.18563	6	1556
565.306663	6	1611
1187.53337	6	1579
869.778156	6	1595
2260.16592	6	1522
1047.38998	6	1587
2331.99143	6	1519
2918.67876	6	1489
637.794733	6	1610
1124.44543	6	1585
1361.57321	6	1573
1437.36934	6	1569
1056.13446	6	1589
1051.94783	6	1592
1826.69353	6	1552
2370.83005	6	1523
1470.40081	6	1571
1074.79310	6	1591
1302.36649	6	1581
1030.60746	6	1594
1963.26541	6	1545
2352.86235	6	1525
892.963171	6	1606
1521.25978	6	1575
942.420959	6	1607
1052.56271	6	1604
4030.06792	6	1446
1605.92961	6	1576
1876.31177	6	1562
699.355363	6	1626
1374.78017	6	1590
1626.98626	6	1578
1320.18446	6	1593
1950.75774	6	1564
771.763086	6	1628
991.725683	6	1617
841.570854	6	1629
1795.37796	6	1580
1309.09538	6	1605
1386.92641	6	1602
2104.08639	6	1565
965.551137	6	1625
2434.14258	6	1548
1884.84883	6	1582
1650.01964	6	1596
942.292213	6	1635
1210.52670	6	1620
2392.53902	6	1559
1331.46071	6	1616
2458.16707	6	1558
2717.04530	6	1544
838.786840	6	1646
1411.89146	6	1614
2758.68582	6	1543
1634.69481	6	1603
1188.44795	6	1627
2459.88631	6	1561
920.012950	6	1647
2485.26430	6	1563
2746.95372	6	1550
1550.10032	6	1615
1663.16127	6	1609
1636.93952	6	1613
900.076389	6	1655
1005.97143	6	1650
1250.08797	6	1637
1127.80976	6	1645
2714.70117	6	1560
1325.64544	6	1636
1114.58086	6	1649
1309.00621	6	1643
1558.65955	6	1630
1986.62734	6	1608
1038.82622	6	1661
1930.22918	6	1612
1737.81538	6	1623
1606.04906	6	1631
2241.61434	6	1598
1593.51968	6	1634
788.608074	6	1679
1038.23351	6	1665
1786.13162	6	1624
1326.98869	6	1652
2289.35337	6	1599
1284.50894	6	1656
2291.02087	6	1601
995.869398	6	1673
1754.83846	6	1632
880.346059	6	1681
688.868522	6	1692
2002.83193	6	1619
1438.00711	6	1651
2379.00304	6	1600
2733.74104	6	1583
1809.89599	6	1633
1379.33135	6	1657
777.799129	6	1691
938.600301	6	1683
3329.03194	6	1557
1208.77099	6	1672
973.854780	6	1685
789.137125	6	1695
1041.59092	6	1682
931.757211	6	1688
1441.21050	6	1660
1249.14932	6	1671
1170.82810	6	1676
1336.06123	6	1670
922.157764	6	1693
2240.74792	6	1621
1796.65446	6	1648
2346.76837	6	1618
1523.27799	6	1666
1689.19968	6	1659
1366.72377	6	1678
1447.51524	6	1675
1684.34643	6	1663
1777.00328	6	1658
1306.49757	6	1686
2181.29277	6	1638
1113.14415	6	1701
2552.82115	6	1622
2028.99765	6	1653
1801.38683	6	1667
1298.05493	6	1698
1635.87570	6	1680
2107.77974	6	1654
1985.03327	6	1662
771.410703	6	1733
1605.45253	6	1687
1514.10937	6	1694
1480.22365	6	1697
2451.60341	6	1644
1532.50813	6	1696
1770.41721	6	1684
1656.57043	6	1690
2557.41190	6	1641
1126.35779	6	1720
940.163612	6	1732
1299.17907	6	1713
2696.92683	6	1640
2299.38912	6	1664
1091.56537	6	1731
1165.13013	6	1727
1602.58102	6	1703
1688.02165	6	1700
1777.45175	6	1699
1462.00656	6	1717
1335.81161	6	1726
1604.46000	6	1711
1494.10104	6	1718
1347.55420	6	1728
1700.55723	6	1710
2941.91050	6	1642
1676.35440	6	1712
3018.64457	6	1639
1565.54961	6	1719
1214.54644	6	1741
1611.35125	6	1721
1320.34945	6	1737
1266.82662	6	1740
867.691040	6	1762
882.243633	6	1763
1147.49693	6	1750
880.392551	6	1765
1650.99453	6	1724
1618.54362	6	1729
1370.56684	6	1743
1077.30221	6	1760
2021.98791	6	1709
2782.74488	6	1668
2397.26662	6	1689
1133.21900	6	1764
1614.32790	6	1738
2166.10479	6	1708
710.787057	6	1790
2266.00122	6	1705
1970.30258	6	1722
1352.21910	6	1757
2873.90589	6	1674
936.579942	6	1782
1222.70798	6	1766
2010.88595	6	1723
1676.02443	6	1744
1548.55680	6	1751
2359.62104	6	1707
1476.34458	6	1756
2931.13541	6	1677
1189.35346	6	1773
3122.15781	6	1669
2456.81238	6	1706
1004.87613	6	1787
1382.49611	6	1767
1857.58876	6	1742
1697.26681	6	1752
2394.97303	6	1715
1606.30512	6	1761
2275.96426	6	1725
1731.01162	6	1755
2129.13775	6	1735
1191.42532	6	1788
2257.17067	6	1730
1430.51981	6	1776
1491.75071	6	1775
1389.63484	6	1781
2593.26362	6	1714
2251.37209	6	1734
1167.37484	6	1793
1305.31358	6	1786
2826.96390	6	1702
2793.28846	6	1704
2228.80458	6	1736
1612.23411	6	1771
1498.96478	6	1778
1534.42645	6	1779
1701.56478	6	1770
2681.93435	6	1716
1209.68914	6	1797
1588.57393	6	1780
1696.40803	6	1774
2249.76801	6	1745
965.535402	6	1819
2493.39246	6	1739
1990.54908	6	1768
2439.49842	6	1746
2412.26840	6	1753
2411.69786	6	1754
1285.30764	6	1817
1085.75129	6	1829
657.204389	6	1853
1825.85239	6	1792
2244.79579	6	1769
2119.15016	6	1777
1443.00079	6	1815
2482.77759	6	1759
2712.91232	6	1749
1051.99289	6	1839
1252.98309	6	1830
2795.48025	6	1747
2803.98654	6	1748
1942.77048	6	1796
1639.02187	6	1812
846.287488	6	1854
1463.83690	6	1822
1928.20072	6	1798
1378.01384	6	1827
2670.56131	6	1758
929.049253	6	1852
1642.81582	6	1814
2485.22233	6	1772
1363.89207	6	1834
1419.22187	6	1831
1918.63417	6	1807
2225.74305	6	1791
1716.29667	6	1818
2215.36707	6	1795
1688.28678	6	1823
1239.81523	6	1847
2050.63056	6	1804
1984.79652	6	1808
1035.73250	6	1859
2366.10937	6	1789
2483.86669	6	1783
1738.68823	6	1825
1739.00198	6	1826
2167.67334	6	1805
1670.80903	6	1832
1791.08905	6	1828
1456.49743	6	1846
1522.66311	6	1844
2332.09490	6	1801
2268.47362	6	1806
1337.21280	6	1857
1299.61466	6	1862
2228.38068	6	1813
2518.85223	6	1799
993.914127	6	1881
1409.20138	6	1858
1454.63252	6	1856
1615.26346	6	1849
857.486724	6	1891
1021.43287	6	1882
1768.87893	6	1842
1860.21995	6	1838
1659.66558	6	1850
1776.26156	6	1845
2203.19128	6	1824
688.055992	6	1906
1423.06947	6	1866
2632.57765	6	1802
1486.23919	6	1863
1684.56125	6	1855
485.098838	6	1921
1609.95578	6	1860
872.284650	6	1901
877.546310	6	1902
2630.64503	6	1810
2630.53512	6	1811
1933.38680	6	1851
1714.75148	6	1864
2180.85289	6	1840
1628.00908	6	1871
1375.05078	6	1886
2928.35116	6	1803
1761.70969	6	1870
1032.62639	6	1910
2456.11286	6	1833
1861.70673	6	1865
1725.10123	6	1873
822.823286	6	1922
2215.99864	6	1848
755.468606	6	1927
959.250688	6	1918
2808.39633	6	1821
3212.14365	6	1800
877.624273	6	1926
3535.12144	6	1784
3525.26426	6	1785
2007.41839	6	1868
2606.81939	6	1836
1340.05975	6	1905
1317.74640	6	1907
2520.54262	6	1843
3026.19838	6	1816
1729.71129	6	1889
1470.95704	6	1903
2240.92578	6	1861
1186.52868	6	1919
933.516025	6	1933
1840.42930	6	1884
1759.05060	6	1893
1822.18098	6	1890
1938.47084	6	1885
1891.10040	6	1888
1594.53058	6	1904
1707.75604	6	1898
1526.32212	6	1908
2106.68563	6	1877
1293.84779	6	1923
1424.45182	6	1917
2835.27779	6	1841
2364.29286	6	1867
1818.20392	6	1897
630.981683	6	1961
1255.34439	6	1928
786.668300	6	1954
1779.78062	6	1900
1896.80719	6	1894
1128.79228	6	1936
3289.56103	6	1820
1957.15618	6	1892
940.498113	6	1947
3016.81137	6	1835
1832.39102	6	1899
1598.54054	6	1913
3818.85671	6	1794
1680.97662	6	1912
2499.64094	6	1869
1211.28582	6	1940
1345.71218	6	1934
1775.17366	6	1911
2443.25447	6	1875
1527.41169	6	1925
1757.87258	6	1915
857.099294	6	1965
626.297712	6	1980
940.231084	6	1963
2229.48718	6	1895
1327.07262	6	1944
1476.09567	6	1938
1382.99870	6	1943
956.471204	6	1968
1203.48668	6	1955
2710.02006	6	1874
2772.20034	6	1872
2701.69663	6	1876
1185.06765	6	1959
2691.34521	6	1879
1158.79988	6	1962
857.676029	6	1979
2686.52558	6	1880
2062.72888	6	1914
1103.33847	6	1966
1280.72214	6	1957
1696.71535	6	1935
2422.79458	6	1896
2060.31537	6	1916
983.484506	6	1975
2716.31026	6	1883
1742.95997	6	1937
1883.21828	6	1929
3613.94381	6	1837
1345.32284	6	1960
814.159631	6	1991
1988.30723	6	1930
1196.23851	6	1974
1812.22748	6	1945
3093.93882	6	1878
1450.10495	6	1967
1956.47740	6	1941
1945.16682	6	1942
1399.02424	6	1972
1017.44580	6	1993
1342.85569	6	1976
2036.01241	6	1939
1755.23042	6	1956
1313.06147	6	1983
2291.23640	6	1932
1183.73322	6	1992
1464.75887	6	1977
2047.83749	6	1946
1551.33724	6	1973
1283.99300	6	1988
1636.73996	6	1971
1680.21416	6	1970
2054.21423	6	1950
2612.03432	6	1920
2121.79756	6	1949
2623.10981	6	1924
2541.83530	6	1931
1264.47105	6	2002
3392.97747	6	1887
1880.75113	6	1969
1281.69465	6	2003
1132.87806	6	2013
1306.64896	6	2005
3130.48434	6	1909
5014.50395	6	1809
1423.61688	6	2004
1722.60904	6	1989
1046.33760	6	2025
886.047601	6	2034
1854.15792	6	1984
2211.56048	6	1964
1404.64782	6	2009
1320.85108	6	2015
1351.44996	6	2014
1458.84490	6	2008
1003.18479	6	2032
1278.85365	6	2018
1032.44209	6	2033
1693.47238	6	2000
2672.16372	6	1948
1327.87656	6	2022
2610.04519	6	1953
1053.63464	6	2037
2018.57185	6	1986
851.574659	6	2049
2689.29576	6	1952
1497.59960	6	2017
1075.76966	6	2042
2191.22219	6	1982
1948.05979	6	1995
1924.26347	6	1998
1793.39718	6	2006
2323.54187	6	1978
1992.37346	6	1996
1987.19835	6	1999
1762.17603	6	2012
881.515979	6	2060
1383.65364	6	2035
2343.05739	6	1985
1420.21203	6	2036
1199.25403	6	2048
1530.38477	6	2031
2234.70115	6	1994
1808.09950	6	2021
1088.86432	6	2061
1670.36461	6	2030
2109.41958	6	2007
3035.35079	6	1958
1185.24861	6	2058
1437.13784	6	2045
1218.01567	6	2057
1856.43172	6	2024
2516.93272	6	1990
913.715839	6	2079
2194.40746	6	2011
3294.04401	6	1951
1689.68176	6	2040
813.043832	6	2090
1494.11439	6	2053
2109.19976	6	2020
1265.60640	6	2067
1250.33450	6	2068
1534.76738	6	2055
977.558135	6	2087
870.383977	6	2093
1326.58028	6	2069
1294.37518	6	2071
2857.49197	6	1987
2133.48603	6	2028
1787.00590	6	2047
1455.20544	6	2065
2311.72156	6	2019
1305.67574	6	2073
1494.81081	6	2063
2162.15848	6	2027
1253.88813	6	2077
1548.10571	6	2062
2679.94594	6	2001
1152.53186	6	2085
1920.01271	6	2043
2772.86958	6	1997
1800.35495	6	2051
1360.21661	6	2075
957.121372	6	2097
1417.09423	6	2072
1750.54645	6	2054
1310.60051	6	2078
1719.04683	6	2056
950.548410	6	2098
1290.30609	6	2080
1085.74128	6	2092
1565.78183	6	2066
1827.76737	6	2052
2082.20648	6	2039
963.491916	6	2100
2061.94591	6	2041
2395.46656	6	2023
3195.88208	6	1981
1745.67270	6	2059
1450.79326	6	2076
2573.73833	6	2016
1096.72307	6	2096
2685.92190	6	2010
1586.25459	6	2070
1382.00831	6	2081
1093.19424	6	2099
2236.80853	6	2038
2017.41456	6	2050
1320.99676	6	2088
1195.83272	6	2095
1578.98473	6	2074
1218.91140	6	2094
1427.53720	6	2083
1372.43151	6	2086
1446.25139	6	2082
1325.34408	6	2091
2516.16406	6	2026
2192.16871	6	2044
1829.73551	6	2064
1399.01590	6	2089
2201.26748	6	2046
2515.44046	6	2029
1586.75694	6	2084
avg:  1590.6832095554896
std:  715.5804322716343
p95:  2872.7609515190125
p99:  3393.142683506008
com:  53.48008444157645
thg:  2674.0042220788227
FCT:  39.26695370674133
que:  1532.9463359287806
los:  0.0
2100 0
**********************
