[11 10 16 ... 19 17 14]
96.5292453	6	1
90.4390811	6	2
63.0776882	6	9
150.694131	6	3
171.085357	6	4
185.206651	6	5
107.239484	6	11
161.377906	6	12
238.263607	6	7
257.663249	6	6
231.925487	6	8
208.295106	6	10
187.707662	6	16
336.506366	6	13
331.796169	6	14
195.877313	6	26
340.777635	6	18
358.452081	6	17
337.971448	6	22
310.561656	6	24
367.050647	6	20
405.142307	6	19
350.300312	6	25
504.114866	6	15
395.701169	6	23
242.666721	6	38
392.261505	6	30
524.808883	6	21
467.050552	6	27
248.873472	6	43
333.429574	6	39
323.396444	6	40
239.434242	6	46
474.832773	6	33
495.627880	6	32
560.525417	6	29
454.854488	6	37
273.180961	6	50
603.351116	6	28
569.436073	6	31
446.963548	6	41
404.221773	6	44
440.074682	6	42
283.138275	6	53
398.748636	6	45
543.490409	6	35
358.375310	6	48
358.478069	6	51
575.853347	6	36
345.663785	6	57
356.364727	6	58
417.711257	6	54
455.306053	6	52
534.749269	6	47
391.921281	6	59
556.742668	6	49
394.023418	6	62
380.256891	6	65
356.827974	6	67
833.152770	6	34
426.138401	6	63
460.054397	6	64
505.330324	6	61
425.552368	6	70
576.619863	6	60
337.767124	6	77
675.644636	6	55
414.849519	6	76
519.893407	6	69
390.140771	6	78
564.064025	6	71
516.534805	6	75
486.624717	6	79
368.482112	6	92
751.384973	6	66
603.124380	6	80
424.048185	6	93
722.542285	6	73
274.995803	6	104
530.771017	6	87
752.996921	6	72
643.006086	6	81
538.229942	6	91
803.427219	6	74
474.380493	6	97
1072.45182	6	56
495.212554	6	96
681.600570	6	84
447.580814	6	101
483.111143	6	100
728.196144	6	83
247.707366	6	117
469.056844	6	102
548.794269	6	98
737.376213	6	85
783.866882	6	82
568.022727	6	99
461.517333	6	107
536.945819	6	109
422.984361	6	118
782.763957	6	94
894.678592	6	88
1239.89796	6	68
866.911411	6	95
620.944023	6	112
473.138093	6	122
744.101047	6	106
648.788213	6	114
486.829280	6	126
468.887329	6	129
672.478675	6	116
840.784311	6	105
575.813293	6	124
889.326810	6	103
715.361118	6	115
1115.73052	6	89
601.942062	6	125
821.987390	6	111
599.922418	6	128
826.648950	6	113
1224.45702	6	86
616.091012	6	130
784.319162	6	120
762.828826	6	123
599.188089	6	137
683.609724	6	132
613.514184	6	139
738.436937	6	136
617.177963	6	144
995.733022	6	121
1448.85778	6	90
702.988386	6	143
767.720222	6	140
1209.17010	6	110
1080.98912	6	119
694.181680	6	145
817.817926	6	138
297.534465	6	177
625.735521	6	157
291.641235	6	179
637.248039	6	158
1032.94301	6	134
896.752357	6	146
1182.60216	6	127
884.763479	6	147
801.825523	6	153
720.281362	6	159
1184.91935	6	133
777.882337	6	165
1276.86882	6	135
1680.26232	6	108
672.266483	6	176
551.764965	6	185
708.217620	6	175
538.946628	6	188
744.323492	6	178
1172.30224	6	150
997.123241	6	162
1201.56621	6	152
930.254220	6	170
1199.39780	6	154
894.037008	6	174
995.901346	6	173
1358.29091	6	151
809.512376	6	192
900.377035	6	187
1615.58771	6	141
972.334623	6	183
1185.37974	6	171
1178.02977	6	172
673.723936	6	205
1454.18691	6	155
1604.89869	6	148
932.862043	6	193
1111.70148	6	182
1617.59686	6	149
1410.68768	6	163
1192.63243	6	180
1407.57989	6	166
939.164161	6	200
1465.97337	6	167
1462.48817	6	168
2031.83197	6	131
1869.05980	6	142
718.347549	6	218
1075.93154	6	196
1616.12772	6	161
1327.81767	6	181
1248.07786	6	186
1006.54864	6	204
920.077562	6	212
1416.92757	6	184
875.220537	6	219
1407.70268	6	189
1248.73018	6	203
1919.35038	6	160
1205.44099	6	207
1104.91108	6	215
875.267267	6	232
1033.96439	6	223
1938.31825	6	169
942.473173	6	233
990.357160	6	230
2150.19154	6	156
819.836854	6	242
1171.33927	6	221
1477.04982	6	202
1302.06394	6	214
1178.31921	6	222
1519.96064	6	201
1307.46316	6	216
1190.18411	6	225
1105.67569	6	231
1196.50220	6	226
1522.30000	6	206
1059.96894	6	235
1179.92067	6	229
1077.12054	6	236
1296.98443	6	224
1822.10540	6	194
1777.72617	6	199
1091.74966	6	248
1008.89301	6	253
669.734239	6	274
1243.53718	6	240
1442.71135	6	228
1970.19648	6	195
1300.80175	6	238
2468.59025	6	164
1089.42246	6	260
1938.08531	6	213
2314.42093	6	190
1850.08406	6	220
2021.76094	6	211
1707.42797	6	234
1117.10429	6	271
1382.86948	6	256
768.383979	6	294
1421.51260	6	254
1261.49892	6	265
1314.00609	6	262
1921.58722	6	227
1627.42543	6	245
2393.10908	6	198
2240.11874	6	208
819.736719	6	295
1276.37743	6	268
1128.26442	6	277
1833.96911	6	237
1713.11092	6	244
1161.66710	6	278
2575.23250	6	191
1563.81201	6	257
1852.86402	6	241
1902.41265	6	239
1533.50996	6	261
1128.25489	6	288
1259.82618	6	280
1400.88510	6	272
1333.70161	6	276
1728.91950	6	255
1834.78426	6	251
1648.87714	6	263
1836.98844	6	252
1412.11080	6	279
1664.14952	6	264
1908.63871	6	250
1792.34361	6	258
1269.42229	6	291
1394.75250	6	284
1191.83111	6	297
1324.74708	6	290
1458.18114	6	285
1770.40839	6	269
1520.77794	6	286
1968.69778	6	259
1523.55909	6	287
3054.66604	6	197
2212.84961	6	249
1738.08598	6	281
2296.98324	6	247
785.456180	6	336
1224.86162	6	314
2939.87298	6	210
1318.75729	6	309
1567.35444	6	296
1293.77865	6	313
1513.55314	6	301
2498.00801	6	243
1777.96196	6	292
2066.73669	6	275
2202.86512	6	267
1577.78763	6	306
2562.66236	6	246
2268.35632	6	266
1551.32269	6	310
2220.49498	6	270
3248.98862	6	209
1795.30382	6	300
1453.12023	6	321
2117.12217	6	283
1505.04779	6	320
1043.16639	6	349
1596.82202	6	319
1230.26514	6	340
1143.52250	6	346
2099.00999	6	293
1269.54340	6	341
1960.34836	6	307
1705.31582	6	322
1928.55906	6	312
1846.86112	6	318
1616.10651	6	331
2200.99759	6	298
949.699878	6	369
1918.05815	6	317
1728.43933	6	329
2073.21262	6	311
541.495084	6	397
1449.10335	6	347
3649.18065	6	217
2263.73100	6	302
1057.75046	6	370
1541.94664	6	345
1614.41135	6	342
1478.55544	6	350
2681.01787	6	282
720.565319	6	396
2042.55366	6	324
2666.12339	6	289
976.163864	6	385
1247.03502	6	371
1737.91074	6	344
1648.33068	6	351
1973.42586	6	333
1023.48947	6	389
1559.35454	6	364
2016.81637	6	339
2262.49313	6	327
2228.34491	6	330
2392.75741	6	323
2707.30829	6	305
1503.29542	6	374
1745.09716	6	360
1981.53948	6	348
2762.99238	6	304
2694.79131	6	308
2404.00147	6	326
1250.72336	6	390
1052.58226	6	401
2363.56496	6	332
1324.37825	6	391
1968.58835	6	356
2696.51436	6	316
1887.35032	6	361
1752.38752	6	373
1263.74244	6	400
1752.28667	6	375
3527.68278	6	273
1358.87742	6	398
1942.84844	6	367
2386.07549	6	343
1414.15405	6	399
2079.76150	6	362
1526.05915	6	394
1709.57350	6	384
2767.16661	6	328
2005.84554	6	372
2242.10762	6	358
3334.40589	6	299
2889.86873	6	325
1484.95721	6	404
1682.10029	6	393
1098.34909	6	427
2384.72270	6	355
2458.19711	6	354
883.114576	6	444
1167.40679	6	428
2557.77859	6	352
1663.52534	6	402
2810.94884	6	338
3471.29440	6	303
1089.61415	6	437
2189.36061	6	379
2442.64841	6	365
1393.12577	6	424
1294.68822	6	430
1613.05594	6	412
1725.79765	6	406
2079.14805	6	387
2691.34020	6	353
3025.58159	6	334
1306.58721	6	431
1660.41159	6	411
2639.80627	6	357
1787.54878	6	405
2467.34380	6	368
1533.99729	6	422
783.357858	6	464
3465.55781	6	315
2375.82993	6	377
1595.17860	6	421
1209.78140	6	445
2092.46253	6	395
2661.91530	6	363
3159.99460	6	335
1951.01666	6	403
1563.86041	6	425
1306.25700	6	442
2215.08264	6	392
1614.54105	6	426
1499.08447	6	433
1677.12950	6	423
1410.91632	6	440
2604.81071	6	376
2574.36919	6	378
2060.77575	6	407
1927.88076	6	415
2942.53039	6	359
1101.53555	6	463
1877.92563	6	420
2848.73962	6	366
859.330892	6	477
2113.98696	6	409
1265.04158	6	457
2538.11383	6	386
1987.69640	6	417
1975.17991	6	418
2012.50410	6	416
1528.29957	6	446
1710.81399	6	436
1232.42306	6	465
1835.66164	6	432
1060.78290	6	475
1337.74757	6	461
1060.09793	6	476
1634.73486	6	447
1467.54741	6	458
1987.72025	6	429
685.889720	6	502
723.683357	6	501
2861.83881	6	382
2391.20149	6	408
1891.36767	6	438
2329.58841	6	413
1156.94332	6	478
1334.31625	6	470
1061.46287	6	486
2361.22441	6	414
1196.68936	6	480
1148.66137	6	485
3059.71074	6	380
1185.00137	6	484
1294.51560	6	479
3849.60865	6	337
994.491815	6	497
1668.54357	6	460
1459.29002	6	472
1717.89264	6	459
1683.75325	6	462
2457.97467	6	419
1330.40952	6	482
1124.75776	6	495
3178.87639	6	381
1081.18677	6	498
1602.86998	6	469
3169.00038	6	383
1859.31634	6	456
798.148870	6	517
1990.36073	6	453
1226.15361	6	496
3182.64317	6	388
1744.44961	6	468
1433.30001	6	488
1824.49865	6	467
1749.51601	6	471
955.536842	6	516
1915.40002	6	466
2969.62571	6	410
2180.58729	6	455
1693.37081	6	483
1737.42580	6	481
1537.30154	6	494
1942.48628	6	473
1053.10297	6	526
2401.10468	6	452
1186.30123	6	519
1462.76378	6	507
1726.10116	6	493
2439.11337	6	454
1249.56130	6	520
1858.67452	6	487
1522.94778	6	506
1583.21619	6	504
1526.70431	6	508
2901.67069	6	434
1541.02945	6	511
1651.29208	6	505
931.193351	6	546
2819.54026	6	443
1127.38370	6	536
1490.08893	6	518
1144.15812	6	538
1349.64513	6	527
1844.83623	6	500
920.201301	6	552
2817.99483	6	449
1043.62702	6	547
1224.64013	6	537
3074.99003	6	435
2835.74509	6	450
953.251361	6	556
1259.08803	6	540
1714.80703	6	515
731.914281	6	570
841.357469	6	564
1609.89594	6	528
889.990806	6	572
1579.73575	6	534
1001.49393	6	567
745.108366	6	583
2445.31536	6	489
2405.37643	6	492
1839.58935	6	524
2450.02365	6	490
3179.34989	6	451
818.380355	6	584
1467.63229	6	548
3455.77263	6	439
2129.40168	6	512
814.569711	6	586
1617.30265	6	541
1921.43082	6	525
1980.55529	6	522
2215.66820	6	510
2185.64891	6	514
1035.87150	6	579
2650.81071	6	491
1730.14807	6	542
1598.70600	6	550
1039.93892	6	582
1384.01079	6	563
1399.78814	6	562
1212.80050	6	573
1189.83793	6	576
1852.50163	6	543
2581.50219	6	503
1456.68196	6	566
3816.10655	6	441
2506.75559	6	513
2354.00533	6	523
1154.22868	6	592
1838.81616	6	553
1525.78258	6	574
1979.05445	6	551
2547.74141	6	521
1317.75403	6	590
2147.83239	6	544
3425.22954	6	474
1932.51919	6	558
1445.00231	6	587
3964.97464	6	448
2919.99983	6	509
1833.08815	6	569
409.571170	6	653
2569.23508	6	533
2085.50310	6	561
2622.93267	6	532
1716.85051	6	585
1902.43887	6	575
1854.00462	6	578
1310.40143	6	610
3305.20367	6	499
2761.17491	6	529
2418.70570	6	549
1729.92420	6	588
2316.82705	6	555
2678.86900	6	535
1128.50642	6	624
2553.38788	6	545
2839.00141	6	530
1826.56550	6	589
2130.56111	6	571
1248.65293	6	623
2730.71789	6	539
1569.75412	6	608
2503.37457	6	557
2113.13009	6	580
1196.07400	6	632
814.976215	6	655
1417.74964	6	622
1593.46675	6	613
1340.22521	6	628
2230.08608	6	577
1581.86316	6	620
1683.39800	6	615
2758.22830	6	554
1333.79125	6	635
1661.60058	6	618
1976.16338	6	600
1914.42418	6	604
1397.44615	6	633
1829.54311	6	611
1857.00631	6	612
1909.98435	6	609
1077.56662	6	656
1784.32178	6	619
1173.09212	6	654
2318.08543	6	593
2152.48990	6	603
1495.56732	6	641
2251.36041	6	601
2196.48718	6	606
2040.47203	6	617
964.249610	6	678
2677.34742	6	581
1538.63573	6	646
2537.69516	6	591
2994.27366	6	565
3088.14954	6	560
1900.73060	6	629
2528.56802	6	594
2408.19048	6	602
1030.11775	6	681
1629.50682	6	648
2515.90228	6	599
1552.42276	6	657
1965.80672	6	634
2615.77939	6	598
1556.11109	6	658
1306.95652	6	673
1799.38817	6	647
1245.53394	6	679
2731.83774	6	595
3199.62835	6	568
2232.05876	6	626
3420.89366	6	559
1585.52646	6	666
1838.20939	6	652
2312.39676	6	627
2057.98101	6	642
1549.75485	6	672
1602.35214	6	669
2765.74134	6	607
2348.67906	6	631
2990.65542	6	596
1757.36594	6	667
4187.93773	6	531
1731.67252	6	670
2430.63688	6	630
1037.06693	6	710
2113.35086	6	651
1498.35252	6	688
1708.91380	6	677
2317.00992	6	643
1940.86241	6	665
2998.08359	6	605
1995.50127	6	664
2968.64008	6	616
1995.38111	6	671
3019.90151	6	614
2241.43743	6	660
2643.86177	6	637
3363.07501	6	597
2876.90711	6	625
2450.57272	6	650
2244.77076	6	662
2301.82886	6	659
1515.56396	6	703
1297.24240	6	720
2793.56622	6	636
1624.42612	6	708
1535.17651	6	713
1659.21616	6	706
2475.62050	6	661
1242.55371	6	730
1000.45084	6	744
2096.96078	6	684
1927.37317	6	695
2901.58247	6	640
2183.67314	6	683
1100.69823	6	743
975.888013	6	750
3314.61095	6	621
1613.00897	6	718
1563.27438	6	723
1156.75473	6	745
2029.36482	6	698
2513.62657	6	674
1787.85634	6	714
2041.83030	6	705
1835.89148	6	717
1691.25604	6	725
2388.67163	6	687
3235.58330	6	639
1461.56620	6	738
2548.39396	6	680
2764.19258	6	668
3169.21782	6	645
1574.31554	6	735
3342.26942	6	638
1358.19911	6	748
1307.80887	6	751
1572.84235	6	737
1884.75728	6	721
2929.61692	6	663
1937.28351	6	719
2293.33567	6	699
3231.59742	6	649
2152.43482	6	709
1459.08331	6	747
1781.89682	6	731
3348.63495	6	644
1989.39037	6	722
2108.05177	6	716
2653.36632	6	686
2622.03097	6	690
2524.25718	6	696
2663.10238	6	689
2554.73899	6	697
2677.00982	6	692
1008.67938	6	782
1811.43045	6	740
1625.86998	6	753
1595.34287	6	755
2343.40882	6	715
1999.86696	6	736
1340.17610	6	773
3013.71598	6	682
1787.70852	6	749
1864.82286	6	746
1762.36367	6	754
1464.02859	6	772
1800.75883	6	757
3323.92215	6	675
948.175668	6	801
2172.73855	6	741
1453.63068	6	780
2406.04734	6	729
3068.46547	6	694
2891.87884	6	704
3177.32882	6	691
2003.31974	6	756
1136.38973	6	797
2450.73366	6	733
1961.42840	6	762
1275.17819	6	793
2496.76084	6	734
988.517999	6	809
1952.74639	6	764
2017.37523	6	761
2436.51700	6	739
2411.54479	6	742
2114.04156	6	759
3163.74063	6	702
926.586866	6	817
1420.48573	6	794
1120.56803	6	810
1079.81872	6	812
1003.83329	6	818
1904.76179	6	777
2893.87392	6	724
1957.61179	6	775
1128.29422	6	813
3478.56998	6	693
1792.53578	6	784
1485.57233	6	796
1417.35005	6	802
990.799188	6	824
1966.61853	6	779
2029.22010	6	776
1678.36260	6	790
1637.78996	6	792
3276.95918	6	711
1902.16755	6	785
1633.81576	6	795
2259.65070	6	768
1633.58783	6	798
4007.07840	6	676
1935.51707	6	788
1466.17889	6	808
893.374681	6	838
3378.50379	6	712
2503.05843	6	760
1951.47037	6	789
1907.92798	6	791
3573.80890	6	707
3674.70645	6	701
761.782407	6	852
2201.32255	6	781
2664.02173	6	758
1791.15295	6	799
1703.07731	6	804
3258.16798	6	727
1506.70337	6	816
1306.37192	6	827
881.928205	6	853
1036.03172	6	845
2900.71988	6	752
2599.87664	6	770
1555.21965	6	819
1271.50845	6	835
2729.58898	6	766
934.467792	6	856
1715.48581	6	814
4258.14008	6	685
1656.10289	6	820
983.573436	6	857
3571.44570	6	726
984.162807	6	858
1617.87366	6	825
2533.50114	6	783
1224.84779	6	848
2870.59473	6	767
2922.51563	6	765
1211.99250	6	850
844.249725	6	870
1542.98019	6	834
3611.35458	6	732
2160.55083	6	805
2199.97859	6	803
1401.80182	6	846
2178.32827	6	806
1743.89696	6	828
2657.21035	6	786
2640.33222	6	787
1291.23806	6	854
2169.99888	6	807
1752.64024	6	829
1709.64455	6	831
1918.60270	6	821
3796.05031	6	728
1009.81855	6	871
1158.94865	6	866
3073.46034	6	771
1921.41771	6	826
1808.93015	6	833
1367.29288	6	859
1777.26626	6	837
951.406002	6	882
1797.01375	6	836
3150.40302	6	774
1397.30858	6	861
1799.26061	6	841
3384.43470	6	763
2005.89585	6	830
1375.53334	6	865
1321.05779	6	868
1987.74003	6	832
3138.65494	6	778
1669.56901	6	851
1074.18918	6	884
1491.16563	6	864
1936.86223	6	840
1451.26485	6	867
3493.34883	6	769
1950.52576	6	847
2445.17135	6	822
1736.42849	6	862
1116.28079	6	896
2952.58402	6	800
1830.65462	6	860
4922.94931	6	700
796.954631	6	916
1631.75582	6	874
1289.10088	6	893
1141.59798	6	904
2864.71939	6	815
1177.14118	6	906
1984.40670	6	863
1629.28748	6	883
1772.50599	6	880
1799.47304	6	879
1026.38864	6	924
1485.86821	6	900
1980.02409	6	875
1290.07887	6	912
1346.67062	6	909
1054.81410	6	925
1642.30751	6	894
1631.38961	6	895
1110.30960	6	923
2415.87519	6	855
3020.21265	6	823
1865.81230	6	887
1689.27288	6	897
2085.09397	6	877
3313.07363	6	811
2734.20763	6	844
1888.18216	6	891
1480.66878	6	913
996.815443	6	940
1767.29774	6	899
1221.41861	6	928
2278.72133	6	873
1619.56810	6	908
1960.10184	6	890
1164.16740	6	933
1987.19120	6	889
2272.71127	6	876
2097.33581	6	886
1748.95763	6	905
2471.05765	6	869
1480.67498	6	922
1427.21652	6	926
1882.51900	6	903
1021.46267	6	952
1061.18226	6	951
1117.20681	6	949
1550.35758	6	927
1690.47093	6	921
2147.63140	6	898
3132.19571	6	849
3380.11074	6	839
1523.29063	6	939
2228.09219	6	902
3337.68963	6	843
2596.96555	6	885
2682.43861	6	881
2479.24304	6	892
1465.06381	6	948
914.286136	6	981
1269.95158	6	963
1732.84363	6	936
1168.78175	6	970
1477.67519	6	953
3550.55403	6	842
1455.24120	6	960
737.461805	6	1000
2296.73027	6	915
3166.94760	6	872
1547.24979	6	962
1435.23144	6	969
1469.93756	6	967
1624.26114	6	959
2128.12042	6	931
2135.15114	6	932
1267.14515	6	983
1174.40128	6	989
1947.33119	6	947
2615.37051	6	911
2077.91781	6	942
1812.25824	6	958
2650.01678	6	910
2071.27237	6	943
1023.13518	6	1003
1098.17194	6	999
2062.20030	6	946
2136.85274	6	944
1993.37553	6	954
1003.20053	6	1010
2352.84352	6	934
1366.56093	6	992
1219.96688	6	1001
1836.36736	6	968
1377.46357	6	994
1078.42850	6	1011
2699.68867	6	919
3044.35920	6	901
1521.41857	6	987
2078.72343	6	957
1708.87303	6	984
798.411369	6	1037
2147.23038	6	961
2433.40206	6	945
1694.21195	6	988
1250.08201	6	1014
1909.73782	6	978
3730.69190	6	878
2140.76614	6	966
3185.79387	6	907
1253.68499	6	1017
3567.99888	6	888
1565.96612	6	1002
2387.60924	6	956
3173.51031	6	914
1012.20774	6	1038
1300.98652	6	1023
1884.63234	6	993
2982.28502	6	930
1895.10035	6	996
1705.12533	6	1006
2371.93250	6	971
950.544595	6	1051
2025.97093	6	991
2752.20251	6	950
3341.83549	6	917
1629.66036	6	1016
1678.86638	6	1013
2351.47333	6	977
2461.65227	6	972
3050.25291	6	938
2445.85633	6	974
2624.70912	6	964
3350.80575	6	929
1605.56745	6	1032
1368.20840	6	1045
1961.82274	6	1012
1260.88953	6	1053
2135.72812	6	1004
3273.78201	6	941
1511.29293	6	1041
1351.43470	6	1052
2653.12147	6	979
2923.39086	6	965
1968.74165	6	1020
2148.22435	6	1009
2004.11272	6	1018
1869.79770	6	1026
1886.40594	6	1029
2751.35827	6	980
2665.94123	6	985
1551.38754	6	1048
3848.31547	6	918
1830.27458	6	1033
2521.74186	6	997
2919.97718	6	976
1607.47909	6	1050
2099.66182	6	1025
2155.53832	6	1022
2386.05642	6	1008
1313.23862	6	1068
3957.35359	6	920
1882.88450	6	1040
2195.86658	6	1024
2055.96923	6	1031
1615.39793	6	1056
1852.88810	6	1046
2712.38803	6	998
1052.89673	6	1089
2879.11343	6	990
3534.33322	6	955
2445.94192	6	1021
3957.32760	6	935
2757.01141	6	1005
2214.65587	6	1036
1740.57412	6	1063
1014.75977	6	1103
1629.36210	6	1071
3301.05280	6	982
2109.37643	6	1049
3474.15781	6	973
1972.68319	6	1059
2458.81557	6	1035
1525.89464	6	1084
1764.70899	6	1072
1070.06573	6	1111
3197.84164	6	995
1249.88770	6	1101
1837.83817	6	1070
1936.78689	6	1066
1776.53145	6	1074
1483.72435	6	1091
2364.43090	6	1044
2124.96852	6	1058
999.683856	6	1118
2339.87069	6	1047
1540.79270	6	1090
1244.57383	6	1107
1328.31859	6	1104
4339.17188	6	937
1237.35523	6	1110
2476.71127	6	1043
1548.18248	6	1094
1676.56588	6	1087
1836.00687	6	1079
1781.20541	6	1083
2252.99024	6	1062
1592.67163	6	1099
3148.36478	6	1015
3287.05334	6	1007
1536.60273	6	1108
2760.43772	6	1042
2916.26286	6	1034
1783.25462	6	1095
2163.67268	6	1076
2355.47876	6	1067
1384.88483	6	1120
3131.54506	6	1028
2054.55994	6	1086
2212.41021	6	1078
1848.89268	6	1102
1980.00836	6	1096
2546.78535	6	1069
968.971967	6	1155
2317.52276	6	1081
3352.38957	6	1027
3324.48744	6	1030
3562.38484	6	1019
2370.46051	6	1082
4161.24534	6	986
1179.11720	6	1152
1069.91791	6	1159
3288.71464	6	1039
2078.32980	6	1106
1969.61498	6	1112
1874.49216	6	1119
1138.72861	6	1160
1380.84745	6	1147
1606.95362	6	1134
1594.15817	6	1135
1693.97306	6	1133
1334.12861	6	1154
1829.11658	6	1127
1460.53242	6	1148
2130.04899	6	1113
1446.00749	6	1151
3136.27839	6	1061
3155.73906	6	1060
1278.10215	6	1163
1310.86516	6	1162
2070.48654	6	1121
1568.57442	6	1149
1923.23136	6	1131
1285.24661	6	1167
2632.95698	6	1093
1437.52074	6	1161
1641.83831	6	1150
1228.02233	6	1174
2721.57621	6	1092
3438.69590	6	1057
2891.08395	6	1085
2452.03328	6	1114
4995.81027	6	975
1977.83637	6	1141
1162.38784	6	1187
2651.16453	6	1105
3406.37040	6	1065
933.232307	6	1201
1407.83238	6	1176
1568.21727	6	1168
3667.73080	6	1054
1840.20733	6	1153
751.619100	6	1213
2403.37634	6	1123
1554.35299	6	1171
2588.09590	6	1116
2636.65652	6	1115
2414.09087	6	1128
1736.63425	6	1166
3440.20128	6	1073
3363.92593	6	1077
1662.67585	6	1172
1959.86485	6	1157
1143.69273	6	1202
3720.65258	6	1064
742.611408	6	1226
2477.24413	6	1132
2269.54507	6	1144
3177.92487	6	1097
1579.16116	6	1186
2661.34834	6	1130
2201.08962	6	1156
1910.33124	6	1173
2515.80739	6	1140
1997.80035	6	1170
1261.88683	6	1210
2433.68554	6	1146
2501.35159	6	1142
2880.94425	6	1122
2633.73422	6	1136
2839.16902	6	1125
3762.48621	6	1075
2260.80775	6	1158
1302.43587	6	1211
1216.75181	6	1216
3556.35666	6	1088
1911.28635	6	1180
2665.47513	6	1139
3071.42972	6	1117
3750.13518	6	1080
1575.99806	6	1200
1880.64980	6	1184
1480.37290	6	1206
1243.64209	6	1218
1480.04913	6	1208
1721.45843	6	1196
2070.48058	6	1178
2796.10896	6	1138
2073.37474	6	1181
2023.60868	6	1185
2883.56089	6	1137
4436.16580	6	1055
3060.82129	6	1129
2175.33898	6	1179
1656.62717	6	1207
1360.54468	6	1223
1124.71008	6	1235
1406.52847	6	1221
1335.29496	6	1227
3676.88584	6	1100
2435.39762	6	1169
1770.55406	6	1205
2872.30706	6	1145
2136.32941	6	1188
1739.83836	6	1209
2375.57220	6	1175
3292.63234	6	1124
1190.97423	6	1238
2072.82328	6	1192
1645.28155	6	1215
1318.51673	6	1232
1235.44025	6	1237
1307.01828	6	1234
2218.65677	6	1189
1377.27403	6	1233
2335.47520	6	1183
1804.99815	6	1212
2164.27707	6	1193
3719.52772	6	1109
3407.50074	6	1126
1670.05562	6	1222
2204.37479	6	1194
2173.97141	6	1197
3169.28267	6	1143
2337.13078	6	1190
1925.16803	6	1214
2853.65653	6	1164
1207.65066	6	1252
546.957731	6	1286
1641.87765	6	1231
2591.36056	6	1182
2207.57341	6	1203
1264.46223	6	1253
2465.82102	6	1191
2225.89159	6	1204
1854.48479	6	1224
1926.91111	6	1220
1565.22417	6	1239
1456.75086	6	1246
1052.72364	6	1267
1599.24316	6	1241
2867.69390	6	1177
1473.64306	6	1254
795.449972	6	1288
1244.75407	6	1266
1630.12814	6	1247
1465.57521	6	1256
665.093660	6	1297
1507.87472	6	1255
2004.41288	6	1229
2106.85253	6	1225
946.780681	6	1284
965.719938	6	1287
1002.82192	6	1285
1816.01405	6	1245
1746.34790	6	1249
1847.00584	6	1248
958.957433	6	1294
1706.67123	6	1259
2073.45342	6	1243
931.961536	6	1301
3600.47340	6	1165
1474.09629	6	1279
1758.93354	6	1268
2728.38926	6	1219
1471.69375	6	1283
1910.29977	6	1262
3196.36058	6	1195
2010.20765	6	1257
1867.40732	6	1264
2266.45612	6	1244
4999.99451	6	1098
2451.53903	6	1236
1984.65657	6	1261
3195.26624	6	1198
2841.94278	6	1217
1831.74705	6	1271
2642.40241	6	1230
790.720224	6	1327
3249.13072	6	1199
1748.76284	6	1277
1227.58603	6	1305
1848.31094	6	1274
1167.67859	6	1313
1786.74721	6	1280
1496.09422	6	1296
2835.24513	6	1228
1787.60719	6	1281
1212.18490	6	1314
1092.39888	6	1321
1043.19167	6	1324
1634.98497	6	1293
2300.60625	6	1260
1003.02124	6	1328
2021.89970	6	1275
2701.85279	6	1242
1692.03996	6	1295
2327.24046	6	1263
1296.29611	6	1323
1916.47219	6	1291
1981.62722	6	1289
1644.38629	6	1309
1096.59504	6	1341
2335.09325	6	1276
1433.35795	6	1325
2236.24610	6	1282
2061.22159	6	1292
1877.97641	6	1302
1273.46038	6	1339
1409.75642	6	1333
1928.70759	6	1304
1714.24531	6	1316
2210.35265	6	1290
1242.52009	6	1344
1348.12140	6	1340
2106.51993	6	1298
3258.98766	6	1240
1384.45377	6	1342
1527.45771	6	1335
3173.12574	6	1250
1444.32282	6	1345
1347.09811	6	1351
1594.84910	6	1338
1757.74669	6	1331
2154.37746	6	1311
941.271066	6	1383
3356.76312	6	1251
2343.23763	6	1303
2993.53122	6	1270
2182.63673	6	1315
1383.30721	6	1362
1116.09625	6	1380
1677.09326	6	1347
2399.77908	6	1308
3082.15856	6	1273
2027.92549	6	1332
1600.23641	6	1357
1847.07546	6	1343
2075.70242	6	1330
1849.66278	6	1346
2070.40381	6	1334
1813.03858	6	1349
3519.57225	6	1258
2329.96034	6	1320
2031.35657	6	1337
2492.42162	6	1312
3413.82122	6	1265
1534.11078	6	1369
1817.13962	6	1353
2582.09180	6	1310
3321.73967	6	1272
3187.46423	6	1278
1544.30556	6	1371
1296.31066	6	1387
1664.44969	6	1366
1491.84370	6	1377
1344.67148	6	1386
1162.92953	6	1397
1758.05616	6	1363
1048.63405	6	1404
1598.81114	6	1374
2785.02368	6	1307
2116.70756	6	1348
1214.49565	6	1400
1165.18640	6	1403
1459.13481	6	1388
3632.04073	6	1269
1958.68492	6	1365
1699.92256	6	1381
2074.98788	6	1360
1856.60147	6	1373
2630.89609	6	1329
3170.56918	6	1299
2210.05201	6	1354
3211.34424	6	1300
1569.55337	6	1395
1504.83989	6	1399
1411.37218	6	1406
1643.21637	6	1393
1720.37172	6	1389
3192.12698	6	1306
2689.19920	6	1336
2147.23038	6	1367
2124.86100	6	1370
2472.44906	6	1350
1914.63518	6	1385
2091.56084	6	1378
2415.07482	6	1359
3071.29240	6	1322
2397.96948	6	1361
1842.68593	6	1394
3193.13907	6	1317
2247.39408	6	1372
2402.70853	6	1368
2667.83189	6	1355
1631.53624	6	1418
1154.12116	6	1445
2718.87421	6	1358
1827.74639	6	1410
2456.68601	6	1375
2649.78218	6	1364
1643.22614	6	1422
1778.52177	6	1415
2244.56644	6	1390
2097.51105	6	1401
2518.30792	6	1379
2282.37485	6	1392
2010.08129	6	1411
1683.29167	6	1430
1671.16689	6	1431
3067.05832	6	1352
1724.95841	6	1428
1242.99001	6	1455
1921.82040	6	1419
1748.90375	6	1429
1393.33844	6	1451
2497.36785	6	1391
3758.67366	6	1319
1938.19975	6	1423
2435.19210	6	1396
2660.98713	6	1384
2441.80822	6	1402
2020.49803	6	1426
1589.66541	6	1450
2395.20144	6	1409
2477.36978	6	1405
1690.09971	6	1449
1858.51573	6	1440
2222.46336	6	1420
2102.24366	6	1427
2243.61133	6	1421
1571.46811	6	1458
2513.89026	6	1407
3495.89610	6	1356
3164.89148	6	1376
848.412275	6	1505
870.333433	6	1506
1363.69752	6	1480
4122.40290	6	1326
2308.80260	6	1432
1903.07426	6	1454
1845.79133	6	1459
1483.01959	6	1479
1859.47680	6	1460
2105.71384	6	1448
2017.67182	6	1453
1940.59562	6	1457
2235.13174	6	1442
2052.09088	6	1452
2398.65565	6	1433
1652.98771	6	1473
2720.89147	6	1416
2412.06002	6	1435
1604.43830	6	1478
2786.12494	6	1417
1091.89128	6	1510
1586.93313	6	1484
4593.74952	6	1318
1647.01986	6	1483
2142.55023	6	1456
2485.44788	6	1439
1915.49825	6	1470
1498.84319	6	1494
2625.14281	6	1438
2597.22185	6	1441
1561.92851	6	1498
2099.45988	6	1469
1885.21981	6	1481
2197.00384	6	1465
1947.20506	6	1482
2151.06821	6	1471
1465.70944	6	1508
1652.63295	6	1499
1499.46951	6	1507
1469.20776	6	1509
1656.76999	6	1500
2853.90830	6	1436
3265.30623	6	1413
2181.90050	6	1472
982.848405	6	1536
796.462535	6	1546
2871.73342	6	1437
1676.19442	6	1503
2420.53890	6	1464
2822.99900	6	1447
1958.67133	6	1493
1601.86553	6	1513
2539.62111	6	1463
873.516082	6	1553
3486.89866	6	1414
2501.86300	6	1467
2341.11428	6	1476
2632.76195	6	1461
3566.13039	6	1412
1550.18234	6	1521
1776.05032	6	1512
3400.27451	6	1425
1256.36005	6	1540
2238.15751	6	1488
1398.84114	6	1533
1325.46257	6	1537
1768.40567	6	1515
1686.64550	6	1520
1513.34524	6	1530
2178.85088	6	1496
4012.84575	6	1398
2564.09335	6	1477
1438.84253	6	1539
797.259569	6	1573
2182.58786	6	1501
1589.57028	6	1532
4396.50559	6	1382
1295.15504	6	1549
3951.05099	6	1408
2256.32858	6	1502
1745.02849	6	1529
1794.33870	6	1527
3736.67120	6	1424
1545.62306	6	1541
3558.57586	6	1434
2812.57486	6	1474
2963.10949	6	1466
2611.64641	6	1486
2138.22698	6	1511
1003.76081	6	1572
1878.19242	6	1526
2132.48682	6	1516
2356.09912	6	1504
1460.33716	6	1551
3495.20421	6	1444
1184.95321	6	1566
2196.93613	6	1514
3172.29366	6	1462
1802.84547	6	1535
1909.87920	6	1531
2753.40557	6	1487
1247.55239	6	1567
908.933639	6	1586
1046.04816	6	1581
1260.49089	6	1570
3076.40600	6	1475
1585.69264	6	1554
2176.62549	6	1524
1744.17781	6	1547
2930.91630	6	1485
3726.70912	6	1443
2324.89299	6	1518
1636.34681	6	1556
1930.78565	6	1542
1680.59778	6	1555
1063.98010	6	1587
2831.41136	6	1495
3384.64188	6	1468
1962.46004	6	1545
2979.02965	6	1492
733.915090	6	1610
2358.55293	6	1525
1215.55185	6	1585
2192.39282	6	1534
2127.00557	6	1538
1139.56427	6	1589
730.298042	6	1611
1559.38863	6	1569
1189.63694	6	1588
3903.99813	6	1446
2358.75773	6	1528
2476.35817	6	1523
1511.92784	6	1574
3106.66275	6	1491
1366.30320	6	1584
2662.60504	6	1517
1214.16044	6	1593
3197.97348	6	1489
986.305952	6	1606
1497.46227	6	1579
3195.06144	6	1490
1622.86829	6	1576
1253.47852	6	1595
1775.49624	6	1571
1389.54758	6	1591
1317.08526	6	1597
1403.98621	6	1594
1923.26116	6	1568
817.145824	6	1626
1724.06911	6	1580
2900.25734	6	1519
1806.06174	6	1577
1786.73529	6	1578
1265.70749	6	1607
2918.49040	6	1522
1578.35388	6	1592
3408.16497	6	1497
2196.87318	6	1561
1414.61539	6	1603
2163.08164	6	1565
2219.78807	6	1563
979.488372	6	1628
1461.97676	6	1605
2653.50699	6	1543
1508.90588	6	1604
1138.58294	6	1625
1401.73792	6	1613
2461.44223	6	1562
2092.22054	6	1582
1711.24148	6	1602
1427.83904	6	1617
1445.58620	6	1616
1392.92097	6	1620
2469.38824	6	1564
2270.54381	6	1575
2715.82102	6	1552
1260.98704	6	1629
2616.32752	6	1560
1032.82070	6	1643
2064.66698	6	1590
1963.73796	6	1596
1622.64490	6	1614
1522.58276	6	1623
2795.11785	6	1558
1108.53385	6	1646
1866.32776	6	1609
1357.78498	6	1635
1388.58103	6	1637
1834.26332	6	1615
1106.37092	6	1655
3157.59468	6	1548
2981.23145	6	1559
2242.72036	6	1600
696.866989	6	1683
1560.16588	6	1636
1034.77287	6	1665
1744.51184	6	1627
1439.77594	6	1645
2649.46866	6	1583
1690.19627	6	1633
2391.74914	6	1598
2347.28741	6	1601
1212.02039	6	1661
863.570213	6	1682
1028.27239	6	1673
1492.54417	6	1649
1778.88607	6	1634
1554.64649	6	1647
3550.77862	6	1544
1872.33161	6	1631
1002.08640	6	1681
820.331096	6	1692
2083.05883	6	1624
2213.92273	6	1618
1485.17417	6	1657
851.748228	6	1693
896.226406	6	1695
2438.50564	6	1612
1602.07796	6	1656
1530.39240	6	1660
2258.88586	6	1622
1496.36983	6	1663
1004.62985	6	1691
1241.61005	6	1678
1704.06746	6	1652
1343.06836	6	1672
1391.85476	6	1671
1322.78561	6	1676
2125.99110	6	1632
3723.10566	6	1550
1806.45465	6	1650
1321.96521	6	1679
1851.40943	6	1651
1739.32790	6	1658
1714.79511	6	1662
1302.62970	6	1688
1558.07757	6	1675
2240.94629	6	1638
3034.68418	6	1599
2867.73157	6	1608
1989.82501	6	1654
1461.73024	6	1685
2684.55743	6	1619
1300.42552	6	1694
2647.32217	6	1621
1309.31782	6	1696
2489.65883	6	1630
1605.13520	6	1680
1847.18275	6	1666
1548.62403	6	1686
4036.70644	6	1557
2302.93083	6	1648
2130.08213	6	1659
2416.00704	6	1644
1470.93009	6	1697
1956.47811	6	1670
2277.29654	6	1653
1576.78341	6	1698
1834.26403	6	1684
1534.22999	6	1701
2132.42626	6	1667
1502.56133	6	1710
799.037933	6	1750
1967.18239	6	1687
1174.75867	6	1733
1300.76980	6	1727
1478.13510	6	1717
1141.06440	6	1737
1988.76380	6	1690
2878.21269	6	1642
2495.94545	6	1664
1900.18367	6	1699
1373.29006	6	1732
897.045850	6	1762
1431.98347	6	1731
1755.16629	6	1713
1552.11472	6	1726
1717.58484	6	1720
939.845561	6	1765
1888.58842	6	1711
2542.92297	6	1674
1764.75048	6	1718
1747.71976	6	1719
1673.10762	6	1728
1221.85993	6	1757
1123.08669	6	1764
1555.15718	6	1741
1777.15706	6	1729
1186.34653	6	1763
2300.23121	6	1700
1879.82249	6	1724
3408.32543	6	1640
1947.61419	6	1722
2207.55696	6	1709
1382.32588	6	1756
808.132410	6	1790
1267.56215	6	1766
1715.33727	6	1744
2730.12542	6	1689
2480.74150	6	1703
2284.92808	6	1714
2950.53672	6	1677
1096.06647	6	1782
1879.87685	6	1738
3613.39592	6	1641
1682.11770	6	1751
1056.34665	6	1787
2477.09774	6	1707
2254.21023	6	1721
3763.92984	6	1639
1502.06780	6	1767
2055.70554	6	1736
1953.35102	6	1742
1492.05732	6	1770
1971.74692	6	1743
2700.12187	6	1702
2165.52758	6	1734
2231.60743	6	1730
2559.12137	6	1712
2512.98117	6	1716
2557.05761	6	1715
1519.06490	6	1774
2129.71234	6	1740
1323.27246	6	1786
2784.32703	6	1704
3414.73078	6	1668
2755.77664	6	1706
1924.08537	6	1755
1619.54331	6	1773
1862.79225	6	1760
2788.05565	6	1708
1400.30956	6	1788
1740.53668	6	1771
1611.79852	6	1778
1651.09705	6	1776
1619.87137	6	1779
1968.33491	6	1761
2953.60994	6	1705
2292.34957	6	1746
2193.59993	6	1754
1471.98319	6	1797
2598.79851	6	1735
1073.67992	6	1819
1600.18372	6	1793
3809.01265	6	1669
1855.89265	6	1780
1956.55035	6	1775
2488.06667	6	1745
2915.93527	6	1725
2002.42161	6	1781
2269.18220	6	1768
3051.39851	6	1723
2670.48931	6	1752
1612.82086	6	1814
1547.79863	6	1815
2968.46866	6	1739
1846.28677	6	1807
1414.78776	6	1827
2908.70571	6	1747
1633.32581	6	1817
1782.87816	6	1812
1063.53521	6	1847
2563.08460	6	1769
959.171295	6	1853
2051.18465	6	1798
1410.74585	6	1831
996.687650	6	1854
1646.88324	6	1822
3018.33915	6	1748
1751.49488	6	1818
1100.04639	6	1852
2597.85890	6	1777
1612.75553	6	1829
2367.96021	6	1791
1519.36936	6	1834
2081.50148	6	1808
2163.84649	6	1804
3002.12550	6	1758
1738.15679	6	1825
3023.28920	6	1759
1503.41272	6	1839
1820.93524	6	1823
3200.07395	6	1749
2369.51804	6	1796
1658.88595	6	1832
1752.18701	6	1828
2477.42724	6	1792
2267.91381	6	1805
3296.70286	6	1753
2765.08688	6	1783
1294.15130	6	1860
1323.83608	6	1859
1967.41175	6	1826
2590.34681	6	1795
1652.00495	6	1845
1670.05944	6	1844
1638.43250	6	1846
1471.77791	6	1855
1969.78735	6	1830
1458.60791	6	1857
1485.73350	6	1856
1822.19481	6	1840
921.989679	6	1891
1552.69145	6	1858
1539.23130	6	1862
2711.17877	6	1806
3321.45142	6	1772
1281.97073	6	1881
2649.92809	6	1811
3041.84460	6	1789
1322.40605	6	1882
2868.82162	6	1801
1899.73640	6	1851
1725.58116	6	1863
1720.18432	6	1865
2234.92598	6	1838
2065.89674	6	1848
985.292196	6	1910
783.739089	6	1921
2227.41770	6	1842
1707.08274	6	1871
1489.59565	6	1885
3069.51618	6	1802
1165.34399	6	1905
1215.99578	6	1902
2178.70497	6	1849
2193.80474	6	1850
994.795083	6	1918
3221.77171	6	1799
2716.48287	6	1824
1902.21166	6	1868
1980.39078	6	1864
1334.58685	6	1901
1267.11678	6	1906
3043.33972	6	1813
904.104232	6	1926
1637.58111	6	1888
3309.60893	6	1800
2440.92416	6	1843
3607.40280	6	1785
1999.88317	6	1870
978.098392	6	1927
2088.59944	6	1866
1468.63055	6	1908
563.354253	6	1961
3670.35937	6	1794
3540.27128	6	1803
3170.21942	6	1821
1364.48144	6	1919
1306.86354	6	1922
1755.24759	6	1898
3435.21070	6	1810
1940.49024	6	1889
3299.49855	6	1816
2494.91286	6	1861
2288.14530	6	1873
3976.11951	6	1784
1692.35301	6	1907
1753.52859	6	1904
2993.41392	6	1836
2083.93883	6	1890
1598.22106	6	1917
2163.35153	6	1886
1306.70452	6	1933
1866.09387	6	1903
1275.16460	6	1936
964.277744	6	1954
2053.91645	6	1894
1119.51923	6	1947
2276.96681	6	1884
3484.37428	6	1820
2421.41628	6	1877
1592.36931	6	1923
1804.36491	6	1912
2075.00362	6	1897
3262.80164	6	1833
2191.59793	6	1892
2065.83023	6	1900
2576.31921	6	1875
2144.27757	6	1899
1939.98074	6	1911
1381.14333	6	1943
2611.38486	6	1876
3246.23703	6	1841
2773.94413	6	1867
1734.30132	6	1925
1681.21862	6	1928
1600.83031	6	1934
1482.08284	6	1944
1117.39420	6	1965
1600.21257	6	1938
2441.39671	6	1893
1780.66635	6	1929
1175.43888	6	1963
2914.81161	6	1869
2435.00280	6	1896
2073.33183	6	1916
2094.40255	6	1915
3551.69010	6	1835
2874.90200	6	1874
961.303710	6	1980
2917.41156	6	1872
1297.62744	6	1962
1718.72258	6	1940
1435.69254	6	1957
1481.52351	6	1955
1257.54094	6	1968
1307.42549	6	1966
1085.12067	6	1979
2272.77898	6	1914
2313.02618	6	1913
1871.69456	6	1941
1482.00345	6	1967
1633.23640	6	1959
1351.73797	6	1976
1421.68116	6	1972
1398.10013	6	1974
1402.51445	6	1975
1693.31812	6	1960
2883.45932	6	1895
1143.79620	6	1991
1983.36482	6	1945
3166.90111	6	1880
2126.50489	6	1937
1153.54752	6	1992
1828.56297	6	1956
2297.49774	6	1930
2085.98279	6	1942
1987.61510	6	1949
2320.36066	6	1932
3308.78829	6	1878
4052.53291	6	1837
3235.37826	6	1883
1827.66032	6	1969
1844.64406	6	1970
2703.19128	6	1924
1454.06031	6	1993
2243.31784	6	1950
1029.93249	6	2018
3600.82817	6	1879
2587.26024	6	1935
1743.25966	6	1983
2405.87830	6	1946
1352.14495	6	2005
980.487823	6	2025
2025.11882	6	1971
1709.14149	6	1989
3573.95458	6	1887
2182.32297	6	1964
1964.65635	6	1977
937.033176	6	2034
1517.63868	6	2004
1887.27569	6	1984
2089.67971	6	1973
1572.19719	6	2002
3281.86440	6	1909
1574.94211	6	2009
1367.52080	6	2021
1698.43626	6	2003
1212.04471	6	2030
1558.63142	6	2013
716.457128	6	2061
1245.96381	6	2033
1282.00483	6	2032
1634.30309	6	2014
2977.98299	6	1939
2288.30933	6	1978
1006.19101	6	2049
2121.88148	6	1988
1949.95594	6	1998
5510.32781	6	1809
2724.89786	6	1958
1569.25892	6	2022
3215.10601	6	1931
3441.03360	6	1920
1224.34639	6	2042
1795.64332	6	2012
1792.93560	6	2015
1004.18496	6	2058
2957.14831	6	1952
2349.79629	6	1986
2155.22027	6	2000
2344.20990	6	1990
2088.24253	6	2006
1113.94000	6	2060
1545.00985	6	2037
2147.51148	6	2008
2626.35803	6	1982
2400.52175	6	1999
2655.38930	6	1985
1552.28161	6	2045
2023.13399	6	2024
2587.04304	6	1994
830.370664	6	2090
1867.66815	6	2036
2526.42655	6	2001
1104.52628	6	2079
1695.99175	6	2048
1945.68538	6	2035
2677.31499	6	1996
2483.13236	6	2010
2419.39544	6	2017
2162.29677	6	2031
2819.90814	6	1995
3678.13134	6	1948
819.472074	6	2109
3681.06222	6	1953
2106.88757	6	2041
1620.47839	6	2070
2769.31428	6	2007
1532.05394	6	2076
1786.40818	6	2063
1519.87290	6	2078
1845.21222	6	2062
1735.63456	6	2069
1237.08891	6	2098
858.368396	6	2119
2039.61443	6	2056
3413.03491	6	1981
1056.55598	6	2110
2371.22774	6	2040
1830.94453	6	2071
2180.22513	6	2052
1465.20090	6	2092
1856.13274	6	2072
2369.81320	6	2043
2204.06675	6	2054
1154.69050	6	2112
1455.73759	6	2096
2173.22349	6	2057
3027.63533	6	2011
1420.78232	6	2101
2067.17276	6	2068
2324.62286	6	2055
3008.46529	6	2019
2391.13235	6	2053
2226.64713	6	2066
2270.41363	6	2065
2245.99719	6	2067
1908.89430	6	2087
1627.67887	6	2103
2144.54340	6	2075
2607.76567	6	2050
3171.29588	6	2020
3121.94657	6	2023
1340.58451	6	2120
855.892896	6	2147
1446.65145	6	2115
2159.22236	6	2077
1303.34615	6	2123
1895.29466	6	2093
984.196662	6	2146
3390.78903	6	2016
2193.25661	6	2081
1708.51945	6	2108
2542.12856	6	2064
1964.66135	6	2097
3028.20754	6	2039
2684.97085	6	2059
3016.16072	6	2044
1600.82483	6	2122
2914.02387	6	2051
4106.76312	6	1987
3193.28761	6	2038
1574.49221	6	2127
3042.24109	6	2047
1610.12005	6	2126
954.771995	6	2162
2082.72624	6	2102
2031.29601	6	2105
1669.41285	6	2125
1485.72373	6	2135
1270.03455	6	2150
4911.82422	6	1951
2715.30723	6	2073
2539.62683	6	2083
2728.53851	6	2074
1657.17101	6	2132
2135.22744	6	2107
1282.45472	6	2154
3632.94768	6	2027
2231.44555	6	2104
2570.79768	6	2086
3700.60801	6	2026
2728.58405	6	2080
1256.17671	6	2160
2186.14935	6	2111
2512.56322	6	2094
1650.30765	6	2142
1630.21111	6	2144
1917.45090	6	2129
3783.94770	6	2028
1351.78899	6	2161
2095.50046	6	2121
2268.34440	6	2113
2078.56035	6	2124
1779.80303	6	2141
1949.75090	6	2133
1570.42837	6	2155
4493.86096	6	1997
2642.80438	6	2100
2375.59604	6	2114
2917.56010	6	2085
2017.31777	6	2134
1559.33618	6	2159
2681.74672	6	2099
2417.90437	6	2118
2049.86643	6	2138
1744.50850	6	2157
1344.92826	6	2177
3023.10657	6	2088
3013.60201	6	2089
1915.31586	6	2149
1584.74636	6	2167
2530.23695	6	2117
2309.27515	6	2131
1506.34264	6	2175
4247.32875	6	2029
1872.57862	6	2165
1343.75548	6	2193
2565.66286	6	2130
3287.35995	6	2091
3037.71686	6	2106
763.434648	6	2227
2200.53100	6	2153
1854.97188	6	2171
1580.34420	6	2187
3567.46792	6	2082
2417.00839	6	2145
1096.70329	6	2216
2246.93608	6	2156
1163.54703	6	2213
1038.09618	6	2220
1515.44547	6	2195
3404.14619	6	2095
1821.69508	6	2179
1807.44338	6	2180
1437.40773	6	2200
3024.84178	6	2116
1372.26510	6	2204
2580.35111	6	2140
1219.46978	6	2212
1246.19269	6	2211
1531.56304	6	2196
1932.87587	6	2176
1847.36824	6	2181
1513.62276	6	2199
2729.58898	6	2136
1162.00232	6	2219
2060.27388	6	2172
2149.89280	6	2168
1573.10938	6	2198
2483.97922	6	2151
1862.79368	6	2183
1752.70581	6	2191
1313.68541	6	2215
1413.92374	6	2210
2409.03258	6	2158
1573.15874	6	2203
2572.34168	6	2152
1884.97042	6	2188
1813.05646	6	2192
3863.24357	6	2084
2800.95291	6	2143
1186.42449	6	2229
1572.99566	6	2208
1078.59635	6	2236
1427.50597	6	2217
2920.63570	6	2139
1507.75384	6	2214
2275.63428	6	2174
2100.44741	6	2185
1255.03325	6	2231
1950.90723	6	2194
1267.07100	6	2232
1060.37783	6	2244
1100.89206	6	2243
4753.32736	6	2046
3088.88530	6	2137
1294.20614	6	2234
1847.43666	6	2205
1204.22816	6	2240
1504.97913	6	2223
2357.22970	6	2178
1311.48576	6	2235
2686.58900	6	2163
2175.10819	6	2190
2509.92250	6	2173
1234.40098	6	2242
1621.23274	6	2221
1653.13649	6	2222
2643.33200	6	2170
1557.38759	6	2228
2059.61132	6	2201
1382.56549	6	2239
1541.16487	6	2230
2801.52273	6	2164
2069.69857	6	2202
1503.90338	6	2233
1439.08810	6	2237
2190.27638	6	2197
1689.31055	6	2224
1234.08699	6	2250
2495.16081	6	2182
2456.16531	6	2184
2753.18408	6	2169
1410.49122	6	2241
1317.47674	6	2247
3537.09816	6	2128
3211.85994	6	2148
1346.34494	6	2248
1523.17166	6	2238
1788.02466	6	2225
1434.33642	6	2245
1925.00376	6	2218
2136.38639	6	2207
2933.50172	6	2166
2174.50547	6	2206
1401.43704	6	2249
2562.53433	6	2189
2618.24893	6	2186
2196.15125	6	2209
1927.39057	6	2226
1576.04908	6	2246
avg:  1878.1132521099514
std:  804.1503265059785
p95:  3342.074155807495
p99:  3961.240327358244
com:  53.70288972136261
thg:  2685.1444860681304
FCT:  41.89718675613403
que:  1815.0355638927883
los:  0.0
2250 0
**********************
