[17 13 17 ... 19 13 15]
95.9124565	6	1
87.8174304	6	2
148.960351	6	3
59.8304271	6	9
159.768819	6	4
180.540561	6	5
103.404760	6	11
196.899414	6	6
194.846630	6	7
155.120611	6	10
142.720937	6	12
212.520122	6	8
154.333591	6	35
112.778186	6	38
148.823261	6	37
119.578361	6	39
172.821044	6	36
104.704856	6	40
86.1365795	6	43
127.557277	6	41
124.671459	6	42
265.298128	6	34
76.5173435	6	46
107.752799	6	45
130.411386	6	44
111.477136	6	48
81.3796520	6	50
83.8706493	6	51
165.947198	6	47
151.860713	6	49
83.5757255	6	53
121.281147	6	52
102.112054	6	54
101.191759	6	57
681.863546	16	24
99.3666648	6	58
119.843721	6	59
210.664033	6	55
734.233379	16	26
153.301715	6	60
125.642299	6	62
156.001329	6	61
253.347158	6	56
135.720491	6	63
109.116792	6	65
130.680322	6	64
111.829996	6	67
981.412649	16	18
958.025217	16	22
916.397571	16	25
203.152656	6	66
155.024766	6	69
142.785310	6	70
142.071962	6	71
169.703483	6	72
135.179281	6	75
103.879690	6	77
90.6796455	6	78
275.642871	6	68
136.237144	6	76
196.470737	6	73
210.382699	6	74
1277.87947	16	14
1201.95055	16	19
154.219865	6	79
160.771608	6	80
1244.75550	16	20
1228.24072	16	21
176.438093	6	81
1202.06594	16	23
1345.04914	16	16
165.091991	6	84
200.507879	6	82
188.034057	6	83
165.117025	6	85
157.759666	6	87
116.638660	6	91
81.4132690	6	93
105.405092	6	92
199.510812	6	88
265.272140	6	86
1315.18769	16	27
1267.97509	16	30
109.071969	6	96
114.014863	6	97
1267.10081	16	32
276.344299	6	89
191.661834	6	94
124.576807	6	98
183.393239	6	95
86.9472026	6	101
122.087955	6	99
1376.68442	16	28
284.933805	6	90
120.795726	6	100
1588.39273	16	17
66.1895275	6	104
1361.07587	16	31
112.110853	6	102
93.3201313	6	107
162.883520	6	103
134.154796	6	105
129.488468	6	106
101.871013	6	109
1584.13767	16	29
125.382661	6	112
143.962860	6	111
1835.39509	16	15
120.019912	6	113
122.839450	6	114
212.039947	6	110
139.544725	6	115
266.542673	6	108
281.447649	16	117
2390.40350	16	13
648.006677	16	118
85.8018398	6	158
122.970104	6	159
748.918056	16	125
135.214328	6	162
128.721237	6	165
217.548847	6	161
181.315183	6	166
305.338621	6	160
250.903129	6	163
918.476104	16	126
145.695447	6	170
226.602792	6	167
285.963296	6	164
170.110940	6	171
233.666181	6	168
110.871076	6	175
88.6778831	6	177
53.5731315	6	179
119.412422	6	176
262.607097	6	169
217.780113	6	172
190.283298	6	174
114.374876	6	178
218.998670	6	173
71.1045265	6	185
127.479314	6	182
168.908357	6	180
154.464960	6	181
1195.05476	16	124
1116.74714	16	129
149.906158	6	183
862.602233	16	145
155.435323	6	184
87.2488021	6	188
123.842954	6	187
148.560523	6	186
142.197608	6	189
104.559183	6	192
1247.08628	16	130
1395.62416	16	122
1325.84404	16	128
143.542528	6	193
110.035896	6	196
3060.60290	16	33
271.372795	6	190
230.307102	6	194
223.050355	6	195
303.855180	6	191
153.623342	6	200
1677.19101	16	116
223.436594	6	199
144.622802	6	204
129.892110	6	205
1672.02138	16	120
208.535432	6	202
285.685539	6	198
1289.27493	16	144
244.829654	6	201
208.934783	6	203
338.097333	6	197
166.665554	6	207
186.574935	6	206
1760.29706	16	123
161.180257	6	212
1488.97862	16	140
1396.17490	16	146
1557.71684	16	138
149.398565	6	215
224.791049	6	211
187.918663	6	214
163.686990	6	218
253.568172	6	213
1662.55545	16	137
345.423936	6	209
227.586030	6	216
344.275474	6	210
184.348821	6	219
151.949644	6	223
1625.53763	16	143
217.066526	6	221
180.788040	6	224
225.797414	6	222
2068.38417	16	121
1560.11724	16	150
503.144979	6	208
341.019392	6	217
288.088560	6	220
187.193155	6	226
148.256301	6	229
1948.78530	16	132
119.534492	6	232
159.621715	6	230
1690.56677	16	147
146.192312	6	231
263.583183	6	225
233.702659	6	227
1531.46982	16	157
1852.58793	16	139
137.559652	6	233
142.220735	6	235
281.687021	6	228
141.729354	6	236
182.824134	6	234
2140.42401	16	127
170.485496	6	237
154.775619	6	238
141.254663	6	240
111.221075	6	242
182.209730	6	239
182.347774	6	241
159.487009	6	244
1906.06164	16	149
2442.01612	16	119
185.392379	6	245
2184.99112	16	136
243.160247	6	243
168.002843	6	248
2291.65458	16	134
206.393241	6	249
264.558315	6	246
249.283313	6	247
146.600246	6	253
196.866512	6	251
195.382118	6	252
2100.46052	16	148
237.566709	6	250
171.524286	6	254
168.690443	6	257
195.889234	6	256
217.952251	6	255
136.432647	6	260
2116.72568	16	152
211.396932	6	258
164.065599	6	261
156.643629	6	262
215.999841	6	259
152.602434	6	263
2370.26715	16	142
150.916576	6	264
2423.50912	16	141
2341.04371	16	153
2438.57908	16	154
122.086286	6	284
146.683931	6	285
129.998683	6	286
130.184888	6	288
152.428627	6	287
116.443157	6	290
109.138011	6	291
83.2030773	6	294
82.0674896	6	295
170.186042	6	292
96.1751937	6	297
171.653747	6	293
256.436347	6	289
174.228429	6	296
129.228115	6	301
167.437791	6	300
205.262660	6	298
626.589775	16	277
194.145679	6	302
262.940645	6	299
105.130910	6	309
176.041841	6	306
922.192573	16	265
854.731321	16	269
267.852306	6	303
835.000038	16	272
915.553569	16	268
738.986492	16	278
164.954900	6	310
283.865928	6	304
229.748487	6	307
835.246324	16	274
131.397008	6	313
3088.54556	16	151
304.702043	6	305
260.849237	6	308
213.096618	6	311
165.279626	6	314
227.763891	6	312
3489.04299	16	133
138.280391	6	319
186.867952	6	317
188.796758	6	318
168.889999	6	320
153.237104	6	321
906.627655	16	280
150.789260	6	322
310.005426	6	315
190.511941	6	323
335.619688	6	316
1008.51964	16	279
235.115289	6	324
193.900585	6	329
1282.57369	16	270
154.456377	6	333
279.046058	6	326
209.839105	6	330
204.731941	6	331
1375.72932	16	266
312.117576	6	327
1114.92633	16	283
185.650110	6	336
279.872417	6	332
3476.60064	16	156
1464.07365	16	267
423.271656	6	325
371.806144	6	328
127.101182	6	342
222.104072	6	339
208.676576	6	340
1272.50146	16	281
219.549179	6	341
1526.02076	16	271
4069.33593	16	131
184.897661	6	347
447.578907	6	334
202.129602	6	348
402.310609	6	337
295.767068	6	344
191.375970	6	350
419.623136	6	338
4098.25205	16	135
299.501657	6	345
337.139129	6	343
284.115552	6	346
237.659454	6	349
236.841201	6	351
1605.37695	16	276
251.518964	6	353
3838.00387	16	155
579.653024	6	335
281.619310	6	352
211.784362	6	356
272.715568	6	354
1581.81810	16	282
243.228912	6	357
296.023368	6	355
128.978490	6	402
118.691682	6	403
148.583173	6	404
118.117094	6	406
141.062974	6	405
168.599128	6	407
157.071113	6	409
125.741958	6	411
108.433961	6	412
185.145378	6	408
899.700403	16	370
219.360828	6	410
159.904956	6	415
225.152969	6	413
210.348606	6	414
174.556255	6	416
148.906230	6	418
182.583808	6	417
151.355504	6	420
138.862848	6	421
187.064886	6	419
134.345054	6	422
122.952699	6	423
1118.94989	16	371
83.4271907	6	427
151.305675	6	424
116.556167	6	426
138.963460	6	425
101.387977	6	428
94.9258804	6	430
94.9337482	6	431
147.799968	6	429
133.882045	6	432
131.778001	6	433
76.1151313	6	437
139.294147	6	436
1410.48240	16	369
1039.99423	16	390
112.099647	6	440
152.814388	6	438
104.004621	6	442
251.318216	6	434
258.047819	6	435
95.7705974	6	444
1215.10934	16	385
108.357667	6	445
1019.94132	16	397
105.687618	6	446
193.924903	6	443
269.609451	6	439
134.709119	6	447
1665.11678	16	364
1090.30699	16	396
1517.67539	16	374
1264.11056	16	389
310.294866	6	441
223.552703	6	449
241.610527	6	450
202.206850	6	453
256.376981	6	451
167.261362	6	456
1846.66705	16	365
1382.48515	16	391
212.284326	6	455
267.935991	6	452
1777.67252	16	372
210.742473	6	457
379.038572	6	448
143.349170	6	461
125.949859	6	463
197.901487	6	459
217.672824	6	458
289.673805	6	454
1418.74217	16	394
129.539728	6	464
206.672191	6	460
182.468175	6	462
136.855840	6	465
2038.54370	16	362
135.542154	6	468
163.163185	6	467
112.780809	6	470
191.134214	6	466
3710.56389	16	273
148.952245	6	469
3678.42149	16	275
107.312202	6	472
153.112649	6	471
92.7302837	6	475
78.3343315	6	476
91.2647247	6	477
176.521778	6	473
105.153322	6	478
90.3618335	6	479
90.2345180	6	480
104.335069	6	482
278.450965	6	474
151.441335	6	481
119.074583	6	483
113.900661	6	484
1971.89903	16	384
103.754281	6	485
87.9120826	6	486
1862.91122	16	392
2138.93485	16	377
1737.54668	16	399
103.407382	6	488
2406.80170	16	363
163.907527	6	487
2258.60881	16	376
207.485437	6	489
2580.48605	16	360
140.707731	6	493
2327.76999	16	375
139.364719	6	494
125.725269	6	495
116.239070	6	496
207.928657	6	491
235.946416	6	490
117.224454	6	497
119.803905	6	498
68.6364173	6	501
231.413841	6	492
51.8414974	6	502
2650.24924	16	361
2566.99705	16	367
2302.86121	16	382
2472.39303	16	373
2246.41680	16	387
1998.50416	16	401
186.067819	6	500
145.351648	6	504
147.804975	6	505
259.455204	6	499
200.467348	6	503
137.114763	6	507
158.952713	6	506
2214.13922	16	395
2715.61408	16	368
145.056486	6	508
2538.04683	16	379
136.260271	6	511
2329.11729	16	393
2213.21082	16	400
212.966918	6	509
96.9188213	6	516
217.720270	6	510
93.4560298	6	517
84.1102600	6	519
3040.98653	16	358
179.803848	6	514
216.485738	6	512
169.115304	6	515
3039.62397	16	359
218.020439	6	513
145.724296	6	518
2385.82158	16	398
2671.37742	16	383
3166.76235	16	366
2873.46220	16	386
205.177545	6	532
119.069337	6	540
122.971057	6	541
161.819934	6	542
99.0138053	6	546
155.211687	6	543
124.842166	6	547
145.603895	6	548
225.613117	6	544
217.705726	6	545
102.724313	6	552
171.631813	6	549
138.617992	6	551
169.728994	6	550
98.0200767	6	556
179.894685	6	553
191.148042	6	554
197.739124	6	555
180.753231	6	557
183.966636	6	558
94.1646099	6	564
131.736755	6	562
132.159709	6	563
168.315649	6	561
118.370056	6	567
138.745784	6	566
82.1874141	6	570
3431.79178	16	388
127.161264	6	569
312.828540	6	559
3629.10318	16	378
88.5939598	6	572
317.811965	6	560
107.533931	6	573
104.658365	6	574
161.198854	6	571
271.751642	6	565
992.358922	16	525
118.544340	6	576
148.330450	6	575
1032.55438	16	526
1107.97071	16	522
104.081869	6	579
308.302402	6	568
154.390573	6	577
67.2190189	6	583
91.4781093	6	582
1127.81953	16	524
171.301364	6	578
965.440511	16	534
1164.23463	16	523
938.663959	16	536
87.5234603	6	584
70.2490806	6	586
189.590692	6	581
218.297719	6	580
144.749879	6	585
131.225109	6	587
1214.38074	16	527
1048.34508	16	537
1204.45823	16	529
158.246755	6	588
141.565322	6	589
1069.24223	16	538
147.061824	6	590
124.020576	6	592
1277.04405	16	528
189.012289	6	591
4042.89484	16	381
195.126056	6	594
224.653959	6	593
236.224174	6	595
232.300043	6	598
271.135568	6	596
202.251434	6	600
192.322492	6	601
271.847009	6	597
4230.35645	16	380
202.113151	6	602
1699.08165	16	520
242.940187	6	603
335.983514	6	599
139.216184	6	611
158.672571	6	610
1534.73329	16	533
283.208847	6	604
257.001399	6	607
309.324026	6	605
296.912193	6	606
289.699077	6	609
327.538967	6	608
1719.56753	16	530
143.261671	6	619
1885.36262	16	521
190.105915	6	617
1718.82534	16	531
1663.68651	16	535
1596.30060	16	539
302.246809	6	612
273.236036	6	614
136.653184	6	622
297.366380	6	613
175.833702	6	620
249.484062	6	616
269.371747	6	615
221.075296	6	618
237.403154	6	621
142.403602	6	665
138.834714	6	666
126.400947	6	667
133.719205	6	669
140.308141	6	670
86.3478183	6	673
979.217052	16	624
215.811491	6	668
162.424802	6	671
144.602775	6	672
912.059307	16	632
90.5179977	6	678
111.773967	6	677
190.029859	6	674
71.9811916	6	681
115.380764	6	679
212.675333	6	680
306.251764	6	675
143.097877	6	684
307.013034	6	676
201.179742	6	683
227.648019	6	682
137.588500	6	688
807.279348	16	653
1346.79198	16	623
233.276367	6	686
215.147495	6	687
224.791765	6	689
339.634895	6	685
236.976385	6	692
276.702880	6	690
190.379381	6	695
1318.24159	16	633
300.023078	6	691
294.334411	6	693
240.420341	6	697
265.869855	6	696
1397.48644	16	634
1057.49464	16	654
163.158655	6	703
1304.88133	16	641
167.251825	6	705
296.048402	6	699
1579.52570	16	629
329.244852	6	698
223.128318	6	704
1618.30806	16	628
155.199527	6	708
1203.59086	16	652
159.328699	6	710
150.594472	6	713
1588.87410	16	635
363.981485	6	702
1246.50025	16	655
535.865306	6	694
330.726861	6	706
319.302082	6	707
444.784879	6	701
293.258428	6	709
150.413036	6	718
1323.84514	16	656
216.547250	6	717
265.815734	6	715
289.472341	6	714
264.468908	6	716
159.393548	6	723
132.323265	6	725
195.463657	6	722
263.044834	6	720
292.442560	6	719
1623.88181	16	648
147.775888	6	730
514.236927	6	711
1986.66787	16	631
191.353797	6	729
379.353284	6	721
288.943767	6	727
1890.42830	16	642
375.862121	6	724
1807.29985	16	647
1760.83874	16	651
289.487600	6	731
1611.87744	16	661
1691.11704	16	657
286.344051	6	733
2229.02274	16	627
679.366350	6	712
255.553483	6	735
307.296514	6	734
454.680919	6	726
145.045518	6	743
269.977331	6	737
288.789510	6	736
143.291950	6	744
266.605615	6	738
2166.49389	16	636
163.677215	6	745
1021.80004	6	700
268.605232	6	741
1741.86611	16	662
168.866634	6	747
317.959785	6	740
282.198190	6	742
147.389173	6	749
143.779277	6	750
362.780570	6	739
590.462684	6	728
221.885204	6	748
165.480375	6	751
264.570474	6	746
2282.70268	16	637
1918.21813	16	658
144.629240	6	753
147.623538	6	754
159.473657	6	755
2537.21165	16	626
2149.67799	16	649
174.126625	6	756
160.420894	6	757
2282.48333	16	646
193.413019	6	759
704.133033	6	732
162.612438	6	761
224.316835	6	758
210.710287	6	760
178.481101	6	762
159.678936	6	764
2037.80698	16	664
401.230812	6	752
2747.78938	16	625
195.265293	6	766
213.835954	6	765
253.607749	6	763
231.289625	6	767
90.7304286	6	793
113.595485	6	792
2953.41801	16	638
112.265825	6	794
3130.73277	16	630
104.782581	6	796
126.645803	6	795
2888.41271	16	645
95.4790115	6	797
568.039655	16	773
122.704029	6	798
76.7946243	6	801
130.731344	6	799
638.662815	16	772
149.040699	6	802
148.320913	6	803
147.130727	6	804
77.4600505	6	809
3136.94095	16	643
165.528297	6	805
118.211269	6	808
157.826662	6	806
269.966602	6	800
103.459596	6	810
168.262958	6	807
77.6870250	6	812
94.7115421	6	813
119.266033	6	814
74.5129585	6	817
69.9083805	6	818
134.646892	6	816
120.541810	6	819
268.029928	6	811
203.599452	6	815
130.739450	6	820
832.951784	16	782
952.117204	16	776
85.8199596	6	824
3132.27725	16	660
3157.22727	16	659
178.426265	6	821
115.556001	6	825
93.8627719	6	827
230.180263	6	822
171.096086	6	826
122.746467	6	829
235.551357	6	823
155.115365	6	828
128.663539	6	831
114.227533	6	834
100.157976	6	835
210.102558	6	830
3701.99847	16	640
162.588834	6	833
74.9096870	6	838
186.087369	6	832
167.879819	6	836
1241.50395	16	777
175.643920	6	837
3728.44099	16	644
1217.37480	16	781
1150.07114	16	785
77.7804851	6	845
182.777404	6	840
3679.69584	16	650
181.750059	6	841
3901.09443	16	639
1400.08592	16	775
112.131834	6	846
121.143341	6	848
287.544250	6	839
1252.66051	16	786
59.6916675	6	852
171.309947	6	847
118.228673	6	850
1515.69986	16	774
101.855993	6	853
309.730052	6	842
290.837049	6	843
102.042436	6	854
154.630899	6	851
282.243490	6	844
97.3298549	6	856
93.0757522	6	857
1494.15230	16	780
253.082275	6	849
106.892585	6	858
102.528572	6	859
1409.66439	16	787
191.146373	6	855
3750.16617	16	663
140.818595	6	861
167.663335	6	860
1834.78093	16	768
142.919063	6	862
140.308380	6	863
112.647771	6	865
96.1506366	6	866
1580.47342	16	784
145.532131	6	864
70.0740814	6	870
127.529859	6	867
68.4630870	6	871
128.486156	6	868
1590.75021	16	788
1761.50536	16	779
183.951854	6	869
134.275674	6	874
188.840150	6	873
157.957553	6	875
1927.41012	16	778
68.8521862	6	882
182.997941	6	877
157.407999	6	879
225.826025	6	876
306.968688	6	872
170.817136	6	880
142.882108	6	883
1959.52963	16	783
223.344564	6	881
300.770998	6	878
2082.12733	16	789
132.695436	6	921
137.434482	6	922
101.413011	6	924
121.634244	6	923
87.6371860	6	925
2523.76461	16	791
235.963582	6	919
135.390520	6	926
105.064153	6	928
139.160633	6	927
92.6382541	6	933
972.688674	16	884
345.194101	6	920
185.131549	6	931
188.202857	6	932
242.949485	6	930
143.962383	6	936
188.421487	6	934
283.237934	6	929
120.573043	6	939
117.256641	6	940
298.614740	6	935
177.780389	6	944
294.106960	6	938
1127.18725	16	893
197.916030	6	945
192.582368	6	946
267.119169	6	942
250.732660	6	943
188.117027	6	947
392.856836	6	937
197.964668	6	948
187.696933	6	949
159.204959	6	951
152.431011	6	952
381.603002	6	941
168.020963	6	954
194.646358	6	953
3483.19554	16	771
3157.91726	16	790
278.592109	6	950
3547.06382	16	769
144.247770	6	959
164.020299	6	958
193.140506	6	957
143.163204	6	960
219.814062	6	956
249.054670	6	955
1326.45082	16	896
148.488521	6	962
189.107179	6	961
150.844335	6	963
1441.83540	16	895
1384.44066	16	899
143.122673	6	967
211.679458	6	964
97.1825122	6	970
187.975406	6	966
148.087263	6	968
133.406400	6	969
238.559246	6	965
1215.64841	16	913
1394.65069	16	904
193.342208	6	971
1209.12933	16	916
1449.24688	16	903
191.244840	6	972
1527.52375	16	900
1648.38004	16	894
212.467908	6	974
83.6107730	6	981
178.070068	6	978
214.673519	6	976
203.235387	6	977
306.799411	6	973
227.978706	6	979
161.606550	6	983
163.839817	6	984
369.412899	6	975
153.276205	6	987
1737.09726	16	901
250.461816	6	982
127.088069	6	989
300.924777	6	980
165.544748	6	988
245.115280	6	985
1867.76018	16	897
1787.65368	16	902
2058.70914	16	887
158.609628	6	992
127.460718	6	994
1753.82566	16	906
197.202444	6	991
187.902688	6	993
2142.63033	16	886
78.7563323	6	1000
160.239458	6	996
122.562170	6	999
361.842632	6	986
296.840667	6	990
1799.18313	16	909
221.104383	6	995
114.911317	6	1001
1896.10576	16	905
205.239057	6	998
227.915763	6	997
119.729995	6	1003
145.546197	6	1002
1773.41961	16	915
118.953227	6	1006
167.812108	6	1004
73.3609199	6	1010
2370.64456	16	885
1897.01461	16	912
185.904502	6	1005
83.5962295	6	1011
171.413660	6	1009
95.5045223	6	1014
2374.88150	16	889
203.459501	6	1008
153.028964	6	1012
137.373208	6	1013
2083.36377	16	908
106.088399	6	1016
267.381668	6	1007
100.720882	6	1017
194.682598	6	1015
143.889427	6	1018
153.800964	6	1020
119.677305	6	1023
149.096488	6	1022
134.052753	6	1024
192.770004	6	1021
275.544404	6	1019
2487.28466	16	898
2642.53544	16	892
2369.80223	16	914
3092.44203	16	891
116.511821	6	1056
145.968198	6	1058
159.513711	6	1059
253.950834	6	1057
166.452169	6	1062
164.550304	6	1063
241.398811	6	1060
130.449056	6	1066
120.337724	6	1068
253.100633	6	1061
215.655326	6	1065
190.095424	6	1067
275.061607	6	1064
172.795772	6	1070
168.452024	6	1071
149.721860	6	1072
211.183309	6	1069
748.981714	16	1041
151.124477	6	1074
5672.16420	16	770
3042.33860	16	917
165.888786	6	1076
906.738042	16	1037
160.256624	6	1078
157.155275	6	1079
281.630992	6	1073
968.150615	16	1038
192.020177	6	1081
300.770759	6	1075
181.203365	6	1082
271.657466	6	1077
182.671785	6	1083
151.419878	6	1086
133.793830	6	1087
191.636323	6	1084
286.580085	6	1080
123.052835	6	1089
153.692483	6	1090
1144.79207	16	1036
254.677057	6	1085
149.995803	6	1091
1338.62161	16	1026
120.775938	6	1094
106.862783	6	1095
148.259878	6	1096
222.997188	6	1092
216.652393	6	1093
335.511684	6	1088
103.749275	6	1101
141.453981	6	1099
1231.56929	16	1040
212.249517	6	1097
111.917734	6	1103
96.8139171	6	1104
3492.97499	16	918
138.492107	6	1102
1251.74713	16	1042
1214.31565	16	1044
93.5268402	6	1107
124.849081	6	1106
165.265798	6	1105
1637.17246	16	1025
136.191368	6	1108
100.928068	6	1110
290.088653	6	1100
100.048303	6	1111
361.287117	6	1098
1337.40091	16	1045
1413.07497	16	1043
1372.08008	16	1046
158.425092	6	1112
64.2786026	6	1118
165.403366	6	1113
179.429054	6	1114
276.874542	6	1109
3976.28140	16	907
113.051891	6	1120
214.424610	6	1115
203.267335	6	1116
1394.74964	16	1052
1742.71368	16	1033
169.038295	6	1119
1765.73371	16	1032
223.901033	6	1117
163.018703	6	1121
1411.77725	16	1053
1860.22973	16	1029
214.403629	6	1122
213.221788	6	1123
1829.08821	16	1035
195.194482	6	1125
164.156198	6	1127
264.731645	6	1124
243.348836	6	1126
135.845184	6	1133
225.457906	6	1129
140.061855	6	1134
255.295515	6	1128
201.226711	6	1131
1911.14902	16	1039
1733.29114	16	1049
254.551172	6	1130
175.809383	6	1135
1741.61100	16	1051
266.572475	6	1132
4298.25186	16	911
213.127374	6	1136
4742.00010	16	888
202.282905	6	1139
191.246509	6	1140
177.479028	6	1141
256.079912	6	1137
190.668106	6	1142
267.169237	6	1138
146.871089	6	1147
123.435497	6	1149
211.594104	6	1144
195.105791	6	1145
149.382114	6	1148
188.951015	6	1146
277.953147	6	1143
4925.76742	16	890
2470.81708	16	1048
666.590452	16	1152
155.636787	6	1193
183.533191	6	1192
157.393455	6	1194
155.775308	6	1196
818.852901	16	1160
92.0739173	6	1201
78.1629085	6	1202
117.280244	6	1200
196.120738	6	1197
263.187170	6	1195
884.428501	16	1162
112.423181	6	1205
108.572959	6	1206
269.864797	6	1198
190.466880	6	1203
180.515766	6	1204
274.033069	6	1199
125.676870	6	1207
121.455907	6	1208
90.3251171	6	1210
119.977474	6	1209
58.6831569	6	1213
103.394031	6	1211
1002.92849	16	1163
1119.58813	16	1159
158.955812	6	1212
1172.04189	16	1157
96.2810516	6	1216
135.213613	6	1214
129.868268	6	1215
111.433029	6	1218
980.501413	16	1172
123.224020	6	1221
142.083168	6	1220
126.637458	6	1222
61.1472129	6	1226
127.421855	6	1223
1193.39990	16	1166
223.921775	6	1219
272.881507	6	1217
87.0225429	6	1227
1458.87994	16	1153
134.254217	6	1225
152.953386	6	1224
152.649641	6	1229
1534.13462	16	1155
123.775005	6	1231
98.7915992	6	1233
1099.70903	16	1180
124.965429	6	1232
206.146717	6	1228
90.1179313	6	1234
186.777591	6	1230
89.7955894	6	1235
3873.49486	16	1031
1059.32593	16	1186
108.923196	6	1237
93.6419963	6	1238
1546.38910	16	1161
97.7034568	6	1239
198.609828	6	1236
144.026756	6	1241
118.912220	6	1246
148.446798	6	1245
201.779365	6	1243
222.987413	6	1242
136.694431	6	1247
282.969236	6	1240
1550.74977	16	1173
133.824348	6	1249
154.325246	6	1248
1836.78030	16	1158
1480.06153	16	1179
258.199691	6	1244
131.294012	6	1252
117.397069	6	1253
108.400344	6	1254
134.149312	6	1255
136.920213	6	1256
265.219211	6	1250
308.323621	6	1251
168.760776	6	1259
247.828483	6	1257
1684.44514	16	1181
197.775363	6	1260
163.626909	6	1262
242.835998	6	1258
1764.39595	16	1178
212.278127	6	1261
4159.53946	16	1047
129.423141	6	1267
1670.47953	16	1185
158.266067	6	1266
221.695899	6	1263
1750.97179	16	1182
2244.21453	16	1156
167.545080	6	1268
248.824834	6	1264
1925.00305	16	1176
144.289016	6	1271
4524.83916	16	1034
298.444032	6	1265
136.255741	6	1274
1868.05200	16	1183
230.822801	6	1270
180.998325	6	1275
259.536504	6	1272
316.771268	6	1269
2201.50518	16	1169
4303.74455	16	1055
223.426103	6	1277
243.968486	6	1276
192.497253	6	1279
179.613828	6	1280
2139.72687	16	1177
123.625993	6	1285
68.8202381	6	1288
105.990886	6	1286
358.459472	6	1273
182.908296	6	1283
276.720285	6	1278
179.805278	6	1284
123.924493	6	1287
220.716714	6	1282
4500.82421	16	1050
258.949756	6	1281
2698.47822	16	1151
2102.11396	16	1184
70.4956054	6	1294
2048.32625	16	1189
149.784803	6	1291
188.339710	6	1289
179.877281	6	1290
164.580821	6	1292
155.794620	6	1293
87.4304771	6	1297
126.827001	6	1296
149.396657	6	1295
143.197059	6	1298
99.2605686	6	1301
2594.66361	16	1168
129.283428	6	1302
2684.65685	16	1165
2711.51041	16	1164
2685.00566	16	1167
243.563413	6	1299
234.116315	6	1300
2952.86393	16	1154
2581.09283	16	1175
2403.73516	16	1187
2715.68560	16	1174
2824.58305	16	1171
5445.86253	16	1027
120.974302	6	1321
126.297950	6	1323
185.196161	6	1320
139.226675	6	1324
94.6285724	6	1327
141.385793	6	1325
93.0416584	6	1328
5586.59362	16	1028
222.126245	6	1322
136.714935	6	1330
145.653486	6	1331
121.285676	6	1333
628.898859	16	1305
143.089771	6	1332
217.556715	6	1329
132.013082	6	1335
161.002635	6	1334
314.200878	6	1326
110.051155	6	1338
113.494634	6	1339
109.804153	6	1340
106.925725	6	1341
198.548555	6	1337
109.487533	6	1342
217.167139	6	1336
642.229795	16	1313
123.958826	6	1344
156.584501	6	1343
120.821475	6	1345
147.501707	6	1346
135.099172	6	1347
3078.07135	16	1188
105.179309	6	1351
141.346931	6	1349
178.778648	6	1348
8185.73856	16	910
914.248943	16	1309
183.788776	6	1350
162.602424	6	1353
185.102224	6	1354
242.017507	6	1352
159.231185	6	1357
896.268367	16	1316
205.041646	6	1358
258.491754	6	1355
250.443220	6	1356
1041.15819	16	1312
214.137554	6	1359
197.869539	6	1360
178.486347	6	1362
205.378055	6	1361
183.185815	6	1363
1055.76443	16	1315
197.829246	6	1364
188.743114	6	1365
173.699140	6	1366
1323.02975	16	1303
152.853965	6	1369
209.283113	6	1367
171.895980	6	1370
214.068412	6	1368
5961.87829	16	1054
167.157173	6	1371
1191.19977	16	1314
1384.48739	16	1304
171.316623	6	1372
162.064790	6	1373
149.147272	6	1374
98.2322692	6	1380
164.793252	6	1377
152.708292	6	1378
78.0894756	6	1383
242.340564	6	1375
145.571947	6	1381
248.310565	6	1376
204.416275	6	1379
101.369857	6	1386
111.501455	6	1387
3716.19677	16	1191
166.039943	6	1385
129.697084	6	1388
202.702522	6	1384
123.877286	6	1389
4503.00955	16	1150
311.862707	6	1382
173.196315	6	1390
141.775608	6	1393
1715.45934	16	1306
189.364194	6	1392
139.656066	6	1395
158.594369	6	1394
135.720014	6	1397
245.321512	6	1391
159.403324	6	1396
116.863012	6	1399
111.678838	6	1400
80.8446407	6	1403
81.8822383	6	1404
166.381597	6	1401
173.675298	6	1402
250.727653	6	1398
1876.18875	16	1308
156.853675	6	1405
1812.60204	16	1318
1898.72121	16	1317
2144.74940	16	1307
1943.08090	16	1319
2287.23144	16	1311
736.157655	16	1406
132.552623	6	1440
136.798381	6	1442
96.4636802	6	1445
190.646648	6	1441
143.027305	6	1448
121.927261	6	1450
143.433570	6	1449
249.892950	6	1444
124.375581	6	1451
235.760927	6	1447
313.909530	6	1443
187.371492	6	1452
181.681632	6	1453
147.677659	6	1455
171.268939	6	1454
128.196716	6	1458
167.581796	6	1456
355.326652	6	1446
164.818763	6	1457
130.117177	6	1459
139.898061	6	1460
203.152179	6	1461
941.960811	16	1422
221.969127	6	1462
188.167810	6	1464
181.286096	6	1465
217.002630	6	1463
205.145120	6	1467
239.266872	6	1466
191.975355	6	1469
187.703609	6	1470
143.901348	6	1473
251.239776	6	1468
198.228120	6	1471
218.447446	6	1472
116.599082	6	1478
111.030817	6	1479
221.312284	6	1474
117.275238	6	1480
239.403486	6	1475
223.120927	6	1476
206.051826	6	1477
146.903276	6	1481
141.402482	6	1482
129.905700	6	1483
1277.20212	16	1421
125.655651	6	1484
1373.77762	16	1418
1319.24128	16	1423
145.649433	6	1488
226.448059	6	1485
216.936588	6	1486
213.095188	6	1487
1460.85810	16	1420
107.237815	6	1494
1676.61452	16	1409
1419.10696	16	1426
184.172391	6	1493
250.986814	6	1491
289.734125	6	1489
279.855012	6	1490
246.108055	6	1492
6136.90471	16	1170
152.803182	6	1498
189.749479	6	1496
144.932270	6	1499
246.901750	6	1495
65.0444030	6	1505
174.153566	6	1500
67.0478343	6	1506
1549.21102	16	1428
205.836534	6	1501
168.462276	6	1503
1539.45922	16	1429
154.404640	6	1504
1724.59816	16	1419
196.556806	6	1502
294.134378	6	1497
95.0810909	6	1508
116.724252	6	1507
1813.00187	16	1415
91.1693572	6	1510
118.548631	6	1509
135.241985	6	1511
115.100145	6	1512
111.049890	6	1515
145.546436	6	1513
133.905410	6	1514
171.320199	6	1516
1637.22896	16	1438
122.977256	6	1520
159.993886	6	1518
106.993675	6	1521
183.903694	6	1517
1828.59182	16	1431
217.223882	6	1519
167.627334	6	1524
218.077421	6	1523
146.063566	6	1527
190.065145	6	1525
2054.54421	16	1424
180.334806	6	1526
256.267070	6	1522
138.431787	6	1530
161.758899	6	1529
138.378620	6	1531
203.702926	6	1528
137.375354	6	1532
2364.00341	16	1411
85.9022140	6	1536
2136.62338	16	1425
118.902444	6	1535
1893.69153	16	1439
164.335727	6	1533
101.751089	6	1537
160.742282	6	1534
91.3493633	6	1539
2485.51058	16	1408
90.8114910	6	1540
143.471002	6	1538
131.141185	6	1541
6547.18208	16	1190
129.111051	6	1542
72.2613334	6	1546
2152.32634	16	1435
136.169195	6	1545
106.761455	6	1549
147.619724	6	1547
101.941347	6	1551
246.552467	6	1543
252.553224	6	1544
2439.97263	16	1427
177.225589	6	1552
254.989147	6	1548
2415.22812	16	1432
266.584873	6	1550
2882.16137	16	1407
9791.83387	16	1030
2852.32257	16	1412
2869.51041	16	1416
104.989290	6	1579
130.485296	6	1578
2770.51663	16	1433
106.246948	6	1581
145.104885	6	1580
87.0532989	6	1584
76.9169330	6	1585
89.9515151	6	1586
177.831411	6	1582
104.606389	6	1587
86.3060951	6	1588
88.6528491	6	1589
113.780975	6	1591
146.028518	6	1590
277.778625	6	1583
119.028091	6	1592
3371.60372	16	1413
110.743522	6	1593
87.5368118	6	1595
105.272293	6	1594
103.236198	6	1597
166.369676	6	1596
617.275476	16	1572
750.461816	16	1566
197.907209	6	1598
137.896776	6	1602
114.758253	6	1604
138.992309	6	1603
202.423810	6	1600
112.881898	6	1605
231.282711	6	1599
119.519948	6	1606
228.335142	6	1601
66.2286281	6	1610
122.411489	6	1607
55.3607940	6	1611
187.203884	6	1609
150.413751	6	1613
3776.43513	16	1414
146.169662	6	1614
254.520177	6	1608
203.271865	6	1612
139.924049	6	1616
158.528566	6	1615
140.985488	6	1617
1011.29341	16	1569
1277.73761	16	1555
135.486841	6	1620
1215.69204	16	1562
215.684652	6	1618
93.4412479	6	1625
206.763029	6	1619
94.1174030	6	1626
1161.67473	16	1568
1215.64364	16	1565
91.4762020	6	1628
183.370590	6	1623
172.446966	6	1624
3935.25910	16	1417
231.043577	6	1621
1208.27698	16	1567
1152.68993	16	1571
234.670162	6	1622
156.749486	6	1627
1392.45533	16	1559
140.436649	6	1629
3655.54141	16	1436
1393.51272	16	1560
1583.41526	16	1553
111.274242	6	1635
183.871030	6	1631
203.356027	6	1630
200.106859	6	1632
185.305356	6	1633
136.730670	6	1636
172.178030	6	1634
142.470836	6	1637
4309.65209	16	1410
1372.13015	16	1573
206.540584	6	1638
1548.25925	16	1564
3867.19512	16	1437
131.859540	6	1643
116.815567	6	1645
116.355657	6	1646
6178.03096	16	1310
123.683929	6	1647
4082.65614	16	1430
300.793647	6	1639
283.761024	6	1641
1774.73425	16	1558
235.488891	6	1644
272.068262	6	1642
317.412853	6	1640
1704.58912	16	1563
184.750080	6	1649
182.724952	6	1650
1789.92176	16	1561
187.979459	6	1651
127.436876	6	1655
266.501665	6	1648
207.064151	6	1652
146.830558	6	1656
153.173923	6	1657
1653.00750	16	1575
264.148235	6	1653
126.991748	6	1661
1766.37625	16	1570
159.562826	6	1660
266.307115	6	1654
204.414606	6	1658
190.818309	6	1659
113.352298	6	1665
182.577133	6	1662
201.727151	6	1663
4379.78029	16	1434
213.859558	6	1664
200.647592	6	1666
195.569753	6	1667
129.515171	6	1671
157.560110	6	1670
2273.39053	16	1554
274.277210	6	1669
293.439388	6	1668
2308.67791	16	1556
2204.77819	16	1574
2384.50026	16	1576
698.361396	16	1673
595.780372	16	1681
2481.96029	16	1577
788.037300	16	1679
152.257680	6	1717
139.338016	6	1718
198.090314	6	1715
138.985633	6	1719
130.836486	6	1720
219.647884	6	1716
170.866727	6	1721
172.492027	6	1722
150.867938	6	1724
137.279510	6	1726
125.856161	6	1727
223.688364	6	1723
144.771814	6	1728
151.262998	6	1729
118.719577	6	1731
236.868143	6	1725
124.578714	6	1732
107.268333	6	1733
250.527143	6	1730
128.550052	6	1737
1106.03308	16	1685
222.437381	6	1734
149.882078	6	1738
189.148426	6	1736
210.018396	6	1735
1082.17334	16	1688
1313.37332	16	1675
113.725423	6	1741
1035.81213	16	1691
979.850292	16	1695
1215.14654	16	1682
1403.30529	16	1672
168.516159	6	1740
138.474702	6	1743
170.115232	6	1742
135.719299	6	1744
235.140562	6	1739
1417.14787	16	1678
1348.87957	16	1683
111.831903	6	1750
192.921400	6	1746
219.107866	6	1745
1216.79735	16	1692
139.945030	6	1751
1252.49600	16	1693
280.750036	6	1747
269.894361	6	1748
259.199380	6	1749
127.818584	6	1756
135.087251	6	1757
172.206401	6	1755
235.268831	6	1752
77.2740840	6	1762
237.619876	6	1754
278.108358	6	1753
103.446006	6	1763
1303.32922	16	1699
87.7926349	6	1764
172.241926	6	1760
86.3654613	6	1765
166.095256	6	1761
109.455347	6	1766
285.037517	6	1758
124.809741	6	1767
271.427869	6	1759
1715.97480	16	1684
1434.90386	16	1701
193.093299	6	1768
149.312496	6	1771
170.377016	6	1770
193.512916	6	1769
136.330604	6	1773
1927.47592	16	1676
148.556470	6	1774
147.392272	6	1775
135.832786	6	1776
1610.28218	16	1698
137.092351	6	1778
258.729696	6	1772
1398.92029	16	1711
1856.47654	16	1686
89.3940925	6	1782
143.060445	6	1779
160.499811	6	1780
142.982721	6	1781
226.168155	6	1777
85.9413146	6	1787
2055.87506	16	1680
108.716249	6	1786
1794.04568	16	1696
193.043231	6	1783
70.6200599	6	1790
118.983030	6	1788
1579.09965	16	1713
301.648378	6	1784
143.576622	6	1793
213.644027	6	1789
2093.72472	16	1687
1819.49043	16	1703
180.191278	6	1792
324.485063	6	1785
236.624479	6	1791
135.349750	6	1797
198.448657	6	1796
1881.91437	16	1705
242.223739	6	1795
199.025154	6	1798
297.986268	6	1794
1911.89932	16	1708
241.913795	6	1799
2040.96245	16	1702
251.869201	6	1800
1914.27493	16	1712
2181.53142	16	1704
2262.87078	16	1700
2256.88433	16	1707
2605.75819	16	1690
2375.93030	16	1706
2368.74747	16	1710
2869.47178	16	1689
2557.46150	16	1709
2927.21033	16	1694
3258.01515	16	1697
4295.53699	16	1674
3671.89908	16	1714
6671.58317	16	1557
4615.46325	16	1677
avg:  626.3599700397915
std:  973.7432512935715
p95:  2567.6715016365047
p99:  4303.803629875183
com:  51.49592626300375
thg:  2574.796313150188
FCT:  34.95422124862671
que:  518.6476424005297
los:  0.0
1362 438
**********************
