[21 15  9 ... 11 18 22]
95.7064628	6	1
93.7342643	6	2
145.451307	6	3
155.907392	6	4
170.980453	6	5
192.489385	6	6
181.488275	6	7
150.646209	6	16
186.507701	6	17
224.393367	6	15
381.765604	16	9
146.108627	6	32
165.077924	6	31
119.856834	6	38
201.235055	6	33
186.471462	6	35
125.301361	6	39
111.475944	6	40
158.065319	6	37
186.501502	6	36
583.796739	16	11
133.801460	6	41
107.652425	6	43
127.176523	6	42
83.2493305	6	46
274.490833	6	34
123.354673	6	45
156.830549	6	44
85.9136581	6	50
118.295907	6	48
89.1661643	6	51
174.525499	6	47
88.5665416	6	53
160.910129	6	49
126.390933	6	52
104.376792	6	54
104.406356	6	57
108.372211	6	58
118.994235	6	59
213.609695	6	55
152.751922	6	60
707.753658	16	24
126.413345	6	62
155.631303	6	61
130.868434	6	63
104.186773	6	65
133.084535	6	64
739.259481	16	25
266.441822	6	56
114.153861	6	67
806.313753	16	26
1033.10251	16	12
213.008403	6	66
150.182485	6	70
172.386407	6	69
142.612695	6	71
983.285188	16	18
153.705835	6	75
126.394987	6	77
142.672777	6	76
211.065530	6	73
226.533174	6	72
290.882349	6	68
141.013622	6	78
1014.65582	16	22
216.105222	6	74
1155.75289	16	13
165.706634	6	79
159.415245	6	80
1229.75349	16	14
211.855173	6	81
179.642438	6	84
1184.82375	16	19
1141.47090	16	23
151.230335	6	87
198.583841	6	85
243.308067	6	83
1202.66962	16	21
1226.91965	16	20
109.408855	6	93
209.516286	6	88
1171.81706	16	27
325.458049	6	82
183.443784	6	92
277.208328	6	86
222.054243	6	91
159.113407	6	97
134.466409	6	99
144.259452	6	100
197.782516	6	98
137.205839	6	102
234.793186	6	96
331.576347	6	90
120.336294	6	104
264.685869	6	95
175.237417	6	101
288.595676	6	94
1593.62530	16	10
1333.06360	16	29
139.874458	6	107
202.993631	6	103
423.749446	6	89
166.643142	6	106
192.187547	6	105
173.471689	6	109
58.7542057	6	117
136.214256	6	112
164.250612	6	111
154.628992	6	113
149.120569	6	114
132.799625	6	116
165.458440	6	115
252.758026	6	110
300.440311	6	108
704.862594	16	118
2138.38410	16	30
116.507768	6	165
175.906419	6	166
836.688280	16	125
148.552656	6	170
281.266450	6	164
180.271387	6	171
234.005451	6	168
227.966308	6	169
271.738290	6	167
188.675880	6	172
162.683248	6	174
115.494012	6	177
85.8454704	6	179
195.369720	6	173
117.609500	6	178
169.281721	6	175
169.247627	6	176
985.047817	16	126
74.8906135	6	185
154.920101	6	182
188.481807	6	180
179.073333	6	181
166.606426	6	183
160.052299	6	184
95.4864025	6	188
129.269599	6	187
152.513265	6	186
2965.32249	16	8
155.095338	6	189
108.681201	6	192
1143.33891	16	129
146.951436	6	193
107.398748	6	196
1284.93404	16	124
285.266399	6	190
282.900333	6	191
257.174968	6	194
158.203125	6	200
272.163867	6	195
132.252454	6	205
207.601785	6	201
304.748535	6	197
162.152528	6	207
223.584413	6	204
306.641578	6	199
340.908050	6	198
213.452816	6	206
1609.84086	16	122
337.240695	6	202
320.894718	6	203
1518.74423	16	130
218.661546	6	211
129.829406	6	219
261.352300	6	212
237.705230	6	214
1395.49565	16	144
196.072816	6	218
280.653476	6	215
294.631242	6	216
1808.01677	16	123
354.313850	6	213
1515.93661	16	145
204.168319	6	226
287.466049	6	221
264.687061	6	224
528.892278	6	209
1799.42154	16	132
316.875219	6	223
356.476306	6	222
308.465242	6	225
1777.08268	16	136
240.465402	6	230
265.033721	6	229
200.511932	6	233
591.165542	6	210
249.870538	6	232
269.729137	6	231
479.715585	6	220
1862.10703	16	137
281.601905	6	234
256.785869	6	236
278.904438	6	235
1563.65060	16	158
1749.94444	16	147
181.048631	6	242
751.893043	6	208
1709.16318	16	150
468.823194	6	227
1823.72045	16	146
697.194099	6	217
517.570257	6	228
367.175579	6	237
348.305702	6	238
1771.05951	16	153
352.644443	6	240
1741.66631	16	157
2214.52069	16	127
2051.38945	16	138
398.563861	6	239
322.827577	6	245
235.811948	6	253
2406.24475	16	120
438.533306	6	241
418.352127	6	244
3862.74480	16	28
485.282659	6	243
329.026460	6	254
2346.80271	16	133
420.665025	6	252
290.970563	6	261
362.820148	6	257
2117.67864	16	152
508.652448	6	249
530.737876	6	248
488.480091	6	251
562.916994	6	247
415.251970	6	256
313.898801	6	262
2327.06761	16	140
2281.70800	16	143
129.726171	6	274
2547.57118	16	128
397.997856	6	260
482.773542	6	255
571.374893	6	250
468.950986	6	258
400.353908	6	263
185.617446	6	277
327.796220	6	271
2364.82310	16	149
323.493957	6	272
561.271667	6	259
2633.35347	16	134
2191.92409	16	162
481.512069	6	265
2569.71812	16	139
516.779422	6	264
824.759483	6	246
455.896377	6	268
298.430204	6	278
458.503961	6	270
363.207578	6	276
494.992733	6	269
329.097270	6	279
249.726533	6	284
329.165697	6	280
567.584991	6	267
360.004186	6	281
462.033987	6	275
252.420663	6	288
309.938907	6	285
348.329067	6	283
366.378307	6	282
527.245044	6	273
299.819231	6	287
371.914386	6	286
737.346410	6	266
2776.31735	16	156
2755.03110	16	159
3539.20507	16	121
3602.01978	16	119
174.370288	6	329
149.731159	6	331
226.310729	6	327
187.569618	6	330
144.050598	6	333
110.967636	6	336
3134.29689	16	154
205.584526	6	332
280.360460	6	328
153.883934	6	339
147.729635	6	340
135.536193	6	341
138.952732	6	342
284.147739	6	335
310.410976	6	334
280.782699	6	338
180.641174	6	346
242.435455	6	343
216.872453	6	345
179.615497	6	348
159.096956	6	350
257.295131	6	344
211.026668	6	347
220.575809	6	349
1184.89742	16	290
199.171066	6	351
3521.43621	16	151
3609.56859	16	148
269.430160	6	352
1167.52839	16	297
268.147230	6	353
555.577993	6	337
275.453329	6	354
271.434545	6	356
1327.09789	16	294
285.511970	6	358
239.242553	6	361
372.011184	6	355
343.025445	6	360
288.362741	6	364
195.981979	6	370
333.353996	6	362
268.686532	6	369
237.390756	6	371
457.308053	6	359
3730.49044	16	163
278.263330	6	372
428.633928	6	363
245.591163	6	374
536.104679	6	357
360.992431	6	368
399.122238	6	366
383.445739	6	367
426.919937	6	365
3913.73968	16	155
299.058437	6	373
4242.27714	16	135
296.220302	6	375
185.654401	6	385
317.842960	6	379
348.558425	6	378
4280.21359	16	142
195.516109	6	389
1593.53971	16	309
253.886461	6	390
244.934558	6	391
191.988706	6	396
230.412960	6	395
256.397962	6	394
203.347921	6	397
407.019853	6	386
581.918716	6	376
1607.31625	16	314
1630.36966	16	313
1925.82035	16	295
495.727539	6	382
335.111856	6	393
258.490562	6	398
504.187822	6	384
524.922132	6	383
630.858898	6	377
252.578973	6	399
470.543622	6	387
575.641393	6	381
418.083190	6	392
273.552179	6	401
229.570150	6	405
285.023212	6	402
2091.51935	16	293
277.615785	6	404
683.767080	6	380
2146.54779	16	292
265.114545	6	406
331.984043	6	403
587.498188	6	388
384.474754	6	400
1912.29176	16	310
299.555778	6	407
1823.06623	16	317
195.766925	6	415
261.096954	6	412
334.856033	6	409
308.401346	6	411
363.106250	6	408
1868.60466	16	319
2401.33571	16	291
296.727180	6	417
245.231866	6	420
5051.71203	16	131
224.109888	6	423
160.804271	6	427
2182.22737	16	307
329.504013	6	418
367.528676	6	416
436.420917	6	414
265.560865	6	424
304.730415	6	422
326.294660	6	421
2232.45859	16	308
537.081718	6	410
177.411794	6	431
263.948678	6	426
2188.36498	16	312
385.560274	6	419
237.621307	6	428
298.010587	6	425
211.374282	6	432
243.891477	6	430
536.502122	6	413
2497.93386	16	296
153.625011	6	437
2647.97019	16	289
2511.68465	16	298
202.985286	6	436
325.181007	6	429
190.789222	6	438
2246.26517	16	318
2443.43352	16	306
4902.70066	16	160
343.912839	6	433
239.174127	6	440
217.067241	6	442
196.665525	6	444
208.345413	6	446
224.786043	6	445
358.540058	6	439
246.425867	6	447
2364.46952	16	322
458.688020	6	435
359.222888	6	443
212.483882	6	453
175.034523	6	457
2619.34161	16	311
330.829381	6	449
307.817459	6	451
474.807500	6	441
244.036197	6	456
351.156949	6	450
284.047365	6	455
332.879066	6	452
397.757530	6	448
689.037322	6	434
416.146516	6	454
3121.40035	16	302
5580.98769	16	161
140.758514	6	493
3333.21213	16	300
117.638826	6	495
219.970941	6	489
142.670869	6	494
3106.73832	16	316
208.030223	6	491
135.607957	6	496
236.913204	6	490
120.830059	6	497
67.0034885	6	501
124.969482	6	498
62.5228881	6	502
235.247850	6	492
3430.54938	16	299
205.297470	6	500
147.621154	6	504
148.993968	6	505
695.549249	16	472
3186.29455	16	323
140.970945	6	507
3242.95091	16	320
157.936811	6	506
208.920001	6	503
280.306100	6	499
158.050060	6	508
161.247730	6	511
6290.09985	16	141
94.0685272	6	516
1041.18990	16	458
219.611167	6	509
767.250061	16	476
114.934682	6	517
230.643272	6	510
781.919956	16	477
920.292854	16	469
111.291646	6	519
237.905740	6	512
205.750226	6	514
192.442417	6	515
933.278799	16	470
162.564516	6	518
262.261390	6	513
163.658618	6	520
3822.77107	16	301
3599.72357	16	315
122.220754	6	526
3489.66646	16	324
238.871812	6	521
221.281766	6	522
142.872571	6	527
196.566343	6	524
190.531492	6	525
237.763404	6	523
183.964729	6	528
1051.60546	16	478
121.565818	6	536
240.272760	6	529
1189.49460	16	471
1138.64398	16	475
141.049385	6	537
197.875738	6	534
1286.94462	16	468
334.246635	6	531
1281.28981	16	473
360.021352	6	530
232.133865	6	538
233.458757	6	539
352.851152	6	533
3869.62437	16	321
3788.77568	16	326
223.168134	6	542
264.184474	6	540
286.972045	6	541
394.008159	6	535
233.596801	6	546
232.110500	6	547
315.076112	6	543
499.787569	6	532
1221.15254	16	488
239.412307	6	548
234.304666	6	549
217.554807	6	551
333.655834	6	545
158.645868	6	556
1432.86037	16	479
241.461515	6	552
1445.92070	16	480
1725.51989	16	463
326.177597	6	550
290.282964	6	553
472.272396	6	544
1858.80064	16	459
1822.11756	16	462
260.946512	6	558
1530.65013	16	482
210.567235	6	563
382.408857	6	555
344.485044	6	557
1934.56077	16	460
267.632484	6	562
236.081600	6	564
4540.29011	16	304
416.866302	6	554
164.435625	6	570
313.014984	6	561
1855.16095	16	467
144.765138	6	572
253.439426	6	566
262.221813	6	567
229.432582	6	569
195.575952	6	573
1624.52983	16	486
243.732690	6	571
175.698757	6	575
4682.75046	16	303
217.871665	6	574
200.662136	6	576
2123.71921	16	461
431.482076	6	565
237.650871	6	577
229.031562	6	578
222.437381	6	579
420.271396	6	568
226.080656	6	581
1983.42514	16	474
615.042686	6	559
4850.73161	16	305
657.713651	6	560
2284.72399	16	464
413.836717	6	580
2368.97611	16	483
95.6373214	6	624
2408.46562	16	487
135.510683	6	628
213.180780	6	625
202.311515	6	626
156.522989	6	629
193.983554	6	627
113.784790	6	632
2605.43584	16	481
175.821542	6	631
145.596027	6	634
166.683673	6	633
1000.13375	16	582
150.698423	6	635
234.084129	6	630
2926.40995	16	465
2641.92008	16	484
115.522623	6	641
217.225074	6	636
2999.25637	16	466
211.046218	6	637
139.765262	6	642
268.320560	6	639
201.425075	6	643
289.919376	6	638
5490.92411	16	325
238.560676	6	645
206.553697	6	647
230.992078	6	646
202.608823	6	648
139.344692	6	653
123.888731	6	654
109.002828	6	655
176.666021	6	651
374.431133	6	640
302.579164	6	644
313.089132	6	649
200.021028	6	656
3004.74262	16	485
264.592885	6	652
169.378519	6	658
186.211824	6	657
317.729473	6	650
143.887758	6	662
198.172330	6	659
184.453010	6	661
1470.82352	16	583
213.244438	6	660
1435.09602	16	586
1398.57697	16	592
126.846551	6	664
1528.32674	16	584
148.883819	6	665
127.223730	6	667
143.094539	6	666
138.586044	6	669
333.372592	6	663
92.9379463	6	673
147.112607	6	670
145.773649	6	672
220.042228	6	668
170.150279	6	671
89.5102024	6	678
118.620634	6	677
73.8713741	6	681
113.026618	6	679
193.969249	6	674
145.404577	6	684
222.351789	6	680
310.443401	6	675
228.932857	6	682
135.057926	6	688
1870.18132	16	589
240.081787	6	683
222.290039	6	686
208.064079	6	687
410.608053	6	676
1574.14650	16	612
236.267805	6	689
2032.77826	16	590
266.746044	6	692
425.109148	6	685
1777.63247	16	609
1582.32545	16	622
321.697235	6	695
289.980888	6	697
286.080121	6	698
444.933176	6	693
377.765417	6	699
320.510864	6	703
438.526868	6	696
1963.11783	16	610
2318.88937	16	588
311.422824	6	705
1970.90291	16	611
573.641061	6	690
308.783531	6	706
1870.69010	16	618
250.252246	6	710
575.423479	6	691
302.098751	6	708
2339.27130	16	591
2165.32111	16	602
2056.87522	16	613
2469.35224	16	587
2206.25996	16	604
638.662815	6	694
399.024248	6	709
517.194271	6	704
317.196846	6	716
2216.84813	16	608
2480.60536	16	593
2278.60498	16	606
427.575588	6	713
348.495960	6	718
2485.01110	16	594
416.201353	6	714
2045.45187	16	623
2110.11409	16	620
2133.31174	16	619
375.378131	6	720
679.847478	6	702
295.317411	6	725
2194.84782	16	617
418.408393	6	719
479.634523	6	717
2542.49572	16	598
518.338441	6	715
2285.66050	16	615
782.459974	6	701
432.542085	6	722
2797.90353	16	585
473.486185	6	721
327.980279	6	730
461.102724	6	723
2595.81422	16	600
181.305885	6	743
2686.01536	16	601
850.481271	6	707
225.878238	6	744
347.880125	6	738
402.756452	6	735
607.189893	6	724
817.919254	6	712
2791.57686	16	599
406.526088	6	737
273.199319	6	745
2734.80367	16	603
521.945476	6	731
453.930854	6	736
895.612001	6	711
375.550270	6	742
278.169155	6	748
530.657291	6	733
516.507863	6	734
2926.61666	16	595
2910.93182	16	596
621.038198	6	729
426.161050	6	741
454.195499	6	740
307.209968	6	749
476.099252	6	739
618.599653	6	732
690.137147	6	728
377.857923	6	747
1177.42848	6	700
405.096530	6	746
736.981153	6	727
2986.81783	16	597
783.670186	6	726
3061.72800	16	607
162.212848	6	783
149.250984	6	784
140.932559	6	785
3085.17074	16	614
147.369146	6	788
147.361755	6	789
93.3701992	6	793
205.858707	6	786
209.740161	6	787
129.746437	6	792
172.110080	6	790
170.874118	6	791
126.213550	6	794
119.537115	6	796
106.180667	6	797
140.705108	6	795
77.1720409	6	801
136.974811	6	798
135.046005	6	799
161.373138	6	802
3514.72401	16	605
146.801710	6	803
150.845289	6	804
80.2130699	6	809
118.569374	6	808
176.232576	6	805
162.305593	6	806
272.014856	6	800
113.507747	6	810
78.8986682	6	812
175.714015	6	807
101.049184	6	813
72.9355812	6	817
123.355150	6	814
71.1979866	6	818
948.648214	16	764
139.196872	6	816
123.928070	6	819
131.796836	6	820
1264.70613	16	750
212.672948	6	815
294.374465	6	811
84.9807262	6	824
1251.78861	16	753
1283.37669	16	751
184.361457	6	821
121.889591	6	825
96.9178676	6	827
238.880634	6	822
127.300500	6	829
184.032440	6	826
158.656597	6	828
242.298364	6	823
136.511087	6	831
3807.59143	16	616
116.609573	6	834
126.698493	6	835
80.9643268	6	838
217.501163	6	830
189.725399	6	832
179.112911	6	833
187.669038	6	836
187.445640	6	837
1240.20838	16	773
76.5788555	6	845
1116.19472	16	782
186.732292	6	841
204.642295	6	840
113.614797	6	846
1397.34554	16	768
127.457857	6	848
290.630102	6	839
87.4984264	6	852
176.329612	6	847
165.723562	6	850
1725.34465	16	754
163.718223	6	851
297.603845	6	843
133.187055	6	853
287.322282	6	844
320.934295	6	842
131.113767	6	854
111.476898	6	857
257.413625	6	849
143.559694	6	856
114.742994	6	859
136.149168	6	858
1704.56099	16	762
1669.95072	16	765
239.576578	6	855
1867.24257	16	755
149.917602	6	861
152.855396	6	862
190.206527	6	860
146.714687	6	863
113.796710	6	865
100.645780	6	866
149.728536	6	864
74.0015506	6	870
132.761955	6	867
69.6384906	6	871
133.651018	6	868
1952.44026	16	757
1795.61257	16	767
1949.70583	16	759
1834.84721	16	766
1766.54458	16	772
193.440437	6	869
131.924152	6	874
191.490888	6	873
159.505844	6	875
1985.22782	16	763
1736.55247	16	779
1806.45489	16	775
75.3772258	6	882
1748.00801	16	780
165.070772	6	879
210.503101	6	877
235.123157	6	876
311.985492	6	872
124.851226	6	884
1870.84388	16	777
2062.78228	16	769
261.204004	6	880
261.080503	6	881
221.839189	6	885
4663.33055	16	621
2264.58859	16	760
270.728349	6	883
361.332654	6	878
2115.39387	16	771
2382.31968	16	756
228.397130	6	889
2370.43356	16	758
2499.24802	16	752
246.494293	6	893
219.886302	6	896
299.882411	6	891
257.538318	6	895
286.681652	6	894
354.100704	6	890
427.318096	6	888
2258.21733	16	776
271.490335	6	899
303.818464	6	897
265.092611	6	900
187.211513	6	905
489.023923	6	886
2373.39639	16	770
483.073711	6	887
402.794122	6	892
232.567787	6	904
249.963283	6	903
2359.78031	16	774
355.580568	6	898
237.665891	6	906
317.287683	6	902
342.020273	6	901
339.142799	6	907
3127.63524	16	761
157.964706	6	957
135.446786	6	959
156.196117	6	958
195.671558	6	956
224.712610	6	955
144.876718	6	960
126.548290	6	962
186.268091	6	961
159.370660	6	963
140.823125	6	967
101.493835	6	970
209.177494	6	964
179.637670	6	966
151.813268	6	968
138.361454	6	969
1013.31353	16	916
240.543365	6	965
201.554536	6	971
186.325073	6	972
1008.90302	16	925
222.244501	6	974
154.143571	6	978
136.950016	6	981
222.747325	6	977
245.526790	6	976
331.647396	6	973
1388.59724	16	909
187.772512	6	984
275.442361	6	979
137.097835	6	989
259.928464	6	982
247.788667	6	983
299.152612	6	980
3515.94638	16	781
436.412334	6	975
159.711360	6	992
139.298439	6	994
263.931274	6	987
303.712606	6	985
1296.73695	16	924
1474.15137	16	913
282.396078	6	988
247.064590	6	991
110.214948	6	1001
129.579067	6	1000
305.538415	6	990
173.222541	6	999
281.098604	6	993
263.709545	6	996
1219.80309	16	940
484.235763	6	986
332.841873	6	995
215.378284	6	1003
214.500904	6	1004
90.9638404	6	1011
329.584121	6	997
247.861385	6	1002
133.519172	6	1010
219.889640	6	1006
356.138229	6	998
250.922203	6	1005
126.996517	6	1014
183.108329	6	1012
1458.64582	16	936
289.772510	6	1007
259.803533	6	1009
134.404659	6	1016
126.384735	6	1017
231.667995	6	1013
152.022361	6	1018
228.818178	6	1015
359.272003	6	1008
1772.69458	16	922
1760.67280	16	923
169.125556	6	1022
220.242738	6	1020
187.639474	6	1023
166.495800	6	1025
184.059619	6	1024
239.698886	6	1021
161.616086	6	1026
2108.85310	16	908
1784.07049	16	933
88.5419845	6	1037
221.818208	6	1029
1644.57988	16	945
184.756755	6	1032
404.854774	6	1019
284.944772	6	1027
153.468608	6	1035
2192.87872	16	912
125.846147	6	1038
208.743095	6	1033
247.760057	6	1031
1983.44659	16	928
4399.35874	16	778
2009.55939	16	927
2040.42029	16	926
1685.65368	16	949
353.336334	6	1028
159.250497	6	1041
93.8916206	6	1045
215.059757	6	1040
2285.96544	16	915
338.874101	6	1034
209.979295	6	1042
1940.28520	16	939
316.954851	6	1036
1868.82400	16	944
1760.89072	16	952
461.640834	6	1030
267.439842	6	1043
253.831624	6	1044
191.611766	6	1048
147.454500	6	1051
265.267610	6	1046
170.578002	6	1052
155.304908	6	1053
266.460180	6	1049
1966.42470	16	948
160.519599	6	1056
1904.27660	16	953
479.712009	6	1039
166.027307	6	1058
307.655811	6	1050
1994.43387	16	951
2131.67166	16	947
2148.03457	16	946
453.036785	6	1047
356.891632	6	1054
2251.94787	16	942
325.095653	6	1059
275.020599	6	1062
2644.84953	16	919
251.114845	6	1066
403.620243	6	1057
2660.82906	16	921
236.273765	6	1068
2372.30134	16	943
402.149915	6	1061
418.072223	6	1060
378.412008	6	1063
2568.26186	16	932
258.991003	6	1072
402.942895	6	1067
294.230699	6	1074
360.476016	6	1070
377.141952	6	1071
270.367622	6	1079
435.157537	6	1069
221.756219	6	1083
349.617481	6	1076
542.090177	6	1065
288.642644	6	1081
357.625007	6	1077
342.298746	6	1078
295.167207	6	1082
740.626096	6	1055
449.337482	6	1073
275.080680	6	1084
621.393442	6	1064
3030.89237	16	920
329.640388	6	1085
428.751707	6	1080
535.138845	6	1075
98.9015102	6	1120
155.176162	6	1119
157.434463	6	1121
204.969406	6	1122
211.873054	6	1123
202.439546	6	1125
173.656940	6	1127
236.682653	6	1126
272.078514	6	1124
220.923900	6	1128
224.287986	6	1129
155.805110	6	1133
207.711935	6	1131
148.361206	6	1135
248.243808	6	1130
204.578876	6	1134
3563.12108	16	931
3888.10253	16	911
3529.27947	16	935
292.326450	6	1132
238.581895	6	1136
175.477981	6	1141
216.374158	6	1139
243.852138	6	1138
284.498929	6	1137
158.183813	6	1147
887.711524	16	1103
254.217147	6	1142
191.443920	6	1146
301.294326	6	1140
247.458696	6	1144
236.021757	6	1145
3990.68808	16	917
151.646614	6	1150
1008.44168	16	1099
129.600048	6	1152
187.974214	6	1149
213.337182	6	1148
960.333585	16	1104
107.172012	6	1155
337.169170	6	1143
201.043367	6	1151
170.320510	6	1153
1026.39698	16	1102
157.729625	6	1154
91.1333560	6	1159
134.702920	6	1157
89.9450778	6	1160
178.837299	6	1156
85.0164890	6	1162
174.729347	6	1158
129.214763	6	1161
101.853132	6	1163
111.289024	6	1166
1445.22094	16	1087
101.492404	6	1167
122.244834	6	1168
214.731931	6	1164
1533.70070	16	1086
3947.21102	16	941
156.804561	6	1169
132.013082	6	1171
156.405925	6	1170
4165.74501	16	929
131.218433	6	1172
108.415603	6	1174
267.269611	6	1165
142.720699	6	1173
1361.55152	16	1101
1277.51898	16	1107
116.017341	6	1176
1607.62238	16	1089
1517.18592	16	1096
144.644737	6	1179
1389.05024	16	1105
167.172670	6	1178
217.158794	6	1175
138.627767	6	1180
175.371646	6	1181
3969.16460	16	954
142.803907	6	1184
115.493774	6	1186
113.471269	6	1187
146.411657	6	1185
198.850154	6	1182
1476.43971	16	1106
285.772800	6	1177
1679.15630	16	1095
222.467899	6	1183
163.865566	6	1188
161.285638	6	1189
185.650348	6	1190
1441.34402	16	1118
173.974990	6	1193
167.067766	6	1194
210.922002	6	1192
149.250030	6	1196
242.040634	6	1191
1642.89546	16	1108
126.092433	6	1201
209.293842	6	1197
177.451372	6	1200
167.874097	6	1202
277.054309	6	1195
121.061563	6	1205
1725.41761	16	1111
277.706146	6	1198
198.655605	6	1204
279.336452	6	1199
220.028400	6	1203
161.876440	6	1207
180.889844	6	1206
157.004833	6	1208
84.5131874	6	1213
152.022600	6	1209
141.487598	6	1210
2133.01658	16	1091
160.274982	6	1211
170.742273	6	1212
110.536098	6	1216
161.327838	6	1214
151.428699	6	1215
106.445789	6	1218
2225.14438	16	1093
1881.51383	16	1116
2139.14632	16	1100
127.572298	6	1221
55.7131767	6	1226
151.015996	6	1220
132.704973	6	1222
127.951860	6	1223
88.5426998	6	1227
132.759094	6	1225
228.826999	6	1219
151.328802	6	1224
285.738229	6	1217
5000.72646	16	934
147.907972	6	1229
171.444177	6	1230
206.389665	6	1228
2112.52331	16	1115
2489.17531	16	1092
2163.48743	16	1113
5517.44842	16	910
5092.87118	16	938
2744.24862	16	1088
2419.36373	16	1112
164.667367	6	1259
152.581930	6	1262
224.255800	6	1258
197.855234	6	1260
100.827455	6	1267
133.888959	6	1266
224.747180	6	1261
216.817855	6	1263
160.004615	6	1268
240.489959	6	1264
159.271717	6	1271
2835.68763	16	1109
691.316843	16	1239
142.524957	6	1274
298.666954	6	1265
261.969566	6	1270
6061.01584	16	918
327.408313	6	1269
283.937692	6	1272
182.970523	6	1279
260.567903	6	1275
95.6268310	6	1286
201.347112	6	1280
297.326087	6	1276
209.556818	6	1283
126.137971	6	1288
316.487550	6	1277
208.387374	6	1284
193.627357	6	1285
328.947544	6	1278
195.638656	6	1287
309.087276	6	1281
449.835538	6	1273
173.959970	6	1290
156.379699	6	1291
317.078113	6	1282
1091.08376	16	1235
125.819921	6	1294
1143.58568	16	1233
953.778743	16	1245
103.674411	6	1297
158.504486	6	1295
265.360593	6	1289
215.962648	6	1292
985.985517	16	1247
181.910514	6	1296
1096.17567	16	1241
243.822574	6	1293
120.100498	6	1301
1289.94774	16	1231
193.255662	6	1298
1047.10888	16	1248
168.108701	6	1302
121.605634	6	1305
6581.01701	16	914
1028.99789	16	1253
1110.83173	16	1249
1179.50963	16	1246
305.315971	6	1299
247.720956	6	1303
3446.02179	16	1110
240.875720	6	1304
164.859771	6	1309
215.566873	6	1310
382.052421	6	1300
157.851457	6	1314
248.102188	6	1312
1462.21303	16	1238
248.551607	6	1313
3869.47751	16	1094
218.209981	6	1316
307.821750	6	1311
1273.54621	16	1255
301.188468	6	1315
464.640140	6	1306
433.394908	6	1308
468.811988	6	1307
258.361339	6	1321
200.153350	6	1327
190.429449	6	1328
1597.13745	16	1243
300.559997	6	1323
313.800573	6	1324
1672.09482	16	1242
6841.53127	16	930
337.846755	6	1325
476.850509	6	1320
260.474681	6	1335
308.477401	6	1332
4291.46766	16	1090
293.180227	6	1333
6627.66242	16	950
1950.42967	16	1232
493.629217	6	1322
364.133596	6	1330
1863.24763	16	1240
383.137941	6	1331
1677.20770	16	1252
346.138477	6	1338
1887.07304	16	1244
494.982242	6	1329
370.985507	6	1339
291.519880	6	1344
473.862409	6	1334
1752.75468	16	1256
367.704629	6	1341
394.864082	6	1340
375.074386	6	1342
386.746883	6	1343
501.339435	6	1336
809.889316	6	1317
327.650785	6	1347
365.760087	6	1345
7096.91023	16	937
687.174081	6	1326
339.203596	6	1348
2173.58040	16	1236
301.761627	6	1351
393.004655	6	1346
829.032182	6	1319
851.755380	6	1318
355.844974	6	1349
377.128124	6	1350
2273.57769	16	1234
337.462663	6	1353
356.142282	6	1354
416.576385	6	1352
303.041696	6	1359
318.058490	6	1358
683.434724	6	1337
390.880823	6	1355
374.389410	6	1356
370.587348	6	1357
2509.00888	16	1251
78.2563686	6	1404
94.7723388	6	1406
172.075986	6	1405
133.141756	6	1410
5260.49399	16	1098
200.372219	6	1407
167.607069	6	1409
194.444417	6	1411
2783.62417	16	1254
171.889305	6	1415
143.357515	6	1418
322.245121	6	1408
161.284685	6	1419
270.833492	6	1413
255.834817	6	1414
227.287054	6	1416
161.928176	6	1422
276.101827	6	1417
178.435087	6	1423
245.766878	6	1421
266.219615	6	1420
399.891376	6	1412
163.233518	6	1428
217.645406	6	1426
164.596080	6	1430
182.905197	6	1431
231.255054	6	1429
5441.02644	16	1114
320.014715	6	1427
388.031959	6	1424
1353.86395	16	1366
391.382932	6	1425
265.782594	6	1433
247.983455	6	1435
233.709335	6	1438
5876.61623	16	1097
430.015563	6	1432
350.746631	6	1437
214.446544	6	1445
352.934122	6	1440
338.303327	6	1441
323.274135	6	1442
395.697355	6	1439
261.487483	6	1448
203.404188	6	1455
289.335727	6	1450
1371.20199	16	1386
293.930768	6	1451
580.766439	6	1434
333.701133	6	1449
267.876625	6	1454
234.179019	6	1458
621.195077	6	1436
256.969690	6	1459
369.853258	6	1453
387.056827	6	1452
1900.02775	16	1362
499.059677	6	1447
1869.12584	16	1365
1621.36793	16	1383
619.477748	6	1443
349.221467	6	1460
429.850339	6	1456
490.383386	6	1457
712.272882	6	1444
463.217496	6	1461
416.225433	6	1465
2026.94201	16	1369
288.384914	6	1473
4219.41471	16	1237
375.458240	6	1471
399.237871	6	1472
296.699762	6	1478
1833.86993	16	1388
2244.55475	16	1363
569.544315	6	1464
1917.69671	16	1385
619.723558	6	1462
1907.21201	16	1387
319.278240	6	1480
346.169233	6	1479
932.592868	6	1446
2033.93411	16	1380
638.864517	6	1463
1749.03678	16	1399
2200.86050	16	1371
1686.83123	16	1403
599.846839	6	1467
2261.73210	16	1368
594.151258	6	1468
2212.96715	16	1373
663.840293	6	1466
618.819236	6	1469
606.771230	6	1470
1986.81974	16	1389
386.806249	6	1483
2168.15805	16	1378
1937.82901	16	1393
381.675958	6	1484
553.322315	6	1475
2365.49115	16	1367
574.181795	6	1474
2291.75400	16	1372
490.382432	6	1481
226.587057	6	1498
506.900548	6	1482
624.081373	6	1476
2562.97993	16	1360
6601.10735	16	1117
162.176609	6	1505
253.119945	6	1500
2310.67323	16	1379
1994.13514	16	1400
2576.03716	16	1364
403.801679	6	1494
507.116317	6	1488
701.245784	6	1477
2098.66309	16	1396
344.218015	6	1499
272.622108	6	1506
540.028572	6	1493
675.015449	6	1485
654.530048	6	1487
396.951198	6	1503
310.976028	6	1508
2597.55754	16	1374
431.917667	6	1502
704.220056	6	1486
2321.77662	16	1392
2281.64005	16	1395
374.463796	6	1507
336.749792	6	1510
499.784469	6	1501
459.509372	6	1504
322.072505	6	1513
683.510303	6	1492
642.063140	6	1495
252.813339	6	1518
2658.68782	16	1376
627.373695	6	1496
308.537006	6	1515
334.033250	6	1514
385.890007	6	1512
406.210422	6	1511
441.345930	6	1509
775.517940	6	1490
766.458988	6	1491
353.059291	6	1516
826.453447	6	1489
717.390298	6	1497
2672.24740	16	1384
413.637638	6	1517
2665.76218	16	1394
2761.96765	16	1391
101.150035	6	1551
91.3300514	6	1553
100.063800	6	1554
3346.06361	16	1361
105.937004	6	1555
180.311918	6	1552
135.812759	6	1556
227.052211	6	1558
3213.87457	16	1381
229.269504	6	1559
138.498544	6	1566
224.579572	6	1561
243.911504	6	1562
209.919452	6	1564
297.865152	6	1560
3424.32570	16	1375
174.608230	6	1569
114.121913	6	1573
292.478799	6	1563
140.921354	6	1572
231.924533	6	1567
187.590599	6	1570
221.768379	6	1568
176.908493	6	1571
820.489883	16	1532
289.381265	6	1565
774.418830	16	1536
145.122528	6	1574
457.518100	6	1557
133.738994	6	1579
182.966709	6	1576
158.078432	6	1578
120.367288	6	1581
221.191406	6	1575
3225.13198	16	1398
96.6897010	6	1584
214.005947	6	1577
1156.82506	16	1520
169.589996	6	1580
106.722116	6	1585
110.155105	6	1586
181.463479	6	1582
94.7442054	6	1588
1006.78682	16	1533
1042.80710	16	1531
116.595983	6	1587
92.5326347	6	1589
114.038705	6	1591
145.195960	6	1590
123.466968	6	1592
112.797737	6	1593
3856.52756	16	1370
285.247564	6	1583
87.5370502	6	1595
105.074167	6	1594
1103.29723	16	1534
1043.98107	16	1540
109.075784	6	1597
1139.47272	16	1535
5884.84477	16	1250
172.105550	6	1596
141.026735	6	1602
208.740234	6	1598
130.231618	6	1604
145.828008	6	1603
209.437608	6	1600
117.745876	6	1606
235.280036	6	1599
141.732692	6	1605
117.868661	6	1607
75.5696296	6	1610
66.1575794	6	1611
234.647750	6	1601
1159.60168	16	1546
150.948762	6	1613
217.811107	6	1609
150.495767	6	1614
142.734050	6	1616
1411.61489	16	1539
169.095993	6	1615
1433.73537	16	1538
218.980312	6	1612
141.241550	6	1617
287.593364	6	1608
160.396099	6	1620
96.8794822	6	1625
220.171451	6	1618
92.6201343	6	1626
218.473434	6	1619
3952.02660	16	1397
118.808507	6	1628
205.725431	6	1623
195.891857	6	1624
156.937599	6	1627
261.332035	6	1621
155.287504	6	1629
267.512798	6	1622
1862.58506	16	1526
1864.00055	16	1527
197.763204	6	1631
132.430791	6	1635
4061.37490	16	1401
222.840785	6	1630
212.936639	6	1632
149.867534	6	1636
189.970493	6	1634
1592.18287	16	1549
4304.64196	16	1390
167.296409	6	1637
235.543251	6	1633
4115.55409	16	1402
1953.87387	16	1529
2024.02782	16	1525
1723.94418	16	1545
2154.73079	16	1519
221.054553	6	1638
123.632907	6	1645
125.808715	6	1646
185.888528	6	1643
2140.64168	16	1524
299.335002	6	1639
4678.47061	16	1377
196.276426	6	1647
174.653530	6	1649
252.988100	6	1644
336.086750	6	1640
216.813325	6	1650
1905.55810	16	1547
143.421411	6	1655
203.984022	6	1652
146.437644	6	1656
2243.18575	16	1528
380.387783	6	1642
398.158311	6	1641
250.504016	6	1651
238.145828	6	1653
341.765642	6	1648
201.813459	6	1657
212.030649	6	1658
283.606529	6	1654
2464.00332	16	1521
2319.72002	16	1537
2690.54412	16	1523
7114.08281	16	1257
139.696598	6	1698
155.252695	6	1697
158.098220	6	1699
128.874063	6	1701
195.777654	6	1700
191.167116	6	1703
248.317241	6	1702
2907.75203	16	1541
227.015972	6	1707
307.951927	6	1704
242.246866	6	1708
302.746772	6	1706
297.245740	6	1710
1039.62850	16	1665
351.570606	6	1709
959.138870	16	1673
467.232227	6	1705
387.077093	6	1711
250.090122	6	1719
264.504432	6	1720
315.822124	6	1718
266.334533	6	1724
454.435586	6	1713
489.650487	6	1712
431.849002	6	1717
3507.54857	16	1530
492.823600	6	1715
308.997631	6	1726
402.965784	6	1721
313.663244	6	1727
308.342456	6	1728
550.542831	6	1714
271.897077	6	1732
441.327333	6	1722
1193.56083	16	1678
998.925447	16	1692
608.480453	6	1716
321.804761	6	1733
364.555358	6	1731
420.008420	6	1729
1266.65139	16	1679
1381.76703	16	1672
1188.43722	16	1685
430.999755	6	1730
1082.26346	16	1693
1452.15702	16	1671
303.962945	6	1741
1103.02376	16	1695
644.475936	6	1723
287.490129	6	1744
415.379524	6	1738
1213.48023	16	1691
1704.41102	16	1660
372.029542	6	1742
489.455699	6	1736
479.256868	6	1737
1422.46580	16	1681
1533.60581	16	1675
1751.46198	16	1661
468.520641	6	1740
1539.09397	16	1676
421.134471	6	1743
271.565675	6	1751
568.471193	6	1735
1821.46596	16	1659
311.607837	6	1750
3701.06554	16	1544
759.903907	6	1725
607.920408	6	1734
145.913124	6	1764
524.083852	6	1746
258.609533	6	1762
292.889356	6	1763
394.675016	6	1757
747.164487	6	1739
438.977718	6	1756
382.921695	6	1761
347.762107	6	1766
376.346349	6	1765
1822.76797	16	1680
1568.69053	16	1696
710.860967	6	1747
593.875169	6	1755
649.874448	6	1752
540.051460	6	1760
815.199136	6	1745
503.121137	6	1767
888.471841	6	1748
798.281908	6	1753
417.911052	6	1776
2277.77838	16	1666
4298.41017	16	1542
2142.94743	16	1677
562.747716	6	1771
4332.14616	16	1543
538.171291	6	1773
387.637376	6	1782
871.576070	6	1754
367.260217	6	1787
1013.02695	6	1749
393.867254	6	1786
295.074939	6	1793
348.397731	6	1790
717.719078	6	1769
2148.97274	16	1686
718.207359	6	1770
2458.58621	16	1667
657.315015	6	1775
675.282001	6	1774
618.944644	6	1778
2265.25282	16	1683
2196.92182	16	1688
832.388877	6	1768
500.914335	6	1789
4487.23816	16	1548
638.766288	6	1781
523.675203	6	1788
1020.89929	6	1758
695.123672	6	1779
1027.98032	6	1759
507.695198	6	1791
735.159397	6	1780
652.589797	6	1785
686.223745	6	1783
446.647167	6	1798
539.472579	6	1795
528.387308	6	1796
2278.79452	16	1694
858.045578	6	1777
522.158384	6	1797
495.298147	6	1801
802.741050	6	1784
567.868709	6	1799
1019.70601	6	1772
660.317420	6	1794
2491.08600	16	1687
708.057641	6	1792
576.129913	6	1800
2798.30837	16	1684
114.102602	6	1856
135.887384	6	1855
105.668783	6	1857
126.858949	6	1858
113.240480	6	1859
809.847116	16	1819
131.398439	6	1860
130.380868	6	1862
120.028972	6	1863
152.319669	6	1864
166.046142	6	1865
238.912582	6	1861
164.617538	6	1866
3595.90029	16	1664
186.144113	6	1868
174.481630	6	1870
229.933023	6	1867
174.164056	6	1871
222.208023	6	1869
157.590150	6	1873
223.825454	6	1875
122.811079	6	1881
281.527996	6	1872
113.345146	6	1882
261.935234	6	1874
225.255966	6	1877
264.549970	6	1876
950.781345	16	1839
327.733039	6	1878
314.790964	6	1879
132.664203	6	1889
190.928697	6	1886
211.328744	6	1885
317.973852	6	1880
153.158664	6	1891
284.151792	6	1884
185.783147	6	1890
241.472482	6	1888
370.743989	6	1883
1547.76334	16	1815
224.501848	6	1893
265.566587	6	1892
118.406772	6	1902
243.652105	6	1895
343.888044	6	1894
181.861162	6	1903
269.124746	6	1898
130.884408	6	1906
285.135269	6	1897
252.938270	6	1899
150.223970	6	1905
220.066547	6	1901
250.174760	6	1900
486.087799	6	1887
192.962169	6	1904
340.826511	6	1896
142.416954	6	1908
76.0943889	6	1910
206.605195	6	1907
4389.10174	16	1663
157.601594	6	1911
144.209384	6	1912
151.270151	6	1913
77.6789188	6	1918
160.948991	6	1914
118.803977	6	1917
338.552713	6	1909
157.962799	6	1915
1939.11004	16	1817
4349.32518	16	1674
107.528448	6	1919
86.3049030	6	1921
180.550098	6	1916
100.163459	6	1922
1410.99238	16	1853
122.192859	6	1923
75.5531787	6	1926
2119.92835	16	1812
73.1840133	6	1927
141.565322	6	1925
2097.85151	16	1818
263.830900	6	1920
132.950305	6	1928
208.953857	6	1924
136.323928	6	1929
88.3512496	6	1933
4379.10914	16	1689
176.960945	6	1930
119.672536	6	1934
94.2196846	6	1936
1644.80853	16	1852
173.094511	6	1935
239.495515	6	1931
153.593063	6	1937
4591.32385	16	1682
142.135620	6	1938
245.659589	6	1932
132.801294	6	1940
122.194766	6	1943
109.586954	6	1944
217.460632	6	1939
81.2461376	6	1947
192.484140	6	1941
175.404071	6	1942
2182.58929	16	1832
176.880359	6	1945
174.139261	6	1946
78.5632133	6	1954
189.152717	6	1949
1931.72001	16	1854
181.590080	6	1950
112.562894	6	1955
112.750530	6	1957
289.281845	6	1948
183.671951	6	1956
137.018203	6	1959
115.606069	6	1961
153.265476	6	1960
300.508022	6	1952
284.604787	6	1953
114.658117	6	1963
325.884580	6	1951
139.120340	6	1962
2401.54027	16	1838
101.609945	6	1966
126.820564	6	1965
2462.74089	16	1835
251.809120	6	1958
5260.72978	16	1670
108.525753	6	1968
124.215602	6	1967
199.037790	6	1964
140.845060	6	1970
176.919937	6	1969
158.505439	6	1971
2617.70796	16	1834
141.746520	6	1972
112.645864	6	1974
104.933023	6	1975
147.579431	6	1973
75.1745700	6	1979
127.592086	6	1976
3010.73336	16	1814
73.7640857	6	1980
129.269361	6	1977
3199.67412	16	1805
185.703277	6	1978
133.285760	6	1983
2912.01019	16	1827
3154.25634	16	1813
2771.34847	16	1837
191.633224	6	1982
156.046390	6	1984
2742.81787	16	1840
183.925628	6	1986
101.088762	6	1991
162.184953	6	1988
2690.83285	16	1847
239.161252	6	1985
114.291667	6	1993
181.950569	6	1989
331.371545	6	1981
3118.89934	16	1825
10513.7910	16	1382
155.625820	6	1992
3053.11989	16	1833
254.664897	6	1990
2882.06696	16	1845
340.924501	6	1987
3530.26366	16	1807
277.420759	6	1994
3262.09759	16	1826
262.841939	6	1995
248.805522	6	1996
146.867513	6	2002
191.174745	6	2000
227.307796	6	1998
175.788402	6	2003
253.359317	6	1999
3267.77362	16	1831
182.869434	6	2005
261.807918	6	2001
3040.98391	16	1846
273.291826	6	2004
190.106153	6	2009
3549.73793	16	1820
3286.83710	16	1836
267.046928	6	2006
3631.00361	16	1816
158.932924	6	2013
262.252569	6	2007
139.860868	6	2015
3815.04201	16	1806
3528.43713	16	1823
263.402462	6	2008
239.309310	6	2011
269.350051	6	2010
208.228349	6	2014
8570.50991	16	1522
3496.35100	16	1829
276.935338	6	2012
270.020961	6	2016
3340.30747	16	1844
293.352603	6	2017
626.218318	6	1997
4136.10005	16	1804
6447.15785	16	1669
90.1811122	6	2042
173.696517	6	2040
184.544563	6	2041
233.468770	6	2039
146.567106	6	2045
194.795370	6	2043
110.600948	6	2049
128.808259	6	2048
556.008100	16	2025
285.390853	6	2044
249.118804	6	2047
186.797618	6	2053
221.571207	6	2052
532.242059	16	2034
196.489810	6	2054
103.314161	6	2061
189.730167	6	2056
275.800228	6	2051
308.321237	6	2050
181.746721	6	2058
615.890264	16	2033
169.199466	6	2060
174.219608	6	2063
341.303586	6	2055
307.231426	6	2057
160.506248	6	2067
324.898958	6	2059
555.118560	6	2046
248.054027	6	2065
205.904483	6	2068
276.105165	6	2064
330.886840	6	2062
222.629308	6	2069
192.808866	6	2071
249.922990	6	2070
1113.25621	16	2018
200.903177	6	2073
894.732713	16	2032
853.462934	16	2035
4602.58698	16	1821
244.605064	6	2072
165.084838	6	2078
372.726202	6	2066
157.141208	6	2079
206.646680	6	2076
862.976312	16	2037
263.808488	6	2075
4661.55505	16	1824
267.198801	6	2077
343.827724	6	2074
239.227771	6	2083
7470.59631	16	1662
1050.17352	16	2036
4986.39750	16	1811
4513.11254	16	1841
191.706657	6	2090
282.176733	6	2085
355.437994	6	2081
265.530347	6	2087
1389.99509	16	2020
428.029060	6	2080
134.723186	6	2098
222.588300	6	2093
259.893655	6	2092
4462.25690	16	1851
4504.90903	16	1849
207.082509	6	2096
409.623146	6	2084
449.826002	6	2082
404.444694	6	2086
270.274400	6	2094
387.313604	6	2088
239.674329	6	2097
352.828502	6	2091
416.558265	6	2089
260.829448	6	2100
1619.94242	16	2019
288.640737	6	2099
379.279136	6	2095
4808.20417	16	1843
1682.20043	16	2021
9724.13468	16	1550
5169.64650	16	1828
5515.65599	16	1808
5627.58398	16	1803
5309.14306	16	1822
7565.26088	16	1690
1796.44989	16	2024
1721.73690	16	2031
1810.95623	16	2026
1901.21412	16	2027
8149.02639	16	1668
5292.73295	16	1848
2074.09191	16	2038
5892.47202	16	1830
2696.71344	16	2023
2748.01206	16	2022
6063.28535	16	1842
6008.34679	16	1850
3034.47222	16	2028
7065.41109	16	1802
3265.63835	16	2030
7536.57603	16	1810
8171.84233	16	1809
4418.54262	16	2029
avg:  810.2134138061887
std:  1215.8463351412947
p95:  3340.5952811241145
p99:  5884.9210524559
com:  55.19448250084358
thg:  2759.724125042179
FCT:  38.04728126525879
que:  676.0923914682297
los:  0.0
1595 505
**********************
