[10  5  8 ... 15  5  9]
96.0316658	6	1
94.7148799	6	2
58.1257343	6	9
154.783248	6	3
163.932085	6	4
180.521965	6	5
108.736753	6	11
204.591274	6	6
153.485059	6	10
196.512222	6	7
202.955007	6	8
104.032516	6	25
101.279735	6	26
149.114131	6	35
111.192464	6	38
116.980075	6	39
105.914831	6	40
148.941278	6	37
169.063091	6	36
87.1708393	6	43
131.003141	6	41
128.255605	6	42
79.0915489	6	46
120.649576	6	45
139.430284	6	44
86.7383480	6	50
117.615938	6	48
88.8068675	6	51
86.9748592	6	53
179.141044	6	47
160.732030	6	49
101.310014	6	54
129.071235	6	52
107.932567	6	57
110.760450	6	58
126.102447	6	59
219.991922	6	55
156.282663	6	60
157.117128	6	61
133.028268	6	63
105.700254	6	65
162.519931	6	62
140.597343	6	64
265.931367	6	56
164.216756	6	67
166.226387	6	70
200.412273	6	69
249.518632	6	66
199.060440	6	71
185.447692	6	72
165.860891	6	75
209.064722	6	73
148.862838	6	78
972.268581	16	18
212.815761	6	76
929.817914	16	24
961.037158	16	22
219.228029	6	77
1084.50174	16	16
255.142211	6	79
325.987100	6	74
279.688358	6	81
208.168029	6	87
469.268560	6	68
284.090995	6	83
342.660188	6	80
179.309844	6	92
185.045242	6	93
1201.56645	16	19
307.907581	6	85
247.057676	6	91
1239.26019	16	20
229.446649	6	95
1300.27270	16	17
389.765739	6	84
224.974393	6	96
158.725261	6	101
1183.25066	16	27
1262.53056	16	21
239.923477	6	97
156.128883	6	104
471.949100	6	82
246.064424	6	99
283.798694	6	98
1355.05461	16	23
281.329870	6	102
213.872194	6	107
1309.13925	16	28
494.731664	6	88
1283.91146	16	31
1319.52357	16	30
1340.61408	16	29
323.532581	6	103
124.115705	6	117
304.584026	6	105
1553.22456	16	15
483.461141	6	94
406.748294	6	100
588.227987	6	90
257.006168	6	113
293.198108	6	112
234.586000	6	118
348.542451	6	111
290.989637	6	116
392.282962	6	109
475.682258	6	106
766.483068	6	86
258.933067	6	123
252.710580	6	124
250.820636	6	125
304.302453	6	122
405.871391	6	115
1838.02652	16	12
805.116891	6	89
283.428430	6	126
456.227540	6	114
256.887674	6	129
387.668132	6	120
247.824430	6	130
539.252996	6	110
394.049644	6	121
194.776535	6	136
450.883150	6	119
278.654336	6	132
352.006435	6	127
363.574028	6	128
311.142206	6	134
359.321832	6	133
720.565557	6	108
357.311248	6	135
421.513080	6	131
2068.69363	16	32
2643.36919	16	13
136.922121	6	200
115.268230	6	204
97.5620746	6	205
182.137250	6	201
188.815832	6	202
186.085462	6	203
164.101600	6	207
191.404342	6	206
130.044460	6	212
157.948493	6	214
125.896215	6	218
230.190277	6	211
247.878074	6	213
231.047153	6	215
344.818353	6	208
335.154294	6	209
183.608770	6	219
236.603021	6	216
182.339668	6	222
191.102266	6	223
261.612892	6	221
3183.89201	16	14
179.113388	6	226
138.122797	6	229
1426.86820	16	144
264.061927	6	224
139.480829	6	232
358.507871	6	220
509.163856	6	210
141.778469	6	233
180.963277	6	231
250.838518	6	228
310.217857	6	225
1494.56715	16	145
244.160652	6	230
311.924695	6	227
487.630367	6	217
196.439266	6	235
220.442533	6	234
186.786890	6	236
198.526620	6	238
1738.90590	16	137
160.778045	6	242
202.681541	6	240
277.605295	6	237
250.564336	6	239
188.748836	6	244
316.229581	6	241
3338.74988	16	33
1349.37715	16	177
273.947715	6	247
1368.38793	16	179
364.167451	6	243
344.288587	6	245
1944.87094	16	140
291.454315	6	250
247.555255	6	253
1329.60748	16	185
332.982301	6	248
289.483308	6	254
349.352836	6	251
441.432476	6	246
290.956020	6	257
393.069505	6	252
2103.40666	16	139
333.999156	6	256
274.893522	6	260
397.113084	6	255
499.764680	6	249
273.110389	6	264
1815.15049	16	165
316.631078	6	262
156.310558	6	274
2164.81804	16	143
1746.96540	16	175
412.386178	6	261
355.500698	6	265
467.396497	6	259
490.544319	6	258
2182.56258	16	147
348.789691	6	268
458.318710	6	263
241.633892	6	277
344.183921	6	271
230.095624	6	280
363.126277	6	272
418.953657	6	269
2147.43542	16	157
2148.98300	16	158
302.667617	6	278
435.343027	6	270
332.336664	6	279
437.239885	6	276
2550.28820	16	138
319.469690	6	284
358.174324	6	285
547.211647	6	275
695.133924	6	266
288.290977	6	291
265.662670	6	294
256.483316	6	295
1914.16954	16	192
725.130081	6	267
414.057493	6	286
362.000465	6	290
517.819404	6	281
272.992610	6	297
443.169832	6	288
512.403964	6	287
598.201513	6	282
486.045598	6	292
804.252862	6	273
643.127202	6	283
2182.64985	16	187
421.418190	6	301
2843.84250	16	146
605.651617	6	293
464.302539	6	302
562.746286	6	296
354.156255	6	309
516.634941	6	300
2721.38524	16	159
711.971998	6	289
2490.60440	16	178
2370.17822	16	188
394.073724	6	313
2584.31434	16	176
499.657630	6	310
720.996141	6	298
591.182947	6	306
608.440399	6	311
568.824529	6	314
500.520706	6	319
605.614900	6	312
3083.73045	16	153
500.470161	6	321
506.579637	6	322
2935.19783	16	171
940.612316	6	299
662.545680	6	317
2601.46164	16	196
2785.70461	16	184
673.198699	6	318
3050.07362	16	167
909.741878	6	304
2689.62383	16	193
425.424575	6	336
3023.00500	16	172
3316.91026	16	151
489.931821	6	333
911.478281	6	307
2936.90896	16	180
726.824045	6	320
3371.20723	16	152
1009.52053	6	305
3386.82818	16	155
473.862171	6	342
716.869354	6	329
1097.59044	6	308
2851.61280	16	199
859.753608	6	324
772.082567	6	330
3249.10020	16	173
1213.10138	6	303
3147.87125	16	183
948.207139	6	323
666.768789	6	341
838.735342	6	331
740.519046	6	339
587.923526	6	349
584.991455	6	350
779.793739	6	340
310.785293	6	370
684.892177	6	348
1214.71047	6	315
744.231700	6	345
1220.16906	6	316
796.060085	6	343
3122.87378	16	197
3636.74068	16	162
643.537998	6	353
1041.08142	6	328
986.150979	6	332
843.559026	6	344
734.030485	6	351
1131.64186	6	326
821.404457	6	346
1154.81686	6	325
3437.23797	16	182
975.667715	6	338
557.106018	6	364
480.004310	6	369
511.798858	6	368
1175.84419	6	327
603.820800	6	363
877.191305	6	347
731.686592	6	356
586.636304	6	365
672.712802	6	360
807.200908	6	352
729.273557	6	358
696.277856	6	361
680.752754	6	362
616.311073	6	367
1156.57305	6	335
841.947555	6	355
777.953863	6	359
674.523115	6	366
3786.74864	16	170
913.249969	6	354
1240.27872	6	334
3564.41950	16	189
930.414199	6	357
4178.05671	16	150
3569.18191	16	195
1350.13556	6	337
4053.97510	16	166
156.187772	6	415
208.697080	6	413
175.898790	6	416
209.180355	6	414
155.982017	6	418
3843.24526	16	186
159.943580	6	420
148.420572	6	421
150.109767	6	422
197.450160	6	419
87.2564315	6	427
163.957595	6	423
122.673511	6	426
158.170461	6	424
290.271997	6	417
120.757818	6	428
170.419692	6	425
110.045671	6	430
98.5498428	6	431
167.312622	6	429
139.561414	6	432
78.0546665	6	437
137.817382	6	433
141.740798	6	436
153.296470	6	438
124.901294	6	440
100.979089	6	442
4264.26243	16	181
263.875484	6	434
108.307123	6	444
109.404325	6	445
272.426366	6	435
142.705202	6	446
198.801517	6	443
145.911216	6	447
272.374629	6	439
1191.65802	16	385
322.427272	6	441
1078.31406	16	397
4753.65638	16	164
224.806785	6	452
280.659437	6	449
281.658172	6	450
199.782848	6	456
166.728496	6	460
277.686834	6	454
180.416107	6	462
250.934123	6	458
4900.12741	16	163
238.710880	6	459
277.821540	6	457
183.632850	6	463
168.771982	6	464
161.185264	6	465
229.162216	6	461
344.487667	6	455
403.959274	6	453
440.532684	6	451
5193.29667	16	148
4835.22677	16	174
219.340801	6	466
164.859771	6	470
135.650634	6	472
214.402198	6	467
117.129802	6	475
5237.81585	16	149
130.403041	6	476
120.774745	6	477
590.613365	6	448
246.946811	6	469
118.094205	6	479
240.535974	6	471
287.019252	6	468
122.915506	6	480
179.965257	6	478
265.526771	6	473
1820.07837	16	375
138.872861	6	482
1887.56370	16	373
93.7659740	6	486
194.057941	6	481
144.304752	6	484
127.831220	6	485
5254.21166	16	160
167.639493	6	483
305.986404	6	474
5577.24404	16	141
155.327081	6	488
215.786695	6	487
1623.37470	16	399
143.921852	6	493
5373.37255	16	161
136.646747	6	494
1688.15946	16	396
218.317985	6	489
5286.38625	16	168
123.151302	6	495
213.629007	6	491
246.042490	6	490
153.340101	6	496
80.2595615	6	501
7211.19618	16	34
159.786224	6	497
83.5607051	6	502
246.565103	6	492
165.804147	6	498
5368.96491	16	169
1880.35941	16	393
218.631744	6	500
187.880754	6	504
5664.41941	16	156
197.542428	6	505
188.408136	6	506
291.805744	6	499
2320.85132	16	372
202.819824	6	507
201.624393	6	508
280.728340	6	503
179.768085	6	511
2132.47156	16	387
1833.00375	16	406
222.833395	6	509
133.200407	6	516
5968.29938	16	142
2281.95238	16	379
232.677936	6	510
145.046234	6	517
136.262655	6	519
1979.30622	16	403
2201.20191	16	389
283.447027	6	512
262.844800	6	514
5268.36323	16	198
198.431015	6	520
2025.18272	16	405
342.016935	6	515
2254.31466	16	395
307.344198	6	521
352.480888	6	518
261.198282	6	524
2183.98880	16	401
239.760398	6	526
2249.10521	16	398
2600.29649	16	377
472.909212	6	513
329.047441	6	523
276.826381	6	527
2153.79643	16	407
373.446941	6	522
289.499521	6	528
170.317888	6	537
2796.90861	16	371
236.063718	6	536
268.656730	6	534
413.099527	6	525
2364.56918	16	400
2538.39087	16	390
2210.61992	16	412
402.331352	6	529
317.840337	6	538
299.086093	6	540
290.678024	6	541
2333.13441	16	409
249.748468	6	546
2491.39904	16	402
2803.27749	16	383
2758.19039	16	386
5906.13961	16	191
395.475149	6	542
308.012485	6	548
2727.96607	16	392
340.751171	6	547
2987.53762	16	376
219.483613	6	556
423.094749	6	543
555.621147	6	535
199.114084	6	562
268.502235	6	558
657.195806	6	532
370.790958	6	552
3052.99186	16	378
491.986036	6	544
498.089551	6	545
455.938816	6	549
269.160747	6	561
609.960556	6	539
738.433837	6	530
372.531414	6	555
462.852716	6	550
451.600551	6	551
427.573919	6	554
768.999099	6	531
400.131225	6	557
766.309738	6	533
509.000539	6	553
3065.16528	16	391
469.619750	6	560
488.704681	6	559
112.960577	6	592
175.632238	6	594
216.455459	6	593
7052.57868	16	154
571.018695	16	572
271.642923	6	595
205.723762	6	600
211.388349	6	601
300.983428	6	596
221.576452	6	602
281.619787	6	598
3636.12365	16	382
701.350927	16	573
3251.79910	16	411
423.107624	6	597
686.178684	16	579
275.983810	6	607
268.049240	6	611
311.542034	6	609
3454.36072	16	404
317.108392	6	610
348.135471	6	608
824.010372	16	576
493.128299	6	599
3786.85879	16	384
421.302556	6	604
474.371671	6	603
343.579769	6	612
274.247646	6	618
349.855184	6	615
243.628263	6	624
305.694341	6	620
431.797027	6	613
892.603874	16	582
997.582435	16	575
352.464914	6	619
556.797027	6	606
1013.02671	16	577
603.290319	6	605
418.186664	6	617
219.852685	6	632
401.831388	6	622
402.408123	6	623
1001.79696	16	583
543.410301	6	614
4124.82023	16	380
1334.14363	16	563
4179.07214	16	381
1324.19419	16	567
408.020019	6	628
4321.79641	16	374
646.205663	6	616
417.799711	6	631
491.420984	6	627
1229.60805	16	578
461.670875	6	629
370.288848	6	635
1404.87432	16	569
430.137157	6	634
7349.21383	16	190
1174.88145	16	586
1490.10372	16	566
369.005918	6	641
622.954368	6	626
7369.06623	16	194
559.025764	6	633
250.734806	6	653
760.256290	6	621
714.012622	6	625
4265.87533	16	394
1647.52364	16	564
293.850898	6	654
492.566823	6	642
430.049419	6	647
319.954633	6	655
708.606958	6	630
438.556909	6	648
330.667972	6	656
1445.64318	16	584
508.273839	6	646
667.335987	6	636
375.832080	6	657
683.253049	6	637
1470.94488	16	587
475.516557	6	652
180.196523	6	673
424.484014	6	658
1501.41406	16	589
340.878009	6	666
423.863649	6	662
797.235965	6	638
4323.84467	16	408
613.866090	6	651
375.006675	6	667
727.405786	6	645
756.111860	6	643
821.468353	6	639
502.420902	6	661
829.919815	6	640
367.346048	6	671
559.531688	6	659
359.076976	6	672
469.729661	6	665
413.559675	6	669
490.552425	6	664
729.126930	6	649
451.022148	6	668
1952.05473	16	570
440.850257	6	670
595.255136	6	660
838.576555	6	644
754.288911	6	650
586.304664	6	663
93.5082435	6	720
163.025617	6	719
149.992942	6	721
140.081167	6	722
137.007474	6	723
121.477365	6	725
115.312576	6	730
226.478576	6	724
176.083803	6	729
165.361642	6	731
249.505758	6	727
331.768512	6	726
157.900571	6	737
210.775613	6	734
197.822570	6	736
238.569021	6	735
201.107501	6	738
116.292715	6	744
290.066003	6	733
1116.66178	16	679
149.983644	6	743
320.788860	6	732
125.033855	6	745
2624.48525	16	581
2576.09152	16	585
411.329507	6	728
1181.29777	16	678
248.001813	6	740
2783.65969	16	574
178.896665	6	746
266.133308	6	741
179.553985	6	747
161.048412	6	749
158.844470	6	750
149.407148	6	751
209.743499	6	748
135.706663	6	754
379.562377	6	739
192.387580	6	753
182.263612	6	755
395.569086	6	742
2863.89923	16	580
5470.61181	16	410
195.448637	6	756
197.472810	6	757
1403.44977	16	681
194.240093	6	761
335.517406	6	752
258.533000	6	758
183.743476	6	764
251.509189	6	760
1529.56342	16	677
3189.67199	16	571
280.390977	6	765
346.629142	6	762
399.576902	6	759
223.606824	6	773
323.097467	6	768
415.277957	6	763
270.422220	6	772
271.360397	6	775
431.540489	6	766
197.417974	6	782
258.456468	6	780
330.925941	6	776
453.908443	6	769
522.454500	6	767
338.846921	6	779
342.166662	6	781
421.344757	6	777
1631.85191	16	699
325.432538	6	785
358.786821	6	784
389.036417	6	783
584.943294	6	771
330.456733	6	788
259.262084	6	793
677.370309	6	770
277.229785	6	796
215.816497	6	801
328.629493	6	795
439.799308	6	789
438.066720	6	792
2103.70445	16	684
666.064739	6	778
374.516725	6	797
748.586654	6	774
441.279649	6	794
497.789859	6	791
226.814508	6	809
404.598712	6	799
565.545797	6	790
436.590671	6	798
623.674154	6	787
308.620452	6	808
245.601892	6	812
302.129745	6	810
676.223993	6	786
400.211334	6	804
2263.75627	16	683
449.657678	6	803
233.086585	6	817
304.240465	6	813
223.861932	6	818
478.847265	6	802
3737.55836	16	590
156.152248	6	824
2083.61792	16	703
486.700296	6	806
514.842033	6	805
298.102378	6	819
2008.53085	16	713
1949.89418	16	718
360.661983	6	820
456.045150	6	814
571.767568	6	807
325.197458	6	825
7041.13698	16	388
2128.09872	16	710
316.716194	6	827
2169.45290	16	709
512.086153	6	816
771.524190	6	800
561.006784	6	815
250.446319	6	835
359.539747	6	828
222.398519	6	838
296.110153	6	834
407.538175	6	829
550.629138	6	821
389.936447	6	831
2599.37071	16	689
2467.22364	16	698
194.038391	6	845
4137.14766	16	591
516.266345	6	826
2407.13930	16	706
143.761396	6	852
2729.51316	16	687
497.655868	6	833
663.526296	6	823
2542.76895	16	704
728.809118	6	822
246.641397	6	853
333.862781	6	848
377.541780	6	846
928.638219	6	811
209.520816	6	858
270.361900	6	854
469.005107	6	841
534.381389	6	837
228.299140	6	857
383.598089	6	847
550.486803	6	836
611.968040	6	832
264.086723	6	856
358.791351	6	851
692.094564	6	830
2470.45636	16	717
390.548467	6	850
2722.35989	16	701
311.738729	6	859
374.021530	6	855
550.119161	6	844
490.387678	6	849
591.743946	6	843
608.845949	6	842
639.346361	6	840
2924.67260	16	693
681.421279	6	839
378.460884	6	860
5074.06616	16	565
3262.98213	16	686
184.338331	6	887
203.311920	6	886
169.339895	6	889
124.969720	6	893
187.656879	6	891
155.599117	6	894
141.747713	6	895
224.003076	6	890
165.845155	6	896
154.877185	6	899
198.702096	6	897
299.238443	6	892
398.190498	6	888
238.550901	6	900
3448.24624	16	692
212.574005	6	903
308.515548	6	898
140.163898	6	909
190.711021	6	906
214.527368	6	905
287.889003	6	902
3467.94319	16	697
321.700096	6	901
283.403635	6	904
215.008735	6	913
300.460577	6	908
180.955171	6	916
982.048749	16	866
302.201271	6	912
3898.75650	16	680
249.170780	6	921
417.192220	6	911
212.421894	6	925
240.963220	6	923
244.134187	6	924
404.527187	6	915
188.649892	6	933
293.426036	6	926
4059.50784	16	682
388.351678	6	922
316.555500	6	928
3775.17628	16	705
541.285991	6	914
521.423101	6	917
702.836990	6	907
651.870727	6	910
3695.09005	16	714
417.203664	6	927
3850.62956	16	707
603.064775	6	919
4076.73788	16	695
328.881740	6	939
319.561004	6	940
446.632146	6	932
455.709695	6	936
3853.70159	16	716
4240.35263	16	690
1461.58528	16	870
233.503818	6	952
5857.30481	16	588
1553.45773	16	869
313.488006	6	951
628.134250	6	931
1552.81758	16	871
382.259607	6	949
1643.14198	16	867
926.991939	6	918
4696.85006	16	674
519.635677	6	948
1507.39789	16	884
1582.39793	16	879
1815.85049	16	864
597.471475	6	946
1649.66702	16	877
874.095439	6	929
1741.15753	16	873
834.513902	6	934
720.828533	6	943
4527.00757	16	696
1973.33097	16	861
1950.20437	16	863
689.527273	6	947
515.154838	6	959
752.635717	6	944
967.854261	6	930
809.801340	6	942
4760.28394	16	688
671.890974	6	954
4423.46668	16	712
627.629756	6	958
1219.60544	6	920
1790.66205	16	883
877.161502	6	945
753.273725	6	953
1841.58468	16	882
742.878437	6	956
1070.06764	6	935
679.827690	6	960
4669.55018	16	702
565.968275	6	969
674.368858	6	963
608.018636	6	967
693.432331	6	962
567.631721	6	970
1074.97191	6	938
4624.93491	16	708
810.973644	6	957
2027.72879	16	878
466.187238	6	981
1149.89638	6	941
472.649574	6	989
1085.46400	6	950
827.081918	6	968
867.440700	6	966
347.414731	6	1000
957.990169	6	961
714.530706	6	978
647.042989	6	983
1113.09742	6	955
4864.48693	16	715
640.590190	6	988
552.189588	6	994
597.788810	6	992
428.486347	6	1003
467.746496	6	1001
2603.20353	16	862
888.496637	6	974
937.348127	6	971
744.419813	6	984
929.957389	6	972
711.781978	6	987
1066.67971	6	964
1537.41455	6	937
931.261539	6	976
469.454526	6	1006
533.835649	6	1002
635.371446	6	996
590.511083	6	999
747.870922	6	991
501.011133	6	1008
903.621196	6	982
1170.23658	6	965
944.416761	6	980
976.937532	6	979
680.445671	6	998
883.200407	6	986
603.482246	6	1004
1042.87385	6	977
802.902460	6	993
852.179050	6	990
786.630868	6	995
960.247516	6	985
582.811117	16	1010
780.983448	6	997
680.618047	6	1005
671.777486	6	1007
1193.01056	6	973
5512.85290	16	694
1183.51840	6	975
2797.56355	16	881
2997.24388	16	874
3138.87166	16	865
154.546976	6	1062
157.641887	6	1063
128.718376	6	1066
121.611356	6	1068
196.044921	6	1065
3058.58087	16	880
193.352222	6	1067
160.849332	6	1070
264.133453	6	1064
136.827230	6	1072
198.517084	6	1069
164.061069	6	1071
153.492212	6	1074
163.871765	6	1079
181.768178	6	1078
251.918077	6	1076
297.097921	6	1073
320.770740	6	1075
177.479028	6	1084
236.183166	6	1081
3533.94818	16	868
169.040203	6	1086
239.461660	6	1082
161.588430	6	1089
263.846397	6	1083
212.068796	6	1087
342.702627	6	1080
261.451005	6	1085
1337.92114	16	1017
193.914175	6	1090
451.169252	6	1077
229.318141	6	1091
176.676988	6	1095
246.359825	6	1094
220.356225	6	1096
177.207469	6	1099
293.880224	6	1092
169.187784	6	1101
174.468278	6	1103
341.643571	6	1093
160.581827	6	1104
206.838846	6	1102
6590.88945	16	691
200.893163	6	1106
146.449089	6	1110
204.728126	6	1107
157.680988	6	1111
353.116273	6	1100
266.812324	6	1105
459.438323	6	1097
145.174264	6	1118
652.296304	6	1088
253.928184	6	1112
317.347049	6	1108
500.327825	6	1098
1458.92977	16	1037
233.430862	6	1114
1470.83497	16	1038
260.684490	6	1115
7079.91456	16	676
7108.47139	16	675
228.382587	6	1120
327.184200	6	1116
381.785392	6	1113
313.016176	6	1119
505.840301	6	1109
1895.63608	16	1023
336.578130	6	1121
1866.90068	16	1026
461.851119	6	1117
2104.19178	16	1014
314.790487	6	1127
2155.09200	16	1013
230.230331	6	1133
424.976348	6	1122
434.984445	6	1125
2271.65603	16	1011
294.003963	6	1135
497.411727	6	1123
319.650173	6	1134
2131.52813	16	1022
2212.30840	16	1018
426.851034	6	1131
498.401880	6	1128
563.007354	6	1124
482.770681	6	1130
466.478109	6	1132
566.160440	6	1126
335.457801	6	1141
9239.48216	16	568
7089.81847	16	711
1804.31890	16	1053
280.178308	6	1147
176.423788	6	1155
310.080051	6	1149
4648.31805	16	875
304.111003	6	1152
675.142049	6	1129
565.140008	6	1136
2226.81522	16	1033
550.088167	6	1138
2382.75146	16	1024
403.128385	6	1148
538.193464	6	1140
519.567012	6	1142
458.851814	6	1146
379.584789	6	1151
506.925344	6	1144
587.176322	6	1139
371.822595	6	1154
529.819011	6	1145
406.671524	6	1153
313.054800	6	1159
2722.41663	16	1009
281.066417	6	1162
471.643447	6	1150
2215.68155	16	1042
350.980997	6	1160
719.814538	6	1137
2154.03985	16	1050
420.187234	6	1157
305.516242	6	1166
275.129079	6	1168
383.208990	6	1163
343.301773	6	1167
2225.32939	16	1051
450.533151	6	1161
533.718347	6	1156
295.211553	6	1172
519.428491	6	1158
2331.82501	16	1046
2446.45881	16	1041
388.722181	6	1171
369.282722	6	1174
2272.05252	16	1058
410.900115	6	1173
323.031187	6	1179
482.295989	6	1169
373.325586	6	1176
905.813455	6	1143
2525.08044	16	1044
265.249729	6	1186
514.981985	6	1170
298.666238	6	1187
306.923627	6	1189
233.051300	6	1194
480.631589	6	1180
564.492464	6	1175
369.865417	6	1188
530.465602	6	1178
348.189115	6	1190
768.451690	6	1164
520.693778	6	1181
480.129957	6	1184
475.449085	6	1185
523.580789	6	1182
2755.51438	16	1043
316.895961	6	1196
817.844152	6	1165
279.845237	6	1200
410.178661	6	1192
551.105260	6	1183
402.382850	6	1193
447.964668	6	1191
388.933897	6	1199
461.281061	6	1195
746.933937	6	1177
458.298683	6	1198
485.285758	6	1197
3397.72248	16	1016
3199.85246	16	1029
2958.92572	16	1048
2987.80131	16	1049
399.939060	16	1213
149.493217	6	1229
8640.08736	16	685
3086.12561	16	1045
134.607315	6	1231
198.358535	6	1228
106.524705	6	1233
94.7177410	6	1234
127.503871	6	1232
3342.08512	16	1031
96.4467525	6	1235
185.256958	6	1230
100.962638	6	1238
122.780561	6	1237
100.574493	6	1239
710.366010	16	1202
209.423542	6	1236
147.969484	6	1241
3171.07605	16	1052
141.582012	6	1246
145.766735	6	1247
209.807872	6	1243
228.211879	6	1242
147.211790	6	1248
203.225374	6	1245
147.390365	6	1249
298.207283	6	1240
126.422882	6	1253
141.196250	6	1254
3712.93950	16	1030
197.262525	6	1252
159.047365	6	1255
758.373260	16	1218
342.963218	6	1244
189.643621	6	1256
294.461965	6	1250
1004.41050	16	1209
990.952968	16	1211
202.899217	6	1262
282.310724	6	1259
263.718128	6	1260
250.350236	6	1261
304.529190	6	1258
181.815624	6	1267
1071.60377	16	1210
825.427532	16	1226
186.038732	6	1268
3546.31471	16	1057
236.734390	6	1266
1218.02163	16	1206
536.630392	6	1251
463.579893	6	1257
4390.80095	16	1012
4251.14512	16	1021
6577.31103	16	872
320.636987	6	1271
6527.62365	16	876
292.155504	6	1274
1110.76498	16	1222
6425.26364	16	885
125.682592	6	1286
495.215177	6	1264
267.384290	6	1279
3848.31786	16	1056
564.164638	6	1263
4244.53496	16	1032
198.650836	6	1288
575.879335	6	1265
269.318103	6	1284
435.985326	6	1275
276.106119	6	1285
186.104059	6	1294
559.911727	6	1270
297.346115	6	1287
538.428783	6	1272
413.849353	6	1280
493.935346	6	1276
4504.58955	16	1025
485.373735	6	1281
455.760717	6	1283
478.686571	6	1282
262.971401	6	1297
356.431961	6	1291
588.380813	6	1277
4437.84332	16	1035
4095.14880	16	1059
615.222215	6	1278
4526.33976	16	1036
840.259552	6	1269
477.556467	6	1292
781.082153	6	1273
539.366245	6	1290
378.738880	6	1301
333.943128	6	1305
4620.81122	16	1034
518.682718	6	1293
474.786996	6	1296
212.418317	6	1314
9827.07262	16	700
623.711347	6	1289
540.626287	6	1295
1914.77751	16	1208
284.046888	6	1313
451.648712	6	1302
512.515783	6	1298
352.061271	6	1310
1825.60205	16	1216
4523.69832	16	1047
382.675170	6	1309
472.486972	6	1304
512.923717	6	1303
409.229516	6	1311
343.699216	6	1316
583.423137	6	1300
401.864290	6	1312
1804.12459	16	1223
490.828990	6	1308
414.384126	6	1315
535.108089	6	1307
662.894487	6	1299
578.073978	6	1306
449.110746	6	1317
472.358226	6	1318
2485.73899	16	1201
146.254062	6	1353
174.421072	6	1354
175.166368	6	1357
134.582519	6	1362
196.592330	6	1359
248.722791	6	1356
246.755123	6	1358
240.173816	6	1360
313.902378	6	1355
210.424184	6	1363
268.416404	6	1361
5300.73451	16	1040
2575.01077	16	1212
240.673542	6	1365
229.268074	6	1366
280.226707	6	1364
210.685253	6	1369
5677.93798	16	1020
233.120441	6	1368
257.809638	6	1367
211.398601	6	1371
5589.74862	16	1028
5810.48107	16	1015
2852.92744	16	1205
338.683605	6	1370
2883.27050	16	1204
280.480861	6	1374
2582.70645	16	1224
2925.89282	16	1203
334.228038	6	1372
217.517375	6	1380
914.956331	16	1333
178.807258	6	1383
331.565141	6	1373
357.762813	6	1375
335.499763	6	1378
369.523286	6	1377
384.860515	6	1376
238.066434	6	1386
364.147186	6	1379
249.591827	6	1387
360.951900	6	1381
310.589313	6	1388
377.781867	6	1385
3000.08893	16	1214
408.725976	6	1384
290.336132	6	1393
360.456228	6	1389
2867.08474	16	1227
327.295064	6	1394
301.522016	6	1396
318.519830	6	1395
408.945322	6	1390
186.585903	6	1404
271.096706	6	1399
205.734491	6	1403
307.848453	6	1397
3098.12545	16	1217
1229.47216	16	1338
303.613424	6	1400
320.235252	6	1401
463.905572	6	1392
275.569915	6	1406
550.774812	6	1391
1395.78294	16	1336
729.541301	6	1382
3161.20100	16	1225
328.330755	6	1410
459.159374	6	1405
274.693965	6	1418
532.472610	6	1402
1666.97597	16	1328
482.481956	6	1407
300.483226	6	1419
488.848924	6	1409
393.285512	6	1415
1713.43159	16	1330
750.212192	6	1398
433.328151	6	1422
6199.39231	16	1054
1942.35777	16	1323
514.695405	6	1421
680.864334	6	1411
515.150785	6	1423
752.074003	6	1408
579.228878	6	1420
468.798875	6	1428
1798.44951	16	1342
523.495912	6	1426
6248.13628	16	1061
690.760850	6	1416
693.507671	6	1417
788.228750	6	1414
549.185752	6	1430
534.523725	6	1431
619.755029	6	1427
2096.17638	16	1331
1954.48088	16	1343
3932.21116	16	1215
2040.28081	16	1337
1847.89061	16	1351
906.773328	6	1412
913.586854	6	1413
424.289941	6	1445
3880.77640	16	1221
649.507045	6	1433
720.333576	6	1429
2161.72575	16	1334
4167.17267	16	1207
1994.84682	16	1349
620.118379	6	1440
2040.29083	16	1348
594.680547	6	1442
763.209819	6	1432
2088.55056	16	1346
2038.90109	16	1350
2130.29217	16	1344
2483.67691	16	1324
598.404407	6	1451
814.265966	6	1439
647.117137	6	1449
7249.84788	16	1027
831.458330	6	1438
2261.06595	16	1345
2596.72164	16	1322
637.618303	6	1450
1045.31860	6	1425
2496.17004	16	1329
695.224523	6	1448
628.196239	6	1454
955.300331	6	1435
560.072422	6	1459
585.888385	6	1458
1139.27865	6	1424
646.427631	6	1455
2676.44500	16	1325
916.247367	6	1441
1005.41496	6	1436
2591.01629	16	1332
695.562839	6	1456
1062.69526	6	1434
459.797382	6	1471
777.298212	6	1452
640.938282	6	1460
706.033229	6	1457
928.126096	6	1444
1049.71766	6	1437
596.736907	6	1465
808.107376	6	1453
631.282567	6	1464
496.144056	6	1473
568.536758	6	1469
475.358963	6	1476
712.360858	6	1461
972.274541	6	1447
531.304121	6	1475
744.501352	6	1462
619.034767	6	1470
568.899393	6	1474
603.047609	6	1472
686.994791	6	1467
672.643661	6	1468
2762.13192	16	1335
783.431768	6	1463
1135.82706	6	1443
2952.50678	16	1327
820.347309	6	1466
2777.06265	16	1341
1203.98116	6	1446
142.945528	6	1524
176.953792	6	1525
149.511575	6	1527
180.232048	6	1526
153.046846	6	1529
145.447015	6	1530
195.163011	6	1528
129.471302	6	1532
147.811889	6	1531
86.7464542	6	1536
141.324758	6	1533
146.992683	6	1534
135.471343	6	1535
106.218099	6	1537
96.1749553	6	1539
92.9079055	6	1540
8284.22284	16	1019
3513.57436	16	1321
151.134252	6	1538
7767.42935	16	1055
138.028621	6	1541
133.457422	6	1542
83.7049484	6	1546
141.783952	6	1545
128.456354	6	1549
162.564992	6	1547
111.491441	6	1551
260.825872	6	1543
112.664222	6	1553
108.305454	6	1554
273.206949	6	1544
131.215095	6	1555
202.405214	6	1552
297.138690	6	1548
184.289216	6	1556
1475.21638	16	1478
374.231338	6	1550
247.631549	6	1560
222.934246	6	1562
161.075353	6	1566
1441.04886	16	1484
171.622753	6	1567
1132.99870	16	1506
124.364852	6	1573
331.005573	6	1561
210.939645	6	1569
1386.19136	16	1494
1221.16875	16	1505
196.545362	6	1572
433.407783	6	1558
5685.30154	16	1220
242.817878	6	1570
423.237800	6	1559
327.178239	6	1565
281.110763	6	1568
365.784168	6	1563
252.799034	6	1571
212.271213	6	1574
515.993833	6	1557
144.239425	6	1581
233.110666	6	1576
157.282829	6	1585
151.322126	6	1586
243.376493	6	1580
511.135816	6	1564
206.010341	6	1584
310.222625	6	1577
243.412256	6	1582
291.299343	6	1579
368.890285	6	1575
322.154045	6	1578
156.687259	6	1589
199.392557	6	1587
191.358327	6	1588
126.207113	6	1594
1868.76821	16	1483
180.726528	6	1591
169.959306	6	1592
204.522609	6	1590
1646.22783	16	1498
159.748077	6	1595
194.269657	6	1593
1846.11892	16	1488
1518.67794	16	1510
164.263248	6	1597
4098.61373	16	1347
4403.04422	16	1326
204.736471	6	1596
1585.32857	16	1508
420.825242	6	1583
125.554561	6	1604
164.325952	6	1602
123.115301	6	1605
239.116668	6	1598
4283.93864	16	1340
81.1297893	6	1610
64.0141963	6	1611
265.464305	6	1599
248.844385	6	1601
186.290264	6	1606
277.405977	6	1600
176.215410	6	1607
259.476661	6	1603
1662.99009	16	1514
214.225053	6	1609
182.070970	6	1613
166.534662	6	1616
186.427116	6	1615
249.416828	6	1612
1950.38056	16	1504
335.347890	6	1608
208.463668	6	1617
2341.98355	16	1482
275.180339	6	1614
247.095584	6	1618
244.684457	6	1619
1829.93626	16	1518
2060.47701	16	1503
1973.33168	16	1509
179.223060	6	1625
259.209632	6	1620
168.063163	6	1626
1960.62755	16	1511
169.962167	6	1628
176.069974	6	1629
209.854841	6	1627
321.985721	6	1623
142.235994	6	1635
340.480327	6	1622
9161.18049	16	1060
340.846538	6	1624
265.432357	6	1631
4821.03514	16	1339
2073.83680	16	1515
437.929630	6	1621
274.432659	6	1637
289.830923	6	1636
2294.63744	16	1507
2524.76310	16	1493
366.425514	6	1634
2683.85577	16	1485
398.274421	6	1632
198.908329	6	1646
437.866210	6	1630
2261.67488	16	1513
2686.45572	16	1486
4795.88532	16	1352
404.308557	6	1633
2615.53096	16	1491
237.342357	6	1645
2543.20406	16	1496
302.125930	6	1643
247.905254	6	1647
2735.99529	16	1490
455.724239	6	1638
303.163766	6	1649
229.866266	6	1655
322.902679	6	1650
335.541248	6	1652
474.224090	6	1644
429.055452	6	1648
293.511867	6	1657
400.398254	6	1651
310.016393	6	1656
2387.26115	16	1523
2422.64127	16	1521
245.473384	6	1661
603.568792	6	1639
248.013973	6	1663
327.815771	6	1658
618.740797	6	1640
603.037595	6	1641
416.743993	6	1653
3103.79290	16	1481
330.216884	6	1659
408.121585	6	1654
325.521707	6	1660
2921.36621	16	1495
648.902177	6	1642
359.777212	6	1662
95.5030918	6	1688
2981.53710	16	1502
2768.80645	16	1516
74.9564170	6	1692
154.476165	6	1687
95.8740711	6	1691
91.4342403	6	1693
10312.0515	16	1039
77.5418281	6	1695
201.415538	6	1690
3506.35409	16	1477
230.245351	6	1689
155.666828	6	1694
142.880439	6	1696
146.485805	6	1698
165.624618	6	1697
3015.30194	16	1512
159.838676	6	1699
129.667758	6	1701
3433.33888	16	1487
3428.23910	16	1489
197.742700	6	1700
194.114208	6	1703
242.989063	6	1702
249.363183	6	1704
626.048803	16	1683
779.447555	16	1673
313.270807	6	1706
274.141311	6	1710
357.420682	6	1705
272.239208	6	1712
372.541427	6	1707
282.678365	6	1713
864.027500	16	1676
893.949031	16	1675
401.838541	6	1709
3601.35173	16	1501
291.762113	6	1718
399.434328	6	1711
445.926189	6	1708
280.652523	6	1720
298.659086	6	1719
1067.46196	16	1670
1069.12279	16	1671
301.496505	6	1724
951.491117	16	1681
390.045166	6	1721
455.698490	6	1717
317.555189	6	1727
396.131277	6	1722
555.099964	6	1714
283.265352	6	1732
348.461866	6	1728
386.990070	6	1726
1100.70753	16	1678
562.947750	6	1715
326.997280	6	1731
4201.47871	16	1480
1352.35500	16	1665
642.109870	6	1716
410.226106	6	1733
349.458217	6	1738
4368.78657	16	1479
527.630805	6	1729
621.697187	6	1723
1462.89610	16	1667
3732.70702	16	1522
428.141593	6	1737
395.161151	6	1741
454.872131	6	1743
1353.49941	16	1685
473.110675	6	1744
543.695449	6	1740
1426.59544	16	1682
795.815944	6	1725
429.356575	6	1750
645.698785	6	1736
567.564010	6	1742
283.114910	6	1762
706.877946	6	1735
346.012592	6	1763
784.047842	6	1734
470.380783	6	1756
551.100254	6	1751
4393.82696	16	1500
4536.28492	16	1492
1717.00286	16	1674
520.594596	6	1755
386.254787	6	1764
504.734992	6	1757
8814.02635	16	1219
925.953388	6	1730
4168.42389	16	1520
4210.72673	16	1517
437.847137	6	1765
426.367998	6	1766
720.807790	6	1746
530.403375	6	1760
839.005947	6	1739
659.628152	6	1752
793.572664	6	1745
354.202985	6	1775
571.630477	6	1761
406.913757	6	1774
721.208810	6	1754
492.344856	6	1770
544.149160	6	1767
456.591367	6	1773
417.120456	6	1776
379.471302	6	1779
1964.20741	16	1672
500.494003	6	1771
791.424512	6	1753
402.391195	6	1780
711.565256	6	1759
433.551788	6	1778
537.372350	6	1772
7493.01433	16	1320
915.499210	6	1747
488.504171	6	1777
774.037837	6	1758
666.537284	6	1768
964.540958	6	1748
696.300983	6	1769
988.836526	6	1749
5162.01448	16	1499
906.668186	16	1782
115.886926	6	1839
896.782159	16	1790
174.347162	6	1838
167.821645	6	1840
240.190744	6	1836
2792.11974	16	1666
142.232656	6	1844
198.399782	6	1842
136.168718	6	1847
166.034936	6	1846
225.930452	6	1843
353.573799	6	1835
2923.33912	16	1664
212.775945	6	1845
90.2299880	6	1853
362.159967	6	1837
135.765552	6	1852
2671.48709	16	1684
106.657505	6	1854
1141.06678	16	1787
246.473312	6	1849
137.494087	6	1856
268.297672	6	1848
240.041732	6	1850
130.410671	6	1857
230.197429	6	1851
129.704475	6	1860
222.029447	6	1855
163.709878	6	1859
181.697607	6	1858
475.525379	6	1841
2814.64648	16	1686
156.246185	6	1862
138.463258	6	1863
2934.90600	16	1679
150.260210	6	1864
157.852411	6	1865
168.907880	6	1866
176.652669	6	1868
172.559976	6	1870
237.509965	6	1867
345.017433	6	1861
217.710494	6	1869
152.096033	6	1873
195.765733	6	1871
3318.34769	16	1669
271.513462	6	1872
132.164239	6	1881
253.664493	6	1874
212.628364	6	1877
316.422224	6	1875
204.469203	6	1882
182.386875	6	1884
323.888778	6	1876
136.416912	6	1889
292.541980	6	1879
326.281309	6	1878
184.880256	6	1888
238.114356	6	1885
6212.08000	16	1497
260.022878	6	1886
356.342792	6	1880
122.458219	6	1891
1957.62705	16	1781
259.625673	6	1890
367.136955	6	1883
162.062883	6	1893
154.185771	6	1894
199.870824	6	1892
178.821802	6	1897
231.061220	6	1895
204.707860	6	1898
235.944509	6	1896
193.880796	6	1899
456.188678	6	1887
132.393360	6	1903
173.572778	6	1901
160.763025	6	1902
188.307523	6	1900
132.454872	6	1906
155.516147	6	1905
199.214935	6	1904
108.133792	6	1910
178.775548	6	1907
172.152042	6	1908
175.047874	6	1911
165.270328	6	1912
72.4887847	6	1918
3797.59621	16	1680
160.757064	6	1913
121.665477	6	1917
169.316530	6	1914
165.697097	6	1915
114.582300	6	1919
91.4173126	6	1921
306.581735	6	1909
198.609828	6	1916
105.073451	6	1922
77.2173404	6	1926
73.5630989	6	1927
131.595849	6	1923
141.553640	6	1925
126.420259	6	1928
132.660627	6	1929
223.179340	6	1924
88.6218547	6	1933
4235.61024	16	1668
303.575277	6	1920
115.941047	6	1934
190.998315	6	1930
2067.66438	16	1815
100.872278	6	1936
249.969720	6	1931
161.120653	6	1937
189.425230	6	1935
153.840303	6	1938
252.534151	6	1932
137.855291	6	1940
118.704080	6	1943
2646.76570	16	1786
209.257364	6	1939
134.665966	6	1944
171.151638	6	1942
100.172996	6	1947
2529.25872	16	1796
212.321043	6	1941
200.106143	6	1945
2650.59375	16	1793
196.050167	6	1946
75.4179954	6	1954
2243.39294	16	1822
188.412904	6	1949
116.668224	6	1955
222.288370	6	1950
140.181064	6	1957
145.250082	6	1959
127.367734	6	1961
140.405893	6	1962
136.209249	6	1963
298.447370	6	1953
315.806627	6	1952
269.225597	6	1956
142.287254	6	1965
2829.95963	16	1797
139.156103	6	1966
379.570007	6	1951
242.783308	6	1960
445.967674	6	1948
164.400577	6	1967
361.430406	6	1958
2616.84799	16	1819
115.006923	6	1975
136.828184	6	1974
201.304912	6	1970
296.904087	6	1964
229.721546	6	1969
184.867382	6	1972
255.053997	6	1968
181.490898	6	1973
3136.79409	16	1788
109.477519	6	1979
100.832462	6	1980
2732.66315	16	1817
269.611835	6	1971
173.816919	6	1977
214.296817	6	1976
3337.05210	16	1783
159.237623	6	1983
3159.09528	16	1795
2657.97209	16	1829
247.348070	6	1978
2825.73795	16	1818
163.674354	6	1984
2928.12156	16	1812
207.422971	6	1982
2774.88708	16	1823
3176.10311	16	1798
190.797805	6	1986
163.163423	6	1988
2782.52363	16	1827
125.974416	6	1993
254.790306	6	1985
2733.93034	16	1832
167.370080	6	1991
233.814001	6	1989
2880.81121	16	1826
272.818088	6	1992
445.394515	6	1981
3241.83011	16	1807
2887.35389	16	1831
3473.18291	16	1792
360.392808	6	1990
2904.60014	16	1834
5270.37405	16	1677
3013.41772	16	1830
3251.71566	16	1814
3227.80418	16	1816
248.384475	6	2003
264.618873	6	2002
233.815908	6	2004
3110.26287	16	1825
395.456552	6	1994
247.973442	6	2005
525.467157	6	1987
3507.32898	16	1802
368.307590	6	2000
405.410528	6	1998
3481.62126	16	1806
482.238769	6	1995
469.466447	6	1996
3744.85707	16	1791
298.059463	6	2009
7914.81423	16	1519
486.150026	6	1999
409.080505	6	2006
3667.44732	16	1801
3639.75858	16	1803
449.644804	6	2008
397.910833	6	2013
581.398248	6	2001
335.748672	6	2018
404.324293	6	2015
421.864509	6	2014
258.993864	6	2025
3764.47772	16	1805
339.989185	6	2021
348.230600	6	2022
725.020408	6	1997
440.572023	6	2017
622.317314	6	2007
566.018342	6	2011
478.280782	6	2019
407.226324	6	2024
628.890991	6	2010
547.855854	6	2016
490.203857	6	2020
453.689575	6	2023
330.699443	6	2031
352.216482	6	2030
629.902124	6	2012
3808.11548	16	1813
397.680282	6	2028
338.061571	6	2032
3607.35702	16	1828
501.676082	6	2026
514.386892	6	2027
505.583286	6	2029
3966.29190	16	1811
11568.9661	16	1319
4060.57620	16	1808
163.011312	6	2066
186.532020	6	2065
144.030094	6	2068
160.398244	6	2067
146.327495	6	2069
224.487543	6	2064
152.088165	6	2071
156.823158	6	2072
199.094295	6	2070
3968.41955	16	1833
4636.29484	16	1789
99.1353988	6	2079
164.113283	6	2076
211.944341	6	2073
130.080461	6	2078
150.868654	6	2077
197.384119	6	2075
4407.05537	16	1810
271.069049	6	2074
4567.83008	16	1804
4869.50612	16	1785
235.265254	6	2081
147.861957	6	2087
250.297307	6	2080
146.689653	6	2090
276.940822	6	2083
905.905246	16	2042
287.213802	6	2086
257.957935	6	2088
366.071701	6	2082
296.397686	6	2092
399.732351	6	2085
203.763008	6	2098
292.786121	6	2093
250.339508	6	2097
288.341522	6	2096
1185.51325	16	2037
197.058200	6	2103
4628.72719	16	1821
238.839626	6	2101
189.592123	6	2109
497.910737	6	2089
456.955671	6	2094
292.713880	6	2105
223.222255	6	2110
199.523687	6	2112
543.739318	6	2091
280.596256	6	2108
409.017324	6	2102
441.117525	6	2100
208.288192	6	2119
193.649291	6	2120
524.704456	6	2099
427.496194	6	2107
1322.52478	16	2048
5280.11965	16	1800
250.047445	6	2123
1612.45965	16	2033
415.837287	6	2113
1608.38651	16	2034
1577.31151	16	2036
289.653301	6	2122
1602.03981	16	2035
405.256986	6	2115
1401.36289	16	2049
540.102243	6	2106
476.787805	6	2111
731.546163	6	2095
918.245315	6	2084
298.865795	6	2126
1279.07919	16	2061
657.520532	6	2104
515.150547	6	2114
421.624183	6	2121
5087.26072	16	1824
1590.26741	16	2045
1396.42214	16	2058
405.465841	6	2125
1374.88245	16	2062
413.337230	6	2127
441.783905	6	2129
635.382890	6	2118
658.522367	6	2117
405.221939	6	2134
430.046558	6	2135
1598.58465	16	2057
260.850191	6	2146
254.745244	6	2147
486.824512	6	2132
485.171079	6	2133
599.366426	6	2130
585.418701	6	2131
823.830366	6	2116
1851.70626	16	2051
495.085000	6	2142
782.596111	6	2124
574.169158	6	2138
1806.80298	16	2056
5930.28759	16	1794
5541.90540	16	1820
1947.00431	16	2047
1824.54872	16	2055
342.460632	6	2154
2061.21802	16	2041
578.582763	6	2141
1918.09463	16	2052
538.080453	6	2144
602.250814	6	2140
5919.68488	16	1799
506.827831	6	2150
1969.86126	16	2053
392.295837	6	2160
565.970420	6	2149
2058.74490	16	2050
397.226810	6	2162
1980.69906	16	2060
593.453168	6	2155
760.399818	6	2145
516.812801	6	2161
602.193355	6	2157
586.829185	6	2158
589.660882	6	2159
684.930086	6	2156
507.042884	6	2167
730.738639	6	2153
570.339202	6	2165
1017.15159	6	2136
2489.22610	16	2038
928.320407	6	2143
1061.80644	6	2137
1206.65264	6	2128
475.955009	6	2177
2365.20648	16	2054
6625.94389	16	1784
550.328969	6	2175
2262.03775	16	2063
2558.58063	16	2043
928.638935	6	2152
6302.47306	16	1809
442.295312	6	2185
331.998109	6	2193
995.607852	6	2151
430.108785	6	2187
673.651456	6	2172
546.333789	6	2181
754.809617	6	2168
1215.01493	6	2139
754.472255	6	2171
703.140735	6	2176
757.576465	6	2173
1172.43838	6	2148
551.796913	6	2188
514.718532	6	2191
681.403160	6	2180
501.589775	6	2192
707.050800	6	2179
731.527328	6	2178
678.434371	6	2183
824.902057	6	2174
616.858959	6	2190
926.425457	6	2170
942.312240	6	2169
996.484756	6	2166
558.519840	6	2194
747.202396	6	2182
1085.95395	6	2163
768.340587	6	2186
736.185550	6	2189
1153.31482	6	2164
884.173631	6	2184
100.854396	6	2258
90.2497768	6	2261
122.733354	6	2259
117.112636	6	2260
3395.49541	16	2046
80.1942348	6	2264
110.808372	6	2263
132.942199	6	2262
114.639043	6	2266
1142.97413	16	2198
89.2643928	6	2268
87.4366760	6	2269
172.468662	6	2265
85.3581428	6	2271
150.130510	6	2267
3613.07549	16	2040
129.301309	6	2270
112.227916	6	2272
106.435775	6	2275
107.083559	6	2276
126.425266	6	2277
218.275308	6	2273
158.611297	6	2278
131.869316	6	2280
156.884670	6	2279
133.297443	6	2281
114.497423	6	2283
134.046316	6	2282
275.311231	6	2274
117.134809	6	2285
216.933012	6	2284
152.960777	6	2288
140.928506	6	2289
177.177667	6	2287
174.678325	6	2290
105.097293	6	2296
145.398378	6	2294
143.145799	6	2295
215.432167	6	2291
172.924041	6	2293
298.583030	6	2286
228.644847	6	2292
171.100139	6	2297
173.084259	6	2298
1535.30669	16	2213
210.645437	6	2300
233.598232	6	2299
182.669401	6	2303
199.398994	6	2302
195.532798	6	2305
139.423370	6	2309
286.888360	6	2301
154.970884	6	2310
1662.54639	16	2212
175.488948	6	2311
291.653156	6	2304
139.579057	6	2314
280.786752	6	2306
155.165910	6	2315
96.6362953	6	2319
296.335458	6	2308
320.995330	6	2307
159.193992	6	2318
136.036634	6	2320
106.228351	6	2322
208.844423	6	2317
275.791645	6	2313
229.378700	6	2316
289.699792	6	2312
2078.30548	16	2196
125.035762	6	2325
1913.86198	16	2210
181.089639	6	2323
222.767829	6	2321
178.338289	6	2324
140.612840	6	2327
61.8636608	6	2335
138.524293	6	2330
155.104637	6	2329
1750.79441	16	2227
147.593498	6	2331
150.156021	6	2332
94.4550037	6	2336
248.326063	6	2328
160.583972	6	2334
176.458835	6	2333
2060.45532	16	2211
303.242444	6	2326
2325.27017	16	2195
130.796909	6	2340
173.226594	6	2338
94.1348075	6	2343
109.850406	6	2342
2071.01416	16	2216
131.281137	6	2341
96.9965457	6	2344
199.758052	6	2339
241.642951	6	2337
120.941162	6	2346
112.484216	6	2347
108.061313	6	2348
210.074424	6	2345
2383.40234	16	2205
148.912668	6	2350
2387.48335	16	2208
153.642416	6	2354
207.099199	6	2352
159.996032	6	2355
148.924589	6	2356
237.768411	6	2351
136.203289	6	2358
286.423206	6	2349
179.272174	6	2357
134.316682	6	2362
291.916847	6	2353
142.737150	6	2363
2604.37345	16	2204
178.847789	6	2361
146.830558	6	2365
181.272983	6	2364
172.359228	6	2371
2522.20630	16	2220
381.798028	6	2359
372.239828	6	2360
262.710094	6	2367
256.514787	6	2369
314.488410	6	2366
178.375005	6	2376
216.358661	6	2375
351.135492	6	2368
2528.00011	16	2229
2913.81478	16	2203
360.154867	6	2370
328.699827	6	2372
2188.00687	16	2256
299.478054	6	2377
298.224210	6	2380
421.260118	6	2373
2900.36582	16	2215
278.558969	6	2383
357.090473	6	2381
135.258197	6	2395
346.010208	6	2384
126.273155	6	2397
3212.71038	16	2200
286.355018	6	2388
3201.12156	16	2201
356.726646	6	2386
2939.48841	16	2221
482.877969	6	2379
249.429464	6	2393
320.442199	6	2389
395.559072	6	2385
276.966810	6	2392
586.248159	6	2374
248.908758	6	2394
219.440460	6	2396
321.249961	6	2391
482.078552	6	2382
400.586843	6	2387
362.915992	6	2390
2888.47756	16	2230
216.753482	6	2400
232.823610	6	2399
3125.27990	16	2217
650.902032	6	2378
346.075057	6	2398
2678.42793	16	2253
2731.16087	16	2250
5876.63221	16	2044
2977.15091	16	2236
2940.26136	16	2244
2990.35596	16	2241
3217.22173	16	2228
3058.77470	16	2245
3136.88254	16	2240
3127.35891	16	2243
3408.67543	16	2225
3094.24066	16	2248
2992.64025	16	2257
3087.92352	16	2255
3303.44986	16	2242
3484.70997	16	2233
3566.08676	16	2231
3692.84772	16	2223
3299.01170	16	2251
3513.13638	16	2238
3740.04220	16	2224
4017.09771	16	2214
4211.76052	16	2202
3730.09657	16	2235
3931.80060	16	2222
3810.60314	16	2232
4016.96562	16	2219
6478.20925	16	2059
3594.66600	16	2249
4066.51520	16	2218
4358.59179	16	2206
4489.80998	16	2199
6929.68463	16	2039
4444.72861	16	2209
3877.44712	16	2247
4338.49763	16	2226
4170.26472	16	2237
4220.70193	16	2234
3970.30878	16	2254
4839.97535	16	2197
4018.49079	16	2252
4156.90875	16	2246
4471.53997	16	2239
5100.50487	16	2207
avg:  986.6860390702883
std:  1390.7330429513697
p95:  4059.561264514923
p99:  6528.120527267444
com:  61.44138003099679
thg:  3072.0690015498394
FCT:  39.061622619628906
que:  849.231128692627
los:  0.0
1843 557
**********************
