[4 2 4 1 4 3 4 6 5 4 3 6 3 1 3 3 4 4 4 5 5 7 6 1 1 3 4 2 1 5 0 5 2 5 4 6 1
 3 8 4 6 2 2 1 5 5 1 2 4 3 5 3 4 4 4 4 1 5 4 1 1 2 7 2 5 1 1 1 4 2 5 4 4 2
 4 5 4 7 1 6 3 2 4 5 2 3 2 3 3 0 6 2 2 5 3 6 5 4 2 7 6 3 2 3 2 1 2 3 2 4 5
 5 1 2 2 2 2 4 3 4 2 3 2 7 3 7 2 4 0 1 1 5 1 7 5 2 9 4 6 2 6 4 3 3 6 1 6 6
 5 0 6 4 4 2 1 3 3 2 2 1 2 4 2 4 5 4 3 1 1 6 5 1 9 3 5 3 6 3 4 4 4 3 4 4 5
 1 5 1 3 4 6 3 8 5 3 3 2 2 6 3 0 4 6 3 2 0 2 7 4 4 6 5 2 2 3 2 4 2 1 9 3 1
 4 7 2 3 4 2 3 4 3 3 4 4 5 3 8 0 1 4 2 2 5 7 1 1 2 5 5 2 1 5 1 2 6 4 4 1 2
 0 1 4 4 1 2 3 9 3 3 5 4 2 4 1 1 3 5 2 3 3 4 4 7 3 3 3 2 2 2 6 5 6 5 2 4 7
 5 4 4 8 1 6 3 5 3 3 3 3 3 4 4 4 2 3 1 4 3 4 2 8 3 6 3 2 2 4 2 3 5 3 3 3 7
 3 0 6 6 4 4 1 1 6 5 2 2 3 1 3 0 4 5 5 3 8 6 6 9 4 3 2 2 5 3 4 2 3 4 9 4 6
 3 4 1 1 8 2 0 3 1 1 3 2 2 3 1 5 6 0 1 3 1 5 5 5 0 5 3 2 4 5 5 8 2 5 4 2 4
 2 0 5 5 2 3 4 2 1 3 6 3 8 0 2 4 2 4 3 2 3 2 2 4 0 3 3 4 1 3 2 2 7 7 2 2 4
 3 3 4 5 2 1 3 4 3 4 3 3 4 4 4 4 0 2 6 2 1 3 4 5 9 7 2 3 7 1 1 7 3 2 0 1 5
 5 6 2 3 3 4 8 4 2 2 4 3 4 3 2 5 4 3 1 4 5 6 2 5 3 2 2 5 6 3 1 3 3 1 3 3 3
 5 3 4 1 5 1 2 4 2 0 1 4 5 3 3 1 0 2 4 2 0 1 4 1 1 2 1 3 3 4 2 3 3 2 7 2 3
 6 5 3 2 1 5 7 3 3 1 2 4 0 3 0 1 3 3 5 1 5 5 3 4 2 5 3 3 2 0 4 7 4 2 6 2 6
 4 4 2 6 4 1 2 2 4 2 3 5 6 7 8 6 4 1 3 3 3 4 0 1 3 2 2 1 3 3 5 5 5 4 3 3 5
 7 6 1 6 6 2 2 3 3 4 4 4 6 5 2 2 6 4 7 4 2 4 5 3 1 5 4 1 1 3 3 5 2 1 6 3 6
 2 2 3 5 5 2 4 5 4 3 5 4 2 2 1 3 4 5 2 4 2 1 5 3 4 4 5 5 1 4 2 1 1 2 4 3 3
 2 3 2 2 0 4 5 3 2 3 2 2 6 4 5 3 3 2 2 4 5 4 4 1 2 5 5 4 2 4 5 4 2 0 4 3 4
 2 3 5 2 2 2 3 7 2 4 4 5 3 4 8 4 5 3 2 5 2 6 3 3 5 2 2 3 1 4 3 6 3 3 2 6 2
 4 1 5 5 3 3 1 4 2 4 3 2 1 2 5 3 1 3 6 3 4 2 1 2 4 4 2 3 2 2 1 4 1 1 3 4 6
 1 3 1 3 2 6 5 7 4 3 3 2 2 2 7 6 4 5 1 0 5 5 1 7 4 0 5 4 5 2 1 4 2 4 3 3 2
 3 2 5 4 0 1 3 2 4 0 3 5 4 3 6 6 1 4 6 5 2 7 5 2 2 2 4 4 2 2 3 4 3 5 4 8 3
 4 0 8 4 8 3 4 2 6 0 3 6 4 1 5 3 0 2 1 5 6 6 5 4 3 2 3 4 7 3 3 6 1 3 6 4 3
 2 4 3 4 5 4 3 5 5 5 2 7 1 3 6 2 5 2 4 9 4 6 4 8 3 2 5 0 4 3 4 3 3 1 5 3 6
 1 3 5 7 3 2 6 4 4 5 3 8 1 2 4 6 2 4 4 6 2 2 6 2 1 3 2 1 2 2 4 2 8 3 2 6 3
 2]
0.82635879	16	1
1.03688240	16	2
1.41596794	16	3
1.08194351	16	4
1.01089477	16	5
1.65987014	16	6
2.14028358	16	7
2.75063514	16	8
4.95195388	16	9
3.85975837	16	10
4.53734397	16	11
6.99114799	16	12
7.87091255	16	13
7.25936889	16	14
5.48028945	16	15
7.91835784	16	16
7.75003433	16	17
9.00888442	16	18
8.33511352	16	19
5.39159774	16	20
6.21056556	16	21
6.59584999	16	22
5.94663619	16	23
6.86049461	16	24
6.64019584	16	25
8.62360000	16	26
6.51264190	16	27
5.84125518	16	28
7.96627998	16	29
6.88862800	16	30
4.20427322	16	31
4.90188598	16	32
5.76424598	16	33
7.26675987	16	34
9.24205780	16	35
5.35726547	16	36
5.46646118	16	37
9.20772552	16	38
7.26461410	16	39
5.68032264	16	40
4.76336479	16	41
4.52971458	16	42
3.81946563	16	43
5.59830665	16	44
6.84762001	16	45
4.86302375	16	46
6.64496421	16	47
5.09142875	16	48
5.48338890	16	49
5.10621070	16	50
6.09278678	16	51
4.40502166	16	52
5.39350509	16	53
7.31205940	16	54
7.21168518	16	55
6.69407844	16	56
3.99112701	16	57
5.39374351	16	58
4.90665435	16	59
5.29575347	16	60
5.14698028	16	61
6.92200660	16	62
6.37578964	16	63
5.99813461	16	64
5.35893440	16	65
8.10313224	16	66
4.85944747	16	67
3.84140014	16	68
8.32080841	16	69
8.50248336	16	70
5.26213645	16	71
5.45358657	16	72
12.1023654	16	73
6.98089599	16	74
5.08260726	16	75
5.57780265	16	76
4.80341911	16	77
6.91866874	16	78
6.07204437	16	79
6.76321983	16	80
7.64083862	16	81
10.3473663	16	82
4.71806526	16	83
4.46057319	16	84
5.98406791	16	85
7.01045989	16	86
7.84540176	16	87
10.4393959	16	88
7.26580619	16	90
11.0821723	16	89
9.62758064	16	91
7.86113739	16	92
5.46455383	16	93
4.18472290	16	94
8.58116149	16	95
6.63995742	16	96
6.46328926	16	98
10.0531578	16	97
4.36758995	16	99
4.95076179	16	100
5.28001785	16	101
4.70638275	16	102
7.89380073	16	103
5.25808334	16	104
6.86526298	16	105
5.59473037	16	106
8.74209403	16	107
11.0712051	16	108
5.21683692	16	109
5.49244880	16	110
6.42418861	16	111
6.89101219	16	112
4.40168380	16	113
5.99980354	16	114
5.95402717	16	115
6.64973258	16	116
8.54969024	16	117
7.04693794	16	118
5.25212287	16	119
7.24720954	16	120
6.09493255	16	121
8.14747810	16	122
10.0946426	16	123
7.94243812	16	124
5.12433052	16	125
5.00702857	16	126
5.59592247	16	127
5.46741485	16	128
6.32905960	16	129
6.91461563	16	130
5.71155548	16	131
4.49728965	16	132
5.78451156	16	133
9.89603996	16	134
5.48887252	16	135
6.88982009	16	136
5.21254539	16	137
7.33661651	16	138
8.56423377	16	139
6.06894493	16	140
9.82236862	16	141
5.27405738	16	142
5.22875785	16	143
6.04414939	16	144
6.24799728	16	145
5.46264648	16	146
5.73468208	16	147
6.22224807	16	148
7.68685340	16	149
6.30927085	16	150
7.89952278	16	151
4.80127334	16	152
6.28232955	16	153
8.65125656	16	154
7.65895843	16	155
6.50644302	16	156
6.53386116	16	157
6.43205642	16	158
10.3738307	16	159
6.40487670	16	160
7.79747962	16	161
6.01077079	16	162
5.15937805	16	163
5.49650192	16	164
4.54163551	16	165
7.03954696	16	166
6.86621665	16	167
7.00497627	16	168
4.31346893	16	169
4.28199768	16	170
4.26650047	16	171
5.48601150	16	172
7.97438621	16	173
5.50794601	16	174
5.31005859	16	175
4.73618507	16	176
6.84690475	16	177
9.38344001	16	178
7.43079185	16	179
11.7881298	16	180
8.15439224	16	181
6.86430931	16	182
5.28907775	16	183
6.00767135	16	185
10.9872817	16	184
6.95824623	16	186
9.78994369	16	187
5.60331344	16	188
5.79142570	16	190
11.0206604	16	189
4.81152534	16	191
5.14221191	16	192
5.44381141	16	193
4.28557395	16	194
6.92391395	16	195
6.74533843	16	196
5.88917732	16	197
5.14245033	16	198
6.37245178	16	199
6.85334205	16	200
6.38723373	16	201
6.41322135	16	202
7.17282295	16	203
4.88638877	16	204
6.13164901	16	205
8.82697105	16	206
7.50112533	16	207
7.37619400	16	208
8.44836235	16	210
11.9791030	16	209
6.32405281	16	211
9.22584533	16	212
7.27963447	16	213
7.99131393	16	214
6.31141662	16	215
4.73356246	16	216
5.46884536	16	217
4.90117073	16	218
4.57859039	16	219
5.36990165	16	220
5.87868690	16	221
4.33087348	16	222
5.46336174	16	223
6.98876380	16	224
5.62787055	16	225
9.17816162	16	226
6.84833526	16	227
3.84879112	16	228
7.61842727	16	229
7.93433189	16	230
5.15007972	16	231
5.56492805	16	232
7.19332695	16	233
4.46224212	16	234
5.82909584	16	235
6.22916221	16	236
6.73723220	16	237
9.10019874	16	238
4.73380088	16	239
7.10248947	16	240
7.06076622	16	241
6.28185272	16	242
6.51216506	16	243
7.57479667	16	244
8.85486602	16	245
9.17243957	16	246
10.8957290	16	248
14.5978927	16	247
8.26978683	16	249
8.31627845	16	250
6.57105445	16	251
9.49406623	16	252
8.55255126	16	253
9.08398628	16	254
8.22162628	16	255
8.54682922	16	256
7.23814964	16	257
7.67970085	16	258
6.90150260	16	259
7.91501998	16	260
10.3447437	16	261
8.27336311	16	262
8.23283195	16	263
6.95705413	16	264
7.02142715	16	265
8.38041305	16	266
6.44326210	16	267
6.90841674	16	268
10.1308822	16	269
5.13243675	16	270
10.7631683	16	271
4.85849380	16	272
7.92312622	16	273
4.80318069	16	274
3.94678115	16	275
8.36372375	16	276
5.50103187	16	277
6.55937194	16	278
4.55474853	16	279
6.24155998	16	280
6.31165504	16	281
5.40423393	16	282
5.81026077	16	283
4.43029403	16	284
5.77449798	16	285
6.93154335	16	286
6.93964958	16	287
8.33773612	16	288
6.25467300	16	289
8.01038742	16	290
7.94124603	16	291
5.98478317	16	292
5.75113296	16	293
7.89332389	16	294
4.81700897	16	295
5.29885292	16	296
8.59832763	16	297
7.60817527	16	298
5.39731979	16	299
5.39469718	16	300
7.16185569	16	301
6.19029998	16	302
8.78667831	16	303
5.62620162	16	304
8.91423225	16	305
6.81662559	16	306
5.55157661	16	307
6.57939910	16	308
4.89449501	16	309
4.95529174	16	310
4.90593910	16	311
4.57239151	16	312
5.06901741	16	313
5.09881973	16	314
4.45318222	16	315
6.69455528	16	316
6.61325454	16	317
7.84802436	16	318
6.87336921	16	319
6.66332244	16	320
4.80484962	16	321
5.23138046	16	322
5.58805465	16	323
10.8716487	16	324
4.35328483	16	325
6.43110275	16	326
8.69655609	16	327
5.47504425	16	328
6.78515434	16	329
6.84666633	16	330
5.66649436	16	331
5.98740577	16	332
5.01894950	16	333
3.78894805	16	334
6.42037391	16	335
7.40718841	16	336
7.34996795	16	337
8.29935073	16	338
4.61363792	16	339
5.56445121	16	340
5.45787811	16	341
6.47568702	16	342
5.44714927	16	343
4.98652458	16	344
4.59623336	16	345
6.47735595	16	346
6.89840316	16	347
4.95958328	16	348
5.75256347	16	34

3.86714935	16	350
4.30226325	16	351
7.24673271	16	352
4.35853004	16	353
6.29854202	16	354
6.97827339	16	355
8.21042060	16	356
9.03105735	16	357
6.72650337	16	358
5.85269927	16	359
7.85565376	16	360
9.75084304	16	361
6.89983367	16	362
6.44207000	16	363
5.54561614	16	364
10.1013183	16	365
8.05783271	16	366
10.2992057	16	367
5.00178337	16	368
4.50062751	16	369
4.41217422	16	370
4.82106208	16	371
5.80239295	16	372
9.49192047	16	374
12.9787921	16	373
9.07778739	16	375
5.91063499	16	376
6.90793991	16	377
6.93249702	16	378
5.24950027	16	379
5.02395629	16	380
4.99391555	16	381
6.74152374	16	382
5.70201873	16	383
6.91032409	16	384
4.93574142	16	385
9.01865959	16	386
4.45437431	16	387
7.34186172	16	388
5.45525550	16	389
6.14285469	16	390
7.80320167	16	391
11.0545158	16	392
8.01706314	16	394
11.5478038	16	393
6.67929649	16	395
5.10168075	16	396
6.04057312	16	397
6.65950775	16	398
7.74621963	16	399
7.37380981	16	400
7.73906707	16	401
6.58774375	16	402
8.11028480	16	403
4.47440147	16	404
5.88035583	16	405
6.62207603	16	406
7.26485252	16	407
6.03222846	16	408
4.81271743	16	409
4.94503974	16	410
7.02857971	16	411
7.09080696	16	412
7.78627395	16	413
6.06369972	16	414
4.87208366	16	415
7.17258453	16	416
6.79516792	16	417
4.41312789	16	418
4.35781478	16	419
3.81994247	16	420
4.74548339	16	421
4.43482398	16	422
8.24999809	16	423
5.47647476	16	424
5.48458099	16	425
6.62183761	16	426
6.96802139	16	427
8.62264633	16	429
12.1865272	16	428
5.35440444	16	430
4.54282760	16	432
9.38963890	16	431
6.82687759	16	433
4.78649139	16	434
3.92556190	16	435
5.00559806	16	436
4.37831878	16	437
6.98304176	16	438
5.83744049	16	439
7.07030296	16	440
10.1163387	16	441
10.7614994	16	442
6.49499893	16	443
7.73882865	16	444
8.31818580	16	445
6.28638267	16	446
9.07301902	16	447
6.25658035	16	448
7.24458694	16	449
10.6427669	16	450
7.13133811	16	451
8.57925415	16	452
4.37021255	16	453
4.21285629	16	454
10.4932785	16	455
6.76941871	16	456
7.10988044	16	457
6.89458847	16	458
5.59878349	16	459
4.88996505	16	460
7.15637207	16	461
9.85336303	16	462
9.11045074	16	463
8.55994224	16	464
5.68389892	16	465
11.2421512	16	466
7.82203674	16	467
7.62248039	16	468
6.67119026	16	469
5.60641288	16	470
6.22677803	16	471
4.44364547	16	472
5.34319877	16	473
6.21628761	16	474
7.23767280	16	475
7.00116157	16	476
6.65545463	16	477
6.89005851	16	478
6.45041465	16	479
8.95667076	16	480
5.00321388	16	481
6.11519813	16	482
5.06734848	16	483
4.88924980	16	484
4.32181358	16	485
4.78267669	16	486
5.07402420	16	487
4.85086441	16	488
5.59854507	16	489
8.09049606	16	490
5.55276870	16	491
5.99884986	16	492
5.83457946	16	493
5.67078590	16	494
6.12711906	16	495
6.11186027	16	496
6.16168975	16	497
8.51440429	16	498
4.41622734	16	499
5.67984580	16	500
5.56063652	16	501
6.87456130	16	502
6.66999816	16	503
5.68509101	16	504
5.90276718	16	505
9.63473320	16	506
5.65314292	16	507
8.52108001	16	508
4.95147705	16	509
4.57072257	16	510
5.91397285	16	511
4.75573539	16	512
5.05614280	16	513
4.34470176	16	514
4.57739830	16	515
4.45747375	16	516
7.03644752	16	517
4.57191467	16	518
6.00528717	16	519
5.49697875	16	520
6.19649887	16	521
6.83236122	16	522
8.28909873	16	523
7.22694396	16	524
6.96802139	16	525
7.40432739	16	526
5.27834892	16	527
7.20429420	16	528
8.18514823	16	529
7.29155540	16	530
6.54673576	16	531
5.12528419	16	532
4.99701499	16	533
8.68296623	16	535
14.4724845	16	534
6.94656372	16	536
4.83560562	16	537
6.89554214	16	538
8.21352005	16	539
6.36982917	16	540
7.08937644	16	541
4.36139106	16	542
7.37786293	16	543
4.84871864	16	544
5.54060935	16	545
4.91166114	16	546
6.94918632	16	547
6.44588470	16	548
4.78506088	16	549
6.93321228	16	550
5.48863410	16	551
4.55403327	16	552
5.05399703	16	553
6.00934028	16	554
5.04970550	16	555
5.52248954	16	556
5.68294525	16	557
6.14166259	16	558
6.11543655	16	559
6.36124610	16	560
6.90364837	16	561
4.97770309	16	562
5.78188896	16	563
4.59027290	16	564
8.47506523	16	565
8.36968421	16	566
5.13625144	16	567
7.22026824	16	568
10.1644992	16	569
6.47997856	16	570
4.51517105	16	571
5.46789169	16	572
4.57262992	16	574
8.65793228	16	573
5.50794601	16	575
6.95848464	16	576
7.35569000	16	577
7.03930854	16	578
7.73620605	16	579
7.12990760	16	580
7.51161575	16	581
5.64146041	16	582
5.88822364	16	583
5.94902038	16	584
10.2989673	16	585
7.69090652	16	586
6.86073303	16	587
5.48624992	16	588
4.83059883	16	589
4.74715232	16	590
4.34184074	16	591
5.24616241	16	592
7.60602951	16	593
5.57804107	16	594
6.02912902	16	595
5.16724586	16	596
4.92429733	16	597
5.25975227	16	598
5.47456741	16	599
3.95464897	16	600
7.27152824	16	601
4.96172904	16	602
8.83603096	16	603
7.12943077	16	604
5.27787208	16	605
6.28232955	16	606
9.00173187	16	607
6.89983367	16	608
8.72540473	16	610
12.8376483	16	609
4.30679321	16	611
7.21240043	16	612
5.13100624	16	613
10.3271007	16	614
6.55603408	16	615
5.98955154	16	616
5.71489334	16	617
7.83181190	16	618
5.41090965	16	619
6.35504722	16	620
5.04827499	16	621
5.36084175	16	622
6.56247138	16	623
6.53147697	16	624
7.39288330	16	625
3.81278991	16	626
6.89315795	16	627
6.30474090	16	628
4.34732437	16	629
8.48913192	16	630
5.46646118	16	631
6.57272338	16	632
6.34098052	16	633
6.92892074	16	634
4.91094589	16	635
4.96292114	16	636
5.34844398	16	637
5.47742843	16	638
6.90960884	16	639
5.52916526	16	640
6.06226921	16	641
6.43515586	16	642
8.37302207	16	643
6.98208808	16	644
6.51907920	16	645
8.16774368	16	646
8.57663154	16	647
11.6975307	16	648
5.75900077	16	649
4.69422340	16	650
4.52256202	16	651
4.77385520	16	653
8.30078125	16	652
5.43022155	16	654
4.79674339	16	655
7.36260414	16	656
6.02841377	16	657
7.90834426	16	658
6.56104087	16	659
4.43673133	16	660
5.34677505	16	661
4.91738319	16	662
5.23948669	16	663
8.18610191	16	664
6.77251815	16	665
7.84540176	16	666
4.81843948	16	667
5.90872764	16	668
6.94489479	16	669
8.70966911	16	670
5.39374351	16	671
6.50835037	16	672
5.47432899	16	673
6.52408599	16	674
9.28592681	16	675
5.97858428	16	676
6.73818588	16	677
5.71560859	16	678
7.93957710	16	679
6.07371330	16	680
7.45010375	16	681
5.47480583	16	682
3.88097763	16	683
5.01346588	16	684
4.25267219	16	685
6.05416297	16	686
5.04112243	16	687
6.68978691	16	688
4.54163551	16	689
3.87692451	16	690
4.30655479	16	691
6.85214996	16	692
5.32937049	16	693
6.85882568	16	694
4.96459007	16	696
8.51082801	16	695
8.16106796	16	697
7.00449943	16	698
13.2889747	16	699
6.49929046	16	700
4.90927696	16	701
6.58631324	16	702
5.29003143	16	703
3.90672683	16	704
4.55212593	16	705
8.13674926	16	706
5.23972511	16	707
5.46336174	16	708
6.27923011	16	709
7.31301307	16	710
7.57145881	16	711
5.11956214	16	712
8.34321975	16	713
12.7825736	16	714
12.3713016	16	715
6.87098503	16	716
4.81462478	16	717
4.90975379	16	718
4.94241714	16	719
6.90555572	16	720
6.85024261	16	721
6.51264190	16	722
7.40814208	16	723
5.02467155	16	724
4.26292419	16	725
5.74493408	16	726
7.62653350	16	727
6.64782524	16	728
10.8816623	16	729
10.3528499	16	730
8.29839706	16	731
10.6477737	16	732
6.89315795	16	733
6.26873970	16	734
5.33294677	16	735
6.71219825	16	736
5.72538375	16	737
5.29265403	16	738
4.39620018	16	739
4.54735755	16	740
4.40955162	16	741
5.36704063	16	742
5.58042526	16	743
3.74746322	16	744
6.94441795	16	745
8.92186164	16	746
5.77187538	16	747
5.50127029	16	748
7.84158706	16	749
11.0042095	16	750
6.90650939	16	751
5.52248954	16	752
6.16621971	16	753
8.82077217	16	754
6.95204734	16	755
5.54132461	16	756
5.04469871	16	757
6.99639320	16	758
7.03644752	16	759
8.55588912	16	760
5.47695159	16	761
5.41877746	16	762
6.85596466	16	763
5.84626197	16	764
6.65879249	16	765
4.94885444	16	766
4.96673583	16	767
5.54370880	16	768
5.66792488	16	769
6.11782073	16	770
6.05058670	16	771
7.00163841	16	772
6.18076324	16	773
5.43498992	16	774
6.23464584	16	775
6.06632232	16	776
8.30316543	16	777
5.24163246	16	778
5.66864013	16	779
6.94012641	16	780
10.1456642	16	781
5.16843795	16	782
6.71291351	16	783
4.28605079	16	784
6.91843032	16	785
7.66277313	16	786
5.74445724	16	787
8.52012634	16	788
10.4134082	16	789
6.01553916	16	790
4.90951538	16	791
6.13236427	16	792
4.46915626	16	793
6.84571266	16	794
6.48379325	16	795
5.19394874	16	796
3.73435020	16	797
6.86931610	16	798
6.02960586	16	799
6.89172744	16	800
10.4560852	16	801
5.12409210	16	802
5.58710098	16	803
4.79054450	16	804
5.78308105	16	80

6
6.87718391	16	750
6.94322586	16	751
5.11980056	16	752
4.97817993	16	753
6.39653205	16	754
12.0034217	16	755
7.34686851	16	756
6.58035278	16	757
6.01935386	16	758
5.35035133	16	759
6.36625289	16	760
5.39708137	16	761
9.07254219	16	762
4.87303733	16	763
3.58366966	16	764
4.96578216	16	765
4.30607795	16	766
5.80739974	16	767
5.10001182	16	768
4.98914718	16	769
6.88624382	16	770
8.94999504	16	771
4.91547584	16	772
8.34441184	16	773
5.72633743	16	774
6.88481330	16	775
10.0367069	16	776
4.86135482	16	777
5.56015968	16	778
10.6229782	16	779
6.14142417	16	780
6.45685195	16	782
19.6347236	16	781
8.34345817	16	783
4.89807128	16	784
5.79524040	16	785
6.43086433	16	786
6.03866577	16	787
5.00178337	16	788
5.92708587	16	789
7.79199600	16	790
7.52139091	16	791
10.3759765	16	792
6.93821907	16	793
9.20248031	16	794
7.32541084	16	795
4.81390953	16	796
6.91604614	16	797
8.84056091	16	798
3.28063964	16	799
4.36091423	16	800
4.85181808	16	801
4.90832328	16	802
5.67555427	16	803
8.99958610	16	804
8.47268104	16	805
5.95331192	16	806
9.34576988	16	807
5.31768798	16	808
6.92439079	16	809
6.11257553	16	810
4.40692901	16	811
4.18090820	16	812
7.10344314	16	813
6.37221336	16	814
6.72245025	16	815
3.91316413	16	816
5.55348396	16	817
5.51438331	16	818
5.88798522	16	819
5.90682029	16	820
6.92224502	16	821
4.71782684	16	822
5.08260726	16	823
6.56843185	16	824
5.92231750	16	825
4.79364395	16	826
5.25093078	16	827
5.79261779	16	828
4.48322296	16	829
5.57422637	16	830
4.50062751	16	831
5.17416000	16	832
9.21201705	16	833
6.91246986	16	834
9.78636741	16	835
6.93607330	16	836
4.39047813	16	838
11.4150047	16	837
6.43086433	16	839
6.05821609	16	840
5.64789772	16	841
6.40892982	16	842
6.51192665	16	843
7.29060173	16	844
8.69345664	16	845
7.59601593	16	846
14.3144130	16	847
5.24139404	16	849
8.75186920	16	848
3.91578674	16	850
4.37092781	16	851
5.23352622	16	852
5.91421127	16	853
4.21905517	16	854
6.94084167	16	855
6.25252723	16	856
5.43022155	16	857
4.90331649	16	858
4.65154647	16	859
6.07943534	16	860
10.0135803	16	861
9.53078269	16	862
7.04336166	16	863
5.09500503	16	864
5.31721115	16	865
5.12838363	16	866
7.14826583	16	867
6.30784034	16	868
6.93273544	16	869
9.69266891	16	870
7.16519355	16	871
5.40852546	16	872
6.62398338	16	873
6.94465637	16	874
7.32421875	16	875
8.70871543	16	876
8.83293151	16	877
7.21836090	16	878
8.30912590	16	879
5.70964813	16	880
6.13617897	16	881
6.93225860	16	882
4.93955612	16	883
7.54594802	16	884
4.42576408	16	885
4.49943542	16	886
4.90999221	16	887
5.38730621	16	888
4.37879562	16	889
5.85722923	16	890
7.16614723	16	891
6.45446777	16	892
4.86636161	16	893
6.91151618	16	894
10.2014541	16	895
5.40876388	16	896
9.18292999	16	897
6.47711753	16	898
4.84251976	16	899
6.14285469	16	900
7.80725479	16	902
11.5900039	16	901
7.94982910	16	903
7.71236419	16	904
7.00330734	16	905
7.36427307	16	906
5.07330894	16	907
6.43515586	16	908
4.32205200	16	909
5.98192214	16	910
4.60219383	16	911
5.24830818	16	912
4.92238998	16	913
5.45382499	16	914
6.65855407	16	915
9.48691368	16	916
6.10780715	16	917
8.05234909	16	918
7.18259811	16	919
6.37173652	16	920
8.02564620	16	921
6.28328323	16	922
6.46090507	16	923
6.07514381	16	924
5.94043731	16	925
5.97095489	16	926
5.83362579	16	927
5.94019889	16	928
7.23791122	16	929
5.91635704	16	930
6.59728050	16	931
8.76450538	16	932
8.19993019	16	933
5.24878501	16	934
10.1945400	16	935
5.93805313	16	936
4.82392311	16	937
4.83083724	16	938
4.20832633	16	939
4.44674491	16	940
10.9970569	16	941
9.00983810	16	942
4.21476364	16	943
6.94417953	16	944
5.19967079	16	945
5.44834136	16	946
6.70933723	16	947
6.84380531	16	948
5.48768043	16	949
6.13784790	16	950
4.83393669	16	951
4.29511070	16	952
6.62755966	16	953
4.95505332	16	954
4.78720664	16	955
5.45191764	16	956
6.18600845	16	957
4.45699691	16	958
5.20730018	16	959
4.89401817	16	960
7.57431983	16	961
4.89759445	16	962
6.97445869	16	963
7.25483894	16	964
7.11894035	16	965
8.13102722	16	966
10.7207298	16	967
11.0235214	16	968
6.01673126	16	969
4.37307357	16	970
5.26142120	16	971
6.86883926	16	972
8.18300247	16	973
7.31539726	16	974
5.64956665	16	975
11.3370418	16	976
7.67350196	16	977
9.23156738	16	978
4.48799133	16	979
3.11470031	16	980
1.83486938	16	981
1.22928619	16	982
1.75046920	16	983
2.07638740	16	984
1.79457664	16	985
0.99897384	16	986
0.88453292	16	987
0.85949897	16	988
1.04761123	16	989
0.92887878	16	990
0.80943107	16	991
0.80966949	16	992
0.77438354	16	993
0.80728530	16	994
0.81491470	16	995
0.86236000	16	996
0.72431564	16	997
0.80657005	16	998
0.75149536	16	999
2.19154357	16	1000
avg:  6.522766590118408
std:  2.0818594329148117
p95:  10.126364231109616
p99:  12.759170532226557
com:  179.61102685525515
thg:  8980.551342762757
FCT:  5.567586898803711
que:  5.798450946807861
los:  0.0
0 1000
**********************
****
