[2 4 1 9 4 2 1 3 3 6 4 0 1 4 2 3 0 3 1 3 2 2 2 1 2 1 3 1 4 3 1 2 3 5 1 0 3
 0 1 1 1 1 0 1 1 4 2 1 0 3 1 5 4 0 3 6 3 2 3 0 0 2 1 4 0 2 1 3 2 1 1 4 3 2
 1 2 2 6 3 2 0 3 1 1 4 3 1 1 0 3 5 3 1 3 1 3 1 0 3 1 2 3 6 3 5 1 2 2 1 3 3
 3 2 2 1 0 5 3 3 2 3 4 1 2 1 1 2 1 2 6 6 1 6 2 1 2 4 2 3 1 1 2 1 5 1 2 1 3
 2 4 2 3 6 1 4 4 2 4 4 1 1 2 3 1 2 2 2 2 2 2 2 5 2 2 2 3 3 2 3 6 3 1 1 3 2
 1 4 2 2 1 3 3 1 0 1 2 5 2 2 3 8 3 4 4 1 1 6 2 0 4 3 1 3 4 4 2 3 0 1 3 3 2
 2 1 2 2 2 1 3 0 1 4 2 4 4 6 4 0 1 0 3 1 3 2 4 4 2 4 4 3 9 1 8 2 2 4 2 2 0
 1 3 3 0 2 2 2 2 3 5 1 4 1 1 3 2 2 4 2 4 2 0 2 2 2 0 1 2 3 1 1 4 4 3 5 2 5
 1 2 5 2 1 3 4 5 2 2 1 2 0 2 1 6 3 4 5 2 3 0 3 2 5 2 2 0 1 3 1 3 2 2 1 1 0
 4 4 5 4 1 0 3 3 1 1 2 2 1 1 2 4 4 3 0 2 2 1 2 4 3 2 0 2 2 1 4 1 2 1 3 4 3
 3 4 1 4 2 3 4 1 4 2 2 2 4 2 1 1 0 3 1 7 5 1 2 4 5 0 3 4 1 3 4 4 5 2 2 3 2
 2 2 4 4 1 1 2 0 3 3 2 3 2 1 3 3 2 1 3 1 3 2 3 1 1 1 6 1 3 4 5 5 0 1 1 5 2
 4 3 1 2 2 5 3 2 2 3 4 4 3 4 4 2 0 3 4 1 3 2 3 3 2 2 6 2 3 3 3 2 4 0 2 4 4
 3 0 3 2 4 4 1 1 3 3 2 3 1 3 2 4 2 5 1 3 2 2 2 4 1 3 2 0 2 2 2 5 6 3 5 2 4
 3 1 1 1 3 3 7 1 5 1 3 3 3 3 3 1 2 2 3 2 1 4 1 3 3 5 3 4 3 6 4 2 4 0 2 2 4
 0 2 2 1 2 0 3 1 3 4 2 5 3 2 2 4 1 6 2 1 4 5 5 3 2 2 2 4 4 1 7 5 1 6 2 4 2
 3 1 3 0 0 2 1 2 4 0 2 4 3 1 5 4 3 4 1 2 1 3 6 0 5 1 3 1 2 1 2 2 3 1 4 3 2
 4 1 3 8 0 5 1 5 2 0 6 5 3 3 1 2 9 2 2 2 0 5 1 5 1 1 3 5 2 8 3 1 4 3 1 2 5
 4 4 3 2 2 5 3 2 1 3 2 0 2 1 0 1 2 2 2 2 3 3 2 4 3 4 5 2 3 1 2 2 6 1 2 3 2
 4 3 1 1 3 5 1 1 3 1 0 0 4 1 3 1 2 3 0 5 0 4 1 6 2 2 3 3 0 1 2 1 2 4 2 3 2
 1 5 0 4 3 4 2 3 2 3 2 6 3 1 2 1 1 5 3 0 0 2 1 4 3 3 0 1 2 3 4 1 0 3 2 4 3
 0 1 2 2 1 2 1 1 1 3 3 1 2 1 4 1 3 3 2 1 4 1 4 1 0 2 4 2 1 3 3 1 5 3 2 1 3
 2 5 2 2 4 1 0 1 3 3 3 1 5 2 1 3 4 1 1 2 5 3 2 3 0 1 1 3 1 0 3 2 6 1 3 2 3
 1 0 2 4 5 2 4 1 1 3 0 3 1 1 4 2 3 4 3 4 0 2 1 1 2 2 4 3 1 0 4 1 2 1 2 2 3
 1 4 3 5 2 2 1 2 1 5 3 2 1 2 4 1 2 1 0 5 0 2 2 5 7 1 5 4 3 2 2 3 2 2 5 4 3
 1 4 2 2 2 1 1 4 5 3 5 2 3 0 4 3 4 2 3 3 2 7 2 2 3 0 3 0 2 5 2 3 3 5 3 3 3
 2 5 5 2 1 2 1 3 1 3 3 0 1 2 0 4 2 2 0 2 1 4 2 2 7 3 4 0 2 0 2 2 1 3 3 4 0
 2]
1.17897987	16	1
1.51991844	16	2
1.08146667	16	3
1.73926353	16	4
2.71630287	16	5
6.31618499	16	6
6.67905807	16	7
7.27868080	16	8
8.02755355	16	9
9.61780548	16	10
8.43977928	16	11
8.71133804	16	12
7.00855255	16	13
9.93990898	16	14
8.84437561	16	15
7.32493400	16	16
5.87892532	16	17
6.10208511	16	18
4.97865676	16	19
5.89108467	16	20
9.87696647	16	21
10.3433132	16	22
9.38963890	16	23
11.8548870	16	24
7.37476348	16	25
9.04226303	16	26
8.57353210	16	27
6.11901283	16	28
4.61506843	16	29
8.53800773	16	30
13.7624740	16	31
8.76832008	16	32
8.77141952	16	33
9.10449028	16	35
15.5506134	16	34
12.8266811	16	36
7.72333145	16	37
8.82863998	16	38
5.28264045	16	39
9.82284545	16	40
9.80710983	16	41
10.9169483	16	42
12.0301246	16	43
6.55007362	16	44
7.31229782	16	45
6.59918785	16	46
4.94098663	16	47
6.63185119	16	50
11.9931697	16	48
10.9794139	16	49
7.64131546	16	51
5.78427314	16	52
6.64591789	16	53
6.08515739	16	54
7.91049003	16	55
5.96189498	16	56
8.66770744	16	57
6.87026977	16	58
17.6944732	16	59
14.4057273	16	60
17.9405212	16	61
10.9019279	16	62
12.0911598	16	63
9.15884971	16	64
7.93814659	16	65
7.53283500	16	67
13.9844417	16	66
8.44335556	16	68
7.95459747	16	70
11.0740661	16	69
12.2156143	16	71
5.90586662	16	72
5.93400001	16	73
7.41338729	16	74
7.25412368	16	76
12.9003524	16	75
6.39700889	16	77
7.77149200	16	78
10.9405517	16	79
6.96730613	16	80
12.6278400	16	81
7.04431533	16	82
6.13832473	16	83
7.34567642	16	84
5.41734695	16	85
5.20205497	16	86
6.74533843	16	87
6.99520111	16	88
6.02889060	16	89
10.5042457	16	90
7.93552398	16	91
13.5383605	16	92
10.5183124	16	93
6.41798973	16	94
14.0810012	16	95
6.16717338	16	96
6.97541236	16	97
7.77554512	16	98
6.92319869	16	99
9.62233543	16	100
8.08119773	16	102
13.7643814	16	101
12.7999782	16	103
5.21254539	16	104
8.69107246	16	105
11.8064880	16	106
17.5564289	16	107
9.48405265	16	108
10.9405517	16	109
5.70464134	16	110
5.60641288	16	111
5.63383102	16	112
7.21645355	16	113
5.54752349	16	114
8.53776931	16	115
5.51438331	16	116
6.77227973	16	117
5.21206855	16	118
9.20033454	16	120
14.3141746	16	119
11.9566917	16	121
6.54387474	16	122
6.69026374	16	123
9.04870033	16	124
4.61363792	16	125
7.42626190	16	126
7.64417648	16	128
10.5068683	16	127
7.28034973	16	129
5.89513778	16	131
12.0961666	16	130
7.09772109	16	132
7.43389129	16	133
5.53345680	16	134
7.64918327	16	135
7.02714920	16	136
6.37626647	16	137
4.39357757	16	138
10.8342170	16	141
13.8175487	16	140
17.4803733	16	139
10.8175277	16	142
6.62493705	16	143
9.97781753	16	144
8.16631317	16	145
10.8680725	16	147
16.6168212	16	146
7.12156295	16	149
12.7010345	16	148
4.21571731	16	150
7.56525993	16	151
12.6380920	16	152
8.95380973	16	153
6.61897659	16	154
11.9152069	16	155
9.78708267	16	156
12.6588344	16	157
8.19206237	16	158
6.26564025	16	159
7.77864456	16	160
5.94305992	16	161
9.43040847	16	162
4.33254241	16	163
4.45175170	16	164
4.86302375	16	165
5.54823875	16	166
5.69510459	16	167
7.29441642	16	168
7.74693489	16	169
9.97304916	16	170
7.35235214	16	171
8.23020935	16	173
11.1732482	16	172
8.41999053	16	174
6.05869293	16	175
5.29551506	16	176
7.59124755	16	177
6.25777244	16	178
9.66572761	16	179
7.13133811	16	180
6.45542144	16	181
6.63185119	16	183
9.75537300	16	182
8.07261466	16	184
8.95166397	16	185
7.83300399	16	186
12.9368305	16	187
7.74836540	16	188
6.63685798	16	189
6.22510910	16	190
5.66864013	16	191
6.64567947	16	192
14.1794681	16	193
11.5284919	16	194
5.58829307	16	195
6.93988800	16	196
8.42356681	16	197
7.16924667	16	198
10.4551315	16	199
6.08801841	16	200
8.61787796	16	201
14.6610736	16	202
11.2309455	16	203
8.73827934	16	204
9.80877876	16	205
8.57877731	16	206
5.22160530	16	207
7.09390640	16	208
9.01365280	16	209
6.43324851	16	210
8.87584686	16	211
7.77149200	16	212
8.01587104	16	213
8.62407684	16	214
6.88457489	16	215
6.62159919	16	217
14.0838623	16	216
5.17511367	16	218
5.17988204	16	219
10.0011825	16	220
7.73668289	16	221
8.70132446	16	222
8.14127922	16	223
12.1068954	16	224
9.30476188	16	225
10.5662345	16	226
9.57465171	16	227
7.57217407	16	228
6.94537162	16	229
5.66959381	16	230
7.02333450	16	231
8.41355323	16	232
10.8211040	16	233
6.53457641	16	234
6.94704055	16	236
13.0493640	16	235
9.47213172	16	238
15.8607959	16	237
8.34393501	16	239
7.40242004	16	241
12.6545429	16	240
8.25381278	16	242
8.72302055	16	243
10.7431411	16	244
8.38589668	16	245
8.93926620	16	246
9.31692123	16	247
6.12139701	16	248
9.42444801	16	249
4.90427017	16	250
4.84275817	16	251
9.85193252	16	252
10.7600688	16	253
7.31611251	16	254
13.2775306	16	255
7.59983062	16	256
11.2404823	16	257
5.90968132	16	258
7.80367851	16	260
10.7603073	16	259
11.4023685	16	261
11.1761093	16	262
9.00459289	16	263
9.91058349	16	264
6.25300407	16	265
6.78157806	16	266
5.01418113	16	267
5.53512573	16	268
8.04209709	16	269
9.96565818	16	270
7.28392601	16	271
5.60975074	16	273
11.1484527	16	272
6.76035881	16	274
4.36520576	16	275
5.17439842	16	276
7.59196281	16	277
4.95457649	16	278
5.50889968	16	279
6.42681121	16	280
9.23299789	16	281
6.88052177	16	282
11.3241672	16	283
7.60006904	16	284
9.22822952	16	285
7.53569602	16	288
10.3778839	16	287
15.7907009	16	286
5.39827346	16	289
8.15987586	16	291
10.8315944	16	290
10.1180076	16	292
5.99598884	16	293
6.94799423	16	295
12.2418403	16	294
6.98256492	16	296
8.05878639	16	297
10.3261470	16	298
8.20446014	16	299
4.90856170	16	300
6.58965110	16	301
15.3596401	16	302
8.97002220	16	303
7.73787498	16	304
7.96413421	16	305
7.64989852	16	306
5.87129592	16	307
6.74605369	16	308
8.23378562	16	309
9.96804237	16	310
11.3956928	16	311
8.41927528	16	312
9.03964042	16	314
15.8393383	16	313
10.8366012	16	315
7.84540176	16	316
16.7629718	16	317
7.54165649	16	318
6.48021697	16	319
9.49621200	16	320
8.47101211	16	321
6.90293312	16	322
8.68964195	16	323
5.41400909	16	324
11.5580558	16	325
5.49912452	16	326
10.2183818	16	327
7.25769996	16	328
9.86933708	16	329
5.65624237	16	330
7.76696205	16	331
11.6539001	16	332
7.25293159	16	333
6.46996498	16	334
6.72698020	16	335
7.65609741	16	336
7.72213935	16	337
6.06012344	16	338
6.40130043	16	339
5.35058975	16	340
6.71792030	16	341
5.97739219	16	342
7.47942924	16	343
7.13586807	16	344
6.55174255	16	345
6.71362876	16	346
5.98669052	16	347
10.7717514	16	348
8.86940956	16	349
7.63297080	16	350
7.17353820	16	351
7.73859024	16	352
12.1607780	16	353
13.5424137	16	354
14.9655342	16	355
5.35702705	16	356
8.21733474	16	357
8.20803642	16	358
8.23807716	16	359
6.20079040	16	360
7.30228424	16	361
5.55157661	16	362
8.98981094	16	363
10.1001262	16	364
8.31890106	16	365
7.17449188	16	366
10.6813907	16	367
7.23099708	16	368
8.63265991	16	369
6.42418861	16	370
7.50970840	16	371
8.95547866	16	372
11.0964775	16	373
11.0292434	16	374
10.9262466	16	375
12.2115612	16	376
8.42761993	16	377
8.13865661	16	378
7.64465332	16	379
8.33606719	16	380
13.7479305	16	381
10.6608867	16	382
9.22465324	16	383
5.90705871	16	384
7.29012489	16	385
9.58037376	16	386
8.87441635	16	387
6.70433044	16	388
6.09755516	16	389
6.58082962	16	390
7.62557983	16	391
4.90903854	16	392
7.83610343	16	393
7.17687606	16	394
10.4055404	16	395
6.05773925	16	396
7.83681869	16	398
14.6205425	16	397
12.8922462	16	399
7.54308700	16	400
7.79151916	16	401
8.71801376	16	402
6.28161430	16	403
5.43308258	16	404
7.01618194	16	405
5.70178031	16	406
5.68723678	16	407
5.02014160	16	408
8.29434394	16	409
8.08191299	16	410
5.43332099	16	411
7.96580314	16	413
10.8704566	16	412
9.85670089	16	414
8.22877883	16	415
10.5113983	16	416
6.12807273	16	417
7.15351104	16	418
8.91375541	16	419
5.29313087	16	420
14.3530368	16	422
17.4007415	16	421
5.39970397	16	423
6.43992424	16	424
6.55603408	16	425
11.6252899	16	426
9.03654098	16	427
10.2148056	16	428
5.05447387	16	429
11.2662315	16	430
10.1642608	16	431
7.66134262	16	432
14.0848159	16	433
9.07278060	16	434
11.7349624	16	436
20.0884342	16	435
4.81319427	16	437
6.63471221	16	438
8.50224494	16	439
8.37707519	16	440
12.2890472	16	441
14.4574642	16	442
8.52370262	16	443
8.14127922	16	444
7.90905952	16	445
4.30703163	16	446
4.79412078	16	447
6.25681877	16	448
5.92017173	16	449
7.75671005	16	450
8.70847702	16	451
7.04550743	16	452
6.94203376	16	453
6.33478164	16	454
5.43665885	16	455
6.39152526	16	456
5.61809539	16	457
5.80668449	16	458
6.12831115	16	459
10.3869438	16	460
5.58280944	16	461
5.55348396	16	462
8.93330574	16	463
5.20300865	16	464
6.60181045	16	465
7.11512565	16	466
6.15310668	16	467
8.29958915	16	468
6.60991668	16	469
6.14023208	16	470
6.25610351	16	471
7.42340087	16	472
5.32388687	16	473
6.70623779	16	474
8.41379165	16	475
10.4043483	16	477
13.2064819	16	476
8.11767578	16	478
9.35411453	16	479
6.59680366	16	481
10.1237297	16	480
6.80184364	16	482
6.46543502	16	483
8.50772857	16	484
10.7271671	16	485
7.58242607	16	486
8.19444656	16	487
7.52949714	16	488
7.87115097	16	489
8.35394859	16	490
8.25691223	16	491
7.69424438	16	492
8.90135765	16	493
4.92644309	16	494
6.00481033	16	495
8.43000411	16	496
8.99028778	16	497
6.78467750	16	498
7.78150558	16	499
5.48648834	16	500
5.47742843	16	501
7.93600082	16	502
7.69758224	16	503
8.23116302	16	504
6.04653358	16	505
8.19897651	16	506
12.2404098	16	508
15.0988101	16	507
14.3749713	16	509
5.41210174	16	510
9.05632972	16	511
8.73231887	16	512
7.30752944	16	513
5.98216056	16	514
8.35847854	16	515
6.57391548	16	516
6.19864463	16	517
6.09707832	16	518
4.74977493	16	519
6.60943984	16	520
9.22107696	16	521
8.49890708	16	522
8.09764862	16	523
5.21516799	16	524
8.59451293	16	525
10.0362300	16	526
6.86049461	16	527
5.97500801	16	528
7.50374794	16	529
6.79135322	16	530
6.54077529	16	531
9.86671447	16	532
8.57973098	16	533
8.52942466	16	534
7.57002830	16	535
6.85477256	16	537
12.5606060	16	536
8.32939147	16	538
10.4496479	16	539
8.69584083	16	540
4.34303283	16	541
5.42402267	16	542
7.29823112	16	543
9.71484184	16	544
8.32915306	16	545
5.54466247	16	546
6.67548179	16	547
5.36561012	16	548
5.42783737	16	549
12.2663974	16	550
8.64839553	16	551
6.01863861	16	553
11.6546154	16	552
9.97662544	16	554
7.86948204	16	555
8.52274894	16	556
6.25777244	16	558
11.1088752	16	557
8.09144973	16	559
6.43157958	16	560
6.62088394	16	561
6.88767433	16	563
11.3525390	16	562
8.88729095	16	564
6.08110427	16	565
8.51202011	16	566
8.65530967	16	567
8.16249847	16	568
14.7733688	16	569
15.8133506	16	570
6.02984428	16	571
16.3094997	16	572
6.17122650	16	573
5.81550598	16	574
7.69615173	16	575
5.81860542	16	576
6.84261322	16	577
7.22742080	16	578
6.50167465	16	579
8.66055488	16	580
11.3627910	16	581
7.91025161	16	582
6.07323646	16	583
10.4639530	16	585
13.2074356	16	584
12.3424530	16	586
13.1945610	16	587
12.6330852	16	588
5.83505630	16	589
5.30505180	16	590
4.12178039	16	591
5.53464889	16	592
7.12919235	16	593
6.85548782	16	594
4.86254692	16	595
6.80947303	16	596
4.88018989	16	597
6.61468505	16	598
11.8222236	16	599
8.95094871	16	600
8.54659080	16	601
13.2930278	16	602
10.4091167	16	603
5.52511215	16	604
13.1366252	16	605
5.40757179	16	606
4.80890274	16	607
5.57112693	16	608
7.15613365	16	609
12.5048160	16	610
11.8184089	16	611
7.83514976	16	612
9.13619995	16	613
6.67309761	16	614
6.85501098	16	615
13.9179229	16	616
5.76615333	16	617
8.14938545	16	618
7.13276863	16	619
6.02889060	16	620
8.09907913	16	621
7.78985023	16	622
8.54420661	16	623
7.19761848	16	624
6.56628608	16	625
9.14001464	16	626
10.9970569	16	627
11.6150379	16	628
10.0920200	16	630
13.9596462	16	629
7.63559341	16	631
5.92637062	16	632
8.08572769	16	633
8.15105438	16	635
12.0470523	16	634
10.8230113	16	636
8.61048698	16	638
4.41765785	16	639
18.4693336	16	637
8.81385803	16	640
13.5836601	16	641
9.12308692	16	642
6.03580474	16	643
11.0454559	16	644
9.14216041	16	645
8.97455215	16	646
10.3487968	16	647
10.9362602	16	648
7.11178779	16	649
7.74908065	16	650
7.88402557	16	651
7.57145881	16	653
12.7992630	16	652
5.65409660	16	654
9.94968414	16	655
9.63234901	16	656
6.62899017	16	657
6.92987442	16	658
6.99543952	16	659
6.20675086	16	660
7.66038894	16	661
6.74366950	16	662
11.5377902	16	663
10.8206272	16	664
9.02915000	16	665
14.8928165	16	666
11.3224983	16	667
8.77380371	16	668
5.68413734	16	669
7.00068473	16	670
9.44519042	16	671
11.2857818	16	672
9.38796997	16	673
8.27383995	16	674
7.00163841	16	675
5.51795959	16	676
7.60483741	16	677
7.28726387	16	678
9.48548316	16	679
7.45534896	16	680
7.18593597	16	681
6.85167312	16	682
6.28662109	16	683
8.10432434	16	684
8.28599929	16	685
10.4715824	16	686
7.61556625	16	687
7.50803947	16	688
8.26954841	16	689
12.2420787	16	690
5.67173957	16	691
7.07054138	16	692
7.05623626	16	693
8.84079933	16	694
6.89291954	16	695
10.5860233	16	696
9.43589210	16	697
7.98225402	16	698
6.79731369	16	699
12.5372409	16	700
11.3217830	16	701
12.7327442	16	702
5.87201118	16	703
6.41417503	16	704
5.83100318	16	705
8.12077522	16	706
8.96573066	16	707
7.42864608	16	708
9.72390174	16	709
8.72206687	16	710
8.66889953	16	711
4.88948822	16	712
8.68463516	16	714
11.5640163	16	713
8.59785079	16	715
8.64982604	16	716
8.96406173	16	717
11.2009048	16	719
14.6520137	16	718
12.8321647	16	720
12.8211975	16	721
11.5103721	16	722
12.0315551	16	723
8.36324691	16	725
11.0430717	16	724
5.53226470	16	726
9.93824005	16	727
6.86740875	16	728
8.44001770	16	729
8.71253013	16	730
5.24568557	16	731
6.22749328	16	732
6.48140907	16	733
6.93321228	16	734
5.40852546	16	735
6.61635398	16	736
6.26945495	16	737
7.86828994	16	738
11.2037658	16	739
7.38000869	16	740
8.73351097	16	741
13.2908821	16	743
16.2622928	16	742
16.8406963	16	744
8.71157646	16	745
9.57775115	16	747
14.7960186	16	746
6.01243972	16	748
8.38088989	16	749
9.27662849	16	750
21.1782455	16	751
16.4227485	16	752
18.8679695	16	753
5.62930107	16	755
7.81846046	16	756
25.3753662	16	754
7.13133811	16	757
6.08634948	16	758
5.69701194	16	759
6.02173805	16	760
5.90229034	16	761
8.43143463	16	762
5.39708137	16	763
10.0014209	16	764
13.5076045	16	765
9.99116897	16	766
10.6682777	16	767
9.26780700	16	768
7.93004035	16	769
11.9571685	16	770
7.94887542	16	771
8.80694389	16	772
6.15000724	16	773
9.54794883	16	774
10.3511810	16	775
8.13388824	16	776
7.70616531	16	777
8.97169113	16	778
6.67572021	16	779
6.21104240	16	780
8.21065902	16	781
5.86223602	16	782
6.91795349	16	783
10.9910964	16	784
8.84866714	16	785
10.9159946	16	786
10.9798908	16	787
12.2210979	16	788
12.6023292	16	789
12.0282173	16	790
9.88769531	16	791
8.69750976	16	792
5.97238540	16	793
8.56018066	16	794
5.62882423	16	795
7.79676437	16	796
6.63852691	16	797
6.54721260	16	798
7.43103027	16	799
10.3735923	16	800
10.1721286	16	801
9.74535942	16	802
10.3921890	16	803
8.66436958	16	804
10.9114646	16	806
14.
24.1041183	16	749
11.8019580	16	751
8.85987281	16	752
9.42993164	16	753
11.4634037	16	754
10.2133750	16	755
8.23712348	16	756
7.54523277	16	757
8.43071937	16	758
7.05075263	16	759
5.22708892	16	760
11.2373828	16	761
7.8125	16	763
11.4281177	16	762
12.8467082	16	764
15.0978565	16	765
13.9112472	16	766
10.6625556	16	767
6.70409202	16	768
6.46591186	16	769
7.57122039	16	770
5.62047958	16	771
8.08858871	16	772
9.12666320	16	773
8.65244865	16	774
9.57393646	16	775
8.80599021	16	776
8.68201255	16	777
7.43603706	16	778
9.39726829	16	780
13.1666660	16	779
11.1770629	16	781
10.4050636	16	782
13.0066871	16	783
8.75473022	16	784
5.06448745	16	785
6.42967224	16	786
22.5329399	16	787
9.99474525	16	789
15.6996250	16	788
5.26475906	16	790
7.77101516	16	791
5.15389442	16	792
8.02397727	16	793
5.53107261	16	794
8.69417190	16	795
11.0149383	16	796
9.12809371	16	797
11.4698410	16	798
10.3306770	16	799
7.92241096	16	800
12.5150680	16	801
9.50026512	16	802
9.06014442	16	803
9.02128219	16	804
7.20405578	16	805
7.44080543	16	806
10.5080604	16	807
7.25531578	16	808
11.1923217	16	809
11.0521316	16	810
6.67190551	16	811
7.92813301	16	812
8.88705253	16	813
8.53204727	16	814
7.03597068	16	815
8.94904136	16	817
13.8781070	16	816
11.1093521	16	818
8.30912590	16	819
9.00650024	16	820
15.2420997	16	821
5.49006462	16	822
9.70697402	16	824
13.4196281	16	823
6.51383399	16	826
9.26017761	16	825
5.02991676	16	827
7.86566734	16	828
7.12466239	16	829
8.67819786	16	830
8.81719589	16	831
5.42187690	16	832
6.06536865	16	833
5.63192367	16	834
8.53776931	16	835
6.49356842	16	836
7.27128982	16	837
9.02032852	16	838
5.48601150	16	839
9.50098037	16	840
6.70480728	16	841
10.7738971	16	842
9.61136817	16	843
11.5377902	16	844
8.43238830	16	845
7.57551193	16	846
9.36555862	16	847
7.54046440	16	848
5.73539733	16	850
11.8949413	16	849
10.1699829	16	851
11.1424922	16	852
6.01768493	16	853
7.99417495	16	854
7.06362724	16	855
6.31546974	16	856
7.39908218	16	857
10.7481479	16	860
16.9553756	16	858
13.9770507	16	859
6.79755210	16	861
5.13577461	16	862
7.76767730	16	863
10.4241371	16	864
5.20467758	16	865
3.38912010	16	866
5.99932670	16	867
6.45232200	16	868
9.86337661	16	869
7.12800025	16	870
6.94251060	16	871
11.0116004	16	872
11.5871429	16	873
7.25460052	16	874
5.49745559	16	875
10.0870132	16	876
9.74273681	16	877
5.21802902	16	878
10.6067657	16	879
6.97851181	16	880
10.7405185	16	881
8.45408439	16	882
7.99655914	16	883
8.91876220	16	884
10.4184150	16	886
14.5432949	16	885
11.2638473	16	887
8.54015350	16	888
6.86049461	16	889
9.35292243	16	890
7.45439529	16	891
8.83507728	16	892
11.5516185	16	893
6.04724884	16	894
8.11290740	16	895
11.4886760	16	896
9.21654701	16	897
9.10568237	16	898
8.69417190	16	899
9.13357734	16	900
6.97660446	16	901
6.50882720	16	902
6.62446022	16	903
8.79573822	16	904
12.3472213	16	905
14.0686035	16	906
8.18729400	16	907
7.78794288	16	908
6.48498535	16	909
9.13381576	16	910
8.19277763	16	911
6.17313385	16	912
6.52074813	16	913
5.60545921	16	914
9.53221321	16	915
13.2887363	16	916
6.84881210	16	917
9.86242294	16	918
5.35273551	16	919
4.99987602	16	920
6.78491592	16	921
4.91404533	16	922
4.47487831	16	923
6.21438026	16	924
8.16988945	16	925
9.36460494	16	927
12.9587650	16	926
10.8797550	16	928
6.11376762	16	929
9.47976112	16	930
7.12323188	16	931
6.61349296	16	932
6.46591186	16	933
6.16502761	16	934
5.83839416	16	935
5.02657890	16	936
7.94339179	16	937
5.05805015	16	938
7.11321830	16	940
10.2367401	16	939
6.66260719	16	941
7.20191001	16	942
6.22987747	16	943
6.09850883	16	944
8.81958007	16	945
7.48062133	16	947
5.28335571	16	948
13.8173103	16	946
3.71503829	16	949
20.1256275	16	950
19.1242694	16	951
2.82740592	16	952
2.38418579	16	953
3.00717353	16	954
2.26831436	16	955
1.31535530	16	956
1.82819366	16	957
1.45101547	16	958
2.48813629	16	959
2.55203247	16	960
2.69460678	16	961
2.76589393	16	962
2.83670425	16	963
2.03514099	16	964
1.87444686	16	965
1.85394287	16	966
1.51276588	16	967
1.08599662	16	968
1.00946426	16	969
1.14297866	16	970
0.83827972	16	971
1.24907493	16	972
0.66375732	16	973
0.64921379	16	974
0.91338157	16	975
0.67305564	16	976
0.65517425	16	977
0.76842308	16	978
0.68759918	16	979
0.67138671	16	980
0.67329406	16	981
0.70405006	16	982
0.65422058	16	983
0.64444541	16	984
0.68449974	16	985
0.68855285	16	986
0.62870979	16	987
0.66447257	16	988
0.71001052	16	989
0.71287155	16	990
0.65732002	16	991
0.67877769	16	992
0.68736076	16	993
0.68807601	16	994
0.67305564	16	995
0.67830085	16	996
0.68545341	16	997
0.70500373	16	998
0.70405006	16	999
2.53415107	16	1000
avg:  8.292948961257935
std:  3.2330396442596125
p95:  13.914537429809567
p99:  17.778134346008297
com:  177.93294238436448
thg:  8896.647119218223
FCT:  5.6200947761535645
que:  7.664239168167114
los:  0.0
0 1000
**********************
****
