[2 2 1 2 5 3 1 2 1 4 2 1 4 1 2 2 3 3 2 2 4 2 2 4 5 3 0 2 5 2 0 0 2 3 1 2 3
 2 3 0 4 1 2 0 1 2 2 1 2 1 2 2 1 4 3 1 0 0 3 2 3 3 2 1 2 1 2 2 6 3 1 1 3 1
 3 4 2 2 0 3 3 2 0 2 1 2 1 1 0 1 5 3 3 1 8 1 2 3 2 1 1 8 0 4 1 2 1 1 0 1 1
 0 1 7 0 1 3 2 1 1 2 0 3 2 0 2 0 1 0 2 3 0 0 3 1 4 1 3 3 0 2 0 3 2 1 2 2 2
 2 1 1 3 3 1 4 0 2 4 3 1 2 2 1 1 4 0 1 0 3 1 2 1 2 2 4 3 4 1 1 1 0 3 0 1 1
 2 1 2 2 3 2 1 0 1 2 2 4 4 2 2 2 1 3 1 1 2 3 2 0 0 1 0 0 2 1 3 1 4 4 2 1 1
 4 3 4 1 5 0 1 1 1 1 2 3 1 1 3 2 2 1 3 4 2 3 1 6 3 3 1 4 3 2 1 0 0 2 2 2 2
 2 1 1 0 3 4 2 1 1 2 2 2 1 0 1 2 2 1 1 1 2 4 3 3 1 2 4 2 1 2 3 2 2 2 5 1 0
 4 3 0 3 3 1 2 1 4 3 3 1 3 0 2 0 1 2 0 5 3 7 2 2 2 1 2 3 2 0 2 2 1 3 3 4 1
 3 1 3 2 2 4 2 2 2 1 0 1 2 2 2 1 0 3 2 4 4 2 4 1 3 2 1 2 2 1 1 0 2 4 3 3 2
 5 1 2 0 3 4 2 2 2 4 3 2 1 0 2 2 2 6 1 2 1 0 4 2 1 3 0 6 5 1 4 4 0 2 0 2 3
 3 2 2 0 0 2 4 6 4 2 1 4 3 0 0 1 3 2 1 1 0 2 1 5 4 2 3 0 3 1 0 5 2 1 3 0 1
 0 0 0 0 4 0 1 1 0 4 1 2 1 3 2 3 5 1 2 2 4 3 1 0 1 2 0 3 2 0 0 5 4 2 1 2 3
 2 0 5 3 4 3 2 0 2 2 7 6 1 5 1 2 1 2 3 1 1 1 1 3 1 4 2 2 2 2 2 0 3 2 2 1 5
 1 4 2 3 2 1 0 2 1 2 2 5 2 4 2 0 2 3 2 2 1 1 1 2 2 1 5 4 5 2 5 1 2 0 0 1 3
 3 1 0 2 4 1 5 1 1 0 5 1 2 3 0 2 3 0 4 3 2 1 1 3 1 2 0 6 1 1 1 0 0 3 0 4 1
 2 3 0 1 3 1 1 3 1 2 1 2 0 1 1 2 2 1 1 2 1 2 0 3 1 6 1 2 5 1 2 0 2 3 2 2 1
 2 2 0 2 2 0 1 6 2 1 1 2 1 5 0 4 4 2 1 3 0 0 1 1 2 3 0 4 2 2 3 4 3 2 3 2 1
 1 2 1 2 1 0 2 1 2 5 3 2 1 2 2 2 4 0 2 3 0 1 2 2 2 1 5 4 1 1 2 4 0 2 1 0 2
 0 0 4 4 1 2 0 1 2 0 0 2 0 2 3 3 3 1 1 3 2 2 1 3 5 1 1 5 0 0 2 4 1 0 2 0 0
 2 4 2 1 0 3 2 4 3 2 0 0 2 1 2 2 0 0 3 1 1 0 1 3 1 3 0 1 2 1 3 2 5 2 3 0 2
 0 3 0 1 2 1 3 1 3 2 2 1 2 1 1 4 2 1 0 2 2 2 2 0 2 0 2 3 3 2 0 0 2 4 1 1 1
 3 2 2 2 5 3 1 2 1 1 0 1 0 1 1 3 4 3 2 2 1 4 6 3 2 2 2 2 3 1 1 0 2 4 3 2 1
 3 4 4 0 2 1 3 3 3 1 2 3 2 3 0 1 1 1 1 1 2 5 2 1 3 3 1 2 3 1 6 1 2 0 0 4 1
 4 2 0 1 2 3 4 2 4 2 2 3 0 1 1 1 1 4 3 3 0 3 2 5 2 2 1 3 4 0 1 2 3 2 2 0 5
 0 0 0 4 0 0 1 2 3 1 1 1 2 5 1 0 3 2 3 1 2 1 3 1 1 4 3 4 4 4 4 2 1 3 2 2 6
 2 0 2 2 4 4 0 0 2 3 4 0 1 0 3 4 1 3 3 2 0 2 1 0 3 2 2 2 2 2 2 0 2 0 1 2 3
 1]
1.72591209	16	1
4.11128997	16	2
3.33261489	16	3
5.74922561	16	4
4.53352928	16	5
3.58176231	16	6
4.86660003	16	7
5.73635101	16	8
8.12053680	16	9
6.55698776	16	10
7.60316848	16	11
6.56604766	16	12
9.05776023	16	13
6.21175765	16	14
4.57429885	16	15
6.61277770	16	16
5.46526908	16	17
6.28590583	16	18
8.29887390	16	19
11.0378265	16	20
9.43803787	16	21
8.50057601	16	22
9.45281982	16	23
5.93709945	16	24
7.68470764	16	25
4.61745262	16	26
10.4358196	16	27
9.67574119	16	29
12.0337009	16	28
15.2213573	16	30
9.98473167	16	31
10.3485584	16	33
17.0989036	16	32
8.26549530	16	34
5.43045997	16	35
7.43579864	16	36
12.1614933	16	37
9.36794281	16	38
7.81393051	16	39
12.6745700	16	40
9.10735130	16	41
12.9425525	16	42
8.17179679	16	43
6.81138038	16	44
11.6617679	16	45
9.22393798	16	46
14.7814750	16	47
14.3051147	16	48
9.10377502	16	49
10.1001262	16	50
7.81822204	16	51
12.9084587	16	52
6.47807121	16	53
5.45597076	16	54
12.2067928	16	56
16.8988704	16	55
5.39231300	16	57
7.16328620	16	58
4.35113906	16	59
7.72094726	16	60
9.54794883	16	61
9.40537452	16	62
10.4737281	16	63
8.74853134	16	64
9.69910621	16	65
6.05463981	16	66
8.19921493	16	67
6.60943984	16	68
5.48148155	16	69
6.69741630	16	70
9.57560539	16	71
7.44104385	16	72
10.2746486	16	73
6.65259361	16	74
8.22234153	16	75
7.76553153	16	76
11.7869377	16	77
14.1890048	16	78
16.7949199	16	79
10.1788043	16	80
11.4974975	16	81
13.2467746	16	82
8.28266143	16	83
11.6004943	16	84
11.0776424	16	85
5.75566291	16	86
8.40210914	16	87
10.4689598	16	88
12.6991271	16	89
12.7651691	16	91
15.8262252	16	90
7.29846954	16	92
10.0078582	16	93
12.8710269	16	94
11.4760398	16	96
16.3314342	16	95
12.7260684	16	97
15.4900550	16	98
12.8097534	16	99
8.30364227	16	100
8.94904136	16	101
11.1327171	16	102
8.90374183	16	103
14.5022869	16	104
8.66603851	16	105
7.88092613	16	106
16.5076255	16	107
14.2385959	16	108
10.9996795	16	110
18.3610916	16	109
10.3745460	16	111
13.8013362	16	112
7.14039802	16	113
10.8857154	16	114
10.8876228	16	115
6.38818740	16	116
7.12060928	16	117
6.41298294	16	118
8.32891464	16	119
8.86106491	16	120
10.3492736	16	121
9.37438011	16	122
7.85541534	16	123
9.87029075	16	124
14.0986442	16	125
4.99391555	16	126
5.82957267	16	127
8.69011878	16	128
8.44931602	16	129
5.64384460	16	130
6.99806213	16	131
7.18522071	16	132
7.70163536	16	134
12.5029087	16	133
9.44399833	16	135
10.1571083	16	136
5.90157508	16	137
7.50899314	16	138
8.64291191	16	139
8.39710235	16	140
13.0381584	16	141
11.8374824	16	142
10.7619762	16	145
18.7966823	16	144
24.1918563	16	143
12.3741626	16	146
11.4130973	16	147
8.04638862	16	148
5.12909889	16	149
13.7760639	16	151
15.9537792	16	150
8.26382637	16	152
6.19912147	16	153
8.83102416	16	154
6.16455078	16	155
7.04956054	16	156
8.88013839	16	157
7.43746757	16	158
8.08691978	16	160
14.1410827	16	159
10.5743408	16	161
10.7986927	16	162
7.62534141	16	163
11.6255283	16	164
11.0981464	16	165
6.22344017	16	166
10.3950500	16	167
9.52291488	16	168
6.54983520	16	169
6.69288635	16	170
10.7600688	16	171
9.77325439	16	172
11.0232830	16	173
8.75401496	16	174
10.3347301	16	175
11.4045143	16	176
6.32572174	16	177
8.75759124	16	178
7.12442398	16	179
9.03654098	16	181
12.6051902	16	180
6.60443305	16	182
6.44803047	16	183
4.45675849	16	184
9.91058349	16	186
12.2208595	16	185
7.98344612	16	187
4.80675697	16	188
6.78157806	16	189
10.4620456	16	190
6.50787353	16	191
11.7435455	16	193
16.8817043	16	192
11.9657516	16	194
12.3679637	16	195
13.9942169	16	196
11.7094516	16	197
12.0682716	16	198
9.98663902	16	199
9.59920883	16	201
11.9068622	16	200
13.6802196	16	202
9.34123992	16	203
6.31833076	16	204
7.47013092	16	206
12.2158527	16	205
8.69250297	16	207
7.17258453	16	208
8.43310356	16	210
10.6978416	16	209
5.78260421	16	211
9.62448120	16	212
9.45234298	16	213
5.61285018	16	214
6.58917427	16	215
9.26685333	16	216
11.3513469	16	218
11.0442638	16	219
15.5916213	16	217
14.8141384	16	220
7.98535346	16	221
9.50503349	16	222
7.53164291	16	223
4.94790077	16	224
7.27391242	16	225
10.1723670	16	226
7.35497474	16	227
5.88393211	16	228
4.40192222	16	229
6.78348541	16	230
6.76369667	16	231
9.48143005	16	233
12.0639801	16	232
8.34274291	16	234
8.79096984	16	235
9.65118408	16	236
8.08358192	16	237
7.40313529	16	239
9.56583023	16	238
8.39519500	16	241
16.1826610	16	240
8.82863998	16	242
5.97333908	16	243
8.27789306	16	244
9.39393043	16	245
8.29219818	16	246
6.88600540	16	247
7.05718994	16	248
10.6785297	16	249
9.66811180	16	250
8.03112983	16	251
11.9752883	16	252
13.9553546	16	253
12.0723247	16	254
17.1267986	16	255
8.00299644	16	256
14.7349834	16	257
17.9433822	16	258
6.51121139	16	259
7.68256187	16	260
11.6345882	16	261
9.54079627	16	262
8.54229927	16	264
18.4779167	16	263
8.63528251	16	265
15.5832767	16	266
10.6871128	16	267
11.1277103	16	269
14.7759914	16	268
10.8785629	16	270
8.28838348	16	271
9.13333892	16	272
8.91828536	16	273
7.76219367	16	274
6.79183006	16	275
8.02206993	16	276
6.86931610	16	277
8.38708877	16	278
9.93299484	16	279
12.1176242	16	280
16.1325931	16	281
8.26191902	16	282
5.57088851	16	283
8.56876373	16	284
8.08429718	16	285
15.6216621	16	286
9.63950157	16	287
7.16757774	16	288
6.75177574	16	291
12.7696990	16	289
8.94689559	16	290
6.18410110	16	292
13.6868953	16	294
15.8815383	16	293
5.42449951	16	295
5.59496879	16	296
6.49213790	16	297
9.13453102	16	298
12.8452777	16	299
18.4307098	16	301
20.6773281	16	300
16.5092945	16	302
6.69431686	16	303
8.34274291	16	304
7.31873512	16	305
7.10749626	16	306
9.46235656	16	307
15.3687000	16	308
13.4644508	16	309
11.6991996	16	310
13.0789279	16	311
8.99386405	16	312
9.68313217	16	313
14.8589611	16	314
12.6287937	16	315
11.0964775	16	316
13.7066841	16	317
8.16869735	16	318
6.19411468	16	319
7.16900825	16	320
18.9800262	16	322
23.2110023	16	321
16.2041187	16	323
23.7128734	16	324
10.3719234	16	325
14.7631168	16	326
9.49907302	16	327
13.5252475	16	328
7.78102874	16	329
6.55150413	16	330
10.7300281	16	331
6.55865669	16	332
5.96761703	16	333
6.08849525	16	334
7.27605819	16	335
6.02078437	16	337
8.17704200	16	336
5.01346588	16	338
7.44915008	16	339
5.16080856	16	340
5.46050071	16	341
8.62050056	16	342
8.05354118	16	344
13.1814479	16	343
9.34362411	16	346
16.9517993	16	345
8.66365432	16	347
7.55405426	16	348
5.79833984	16	349
10.7190608	16	350
12.3314857	16	351
10.9744071	16	352
14.3382549	16	353
10.6360912	16	355
13.7839317	16	354
5.65791130	16	356
7.16876983	16	357
9.16504859	16	359
13.2658481	16	358
8.01706314	16	360
5.75637817	16	361
9.79208946	16	362
8.25119018	16	363
12.1901035	16	364
8.95309448	16	365
8.67581367	16	366
16.7036056	16	367
9.00244712	16	369
21.6822624	16	368
10.5459690	16	370
8.30578804	16	372
10.6055736	16	371
8.44717025	16	373
6.80518150	16	374
8.98337364	16	375
5.24187088	16	376
8.93306732	16	377
7.81965255	16	378
8.81958007	16	379
7.79199600	16	380
7.17258453	16	381
8.73208045	16	382
8.34345817	16	383
8.75353813	16	384
8.97097587	16	385
8.18443298	16	386
8.37087631	16	387
12.3879909	16	388
12.7885341	16	389
13.1328105	16	390
11.6114616	16	391
8.43214988	16	392
9.64498519	16	393
9.20653343	16	394
6.43062591	16	395
9.71436500	16	396
8.53300094	16	397
8.86082649	16	398
6.50668144	16	399
6.98781013	16	400
7.25531578	16	401
6.61039352	16	402
8.93163681	16	403
11.4479064	16	404
9.97543334	16	405
11.2333297	16	406
11.8114948	16	407
10.7557773	16	409
15.9258842	16	408
5.47099113	16	410
9.58585739	16	411
8.37993621	16	412
8.71586799	16	413
12.7072334	16	414
17.4355506	16	415
6.56700134	16	416
9.91487503	16	417
13.3979320	16	418
10.9336376	16	419
14.4751071	16	420
10.1001262	16	422
19.2761421	16	421
11.3730430	16	423
11.9976997	16	424
11.6689205	16	426
15.9890651	16	425
7.60054588	16	428
13.7403011	16	427
12.1600627	16	429
9.39726829	16	430
11.0466480	16	431
8.96048545	16	432
17.0862674	16	433
13.3605003	16	434
6.42943382	16	436
14.1453742	16	435
5.17916679	16	437
7.32231140	16	438
6.21128082	16	439
9.57441329	16	440
6.59561157	16	443
11.3046169	16	442
13.6830806	16	441
7.77745246	16	444
8.17918777	16	445
12.0921134	16	446
6.10566139	16	447
13.1235122	16	448
15.6891345	16	450
21.1958885	16	449
19.2825794	16	451
8.09431076	16	452
10.3721618	16	453
7.93004035	16	455
12.7022266	16	454
12.7949714	16	456
9.59610939	16	458
15.6390666	16	457
6.47044181	16	459
9.20367240	16	460
5.88989257	16	461
11.2283229	16	462
10.3712081	16	463
6.31523132	16	464
8.81934165	16	465
8.33153724	16	466
15.5906677	16	467
14.1272544	16	468
5.87701797	16	469
6.18505477	16	470
6.04772567	16	471
10.0758075	16	472
10.3416442	16	474
12.5963687	16	473
7.37619400	16	475
7.93504714	16	476
8.14509391	16	478
11.3875865	16	477
6.09683990	16	479
6.59322738	16	480
9.19079780	16	481
6.62636756	16	482
7.71307945	16	483
4.94337081	16	484
7.21836090	16	485
12.9680633	16	486
7.73882865	16	488
16.3288116	16	487
7.69734382	16	490
14.4162178	16	489
16.3314342	16	491
11.0316276	16	493
13.5025978	16	492
8.11362266	16	496
11.4076137	16	495
18.3796882	16	494
9.83786582	16	497
6.01673126	16	499
8.85152816	16	498
12.4559402	16	500
7.06863403	16	501
8.57853889	16	502
5.61547279	16	503
13.6332511	16	504
6.78110122	16	505
8.86321067	16	507
14.5099163	16	506
7.66038894	16	508
5.99932670	16	509
11.1014842	16	511
14.4314765	16	510
5.91325759	16	512
6.12163543	16	513
7.33327865	16	514
11.0983848	16	515
8.54873657	16	516
12.8815174	16	517
10.7464790	16	518
7.48634338	16	519
6.18433952	16	520
5.95712661	16	521
7.16161727	16	522
7.67350196	16	523
9.32455062	16	524
8.27431678	16	525
8.57210159	16	526
7.30657577	16	527
7.37309455	16	528
8.87250900	16	529
6.31833076	16	530
15.1817798	16	531
11.9693279	16	532
8.08620452	16	533
8.99481773	16	534
10.5409622	16	535
9.40823554	16	536
6.54339790	16	537
4.31966781	16	538
6.78038597	16	539
14.1334533	16	540
11.4276409	16	541
9.93371009	16	542
5.05042076	16	543
7.80153274	16	544
8.40067863	16	545
9.59110260	16	546
9.56964492	16	547
10.9615325	16	550
20.8969116	16	548
16.4294242	16	549
9.78446006	16	552
12.1314525	16	551
9.40203666	16	553
6.18958473	16	554
8.38780403	16	555
6.76059722	16	556
5.39255142	16	557
7.26294517	16	558
5.55062294	16	559
10.0059509	16	560
14.3480300	16	561
8.56208801	16	562
6.29568099	16	563
6.44636154	16	564
6.14809989	16	565
8.03852081	16	566
5.02538681	16	567
9.02438163	16	568
10.5862617	16	569
13.4484767	16	570
11.8660926	16	571
12.8324031	16	572
18.9771652	16	573
18.3062553	16	575
24.4078636	16	574
9.97614860	16	576
7.69209861	16	577
6.22916221	16	578
9.99712944	16	579
5.12933731	16	580
7.95793533	16	581
11.5318298	16	583
14.2338275	16	582
12.9778385	16	584
7.03740119	16	585
17.5991058	16	586
12.7961635	16	587
9.46068763	16	588
12.9060745	16	589
9.11378860	16	590
7.27891921	16	591
6.87980651	16	592
7.65991210	16	593
6.84857368	16	595
11.4772319	16	594
9.47165489	16	596
7.71808624	16	598
10.3967189	16	597
5.68294525	16	600
8.48197937	16	599
9.23538208	16	601
6.00886344	16	603
9.96971130	16	602
10.0936889	16	604
8.09144973	16	605
9.05275344	16	607
10.0266933	16	608
15.0108337	16	606
9.45329666	16	611
15.0866508	16	610
17.3394680	16	609
15.8798694	16	612
8.44764709	16	613
11.5096569	16	614
12.7451419	16	615
7.30538368	16	616
7.09724426	16	617
8.40044021	16	618
11.3763809	16	619
5.63836097	16	620
8.73422622	16	621
12.7124786	16	622
12.6934051	16	623
11.1346244	16	624
7.64584541	16	625
6.99543952	16	627
9.69481468	16	626
9.53912734	16	628
13.8688087	16	629
7.87782669	16	630
5.43522834	16	631
6.08873367	16	632
6.61778450	16	633
8.86440277	16	634
7.71188735	16	635
9.84239578	16	636
9.94873046	16	637
7.11321830	16	638
6.01768493	16	639
8.25881958	16	640
6.60800933	16	641
10.5738639	16	642
5.34987449	16	643
6.48164749	16	644
6.15644454	16	645
6.81710243	16	646
6.63232803	16	647
11.9364261	16	648
13.0240917	16	649
9.21583175	16	650
10.7502937	16	651
6.71863555	16	652
9.30643081	16	653
11.3377571	16	654
10.6840133	16	655
7.11464881	16	656
8.85319709	16	657
5.70106506	16	658
16.1595344	16	659
8.20374488	16	660
9.08637046	16	661
10.3957653	16	662
7.92002677	16	663
8.75592231	16	664
12.6039981	16	665
12.6960277	16	666
13.3392810	16	667
8.08334350	16	668
6.73031806	16	669
5.68342208	16	670
10.7691287	16	671
4.52518463	16	672
5.53107261	16	673
5.59639930	16	674
8.13603401	16	675
5.06281852	16	676
5.03134727	16	677
10.2031230	16	678
7.89690017	16	679
8.63766670	16	680
9.28997993	16	681
8.55994224	16	682
12.1195316	16	683
9.44614410	16	684
12.1009349	16	685
9.85407829	16	686
6.66785240	16	687
7.91788101	16	690
13.5266780	16	689
15.9525871	16	688
10.2539062	16	691
7.64274597	16	692
10.5054378	16	693
10.0069046	16	695
8.83150100	16	696
13.9951705	16	694
11.0039710	16	697
12.1691226	16	699
16.0157680	16	698
6.72817230	16	700
7.89833068	16	701
17.5113677	16	702
15.2547359	16	703
12.1262073	16	704
10.9863281	16	705
10.0793838	16	706
11.0259056	16	707
7.13348388	16	708
6.66785240	16	709
18.7156200	16	710
9.63997840	16	711
10.0193023	16	712
20.3280448	16	713
18.1610584	16	714
6.04104995	16	715
7.60030746	16	717
15.6056880	16	716
7.56454467	16	718
11.0130310	16	719
13.2963657	16	720
11.9605064	16	721
17.8954601	16	722
6.33025169	16	723
7.17401504	16	724
5.60212135	16	725
11.7430686	16	726
10.2362632	16	727
7.50970840	16	728
9.72962379	16	729
13.2184028	16	730
11.4257335	16	731
17.1537399	16	732
8.63671302	16	733
7.08174705	16	735
9.33361053	16	734
10.7536315	16	736
6.59251213	16	738
10.9236240	16	737
7.47299194	16	739
8.09454917	16	740
13.7565135	16	741
10.6384754	16	742
9.18626785	16	743
8.33559036	16	745
11.7461681	16	744
7.72905349	16	746
11.2125873	16	747
8.22472572	16	748
6.32333755	16	749
8.51154327	16	750
7.58624076	16	751
8.64171981	16	752
10.0965499	16	753
8.27479362	16	754
7.80177116	16	755
9.39297676	16	757
11.5501880	16	756
20.3747749	16	758
18.2716846	16	759
12.6988887	16	760
15.2611732	16	761
7.26294517	16	762
7.75909423	16	763
7.86495208	16	764
7.13539123	16	765
10.0150108	16	766
11.1372470	16	767
7.97462463	16	768
16.1468982	16	769
12.5484466	16	771
20.2600955	16	770
6.65640830	16	772
9.21654701	16	774
13.7174129	16	773
6.49046897	16	775
7.42554664	16	776
8.94355773	16	777
7.47013092	16	778
10.6611251	16	779
13.4267807	16	780
15.4755115	16	781
15.8808231	16	783
18.1756019	16	782
13.9555931	16	784
9.29713249	16	785
14.6617889	16	787
12.5122070	16	788
17.3697471	16	786
6.17671012	16	789
8.17084312	16	790
10.9910964	16	791
7.11178779	16	792
10.0216865	16	793
11.9450092	16	794
14.6319866	16	795
12.8602981	16	796
13.3283138	16	797
11.7526054	16	798
9.77873802	16	799
8.94618034	16	800
12.8347873	16	801
7.20024108	16	802
9.53698158	16	804
12.2046470	16	803
11.9767189	16	8
1
10.3011131	16	806
11.7440223	16	807
9.58418846	16	808
6.36386871	16	809
5.98239898	16	810
7.14659690	16	811
5.64265251	16	812
6.58082962	16	813
9.25278663	16	814
8.72921943	16	815
10.7748508	16	817
16.5941715	16	816
13.7720108	16	818
19.6371078	16	819
17.8182125	16	820
11.6293430	16	821
14.1072273	16	822
12.8448009	16	823
11.0104084	16	824
8.36420059	16	825
8.22591781	16	827
10.5323791	16	826
9.87410545	16	828
11.8446350	16	829
17.0819759	16	830
19.4442272	16	831
12.7093791	16	832
9.01889801	16	834
15.9306526	16	833
15.3708457	16	837
27.2660255	16	835
20.3413963	16	836
16.0074234	16	838
9.80448722	16	839
7.99322128	16	840
6.39462471	16	841
8.67247581	16	843
10.8139514	16	845
13.2448673	16	844
23.4835147	16	842
7.23624229	16	846
11.2051963	16	847
6.13427162	16	848
4.93097305	16	849
4.52160835	16	850
8.36062431	16	851
8.58473777	16	852
9.32717323	16	853
6.78753852	16	854
10.9987258	16	855
14.0922069	16	856
5.52058219	16	857
6.66546821	16	858
8.47101211	16	859
9.78922843	16	860
10.8265876	16	861
6.78372383	16	862
7.25436210	16	863
14.8463249	16	864
10.5099678	16	865
9.31620597	16	866
6.36792182	16	867
10.7572078	16	868
10.6444358	16	869
8.42618942	16	870
7.87734985	16	871
9.59801673	16	872
5.80096244	16	873
9.84621047	16	874
8.81910324	16	875
6.69884681	16	876
6.93130493	16	877
11.7161273	16	878
11.0249519	16	879
8.93044471	16	880
8.96620750	16	881
7.91478157	16	882
6.15167617	16	883
11.9154453	16	885
14.3096446	16	884
7.35139846	16	886
6.05821609	16	887
8.43238830	16	888
8.03542137	16	889
10.3089809	16	890
11.4254951	16	891
8.72969627	16	892
6.42442703	16	893
8.20636749	16	894
8.97026062	16	895
7.42673873	16	896
9.46784019	16	897
12.5224590	16	899
21.0561752	16	898
12.8943920	16	900
11.1832618	16	901
13.8077735	16	902
7.24291801	16	903
5.45668601	16	904
7.62939453	16	905
6.61253929	16	906
6.80851936	16	907
7.29417800	16	908
11.3668441	16	909
12.7766132	16	910
7.89046287	16	911
5.32341003	16	912
6.66427612	16	913
6.44588470	16	914
8.22424888	16	915
11.0187530	16	916
19.6616649	16	917
12.8269195	16	918
9.86695289	16	919
7.13682174	16	920
7.52878189	16	921
14.9958133	16	922
14.8348808	16	923
9.89198684	16	924
14.0683650	16	925
12.4349594	16	926
10.9405517	16	928
13.6253833	16	927
14.8084163	16	929
8.13627243	16	930
9.86123085	16	931
9.32788848	16	932
13.0167007	16	933
9.84644889	16	934
8.61215591	16	935
10.4382038	16	936
13.1394863	16	940
24.7421264	16	937
16.6089534	16	939
8.08477401	16	941
28.7089347	16	938
10.8292102	16	942
6.52074813	16	943
9.01341438	16	944
6.50453567	16	945
6.35790824	16	946
8.52370262	16	947
7.19189643	16	948
11.8296146	16	949
6.96659088	16	950
6.80160522	16	951
7.28058815	16	952
8.10074806	16	953
7.63416290	16	954
5.91039657	16	955
5.96451759	16	956
10.6182098	16	957
13.8480663	16	958
12.1400356	16	959
5.89084625	16	961
13.7472152	16	960
7.90381431	16	962
11.2955570	16	963
9.70172882	16	964
12.0837688	16	965
11.3914012	16	966
14.1534805	16	967
10.6825828	16	968
11.1904144	16	969
15.5277252	16	970
7.78532028	16	972
16.3176059	16	971
11.3461017	16	973
14.1043663	16	974
9.17172431	16	975
5.92875480	16	976
7.89237022	16	977
11.1651420	16	978
24.0719318	16	979
4.15468215	16	980
5.49268722	16	982
7.79843330	16	981
7.70783424	16	983
9.39154624	16	984
8.34035873	16	985
8.83269309	16	986
7.14063644	16	987
8.88538360	16	988
7.58028030	16	989
7.72714614	16	990
6.49142265	16	991
6.89649581	16	992
7.17568397	16	993
7.45224952	16	994
9.20486450	16	995
8.21828842	16	996
8.92090797	16	997
20.8637714	16	998
18.6867713	16	999
28.3801555	16	1000
avg:  10.02826976776123
std:  3.502069390664461
p95:  16.51535034179687
p99:  21.05703115463257
com:  179.51929979364908
thg:  8975.964989682454
FCT:  5.570431709289551
que:  8.768704414367676
los:  0.0
0 1000
**********************
**
